[0.062s] Invoking command in '/home/hero/Desktop/birdiebot_nav_ws/build/point_lio': AMENT_PREFIX_PATH=/home/hero/Desktop/birdiebot_nav_ws/install/livox_ros_driver2:${AMENT_PREFIX_PATH} CMAKE_PREFIX_PATH=/home/hero/Desktop/birdiebot_nav_ws/install/livox_ros_driver2:/opt/ros/humble LD_LIBRARY_PATH=/home/hero/Desktop/birdiebot_nav_ws/install/livox_ros_driver2/lib:/opt/intel/openvino_2023.3.0/runtime/lib/intel64:/opt/MVS/lib/64:/opt/MVS/lib/32:/opt/intel/openvino_2023.3.0/runtime/lib/intel64:/opt/MVS/lib/64:/opt/MVS/lib/32:/usr/lib/x86_64-linux-gnu/gazebo-11/plugins:/opt/ros/humble/opt/rviz_ogre_vendor/lib:/opt/ros/humble/lib/x86_64-linux-gnu:/opt/ros/humble/opt/openvdb_vendor/lib:/opt/ros/humble/lib:/opt/MVS/lib/64:/opt/MVS/lib/32:/opt/MVS/lib/64:/opt/MVS/lib/32 PYTHONPATH=/home/hero/Desktop/birdiebot_nav_ws/install/livox_ros_driver2/local/lib/python3.10/dist-packages:${PYTHONPATH} /usr/bin/cmake --build /home/hero/Desktop/birdiebot_nav_ws/build/point_lio -- -j8 -l8
[0.127s] -- Found ament_cmake: 1.3.12 (/opt/ros/humble/share/ament_cmake/cmake)
[0.376s] -- Override CMake install command with custom implementation using symlinks instead of copying resources
[0.392s] -- Found rclcpp: 16.0.14 (/opt/ros/humble/share/rclcpp/cmake)
[0.447s] -- Found rosidl_generator_c: 3.1.7 (/opt/ros/humble/share/rosidl_generator_c/cmake)
[0.447s] -- Found rosidl_adapter: 3.1.7 (/opt/ros/humble/share/rosidl_adapter/cmake)
[0.460s] -- Found rosidl_generator_cpp: 3.1.7 (/opt/ros/humble/share/rosidl_generator_cpp/cmake)
[0.490s] -- Using all available rosidl_typesupport_c: rosidl_typesupport_fastrtps_c;rosidl_typesupport_introspection_c
[0.511s] -- Using all available rosidl_typesupport_cpp: rosidl_typesupport_fastrtps_cpp;rosidl_typesupport_introspection_cpp
[0.546s] -- Found rmw_implementation_cmake: 6.1.2 (/opt/ros/humble/share/rmw_implementation_cmake/cmake)
[0.547s] -- Found rmw_fastrtps_cpp: 6.2.8 (/opt/ros/humble/share/rmw_fastrtps_cpp/cmake)
[0.646s] -- Using RMW implementation 'rmw_fastrtps_cpp' as default
[0.752s] -- Found rclpy: 3.3.17 (/opt/ros/humble/share/rclpy/cmake)
[0.752s] -- Found geometry_msgs: 4.9.0 (/opt/ros/humble/share/geometry_msgs/cmake)
[0.768s] -- Found nav_msgs: 4.9.0 (/opt/ros/humble/share/nav_msgs/cmake)
[0.804s] -- Found sensor_msgs: 4.9.0 (/opt/ros/humble/share/sensor_msgs/cmake)
[0.821s] -- Found visualization_msgs: 4.9.0 (/opt/ros/humble/share/visualization_msgs/cmake)
[0.840s] -- Found pcl_ros: 2.4.5 (/opt/ros/humble/share/pcl_ros/cmake)
[0.910s] -- Eigen found (include: /usr/include/eigen3, version: 3.4.0)
[0.941s] -- FLANN found (include: /usr/include, lib: /usr/lib/x86_64-linux-gnu/libflann_cpp.so)
[1.544s] -- OpenNI found (version: 1.5.4.0, include: /usr/include/ni, lib: /usr/lib/libOpenNI.so;libusb::libusb)
[1.564s] -- OpenNI2 found (version: 2.2.0.33, include: /usr/include/openni2, lib: /usr/lib/x86_64-linux-gnu/libOpenNI2.so;libusb::libusb)
[1.854s] -- Eigen found (include: /usr/include/eigen3, version: 3.4.0)
[1.874s] -- OpenNI found (version: 1.5.4.0, include: /usr/include/ni, lib: /usr/lib/libOpenNI.so;libusb::libusb)
[1.890s] -- OpenNI2 found (version: 2.2.0.33, include: /usr/include/openni2, lib: /usr/lib/x86_64-linux-gnu/libOpenNI2.so;libusb::libusb)
[2.159s] -- Found Qhull version 8.0.2
[2.405s] -- OpenNI found (version: 1.5.4.0, include: /usr/include/ni, lib: /usr/lib/libOpenNI.so;libusb::libusb)
[2.729s] -- Found eigen3_cmake_module: 0.1.1 (/opt/ros/humble/share/eigen3_cmake_module/cmake)
[2.731s] -- Ensuring Eigen3 include directory is part of orocos-kdl CMake target
[2.810s] -- Found livox_ros_driver2: 1.0.0 (/home/hero/Desktop/birdiebot_nav_ws/install/livox_ros_driver2/share/livox_ros_driver2/cmake)
[2.993s] -- Configuring done
[3.091s] -- Generating done
[3.098s] -- Build files have been written to: /home/hero/Desktop/birdiebot_nav_ws/build/point_lio
[3.251s] [35m[1mConsolidate compiler generated dependencies of target pointlio_mapping[0m
[3.419s] [ 14%] [32mBuilding CXX object CMakeFiles/pointlio_mapping.dir/src/laserMapping.cpp.o[0m
[63.215s] [ 28%] [32mBuilding CXX object CMakeFiles/pointlio_mapping.dir/src/IMU_Processing.cpp.o[0m
[69.888s] [ 57%] [32mBuilding CXX object CMakeFiles/pointlio_mapping.dir/src/Estimator.cpp.o[0m
[69.888s] [ 57%] [32mBuilding CXX object CMakeFiles/pointlio_mapping.dir/src/preprocess.cpp.o[0m
[74.711s] [ 71%] [32mBuilding CXX object CMakeFiles/pointlio_mapping.dir/src/parameters.cpp.o[0m
[82.575s] [ 85%] [32mBuilding CXX object CMakeFiles/pointlio_mapping.dir/src/li_initialization.cpp.o[0m
[89.817s] [100%] [32m[1mLinking CXX executable pointlio_mapping[0m
[90.462s] [100%] Built target pointlio_mapping
[90.470s] Invoked command in '/home/hero/Desktop/birdiebot_nav_ws/build/point_lio' returned '0': AMENT_PREFIX_PATH=/home/hero/Desktop/birdiebot_nav_ws/install/livox_ros_driver2:${AMENT_PREFIX_PATH} CMAKE_PREFIX_PATH=/home/hero/Desktop/birdiebot_nav_ws/install/livox_ros_driver2:/opt/ros/humble LD_LIBRARY_PATH=/home/hero/Desktop/birdiebot_nav_ws/install/livox_ros_driver2/lib:/opt/intel/openvino_2023.3.0/runtime/lib/intel64:/opt/MVS/lib/64:/opt/MVS/lib/32:/opt/intel/openvino_2023.3.0/runtime/lib/intel64:/opt/MVS/lib/64:/opt/MVS/lib/32:/usr/lib/x86_64-linux-gnu/gazebo-11/plugins:/opt/ros/humble/opt/rviz_ogre_vendor/lib:/opt/ros/humble/lib/x86_64-linux-gnu:/opt/ros/humble/opt/openvdb_vendor/lib:/opt/ros/humble/lib:/opt/MVS/lib/64:/opt/MVS/lib/32:/opt/MVS/lib/64:/opt/MVS/lib/32 PYTHONPATH=/home/hero/Desktop/birdiebot_nav_ws/install/livox_ros_driver2/local/lib/python3.10/dist-packages:${PYTHONPATH} /usr/bin/cmake --build /home/hero/Desktop/birdiebot_nav_ws/build/point_lio -- -j8 -l8
[90.492s] Invoking command in '/home/hero/Desktop/birdiebot_nav_ws/build/point_lio': AMENT_PREFIX_PATH=/home/hero/Desktop/birdiebot_nav_ws/install/livox_ros_driver2:${AMENT_PREFIX_PATH} CMAKE_PREFIX_PATH=/home/hero/Desktop/birdiebot_nav_ws/install/livox_ros_driver2:/opt/ros/humble LD_LIBRARY_PATH=/home/hero/Desktop/birdiebot_nav_ws/install/livox_ros_driver2/lib:/opt/intel/openvino_2023.3.0/runtime/lib/intel64:/opt/MVS/lib/64:/opt/MVS/lib/32:/opt/intel/openvino_2023.3.0/runtime/lib/intel64:/opt/MVS/lib/64:/opt/MVS/lib/32:/usr/lib/x86_64-linux-gnu/gazebo-11/plugins:/opt/ros/humble/opt/rviz_ogre_vendor/lib:/opt/ros/humble/lib/x86_64-linux-gnu:/opt/ros/humble/opt/openvdb_vendor/lib:/opt/ros/humble/lib:/opt/MVS/lib/64:/opt/MVS/lib/32:/opt/MVS/lib/64:/opt/MVS/lib/32 PYTHONPATH=/home/hero/Desktop/birdiebot_nav_ws/install/livox_ros_driver2/local/lib/python3.10/dist-packages:${PYTHONPATH} /usr/bin/cmake --install /home/hero/Desktop/birdiebot_nav_ws/build/point_lio
[90.497s] -- Install configuration: "Release"
[90.497s] -- Execute custom install script
[90.497s] -- Up-to-date symlink: /home/hero/Desktop/birdiebot_nav_ws/install/point_lio/lib/point_lio/pointlio_mapping
[90.498s] -- Up-to-date symlink: /home/hero/Desktop/birdiebot_nav_ws/install/point_lio/share/point_lio/config/avia.yaml
[90.498s] -- Up-to-date symlink: /home/hero/Desktop/birdiebot_nav_ws/install/point_lio/share/point_lio/config/horizon.yaml
[90.498s] -- Up-to-date symlink: /home/hero/Desktop/birdiebot_nav_ws/install/point_lio/share/point_lio/config/mid360.yaml
[90.498s] -- Up-to-date symlink: /home/hero/Desktop/birdiebot_nav_ws/install/point_lio/share/point_lio/config/ouster64.yaml
[90.498s] -- Up-to-date symlink: /home/hero/Desktop/birdiebot_nav_ws/install/point_lio/share/point_lio/config/velody16.yaml
[90.498s] -- Up-to-date symlink: /home/hero/Desktop/birdiebot_nav_ws/install/point_lio/share/point_lio/launch/gdb_debug_example.launch.py
[90.499s] -- Up-to-date symlink: /home/hero/Desktop/birdiebot_nav_ws/install/point_lio/share/point_lio/launch/mapping_avia.launch.py
[90.499s] -- Up-to-date symlink: /home/hero/Desktop/birdiebot_nav_ws/install/point_lio/share/point_lio/launch/mapping_horizon.launch.py
[90.499s] -- Up-to-date symlink: /home/hero/Desktop/birdiebot_nav_ws/install/point_lio/share/point_lio/launch/mapping_mid360.launch.py
[90.499s] -- Up-to-date symlink: /home/hero/Desktop/birdiebot_nav_ws/install/point_lio/share/point_lio/launch/mapping_ouster64.launch.py
[90.499s] -- Up-to-date symlink: /home/hero/Desktop/birdiebot_nav_ws/install/point_lio/share/point_lio/launch/mapping_velody16.launch.py
[90.499s] -- Up-to-date symlink: /home/hero/Desktop/birdiebot_nav_ws/install/point_lio/share/point_lio/rviz_cfg/.gitignore
[90.499s] -- Up-to-date symlink: /home/hero/Desktop/birdiebot_nav_ws/install/point_lio/share/point_lio/rviz_cfg/loam_livox.rviz
[90.499s] -- Up-to-date symlink: /home/hero/Desktop/birdiebot_nav_ws/install/point_lio/share/ament_index/resource_index/package_run_dependencies/point_lio
[90.500s] -- Up-to-date symlink: /home/hero/Desktop/birdiebot_nav_ws/install/point_lio/share/ament_index/resource_index/parent_prefix_path/point_lio
[90.500s] -- Up-to-date symlink: /home/hero/Desktop/birdiebot_nav_ws/install/point_lio/share/point_lio/environment/ament_prefix_path.sh
[90.500s] -- Up-to-date symlink: /home/hero/Desktop/birdiebot_nav_ws/install/point_lio/share/point_lio/environment/ament_prefix_path.dsv
[90.500s] -- Up-to-date symlink: /home/hero/Desktop/birdiebot_nav_ws/install/point_lio/share/point_lio/environment/path.sh
[90.500s] -- Up-to-date symlink: /home/hero/Desktop/birdiebot_nav_ws/install/point_lio/share/point_lio/environment/path.dsv
[90.500s] -- Up-to-date symlink: /home/hero/Desktop/birdiebot_nav_ws/install/point_lio/share/point_lio/local_setup.bash
[90.500s] -- Up-to-date symlink: /home/hero/Desktop/birdiebot_nav_ws/install/point_lio/share/point_lio/local_setup.sh
[90.500s] -- Up-to-date symlink: /home/hero/Desktop/birdiebot_nav_ws/install/point_lio/share/point_lio/local_setup.zsh
[90.500s] -- Up-to-date symlink: /home/hero/Desktop/birdiebot_nav_ws/install/point_lio/share/point_lio/local_setup.dsv
[90.501s] -- Symlinking: /home/hero/Desktop/birdiebot_nav_ws/install/point_lio/share/point_lio/package.dsv
[90.506s] -- Up-to-date symlink: /home/hero/Desktop/birdiebot_nav_ws/install/point_lio/share/ament_index/resource_index/packages/point_lio
[90.506s] -- Up-to-date symlink: /home/hero/Desktop/birdiebot_nav_ws/install/point_lio/share/point_lio/cmake/ament_cmake_export_dependencies-extras.cmake
[90.506s] -- Up-to-date symlink: /home/hero/Desktop/birdiebot_nav_ws/install/point_lio/share/point_lio/cmake/point_lioConfig.cmake
[90.506s] -- Up-to-date symlink: /home/hero/Desktop/birdiebot_nav_ws/install/point_lio/share/point_lio/cmake/point_lioConfig-version.cmake
[90.506s] -- Up-to-date symlink: /home/hero/Desktop/birdiebot_nav_ws/install/point_lio/share/point_lio/package.xml
[90.509s] Invoked command in '/home/hero/Desktop/birdiebot_nav_ws/build/point_lio' returned '0': AMENT_PREFIX_PATH=/home/hero/Desktop/birdiebot_nav_ws/install/livox_ros_driver2:${AMENT_PREFIX_PATH} CMAKE_PREFIX_PATH=/home/hero/Desktop/birdiebot_nav_ws/install/livox_ros_driver2:/opt/ros/humble LD_LIBRARY_PATH=/home/hero/Desktop/birdiebot_nav_ws/install/livox_ros_driver2/lib:/opt/intel/openvino_2023.3.0/runtime/lib/intel64:/opt/MVS/lib/64:/opt/MVS/lib/32:/opt/intel/openvino_2023.3.0/runtime/lib/intel64:/opt/MVS/lib/64:/opt/MVS/lib/32:/usr/lib/x86_64-linux-gnu/gazebo-11/plugins:/opt/ros/humble/opt/rviz_ogre_vendor/lib:/opt/ros/humble/lib/x86_64-linux-gnu:/opt/ros/humble/opt/openvdb_vendor/lib:/opt/ros/humble/lib:/opt/MVS/lib/64:/opt/MVS/lib/32:/opt/MVS/lib/64:/opt/MVS/lib/32 PYTHONPATH=/home/hero/Desktop/birdiebot_nav_ws/install/livox_ros_driver2/local/lib/python3.10/dist-packages:${PYTHONPATH} /usr/bin/cmake --install /home/hero/Desktop/birdiebot_nav_ws/build/point_lio
