-- Found ament_cmake_auto: 1.3.12 (/opt/ros/humble/share/ament_cmake_auto/cmake)
-- Override CMake install command with custom implementation using symlinks instead of copying resources
-- Found rosidl_generator_c: 3.1.7 (/opt/ros/humble/share/rosidl_generator_c/cmake)
-- Found rosidl_adapter: 3.1.7 (/opt/ros/humble/share/rosidl_adapter/cmake)
-- Found rosidl_generator_cpp: 3.1.7 (/opt/ros/humble/share/rosidl_generator_cpp/cmake)
-- Using all available rosidl_typesupport_c: rosidl_typesupport_fastrtps_c;rosidl_typesupport_introspection_c
-- Using all available rosidl_typesupport_cpp: rosidl_typesupport_fastrtps_cpp;rosidl_typesupport_introspection_cpp
-- Found rmw_implementation_cmake: 6.1.2 (/opt/ros/humble/share/rmw_implementation_cmake/cmake)
-- Found rmw_fastrtps_cpp: 6.2.8 (/opt/ros/humble/share/rmw_fastrtps_cpp/cmake)
-- Using RMW implementation 'rmw_fastrtps_cpp' as default
-- Found eigen3_cmake_module: 0.1.1 (/opt/ros/humble/share/eigen3_cmake_module/cmake)
-- Ensuring Eigen3 include directory is part of orocos-kdl CMake target
-- Found ament_lint_auto: 0.12.14 (/opt/ros/humble/share/ament_lint_auto/cmake)
-- Added test 'cppcheck' to perform static code analysis on C / C++ code
-- Configured cppcheck include dirs: 
-- Configured cppcheck exclude dirs and/or files: 
-- Added test 'flake8' to check Python code syntax and style conventions
-- Added test 'lint_cmake' to check CMake code style
-- Added test 'pep257' to check Python code against some of the docstring style conventions in PEP 257
-- Added test 'uncrustify' to check C / C++ code style
-- Configured uncrustify additional arguments: 
-- Added test 'xmllint' to check XML markup files
-- Configuring done
-- Generating done
-- Build files have been written to: /home/hero/Desktop/birdiebot_nav_ws/build/fake_baselink
[35m[1mConsolidate compiler generated dependencies of target fake_baselink[0m
[35m[1mConsolidate compiler generated dependencies of target fake_baselink_node[0m
[ 25%] [32mBuilding CXX object CMakeFiles/fake_baselink_node.dir/rclcpp_components/node_main_fake_baselink_node.cpp.o[0m
[ 75%] Built target fake_baselink
[100%] [32m[1mLinking CXX executable fake_baselink_node[0m
[100%] Built target fake_baselink_node
-- Install configuration: ""
-- Execute custom install script
-- Up-to-date symlink: /home/hero/Desktop/birdiebot_nav_ws/install/fake_baselink/lib/fake_baselink/fake_baselink_node
-- Up-to-date symlink: /home/hero/Desktop/birdiebot_nav_ws/install/fake_baselink/share/fake_baselink/environment/library_path.sh
-- Up-to-date symlink: /home/hero/Desktop/birdiebot_nav_ws/install/fake_baselink/share/fake_baselink/environment/library_path.dsv
-- Up-to-date symlink: /home/hero/Desktop/birdiebot_nav_ws/install/fake_baselink/lib/libfake_baselink.so
-- Up-to-date symlink: /home/hero/Desktop/birdiebot_nav_ws/install/fake_baselink/share/fake_baselink/launch/fake_baselink.launch.py
-- Up-to-date symlink: /home/hero/Desktop/birdiebot_nav_ws/install/fake_baselink/share/ament_index/resource_index/package_run_dependencies/fake_baselink
-- Up-to-date symlink: /home/hero/Desktop/birdiebot_nav_ws/install/fake_baselink/share/ament_index/resource_index/parent_prefix_path/fake_baselink
-- Up-to-date symlink: /home/hero/Desktop/birdiebot_nav_ws/install/fake_baselink/share/fake_baselink/environment/ament_prefix_path.sh
-- Up-to-date symlink: /home/hero/Desktop/birdiebot_nav_ws/install/fake_baselink/share/fake_baselink/environment/ament_prefix_path.dsv
-- Up-to-date symlink: /home/hero/Desktop/birdiebot_nav_ws/install/fake_baselink/share/fake_baselink/environment/path.sh
-- Up-to-date symlink: /home/hero/Desktop/birdiebot_nav_ws/install/fake_baselink/share/fake_baselink/environment/path.dsv
-- Up-to-date symlink: /home/hero/Desktop/birdiebot_nav_ws/install/fake_baselink/share/fake_baselink/local_setup.bash
-- Up-to-date symlink: /home/hero/Desktop/birdiebot_nav_ws/install/fake_baselink/share/fake_baselink/local_setup.sh
-- Up-to-date symlink: /home/hero/Desktop/birdiebot_nav_ws/install/fake_baselink/share/fake_baselink/local_setup.zsh
-- Up-to-date symlink: /home/hero/Desktop/birdiebot_nav_ws/install/fake_baselink/share/fake_baselink/local_setup.dsv
-- Symlinking: /home/hero/Desktop/birdiebot_nav_ws/install/fake_baselink/share/fake_baselink/package.dsv
-- Up-to-date symlink: /home/hero/Desktop/birdiebot_nav_ws/install/fake_baselink/share/ament_index/resource_index/packages/fake_baselink
-- Up-to-date symlink: /home/hero/Desktop/birdiebot_nav_ws/install/fake_baselink/share/ament_index/resource_index/rclcpp_components/fake_baselink
-- Up-to-date symlink: /home/hero/Desktop/birdiebot_nav_ws/install/fake_baselink/share/fake_baselink/cmake/ament_cmake_export_dependencies-extras.cmake
-- Up-to-date symlink: /home/hero/Desktop/birdiebot_nav_ws/install/fake_baselink/share/fake_baselink/cmake/ament_cmake_export_libraries-extras.cmake
-- Up-to-date symlink: /home/hero/Desktop/birdiebot_nav_ws/install/fake_baselink/share/fake_baselink/cmake/fake_baselinkConfig.cmake
-- Up-to-date symlink: /home/hero/Desktop/birdiebot_nav_ws/install/fake_baselink/share/fake_baselink/cmake/fake_baselinkConfig-version.cmake
-- Up-to-date symlink: /home/hero/Desktop/birdiebot_nav_ws/install/fake_baselink/share/fake_baselink/package.xml
