[0.081s] Invoking command in '/home/hero/Desktop/birdiebot_nav_ws/build/fake_baselink': CMAKE_PREFIX_PATH=/opt/ros/humble /usr/bin/cmake --build /home/hero/Desktop/birdiebot_nav_ws/build/fake_baselink -- -j8 -l8
[0.203s] -- Found ament_cmake_auto: 1.3.12 (/opt/ros/humble/share/ament_cmake_auto/cmake)
[0.516s] -- Override CMake install command with custom implementation using symlinks instead of copying resources
[0.772s] -- Found rosidl_generator_c: 3.1.7 (/opt/ros/humble/share/rosidl_generator_c/cmake)
[0.774s] -- Found rosidl_adapter: 3.1.7 (/opt/ros/humble/share/rosidl_adapter/cmake)
[0.816s] -- Found rosidl_generator_cpp: 3.1.7 (/opt/ros/humble/share/rosidl_generator_cpp/cmake)
[0.827s] -- Using all available rosidl_typesupport_c: rosidl_typesupport_fastrtps_c;rosidl_typesupport_introspection_c
[0.839s] -- Using all available rosidl_typesupport_cpp: rosidl_typesupport_fastrtps_cpp;rosidl_typesupport_introspection_cpp
[0.874s] -- Found rmw_implementation_cmake: 6.1.2 (/opt/ros/humble/share/rmw_implementation_cmake/cmake)
[0.876s] -- Found rmw_fastrtps_cpp: 6.2.8 (/opt/ros/humble/share/rmw_fastrtps_cpp/cmake)
[1.167s] -- Using RMW implementation 'rmw_fastrtps_cpp' as default
[1.418s] -- Found eigen3_cmake_module: 0.1.1 (/opt/ros/humble/share/eigen3_cmake_module/cmake)
[1.419s] -- Ensuring Eigen3 include directory is part of orocos-kdl CMake target
[1.437s] -- Found ament_lint_auto: 0.12.14 (/opt/ros/humble/share/ament_lint_auto/cmake)
[1.459s] -- Added test 'cppcheck' to perform static code analysis on C / C++ code
[1.460s] -- Configured cppcheck include dirs: 
[1.460s] -- Configured cppcheck exclude dirs and/or files: 
[1.461s] -- Added test 'flake8' to check Python code syntax and style conventions
[1.462s] -- Added test 'lint_cmake' to check CMake code style
[1.464s] -- Added test 'pep257' to check Python code against some of the docstring style conventions in PEP 257
[1.465s] -- Added test 'uncrustify' to check C / C++ code style
[1.466s] -- Configured uncrustify additional arguments: 
[1.466s] -- Added test 'xmllint' to check XML markup files
[1.471s] -- Configuring done
[1.521s] -- Generating done
[1.521s] -- Build files have been written to: /home/hero/Desktop/birdiebot_nav_ws/build/fake_baselink
[1.634s] [35m[1mConsolidate compiler generated dependencies of target fake_baselink[0m
[1.667s] [35m[1mConsolidate compiler generated dependencies of target fake_baselink_node[0m
[1.750s] [ 25%] [32mBuilding CXX object CMakeFiles/fake_baselink_node.dir/rclcpp_components/node_main_fake_baselink_node.cpp.o[0m
[1.764s] [ 75%] Built target fake_baselink
[9.912s] [100%] [32m[1mLinking CXX executable fake_baselink_node[0m
[10.090s] [100%] Built target fake_baselink_node
[10.146s] Invoked command in '/home/hero/Desktop/birdiebot_nav_ws/build/fake_baselink' returned '0': CMAKE_PREFIX_PATH=/opt/ros/humble /usr/bin/cmake --build /home/hero/Desktop/birdiebot_nav_ws/build/fake_baselink -- -j8 -l8
[10.270s] Invoking command in '/home/hero/Desktop/birdiebot_nav_ws/build/fake_baselink': CMAKE_PREFIX_PATH=/opt/ros/humble /usr/bin/cmake --install /home/hero/Desktop/birdiebot_nav_ws/build/fake_baselink
[10.290s] -- Install configuration: ""
[10.290s] -- Execute custom install script
[10.291s] -- Up-to-date symlink: /home/hero/Desktop/birdiebot_nav_ws/install/fake_baselink/lib/fake_baselink/fake_baselink_node
[10.291s] -- Up-to-date symlink: /home/hero/Desktop/birdiebot_nav_ws/install/fake_baselink/share/fake_baselink/environment/library_path.sh
[10.291s] -- Up-to-date symlink: /home/hero/Desktop/birdiebot_nav_ws/install/fake_baselink/share/fake_baselink/environment/library_path.dsv
[10.292s] -- Up-to-date symlink: /home/hero/Desktop/birdiebot_nav_ws/install/fake_baselink/lib/libfake_baselink.so
[10.292s] -- Up-to-date symlink: /home/hero/Desktop/birdiebot_nav_ws/install/fake_baselink/share/fake_baselink/launch/fake_baselink.launch.py
[10.292s] -- Up-to-date symlink: /home/hero/Desktop/birdiebot_nav_ws/install/fake_baselink/share/ament_index/resource_index/package_run_dependencies/fake_baselink
[10.293s] -- Up-to-date symlink: /home/hero/Desktop/birdiebot_nav_ws/install/fake_baselink/share/ament_index/resource_index/parent_prefix_path/fake_baselink
[10.293s] -- Up-to-date symlink: /home/hero/Desktop/birdiebot_nav_ws/install/fake_baselink/share/fake_baselink/environment/ament_prefix_path.sh
[10.293s] -- Up-to-date symlink: /home/hero/Desktop/birdiebot_nav_ws/install/fake_baselink/share/fake_baselink/environment/ament_prefix_path.dsv
[10.294s] -- Up-to-date symlink: /home/hero/Desktop/birdiebot_nav_ws/install/fake_baselink/share/fake_baselink/environment/path.sh
[10.294s] -- Up-to-date symlink: /home/hero/Desktop/birdiebot_nav_ws/install/fake_baselink/share/fake_baselink/environment/path.dsv
[10.294s] -- Up-to-date symlink: /home/hero/Desktop/birdiebot_nav_ws/install/fake_baselink/share/fake_baselink/local_setup.bash
[10.294s] -- Up-to-date symlink: /home/hero/Desktop/birdiebot_nav_ws/install/fake_baselink/share/fake_baselink/local_setup.sh
[10.294s] -- Up-to-date symlink: /home/hero/Desktop/birdiebot_nav_ws/install/fake_baselink/share/fake_baselink/local_setup.zsh
[10.294s] -- Up-to-date symlink: /home/hero/Desktop/birdiebot_nav_ws/install/fake_baselink/share/fake_baselink/local_setup.dsv
[10.294s] -- Symlinking: /home/hero/Desktop/birdiebot_nav_ws/install/fake_baselink/share/fake_baselink/package.dsv
[10.298s] -- Up-to-date symlink: /home/hero/Desktop/birdiebot_nav_ws/install/fake_baselink/share/ament_index/resource_index/packages/fake_baselink
[10.298s] -- Up-to-date symlink: /home/hero/Desktop/birdiebot_nav_ws/install/fake_baselink/share/ament_index/resource_index/rclcpp_components/fake_baselink
[10.298s] -- Up-to-date symlink: /home/hero/Desktop/birdiebot_nav_ws/install/fake_baselink/share/fake_baselink/cmake/ament_cmake_export_dependencies-extras.cmake
[10.298s] -- Up-to-date symlink: /home/hero/Desktop/birdiebot_nav_ws/install/fake_baselink/share/fake_baselink/cmake/ament_cmake_export_libraries-extras.cmake
[10.299s] -- Up-to-date symlink: /home/hero/Desktop/birdiebot_nav_ws/install/fake_baselink/share/fake_baselink/cmake/fake_baselinkConfig.cmake
[10.300s] -- Up-to-date symlink: /home/hero/Desktop/birdiebot_nav_ws/install/fake_baselink/share/fake_baselink/cmake/fake_baselinkConfig-version.cmake
[10.300s] -- Up-to-date symlink: /home/hero/Desktop/birdiebot_nav_ws/install/fake_baselink/share/fake_baselink/package.xml
[10.304s] Invoked command in '/home/hero/Desktop/birdiebot_nav_ws/build/fake_baselink' returned '0': CMAKE_PREFIX_PATH=/opt/ros/humble /usr/bin/cmake --install /home/hero/Desktop/birdiebot_nav_ws/build/fake_baselink
