[0.028s] Invoking command in '/home/hero/Desktop/birdiebot_nav_ws/build/rm_decision_interfaces': CMAKE_PREFIX_PATH=/opt/ros/humble /usr/bin/cmake --build /home/hero/Desktop/birdiebot_nav_ws/build/rm_decision_interfaces -- -j8 -l8
[0.108s] [  2%] Built target rm_decision_interfaces__cpp
[0.124s] [ 12%] Built target rm_decision_interfaces__rosidl_generator_c
[0.171s] [ 12%] Built target ament_cmake_python_symlink_rm_decision_interfaces
[0.214s] [ 23%] Built target rm_decision_interfaces__rosidl_typesupport_introspection_cpp
[0.230s] [ 33%] Built target rm_decision_interfaces__rosidl_typesupport_cpp
[0.238s] [ 43%] Built target rm_decision_interfaces__rosidl_typesupport_fastrtps_c
[0.242s] [ 53%] Built target rm_decision_interfaces__rosidl_typesupport_fastrtps_cpp
[0.248s] [ 64%] Built target rm_decision_interfaces__rosidl_typesupport_introspection_c
[0.274s] [ 74%] Built target rm_decision_interfaces__rosidl_typesupport_c
[0.339s] [ 74%] Built target rm_decision_interfaces
[0.429s] [ 76%] Built target rm_decision_interfaces__py
[0.533s] [ 84%] Built target rm_decision_interfaces__rosidl_generator_py
[0.596s] running egg_info
[0.596s] writing rm_decision_interfaces.egg-info/PKG-INFO
[0.596s] writing dependency_links to rm_decision_interfaces.egg-info/dependency_links.txt
[0.596s] writing top-level names to rm_decision_interfaces.egg-info/top_level.txt
[0.605s] reading manifest file 'rm_decision_interfaces.egg-info/SOURCES.txt'
[0.605s] writing manifest file 'rm_decision_interfaces.egg-info/SOURCES.txt'
[0.622s] [ 89%] Built target rm_decision_interfaces__rosidl_typesupport_fastrtps_c__pyext
[0.694s] [ 94%] Built target rm_decision_interfaces__rosidl_typesupport_c__pyext
[0.708s] [ 94%] Built target ament_cmake_python_build_rm_decision_interfaces_egg
[0.762s] [100%] Built target rm_decision_interfaces__rosidl_typesupport_introspection_c__pyext
[0.800s] Invoked command in '/home/hero/Desktop/birdiebot_nav_ws/build/rm_decision_interfaces' returned '0': CMAKE_PREFIX_PATH=/opt/ros/humble /usr/bin/cmake --build /home/hero/Desktop/birdiebot_nav_ws/build/rm_decision_interfaces -- -j8 -l8
[1.007s] Invoking command in '/home/hero/Desktop/birdiebot_nav_ws/build/rm_decision_interfaces': CMAKE_PREFIX_PATH=/opt/ros/humble /usr/bin/cmake --install /home/hero/Desktop/birdiebot_nav_ws/build/rm_decision_interfaces
[1.031s] -- Install configuration: ""
[1.032s] -- Execute custom install script
[1.032s] -- Up-to-date symlink: /home/hero/Desktop/birdiebot_nav_ws/install/rm_decision_interfaces/share/ament_index/resource_index/rosidl_interfaces/rm_decision_interfaces
[1.032s] -- Up-to-date symlink: /home/hero/Desktop/birdiebot_nav_ws/install/rm_decision_interfaces/include/rm_decision_interfaces/rm_decision_interfaces/msg/cv_decision.h
[1.032s] -- Up-to-date symlink: /home/hero/Desktop/birdiebot_nav_ws/install/rm_decision_interfaces/include/rm_decision_interfaces/rm_decision_interfaces/msg/detail/cv_decision__functions.h
[1.032s] -- Up-to-date symlink: /home/hero/Desktop/birdiebot_nav_ws/install/rm_decision_interfaces/include/rm_decision_interfaces/rm_decision_interfaces/msg/detail/cv_decision__struct.h
[1.033s] -- Up-to-date symlink: /home/hero/Desktop/birdiebot_nav_ws/install/rm_decision_interfaces/include/rm_decision_interfaces/rm_decision_interfaces/msg/detail/cv_decision__type_support.h
[1.035s] -- Up-to-date symlink: /home/hero/Desktop/birdiebot_nav_ws/install/rm_decision_interfaces/include/rm_decision_interfaces/rm_decision_interfaces/msg/detail/robot_control__functions.h
[1.036s] -- Up-to-date symlink: /home/hero/Desktop/birdiebot_nav_ws/install/rm_decision_interfaces/include/rm_decision_interfaces/rm_decision_interfaces/msg/detail/robot_control__struct.h
[1.036s] -- Up-to-date symlink: /home/hero/Desktop/birdiebot_nav_ws/install/rm_decision_interfaces/include/rm_decision_interfaces/rm_decision_interfaces/msg/detail/robot_control__type_support.h
[1.036s] -- Up-to-date symlink: /home/hero/Desktop/birdiebot_nav_ws/install/rm_decision_interfaces/include/rm_decision_interfaces/rm_decision_interfaces/msg/robot_control.h
[1.036s] -- Up-to-date symlink: /home/hero/Desktop/birdiebot_nav_ws/install/rm_decision_interfaces/include/rm_decision_interfaces/rm_decision_interfaces/msg/rosidl_generator_c__visibility_control.h
[1.036s] -- Up-to-date symlink: /home/hero/Desktop/birdiebot_nav_ws/install/rm_decision_interfaces/share/rm_decision_interfaces/environment/library_path.sh
[1.036s] -- Up-to-date symlink: /home/hero/Desktop/birdiebot_nav_ws/install/rm_decision_interfaces/share/rm_decision_interfaces/environment/library_path.dsv
[1.045s] -- Up-to-date symlink: /home/hero/Desktop/birdiebot_nav_ws/install/rm_decision_interfaces/include/rm_decision_interfaces/rm_decision_interfaces/msg/detail/cv_decision__rosidl_typesupport_fastrtps_c.h
[1.045s] -- Up-to-date symlink: /home/hero/Desktop/birdiebot_nav_ws/install/rm_decision_interfaces/include/rm_decision_interfaces/rm_decision_interfaces/msg/detail/robot_control__rosidl_typesupport_fastrtps_c.h
[1.045s] -- Up-to-date symlink: /home/hero/Desktop/birdiebot_nav_ws/install/rm_decision_interfaces/include/rm_decision_interfaces/rm_decision_interfaces/msg/rosidl_typesupport_fastrtps_c__visibility_control.h
[1.045s] -- Up-to-date symlink: /home/hero/Desktop/birdiebot_nav_ws/install/rm_decision_interfaces/include/rm_decision_interfaces/rm_decision_interfaces/msg/detail/cv_decision__rosidl_typesupport_introspection_c.h
[1.046s] -- Up-to-date symlink: /home/hero/Desktop/birdiebot_nav_ws/install/rm_decision_interfaces/include/rm_decision_interfaces/rm_decision_interfaces/msg/detail/robot_control__rosidl_typesupport_introspection_c.h
[1.046s] -- Up-to-date symlink: /home/hero/Desktop/birdiebot_nav_ws/install/rm_decision_interfaces/include/rm_decision_interfaces/rm_decision_interfaces/msg/rosidl_typesupport_introspection_c__visibility_control.h
[1.046s] -- Up-to-date symlink: /home/hero/Desktop/birdiebot_nav_ws/install/rm_decision_interfaces/include/rm_decision_interfaces/rm_decision_interfaces/msg/cv_decision.hpp
[1.046s] -- Up-to-date symlink: /home/hero/Desktop/birdiebot_nav_ws/install/rm_decision_interfaces/include/rm_decision_interfaces/rm_decision_interfaces/msg/detail/cv_decision__builder.hpp
[1.046s] -- Up-to-date symlink: /home/hero/Desktop/birdiebot_nav_ws/install/rm_decision_interfaces/include/rm_decision_interfaces/rm_decision_interfaces/msg/detail/cv_decision__struct.hpp
[1.046s] -- Up-to-date symlink: /home/hero/Desktop/birdiebot_nav_ws/install/rm_decision_interfaces/include/rm_decision_interfaces/rm_decision_interfaces/msg/detail/cv_decision__traits.hpp
[1.046s] -- Up-to-date symlink: /home/hero/Desktop/birdiebot_nav_ws/install/rm_decision_interfaces/include/rm_decision_interfaces/rm_decision_interfaces/msg/detail/cv_decision__type_support.hpp
[1.046s] -- Up-to-date symlink: /home/hero/Desktop/birdiebot_nav_ws/install/rm_decision_interfaces/include/rm_decision_interfaces/rm_decision_interfaces/msg/detail/robot_control__builder.hpp
[1.046s] -- Up-to-date symlink: /home/hero/Desktop/birdiebot_nav_ws/install/rm_decision_interfaces/include/rm_decision_interfaces/rm_decision_interfaces/msg/detail/robot_control__struct.hpp
[1.046s] -- Up-to-date symlink: /home/hero/Desktop/birdiebot_nav_ws/install/rm_decision_interfaces/include/rm_decision_interfaces/rm_decision_interfaces/msg/detail/robot_control__traits.hpp
[1.046s] -- Up-to-date symlink: /home/hero/Desktop/birdiebot_nav_ws/install/rm_decision_interfaces/include/rm_decision_interfaces/rm_decision_interfaces/msg/detail/robot_control__type_support.hpp
[1.047s] -- Up-to-date symlink: /home/hero/Desktop/birdiebot_nav_ws/install/rm_decision_interfaces/include/rm_decision_interfaces/rm_decision_interfaces/msg/robot_control.hpp
[1.047s] -- Up-to-date symlink: /home/hero/Desktop/birdiebot_nav_ws/install/rm_decision_interfaces/include/rm_decision_interfaces/rm_decision_interfaces/msg/rosidl_generator_cpp__visibility_control.hpp
[1.048s] -- Up-to-date symlink: /home/hero/Desktop/birdiebot_nav_ws/install/rm_decision_interfaces/include/rm_decision_interfaces/rm_decision_interfaces/msg/detail/cv_decision__rosidl_typesupport_fastrtps_cpp.hpp
[1.049s] -- Up-to-date symlink: /home/hero/Desktop/birdiebot_nav_ws/install/rm_decision_interfaces/include/rm_decision_interfaces/rm_decision_interfaces/msg/detail/robot_control__rosidl_typesupport_fastrtps_cpp.hpp
[1.054s] -- Up-to-date symlink: /home/hero/Desktop/birdiebot_nav_ws/install/rm_decision_interfaces/include/rm_decision_interfaces/rm_decision_interfaces/msg/rosidl_typesupport_fastrtps_cpp__visibility_control.h
[1.056s] -- Up-to-date symlink: /home/hero/Desktop/birdiebot_nav_ws/install/rm_decision_interfaces/include/rm_decision_interfaces/rm_decision_interfaces/msg/detail/cv_decision__rosidl_typesupport_introspection_cpp.hpp
[1.057s] -- Up-to-date symlink: /home/hero/Desktop/birdiebot_nav_ws/install/rm_decision_interfaces/include/rm_decision_interfaces/rm_decision_interfaces/msg/detail/robot_control__rosidl_typesupport_introspection_cpp.hpp
[1.057s] -- Up-to-date symlink: /home/hero/Desktop/birdiebot_nav_ws/install/rm_decision_interfaces/share/rm_decision_interfaces/environment/pythonpath.sh
[1.057s] -- Up-to-date symlink: /home/hero/Desktop/birdiebot_nav_ws/install/rm_decision_interfaces/share/rm_decision_interfaces/environment/pythonpath.dsv
[1.058s] -- Up-to-date symlink: /home/hero/Desktop/birdiebot_nav_ws/install/rm_decision_interfaces/local/lib/python3.10/dist-packages/rm_decision_interfaces-0.0.0-py3.10.egg-info/PKG-INFO
[1.058s] -- Up-to-date symlink: /home/hero/Desktop/birdiebot_nav_ws/install/rm_decision_interfaces/local/lib/python3.10/dist-packages/rm_decision_interfaces-0.0.0-py3.10.egg-info/SOURCES.txt
[1.058s] -- Up-to-date symlink: /home/hero/Desktop/birdiebot_nav_ws/install/rm_decision_interfaces/local/lib/python3.10/dist-packages/rm_decision_interfaces-0.0.0-py3.10.egg-info/dependency_links.txt
[1.058s] -- Up-to-date symlink: /home/hero/Desktop/birdiebot_nav_ws/install/rm_decision_interfaces/local/lib/python3.10/dist-packages/rm_decision_interfaces-0.0.0-py3.10.egg-info/top_level.txt
[1.059s] -- Up-to-date symlink: /home/hero/Desktop/birdiebot_nav_ws/install/rm_decision_interfaces/local/lib/python3.10/dist-packages/rm_decision_interfaces/__init__.py
[1.059s] -- Up-to-date symlink: /home/hero/Desktop/birdiebot_nav_ws/install/rm_decision_interfaces/local/lib/python3.10/dist-packages/rm_decision_interfaces/_rm_decision_interfaces_s.ep.rosidl_typesupport_c.c
[1.059s] -- Up-to-date symlink: /home/hero/Desktop/birdiebot_nav_ws/install/rm_decision_interfaces/local/lib/python3.10/dist-packages/rm_decision_interfaces/_rm_decision_interfaces_s.ep.rosidl_typesupport_fastrtps_c.c
[1.059s] -- Up-to-date symlink: /home/hero/Desktop/birdiebot_nav_ws/install/rm_decision_interfaces/local/lib/python3.10/dist-packages/rm_decision_interfaces/_rm_decision_interfaces_s.ep.rosidl_typesupport_introspection_c.c
[1.059s] -- Up-to-date symlink: /home/hero/Desktop/birdiebot_nav_ws/install/rm_decision_interfaces/local/lib/python3.10/dist-packages/rm_decision_interfaces/librm_decision_interfaces__rosidl_generator_py.so
[1.059s] -- Up-to-date symlink: /home/hero/Desktop/birdiebot_nav_ws/install/rm_decision_interfaces/local/lib/python3.10/dist-packages/rm_decision_interfaces/msg/__init__.py
[1.060s] -- Up-to-date symlink: /home/hero/Desktop/birdiebot_nav_ws/install/rm_decision_interfaces/local/lib/python3.10/dist-packages/rm_decision_interfaces/msg/_cv_decision.py
[1.060s] -- Up-to-date symlink: /home/hero/Desktop/birdiebot_nav_ws/install/rm_decision_interfaces/local/lib/python3.10/dist-packages/rm_decision_interfaces/msg/_cv_decision_s.c
[1.060s] -- Up-to-date symlink: /home/hero/Desktop/birdiebot_nav_ws/install/rm_decision_interfaces/local/lib/python3.10/dist-packages/rm_decision_interfaces/msg/_robot_control.py
[1.060s] -- Up-to-date symlink: /home/hero/Desktop/birdiebot_nav_ws/install/rm_decision_interfaces/local/lib/python3.10/dist-packages/rm_decision_interfaces/msg/_robot_control_s.c
[1.060s] -- Up-to-date symlink: /home/hero/Desktop/birdiebot_nav_ws/install/rm_decision_interfaces/local/lib/python3.10/dist-packages/rm_decision_interfaces/rm_decision_interfaces_s__rosidl_typesupport_c.cpython-310-x86_64-linux-gnu.so
[1.060s] -- Up-to-date symlink: /home/hero/Desktop/birdiebot_nav_ws/install/rm_decision_interfaces/local/lib/python3.10/dist-packages/rm_decision_interfaces/rm_decision_interfaces_s__rosidl_typesupport_fastrtps_c.cpython-310-x86_64-linux-gnu.so
[1.060s] -- Up-to-date symlink: /home/hero/Desktop/birdiebot_nav_ws/install/rm_decision_interfaces/local/lib/python3.10/dist-packages/rm_decision_interfaces/rm_decision_interfaces_s__rosidl_typesupport_introspection_c.cpython-310-x86_64-linux-gnu.so
[1.060s] -- Up-to-date symlink: /home/hero/Desktop/birdiebot_nav_ws/install/rm_decision_interfaces/local/lib/python3.10/dist-packages/rm_decision_interfaces/rm_decision_interfaces_s__rosidl_typesupport_fastrtps_c.cpython-310-x86_64-linux-gnu.so
[1.060s] -- Up-to-date symlink: /home/hero/Desktop/birdiebot_nav_ws/install/rm_decision_interfaces/local/lib/python3.10/dist-packages/rm_decision_interfaces/rm_decision_interfaces_s__rosidl_typesupport_introspection_c.cpython-310-x86_64-linux-gnu.so
[1.060s] -- Up-to-date symlink: /home/hero/Desktop/birdiebot_nav_ws/install/rm_decision_interfaces/local/lib/python3.10/dist-packages/rm_decision_interfaces/rm_decision_interfaces_s__rosidl_typesupport_c.cpython-310-x86_64-linux-gnu.so
[1.061s] -- Up-to-date symlink: /home/hero/Desktop/birdiebot_nav_ws/install/rm_decision_interfaces/share/rm_decision_interfaces/msg/RobotControl.idl
[1.061s] -- Up-to-date symlink: /home/hero/Desktop/birdiebot_nav_ws/install/rm_decision_interfaces/share/rm_decision_interfaces/msg/CvDecision.idl
[1.061s] -- Up-to-date symlink: /home/hero/Desktop/birdiebot_nav_ws/install/rm_decision_interfaces/share/rm_decision_interfaces/msg/RobotControl.msg
[1.061s] -- Up-to-date symlink: /home/hero/Desktop/birdiebot_nav_ws/install/rm_decision_interfaces/share/rm_decision_interfaces/msg/CvDecision.msg
[1.061s] -- Up-to-date symlink: /home/hero/Desktop/birdiebot_nav_ws/install/rm_decision_interfaces/share/ament_index/resource_index/package_run_dependencies/rm_decision_interfaces
[1.061s] -- Up-to-date symlink: /home/hero/Desktop/birdiebot_nav_ws/install/rm_decision_interfaces/share/ament_index/resource_index/parent_prefix_path/rm_decision_interfaces
[1.062s] -- Up-to-date symlink: /home/hero/Desktop/birdiebot_nav_ws/install/rm_decision_interfaces/share/rm_decision_interfaces/environment/ament_prefix_path.sh
[1.062s] -- Up-to-date symlink: /home/hero/Desktop/birdiebot_nav_ws/install/rm_decision_interfaces/share/rm_decision_interfaces/environment/ament_prefix_path.dsv
[1.063s] -- Up-to-date symlink: /home/hero/Desktop/birdiebot_nav_ws/install/rm_decision_interfaces/share/rm_decision_interfaces/environment/path.sh
[1.063s] -- Up-to-date symlink: /home/hero/Desktop/birdiebot_nav_ws/install/rm_decision_interfaces/share/rm_decision_interfaces/environment/path.dsv
[1.063s] -- Up-to-date symlink: /home/hero/Desktop/birdiebot_nav_ws/install/rm_decision_interfaces/share/rm_decision_interfaces/local_setup.bash
[1.063s] -- Up-to-date symlink: /home/hero/Desktop/birdiebot_nav_ws/install/rm_decision_interfaces/share/rm_decision_interfaces/local_setup.sh
[1.066s] -- Up-to-date symlink: /home/hero/Desktop/birdiebot_nav_ws/install/rm_decision_interfaces/share/rm_decision_interfaces/local_setup.zsh
[1.067s] -- Up-to-date symlink: /home/hero/Desktop/birdiebot_nav_ws/install/rm_decision_interfaces/share/rm_decision_interfaces/local_setup.dsv
[1.068s] -- Symlinking: /home/hero/Desktop/birdiebot_nav_ws/install/rm_decision_interfaces/share/rm_decision_interfaces/package.dsv
[1.081s] -- Up-to-date symlink: /home/hero/Desktop/birdiebot_nav_ws/install/rm_decision_interfaces/share/ament_index/resource_index/packages/rm_decision_interfaces
[1.082s] -- Up-to-date symlink: /home/hero/Desktop/birdiebot_nav_ws/install/rm_decision_interfaces/share/rm_decision_interfaces/cmake/rosidl_cmake-extras.cmake
[1.082s] -- Up-to-date symlink: /home/hero/Desktop/birdiebot_nav_ws/install/rm_decision_interfaces/share/rm_decision_interfaces/cmake/ament_cmake_export_dependencies-extras.cmake
[1.082s] -- Up-to-date symlink: /home/hero/Desktop/birdiebot_nav_ws/install/rm_decision_interfaces/share/rm_decision_interfaces/cmake/ament_cmake_export_include_directories-extras.cmake
[1.082s] -- Up-to-date symlink: /home/hero/Desktop/birdiebot_nav_ws/install/rm_decision_interfaces/share/rm_decision_interfaces/cmake/ament_cmake_export_libraries-extras.cmake
[1.082s] -- Up-to-date symlink: /home/hero/Desktop/birdiebot_nav_ws/install/rm_decision_interfaces/share/rm_decision_interfaces/cmake/ament_cmake_export_targets-extras.cmake
[1.082s] -- Up-to-date symlink: /home/hero/Desktop/birdiebot_nav_ws/install/rm_decision_interfaces/share/rm_decision_interfaces/cmake/rosidl_cmake_export_typesupport_targets-extras.cmake
[1.082s] -- Up-to-date symlink: /home/hero/Desktop/birdiebot_nav_ws/install/rm_decision_interfaces/share/rm_decision_interfaces/cmake/rosidl_cmake_export_typesupport_libraries-extras.cmake
[1.082s] -- Up-to-date symlink: /home/hero/Desktop/birdiebot_nav_ws/install/rm_decision_interfaces/share/rm_decision_interfaces/cmake/rm_decision_interfacesConfig.cmake
[1.082s] -- Up-to-date symlink: /home/hero/Desktop/birdiebot_nav_ws/install/rm_decision_interfaces/share/rm_decision_interfaces/cmake/rm_decision_interfacesConfig-version.cmake
[1.082s] -- Up-to-date symlink: /home/hero/Desktop/birdiebot_nav_ws/install/rm_decision_interfaces/share/rm_decision_interfaces/package.xml
[1.082s] -- Up-to-date: /home/hero/Desktop/birdiebot_nav_ws/install/rm_decision_interfaces/lib/librm_decision_interfaces__rosidl_generator_c.so
[1.082s] -- Up-to-date: /home/hero/Desktop/birdiebot_nav_ws/install/rm_decision_interfaces/lib/librm_decision_interfaces__rosidl_typesupport_fastrtps_c.so
[1.082s] -- Up-to-date: /home/hero/Desktop/birdiebot_nav_ws/install/rm_decision_interfaces/lib/librm_decision_interfaces__rosidl_typesupport_introspection_c.so
[1.082s] -- Up-to-date: /home/hero/Desktop/birdiebot_nav_ws/install/rm_decision_interfaces/lib/librm_decision_interfaces__rosidl_typesupport_c.so
[1.082s] -- Up-to-date: /home/hero/Desktop/birdiebot_nav_ws/install/rm_decision_interfaces/lib/librm_decision_interfaces__rosidl_typesupport_fastrtps_cpp.so
[1.083s] -- Up-to-date: /home/hero/Desktop/birdiebot_nav_ws/install/rm_decision_interfaces/lib/librm_decision_interfaces__rosidl_typesupport_introspection_cpp.so
[1.083s] -- Up-to-date: /home/hero/Desktop/birdiebot_nav_ws/install/rm_decision_interfaces/lib/librm_decision_interfaces__rosidl_typesupport_cpp.so
[1.120s] Listing '/home/hero/Desktop/birdiebot_nav_ws/install/rm_decision_interfaces/local/lib/python3.10/dist-packages/rm_decision_interfaces'...
[1.120s] Listing '/home/hero/Desktop/birdiebot_nav_ws/install/rm_decision_interfaces/local/lib/python3.10/dist-packages/rm_decision_interfaces/msg'...
[1.123s] -- Up-to-date: /home/hero/Desktop/birdiebot_nav_ws/install/rm_decision_interfaces/lib/librm_decision_interfaces__rosidl_generator_py.so
[1.123s] -- Up-to-date: /home/hero/Desktop/birdiebot_nav_ws/install/rm_decision_interfaces/share/rm_decision_interfaces/cmake/export_rm_decision_interfaces__rosidl_generator_cExport.cmake
[1.123s] -- Up-to-date: /home/hero/Desktop/birdiebot_nav_ws/install/rm_decision_interfaces/share/rm_decision_interfaces/cmake/export_rm_decision_interfaces__rosidl_generator_cExport-noconfig.cmake
[1.123s] -- Up-to-date: /home/hero/Desktop/birdiebot_nav_ws/install/rm_decision_interfaces/share/rm_decision_interfaces/cmake/export_rm_decision_interfaces__rosidl_typesupport_fastrtps_cExport.cmake
[1.123s] -- Up-to-date: /home/hero/Desktop/birdiebot_nav_ws/install/rm_decision_interfaces/share/rm_decision_interfaces/cmake/export_rm_decision_interfaces__rosidl_typesupport_fastrtps_cExport-noconfig.cmake
[1.123s] -- Up-to-date: /home/hero/Desktop/birdiebot_nav_ws/install/rm_decision_interfaces/share/rm_decision_interfaces/cmake/rm_decision_interfaces__rosidl_typesupport_introspection_cExport.cmake
[1.123s] -- Up-to-date: /home/hero/Desktop/birdiebot_nav_ws/install/rm_decision_interfaces/share/rm_decision_interfaces/cmake/rm_decision_interfaces__rosidl_typesupport_introspection_cExport-noconfig.cmake
[1.123s] -- Up-to-date: /home/hero/Desktop/birdiebot_nav_ws/install/rm_decision_interfaces/share/rm_decision_interfaces/cmake/rm_decision_interfaces__rosidl_typesupport_cExport.cmake
[1.123s] -- Up-to-date: /home/hero/Desktop/birdiebot_nav_ws/install/rm_decision_interfaces/share/rm_decision_interfaces/cmake/rm_decision_interfaces__rosidl_typesupport_cExport-noconfig.cmake
[1.124s] -- Up-to-date: /home/hero/Desktop/birdiebot_nav_ws/install/rm_decision_interfaces/share/rm_decision_interfaces/cmake/export_rm_decision_interfaces__rosidl_generator_cppExport.cmake
[1.124s] -- Up-to-date: /home/hero/Desktop/birdiebot_nav_ws/install/rm_decision_interfaces/share/rm_decision_interfaces/cmake/export_rm_decision_interfaces__rosidl_typesupport_fastrtps_cppExport.cmake
[1.124s] -- Up-to-date: /home/hero/Desktop/birdiebot_nav_ws/install/rm_decision_interfaces/share/rm_decision_interfaces/cmake/export_rm_decision_interfaces__rosidl_typesupport_fastrtps_cppExport-noconfig.cmake
[1.124s] -- Up-to-date: /home/hero/Desktop/birdiebot_nav_ws/install/rm_decision_interfaces/share/rm_decision_interfaces/cmake/rm_decision_interfaces__rosidl_typesupport_introspection_cppExport.cmake
[1.124s] -- Up-to-date: /home/hero/Desktop/birdiebot_nav_ws/install/rm_decision_interfaces/share/rm_decision_interfaces/cmake/rm_decision_interfaces__rosidl_typesupport_introspection_cppExport-noconfig.cmake
[1.124s] -- Up-to-date: /home/hero/Desktop/birdiebot_nav_ws/install/rm_decision_interfaces/share/rm_decision_interfaces/cmake/rm_decision_interfaces__rosidl_typesupport_cppExport.cmake
[1.124s] -- Up-to-date: /home/hero/Desktop/birdiebot_nav_ws/install/rm_decision_interfaces/share/rm_decision_interfaces/cmake/rm_decision_interfaces__rosidl_typesupport_cppExport-noconfig.cmake
[1.124s] -- Up-to-date: /home/hero/Desktop/birdiebot_nav_ws/install/rm_decision_interfaces/share/rm_decision_interfaces/cmake/export_rm_decision_interfaces__rosidl_generator_pyExport.cmake
[1.124s] -- Up-to-date: /home/hero/Desktop/birdiebot_nav_ws/install/rm_decision_interfaces/share/rm_decision_interfaces/cmake/export_rm_decision_interfaces__rosidl_generator_pyExport-noconfig.cmake
[1.129s] Invoked command in '/home/hero/Desktop/birdiebot_nav_ws/build/rm_decision_interfaces' returned '0': CMAKE_PREFIX_PATH=/opt/ros/humble /usr/bin/cmake --install /home/hero/Desktop/birdiebot_nav_ws/build/rm_decision_interfaces
