[0.025s] Invoking command in '/home/hero/Desktop/birdiebot_nav_ws/build/pointcloud_to_laserscan': CMAKE_PREFIX_PATH=/opt/ros/humble /usr/bin/cmake --build /home/hero/Desktop/birdiebot_nav_ws/build/pointcloud_to_laserscan -- -j8 -l8
[0.092s] [ 20%] Built target pointcloud_to_laserscan_node
[0.098s] [ 40%] Built target laserscan_to_pointcloud_node
[0.104s] [ 60%] Built target laserscan_to_pointcloud
[0.149s] [ 80%] Built target pointcloud_to_laserscan
[0.176s] [100%] Built target dummy_pointcloud_publisher
[0.211s] Invoked command in '/home/hero/Desktop/birdiebot_nav_ws/build/pointcloud_to_laserscan' returned '0': CMAKE_PREFIX_PATH=/opt/ros/humble /usr/bin/cmake --build /home/hero/Desktop/birdiebot_nav_ws/build/pointcloud_to_laserscan -- -j8 -l8
[0.336s] Invoking command in '/home/hero/Desktop/birdiebot_nav_ws/build/pointcloud_to_laserscan': CMAKE_PREFIX_PATH=/opt/ros/humble /usr/bin/cmake --install /home/hero/Desktop/birdiebot_nav_ws/build/pointcloud_to_laserscan
[0.349s] -- Install configuration: ""
[0.354s] -- Execute custom install script
[0.354s] -- Up-to-date symlink: /home/hero/Desktop/birdiebot_nav_ws/install/pointcloud_to_laserscan/lib/pointcloud_to_laserscan/laserscan_to_pointcloud_node
[0.354s] -- Up-to-date symlink: /home/hero/Desktop/birdiebot_nav_ws/install/pointcloud_to_laserscan/lib/pointcloud_to_laserscan/pointcloud_to_laserscan_node
[0.354s] -- Up-to-date symlink: /home/hero/Desktop/birdiebot_nav_ws/install/pointcloud_to_laserscan/include/pointcloud_to_laserscan/laserscan_to_pointcloud_node.hpp
[0.354s] -- Up-to-date symlink: /home/hero/Desktop/birdiebot_nav_ws/install/pointcloud_to_laserscan/include/pointcloud_to_laserscan/pointcloud_to_laserscan_node.hpp
[0.354s] -- Up-to-date symlink: /home/hero/Desktop/birdiebot_nav_ws/install/pointcloud_to_laserscan/include/pointcloud_to_laserscan/visibility_control.h
[0.354s] -- Up-to-date symlink: /home/hero/Desktop/birdiebot_nav_ws/install/pointcloud_to_laserscan/share/pointcloud_to_laserscan/environment/library_path.sh
[0.354s] -- Up-to-date symlink: /home/hero/Desktop/birdiebot_nav_ws/install/pointcloud_to_laserscan/share/pointcloud_to_laserscan/environment/library_path.dsv
[0.354s] -- Up-to-date symlink: /home/hero/Desktop/birdiebot_nav_ws/install/pointcloud_to_laserscan/lib/liblaserscan_to_pointcloud.so
[0.355s] -- Up-to-date symlink: /home/hero/Desktop/birdiebot_nav_ws/install/pointcloud_to_laserscan/lib/libpointcloud_to_laserscan.so
[0.355s] -- Up-to-date symlink: /home/hero/Desktop/birdiebot_nav_ws/install/pointcloud_to_laserscan/lib/pointcloud_to_laserscan/dummy_pointcloud_publisher
[0.355s] -- Up-to-date symlink: /home/hero/Desktop/birdiebot_nav_ws/install/pointcloud_to_laserscan/share/pointcloud_to_laserscan/launch/pointcloud_to_laserscan_launch.py
[0.355s] -- Up-to-date symlink: /home/hero/Desktop/birdiebot_nav_ws/install/pointcloud_to_laserscan/share/pointcloud_to_laserscan/launch/sample_laserscan_to_pointcloud_launch.py
[0.355s] -- Up-to-date symlink: /home/hero/Desktop/birdiebot_nav_ws/install/pointcloud_to_laserscan/share/pointcloud_to_laserscan/launch/sample_pointcloud_to_laserscan_launch.py
[0.355s] -- Up-to-date symlink: /home/hero/Desktop/birdiebot_nav_ws/install/pointcloud_to_laserscan/share/ament_index/resource_index/package_run_dependencies/pointcloud_to_laserscan
[0.355s] -- Up-to-date symlink: /home/hero/Desktop/birdiebot_nav_ws/install/pointcloud_to_laserscan/share/ament_index/resource_index/parent_prefix_path/pointcloud_to_laserscan
[0.355s] -- Up-to-date symlink: /home/hero/Desktop/birdiebot_nav_ws/install/pointcloud_to_laserscan/share/pointcloud_to_laserscan/environment/ament_prefix_path.sh
[0.355s] -- Up-to-date symlink: /home/hero/Desktop/birdiebot_nav_ws/install/pointcloud_to_laserscan/share/pointcloud_to_laserscan/environment/ament_prefix_path.dsv
[0.355s] -- Up-to-date symlink: /home/hero/Desktop/birdiebot_nav_ws/install/pointcloud_to_laserscan/share/pointcloud_to_laserscan/environment/path.sh
[0.355s] -- Up-to-date symlink: /home/hero/Desktop/birdiebot_nav_ws/install/pointcloud_to_laserscan/share/pointcloud_to_laserscan/environment/path.dsv
[0.355s] -- Up-to-date symlink: /home/hero/Desktop/birdiebot_nav_ws/install/pointcloud_to_laserscan/share/pointcloud_to_laserscan/local_setup.bash
[0.355s] -- Up-to-date symlink: /home/hero/Desktop/birdiebot_nav_ws/install/pointcloud_to_laserscan/share/pointcloud_to_laserscan/local_setup.sh
[0.355s] -- Up-to-date symlink: /home/hero/Desktop/birdiebot_nav_ws/install/pointcloud_to_laserscan/share/pointcloud_to_laserscan/local_setup.zsh
[0.356s] -- Up-to-date symlink: /home/hero/Desktop/birdiebot_nav_ws/install/pointcloud_to_laserscan/share/pointcloud_to_laserscan/local_setup.dsv
[0.356s] -- Symlinking: /home/hero/Desktop/birdiebot_nav_ws/install/pointcloud_to_laserscan/share/pointcloud_to_laserscan/package.dsv
[0.363s] -- Up-to-date symlink: /home/hero/Desktop/birdiebot_nav_ws/install/pointcloud_to_laserscan/share/ament_index/resource_index/packages/pointcloud_to_laserscan
[0.367s] -- Up-to-date symlink: /home/hero/Desktop/birdiebot_nav_ws/install/pointcloud_to_laserscan/share/ament_index/resource_index/rclcpp_components/pointcloud_to_laserscan
[0.368s] -- Up-to-date symlink: /home/hero/Desktop/birdiebot_nav_ws/install/pointcloud_to_laserscan/share/pointcloud_to_laserscan/cmake/ament_cmake_export_dependencies-extras.cmake
[0.368s] -- Up-to-date symlink: /home/hero/Desktop/birdiebot_nav_ws/install/pointcloud_to_laserscan/share/pointcloud_to_laserscan/cmake/ament_cmake_export_include_directories-extras.cmake
[0.368s] -- Up-to-date symlink: /home/hero/Desktop/birdiebot_nav_ws/install/pointcloud_to_laserscan/share/pointcloud_to_laserscan/cmake/ament_cmake_export_libraries-extras.cmake
[0.369s] -- Up-to-date symlink: /home/hero/Desktop/birdiebot_nav_ws/install/pointcloud_to_laserscan/share/pointcloud_to_laserscan/cmake/pointcloud_to_laserscanConfig.cmake
[0.369s] -- Up-to-date symlink: /home/hero/Desktop/birdiebot_nav_ws/install/pointcloud_to_laserscan/share/pointcloud_to_laserscan/cmake/pointcloud_to_laserscanConfig-version.cmake
[0.369s] -- Up-to-date symlink: /home/hero/Desktop/birdiebot_nav_ws/install/pointcloud_to_laserscan/share/pointcloud_to_laserscan/package.xml
[0.389s] Invoked command in '/home/hero/Desktop/birdiebot_nav_ws/build/pointcloud_to_laserscan' returned '0': CMAKE_PREFIX_PATH=/opt/ros/humble /usr/bin/cmake --install /home/hero/Desktop/birdiebot_nav_ws/build/pointcloud_to_laserscan
