[0.238s] Invoking command in '/home/hero/Desktop/birdiebot_nav_ws/build/behaviortree_ros2': CMAKE_PREFIX_PATH=${CMAKE_PREFIX_PATH}:/opt/ros/humble /usr/bin/cmake --build /home/hero/Desktop/birdiebot_nav_ws/build/behaviortree_ros2 -- -j8 -l8
[0.377s] [100%] Built target behaviortree_ros2
[0.398s] Invoked command in '/home/hero/Desktop/birdiebot_nav_ws/build/behaviortree_ros2' returned '0': CMAKE_PREFIX_PATH=${CMAKE_PREFIX_PATH}:/opt/ros/humble /usr/bin/cmake --build /home/hero/Desktop/birdiebot_nav_ws/build/behaviortree_ros2 -- -j8 -l8
[0.634s] Invoking command in '/home/hero/Desktop/birdiebot_nav_ws/build/behaviortree_ros2': CMAKE_PREFIX_PATH=${CMAKE_PREFIX_PATH}:/opt/ros/humble /usr/bin/cmake --install /home/hero/Desktop/birdiebot_nav_ws/build/behaviortree_ros2
[1.087s] -- Install configuration: ""
[1.087s] -- Execute custom install script
[1.087s] -- Up-to-date symlink: /home/hero/Desktop/birdiebot_nav_ws/install/behaviortree_ros2/include//behaviortree_ros2/bt_action_node.hpp
[1.087s] -- Up-to-date symlink: /home/hero/Desktop/birdiebot_nav_ws/install/behaviortree_ros2/include//behaviortree_ros2/bt_service_node.hpp
[1.087s] -- Up-to-date symlink: /home/hero/Desktop/birdiebot_nav_ws/install/behaviortree_ros2/include//behaviortree_ros2/bt_topic_pub_node.hpp
[1.087s] -- Up-to-date symlink: /home/hero/Desktop/birdiebot_nav_ws/install/behaviortree_ros2/include//behaviortree_ros2/bt_topic_sub_node.hpp
[1.087s] -- Up-to-date symlink: /home/hero/Desktop/birdiebot_nav_ws/install/behaviortree_ros2/include//behaviortree_ros2/plugins.hpp
[1.087s] -- Up-to-date symlink: /home/hero/Desktop/birdiebot_nav_ws/install/behaviortree_ros2/include//behaviortree_ros2/ros_node_params.hpp
[1.087s] -- Up-to-date symlink: /home/hero/Desktop/birdiebot_nav_ws/install/behaviortree_ros2/share/ament_index/resource_index/package_run_dependencies/behaviortree_ros2
[1.087s] -- Up-to-date symlink: /home/hero/Desktop/birdiebot_nav_ws/install/behaviortree_ros2/share/ament_index/resource_index/parent_prefix_path/behaviortree_ros2
[1.087s] -- Up-to-date symlink: /home/hero/Desktop/birdiebot_nav_ws/install/behaviortree_ros2/share/behaviortree_ros2/environment/ament_prefix_path.sh
[1.087s] -- Up-to-date symlink: /home/hero/Desktop/birdiebot_nav_ws/install/behaviortree_ros2/share/behaviortree_ros2/environment/ament_prefix_path.dsv
[1.087s] -- Up-to-date symlink: /home/hero/Desktop/birdiebot_nav_ws/install/behaviortree_ros2/share/behaviortree_ros2/environment/path.sh
[1.087s] -- Up-to-date symlink: /home/hero/Desktop/birdiebot_nav_ws/install/behaviortree_ros2/share/behaviortree_ros2/environment/path.dsv
[1.088s] -- Up-to-date symlink: /home/hero/Desktop/birdiebot_nav_ws/install/behaviortree_ros2/share/behaviortree_ros2/local_setup.bash
[1.088s] -- Up-to-date symlink: /home/hero/Desktop/birdiebot_nav_ws/install/behaviortree_ros2/share/behaviortree_ros2/local_setup.sh
[1.088s] -- Up-to-date symlink: /home/hero/Desktop/birdiebot_nav_ws/install/behaviortree_ros2/share/behaviortree_ros2/local_setup.zsh
[1.088s] -- Up-to-date symlink: /home/hero/Desktop/birdiebot_nav_ws/install/behaviortree_ros2/share/behaviortree_ros2/local_setup.dsv
[1.088s] -- Symlinking: /home/hero/Desktop/birdiebot_nav_ws/install/behaviortree_ros2/share/behaviortree_ros2/package.dsv
[1.088s] -- Up-to-date symlink: /home/hero/Desktop/birdiebot_nav_ws/install/behaviortree_ros2/share/ament_index/resource_index/packages/behaviortree_ros2
[1.088s] -- Up-to-date symlink: /home/hero/Desktop/birdiebot_nav_ws/install/behaviortree_ros2/share/behaviortree_ros2/cmake/ament_cmake_export_include_directories-extras.cmake
[1.088s] -- Up-to-date symlink: /home/hero/Desktop/birdiebot_nav_ws/install/behaviortree_ros2/share/behaviortree_ros2/cmake/ament_cmake_export_dependencies-extras.cmake
[1.088s] -- Up-to-date symlink: /home/hero/Desktop/birdiebot_nav_ws/install/behaviortree_ros2/share/behaviortree_ros2/cmake/behaviortree_ros2Config.cmake
[1.088s] -- Up-to-date symlink: /home/hero/Desktop/birdiebot_nav_ws/install/behaviortree_ros2/share/behaviortree_ros2/cmake/behaviortree_ros2Config-version.cmake
[1.088s] -- Up-to-date symlink: /home/hero/Desktop/birdiebot_nav_ws/install/behaviortree_ros2/share/behaviortree_ros2/package.xml
[1.101s] Invoked command in '/home/hero/Desktop/birdiebot_nav_ws/build/behaviortree_ros2' returned '0': CMAKE_PREFIX_PATH=${CMAKE_PREFIX_PATH}:/opt/ros/humble /usr/bin/cmake --install /home/hero/Desktop/birdiebot_nav_ws/build/behaviortree_ros2
