[0.042s] Invoking command in '/home/hero/Desktop/birdiebot_nav_ws/build/fake_vel_transform': CMAKE_PREFIX_PATH=/opt/ros/humble /usr/bin/cmake --build /home/hero/Desktop/birdiebot_nav_ws/build/fake_vel_transform -- -j8 -l8
[0.137s] [ 50%] Built target fake_vel_transform
[0.138s] [100%] Built target fake_vel_transform_node
[0.168s] Invoked command in '/home/hero/Desktop/birdiebot_nav_ws/build/fake_vel_transform' returned '0': CMAKE_PREFIX_PATH=/opt/ros/humble /usr/bin/cmake --build /home/hero/Desktop/birdiebot_nav_ws/build/fake_vel_transform -- -j8 -l8
[0.221s] Invoking command in '/home/hero/Desktop/birdiebot_nav_ws/build/fake_vel_transform': CMAKE_PREFIX_PATH=/opt/ros/humble /usr/bin/cmake --install /home/hero/Desktop/birdiebot_nav_ws/build/fake_vel_transform
[0.242s] -- Install configuration: ""
[0.243s] -- Execute custom install script
[0.243s] -- Up-to-date symlink: /home/hero/Desktop/birdiebot_nav_ws/install/fake_vel_transform/lib/fake_vel_transform/fake_vel_transform_node
[0.243s] -- Up-to-date symlink: /home/hero/Desktop/birdiebot_nav_ws/install/fake_vel_transform/include/fake_vel_transform/fake_vel_transform.hpp
[0.244s] -- Up-to-date symlink: /home/hero/Desktop/birdiebot_nav_ws/install/fake_vel_transform/share/fake_vel_transform/environment/library_path.sh
[0.244s] -- Up-to-date symlink: /home/hero/Desktop/birdiebot_nav_ws/install/fake_vel_transform/share/fake_vel_transform/environment/library_path.dsv
[0.244s] -- Up-to-date symlink: /home/hero/Desktop/birdiebot_nav_ws/install/fake_vel_transform/lib/libfake_vel_transform.so
[0.244s] -- Up-to-date symlink: /home/hero/Desktop/birdiebot_nav_ws/install/fake_vel_transform/share/fake_vel_transform/launch/fake_vel_transform.launch.py
[0.244s] -- Up-to-date symlink: /home/hero/Desktop/birdiebot_nav_ws/install/fake_vel_transform/share/ament_index/resource_index/package_run_dependencies/fake_vel_transform
[0.245s] -- Up-to-date symlink: /home/hero/Desktop/birdiebot_nav_ws/install/fake_vel_transform/share/ament_index/resource_index/parent_prefix_path/fake_vel_transform
[0.245s] -- Up-to-date symlink: /home/hero/Desktop/birdiebot_nav_ws/install/fake_vel_transform/share/fake_vel_transform/environment/ament_prefix_path.sh
[0.245s] -- Up-to-date symlink: /home/hero/Desktop/birdiebot_nav_ws/install/fake_vel_transform/share/fake_vel_transform/environment/ament_prefix_path.dsv
[0.245s] -- Up-to-date symlink: /home/hero/Desktop/birdiebot_nav_ws/install/fake_vel_transform/share/fake_vel_transform/environment/path.sh
[0.245s] -- Up-to-date symlink: /home/hero/Desktop/birdiebot_nav_ws/install/fake_vel_transform/share/fake_vel_transform/environment/path.dsv
[0.245s] -- Up-to-date symlink: /home/hero/Desktop/birdiebot_nav_ws/install/fake_vel_transform/share/fake_vel_transform/local_setup.bash
[0.245s] -- Up-to-date symlink: /home/hero/Desktop/birdiebot_nav_ws/install/fake_vel_transform/share/fake_vel_transform/local_setup.sh
[0.245s] -- Up-to-date symlink: /home/hero/Desktop/birdiebot_nav_ws/install/fake_vel_transform/share/fake_vel_transform/local_setup.zsh
[0.245s] -- Up-to-date symlink: /home/hero/Desktop/birdiebot_nav_ws/install/fake_vel_transform/share/fake_vel_transform/local_setup.dsv
[0.245s] -- Symlinking: /home/hero/Desktop/birdiebot_nav_ws/install/fake_vel_transform/share/fake_vel_transform/package.dsv
[0.256s] -- Up-to-date symlink: /home/hero/Desktop/birdiebot_nav_ws/install/fake_vel_transform/share/ament_index/resource_index/packages/fake_vel_transform
[0.256s] -- Up-to-date symlink: /home/hero/Desktop/birdiebot_nav_ws/install/fake_vel_transform/share/ament_index/resource_index/rclcpp_components/fake_vel_transform
[0.256s] -- Up-to-date symlink: /home/hero/Desktop/birdiebot_nav_ws/install/fake_vel_transform/share/fake_vel_transform/cmake/ament_cmake_export_dependencies-extras.cmake
[0.256s] -- Up-to-date symlink: /home/hero/Desktop/birdiebot_nav_ws/install/fake_vel_transform/share/fake_vel_transform/cmake/ament_cmake_export_include_directories-extras.cmake
[0.256s] -- Up-to-date symlink: /home/hero/Desktop/birdiebot_nav_ws/install/fake_vel_transform/share/fake_vel_transform/cmake/ament_cmake_export_libraries-extras.cmake
[0.256s] -- Up-to-date symlink: /home/hero/Desktop/birdiebot_nav_ws/install/fake_vel_transform/share/fake_vel_transform/cmake/fake_vel_transformConfig.cmake
[0.256s] -- Up-to-date symlink: /home/hero/Desktop/birdiebot_nav_ws/install/fake_vel_transform/share/fake_vel_transform/cmake/fake_vel_transformConfig-version.cmake
[0.257s] -- Up-to-date symlink: /home/hero/Desktop/birdiebot_nav_ws/install/fake_vel_transform/share/fake_vel_transform/package.xml
[0.266s] Invoked command in '/home/hero/Desktop/birdiebot_nav_ws/build/fake_vel_transform' returned '0': CMAKE_PREFIX_PATH=/opt/ros/humble /usr/bin/cmake --install /home/hero/Desktop/birdiebot_nav_ws/build/fake_vel_transform
