[0.049s] Invoking command in '/home/hero/Desktop/birdiebot_nav_ws/build/rm_nav_bringup': CMAKE_PREFIX_PATH=/opt/ros/humble /usr/bin/cmake /home/hero/Desktop/birdiebot_nav_ws/src/rm_slam/src/rm_nav_bringup -DAMENT_CMAKE_SYMLINK_INSTALL=1 -DCMAKE_INSTALL_PREFIX=/home/hero/Desktop/birdiebot_nav_ws/install/rm_nav_bringup
[5.879s] -- The C compiler identification is GNU 11.4.0
[5.880s] -- The CXX compiler identification is GNU 11.4.0
[5.880s] -- Detecting C compiler ABI info
[5.880s] -- Detecting C compiler ABI info - done
[5.881s] -- Check for working C compiler: /usr/bin/cc - skipped
[5.881s] -- Detecting C compile features
[5.881s] -- Detecting C compile features - done
[5.881s] -- Detecting CXX compiler ABI info
[5.881s] -- Detecting CXX compiler ABI info - done
[5.881s] -- Check for working CXX compiler: /usr/bin/c++ - skipped
[5.881s] -- Detecting CXX compile features
[5.881s] -- Detecting CXX compile features - done
[5.881s] -- Found ament_cmake_auto: 1.3.8 (/opt/ros/humble/share/ament_cmake_auto/cmake)
[5.882s] -- Found Python3: /usr/bin/python3 (found version "3.10.12") found components: Interpreter 
[5.882s] -- Override CMake install command with custom implementation using symlinks instead of copying resources
[5.882s] -- Found ament_lint_auto: 0.12.10 (/opt/ros/humble/share/ament_lint_auto/cmake)
[5.882s] -- Configuring done
[5.882s] -- Generating done
[5.882s] -- Build files have been written to: /home/hero/Desktop/birdiebot_nav_ws/build/rm_nav_bringup
[5.884s] Invoked command in '/home/hero/Desktop/birdiebot_nav_ws/build/rm_nav_bringup' returned '0': CMAKE_PREFIX_PATH=/opt/ros/humble /usr/bin/cmake /home/hero/Desktop/birdiebot_nav_ws/src/rm_slam/src/rm_nav_bringup -DAMENT_CMAKE_SYMLINK_INSTALL=1 -DCMAKE_INSTALL_PREFIX=/home/hero/Desktop/birdiebot_nav_ws/install/rm_nav_bringup
[5.885s] Invoking command in '/home/hero/Desktop/birdiebot_nav_ws/build/rm_nav_bringup': CMAKE_PREFIX_PATH=/opt/ros/humble /usr/bin/cmake --build /home/hero/Desktop/birdiebot_nav_ws/build/rm_nav_bringup -- -j8 -l8
[8.082s] Invoked command in '/home/hero/Desktop/birdiebot_nav_ws/build/rm_nav_bringup' returned '0': CMAKE_PREFIX_PATH=/opt/ros/humble /usr/bin/cmake --build /home/hero/Desktop/birdiebot_nav_ws/build/rm_nav_bringup -- -j8 -l8
[8.125s] Invoking command in '/home/hero/Desktop/birdiebot_nav_ws/build/rm_nav_bringup': CMAKE_PREFIX_PATH=/opt/ros/humble /usr/bin/cmake --install /home/hero/Desktop/birdiebot_nav_ws/build/rm_nav_bringup
[8.360s] -- Install configuration: ""
[8.360s] -- Execute custom install script
[8.361s] -- Symlinking: /home/hero/Desktop/birdiebot_nav_ws/install/rm_nav_bringup/share/rm_nav_bringup/launch/.vscode/c_cpp_properties.json
[8.361s] -- Symlinking: /home/hero/Desktop/birdiebot_nav_ws/install/rm_nav_bringup/share/rm_nav_bringup/launch/.vscode/settings.json
[8.361s] -- Symlinking: /home/hero/Desktop/birdiebot_nav_ws/install/rm_nav_bringup/share/rm_nav_bringup/launch/bringup_real.launch.py
[8.361s] -- Symlinking: /home/hero/Desktop/birdiebot_nav_ws/install/rm_nav_bringup/share/rm_nav_bringup/launch/bringup_sim.launch.py
[8.361s] -- Symlinking: /home/hero/Desktop/birdiebot_nav_ws/install/rm_nav_bringup/share/rm_nav_bringup/launch/tf2.launch.py
[8.361s] -- Symlinking: /home/hero/Desktop/birdiebot_nav_ws/install/rm_nav_bringup/share/rm_nav_bringup/config/reality/MID360_config.json
[8.361s] -- Symlinking: /home/hero/Desktop/birdiebot_nav_ws/install/rm_nav_bringup/share/rm_nav_bringup/config/reality/fastlio_mid360_real.yaml
[8.361s] -- Symlinking: /home/hero/Desktop/birdiebot_nav_ws/install/rm_nav_bringup/share/rm_nav_bringup/config/reality/icp_registration_real.yaml
[8.361s] -- Symlinking: /home/hero/Desktop/birdiebot_nav_ws/install/rm_nav_bringup/share/rm_nav_bringup/config/reality/mapper_params_localization_real.yaml
[8.361s] -- Symlinking: /home/hero/Desktop/birdiebot_nav_ws/install/rm_nav_bringup/share/rm_nav_bringup/config/reality/mapper_params_online_async_real.yaml
[8.361s] -- Symlinking: /home/hero/Desktop/birdiebot_nav_ws/install/rm_nav_bringup/share/rm_nav_bringup/config/reality/measurement_params_real.yaml
[8.361s] -- Symlinking: /home/hero/Desktop/birdiebot_nav_ws/install/rm_nav_bringup/share/rm_nav_bringup/config/reality/nav2_params_real.yaml
[8.361s] -- Symlinking: /home/hero/Desktop/birdiebot_nav_ws/install/rm_nav_bringup/share/rm_nav_bringup/config/reality/pointlio_mid360_real.yaml
[8.361s] -- Symlinking: /home/hero/Desktop/birdiebot_nav_ws/install/rm_nav_bringup/share/rm_nav_bringup/config/reality/segmentation_real.yaml
[8.361s] -- Symlinking: /home/hero/Desktop/birdiebot_nav_ws/install/rm_nav_bringup/share/rm_nav_bringup/config/simulation/fastlio_mid360_sim.yaml
[8.361s] -- Symlinking: /home/hero/Desktop/birdiebot_nav_ws/install/rm_nav_bringup/share/rm_nav_bringup/config/simulation/icp_registration_sim.yaml
[8.361s] -- Symlinking: /home/hero/Desktop/birdiebot_nav_ws/install/rm_nav_bringup/share/rm_nav_bringup/config/simulation/mapper_params_localization_sim.yaml
[8.361s] -- Symlinking: /home/hero/Desktop/birdiebot_nav_ws/install/rm_nav_bringup/share/rm_nav_bringup/config/simulation/mapper_params_online_async_sim.yaml
[8.361s] -- Symlinking: /home/hero/Desktop/birdiebot_nav_ws/install/rm_nav_bringup/share/rm_nav_bringup/config/simulation/measurement_params_sim.yaml
[8.361s] -- Symlinking: /home/hero/Desktop/birdiebot_nav_ws/install/rm_nav_bringup/share/rm_nav_bringup/config/simulation/nav2_params_sim.yaml
[8.361s] -- Symlinking: /home/hero/Desktop/birdiebot_nav_ws/install/rm_nav_bringup/share/rm_nav_bringup/config/simulation/pointlio_mid360_sim.yaml
[8.361s] -- Symlinking: /home/hero/Desktop/birdiebot_nav_ws/install/rm_nav_bringup/share/rm_nav_bringup/config/simulation/segmentation_sim.yaml
[8.361s] -- Symlinking: /home/hero/Desktop/birdiebot_nav_ws/install/rm_nav_bringup/share/rm_nav_bringup/map/rmuc_2025.pgm
[8.362s] -- Symlinking: /home/hero/Desktop/birdiebot_nav_ws/install/rm_nav_bringup/share/rm_nav_bringup/map/rmuc_2025.yaml
[8.362s] -- Symlinking: /home/hero/Desktop/birdiebot_nav_ws/install/rm_nav_bringup/share/rm_nav_bringup/map/rmuc_2025_normalized.pgm
[8.362s] -- Symlinking: /home/hero/Desktop/birdiebot_nav_ws/install/rm_nav_bringup/share/rm_nav_bringup/map/rmuc_2025_normalized.yaml
[8.370s] -- Symlinking: /home/hero/Desktop/birdiebot_nav_ws/install/rm_nav_bringup/share/rm_nav_bringup/rviz/fastlio.rviz
[8.380s] -- Symlinking: /home/hero/Desktop/birdiebot_nav_ws/install/rm_nav_bringup/share/rm_nav_bringup/rviz/loam_livox.rviz
[8.409s] -- Symlinking: /home/hero/Desktop/birdiebot_nav_ws/install/rm_nav_bringup/share/rm_nav_bringup/rviz/pointlio.rviz
[8.427s] -- Symlinking: /home/hero/Desktop/birdiebot_nav_ws/install/rm_nav_bringup/share/rm_nav_bringup/urdf/sentry_robot_real.xacro
[8.431s] -- Symlinking: /home/hero/Desktop/birdiebot_nav_ws/install/rm_nav_bringup/share/rm_nav_bringup/urdf/sentry_robot_sim.xacro
[8.441s] -- Symlinking: /home/hero/Desktop/birdiebot_nav_ws/install/rm_nav_bringup/share/ament_index/resource_index/package_run_dependencies/rm_nav_bringup
[8.451s] -- Symlinking: /home/hero/Desktop/birdiebot_nav_ws/install/rm_nav_bringup/share/ament_index/resource_index/parent_prefix_path/rm_nav_bringup
[8.469s] -- Symlinking: /home/hero/Desktop/birdiebot_nav_ws/install/rm_nav_bringup/share/rm_nav_bringup/environment/ament_prefix_path.sh
[8.470s] -- Symlinking: /home/hero/Desktop/birdiebot_nav_ws/install/rm_nav_bringup/share/rm_nav_bringup/environment/ament_prefix_path.dsv
[8.480s] -- Symlinking: /home/hero/Desktop/birdiebot_nav_ws/install/rm_nav_bringup/share/rm_nav_bringup/environment/path.sh
[8.489s] -- Symlinking: /home/hero/Desktop/birdiebot_nav_ws/install/rm_nav_bringup/share/rm_nav_bringup/environment/path.dsv
[8.498s] -- Symlinking: /home/hero/Desktop/birdiebot_nav_ws/install/rm_nav_bringup/share/rm_nav_bringup/local_setup.bash
[8.511s] -- Symlinking: /home/hero/Desktop/birdiebot_nav_ws/install/rm_nav_bringup/share/rm_nav_bringup/local_setup.sh
[8.520s] -- Symlinking: /home/hero/Desktop/birdiebot_nav_ws/install/rm_nav_bringup/share/rm_nav_bringup/local_setup.zsh
[8.529s] -- Symlinking: /home/hero/Desktop/birdiebot_nav_ws/install/rm_nav_bringup/share/rm_nav_bringup/local_setup.dsv
[8.539s] -- Symlinking: /home/hero/Desktop/birdiebot_nav_ws/install/rm_nav_bringup/share/rm_nav_bringup/package.dsv
[8.549s] -- Symlinking: /home/hero/Desktop/birdiebot_nav_ws/install/rm_nav_bringup/share/ament_index/resource_index/packages/rm_nav_bringup
[8.559s] -- Symlinking: /home/hero/Desktop/birdiebot_nav_ws/install/rm_nav_bringup/share/rm_nav_bringup/cmake/rm_nav_bringupConfig.cmake
[8.570s] -- Symlinking: /home/hero/Desktop/birdiebot_nav_ws/install/rm_nav_bringup/share/rm_nav_bringup/cmake/rm_nav_bringupConfig-version.cmake
[8.582s] -- Symlinking: /home/hero/Desktop/birdiebot_nav_ws/install/rm_nav_bringup/share/rm_nav_bringup/package.xml
[8.611s] Invoked command in '/home/hero/Desktop/birdiebot_nav_ws/build/rm_nav_bringup' returned '0': CMAKE_PREFIX_PATH=/opt/ros/humble /usr/bin/cmake --install /home/hero/Desktop/birdiebot_nav_ws/build/rm_nav_bringup
