[0.042s] Invoking command in '/home/hero/Desktop/birdiebot_nav_ws/build/pb_omni_pid_pursuit_controller': CMAKE_PREFIX_PATH=/opt/ros/humble /usr/bin/cmake --build /home/hero/Desktop/birdiebot_nav_ws/build/pb_omni_pid_pursuit_controller -- -j8 -l8
[0.325s] [ 33%] [32m[1mLinking CXX shared library libpb_omni_pid_pursuit_controller.so[0m
[1.405s] [100%] Built target pb_omni_pid_pursuit_controller
[1.459s] Invoked command in '/home/hero/Desktop/birdiebot_nav_ws/build/pb_omni_pid_pursuit_controller' returned '0': CMAKE_PREFIX_PATH=/opt/ros/humble /usr/bin/cmake --build /home/hero/Desktop/birdiebot_nav_ws/build/pb_omni_pid_pursuit_controller -- -j8 -l8
[1.779s] Invoking command in '/home/hero/Desktop/birdiebot_nav_ws/build/pb_omni_pid_pursuit_controller': CMAKE_PREFIX_PATH=/opt/ros/humble /usr/bin/cmake --install /home/hero/Desktop/birdiebot_nav_ws/build/pb_omni_pid_pursuit_controller
[2.260s] -- Install configuration: ""
[2.260s] -- Execute custom install script
[2.260s] -- Up-to-date symlink: /home/hero/Desktop/birdiebot_nav_ws/install/pb_omni_pid_pursuit_controller/share/pb_omni_pid_pursuit_controller//pb_omni_pid_pursuit_controller.xml
[2.260s] -- Up-to-date symlink: /home/hero/Desktop/birdiebot_nav_ws/install/pb_omni_pid_pursuit_controller/include/pb_omni_pid_pursuit_controller/omni_pid_pursuit_controller.hpp
[2.260s] -- Up-to-date symlink: /home/hero/Desktop/birdiebot_nav_ws/install/pb_omni_pid_pursuit_controller/include/pb_omni_pid_pursuit_controller/pid.hpp
[2.260s] -- Up-to-date symlink: /home/hero/Desktop/birdiebot_nav_ws/install/pb_omni_pid_pursuit_controller/share/pb_omni_pid_pursuit_controller/environment/library_path.sh
[2.260s] -- Up-to-date symlink: /home/hero/Desktop/birdiebot_nav_ws/install/pb_omni_pid_pursuit_controller/share/pb_omni_pid_pursuit_controller/environment/library_path.dsv
[2.260s] -- Up-to-date symlink: /home/hero/Desktop/birdiebot_nav_ws/install/pb_omni_pid_pursuit_controller/lib/libpb_omni_pid_pursuit_controller.so
[2.260s] -- Up-to-date symlink: /home/hero/Desktop/birdiebot_nav_ws/install/pb_omni_pid_pursuit_controller/share/ament_index/resource_index/package_run_dependencies/pb_omni_pid_pursuit_controller
[2.260s] -- Up-to-date symlink: /home/hero/Desktop/birdiebot_nav_ws/install/pb_omni_pid_pursuit_controller/share/ament_index/resource_index/parent_prefix_path/pb_omni_pid_pursuit_controller
[2.261s] -- Up-to-date symlink: /home/hero/Desktop/birdiebot_nav_ws/install/pb_omni_pid_pursuit_controller/share/pb_omni_pid_pursuit_controller/environment/ament_prefix_path.sh
[2.261s] -- Up-to-date symlink: /home/hero/Desktop/birdiebot_nav_ws/install/pb_omni_pid_pursuit_controller/share/pb_omni_pid_pursuit_controller/environment/ament_prefix_path.dsv
[2.261s] -- Up-to-date symlink: /home/hero/Desktop/birdiebot_nav_ws/install/pb_omni_pid_pursuit_controller/share/pb_omni_pid_pursuit_controller/environment/path.sh
[2.261s] -- Up-to-date symlink: /home/hero/Desktop/birdiebot_nav_ws/install/pb_omni_pid_pursuit_controller/share/pb_omni_pid_pursuit_controller/environment/path.dsv
[2.261s] -- Up-to-date symlink: /home/hero/Desktop/birdiebot_nav_ws/install/pb_omni_pid_pursuit_controller/share/pb_omni_pid_pursuit_controller/local_setup.bash
[2.261s] -- Up-to-date symlink: /home/hero/Desktop/birdiebot_nav_ws/install/pb_omni_pid_pursuit_controller/share/pb_omni_pid_pursuit_controller/local_setup.sh
[2.261s] -- Up-to-date symlink: /home/hero/Desktop/birdiebot_nav_ws/install/pb_omni_pid_pursuit_controller/share/pb_omni_pid_pursuit_controller/local_setup.zsh
[2.261s] -- Up-to-date symlink: /home/hero/Desktop/birdiebot_nav_ws/install/pb_omni_pid_pursuit_controller/share/pb_omni_pid_pursuit_controller/local_setup.dsv
[2.261s] -- Symlinking: /home/hero/Desktop/birdiebot_nav_ws/install/pb_omni_pid_pursuit_controller/share/pb_omni_pid_pursuit_controller/package.dsv
[2.261s] -- Up-to-date symlink: /home/hero/Desktop/birdiebot_nav_ws/install/pb_omni_pid_pursuit_controller/share/ament_index/resource_index/packages/pb_omni_pid_pursuit_controller
[2.261s] -- Up-to-date symlink: /home/hero/Desktop/birdiebot_nav_ws/install/pb_omni_pid_pursuit_controller/share/ament_index/resource_index/nav2_core__pluginlib__plugin/pb_omni_pid_pursuit_controller
[2.261s] -- Up-to-date symlink: /home/hero/Desktop/birdiebot_nav_ws/install/pb_omni_pid_pursuit_controller/share/pb_omni_pid_pursuit_controller/cmake/ament_cmake_export_dependencies-extras.cmake
[2.261s] -- Up-to-date symlink: /home/hero/Desktop/birdiebot_nav_ws/install/pb_omni_pid_pursuit_controller/share/pb_omni_pid_pursuit_controller/cmake/ament_cmake_export_include_directories-extras.cmake
[2.261s] -- Up-to-date symlink: /home/hero/Desktop/birdiebot_nav_ws/install/pb_omni_pid_pursuit_controller/share/pb_omni_pid_pursuit_controller/cmake/ament_cmake_export_libraries-extras.cmake
[2.261s] -- Up-to-date symlink: /home/hero/Desktop/birdiebot_nav_ws/install/pb_omni_pid_pursuit_controller/share/pb_omni_pid_pursuit_controller/cmake/pb_omni_pid_pursuit_controllerConfig.cmake
[2.261s] -- Up-to-date symlink: /home/hero/Desktop/birdiebot_nav_ws/install/pb_omni_pid_pursuit_controller/share/pb_omni_pid_pursuit_controller/cmake/pb_omni_pid_pursuit_controllerConfig-version.cmake
[2.261s] -- Up-to-date symlink: /home/hero/Desktop/birdiebot_nav_ws/install/pb_omni_pid_pursuit_controller/share/pb_omni_pid_pursuit_controller/package.xml
[2.275s] Invoked command in '/home/hero/Desktop/birdiebot_nav_ws/build/pb_omni_pid_pursuit_controller' returned '0': CMAKE_PREFIX_PATH=/opt/ros/humble /usr/bin/cmake --install /home/hero/Desktop/birdiebot_nav_ws/build/pb_omni_pid_pursuit_controller
