[0.034s] Invoking command in '/home/hero/Desktop/birdiebot_nav_ws/build/linefit_ground_segmentation': CMAKE_PREFIX_PATH=/opt/ros/humble /usr/bin/cmake --build /home/hero/Desktop/birdiebot_nav_ws/build/linefit_ground_segmentation -- -j8 -l8
[0.617s] [100%] Built target linefit_ground_segmentation
[0.618s] Invoked command in '/home/hero/Desktop/birdiebot_nav_ws/build/linefit_ground_segmentation' returned '0': CMAKE_PREFIX_PATH=/opt/ros/humble /usr/bin/cmake --build /home/hero/Desktop/birdiebot_nav_ws/build/linefit_ground_segmentation -- -j8 -l8
[0.660s] Invoking command in '/home/hero/Desktop/birdiebot_nav_ws/build/linefit_ground_segmentation': CMAKE_PREFIX_PATH=/opt/ros/humble /usr/bin/cmake --install /home/hero/Desktop/birdiebot_nav_ws/build/linefit_ground_segmentation
[0.669s] -- Install configuration: ""
[0.669s] -- Execute custom install script
[0.671s] -- Up-to-date symlink: /home/hero/Desktop/birdiebot_nav_ws/install/linefit_ground_segmentation/include/ground_segmentation/bin.h
[0.671s] -- Up-to-date symlink: /home/hero/Desktop/birdiebot_nav_ws/install/linefit_ground_segmentation/include/ground_segmentation/ground_segmentation.h
[0.671s] -- Up-to-date symlink: /home/hero/Desktop/birdiebot_nav_ws/install/linefit_ground_segmentation/include/ground_segmentation/segment.h
[0.671s] -- Up-to-date symlink: /home/hero/Desktop/birdiebot_nav_ws/install/linefit_ground_segmentation/include/ground_segmentation/typedefs.h
[0.671s] -- Up-to-date symlink: /home/hero/Desktop/birdiebot_nav_ws/install/linefit_ground_segmentation/include/ground_segmentation/viewer.h
[0.672s] -- Up-to-date symlink: /home/hero/Desktop/birdiebot_nav_ws/install/linefit_ground_segmentation/share/linefit_ground_segmentation/environment/library_path.sh
[0.672s] -- Up-to-date symlink: /home/hero/Desktop/birdiebot_nav_ws/install/linefit_ground_segmentation/share/linefit_ground_segmentation/environment/library_path.dsv
[0.672s] -- Up-to-date symlink: /home/hero/Desktop/birdiebot_nav_ws/install/linefit_ground_segmentation/lib/liblinefit_ground_segmentation.so
[0.672s] -- Up-to-date symlink: /home/hero/Desktop/birdiebot_nav_ws/install/linefit_ground_segmentation/share/ament_index/resource_index/package_run_dependencies/linefit_ground_segmentation
[0.672s] -- Up-to-date symlink: /home/hero/Desktop/birdiebot_nav_ws/install/linefit_ground_segmentation/share/ament_index/resource_index/parent_prefix_path/linefit_ground_segmentation
[0.672s] -- Up-to-date symlink: /home/hero/Desktop/birdiebot_nav_ws/install/linefit_ground_segmentation/share/linefit_ground_segmentation/environment/ament_prefix_path.sh
[0.672s] -- Up-to-date symlink: /home/hero/Desktop/birdiebot_nav_ws/install/linefit_ground_segmentation/share/linefit_ground_segmentation/environment/ament_prefix_path.dsv
[0.672s] -- Up-to-date symlink: /home/hero/Desktop/birdiebot_nav_ws/install/linefit_ground_segmentation/share/linefit_ground_segmentation/environment/path.sh
[0.672s] -- Up-to-date symlink: /home/hero/Desktop/birdiebot_nav_ws/install/linefit_ground_segmentation/share/linefit_ground_segmentation/environment/path.dsv
[0.672s] -- Up-to-date symlink: /home/hero/Desktop/birdiebot_nav_ws/install/linefit_ground_segmentation/share/linefit_ground_segmentation/local_setup.bash
[0.672s] -- Up-to-date symlink: /home/hero/Desktop/birdiebot_nav_ws/install/linefit_ground_segmentation/share/linefit_ground_segmentation/local_setup.sh
[0.672s] -- Up-to-date symlink: /home/hero/Desktop/birdiebot_nav_ws/install/linefit_ground_segmentation/share/linefit_ground_segmentation/local_setup.zsh
[0.672s] -- Up-to-date symlink: /home/hero/Desktop/birdiebot_nav_ws/install/linefit_ground_segmentation/share/linefit_ground_segmentation/local_setup.dsv
[0.672s] -- Symlinking: /home/hero/Desktop/birdiebot_nav_ws/install/linefit_ground_segmentation/share/linefit_ground_segmentation/package.dsv
[0.690s] -- Up-to-date symlink: /home/hero/Desktop/birdiebot_nav_ws/install/linefit_ground_segmentation/share/ament_index/resource_index/packages/linefit_ground_segmentation
[0.692s] -- Up-to-date symlink: /home/hero/Desktop/birdiebot_nav_ws/install/linefit_ground_segmentation/share/linefit_ground_segmentation/cmake/ament_cmake_export_dependencies-extras.cmake
[0.693s] -- Up-to-date symlink: /home/hero/Desktop/birdiebot_nav_ws/install/linefit_ground_segmentation/share/linefit_ground_segmentation/cmake/ament_cmake_export_include_directories-extras.cmake
[0.693s] -- Up-to-date symlink: /home/hero/Desktop/birdiebot_nav_ws/install/linefit_ground_segmentation/share/linefit_ground_segmentation/cmake/ament_cmake_export_libraries-extras.cmake
[0.693s] -- Up-to-date symlink: /home/hero/Desktop/birdiebot_nav_ws/install/linefit_ground_segmentation/share/linefit_ground_segmentation/cmake/linefit_ground_segmentationConfig.cmake
[0.693s] -- Up-to-date symlink: /home/hero/Desktop/birdiebot_nav_ws/install/linefit_ground_segmentation/share/linefit_ground_segmentation/cmake/linefit_ground_segmentationConfig-version.cmake
[0.694s] -- Up-to-date symlink: /home/hero/Desktop/birdiebot_nav_ws/install/linefit_ground_segmentation/share/linefit_ground_segmentation/package.xml
[0.698s] Invoked command in '/home/hero/Desktop/birdiebot_nav_ws/build/linefit_ground_segmentation' returned '0': CMAKE_PREFIX_PATH=/opt/ros/humble /usr/bin/cmake --install /home/hero/Desktop/birdiebot_nav_ws/build/linefit_ground_segmentation
