-- The C compiler identification is GNU 11.4.0
-- The CXX compiler identification is GNU 11.4.0
-- Detecting C compiler ABI info
-- Detecting C compiler ABI info - done
-- Check for working C compiler: /usr/bin/cc - skipped
-- Detecting C compile features
-- Detecting C compile features - done
-- Detecting CXX compiler ABI info
-- Detecting CXX compiler ABI info - done
-- Check for working CXX compiler: /usr/bin/c++ - skipped
-- Detecting CXX compile features
-- Detecting CXX compile features - done
-- Found ament_cmake_auto: 1.3.8 (/opt/ros/humble/share/ament_cmake_auto/cmake)
-- Found Python3: /usr/bin/python3 (found version "3.10.12") found components: Interpreter 
-- Override CMake install command with custom implementation using symlinks instead of copying resources
-- Found rosidl_generator_c: 3.1.5 (/opt/ros/humble/share/rosidl_generator_c/cmake)
-- Found rosidl_adapter: 3.1.5 (/opt/ros/humble/share/rosidl_adapter/cmake)
-- Found rosidl_generator_cpp: 3.1.5 (/opt/ros/humble/share/rosidl_generator_cpp/cmake)
-- Using all available rosidl_typesupport_c: rosidl_typesupport_fastrtps_c;rosidl_typesupport_introspection_c
-- Using all available rosidl_typesupport_cpp: rosidl_typesupport_fastrtps_cpp;rosidl_typesupport_introspection_cpp
-- Found rmw_implementation_cmake: 6.1.1 (/opt/ros/humble/share/rmw_implementation_cmake/cmake)
-- Found rmw_fastrtps_cpp: 6.2.6 (/opt/ros/humble/share/rmw_fastrtps_cpp/cmake)
-- Found OpenSSL: /usr/lib/x86_64-linux-gnu/libcrypto.so (found version "3.0.2")  
-- Found FastRTPS: /opt/ros/humble/include  
-- Using RMW implementation 'rmw_fastrtps_cpp' as default
-- Looking for pthread.h
-- Looking for pthread.h - found
-- Performing Test CMAKE_HAVE_LIBC_PTHREAD
-- Performing Test CMAKE_HAVE_LIBC_PTHREAD - Success
-- Found Threads: TRUE  
-- Configuring done
-- Generating done
-- Build files have been written to: /home/hero/Desktop/birdiebot_nav_ws/build/rm_behavior_tree
[  2%] [32mBuilding CXX object CMakeFiles/rm_behavior_tree.dir/src/rm_behavior_tree.cpp.o[0m
[  4%] [32m[1mLinking CXX executable rm_behavior_tree[0m
[  4%] Built target rm_behavior_tree
[  6%] [32mBuilding CXX object CMakeFiles/rate_controller.dir/plugins/decorator/rate_controller.cpp.o[0m
[  9%] [32m[1mLinking CXX shared library librate_controller.so[0m
[  9%] Built target rate_controller
[ 11%] [32mBuilding CXX object CMakeFiles/decision_switch.dir/plugins/control/decision_switch.cpp.o[0m
[ 13%] [32m[1mLinking CXX shared library libdecision_switch.so[0m
[ 13%] Built target decision_switch
[ 15%] [32mBuilding CXX object CMakeFiles/is_game_start.dir/plugins/condition/is_game_start.cpp.o[0m
[ 18%] [32m[1mLinking CXX shared library libis_game_start.so[0m
[ 18%] Built target is_game_start
[ 20%] [32mBuilding CXX object CMakeFiles/is_status_ok.dir/plugins/condition/is_status_ok.cpp.o[0m
[ 22%] [32m[1mLinking CXX shared library libis_status_ok.so[0m
[ 22%] Built target is_status_ok
[ 25%] [32mBuilding CXX object CMakeFiles/is_bullet_ok.dir/plugins/condition/is_bullet_ok.cpp.o[0m
[ 27%] [32m[1mLinking CXX shared library libis_bullet_ok.so[0m
[ 27%] Built target is_bullet_ok
[ 29%] [32mBuilding CXX object CMakeFiles/is_outpost_ok.dir/plugins/condition/is_outpost_ok.cpp.o[0m
[ 31%] [32m[1mLinking CXX shared library libis_outpost_ok.so[0m
[ 31%] Built target is_outpost_ok
[ 34%] [32mBuilding CXX object CMakeFiles/is_enemy_outpost_ok.dir/plugins/condition/is_enemy_outpost_ok.cpp.o[0m
[ 36%] [32m[1mLinking CXX shared library libis_enemy_outpost_ok.so[0m
[ 36%] Built target is_enemy_outpost_ok
[ 38%] [32mBuilding CXX object CMakeFiles/is_time_triggered.dir/plugins/condition/is_time_triggered.cpp.o[0m
[ 40%] [32m[1mLinking CXX shared library libis_time_triggered.so[0m
[ 40%] Built target is_time_triggered
[ 43%] [32mBuilding CXX object CMakeFiles/send_goal.dir/plugins/action/send_goal.cpp.o[0m
[ 45%] [32m[1mLinking CXX shared library libsend_goal.so[0m
[ 45%] Built target send_goal
[ 47%] [32mBuilding CXX object CMakeFiles/sub_all_robot_hp.dir/plugins/action/sub_all_robot_hp.cpp.o[0m
[ 50%] [32m[1mLinking CXX shared library libsub_all_robot_hp.so[0m
[ 50%] Built target sub_all_robot_hp
[ 52%] [32mBuilding CXX object CMakeFiles/sub_robot_status.dir/plugins/action/sub_robot_status.cpp.o[0m
[ 54%] [32m[1mLinking CXX shared library libsub_robot_status.so[0m
[ 54%] Built target sub_robot_status
[ 56%] [32mBuilding CXX object CMakeFiles/sub_game_status.dir/plugins/action/sub_game_status.cpp.o[0m
[ 59%] [32m[1mLinking CXX shared library libsub_game_status.so[0m
[ 59%] Built target sub_game_status
[ 61%] [32mBuilding CXX object CMakeFiles/sub_decision_num.dir/plugins/action/sub_decision_num.cpp.o[0m
[ 63%] [32m[1mLinking CXX shared library libsub_decision_num.so[0m
[ 63%] Built target sub_decision_num
[ 65%] [32mBuilding CXX object CMakeFiles/sub_cv_decision.dir/plugins/action/sub_cv_decision.cpp.o[0m
[ 68%] [32m[1mLinking CXX shared library libsub_cv_decision.so[0m
[ 68%] Built target sub_cv_decision
[ 70%] [32mBuilding CXX object CMakeFiles/sub_decision_status.dir/plugins/action/sub_decision_status.cpp.o[0m
[ 72%] [32m[1mLinking CXX shared library libsub_decision_status.so[0m
[ 72%] Built target sub_decision_status
[ 75%] [32mBuilding CXX object CMakeFiles/get_current_location.dir/plugins/action/get_current_location.cpp.o[0m
[ 77%] [32m[1mLinking CXX shared library libget_current_location.so[0m
[ 77%] Built target get_current_location
[ 79%] [32mBuilding CXX object CMakeFiles/move_around.dir/plugins/action/move_around.cpp.o[0m
[ 81%] [32m[1mLinking CXX shared library libmove_around.so[0m
[ 81%] Built target move_around
[ 84%] [32mBuilding CXX object CMakeFiles/print_message.dir/plugins/action/print_message.cpp.o[0m
[ 86%] [32m[1mLinking CXX shared library libprint_message.so[0m
[ 86%] Built target print_message
[ 88%] [32mBuilding CXX object CMakeFiles/sleep_action.dir/plugins/action/sleep_action.cpp.o[0m
[ 90%] [32m[1mLinking CXX shared library libsleep_action.so[0m
[ 90%] Built target sleep_action
[ 93%] [32mBuilding CXX object CMakeFiles/simple_success.dir/plugins/action/simple_success.cpp.o[0m
[ 95%] [32m[1mLinking CXX shared library libsimple_success.so[0m
[ 95%] Built target simple_success
[ 97%] [32mBuilding CXX object CMakeFiles/is_center_triggered.dir/plugins/condition/is_center_triggered.cpp.o[0m
[100%] [32m[1mLinking CXX shared library libis_center_triggered.so[0m
[100%] Built target is_center_triggered
-- Install configuration: ""
-- Execute custom install script
-- Symlinking: /home/hero/Desktop/birdiebot_nav_ws/install/rm_behavior_tree/include/rm_behavior_tree/bt_conversions.hpp
-- Symlinking: /home/hero/Desktop/birdiebot_nav_ws/install/rm_behavior_tree/include/rm_behavior_tree/plugins/action/calculate_attack_pose.hpp
-- Symlinking: /home/hero/Desktop/birdiebot_nav_ws/install/rm_behavior_tree/include/rm_behavior_tree/plugins/action/get_current_location.hpp
-- Symlinking: /home/hero/Desktop/birdiebot_nav_ws/install/rm_behavior_tree/include/rm_behavior_tree/plugins/action/move_around.hpp
-- Symlinking: /home/hero/Desktop/birdiebot_nav_ws/install/rm_behavior_tree/include/rm_behavior_tree/plugins/action/print_message.hpp
-- Symlinking: /home/hero/Desktop/birdiebot_nav_ws/install/rm_behavior_tree/include/rm_behavior_tree/plugins/action/send_goal.hpp
-- Symlinking: /home/hero/Desktop/birdiebot_nav_ws/install/rm_behavior_tree/include/rm_behavior_tree/plugins/action/simple_success.hpp
-- Symlinking: /home/hero/Desktop/birdiebot_nav_ws/install/rm_behavior_tree/include/rm_behavior_tree/plugins/action/sleep_action.hpp
-- Symlinking: /home/hero/Desktop/birdiebot_nav_ws/install/rm_behavior_tree/include/rm_behavior_tree/plugins/action/sub_all_robot_hp.hpp
-- Symlinking: /home/hero/Desktop/birdiebot_nav_ws/install/rm_behavior_tree/include/rm_behavior_tree/plugins/action/sub_cv_decision.hpp
-- Symlinking: /home/hero/Desktop/birdiebot_nav_ws/install/rm_behavior_tree/include/rm_behavior_tree/plugins/action/sub_decision_num.hpp
-- Symlinking: /home/hero/Desktop/birdiebot_nav_ws/install/rm_behavior_tree/include/rm_behavior_tree/plugins/action/sub_decision_status.hpp
-- Symlinking: /home/hero/Desktop/birdiebot_nav_ws/install/rm_behavior_tree/include/rm_behavior_tree/plugins/action/sub_game_status.hpp
-- Symlinking: /home/hero/Desktop/birdiebot_nav_ws/install/rm_behavior_tree/include/rm_behavior_tree/plugins/action/sub_robot_status.hpp
-- Symlinking: /home/hero/Desktop/birdiebot_nav_ws/install/rm_behavior_tree/include/rm_behavior_tree/plugins/condition/is_bullet_ok.hpp
-- Symlinking: /home/hero/Desktop/birdiebot_nav_ws/install/rm_behavior_tree/include/rm_behavior_tree/plugins/condition/is_center_triggered.hpp
-- Symlinking: /home/hero/Desktop/birdiebot_nav_ws/install/rm_behavior_tree/include/rm_behavior_tree/plugins/condition/is_enemy_outpost_ok.hpp
-- Symlinking: /home/hero/Desktop/birdiebot_nav_ws/install/rm_behavior_tree/include/rm_behavior_tree/plugins/condition/is_games_start.hpp
-- Symlinking: /home/hero/Desktop/birdiebot_nav_ws/install/rm_behavior_tree/include/rm_behavior_tree/plugins/condition/is_outpost_ok.hpp
-- Symlinking: /home/hero/Desktop/birdiebot_nav_ws/install/rm_behavior_tree/include/rm_behavior_tree/plugins/condition/is_status_ok.hpp
-- Symlinking: /home/hero/Desktop/birdiebot_nav_ws/install/rm_behavior_tree/include/rm_behavior_tree/plugins/condition/is_time_triggered.hpp
-- Symlinking: /home/hero/Desktop/birdiebot_nav_ws/install/rm_behavior_tree/include/rm_behavior_tree/plugins/control/decision_switch.hpp
-- Symlinking: /home/hero/Desktop/birdiebot_nav_ws/install/rm_behavior_tree/include/rm_behavior_tree/plugins/decorator/rate_controller.hpp
-- Symlinking: /home/hero/Desktop/birdiebot_nav_ws/install/rm_behavior_tree/include/rm_behavior_tree/rm_behavior_tree.h
-- Symlinking: /home/hero/Desktop/birdiebot_nav_ws/install/rm_behavior_tree/share/rm_behavior_tree/environment/library_path.sh
-- Symlinking: /home/hero/Desktop/birdiebot_nav_ws/install/rm_behavior_tree/share/rm_behavior_tree/environment/library_path.dsv
-- Symlinking: /home/hero/Desktop/birdiebot_nav_ws/install/rm_behavior_tree/lib/librate_controller.so
-- Symlinking: /home/hero/Desktop/birdiebot_nav_ws/install/rm_behavior_tree/lib/libdecision_switch.so
-- Symlinking: /home/hero/Desktop/birdiebot_nav_ws/install/rm_behavior_tree/lib/libis_game_start.so
-- Symlinking: /home/hero/Desktop/birdiebot_nav_ws/install/rm_behavior_tree/lib/libis_status_ok.so
-- Symlinking: /home/hero/Desktop/birdiebot_nav_ws/install/rm_behavior_tree/lib/libis_bullet_ok.so
-- Symlinking: /home/hero/Desktop/birdiebot_nav_ws/install/rm_behavior_tree/lib/libis_outpost_ok.so
-- Symlinking: /home/hero/Desktop/birdiebot_nav_ws/install/rm_behavior_tree/lib/libis_enemy_outpost_ok.so
-- Symlinking: /home/hero/Desktop/birdiebot_nav_ws/install/rm_behavior_tree/lib/libis_time_triggered.so
-- Symlinking: /home/hero/Desktop/birdiebot_nav_ws/install/rm_behavior_tree/lib/libsend_goal.so
-- Symlinking: /home/hero/Desktop/birdiebot_nav_ws/install/rm_behavior_tree/lib/libsub_all_robot_hp.so
-- Symlinking: /home/hero/Desktop/birdiebot_nav_ws/install/rm_behavior_tree/lib/libsub_robot_status.so
-- Symlinking: /home/hero/Desktop/birdiebot_nav_ws/install/rm_behavior_tree/lib/libsub_game_status.so
-- Symlinking: /home/hero/Desktop/birdiebot_nav_ws/install/rm_behavior_tree/lib/libsub_decision_num.so
-- Symlinking: /home/hero/Desktop/birdiebot_nav_ws/install/rm_behavior_tree/lib/libsub_cv_decision.so
-- Symlinking: /home/hero/Desktop/birdiebot_nav_ws/install/rm_behavior_tree/lib/libsub_decision_status.so
-- Symlinking: /home/hero/Desktop/birdiebot_nav_ws/install/rm_behavior_tree/lib/libget_current_location.so
-- Symlinking: /home/hero/Desktop/birdiebot_nav_ws/install/rm_behavior_tree/lib/libmove_around.so
-- Symlinking: /home/hero/Desktop/birdiebot_nav_ws/install/rm_behavior_tree/lib/libprint_message.so
-- Symlinking: /home/hero/Desktop/birdiebot_nav_ws/install/rm_behavior_tree/lib/libsleep_action.so
-- Symlinking: /home/hero/Desktop/birdiebot_nav_ws/install/rm_behavior_tree/lib/libsimple_success.so
-- Symlinking: /home/hero/Desktop/birdiebot_nav_ws/install/rm_behavior_tree/lib/libis_center_triggered.so
-- Symlinking: /home/hero/Desktop/birdiebot_nav_ws/install/rm_behavior_tree/lib/rm_behavior_tree/rm_behavior_tree
-- Symlinking: /home/hero/Desktop/birdiebot_nav_ws/install/rm_behavior_tree/share/ament_index/resource_index/package_run_dependencies/rm_behavior_tree
-- Symlinking: /home/hero/Desktop/birdiebot_nav_ws/install/rm_behavior_tree/share/ament_index/resource_index/parent_prefix_path/rm_behavior_tree
-- Symlinking: /home/hero/Desktop/birdiebot_nav_ws/install/rm_behavior_tree/share/rm_behavior_tree/environment/ament_prefix_path.sh
-- Symlinking: /home/hero/Desktop/birdiebot_nav_ws/install/rm_behavior_tree/share/rm_behavior_tree/environment/ament_prefix_path.dsv
-- Symlinking: /home/hero/Desktop/birdiebot_nav_ws/install/rm_behavior_tree/share/rm_behavior_tree/environment/path.sh
-- Symlinking: /home/hero/Desktop/birdiebot_nav_ws/install/rm_behavior_tree/share/rm_behavior_tree/environment/path.dsv
-- Symlinking: /home/hero/Desktop/birdiebot_nav_ws/install/rm_behavior_tree/share/rm_behavior_tree/local_setup.bash
-- Symlinking: /home/hero/Desktop/birdiebot_nav_ws/install/rm_behavior_tree/share/rm_behavior_tree/local_setup.sh
-- Symlinking: /home/hero/Desktop/birdiebot_nav_ws/install/rm_behavior_tree/share/rm_behavior_tree/local_setup.zsh
-- Symlinking: /home/hero/Desktop/birdiebot_nav_ws/install/rm_behavior_tree/share/rm_behavior_tree/local_setup.dsv
-- Symlinking: /home/hero/Desktop/birdiebot_nav_ws/install/rm_behavior_tree/share/rm_behavior_tree/package.dsv
-- Symlinking: /home/hero/Desktop/birdiebot_nav_ws/install/rm_behavior_tree/share/ament_index/resource_index/packages/rm_behavior_tree
-- Symlinking: /home/hero/Desktop/birdiebot_nav_ws/install/rm_behavior_tree/share/rm_behavior_tree/cmake/ament_cmake_export_dependencies-extras.cmake
-- Symlinking: /home/hero/Desktop/birdiebot_nav_ws/install/rm_behavior_tree/share/rm_behavior_tree/cmake/ament_cmake_export_include_directories-extras.cmake
-- Symlinking: /home/hero/Desktop/birdiebot_nav_ws/install/rm_behavior_tree/share/rm_behavior_tree/cmake/ament_cmake_export_libraries-extras.cmake
-- Symlinking: /home/hero/Desktop/birdiebot_nav_ws/install/rm_behavior_tree/share/rm_behavior_tree/cmake/rm_behavior_treeConfig.cmake
-- Symlinking: /home/hero/Desktop/birdiebot_nav_ws/install/rm_behavior_tree/share/rm_behavior_tree/cmake/rm_behavior_treeConfig-version.cmake
-- Symlinking: /home/hero/Desktop/birdiebot_nav_ws/install/rm_behavior_tree/share/rm_behavior_tree/package.xml
