[0.076s] Invoking command in '/home/hero/Desktop/birdiebot_nav_ws/build/rm_behavior_tree': AMENT_PREFIX_PATH=/home/hero/Desktop/birdiebot_nav_ws/install/rm_decision_interfaces:/home/hero/Desktop/birdiebot_nav_ws/install/behaviortree_ros2:${AMENT_PREFIX_PATH} CMAKE_PREFIX_PATH=/home/hero/Desktop/birdiebot_nav_ws/install/rm_decision_interfaces:/home/hero/Desktop/birdiebot_nav_ws/install/behaviortree_ros2:/opt/ros/humble LD_LIBRARY_PATH=/home/hero/Desktop/birdiebot_nav_ws/install/rm_decision_interfaces/lib:/opt/intel/openvino_2023.3.0/runtime/lib/intel64:/opt/MVS/lib/64:/opt/MVS/lib/32:/usr/lib/x86_64-linux-gnu/gazebo-11/plugins:/opt/ros/humble/opt/rviz_ogre_vendor/lib:/opt/ros/humble/lib/x86_64-linux-gnu:/opt/ros/humble/lib:/opt/MVS/lib/64:/opt/MVS/lib/32:/opt/MVS/lib/64:/opt/MVS/lib/32 PYTHONPATH=/home/hero/Desktop/birdiebot_nav_ws/install/rm_decision_interfaces/local/lib/python3.10/dist-packages:${PYTHONPATH} /usr/bin/cmake /home/hero/Desktop/birdiebot_nav_ws/src/rm_behavior_tree/rm_behavior_tree -DAMENT_CMAKE_SYMLINK_INSTALL=1 -DCMAKE_INSTALL_PREFIX=/home/hero/Desktop/birdiebot_nav_ws/install/rm_behavior_tree
[17.899s] -- The C compiler identification is GNU 11.4.0
[17.899s] -- The CXX compiler identification is GNU 11.4.0
[17.900s] -- Detecting C compiler ABI info
[17.900s] -- Detecting C compiler ABI info - done
[17.900s] -- Check for working C compiler: /usr/bin/cc - skipped
[17.900s] -- Detecting C compile features
[17.900s] -- Detecting C compile features - done
[17.900s] -- Detecting CXX compiler ABI info
[17.900s] -- Detecting CXX compiler ABI info - done
[17.900s] -- Check for working CXX compiler: /usr/bin/c++ - skipped
[17.900s] -- Detecting CXX compile features
[17.900s] -- Detecting CXX compile features - done
[17.900s] -- Found ament_cmake_auto: 1.3.8 (/opt/ros/humble/share/ament_cmake_auto/cmake)
[17.900s] -- Found Python3: /usr/bin/python3 (found version "3.10.12") found components: Interpreter 
[17.900s] -- Override CMake install command with custom implementation using symlinks instead of copying resources
[17.900s] -- Found rosidl_generator_c: 3.1.5 (/opt/ros/humble/share/rosidl_generator_c/cmake)
[17.900s] -- Found rosidl_adapter: 3.1.5 (/opt/ros/humble/share/rosidl_adapter/cmake)
[17.900s] -- Found rosidl_generator_cpp: 3.1.5 (/opt/ros/humble/share/rosidl_generator_cpp/cmake)
[17.900s] -- Using all available rosidl_typesupport_c: rosidl_typesupport_fastrtps_c;rosidl_typesupport_introspection_c
[17.900s] -- Using all available rosidl_typesupport_cpp: rosidl_typesupport_fastrtps_cpp;rosidl_typesupport_introspection_cpp
[17.900s] -- Found rmw_implementation_cmake: 6.1.1 (/opt/ros/humble/share/rmw_implementation_cmake/cmake)
[17.900s] -- Found rmw_fastrtps_cpp: 6.2.6 (/opt/ros/humble/share/rmw_fastrtps_cpp/cmake)
[17.900s] -- Found OpenSSL: /usr/lib/x86_64-linux-gnu/libcrypto.so (found version "3.0.2")  
[17.901s] -- Found FastRTPS: /opt/ros/humble/include  
[17.901s] -- Using RMW implementation 'rmw_fastrtps_cpp' as default
[17.901s] -- Looking for pthread.h
[17.901s] -- Looking for pthread.h - found
[17.901s] -- Performing Test CMAKE_HAVE_LIBC_PTHREAD
[17.901s] -- Performing Test CMAKE_HAVE_LIBC_PTHREAD - Success
[17.901s] -- Found Threads: TRUE  
[17.901s] -- Configuring done
[17.901s] -- Generating done
[17.901s] -- Build files have been written to: /home/hero/Desktop/birdiebot_nav_ws/build/rm_behavior_tree
[17.904s] Invoked command in '/home/hero/Desktop/birdiebot_nav_ws/build/rm_behavior_tree' returned '0': AMENT_PREFIX_PATH=/home/hero/Desktop/birdiebot_nav_ws/install/rm_decision_interfaces:/home/hero/Desktop/birdiebot_nav_ws/install/behaviortree_ros2:${AMENT_PREFIX_PATH} CMAKE_PREFIX_PATH=/home/hero/Desktop/birdiebot_nav_ws/install/rm_decision_interfaces:/home/hero/Desktop/birdiebot_nav_ws/install/behaviortree_ros2:/opt/ros/humble LD_LIBRARY_PATH=/home/hero/Desktop/birdiebot_nav_ws/install/rm_decision_interfaces/lib:/opt/intel/openvino_2023.3.0/runtime/lib/intel64:/opt/MVS/lib/64:/opt/MVS/lib/32:/usr/lib/x86_64-linux-gnu/gazebo-11/plugins:/opt/ros/humble/opt/rviz_ogre_vendor/lib:/opt/ros/humble/lib/x86_64-linux-gnu:/opt/ros/humble/lib:/opt/MVS/lib/64:/opt/MVS/lib/32:/opt/MVS/lib/64:/opt/MVS/lib/32 PYTHONPATH=/home/hero/Desktop/birdiebot_nav_ws/install/rm_decision_interfaces/local/lib/python3.10/dist-packages:${PYTHONPATH} /usr/bin/cmake /home/hero/Desktop/birdiebot_nav_ws/src/rm_behavior_tree/rm_behavior_tree -DAMENT_CMAKE_SYMLINK_INSTALL=1 -DCMAKE_INSTALL_PREFIX=/home/hero/Desktop/birdiebot_nav_ws/install/rm_behavior_tree
[17.906s] Invoking command in '/home/hero/Desktop/birdiebot_nav_ws/build/rm_behavior_tree': AMENT_PREFIX_PATH=/home/hero/Desktop/birdiebot_nav_ws/install/rm_decision_interfaces:/home/hero/Desktop/birdiebot_nav_ws/install/behaviortree_ros2:${AMENT_PREFIX_PATH} CMAKE_PREFIX_PATH=/home/hero/Desktop/birdiebot_nav_ws/install/rm_decision_interfaces:/home/hero/Desktop/birdiebot_nav_ws/install/behaviortree_ros2:/opt/ros/humble LD_LIBRARY_PATH=/home/hero/Desktop/birdiebot_nav_ws/install/rm_decision_interfaces/lib:/opt/intel/openvino_2023.3.0/runtime/lib/intel64:/opt/MVS/lib/64:/opt/MVS/lib/32:/usr/lib/x86_64-linux-gnu/gazebo-11/plugins:/opt/ros/humble/opt/rviz_ogre_vendor/lib:/opt/ros/humble/lib/x86_64-linux-gnu:/opt/ros/humble/lib:/opt/MVS/lib/64:/opt/MVS/lib/32:/opt/MVS/lib/64:/opt/MVS/lib/32 PYTHONPATH=/home/hero/Desktop/birdiebot_nav_ws/install/rm_decision_interfaces/local/lib/python3.10/dist-packages:${PYTHONPATH} /usr/bin/cmake --build /home/hero/Desktop/birdiebot_nav_ws/build/rm_behavior_tree -- -j8 -l8
[17.957s] [  2%] [32mBuilding CXX object CMakeFiles/rm_behavior_tree.dir/src/rm_behavior_tree.cpp.o[0m
[23.213s] [  4%] [32m[1mLinking CXX executable rm_behavior_tree[0m
[23.410s] [  4%] Built target rm_behavior_tree
[23.431s] [  6%] [32mBuilding CXX object CMakeFiles/rate_controller.dir/plugins/decorator/rate_controller.cpp.o[0m
[24.918s] [  9%] [32m[1mLinking CXX shared library librate_controller.so[0m
[25.067s] [  9%] Built target rate_controller
[25.088s] [ 11%] [32mBuilding CXX object CMakeFiles/decision_switch.dir/plugins/control/decision_switch.cpp.o[0m
[29.014s] [ 13%] [32m[1mLinking CXX shared library libdecision_switch.so[0m
[29.160s] [ 13%] Built target decision_switch
[29.175s] [ 15%] [32mBuilding CXX object CMakeFiles/is_game_start.dir/plugins/condition/is_game_start.cpp.o[0m
[30.394s] [ 18%] [32m[1mLinking CXX shared library libis_game_start.so[0m
[30.524s] [ 18%] Built target is_game_start
[30.538s] [ 20%] [32mBuilding CXX object CMakeFiles/is_status_ok.dir/plugins/condition/is_status_ok.cpp.o[0m
[32.188s] [ 22%] [32m[1mLinking CXX shared library libis_status_ok.so[0m
[32.382s] [ 22%] Built target is_status_ok
[32.403s] [ 25%] [32mBuilding CXX object CMakeFiles/is_bullet_ok.dir/plugins/condition/is_bullet_ok.cpp.o[0m
[34.284s] [ 27%] [32m[1mLinking CXX shared library libis_bullet_ok.so[0m
[34.485s] [ 27%] Built target is_bullet_ok
[34.504s] [ 29%] [32mBuilding CXX object CMakeFiles/is_outpost_ok.dir/plugins/condition/is_outpost_ok.cpp.o[0m
[36.416s] [ 31%] [32m[1mLinking CXX shared library libis_outpost_ok.so[0m
[36.615s] [ 31%] Built target is_outpost_ok
[36.635s] [ 34%] [32mBuilding CXX object CMakeFiles/is_enemy_outpost_ok.dir/plugins/condition/is_enemy_outpost_ok.cpp.o[0m
[38.555s] [ 36%] [32m[1mLinking CXX shared library libis_enemy_outpost_ok.so[0m
[38.749s] [ 36%] Built target is_enemy_outpost_ok
[38.770s] [ 38%] [32mBuilding CXX object CMakeFiles/is_time_triggered.dir/plugins/condition/is_time_triggered.cpp.o[0m
[40.615s] [ 40%] [32m[1mLinking CXX shared library libis_time_triggered.so[0m
[40.808s] [ 40%] Built target is_time_triggered
[40.829s] [ 43%] [32mBuilding CXX object CMakeFiles/send_goal.dir/plugins/action/send_goal.cpp.o[0m
[45.289s] [ 45%] [32m[1mLinking CXX shared library libsend_goal.so[0m
[45.591s] [ 45%] Built target send_goal
[45.613s] [ 47%] [32mBuilding CXX object CMakeFiles/sub_all_robot_hp.dir/plugins/action/sub_all_robot_hp.cpp.o[0m
[55.563s] [ 50%] [32m[1mLinking CXX shared library libsub_all_robot_hp.so[0m
[56.077s] [ 50%] Built target sub_all_robot_hp
[56.091s] [ 52%] [32mBuilding CXX object CMakeFiles/sub_robot_status.dir/plugins/action/sub_robot_status.cpp.o[0m
[64.171s] [ 54%] [32m[1mLinking CXX shared library libsub_robot_status.so[0m
[64.731s] [ 54%] Built target sub_robot_status
[64.748s] [ 56%] [32mBuilding CXX object CMakeFiles/sub_game_status.dir/plugins/action/sub_game_status.cpp.o[0m
[72.296s] [ 59%] [32m[1mLinking CXX shared library libsub_game_status.so[0m
[72.841s] [ 59%] Built target sub_game_status
[72.854s] [ 61%] [32mBuilding CXX object CMakeFiles/sub_decision_num.dir/plugins/action/sub_decision_num.cpp.o[0m
[79.395s] [ 63%] [32m[1mLinking CXX shared library libsub_decision_num.so[0m
[79.850s] [ 63%] Built target sub_decision_num
[79.862s] [ 65%] [32mBuilding CXX object CMakeFiles/sub_cv_decision.dir/plugins/action/sub_cv_decision.cpp.o[0m
[86.109s] [ 68%] [32m[1mLinking CXX shared library libsub_cv_decision.so[0m
[86.569s] [ 68%] Built target sub_cv_decision
[86.582s] [ 70%] [32mBuilding CXX object CMakeFiles/sub_decision_status.dir/plugins/action/sub_decision_status.cpp.o[0m
[92.786s] [ 72%] [32m[1mLinking CXX shared library libsub_decision_status.so[0m
[93.254s] [ 72%] Built target sub_decision_status
[93.267s] [ 75%] [32mBuilding CXX object CMakeFiles/get_current_location.dir/plugins/action/get_current_location.cpp.o[0m
[95.795s] [ 77%] [32m[1mLinking CXX shared library libget_current_location.so[0m
[95.989s] [ 77%] Built target get_current_location
[96.001s] [ 79%] [32mBuilding CXX object CMakeFiles/move_around.dir/plugins/action/move_around.cpp.o[0m
[99.110s] [ 81%] [32m[1mLinking CXX shared library libmove_around.so[0m
[99.361s] [ 81%] Built target move_around
[99.374s] [ 84%] [32mBuilding CXX object CMakeFiles/print_message.dir/plugins/action/print_message.cpp.o[0m
[101.386s] [ 86%] [32m[1mLinking CXX shared library libprint_message.so[0m
[101.554s] [ 86%] Built target print_message
[101.567s] [ 88%] [32mBuilding CXX object CMakeFiles/sleep_action.dir/plugins/action/sleep_action.cpp.o[0m
[103.599s] [ 90%] [32m[1mLinking CXX shared library libsleep_action.so[0m
[103.765s] [ 90%] Built target sleep_action
[103.778s] [ 93%] [32mBuilding CXX object CMakeFiles/simple_success.dir/plugins/action/simple_success.cpp.o[0m
[105.758s] [ 95%] [32m[1mLinking CXX shared library libsimple_success.so[0m
[105.925s] [ 95%] Built target simple_success
[105.937s] [ 97%] [32mBuilding CXX object CMakeFiles/is_center_triggered.dir/plugins/condition/is_center_triggered.cpp.o[0m
[106.923s] [100%] [32m[1mLinking CXX shared library libis_center_triggered.so[0m
[107.068s] [100%] Built target is_center_triggered
[107.074s] Invoked command in '/home/hero/Desktop/birdiebot_nav_ws/build/rm_behavior_tree' returned '0': AMENT_PREFIX_PATH=/home/hero/Desktop/birdiebot_nav_ws/install/rm_decision_interfaces:/home/hero/Desktop/birdiebot_nav_ws/install/behaviortree_ros2:${AMENT_PREFIX_PATH} CMAKE_PREFIX_PATH=/home/hero/Desktop/birdiebot_nav_ws/install/rm_decision_interfaces:/home/hero/Desktop/birdiebot_nav_ws/install/behaviortree_ros2:/opt/ros/humble LD_LIBRARY_PATH=/home/hero/Desktop/birdiebot_nav_ws/install/rm_decision_interfaces/lib:/opt/intel/openvino_2023.3.0/runtime/lib/intel64:/opt/MVS/lib/64:/opt/MVS/lib/32:/usr/lib/x86_64-linux-gnu/gazebo-11/plugins:/opt/ros/humble/opt/rviz_ogre_vendor/lib:/opt/ros/humble/lib/x86_64-linux-gnu:/opt/ros/humble/lib:/opt/MVS/lib/64:/opt/MVS/lib/32:/opt/MVS/lib/64:/opt/MVS/lib/32 PYTHONPATH=/home/hero/Desktop/birdiebot_nav_ws/install/rm_decision_interfaces/local/lib/python3.10/dist-packages:${PYTHONPATH} /usr/bin/cmake --build /home/hero/Desktop/birdiebot_nav_ws/build/rm_behavior_tree -- -j8 -l8
[107.120s] Invoking command in '/home/hero/Desktop/birdiebot_nav_ws/build/rm_behavior_tree': AMENT_PREFIX_PATH=/home/hero/Desktop/birdiebot_nav_ws/install/rm_decision_interfaces:/home/hero/Desktop/birdiebot_nav_ws/install/behaviortree_ros2:${AMENT_PREFIX_PATH} CMAKE_PREFIX_PATH=/home/hero/Desktop/birdiebot_nav_ws/install/rm_decision_interfaces:/home/hero/Desktop/birdiebot_nav_ws/install/behaviortree_ros2:/opt/ros/humble LD_LIBRARY_PATH=/home/hero/Desktop/birdiebot_nav_ws/install/rm_decision_interfaces/lib:/opt/intel/openvino_2023.3.0/runtime/lib/intel64:/opt/MVS/lib/64:/opt/MVS/lib/32:/usr/lib/x86_64-linux-gnu/gazebo-11/plugins:/opt/ros/humble/opt/rviz_ogre_vendor/lib:/opt/ros/humble/lib/x86_64-linux-gnu:/opt/ros/humble/lib:/opt/MVS/lib/64:/opt/MVS/lib/32:/opt/MVS/lib/64:/opt/MVS/lib/32 PYTHONPATH=/home/hero/Desktop/birdiebot_nav_ws/install/rm_decision_interfaces/local/lib/python3.10/dist-packages:${PYTHONPATH} /usr/bin/cmake --install /home/hero/Desktop/birdiebot_nav_ws/build/rm_behavior_tree
[107.124s] -- Install configuration: ""
[107.124s] -- Execute custom install script
[107.125s] -- Symlinking: /home/hero/Desktop/birdiebot_nav_ws/install/rm_behavior_tree/include/rm_behavior_tree/bt_conversions.hpp
[107.130s] -- Symlinking: /home/hero/Desktop/birdiebot_nav_ws/install/rm_behavior_tree/include/rm_behavior_tree/plugins/action/calculate_attack_pose.hpp
[107.135s] -- Symlinking: /home/hero/Desktop/birdiebot_nav_ws/install/rm_behavior_tree/include/rm_behavior_tree/plugins/action/get_current_location.hpp
[107.139s] -- Symlinking: /home/hero/Desktop/birdiebot_nav_ws/install/rm_behavior_tree/include/rm_behavior_tree/plugins/action/move_around.hpp
[107.144s] -- Symlinking: /home/hero/Desktop/birdiebot_nav_ws/install/rm_behavior_tree/include/rm_behavior_tree/plugins/action/print_message.hpp
[107.149s] -- Symlinking: /home/hero/Desktop/birdiebot_nav_ws/install/rm_behavior_tree/include/rm_behavior_tree/plugins/action/send_goal.hpp
[107.154s] -- Symlinking: /home/hero/Desktop/birdiebot_nav_ws/install/rm_behavior_tree/include/rm_behavior_tree/plugins/action/simple_success.hpp
[107.160s] -- Symlinking: /home/hero/Desktop/birdiebot_nav_ws/install/rm_behavior_tree/include/rm_behavior_tree/plugins/action/sleep_action.hpp
[107.165s] -- Symlinking: /home/hero/Desktop/birdiebot_nav_ws/install/rm_behavior_tree/include/rm_behavior_tree/plugins/action/sub_all_robot_hp.hpp
[107.170s] -- Symlinking: /home/hero/Desktop/birdiebot_nav_ws/install/rm_behavior_tree/include/rm_behavior_tree/plugins/action/sub_cv_decision.hpp
[107.175s] -- Symlinking: /home/hero/Desktop/birdiebot_nav_ws/install/rm_behavior_tree/include/rm_behavior_tree/plugins/action/sub_decision_num.hpp
[107.180s] -- Symlinking: /home/hero/Desktop/birdiebot_nav_ws/install/rm_behavior_tree/include/rm_behavior_tree/plugins/action/sub_decision_status.hpp
[107.185s] -- Symlinking: /home/hero/Desktop/birdiebot_nav_ws/install/rm_behavior_tree/include/rm_behavior_tree/plugins/action/sub_game_status.hpp
[107.189s] -- Symlinking: /home/hero/Desktop/birdiebot_nav_ws/install/rm_behavior_tree/include/rm_behavior_tree/plugins/action/sub_robot_status.hpp
[107.194s] -- Symlinking: /home/hero/Desktop/birdiebot_nav_ws/install/rm_behavior_tree/include/rm_behavior_tree/plugins/condition/is_bullet_ok.hpp
[107.199s] -- Symlinking: /home/hero/Desktop/birdiebot_nav_ws/install/rm_behavior_tree/include/rm_behavior_tree/plugins/condition/is_center_triggered.hpp
[107.204s] -- Symlinking: /home/hero/Desktop/birdiebot_nav_ws/install/rm_behavior_tree/include/rm_behavior_tree/plugins/condition/is_enemy_outpost_ok.hpp
[107.209s] -- Symlinking: /home/hero/Desktop/birdiebot_nav_ws/install/rm_behavior_tree/include/rm_behavior_tree/plugins/condition/is_games_start.hpp
[107.214s] -- Symlinking: /home/hero/Desktop/birdiebot_nav_ws/install/rm_behavior_tree/include/rm_behavior_tree/plugins/condition/is_outpost_ok.hpp
[107.219s] -- Symlinking: /home/hero/Desktop/birdiebot_nav_ws/install/rm_behavior_tree/include/rm_behavior_tree/plugins/condition/is_status_ok.hpp
[107.224s] -- Symlinking: /home/hero/Desktop/birdiebot_nav_ws/install/rm_behavior_tree/include/rm_behavior_tree/plugins/condition/is_time_triggered.hpp
[107.229s] -- Symlinking: /home/hero/Desktop/birdiebot_nav_ws/install/rm_behavior_tree/include/rm_behavior_tree/plugins/control/decision_switch.hpp
[107.234s] -- Symlinking: /home/hero/Desktop/birdiebot_nav_ws/install/rm_behavior_tree/include/rm_behavior_tree/plugins/decorator/rate_controller.hpp
[107.239s] -- Symlinking: /home/hero/Desktop/birdiebot_nav_ws/install/rm_behavior_tree/include/rm_behavior_tree/rm_behavior_tree.h
[107.244s] -- Symlinking: /home/hero/Desktop/birdiebot_nav_ws/install/rm_behavior_tree/share/rm_behavior_tree/environment/library_path.sh
[107.249s] -- Symlinking: /home/hero/Desktop/birdiebot_nav_ws/install/rm_behavior_tree/share/rm_behavior_tree/environment/library_path.dsv
[107.254s] -- Symlinking: /home/hero/Desktop/birdiebot_nav_ws/install/rm_behavior_tree/lib/librate_controller.so
[107.259s] -- Symlinking: /home/hero/Desktop/birdiebot_nav_ws/install/rm_behavior_tree/lib/libdecision_switch.so
[107.264s] -- Symlinking: /home/hero/Desktop/birdiebot_nav_ws/install/rm_behavior_tree/lib/libis_game_start.so
[107.271s] -- Symlinking: /home/hero/Desktop/birdiebot_nav_ws/install/rm_behavior_tree/lib/libis_status_ok.so
[107.276s] -- Symlinking: /home/hero/Desktop/birdiebot_nav_ws/install/rm_behavior_tree/lib/libis_bullet_ok.so
[107.281s] -- Symlinking: /home/hero/Desktop/birdiebot_nav_ws/install/rm_behavior_tree/lib/libis_outpost_ok.so
[107.286s] -- Symlinking: /home/hero/Desktop/birdiebot_nav_ws/install/rm_behavior_tree/lib/libis_enemy_outpost_ok.so
[107.291s] -- Symlinking: /home/hero/Desktop/birdiebot_nav_ws/install/rm_behavior_tree/lib/libis_time_triggered.so
[107.296s] -- Symlinking: /home/hero/Desktop/birdiebot_nav_ws/install/rm_behavior_tree/lib/libsend_goal.so
[107.302s] -- Symlinking: /home/hero/Desktop/birdiebot_nav_ws/install/rm_behavior_tree/lib/libsub_all_robot_hp.so
[107.307s] -- Symlinking: /home/hero/Desktop/birdiebot_nav_ws/install/rm_behavior_tree/lib/libsub_robot_status.so
[107.311s] -- Symlinking: /home/hero/Desktop/birdiebot_nav_ws/install/rm_behavior_tree/lib/libsub_game_status.so
[107.316s] -- Symlinking: /home/hero/Desktop/birdiebot_nav_ws/install/rm_behavior_tree/lib/libsub_decision_num.so
[107.321s] -- Symlinking: /home/hero/Desktop/birdiebot_nav_ws/install/rm_behavior_tree/lib/libsub_cv_decision.so
[107.326s] -- Symlinking: /home/hero/Desktop/birdiebot_nav_ws/install/rm_behavior_tree/lib/libsub_decision_status.so
[107.331s] -- Symlinking: /home/hero/Desktop/birdiebot_nav_ws/install/rm_behavior_tree/lib/libget_current_location.so
[107.336s] -- Symlinking: /home/hero/Desktop/birdiebot_nav_ws/install/rm_behavior_tree/lib/libmove_around.so
[107.341s] -- Symlinking: /home/hero/Desktop/birdiebot_nav_ws/install/rm_behavior_tree/lib/libprint_message.so
[107.346s] -- Symlinking: /home/hero/Desktop/birdiebot_nav_ws/install/rm_behavior_tree/lib/libsleep_action.so
[107.351s] -- Symlinking: /home/hero/Desktop/birdiebot_nav_ws/install/rm_behavior_tree/lib/libsimple_success.so
[107.356s] -- Symlinking: /home/hero/Desktop/birdiebot_nav_ws/install/rm_behavior_tree/lib/libis_center_triggered.so
[107.361s] -- Symlinking: /home/hero/Desktop/birdiebot_nav_ws/install/rm_behavior_tree/lib/rm_behavior_tree/rm_behavior_tree
[107.366s] -- Symlinking: /home/hero/Desktop/birdiebot_nav_ws/install/rm_behavior_tree/share/ament_index/resource_index/package_run_dependencies/rm_behavior_tree
[107.372s] -- Symlinking: /home/hero/Desktop/birdiebot_nav_ws/install/rm_behavior_tree/share/ament_index/resource_index/parent_prefix_path/rm_behavior_tree
[107.377s] -- Symlinking: /home/hero/Desktop/birdiebot_nav_ws/install/rm_behavior_tree/share/rm_behavior_tree/environment/ament_prefix_path.sh
[107.383s] -- Symlinking: /home/hero/Desktop/birdiebot_nav_ws/install/rm_behavior_tree/share/rm_behavior_tree/environment/ament_prefix_path.dsv
[107.388s] -- Symlinking: /home/hero/Desktop/birdiebot_nav_ws/install/rm_behavior_tree/share/rm_behavior_tree/environment/path.sh
[107.392s] -- Symlinking: /home/hero/Desktop/birdiebot_nav_ws/install/rm_behavior_tree/share/rm_behavior_tree/environment/path.dsv
[107.398s] -- Symlinking: /home/hero/Desktop/birdiebot_nav_ws/install/rm_behavior_tree/share/rm_behavior_tree/local_setup.bash
[107.403s] -- Symlinking: /home/hero/Desktop/birdiebot_nav_ws/install/rm_behavior_tree/share/rm_behavior_tree/local_setup.sh
[107.407s] -- Symlinking: /home/hero/Desktop/birdiebot_nav_ws/install/rm_behavior_tree/share/rm_behavior_tree/local_setup.zsh
[107.412s] -- Symlinking: /home/hero/Desktop/birdiebot_nav_ws/install/rm_behavior_tree/share/rm_behavior_tree/local_setup.dsv
[107.418s] -- Symlinking: /home/hero/Desktop/birdiebot_nav_ws/install/rm_behavior_tree/share/rm_behavior_tree/package.dsv
[107.423s] -- Symlinking: /home/hero/Desktop/birdiebot_nav_ws/install/rm_behavior_tree/share/ament_index/resource_index/packages/rm_behavior_tree
[107.428s] -- Symlinking: /home/hero/Desktop/birdiebot_nav_ws/install/rm_behavior_tree/share/rm_behavior_tree/cmake/ament_cmake_export_dependencies-extras.cmake
[107.433s] -- Symlinking: /home/hero/Desktop/birdiebot_nav_ws/install/rm_behavior_tree/share/rm_behavior_tree/cmake/ament_cmake_export_include_directories-extras.cmake
[107.437s] -- Symlinking: /home/hero/Desktop/birdiebot_nav_ws/install/rm_behavior_tree/share/rm_behavior_tree/cmake/ament_cmake_export_libraries-extras.cmake
[107.443s] -- Symlinking: /home/hero/Desktop/birdiebot_nav_ws/install/rm_behavior_tree/share/rm_behavior_tree/cmake/rm_behavior_treeConfig.cmake
[107.448s] -- Symlinking: /home/hero/Desktop/birdiebot_nav_ws/install/rm_behavior_tree/share/rm_behavior_tree/cmake/rm_behavior_treeConfig-version.cmake
[107.453s] -- Symlinking: /home/hero/Desktop/birdiebot_nav_ws/install/rm_behavior_tree/share/rm_behavior_tree/package.xml
[107.459s] Invoked command in '/home/hero/Desktop/birdiebot_nav_ws/build/rm_behavior_tree' returned '0': AMENT_PREFIX_PATH=/home/hero/Desktop/birdiebot_nav_ws/install/rm_decision_interfaces:/home/hero/Desktop/birdiebot_nav_ws/install/behaviortree_ros2:${AMENT_PREFIX_PATH} CMAKE_PREFIX_PATH=/home/hero/Desktop/birdiebot_nav_ws/install/rm_decision_interfaces:/home/hero/Desktop/birdiebot_nav_ws/install/behaviortree_ros2:/opt/ros/humble LD_LIBRARY_PATH=/home/hero/Desktop/birdiebot_nav_ws/install/rm_decision_interfaces/lib:/opt/intel/openvino_2023.3.0/runtime/lib/intel64:/opt/MVS/lib/64:/opt/MVS/lib/32:/usr/lib/x86_64-linux-gnu/gazebo-11/plugins:/opt/ros/humble/opt/rviz_ogre_vendor/lib:/opt/ros/humble/lib/x86_64-linux-gnu:/opt/ros/humble/lib:/opt/MVS/lib/64:/opt/MVS/lib/32:/opt/MVS/lib/64:/opt/MVS/lib/32 PYTHONPATH=/home/hero/Desktop/birdiebot_nav_ws/install/rm_decision_interfaces/local/lib/python3.10/dist-packages:${PYTHONPATH} /usr/bin/cmake --install /home/hero/Desktop/birdiebot_nav_ws/build/rm_behavior_tree
