[0.050s] Invoking command in '/home/hero/Desktop/birdiebot_nav_ws/build/terrain_analysis_ext': CMAKE_PREFIX_PATH=/opt/ros/humble /usr/bin/cmake /home/hero/Desktop/birdiebot_nav_ws/src/rm_slam/src/rm_perception/terrain_analysis_ext -DAMENT_CMAKE_SYMLINK_INSTALL=1 -DCMAKE_INSTALL_PREFIX=/home/hero/Desktop/birdiebot_nav_ws/install/terrain_analysis_ext
[0.596s] -- The C compiler identification is GNU 11.4.0
[0.596s] -- The CXX compiler identification is GNU 11.4.0
[0.596s] -- Detecting C compiler ABI info
[0.596s] -- Detecting C compiler ABI info - done
[0.596s] -- Check for working C compiler: /usr/bin/cc - skipped
[0.596s] -- Detecting C compile features
[0.596s] -- Detecting C compile features - done
[0.596s] -- Detecting CXX compiler ABI info
[0.597s] -- Detecting CXX compiler ABI info - done
[0.597s] -- Check for working CXX compiler: /usr/bin/c++ - skipped
[0.597s] -- Detecting CXX compile features
[0.597s] -- Detecting CXX compile features - done
[0.597s] -- Found ament_cmake: 1.3.8 (/opt/ros/humble/share/ament_cmake/cmake)
[0.597s] -- Found Python3: /usr/bin/python3 (found version "3.10.12") found components: Interpreter 
[0.630s] -- Override CMake install command with custom implementation using symlinks instead of copying resources
[0.653s] -- Found rclcpp: 16.0.14 (/opt/ros/humble/share/rclcpp/cmake)
[0.686s] -- Found rosidl_generator_c: 3.1.5 (/opt/ros/humble/share/rosidl_generator_c/cmake)
[0.690s] -- Found rosidl_adapter: 3.1.5 (/opt/ros/humble/share/rosidl_adapter/cmake)
[0.696s] -- Found rosidl_generator_cpp: 3.1.5 (/opt/ros/humble/share/rosidl_generator_cpp/cmake)
[0.708s] -- Using all available rosidl_typesupport_c: rosidl_typesupport_fastrtps_c;rosidl_typesupport_introspection_c
[0.727s] -- Using all available rosidl_typesupport_cpp: rosidl_typesupport_fastrtps_cpp;rosidl_typesupport_introspection_cpp
[0.786s] -- Found rmw_implementation_cmake: 6.1.1 (/opt/ros/humble/share/rmw_implementation_cmake/cmake)
[0.789s] -- Found rmw_fastrtps_cpp: 6.2.6 (/opt/ros/humble/share/rmw_fastrtps_cpp/cmake)
[0.857s] -- Found OpenSSL: /usr/lib/x86_64-linux-gnu/libcrypto.so (found version "3.0.2")  
[0.879s] -- Found FastRTPS: /opt/ros/humble/include  
[0.919s] -- Using RMW implementation 'rmw_fastrtps_cpp' as default
[0.928s] -- Looking for pthread.h
[0.994s] -- Looking for pthread.h - found
[0.994s] -- Performing Test CMAKE_HAVE_LIBC_PTHREAD
[1.060s] -- Performing Test CMAKE_HAVE_LIBC_PTHREAD - Success
[1.061s] -- Found Threads: TRUE  
[1.198s] -- Found nav_msgs: 4.2.3 (/opt/ros/humble/share/nav_msgs/cmake)
[1.328s] -- Found sensor_msgs: 4.2.3 (/opt/ros/humble/share/sensor_msgs/cmake)
[1.415s] -- Found tf2_ros: 0.25.16 (/opt/ros/humble/share/tf2_ros/cmake)
[1.768s] -- Found tf2_geometry_msgs: 0.25.16 (/opt/ros/humble/share/tf2_geometry_msgs/cmake)
[1.783s] -- Found eigen3_cmake_module: 0.1.1 (/opt/ros/humble/share/eigen3_cmake_module/cmake)
[1.784s] -- Found Eigen3: TRUE (found version "3.4.0") 
[1.784s] -- Ensuring Eigen3 include directory is part of orocos-kdl CMake target
[1.795s] -- Found pcl_conversions: 2.4.0 (/opt/ros/humble/share/pcl_conversions/cmake)
[1.920s] -- Found pcl_ros: 2.4.0 (/opt/ros/humble/share/pcl_ros/cmake)
[2.048s] -- Checking for module 'eigen3'
[2.061s] --   Found eigen3, version 3.4.0
[2.092s] -- Found Eigen: /usr/include/eigen3 (Required is at least version "3.1") 
[2.092s] -- Eigen found (include: /usr/include/eigen3, version: 3.4.0)
[2.125s] -- Checking for module 'flann'
[2.136s] --   Found flann, version 1.9.1
[2.174s] -- Found FLANN: /usr/lib/x86_64-linux-gnu/libflann_cpp.so  
[2.174s] -- FLANN found (include: /usr/include, lib: /usr/lib/x86_64-linux-gnu/libflann_cpp.so)
[3.015s] -- Checking for module 'libusb-1.0'
[3.028s] --   Found libusb-1.0, version 1.0.25
[3.062s] -- Found libusb: /usr/lib/x86_64-linux-gnu/libusb-1.0.so  
[3.063s] -- OpenNI found (version: 1.5.4.0, include: /usr/include/ni, lib: /usr/lib/libOpenNI.so;libusb::libusb)
[3.119s] -- OpenNI2 found (version: 2.2.0.33, include: /usr/include/openni2, lib: /usr/lib/x86_64-linux-gnu/libOpenNI2.so;libusb::libusb)
[3.264s] -- Eigen found (include: /usr/include/eigen3, version: 3.4.0)
[3.272s] -- OpenNI found (version: 1.5.4.0, include: /usr/include/ni, lib: /usr/lib/libOpenNI.so;libusb::libusb)
[3.277s] -- OpenNI2 found (version: 2.2.0.33, include: /usr/include/openni2, lib: /usr/lib/x86_64-linux-gnu/libOpenNI2.so;libusb::libusb)
[3.424s] -- Found Qhull version 8.0.2
[3.566s] -- OpenNI found (version: 1.5.4.0, include: /usr/include/ni, lib: /usr/lib/libOpenNI.so;libusb::libusb)
[3.704s] -- Found PCL_COMMON: /usr/lib/x86_64-linux-gnu/libpcl_common.so  
[3.705s] -- Found PCL_KDTREE: /usr/lib/x86_64-linux-gnu/libpcl_kdtree.so  
[3.706s] -- Found PCL_OCTREE: /usr/lib/x86_64-linux-gnu/libpcl_octree.so  
[3.707s] -- Found PCL_SEARCH: /usr/lib/x86_64-linux-gnu/libpcl_search.so  
[3.708s] -- Found PCL_SAMPLE_CONSENSUS: /usr/lib/x86_64-linux-gnu/libpcl_sample_consensus.so  
[3.709s] -- Found PCL_FILTERS: /usr/lib/x86_64-linux-gnu/libpcl_filters.so  
[3.710s] -- Found PCL_2D: /usr/include/pcl-1.12  
[3.710s] -- Found PCL_GEOMETRY: /usr/include/pcl-1.12  
[3.711s] -- Found PCL_IO: /usr/lib/x86_64-linux-gnu/libpcl_io.so  
[3.712s] -- Found PCL_FEATURES: /usr/lib/x86_64-linux-gnu/libpcl_features.so  
[3.713s] -- Found PCL_ML: /usr/lib/x86_64-linux-gnu/libpcl_ml.so  
[3.714s] -- Found PCL_SEGMENTATION: /usr/lib/x86_64-linux-gnu/libpcl_segmentation.so  
[3.715s] -- Found PCL_VISUALIZATION: /usr/lib/x86_64-linux-gnu/libpcl_visualization.so  
[3.716s] -- Found PCL_SURFACE: /usr/lib/x86_64-linux-gnu/libpcl_surface.so  
[3.717s] -- Found PCL_REGISTRATION: /usr/lib/x86_64-linux-gnu/libpcl_registration.so  
[3.719s] -- Found PCL_KEYPOINTS: /usr/lib/x86_64-linux-gnu/libpcl_keypoints.so  
[3.720s] -- Found PCL_TRACKING: /usr/lib/x86_64-linux-gnu/libpcl_tracking.so  
[3.721s] -- Found PCL_RECOGNITION: /usr/lib/x86_64-linux-gnu/libpcl_recognition.so  
[3.722s] -- Found PCL_STEREO: /usr/lib/x86_64-linux-gnu/libpcl_stereo.so  
[3.723s] -- Found PCL_APPS: /usr/lib/x86_64-linux-gnu/libpcl_apps.so  
[3.724s] -- Found PCL_IN_HAND_SCANNER: /usr/include/pcl-1.12  
[3.724s] -- Found PCL_MODELER: /usr/include/pcl-1.12  
[3.724s] -- Found PCL_POINT_CLOUD_EDITOR: /usr/include/pcl-1.12  
[3.725s] -- Found PCL_OUTOFCORE: /usr/lib/x86_64-linux-gnu/libpcl_outofcore.so  
[3.727s] -- Found PCL_PEOPLE: /usr/lib/x86_64-linux-gnu/libpcl_people.so  
[3.801s] -- Found ament_lint_auto: 0.12.10 (/opt/ros/humble/share/ament_lint_auto/cmake)
[3.886s] -- Added test 'copyright' to check source files copyright and LICENSE
[3.888s] -- Added test 'cppcheck' to perform static code analysis on C / C++ code
[3.888s] -- Configured cppcheck include dirs: 
[3.888s] -- Configured cppcheck exclude dirs and/or files: 
[3.889s] -- Added test 'cpplint' to check C / C++ code against the Google style
[3.889s] -- Configured cpplint exclude dirs and/or files: 
[3.890s] -- Added test 'lint_cmake' to check CMake code style
[3.891s] -- Added test 'uncrustify' to check C / C++ code style
[3.891s] -- Configured uncrustify additional arguments: 
[3.892s] -- Added test 'xmllint' to check XML markup files
[3.893s] -- Configuring done
[3.924s] -- Generating done
[3.927s] -- Build files have been written to: /home/hero/Desktop/birdiebot_nav_ws/build/terrain_analysis_ext
[3.949s] Invoked command in '/home/hero/Desktop/birdiebot_nav_ws/build/terrain_analysis_ext' returned '0': CMAKE_PREFIX_PATH=/opt/ros/humble /usr/bin/cmake /home/hero/Desktop/birdiebot_nav_ws/src/rm_slam/src/rm_perception/terrain_analysis_ext -DAMENT_CMAKE_SYMLINK_INSTALL=1 -DCMAKE_INSTALL_PREFIX=/home/hero/Desktop/birdiebot_nav_ws/install/terrain_analysis_ext
[3.952s] Invoking command in '/home/hero/Desktop/birdiebot_nav_ws/build/terrain_analysis_ext': CMAKE_PREFIX_PATH=/opt/ros/humble /usr/bin/cmake --build /home/hero/Desktop/birdiebot_nav_ws/build/terrain_analysis_ext -- -j8 -l8
[5.081s] [ 50%] [32mBuilding CXX object CMakeFiles/terrainAnalysisExt.dir/src/terrainAnalysisExt.cpp.o[0m
[20.663s] [100%] [32m[1mLinking CXX executable terrainAnalysisExt[0m
[23.070s] [100%] Built target terrainAnalysisExt
[23.121s] Invoked command in '/home/hero/Desktop/birdiebot_nav_ws/build/terrain_analysis_ext' returned '0': CMAKE_PREFIX_PATH=/opt/ros/humble /usr/bin/cmake --build /home/hero/Desktop/birdiebot_nav_ws/build/terrain_analysis_ext -- -j8 -l8
[23.173s] Invoking command in '/home/hero/Desktop/birdiebot_nav_ws/build/terrain_analysis_ext': CMAKE_PREFIX_PATH=/opt/ros/humble /usr/bin/cmake --install /home/hero/Desktop/birdiebot_nav_ws/build/terrain_analysis_ext
[23.335s] -- Install configuration: ""
[23.335s] -- Execute custom install script
[23.335s] -- Symlinking: /home/hero/Desktop/birdiebot_nav_ws/install/terrain_analysis_ext/lib/terrain_analysis_ext/terrainAnalysisExt
[23.335s] -- Symlinking: /home/hero/Desktop/birdiebot_nav_ws/install/terrain_analysis_ext/share/terrain_analysis_ext/launch/terrain_analysis_ext.launch
[23.335s] -- Symlinking: /home/hero/Desktop/birdiebot_nav_ws/install/terrain_analysis_ext/share/ament_index/resource_index/package_run_dependencies/terrain_analysis_ext
[23.335s] -- Symlinking: /home/hero/Desktop/birdiebot_nav_ws/install/terrain_analysis_ext/share/ament_index/resource_index/parent_prefix_path/terrain_analysis_ext
[23.336s] -- Symlinking: /home/hero/Desktop/birdiebot_nav_ws/install/terrain_analysis_ext/share/terrain_analysis_ext/environment/ament_prefix_path.sh
[23.336s] -- Symlinking: /home/hero/Desktop/birdiebot_nav_ws/install/terrain_analysis_ext/share/terrain_analysis_ext/environment/ament_prefix_path.dsv
[23.337s] -- Symlinking: /home/hero/Desktop/birdiebot_nav_ws/install/terrain_analysis_ext/share/terrain_analysis_ext/environment/path.sh
[23.337s] -- Symlinking: /home/hero/Desktop/birdiebot_nav_ws/install/terrain_analysis_ext/share/terrain_analysis_ext/environment/path.dsv
[23.337s] -- Symlinking: /home/hero/Desktop/birdiebot_nav_ws/install/terrain_analysis_ext/share/terrain_analysis_ext/local_setup.bash
[23.337s] -- Symlinking: /home/hero/Desktop/birdiebot_nav_ws/install/terrain_analysis_ext/share/terrain_analysis_ext/local_setup.sh
[23.337s] -- Symlinking: /home/hero/Desktop/birdiebot_nav_ws/install/terrain_analysis_ext/share/terrain_analysis_ext/local_setup.zsh
[23.337s] -- Symlinking: /home/hero/Desktop/birdiebot_nav_ws/install/terrain_analysis_ext/share/terrain_analysis_ext/local_setup.dsv
[23.337s] -- Symlinking: /home/hero/Desktop/birdiebot_nav_ws/install/terrain_analysis_ext/share/terrain_analysis_ext/package.dsv
[23.338s] -- Symlinking: /home/hero/Desktop/birdiebot_nav_ws/install/terrain_analysis_ext/share/ament_index/resource_index/packages/terrain_analysis_ext
[23.338s] -- Symlinking: /home/hero/Desktop/birdiebot_nav_ws/install/terrain_analysis_ext/share/terrain_analysis_ext/cmake/terrain_analysis_extConfig.cmake
[23.338s] -- Symlinking: /home/hero/Desktop/birdiebot_nav_ws/install/terrain_analysis_ext/share/terrain_analysis_ext/cmake/terrain_analysis_extConfig-version.cmake
[23.339s] -- Symlinking: /home/hero/Desktop/birdiebot_nav_ws/install/terrain_analysis_ext/share/terrain_analysis_ext/package.xml
[23.385s] Invoked command in '/home/hero/Desktop/birdiebot_nav_ws/build/terrain_analysis_ext' returned '0': CMAKE_PREFIX_PATH=/opt/ros/humble /usr/bin/cmake --install /home/hero/Desktop/birdiebot_nav_ws/build/terrain_analysis_ext
