[0.155s] Invoking command in '/home/hero/Desktop/birdiebot_nav_ws/build/terrain_analysis_ext': CMAKE_PREFIX_PATH=/opt/ros/humble /usr/bin/cmake --build /home/hero/Desktop/birdiebot_nav_ws/build/terrain_analysis_ext -- -j8 -l8
[0.201s] [100%] Built target terrainAnalysisExt
[0.327s] Invoked command in '/home/hero/Desktop/birdiebot_nav_ws/build/terrain_analysis_ext' returned '0': CMAKE_PREFIX_PATH=/opt/ros/humble /usr/bin/cmake --build /home/hero/Desktop/birdiebot_nav_ws/build/terrain_analysis_ext -- -j8 -l8
[0.639s] Invoking command in '/home/hero/Desktop/birdiebot_nav_ws/build/terrain_analysis_ext': CMAKE_PREFIX_PATH=/opt/ros/humble /usr/bin/cmake --install /home/hero/Desktop/birdiebot_nav_ws/build/terrain_analysis_ext
[0.751s] -- Install configuration: ""
[0.752s] -- Execute custom install script
[0.752s] -- Up-to-date symlink: /home/hero/Desktop/birdiebot_nav_ws/install/terrain_analysis_ext/lib/terrain_analysis_ext/terrainAnalysisExt
[0.752s] -- Up-to-date symlink: /home/hero/Desktop/birdiebot_nav_ws/install/terrain_analysis_ext/share/terrain_analysis_ext/launch/terrain_analysis_ext.launch
[0.752s] -- Up-to-date symlink: /home/hero/Desktop/birdiebot_nav_ws/install/terrain_analysis_ext/share/ament_index/resource_index/package_run_dependencies/terrain_analysis_ext
[0.752s] -- Up-to-date symlink: /home/hero/Desktop/birdiebot_nav_ws/install/terrain_analysis_ext/share/ament_index/resource_index/parent_prefix_path/terrain_analysis_ext
[0.753s] -- Up-to-date symlink: /home/hero/Desktop/birdiebot_nav_ws/install/terrain_analysis_ext/share/terrain_analysis_ext/environment/ament_prefix_path.sh
[0.753s] -- Up-to-date symlink: /home/hero/Desktop/birdiebot_nav_ws/install/terrain_analysis_ext/share/terrain_analysis_ext/environment/ament_prefix_path.dsv
[0.753s] -- Up-to-date symlink: /home/hero/Desktop/birdiebot_nav_ws/install/terrain_analysis_ext/share/terrain_analysis_ext/environment/path.sh
[0.753s] -- Up-to-date symlink: /home/hero/Desktop/birdiebot_nav_ws/install/terrain_analysis_ext/share/terrain_analysis_ext/environment/path.dsv
[0.753s] -- Up-to-date symlink: /home/hero/Desktop/birdiebot_nav_ws/install/terrain_analysis_ext/share/terrain_analysis_ext/local_setup.bash
[0.753s] -- Up-to-date symlink: /home/hero/Desktop/birdiebot_nav_ws/install/terrain_analysis_ext/share/terrain_analysis_ext/local_setup.sh
[0.754s] -- Up-to-date symlink: /home/hero/Desktop/birdiebot_nav_ws/install/terrain_analysis_ext/share/terrain_analysis_ext/local_setup.zsh
[0.756s] -- Up-to-date symlink: /home/hero/Desktop/birdiebot_nav_ws/install/terrain_analysis_ext/share/terrain_analysis_ext/local_setup.dsv
[0.757s] -- Symlinking: /home/hero/Desktop/birdiebot_nav_ws/install/terrain_analysis_ext/share/terrain_analysis_ext/package.dsv
[0.757s] -- Up-to-date symlink: /home/hero/Desktop/birdiebot_nav_ws/install/terrain_analysis_ext/share/ament_index/resource_index/packages/terrain_analysis_ext
[0.758s] -- Up-to-date symlink: /home/hero/Desktop/birdiebot_nav_ws/install/terrain_analysis_ext/share/terrain_analysis_ext/cmake/terrain_analysis_extConfig.cmake
[0.758s] -- Up-to-date symlink: /home/hero/Desktop/birdiebot_nav_ws/install/terrain_analysis_ext/share/terrain_analysis_ext/cmake/terrain_analysis_extConfig-version.cmake
[0.758s] -- Up-to-date symlink: /home/hero/Desktop/birdiebot_nav_ws/install/terrain_analysis_ext/share/terrain_analysis_ext/package.xml
[0.792s] Invoked command in '/home/hero/Desktop/birdiebot_nav_ws/build/terrain_analysis_ext' returned '0': CMAKE_PREFIX_PATH=/opt/ros/humble /usr/bin/cmake --install /home/hero/Desktop/birdiebot_nav_ws/build/terrain_analysis_ext
