[0.321s] Invoking command in '/home/hero/Desktop/birdiebot_nav_ws/build/auto_aim_interfaces': CMAKE_PREFIX_PATH=${CMAKE_PREFIX_PATH}:/opt/ros/humble /usr/bin/cmake --build /home/hero/Desktop/birdiebot_nav_ws/build/auto_aim_interfaces -- -j8 -l8
[0.379s] [  1%] Built target auto_aim_interfaces__cpp
[0.419s] [  2%] Built target ament_cmake_python_symlink_auto_aim_interfaces
[0.420s] [ 12%] Built target auto_aim_interfaces__rosidl_generator_c
[0.460s] [ 24%] Built target auto_aim_interfaces__rosidl_typesupport_introspection_cpp
[0.474s] [ 35%] Built target auto_aim_interfaces__rosidl_typesupport_fastrtps_cpp
[0.480s] [ 47%] Built target auto_aim_interfaces__rosidl_typesupport_cpp
[0.570s] [ 58%] Built target auto_aim_interfaces__rosidl_typesupport_fastrtps_c
[0.576s] [ 70%] Built target auto_aim_interfaces__rosidl_typesupport_introspection_c
[0.577s] [ 81%] Built target auto_aim_interfaces__rosidl_typesupport_c
[0.667s] [ 81%] Built target auto_aim_interfaces
[0.733s] [ 82%] Built target auto_aim_interfaces__py
[0.799s] [ 93%] Built target auto_aim_interfaces__rosidl_generator_py
[0.911s] [ 95%] Built target auto_aim_interfaces__rosidl_typesupport_fastrtps_c__pyext
[0.935s] [ 97%] Built target auto_aim_interfaces__rosidl_typesupport_introspection_c__pyext
[0.942s] [100%] Built target auto_aim_interfaces__rosidl_typesupport_c__pyext
[1.022s] running egg_info
[1.023s] writing auto_aim_interfaces.egg-info/PKG-INFO
[1.023s] writing dependency_links to auto_aim_interfaces.egg-info/dependency_links.txt
[1.024s] writing top-level names to auto_aim_interfaces.egg-info/top_level.txt
[1.026s] reading manifest file 'auto_aim_interfaces.egg-info/SOURCES.txt'
[1.029s] writing manifest file 'auto_aim_interfaces.egg-info/SOURCES.txt'
[1.114s] [100%] Built target ament_cmake_python_build_auto_aim_interfaces_egg
[1.176s] Invoked command in '/home/hero/Desktop/birdiebot_nav_ws/build/auto_aim_interfaces' returned '0': CMAKE_PREFIX_PATH=${CMAKE_PREFIX_PATH}:/opt/ros/humble /usr/bin/cmake --build /home/hero/Desktop/birdiebot_nav_ws/build/auto_aim_interfaces -- -j8 -l8
[2.514s] Invoking command in '/home/hero/Desktop/birdiebot_nav_ws/build/auto_aim_interfaces': CMAKE_PREFIX_PATH=${CMAKE_PREFIX_PATH}:/opt/ros/humble /usr/bin/cmake --install /home/hero/Desktop/birdiebot_nav_ws/build/auto_aim_interfaces
[2.601s] -- Install configuration: ""
[2.601s] -- Execute custom install script
[2.601s] -- Up-to-date symlink: /home/hero/Desktop/birdiebot_nav_ws/install/auto_aim_interfaces/share/ament_index/resource_index/rosidl_interfaces/auto_aim_interfaces
[2.602s] -- Up-to-date symlink: /home/hero/Desktop/birdiebot_nav_ws/install/auto_aim_interfaces/include/auto_aim_interfaces/auto_aim_interfaces/msg/armor.h
[2.602s] -- Up-to-date symlink: /home/hero/Desktop/birdiebot_nav_ws/install/auto_aim_interfaces/include/auto_aim_interfaces/auto_aim_interfaces/msg/armors.h
[2.602s] -- Up-to-date symlink: /home/hero/Desktop/birdiebot_nav_ws/install/auto_aim_interfaces/include/auto_aim_interfaces/auto_aim_interfaces/msg/debug_armor.h
[2.602s] -- Up-to-date symlink: /home/hero/Desktop/birdiebot_nav_ws/install/auto_aim_interfaces/include/auto_aim_interfaces/auto_aim_interfaces/msg/debug_armors.h
[2.602s] -- Up-to-date symlink: /home/hero/Desktop/birdiebot_nav_ws/install/auto_aim_interfaces/include/auto_aim_interfaces/auto_aim_interfaces/msg/debug_light.h
[2.602s] -- Up-to-date symlink: /home/hero/Desktop/birdiebot_nav_ws/install/auto_aim_interfaces/include/auto_aim_interfaces/auto_aim_interfaces/msg/debug_lights.h
[2.602s] -- Up-to-date symlink: /home/hero/Desktop/birdiebot_nav_ws/install/auto_aim_interfaces/include/auto_aim_interfaces/auto_aim_interfaces/msg/detail/armor__functions.h
[2.602s] -- Up-to-date symlink: /home/hero/Desktop/birdiebot_nav_ws/install/auto_aim_interfaces/include/auto_aim_interfaces/auto_aim_interfaces/msg/detail/armor__struct.h
[2.602s] -- Up-to-date symlink: /home/hero/Desktop/birdiebot_nav_ws/install/auto_aim_interfaces/include/auto_aim_interfaces/auto_aim_interfaces/msg/detail/armor__type_support.h
[2.602s] -- Up-to-date symlink: /home/hero/Desktop/birdiebot_nav_ws/install/auto_aim_interfaces/include/auto_aim_interfaces/auto_aim_interfaces/msg/detail/armors__functions.h
[2.602s] -- Up-to-date symlink: /home/hero/Desktop/birdiebot_nav_ws/install/auto_aim_interfaces/include/auto_aim_interfaces/auto_aim_interfaces/msg/detail/armors__struct.h
[2.602s] -- Up-to-date symlink: /home/hero/Desktop/birdiebot_nav_ws/install/auto_aim_interfaces/include/auto_aim_interfaces/auto_aim_interfaces/msg/detail/armors__type_support.h
[2.602s] -- Up-to-date symlink: /home/hero/Desktop/birdiebot_nav_ws/install/auto_aim_interfaces/include/auto_aim_interfaces/auto_aim_interfaces/msg/detail/debug_armor__functions.h
[2.602s] -- Up-to-date symlink: /home/hero/Desktop/birdiebot_nav_ws/install/auto_aim_interfaces/include/auto_aim_interfaces/auto_aim_interfaces/msg/detail/debug_armor__struct.h
[2.602s] -- Up-to-date symlink: /home/hero/Desktop/birdiebot_nav_ws/install/auto_aim_interfaces/include/auto_aim_interfaces/auto_aim_interfaces/msg/detail/debug_armor__type_support.h
[2.602s] -- Up-to-date symlink: /home/hero/Desktop/birdiebot_nav_ws/install/auto_aim_interfaces/include/auto_aim_interfaces/auto_aim_interfaces/msg/detail/debug_armors__functions.h
[2.603s] -- Up-to-date symlink: /home/hero/Desktop/birdiebot_nav_ws/install/auto_aim_interfaces/include/auto_aim_interfaces/auto_aim_interfaces/msg/detail/debug_armors__struct.h
[2.603s] -- Up-to-date symlink: /home/hero/Desktop/birdiebot_nav_ws/install/auto_aim_interfaces/include/auto_aim_interfaces/auto_aim_interfaces/msg/detail/debug_armors__type_support.h
[2.603s] -- Up-to-date symlink: /home/hero/Desktop/birdiebot_nav_ws/install/auto_aim_interfaces/include/auto_aim_interfaces/auto_aim_interfaces/msg/detail/debug_light__functions.h
[2.603s] -- Up-to-date symlink: /home/hero/Desktop/birdiebot_nav_ws/install/auto_aim_interfaces/include/auto_aim_interfaces/auto_aim_interfaces/msg/detail/debug_light__struct.h
[2.603s] -- Up-to-date symlink: /home/hero/Desktop/birdiebot_nav_ws/install/auto_aim_interfaces/include/auto_aim_interfaces/auto_aim_interfaces/msg/detail/debug_light__type_support.h
[2.603s] -- Up-to-date symlink: /home/hero/Desktop/birdiebot_nav_ws/install/auto_aim_interfaces/include/auto_aim_interfaces/auto_aim_interfaces/msg/detail/debug_lights__functions.h
[2.603s] -- Up-to-date symlink: /home/hero/Desktop/birdiebot_nav_ws/install/auto_aim_interfaces/include/auto_aim_interfaces/auto_aim_interfaces/msg/detail/debug_lights__struct.h
[2.603s] -- Up-to-date symlink: /home/hero/Desktop/birdiebot_nav_ws/install/auto_aim_interfaces/include/auto_aim_interfaces/auto_aim_interfaces/msg/detail/debug_lights__type_support.h
[2.603s] -- Up-to-date symlink: /home/hero/Desktop/birdiebot_nav_ws/install/auto_aim_interfaces/include/auto_aim_interfaces/auto_aim_interfaces/msg/detail/target__functions.h
[2.603s] -- Up-to-date symlink: /home/hero/Desktop/birdiebot_nav_ws/install/auto_aim_interfaces/include/auto_aim_interfaces/auto_aim_interfaces/msg/detail/target__struct.h
[2.603s] -- Up-to-date symlink: /home/hero/Desktop/birdiebot_nav_ws/install/auto_aim_interfaces/include/auto_aim_interfaces/auto_aim_interfaces/msg/detail/target__type_support.h
[2.603s] -- Up-to-date symlink: /home/hero/Desktop/birdiebot_nav_ws/install/auto_aim_interfaces/include/auto_aim_interfaces/auto_aim_interfaces/msg/detail/tracker_info__functions.h
[2.603s] -- Up-to-date symlink: /home/hero/Desktop/birdiebot_nav_ws/install/auto_aim_interfaces/include/auto_aim_interfaces/auto_aim_interfaces/msg/detail/tracker_info__struct.h
[2.603s] -- Up-to-date symlink: /home/hero/Desktop/birdiebot_nav_ws/install/auto_aim_interfaces/include/auto_aim_interfaces/auto_aim_interfaces/msg/detail/tracker_info__type_support.h
[2.603s] -- Up-to-date symlink: /home/hero/Desktop/birdiebot_nav_ws/install/auto_aim_interfaces/include/auto_aim_interfaces/auto_aim_interfaces/msg/rosidl_generator_c__visibility_control.h
[2.603s] -- Up-to-date symlink: /home/hero/Desktop/birdiebot_nav_ws/install/auto_aim_interfaces/include/auto_aim_interfaces/auto_aim_interfaces/msg/target.h
[2.603s] -- Up-to-date symlink: /home/hero/Desktop/birdiebot_nav_ws/install/auto_aim_interfaces/include/auto_aim_interfaces/auto_aim_interfaces/msg/tracker_info.h
[2.604s] -- Up-to-date symlink: /home/hero/Desktop/birdiebot_nav_ws/install/auto_aim_interfaces/share/auto_aim_interfaces/environment/library_path.sh
[2.604s] -- Up-to-date symlink: /home/hero/Desktop/birdiebot_nav_ws/install/auto_aim_interfaces/share/auto_aim_interfaces/environment/library_path.dsv
[2.604s] -- Up-to-date symlink: /home/hero/Desktop/birdiebot_nav_ws/install/auto_aim_interfaces/include/auto_aim_interfaces/auto_aim_interfaces/msg/detail/armor__rosidl_typesupport_fastrtps_c.h
[2.604s] -- Up-to-date symlink: /home/hero/Desktop/birdiebot_nav_ws/install/auto_aim_interfaces/include/auto_aim_interfaces/auto_aim_interfaces/msg/detail/armors__rosidl_typesupport_fastrtps_c.h
[2.604s] -- Up-to-date symlink: /home/hero/Desktop/birdiebot_nav_ws/install/auto_aim_interfaces/include/auto_aim_interfaces/auto_aim_interfaces/msg/detail/debug_armor__rosidl_typesupport_fastrtps_c.h
[2.604s] -- Up-to-date symlink: /home/hero/Desktop/birdiebot_nav_ws/install/auto_aim_interfaces/include/auto_aim_interfaces/auto_aim_interfaces/msg/detail/debug_armors__rosidl_typesupport_fastrtps_c.h
[2.604s] -- Up-to-date symlink: /home/hero/Desktop/birdiebot_nav_ws/install/auto_aim_interfaces/include/auto_aim_interfaces/auto_aim_interfaces/msg/detail/debug_light__rosidl_typesupport_fastrtps_c.h
[2.604s] -- Up-to-date symlink: /home/hero/Desktop/birdiebot_nav_ws/install/auto_aim_interfaces/include/auto_aim_interfaces/auto_aim_interfaces/msg/detail/debug_lights__rosidl_typesupport_fastrtps_c.h
[2.604s] -- Up-to-date symlink: /home/hero/Desktop/birdiebot_nav_ws/install/auto_aim_interfaces/include/auto_aim_interfaces/auto_aim_interfaces/msg/detail/target__rosidl_typesupport_fastrtps_c.h
[2.604s] -- Up-to-date symlink: /home/hero/Desktop/birdiebot_nav_ws/install/auto_aim_interfaces/include/auto_aim_interfaces/auto_aim_interfaces/msg/detail/tracker_info__rosidl_typesupport_fastrtps_c.h
[2.605s] -- Up-to-date symlink: /home/hero/Desktop/birdiebot_nav_ws/install/auto_aim_interfaces/include/auto_aim_interfaces/auto_aim_interfaces/msg/rosidl_typesupport_fastrtps_c__visibility_control.h
[2.605s] -- Up-to-date symlink: /home/hero/Desktop/birdiebot_nav_ws/install/auto_aim_interfaces/include/auto_aim_interfaces/auto_aim_interfaces/msg/detail/armor__rosidl_typesupport_introspection_c.h
[2.605s] -- Up-to-date symlink: /home/hero/Desktop/birdiebot_nav_ws/install/auto_aim_interfaces/include/auto_aim_interfaces/auto_aim_interfaces/msg/detail/armors__rosidl_typesupport_introspection_c.h
[2.605s] -- Up-to-date symlink: /home/hero/Desktop/birdiebot_nav_ws/install/auto_aim_interfaces/include/auto_aim_interfaces/auto_aim_interfaces/msg/detail/debug_armor__rosidl_typesupport_introspection_c.h
[2.605s] -- Up-to-date symlink: /home/hero/Desktop/birdiebot_nav_ws/install/auto_aim_interfaces/include/auto_aim_interfaces/auto_aim_interfaces/msg/detail/debug_armors__rosidl_typesupport_introspection_c.h
[2.605s] -- Up-to-date symlink: /home/hero/Desktop/birdiebot_nav_ws/install/auto_aim_interfaces/include/auto_aim_interfaces/auto_aim_interfaces/msg/detail/debug_light__rosidl_typesupport_introspection_c.h
[2.605s] -- Up-to-date symlink: /home/hero/Desktop/birdiebot_nav_ws/install/auto_aim_interfaces/include/auto_aim_interfaces/auto_aim_interfaces/msg/detail/debug_lights__rosidl_typesupport_introspection_c.h
[2.605s] -- Up-to-date symlink: /home/hero/Desktop/birdiebot_nav_ws/install/auto_aim_interfaces/include/auto_aim_interfaces/auto_aim_interfaces/msg/detail/target__rosidl_typesupport_introspection_c.h
[2.605s] -- Up-to-date symlink: /home/hero/Desktop/birdiebot_nav_ws/install/auto_aim_interfaces/include/auto_aim_interfaces/auto_aim_interfaces/msg/detail/tracker_info__rosidl_typesupport_introspection_c.h
[2.605s] -- Up-to-date symlink: /home/hero/Desktop/birdiebot_nav_ws/install/auto_aim_interfaces/include/auto_aim_interfaces/auto_aim_interfaces/msg/rosidl_typesupport_introspection_c__visibility_control.h
[2.605s] -- Up-to-date symlink: /home/hero/Desktop/birdiebot_nav_ws/install/auto_aim_interfaces/include/auto_aim_interfaces/auto_aim_interfaces/msg/armor.hpp
[2.605s] -- Up-to-date symlink: /home/hero/Desktop/birdiebot_nav_ws/install/auto_aim_interfaces/include/auto_aim_interfaces/auto_aim_interfaces/msg/armors.hpp
[2.605s] -- Up-to-date symlink: /home/hero/Desktop/birdiebot_nav_ws/install/auto_aim_interfaces/include/auto_aim_interfaces/auto_aim_interfaces/msg/debug_armor.hpp
[2.605s] -- Up-to-date symlink: /home/hero/Desktop/birdiebot_nav_ws/install/auto_aim_interfaces/include/auto_aim_interfaces/auto_aim_interfaces/msg/debug_armors.hpp
[2.605s] -- Up-to-date symlink: /home/hero/Desktop/birdiebot_nav_ws/install/auto_aim_interfaces/include/auto_aim_interfaces/auto_aim_interfaces/msg/debug_light.hpp
[2.605s] -- Up-to-date symlink: /home/hero/Desktop/birdiebot_nav_ws/install/auto_aim_interfaces/include/auto_aim_interfaces/auto_aim_interfaces/msg/debug_lights.hpp
[2.605s] -- Up-to-date symlink: /home/hero/Desktop/birdiebot_nav_ws/install/auto_aim_interfaces/include/auto_aim_interfaces/auto_aim_interfaces/msg/detail/armor__builder.hpp
[2.605s] -- Up-to-date symlink: /home/hero/Desktop/birdiebot_nav_ws/install/auto_aim_interfaces/include/auto_aim_interfaces/auto_aim_interfaces/msg/detail/armor__struct.hpp
[2.605s] -- Up-to-date symlink: /home/hero/Desktop/birdiebot_nav_ws/install/auto_aim_interfaces/include/auto_aim_interfaces/auto_aim_interfaces/msg/detail/armor__traits.hpp
[2.605s] -- Up-to-date symlink: /home/hero/Desktop/birdiebot_nav_ws/install/auto_aim_interfaces/include/auto_aim_interfaces/auto_aim_interfaces/msg/detail/armors__builder.hpp
[2.605s] -- Up-to-date symlink: /home/hero/Desktop/birdiebot_nav_ws/install/auto_aim_interfaces/include/auto_aim_interfaces/auto_aim_interfaces/msg/detail/armors__struct.hpp
[2.605s] -- Up-to-date symlink: /home/hero/Desktop/birdiebot_nav_ws/install/auto_aim_interfaces/include/auto_aim_interfaces/auto_aim_interfaces/msg/detail/armors__traits.hpp
[2.605s] -- Up-to-date symlink: /home/hero/Desktop/birdiebot_nav_ws/install/auto_aim_interfaces/include/auto_aim_interfaces/auto_aim_interfaces/msg/detail/debug_armor__builder.hpp
[2.605s] -- Up-to-date symlink: /home/hero/Desktop/birdiebot_nav_ws/install/auto_aim_interfaces/include/auto_aim_interfaces/auto_aim_interfaces/msg/detail/debug_armor__struct.hpp
[2.605s] -- Up-to-date symlink: /home/hero/Desktop/birdiebot_nav_ws/install/auto_aim_interfaces/include/auto_aim_interfaces/auto_aim_interfaces/msg/detail/debug_armor__traits.hpp
[2.606s] -- Up-to-date symlink: /home/hero/Desktop/birdiebot_nav_ws/install/auto_aim_interfaces/include/auto_aim_interfaces/auto_aim_interfaces/msg/detail/debug_armors__builder.hpp
[2.606s] -- Up-to-date symlink: /home/hero/Desktop/birdiebot_nav_ws/install/auto_aim_interfaces/include/auto_aim_interfaces/auto_aim_interfaces/msg/detail/debug_armors__struct.hpp
[2.606s] -- Up-to-date symlink: /home/hero/Desktop/birdiebot_nav_ws/install/auto_aim_interfaces/include/auto_aim_interfaces/auto_aim_interfaces/msg/detail/debug_armors__traits.hpp
[2.606s] -- Up-to-date symlink: /home/hero/Desktop/birdiebot_nav_ws/install/auto_aim_interfaces/include/auto_aim_interfaces/auto_aim_interfaces/msg/detail/debug_light__builder.hpp
[2.606s] -- Up-to-date symlink: /home/hero/Desktop/birdiebot_nav_ws/install/auto_aim_interfaces/include/auto_aim_interfaces/auto_aim_interfaces/msg/detail/debug_light__struct.hpp
[2.606s] -- Up-to-date symlink: /home/hero/Desktop/birdiebot_nav_ws/install/auto_aim_interfaces/include/auto_aim_interfaces/auto_aim_interfaces/msg/detail/debug_light__traits.hpp
[2.606s] -- Up-to-date symlink: /home/hero/Desktop/birdiebot_nav_ws/install/auto_aim_interfaces/include/auto_aim_interfaces/auto_aim_interfaces/msg/detail/debug_lights__builder.hpp
[2.606s] -- Up-to-date symlink: /home/hero/Desktop/birdiebot_nav_ws/install/auto_aim_interfaces/include/auto_aim_interfaces/auto_aim_interfaces/msg/detail/debug_lights__struct.hpp
[2.606s] -- Up-to-date symlink: /home/hero/Desktop/birdiebot_nav_ws/install/auto_aim_interfaces/include/auto_aim_interfaces/auto_aim_interfaces/msg/detail/debug_lights__traits.hpp
[2.607s] -- Up-to-date symlink: /home/hero/Desktop/birdiebot_nav_ws/install/auto_aim_interfaces/include/auto_aim_interfaces/auto_aim_interfaces/msg/detail/target__builder.hpp
[2.607s] -- Up-to-date symlink: /home/hero/Desktop/birdiebot_nav_ws/install/auto_aim_interfaces/include/auto_aim_interfaces/auto_aim_interfaces/msg/detail/target__struct.hpp
[2.607s] -- Up-to-date symlink: /home/hero/Desktop/birdiebot_nav_ws/install/auto_aim_interfaces/include/auto_aim_interfaces/auto_aim_interfaces/msg/detail/target__traits.hpp
[2.607s] -- Up-to-date symlink: /home/hero/Desktop/birdiebot_nav_ws/install/auto_aim_interfaces/include/auto_aim_interfaces/auto_aim_interfaces/msg/detail/tracker_info__builder.hpp
[2.607s] -- Up-to-date symlink: /home/hero/Desktop/birdiebot_nav_ws/install/auto_aim_interfaces/include/auto_aim_interfaces/auto_aim_interfaces/msg/detail/tracker_info__struct.hpp
[2.607s] -- Up-to-date symlink: /home/hero/Desktop/birdiebot_nav_ws/install/auto_aim_interfaces/include/auto_aim_interfaces/auto_aim_interfaces/msg/detail/tracker_info__traits.hpp
[2.607s] -- Up-to-date symlink: /home/hero/Desktop/birdiebot_nav_ws/install/auto_aim_interfaces/include/auto_aim_interfaces/auto_aim_interfaces/msg/target.hpp
[2.607s] -- Up-to-date symlink: /home/hero/Desktop/birdiebot_nav_ws/install/auto_aim_interfaces/include/auto_aim_interfaces/auto_aim_interfaces/msg/tracker_info.hpp
[2.607s] -- Up-to-date symlink: /home/hero/Desktop/birdiebot_nav_ws/install/auto_aim_interfaces/include/auto_aim_interfaces/auto_aim_interfaces/msg/detail/armor__rosidl_typesupport_fastrtps_cpp.hpp
[2.607s] -- Up-to-date symlink: /home/hero/Desktop/birdiebot_nav_ws/install/auto_aim_interfaces/include/auto_aim_interfaces/auto_aim_interfaces/msg/detail/armors__rosidl_typesupport_fastrtps_cpp.hpp
[2.607s] -- Up-to-date symlink: /home/hero/Desktop/birdiebot_nav_ws/install/auto_aim_interfaces/include/auto_aim_interfaces/auto_aim_interfaces/msg/detail/debug_armor__rosidl_typesupport_fastrtps_cpp.hpp
[2.607s] -- Up-to-date symlink: /home/hero/Desktop/birdiebot_nav_ws/install/auto_aim_interfaces/include/auto_aim_interfaces/auto_aim_interfaces/msg/detail/debug_armors__rosidl_typesupport_fastrtps_cpp.hpp
[2.607s] -- Up-to-date symlink: /home/hero/Desktop/birdiebot_nav_ws/install/auto_aim_interfaces/include/auto_aim_interfaces/auto_aim_interfaces/msg/detail/debug_light__rosidl_typesupport_fastrtps_cpp.hpp
[2.608s] -- Up-to-date symlink: /home/hero/Desktop/birdiebot_nav_ws/install/auto_aim_interfaces/include/auto_aim_interfaces/auto_aim_interfaces/msg/detail/debug_lights__rosidl_typesupport_fastrtps_cpp.hpp
[2.608s] -- Up-to-date symlink: /home/hero/Desktop/birdiebot_nav_ws/install/auto_aim_interfaces/include/auto_aim_interfaces/auto_aim_interfaces/msg/detail/target__rosidl_typesupport_fastrtps_cpp.hpp
[2.608s] -- Up-to-date symlink: /home/hero/Desktop/birdiebot_nav_ws/install/auto_aim_interfaces/include/auto_aim_interfaces/auto_aim_interfaces/msg/detail/tracker_info__rosidl_typesupport_fastrtps_cpp.hpp
[2.608s] -- Up-to-date symlink: /home/hero/Desktop/birdiebot_nav_ws/install/auto_aim_interfaces/include/auto_aim_interfaces/auto_aim_interfaces/msg/rosidl_typesupport_fastrtps_cpp__visibility_control.h
[2.608s] -- Up-to-date symlink: /home/hero/Desktop/birdiebot_nav_ws/install/auto_aim_interfaces/include/auto_aim_interfaces/auto_aim_interfaces/msg/detail/armor__rosidl_typesupport_introspection_cpp.hpp
[2.608s] -- Up-to-date symlink: /home/hero/Desktop/birdiebot_nav_ws/install/auto_aim_interfaces/include/auto_aim_interfaces/auto_aim_interfaces/msg/detail/armors__rosidl_typesupport_introspection_cpp.hpp
[2.608s] -- Up-to-date symlink: /home/hero/Desktop/birdiebot_nav_ws/install/auto_aim_interfaces/include/auto_aim_interfaces/auto_aim_interfaces/msg/detail/debug_armor__rosidl_typesupport_introspection_cpp.hpp
[2.608s] -- Up-to-date symlink: /home/hero/Desktop/birdiebot_nav_ws/install/auto_aim_interfaces/include/auto_aim_interfaces/auto_aim_interfaces/msg/detail/debug_armors__rosidl_typesupport_introspection_cpp.hpp
[2.608s] -- Up-to-date symlink: /home/hero/Desktop/birdiebot_nav_ws/install/auto_aim_interfaces/include/auto_aim_interfaces/auto_aim_interfaces/msg/detail/debug_light__rosidl_typesupport_introspection_cpp.hpp
[2.608s] -- Up-to-date symlink: /home/hero/Desktop/birdiebot_nav_ws/install/auto_aim_interfaces/include/auto_aim_interfaces/auto_aim_interfaces/msg/detail/debug_lights__rosidl_typesupport_introspection_cpp.hpp
[2.608s] -- Up-to-date symlink: /home/hero/Desktop/birdiebot_nav_ws/install/auto_aim_interfaces/include/auto_aim_interfaces/auto_aim_interfaces/msg/detail/target__rosidl_typesupport_introspection_cpp.hpp
[2.608s] -- Up-to-date symlink: /home/hero/Desktop/birdiebot_nav_ws/install/auto_aim_interfaces/include/auto_aim_interfaces/auto_aim_interfaces/msg/detail/tracker_info__rosidl_typesupport_introspection_cpp.hpp
[2.608s] -- Up-to-date symlink: /home/hero/Desktop/birdiebot_nav_ws/install/auto_aim_interfaces/share/auto_aim_interfaces/environment/pythonpath.sh
[2.608s] -- Up-to-date symlink: /home/hero/Desktop/birdiebot_nav_ws/install/auto_aim_interfaces/share/auto_aim_interfaces/environment/pythonpath.dsv
[2.608s] -- Up-to-date symlink: /home/hero/Desktop/birdiebot_nav_ws/install/auto_aim_interfaces/local/lib/python3.10/dist-packages/auto_aim_interfaces-0.0.0-py3.10.egg-info/PKG-INFO
[2.608s] -- Up-to-date symlink: /home/hero/Desktop/birdiebot_nav_ws/install/auto_aim_interfaces/local/lib/python3.10/dist-packages/auto_aim_interfaces-0.0.0-py3.10.egg-info/SOURCES.txt
[2.608s] -- Up-to-date symlink: /home/hero/Desktop/birdiebot_nav_ws/install/auto_aim_interfaces/local/lib/python3.10/dist-packages/auto_aim_interfaces-0.0.0-py3.10.egg-info/dependency_links.txt
[2.608s] -- Up-to-date symlink: /home/hero/Desktop/birdiebot_nav_ws/install/auto_aim_interfaces/local/lib/python3.10/dist-packages/auto_aim_interfaces-0.0.0-py3.10.egg-info/top_level.txt
[2.608s] -- Up-to-date symlink: /home/hero/Desktop/birdiebot_nav_ws/install/auto_aim_interfaces/local/lib/python3.10/dist-packages/auto_aim_interfaces/__init__.py
[2.608s] -- Up-to-date symlink: /home/hero/Desktop/birdiebot_nav_ws/install/auto_aim_interfaces/local/lib/python3.10/dist-packages/auto_aim_interfaces/_auto_aim_interfaces_s.ep.rosidl_typesupport_c.c
[2.608s] -- Up-to-date symlink: /home/hero/Desktop/birdiebot_nav_ws/install/auto_aim_interfaces/local/lib/python3.10/dist-packages/auto_aim_interfaces/_auto_aim_interfaces_s.ep.rosidl_typesupport_fastrtps_c.c
[2.608s] -- Up-to-date symlink: /home/hero/Desktop/birdiebot_nav_ws/install/auto_aim_interfaces/local/lib/python3.10/dist-packages/auto_aim_interfaces/_auto_aim_interfaces_s.ep.rosidl_typesupport_introspection_c.c
[2.609s] -- Up-to-date symlink: /home/hero/Desktop/birdiebot_nav_ws/install/auto_aim_interfaces/local/lib/python3.10/dist-packages/auto_aim_interfaces/auto_aim_interfaces_s__rosidl_typesupport_c.cpython-310-x86_64-linux-gnu.so
[2.609s] -- Up-to-date symlink: /home/hero/Desktop/birdiebot_nav_ws/install/auto_aim_interfaces/local/lib/python3.10/dist-packages/auto_aim_interfaces/auto_aim_interfaces_s__rosidl_typesupport_fastrtps_c.cpython-310-x86_64-linux-gnu.so
[2.609s] -- Up-to-date symlink: /home/hero/Desktop/birdiebot_nav_ws/install/auto_aim_interfaces/local/lib/python3.10/dist-packages/auto_aim_interfaces/auto_aim_interfaces_s__rosidl_typesupport_introspection_c.cpython-310-x86_64-linux-gnu.so
[2.609s] -- Up-to-date symlink: /home/hero/Desktop/birdiebot_nav_ws/install/auto_aim_interfaces/local/lib/python3.10/dist-packages/auto_aim_interfaces/libauto_aim_interfaces__rosidl_generator_py.so
[2.609s] -- Up-to-date symlink: /home/hero/Desktop/birdiebot_nav_ws/install/auto_aim_interfaces/local/lib/python3.10/dist-packages/auto_aim_interfaces/msg/__init__.py
[2.609s] -- Up-to-date symlink: /home/hero/Desktop/birdiebot_nav_ws/install/auto_aim_interfaces/local/lib/python3.10/dist-packages/auto_aim_interfaces/msg/_armor.py
[2.609s] -- Up-to-date symlink: /home/hero/Desktop/birdiebot_nav_ws/install/auto_aim_interfaces/local/lib/python3.10/dist-packages/auto_aim_interfaces/msg/_armor_s.c
[2.609s] -- Up-to-date symlink: /home/hero/Desktop/birdiebot_nav_ws/install/auto_aim_interfaces/local/lib/python3.10/dist-packages/auto_aim_interfaces/msg/_armors.py
[2.609s] -- Up-to-date symlink: /home/hero/Desktop/birdiebot_nav_ws/install/auto_aim_interfaces/local/lib/python3.10/dist-packages/auto_aim_interfaces/msg/_armors_s.c
[2.609s] -- Up-to-date symlink: /home/hero/Desktop/birdiebot_nav_ws/install/auto_aim_interfaces/local/lib/python3.10/dist-packages/auto_aim_interfaces/msg/_debug_armor.py
[2.609s] -- Up-to-date symlink: /home/hero/Desktop/birdiebot_nav_ws/install/auto_aim_interfaces/local/lib/python3.10/dist-packages/auto_aim_interfaces/msg/_debug_armor_s.c
[2.609s] -- Up-to-date symlink: /home/hero/Desktop/birdiebot_nav_ws/install/auto_aim_interfaces/local/lib/python3.10/dist-packages/auto_aim_interfaces/msg/_debug_armors.py
[2.609s] -- Up-to-date symlink: /home/hero/Desktop/birdiebot_nav_ws/install/auto_aim_interfaces/local/lib/python3.10/dist-packages/auto_aim_interfaces/msg/_debug_armors_s.c
[2.609s] -- Up-to-date symlink: /home/hero/Desktop/birdiebot_nav_ws/install/auto_aim_interfaces/local/lib/python3.10/dist-packages/auto_aim_interfaces/msg/_debug_light.py
[2.610s] -- Up-to-date symlink: /home/hero/Desktop/birdiebot_nav_ws/install/auto_aim_interfaces/local/lib/python3.10/dist-packages/auto_aim_interfaces/msg/_debug_light_s.c
[2.610s] -- Up-to-date symlink: /home/hero/Desktop/birdiebot_nav_ws/install/auto_aim_interfaces/local/lib/python3.10/dist-packages/auto_aim_interfaces/msg/_debug_lights.py
[2.610s] -- Up-to-date symlink: /home/hero/Desktop/birdiebot_nav_ws/install/auto_aim_interfaces/local/lib/python3.10/dist-packages/auto_aim_interfaces/msg/_debug_lights_s.c
[2.610s] -- Up-to-date symlink: /home/hero/Desktop/birdiebot_nav_ws/install/auto_aim_interfaces/local/lib/python3.10/dist-packages/auto_aim_interfaces/msg/_target.py
[2.610s] -- Up-to-date symlink: /home/hero/Desktop/birdiebot_nav_ws/install/auto_aim_interfaces/local/lib/python3.10/dist-packages/auto_aim_interfaces/msg/_target_s.c
[2.610s] -- Up-to-date symlink: /home/hero/Desktop/birdiebot_nav_ws/install/auto_aim_interfaces/local/lib/python3.10/dist-packages/auto_aim_interfaces/msg/_tracker_info.py
[2.610s] -- Up-to-date symlink: /home/hero/Desktop/birdiebot_nav_ws/install/auto_aim_interfaces/local/lib/python3.10/dist-packages/auto_aim_interfaces/msg/_tracker_info_s.c
[2.617s] -- Up-to-date symlink: /home/hero/Desktop/birdiebot_nav_ws/install/auto_aim_interfaces/local/lib/python3.10/dist-packages/auto_aim_interfaces/auto_aim_interfaces_s__rosidl_typesupport_fastrtps_c.cpython-310-x86_64-linux-gnu.so
[2.617s] -- Up-to-date symlink: /home/hero/Desktop/birdiebot_nav_ws/install/auto_aim_interfaces/local/lib/python3.10/dist-packages/auto_aim_interfaces/auto_aim_interfaces_s__rosidl_typesupport_introspection_c.cpython-310-x86_64-linux-gnu.so
[2.617s] -- Up-to-date symlink: /home/hero/Desktop/birdiebot_nav_ws/install/auto_aim_interfaces/local/lib/python3.10/dist-packages/auto_aim_interfaces/auto_aim_interfaces_s__rosidl_typesupport_c.cpython-310-x86_64-linux-gnu.so
[2.617s] -- Up-to-date symlink: /home/hero/Desktop/birdiebot_nav_ws/install/auto_aim_interfaces/share/auto_aim_interfaces/msg/Armor.idl
[2.617s] -- Up-to-date symlink: /home/hero/Desktop/birdiebot_nav_ws/install/auto_aim_interfaces/share/auto_aim_interfaces/msg/Armors.idl
[2.617s] -- Up-to-date symlink: /home/hero/Desktop/birdiebot_nav_ws/install/auto_aim_interfaces/share/auto_aim_interfaces/msg/Target.idl
[2.617s] -- Up-to-date symlink: /home/hero/Desktop/birdiebot_nav_ws/install/auto_aim_interfaces/share/auto_aim_interfaces/msg/DebugLight.idl
[2.617s] -- Up-to-date symlink: /home/hero/Desktop/birdiebot_nav_ws/install/auto_aim_interfaces/share/auto_aim_interfaces/msg/DebugLights.idl
[2.617s] -- Up-to-date symlink: /home/hero/Desktop/birdiebot_nav_ws/install/auto_aim_interfaces/share/auto_aim_interfaces/msg/DebugArmor.idl
[2.617s] -- Up-to-date symlink: /home/hero/Desktop/birdiebot_nav_ws/install/auto_aim_interfaces/share/auto_aim_interfaces/msg/DebugArmors.idl
[2.617s] -- Up-to-date symlink: /home/hero/Desktop/birdiebot_nav_ws/install/auto_aim_interfaces/share/auto_aim_interfaces/msg/TrackerInfo.idl
[2.617s] -- Up-to-date symlink: /home/hero/Desktop/birdiebot_nav_ws/install/auto_aim_interfaces/share/auto_aim_interfaces/msg/Armor.msg
[2.617s] -- Up-to-date symlink: /home/hero/Desktop/birdiebot_nav_ws/install/auto_aim_interfaces/share/auto_aim_interfaces/msg/Armors.msg
[2.618s] -- Up-to-date symlink: /home/hero/Desktop/birdiebot_nav_ws/install/auto_aim_interfaces/share/auto_aim_interfaces/msg/Target.msg
[2.618s] -- Up-to-date symlink: /home/hero/Desktop/birdiebot_nav_ws/install/auto_aim_interfaces/share/auto_aim_interfaces/msg/DebugLight.msg
[2.618s] -- Up-to-date symlink: /home/hero/Desktop/birdiebot_nav_ws/install/auto_aim_interfaces/share/auto_aim_interfaces/msg/DebugLights.msg
[2.618s] -- Up-to-date symlink: /home/hero/Desktop/birdiebot_nav_ws/install/auto_aim_interfaces/share/auto_aim_interfaces/msg/DebugArmor.msg
[2.618s] -- Up-to-date symlink: /home/hero/Desktop/birdiebot_nav_ws/install/auto_aim_interfaces/share/auto_aim_interfaces/msg/DebugArmors.msg
[2.618s] -- Up-to-date symlink: /home/hero/Desktop/birdiebot_nav_ws/install/auto_aim_interfaces/share/auto_aim_interfaces/msg/TrackerInfo.msg
[2.619s] -- Up-to-date symlink: /home/hero/Desktop/birdiebot_nav_ws/install/auto_aim_interfaces/share/ament_index/resource_index/package_run_dependencies/auto_aim_interfaces
[2.622s] -- Up-to-date symlink: /home/hero/Desktop/birdiebot_nav_ws/install/auto_aim_interfaces/share/ament_index/resource_index/parent_prefix_path/auto_aim_interfaces
[2.622s] -- Up-to-date symlink: /home/hero/Desktop/birdiebot_nav_ws/install/auto_aim_interfaces/share/auto_aim_interfaces/environment/ament_prefix_path.sh
[2.622s] -- Up-to-date symlink: /home/hero/Desktop/birdiebot_nav_ws/install/auto_aim_interfaces/share/auto_aim_interfaces/environment/ament_prefix_path.dsv
[2.622s] -- Up-to-date symlink: /home/hero/Desktop/birdiebot_nav_ws/install/auto_aim_interfaces/share/auto_aim_interfaces/environment/path.sh
[2.622s] -- Up-to-date symlink: /home/hero/Desktop/birdiebot_nav_ws/install/auto_aim_interfaces/share/auto_aim_interfaces/environment/path.dsv
[2.623s] -- Up-to-date symlink: /home/hero/Desktop/birdiebot_nav_ws/install/auto_aim_interfaces/share/auto_aim_interfaces/local_setup.bash
[2.623s] -- Up-to-date symlink: /home/hero/Desktop/birdiebot_nav_ws/install/auto_aim_interfaces/share/auto_aim_interfaces/local_setup.sh
[2.623s] -- Up-to-date symlink: /home/hero/Desktop/birdiebot_nav_ws/install/auto_aim_interfaces/share/auto_aim_interfaces/local_setup.zsh
[2.623s] -- Up-to-date symlink: /home/hero/Desktop/birdiebot_nav_ws/install/auto_aim_interfaces/share/auto_aim_interfaces/local_setup.dsv
[2.623s] -- Symlinking: /home/hero/Desktop/birdiebot_nav_ws/install/auto_aim_interfaces/share/auto_aim_interfaces/package.dsv
[2.623s] -- Up-to-date symlink: /home/hero/Desktop/birdiebot_nav_ws/install/auto_aim_interfaces/share/ament_index/resource_index/packages/auto_aim_interfaces
[2.623s] -- Up-to-date symlink: /home/hero/Desktop/birdiebot_nav_ws/install/auto_aim_interfaces/share/auto_aim_interfaces/cmake/rosidl_cmake-extras.cmake
[2.623s] -- Up-to-date symlink: /home/hero/Desktop/birdiebot_nav_ws/install/auto_aim_interfaces/share/auto_aim_interfaces/cmake/ament_cmake_export_dependencies-extras.cmake
[2.623s] -- Up-to-date symlink: /home/hero/Desktop/birdiebot_nav_ws/install/auto_aim_interfaces/share/auto_aim_interfaces/cmake/ament_cmake_export_include_directories-extras.cmake
[2.623s] -- Up-to-date symlink: /home/hero/Desktop/birdiebot_nav_ws/install/auto_aim_interfaces/share/auto_aim_interfaces/cmake/ament_cmake_export_libraries-extras.cmake
[2.623s] -- Up-to-date symlink: /home/hero/Desktop/birdiebot_nav_ws/install/auto_aim_interfaces/share/auto_aim_interfaces/cmake/ament_cmake_export_targets-extras.cmake
[2.623s] -- Up-to-date symlink: /home/hero/Desktop/birdiebot_nav_ws/install/auto_aim_interfaces/share/auto_aim_interfaces/cmake/rosidl_cmake_export_typesupport_targets-extras.cmake
[2.623s] -- Up-to-date symlink: /home/hero/Desktop/birdiebot_nav_ws/install/auto_aim_interfaces/share/auto_aim_interfaces/cmake/rosidl_cmake_export_typesupport_libraries-extras.cmake
[2.624s] -- Up-to-date symlink: /home/hero/Desktop/birdiebot_nav_ws/install/auto_aim_interfaces/share/auto_aim_interfaces/cmake/auto_aim_interfacesConfig.cmake
[2.624s] -- Up-to-date symlink: /home/hero/Desktop/birdiebot_nav_ws/install/auto_aim_interfaces/share/auto_aim_interfaces/cmake/auto_aim_interfacesConfig-version.cmake
[2.624s] -- Up-to-date symlink: /home/hero/Desktop/birdiebot_nav_ws/install/auto_aim_interfaces/share/auto_aim_interfaces/package.xml
[2.627s] -- Up-to-date: /home/hero/Desktop/birdiebot_nav_ws/install/auto_aim_interfaces/lib/libauto_aim_interfaces__rosidl_generator_c.so
[2.628s] -- Up-to-date: /home/hero/Desktop/birdiebot_nav_ws/install/auto_aim_interfaces/lib/libauto_aim_interfaces__rosidl_typesupport_fastrtps_c.so
[2.628s] -- Up-to-date: /home/hero/Desktop/birdiebot_nav_ws/install/auto_aim_interfaces/lib/libauto_aim_interfaces__rosidl_typesupport_introspection_c.so
[2.628s] -- Up-to-date: /home/hero/Desktop/birdiebot_nav_ws/install/auto_aim_interfaces/lib/libauto_aim_interfaces__rosidl_typesupport_c.so
[2.628s] -- Up-to-date: /home/hero/Desktop/birdiebot_nav_ws/install/auto_aim_interfaces/lib/libauto_aim_interfaces__rosidl_typesupport_fastrtps_cpp.so
[2.628s] -- Up-to-date: /home/hero/Desktop/birdiebot_nav_ws/install/auto_aim_interfaces/lib/libauto_aim_interfaces__rosidl_typesupport_introspection_cpp.so
[2.628s] -- Up-to-date: /home/hero/Desktop/birdiebot_nav_ws/install/auto_aim_interfaces/lib/libauto_aim_interfaces__rosidl_typesupport_cpp.so
[2.647s] Listing '/home/hero/Desktop/birdiebot_nav_ws/install/auto_aim_interfaces/local/lib/python3.10/dist-packages/auto_aim_interfaces'...
[2.647s] Listing '/home/hero/Desktop/birdiebot_nav_ws/install/auto_aim_interfaces/local/lib/python3.10/dist-packages/auto_aim_interfaces/msg'...
[2.651s] -- Up-to-date: /home/hero/Desktop/birdiebot_nav_ws/install/auto_aim_interfaces/lib/libauto_aim_interfaces__rosidl_generator_py.so
[2.651s] -- Up-to-date: /home/hero/Desktop/birdiebot_nav_ws/install/auto_aim_interfaces/share/auto_aim_interfaces/cmake/export_auto_aim_interfaces__rosidl_generator_cExport.cmake
[2.651s] -- Up-to-date: /home/hero/Desktop/birdiebot_nav_ws/install/auto_aim_interfaces/share/auto_aim_interfaces/cmake/export_auto_aim_interfaces__rosidl_generator_cExport-noconfig.cmake
[2.652s] -- Up-to-date: /home/hero/Desktop/birdiebot_nav_ws/install/auto_aim_interfaces/share/auto_aim_interfaces/cmake/export_auto_aim_interfaces__rosidl_typesupport_fastrtps_cExport.cmake
[2.652s] -- Up-to-date: /home/hero/Desktop/birdiebot_nav_ws/install/auto_aim_interfaces/share/auto_aim_interfaces/cmake/export_auto_aim_interfaces__rosidl_typesupport_fastrtps_cExport-noconfig.cmake
[2.652s] -- Up-to-date: /home/hero/Desktop/birdiebot_nav_ws/install/auto_aim_interfaces/share/auto_aim_interfaces/cmake/auto_aim_interfaces__rosidl_typesupport_introspection_cExport.cmake
[2.652s] -- Up-to-date: /home/hero/Desktop/birdiebot_nav_ws/install/auto_aim_interfaces/share/auto_aim_interfaces/cmake/auto_aim_interfaces__rosidl_typesupport_introspection_cExport-noconfig.cmake
[2.652s] -- Up-to-date: /home/hero/Desktop/birdiebot_nav_ws/install/auto_aim_interfaces/share/auto_aim_interfaces/cmake/auto_aim_interfaces__rosidl_typesupport_cExport.cmake
[2.652s] -- Up-to-date: /home/hero/Desktop/birdiebot_nav_ws/install/auto_aim_interfaces/share/auto_aim_interfaces/cmake/auto_aim_interfaces__rosidl_typesupport_cExport-noconfig.cmake
[2.652s] -- Up-to-date: /home/hero/Desktop/birdiebot_nav_ws/install/auto_aim_interfaces/share/auto_aim_interfaces/cmake/export_auto_aim_interfaces__rosidl_generator_cppExport.cmake
[2.652s] -- Up-to-date: /home/hero/Desktop/birdiebot_nav_ws/install/auto_aim_interfaces/share/auto_aim_interfaces/cmake/export_auto_aim_interfaces__rosidl_typesupport_fastrtps_cppExport.cmake
[2.652s] -- Up-to-date: /home/hero/Desktop/birdiebot_nav_ws/install/auto_aim_interfaces/share/auto_aim_interfaces/cmake/export_auto_aim_interfaces__rosidl_typesupport_fastrtps_cppExport-noconfig.cmake
[2.652s] -- Up-to-date: /home/hero/Desktop/birdiebot_nav_ws/install/auto_aim_interfaces/share/auto_aim_interfaces/cmake/auto_aim_interfaces__rosidl_typesupport_introspection_cppExport.cmake
[2.652s] -- Up-to-date: /home/hero/Desktop/birdiebot_nav_ws/install/auto_aim_interfaces/share/auto_aim_interfaces/cmake/auto_aim_interfaces__rosidl_typesupport_introspection_cppExport-noconfig.cmake
[2.652s] -- Up-to-date: /home/hero/Desktop/birdiebot_nav_ws/install/auto_aim_interfaces/share/auto_aim_interfaces/cmake/auto_aim_interfaces__rosidl_typesupport_cppExport.cmake
[2.652s] -- Up-to-date: /home/hero/Desktop/birdiebot_nav_ws/install/auto_aim_interfaces/share/auto_aim_interfaces/cmake/auto_aim_interfaces__rosidl_typesupport_cppExport-noconfig.cmake
[2.652s] -- Up-to-date: /home/hero/Desktop/birdiebot_nav_ws/install/auto_aim_interfaces/share/auto_aim_interfaces/cmake/export_auto_aim_interfaces__rosidl_generator_pyExport.cmake
[2.652s] -- Up-to-date: /home/hero/Desktop/birdiebot_nav_ws/install/auto_aim_interfaces/share/auto_aim_interfaces/cmake/export_auto_aim_interfaces__rosidl_generator_pyExport-noconfig.cmake
[2.892s] Invoked command in '/home/hero/Desktop/birdiebot_nav_ws/build/auto_aim_interfaces' returned '0': CMAKE_PREFIX_PATH=${CMAKE_PREFIX_PATH}:/opt/ros/humble /usr/bin/cmake --install /home/hero/Desktop/birdiebot_nav_ws/build/auto_aim_interfaces
