[0.061s] Invoking command in '/home/hero/Desktop/birdiebot_nav_ws/build/ros2_livox_simulation': AMENT_PREFIX_PATH=/home/hero/Desktop/birdiebot_nav_ws/install/livox_ros_driver2:${AMENT_PREFIX_PATH} CMAKE_PREFIX_PATH=/home/hero/Desktop/birdiebot_nav_ws/install/livox_ros_driver2:/opt/ros/humble LD_LIBRARY_PATH=/home/hero/Desktop/birdiebot_nav_ws/install/livox_ros_driver2/lib:/opt/intel/openvino_2023.3.0/runtime/lib/intel64:/opt/MVS/lib/64:/opt/MVS/lib/32:/opt/MVS/lib/64:/opt/MVS/lib/32:/opt/intel/openvino_2023.3.0/runtime/lib/intel64:/opt/MVS/lib/64:/opt/MVS/lib/32:/usr/lib/x86_64-linux-gnu/gazebo-11/plugins:/opt/ros/humble/opt/rviz_ogre_vendor/lib:/opt/ros/humble/lib/x86_64-linux-gnu:/opt/ros/humble/opt/openvdb_vendor/lib:/opt/ros/humble/lib:/opt/MVS/lib/64:/opt/MVS/lib/32:/opt/MVS/lib/64:/opt/MVS/lib/32:/opt/MVS/lib/64:/opt/MVS/lib/32 PYTHONPATH=/home/hero/Desktop/birdiebot_nav_ws/install/livox_ros_driver2/local/lib/python3.10/dist-packages:${PYTHONPATH} /usr/bin/cmake --build /home/hero/Desktop/birdiebot_nav_ws/build/ros2_livox_simulation -- -j8 -l8
[11.088s] [ 33%] [32mBuilding CXX object CMakeFiles/ros2_livox.dir/src/livox_points_plugin.cpp.o[0m
[17.541s] [ 66%] [32mBuilding CXX object CMakeFiles/ros2_livox.dir/src/livox_ode_multiray_shape.cpp.o[0m
[24.963s] [100%] [32m[1mLinking CXX shared library libros2_livox.so[0m
[25.930s] [100%] Built target ros2_livox
[25.940s] Invoked command in '/home/hero/Desktop/birdiebot_nav_ws/build/ros2_livox_simulation' returned '0': AMENT_PREFIX_PATH=/home/hero/Desktop/birdiebot_nav_ws/install/livox_ros_driver2:${AMENT_PREFIX_PATH} CMAKE_PREFIX_PATH=/home/hero/Desktop/birdiebot_nav_ws/install/livox_ros_driver2:/opt/ros/humble LD_LIBRARY_PATH=/home/hero/Desktop/birdiebot_nav_ws/install/livox_ros_driver2/lib:/opt/intel/openvino_2023.3.0/runtime/lib/intel64:/opt/MVS/lib/64:/opt/MVS/lib/32:/opt/MVS/lib/64:/opt/MVS/lib/32:/opt/intel/openvino_2023.3.0/runtime/lib/intel64:/opt/MVS/lib/64:/opt/MVS/lib/32:/usr/lib/x86_64-linux-gnu/gazebo-11/plugins:/opt/ros/humble/opt/rviz_ogre_vendor/lib:/opt/ros/humble/lib/x86_64-linux-gnu:/opt/ros/humble/opt/openvdb_vendor/lib:/opt/ros/humble/lib:/opt/MVS/lib/64:/opt/MVS/lib/32:/opt/MVS/lib/64:/opt/MVS/lib/32:/opt/MVS/lib/64:/opt/MVS/lib/32 PYTHONPATH=/home/hero/Desktop/birdiebot_nav_ws/install/livox_ros_driver2/local/lib/python3.10/dist-packages:${PYTHONPATH} /usr/bin/cmake --build /home/hero/Desktop/birdiebot_nav_ws/build/ros2_livox_simulation -- -j8 -l8
[25.968s] Invoking command in '/home/hero/Desktop/birdiebot_nav_ws/build/ros2_livox_simulation': AMENT_PREFIX_PATH=/home/hero/Desktop/birdiebot_nav_ws/install/livox_ros_driver2:${AMENT_PREFIX_PATH} CMAKE_PREFIX_PATH=/home/hero/Desktop/birdiebot_nav_ws/install/livox_ros_driver2:/opt/ros/humble LD_LIBRARY_PATH=/home/hero/Desktop/birdiebot_nav_ws/install/livox_ros_driver2/lib:/opt/intel/openvino_2023.3.0/runtime/lib/intel64:/opt/MVS/lib/64:/opt/MVS/lib/32:/opt/MVS/lib/64:/opt/MVS/lib/32:/opt/intel/openvino_2023.3.0/runtime/lib/intel64:/opt/MVS/lib/64:/opt/MVS/lib/32:/usr/lib/x86_64-linux-gnu/gazebo-11/plugins:/opt/ros/humble/opt/rviz_ogre_vendor/lib:/opt/ros/humble/lib/x86_64-linux-gnu:/opt/ros/humble/opt/openvdb_vendor/lib:/opt/ros/humble/lib:/opt/MVS/lib/64:/opt/MVS/lib/32:/opt/MVS/lib/64:/opt/MVS/lib/32:/opt/MVS/lib/64:/opt/MVS/lib/32 PYTHONPATH=/home/hero/Desktop/birdiebot_nav_ws/install/livox_ros_driver2/local/lib/python3.10/dist-packages:${PYTHONPATH} /usr/bin/cmake --install /home/hero/Desktop/birdiebot_nav_ws/build/ros2_livox_simulation
[25.973s] -- Install configuration: ""
[25.976s] -- Execute custom install script
[25.976s] -- Up-to-date symlink: /home/hero/Desktop/birdiebot_nav_ws/install/ros2_livox_simulation/include/ros2_livox/csv_reader.hpp
[25.976s] -- Up-to-date symlink: /home/hero/Desktop/birdiebot_nav_ws/install/ros2_livox_simulation/include/ros2_livox/livox_ode_multiray_shape.h
[25.976s] -- Up-to-date symlink: /home/hero/Desktop/birdiebot_nav_ws/install/ros2_livox_simulation/include/ros2_livox/livox_points_plugin.h
[25.976s] -- Up-to-date symlink: /home/hero/Desktop/birdiebot_nav_ws/install/ros2_livox_simulation/share/ros2_livox_simulation/environment/library_path.sh
[25.977s] -- Up-to-date symlink: /home/hero/Desktop/birdiebot_nav_ws/install/ros2_livox_simulation/share/ros2_livox_simulation/environment/library_path.dsv
[25.977s] -- Up-to-date symlink: /home/hero/Desktop/birdiebot_nav_ws/install/ros2_livox_simulation/lib/libros2_livox.so
[25.977s] -- Up-to-date symlink: /home/hero/Desktop/birdiebot_nav_ws/install/ros2_livox_simulation/share/ros2_livox_simulation/scan_mode/mid360.csv
[25.977s] -- Up-to-date symlink: /home/hero/Desktop/birdiebot_nav_ws/install/ros2_livox_simulation/share/ros2_livox_simulation/urdf/mid360.xacro
[25.977s] -- Up-to-date symlink: /home/hero/Desktop/birdiebot_nav_ws/install/ros2_livox_simulation/share/ament_index/resource_index/package_run_dependencies/ros2_livox_simulation
[25.977s] -- Up-to-date symlink: /home/hero/Desktop/birdiebot_nav_ws/install/ros2_livox_simulation/share/ament_index/resource_index/parent_prefix_path/ros2_livox_simulation
[25.977s] -- Up-to-date symlink: /home/hero/Desktop/birdiebot_nav_ws/install/ros2_livox_simulation/share/ros2_livox_simulation/environment/ament_prefix_path.sh
[25.977s] -- Up-to-date symlink: /home/hero/Desktop/birdiebot_nav_ws/install/ros2_livox_simulation/share/ros2_livox_simulation/environment/ament_prefix_path.dsv
[25.977s] -- Up-to-date symlink: /home/hero/Desktop/birdiebot_nav_ws/install/ros2_livox_simulation/share/ros2_livox_simulation/environment/path.sh
[25.977s] -- Up-to-date symlink: /home/hero/Desktop/birdiebot_nav_ws/install/ros2_livox_simulation/share/ros2_livox_simulation/environment/path.dsv
[25.977s] -- Up-to-date symlink: /home/hero/Desktop/birdiebot_nav_ws/install/ros2_livox_simulation/share/ros2_livox_simulation/local_setup.bash
[25.977s] -- Up-to-date symlink: /home/hero/Desktop/birdiebot_nav_ws/install/ros2_livox_simulation/share/ros2_livox_simulation/local_setup.sh
[25.978s] -- Up-to-date symlink: /home/hero/Desktop/birdiebot_nav_ws/install/ros2_livox_simulation/share/ros2_livox_simulation/local_setup.zsh
[25.978s] -- Up-to-date symlink: /home/hero/Desktop/birdiebot_nav_ws/install/ros2_livox_simulation/share/ros2_livox_simulation/local_setup.dsv
[25.978s] -- Symlinking: /home/hero/Desktop/birdiebot_nav_ws/install/ros2_livox_simulation/share/ros2_livox_simulation/package.dsv
[25.990s] -- Up-to-date symlink: /home/hero/Desktop/birdiebot_nav_ws/install/ros2_livox_simulation/share/ament_index/resource_index/packages/ros2_livox_simulation
[25.990s] -- Up-to-date symlink: /home/hero/Desktop/birdiebot_nav_ws/install/ros2_livox_simulation/share/ros2_livox_simulation/cmake/ament_cmake_export_dependencies-extras.cmake
[25.990s] -- Up-to-date symlink: /home/hero/Desktop/birdiebot_nav_ws/install/ros2_livox_simulation/share/ros2_livox_simulation/cmake/ament_cmake_export_include_directories-extras.cmake
[25.990s] -- Up-to-date symlink: /home/hero/Desktop/birdiebot_nav_ws/install/ros2_livox_simulation/share/ros2_livox_simulation/cmake/ament_cmake_export_libraries-extras.cmake
[25.990s] -- Up-to-date symlink: /home/hero/Desktop/birdiebot_nav_ws/install/ros2_livox_simulation/share/ros2_livox_simulation/cmake/ros2_livox_simulationConfig.cmake
[25.990s] -- Up-to-date symlink: /home/hero/Desktop/birdiebot_nav_ws/install/ros2_livox_simulation/share/ros2_livox_simulation/cmake/ros2_livox_simulationConfig-version.cmake
[25.990s] -- Up-to-date symlink: /home/hero/Desktop/birdiebot_nav_ws/install/ros2_livox_simulation/share/ros2_livox_simulation/package.xml
[25.992s] Invoked command in '/home/hero/Desktop/birdiebot_nav_ws/build/ros2_livox_simulation' returned '0': AMENT_PREFIX_PATH=/home/hero/Desktop/birdiebot_nav_ws/install/livox_ros_driver2:${AMENT_PREFIX_PATH} CMAKE_PREFIX_PATH=/home/hero/Desktop/birdiebot_nav_ws/install/livox_ros_driver2:/opt/ros/humble LD_LIBRARY_PATH=/home/hero/Desktop/birdiebot_nav_ws/install/livox_ros_driver2/lib:/opt/intel/openvino_2023.3.0/runtime/lib/intel64:/opt/MVS/lib/64:/opt/MVS/lib/32:/opt/MVS/lib/64:/opt/MVS/lib/32:/opt/intel/openvino_2023.3.0/runtime/lib/intel64:/opt/MVS/lib/64:/opt/MVS/lib/32:/usr/lib/x86_64-linux-gnu/gazebo-11/plugins:/opt/ros/humble/opt/rviz_ogre_vendor/lib:/opt/ros/humble/lib/x86_64-linux-gnu:/opt/ros/humble/opt/openvdb_vendor/lib:/opt/ros/humble/lib:/opt/MVS/lib/64:/opt/MVS/lib/32:/opt/MVS/lib/64:/opt/MVS/lib/32:/opt/MVS/lib/64:/opt/MVS/lib/32 PYTHONPATH=/home/hero/Desktop/birdiebot_nav_ws/install/livox_ros_driver2/local/lib/python3.10/dist-packages:${PYTHONPATH} /usr/bin/cmake --install /home/hero/Desktop/birdiebot_nav_ws/build/ros2_livox_simulation
