[0.201s] Invoking command in '/home/hero/Desktop/birdiebot_nav_ws/build/navigation_interfaces': CMAKE_PREFIX_PATH=${CMAKE_PREFIX_PATH}:/opt/ros/humble /usr/bin/cmake --build /home/hero/Desktop/birdiebot_nav_ws/build/navigation_interfaces -- -j8 -l8
[0.319s] [  3%] Built target navigation_interfaces__cpp
[0.359s] [ 12%] Built target navigation_interfaces__rosidl_generator_c
[0.361s] [ 12%] Built target ament_cmake_python_symlink_navigation_interfaces
[0.430s] [ 22%] Built target navigation_interfaces__rosidl_typesupport_introspection_cpp
[0.498s] [ 32%] Built target navigation_interfaces__rosidl_typesupport_cpp
[0.502s] [ 41%] Built target navigation_interfaces__rosidl_typesupport_fastrtps_c
[0.509s] [ 51%] Built target navigation_interfaces__rosidl_typesupport_fastrtps_cpp
[0.525s] [ 61%] Built target navigation_interfaces__rosidl_typesupport_introspection_c
[0.534s] [ 70%] Built target navigation_interfaces__rosidl_typesupport_c
[0.605s] [ 70%] Built target navigation_interfaces
[0.783s] [ 74%] Built target navigation_interfaces__py
[0.913s] [ 80%] Built target navigation_interfaces__rosidl_generator_py
[1.001s] [ 87%] Built target navigation_interfaces__rosidl_typesupport_fastrtps_c__pyext
[1.009s] running egg_info
[1.010s] writing navigation_interfaces.egg-info/PKG-INFO
[1.010s] writing dependency_links to navigation_interfaces.egg-info/dependency_links.txt
[1.010s] writing top-level names to navigation_interfaces.egg-info/top_level.txt
[1.012s] reading manifest file 'navigation_interfaces.egg-info/SOURCES.txt'
[1.014s] writing manifest file 'navigation_interfaces.egg-info/SOURCES.txt'
[1.049s] [ 93%] Built target navigation_interfaces__rosidl_typesupport_introspection_c__pyext
[1.049s] [ 93%] Built target ament_cmake_python_build_navigation_interfaces_egg
[1.053s] [100%] Built target navigation_interfaces__rosidl_typesupport_c__pyext
[1.265s] Invoked command in '/home/hero/Desktop/birdiebot_nav_ws/build/navigation_interfaces' returned '0': CMAKE_PREFIX_PATH=${CMAKE_PREFIX_PATH}:/opt/ros/humble /usr/bin/cmake --build /home/hero/Desktop/birdiebot_nav_ws/build/navigation_interfaces -- -j8 -l8
[2.000s] Invoking command in '/home/hero/Desktop/birdiebot_nav_ws/build/navigation_interfaces': CMAKE_PREFIX_PATH=${CMAKE_PREFIX_PATH}:/opt/ros/humble /usr/bin/cmake --install /home/hero/Desktop/birdiebot_nav_ws/build/navigation_interfaces
[2.014s] -- Install configuration: ""
[2.014s] -- Execute custom install script
[2.014s] -- Up-to-date symlink: /home/hero/Desktop/birdiebot_nav_ws/install/navigation_interfaces/share/ament_index/resource_index/rosidl_interfaces/navigation_interfaces
[2.015s] -- Up-to-date symlink: /home/hero/Desktop/birdiebot_nav_ws/install/navigation_interfaces/include/navigation_interfaces/navigation_interfaces/msg/detail/navigation__functions.h
[2.015s] -- Up-to-date symlink: /home/hero/Desktop/birdiebot_nav_ws/install/navigation_interfaces/include/navigation_interfaces/navigation_interfaces/msg/detail/navigation__struct.h
[2.015s] -- Up-to-date symlink: /home/hero/Desktop/birdiebot_nav_ws/install/navigation_interfaces/include/navigation_interfaces/navigation_interfaces/msg/detail/navigation__type_support.h
[2.015s] -- Up-to-date symlink: /home/hero/Desktop/birdiebot_nav_ws/install/navigation_interfaces/include/navigation_interfaces/navigation_interfaces/msg/navigation.h
[2.016s] -- Up-to-date symlink: /home/hero/Desktop/birdiebot_nav_ws/install/navigation_interfaces/include/navigation_interfaces/navigation_interfaces/msg/rosidl_generator_c__visibility_control.h
[2.016s] -- Up-to-date symlink: /home/hero/Desktop/birdiebot_nav_ws/install/navigation_interfaces/share/navigation_interfaces/environment/library_path.sh
[2.016s] -- Up-to-date symlink: /home/hero/Desktop/birdiebot_nav_ws/install/navigation_interfaces/share/navigation_interfaces/environment/library_path.dsv
[2.016s] -- Up-to-date symlink: /home/hero/Desktop/birdiebot_nav_ws/install/navigation_interfaces/include/navigation_interfaces/navigation_interfaces/msg/detail/navigation__rosidl_typesupport_fastrtps_c.h
[2.016s] -- Up-to-date symlink: /home/hero/Desktop/birdiebot_nav_ws/install/navigation_interfaces/include/navigation_interfaces/navigation_interfaces/msg/rosidl_typesupport_fastrtps_c__visibility_control.h
[2.016s] -- Up-to-date symlink: /home/hero/Desktop/birdiebot_nav_ws/install/navigation_interfaces/include/navigation_interfaces/navigation_interfaces/msg/detail/navigation__rosidl_typesupport_introspection_c.h
[2.016s] -- Up-to-date symlink: /home/hero/Desktop/birdiebot_nav_ws/install/navigation_interfaces/include/navigation_interfaces/navigation_interfaces/msg/rosidl_typesupport_introspection_c__visibility_control.h
[2.016s] -- Up-to-date symlink: /home/hero/Desktop/birdiebot_nav_ws/install/navigation_interfaces/include/navigation_interfaces/navigation_interfaces/msg/detail/navigation__builder.hpp
[2.016s] -- Up-to-date symlink: /home/hero/Desktop/birdiebot_nav_ws/install/navigation_interfaces/include/navigation_interfaces/navigation_interfaces/msg/detail/navigation__struct.hpp
[2.017s] -- Up-to-date symlink: /home/hero/Desktop/birdiebot_nav_ws/install/navigation_interfaces/include/navigation_interfaces/navigation_interfaces/msg/detail/navigation__traits.hpp
[2.017s] -- Up-to-date symlink: /home/hero/Desktop/birdiebot_nav_ws/install/navigation_interfaces/include/navigation_interfaces/navigation_interfaces/msg/navigation.hpp
[2.017s] -- Up-to-date symlink: /home/hero/Desktop/birdiebot_nav_ws/install/navigation_interfaces/include/navigation_interfaces/navigation_interfaces/msg/detail/navigation__rosidl_typesupport_fastrtps_cpp.hpp
[2.017s] -- Up-to-date symlink: /home/hero/Desktop/birdiebot_nav_ws/install/navigation_interfaces/include/navigation_interfaces/navigation_interfaces/msg/rosidl_typesupport_fastrtps_cpp__visibility_control.h
[2.018s] -- Up-to-date symlink: /home/hero/Desktop/birdiebot_nav_ws/install/navigation_interfaces/include/navigation_interfaces/navigation_interfaces/msg/detail/navigation__rosidl_typesupport_introspection_cpp.hpp
[2.018s] -- Up-to-date symlink: /home/hero/Desktop/birdiebot_nav_ws/install/navigation_interfaces/share/navigation_interfaces/environment/pythonpath.sh
[2.018s] -- Up-to-date symlink: /home/hero/Desktop/birdiebot_nav_ws/install/navigation_interfaces/share/navigation_interfaces/environment/pythonpath.dsv
[2.018s] -- Up-to-date symlink: /home/hero/Desktop/birdiebot_nav_ws/install/navigation_interfaces/local/lib/python3.10/dist-packages/navigation_interfaces-0.0.0-py3.10.egg-info/PKG-INFO
[2.018s] -- Up-to-date symlink: /home/hero/Desktop/birdiebot_nav_ws/install/navigation_interfaces/local/lib/python3.10/dist-packages/navigation_interfaces-0.0.0-py3.10.egg-info/SOURCES.txt
[2.019s] -- Up-to-date symlink: /home/hero/Desktop/birdiebot_nav_ws/install/navigation_interfaces/local/lib/python3.10/dist-packages/navigation_interfaces-0.0.0-py3.10.egg-info/dependency_links.txt
[2.019s] -- Up-to-date symlink: /home/hero/Desktop/birdiebot_nav_ws/install/navigation_interfaces/local/lib/python3.10/dist-packages/navigation_interfaces-0.0.0-py3.10.egg-info/top_level.txt
[2.019s] -- Up-to-date symlink: /home/hero/Desktop/birdiebot_nav_ws/install/navigation_interfaces/local/lib/python3.10/dist-packages/navigation_interfaces/__init__.py
[2.019s] -- Up-to-date symlink: /home/hero/Desktop/birdiebot_nav_ws/install/navigation_interfaces/local/lib/python3.10/dist-packages/navigation_interfaces/_navigation_interfaces_s.ep.rosidl_typesupport_c.c
[2.019s] -- Up-to-date symlink: /home/hero/Desktop/birdiebot_nav_ws/install/navigation_interfaces/local/lib/python3.10/dist-packages/navigation_interfaces/_navigation_interfaces_s.ep.rosidl_typesupport_fastrtps_c.c
[2.019s] -- Up-to-date symlink: /home/hero/Desktop/birdiebot_nav_ws/install/navigation_interfaces/local/lib/python3.10/dist-packages/navigation_interfaces/_navigation_interfaces_s.ep.rosidl_typesupport_introspection_c.c
[2.019s] -- Up-to-date symlink: /home/hero/Desktop/birdiebot_nav_ws/install/navigation_interfaces/local/lib/python3.10/dist-packages/navigation_interfaces/libnavigation_interfaces__rosidl_generator_py.so
[2.019s] -- Up-to-date symlink: /home/hero/Desktop/birdiebot_nav_ws/install/navigation_interfaces/local/lib/python3.10/dist-packages/navigation_interfaces/msg/__init__.py
[2.019s] -- Up-to-date symlink: /home/hero/Desktop/birdiebot_nav_ws/install/navigation_interfaces/local/lib/python3.10/dist-packages/navigation_interfaces/msg/_navigation.py
[2.019s] -- Up-to-date symlink: /home/hero/Desktop/birdiebot_nav_ws/install/navigation_interfaces/local/lib/python3.10/dist-packages/navigation_interfaces/msg/_navigation_s.c
[2.019s] -- Up-to-date symlink: /home/hero/Desktop/birdiebot_nav_ws/install/navigation_interfaces/local/lib/python3.10/dist-packages/navigation_interfaces/navigation_interfaces_s__rosidl_typesupport_c.cpython-310-x86_64-linux-gnu.so
[2.019s] -- Up-to-date symlink: /home/hero/Desktop/birdiebot_nav_ws/install/navigation_interfaces/local/lib/python3.10/dist-packages/navigation_interfaces/navigation_interfaces_s__rosidl_typesupport_fastrtps_c.cpython-310-x86_64-linux-gnu.so
[2.019s] -- Up-to-date symlink: /home/hero/Desktop/birdiebot_nav_ws/install/navigation_interfaces/local/lib/python3.10/dist-packages/navigation_interfaces/navigation_interfaces_s__rosidl_typesupport_introspection_c.cpython-310-x86_64-linux-gnu.so
[2.025s] -- Up-to-date symlink: /home/hero/Desktop/birdiebot_nav_ws/install/navigation_interfaces/local/lib/python3.10/dist-packages/navigation_interfaces/navigation_interfaces_s__rosidl_typesupport_fastrtps_c.cpython-310-x86_64-linux-gnu.so
[2.025s] -- Up-to-date symlink: /home/hero/Desktop/birdiebot_nav_ws/install/navigation_interfaces/local/lib/python3.10/dist-packages/navigation_interfaces/navigation_interfaces_s__rosidl_typesupport_introspection_c.cpython-310-x86_64-linux-gnu.so
[2.025s] -- Up-to-date symlink: /home/hero/Desktop/birdiebot_nav_ws/install/navigation_interfaces/local/lib/python3.10/dist-packages/navigation_interfaces/navigation_interfaces_s__rosidl_typesupport_c.cpython-310-x86_64-linux-gnu.so
[2.025s] -- Up-to-date symlink: /home/hero/Desktop/birdiebot_nav_ws/install/navigation_interfaces/share/navigation_interfaces/msg/Navigation.idl
[2.025s] -- Up-to-date symlink: /home/hero/Desktop/birdiebot_nav_ws/install/navigation_interfaces/share/navigation_interfaces/msg/Navigation.msg
[2.025s] -- Up-to-date symlink: /home/hero/Desktop/birdiebot_nav_ws/install/navigation_interfaces/share/ament_index/resource_index/package_run_dependencies/navigation_interfaces
[2.025s] -- Up-to-date symlink: /home/hero/Desktop/birdiebot_nav_ws/install/navigation_interfaces/share/ament_index/resource_index/parent_prefix_path/navigation_interfaces
[2.025s] -- Up-to-date symlink: /home/hero/Desktop/birdiebot_nav_ws/install/navigation_interfaces/share/navigation_interfaces/environment/ament_prefix_path.sh
[2.025s] -- Up-to-date symlink: /home/hero/Desktop/birdiebot_nav_ws/install/navigation_interfaces/share/navigation_interfaces/environment/ament_prefix_path.dsv
[2.025s] -- Up-to-date symlink: /home/hero/Desktop/birdiebot_nav_ws/install/navigation_interfaces/share/navigation_interfaces/environment/path.sh
[2.025s] -- Up-to-date symlink: /home/hero/Desktop/birdiebot_nav_ws/install/navigation_interfaces/share/navigation_interfaces/environment/path.dsv
[2.025s] -- Up-to-date symlink: /home/hero/Desktop/birdiebot_nav_ws/install/navigation_interfaces/share/navigation_interfaces/local_setup.bash
[2.026s] -- Up-to-date symlink: /home/hero/Desktop/birdiebot_nav_ws/install/navigation_interfaces/share/navigation_interfaces/local_setup.sh
[2.056s] -- Up-to-date symlink: /home/hero/Desktop/birdiebot_nav_ws/install/navigation_interfaces/share/navigation_interfaces/local_setup.zsh
[2.056s] -- Up-to-date symlink: /home/hero/Desktop/birdiebot_nav_ws/install/navigation_interfaces/share/navigation_interfaces/local_setup.dsv
[2.056s] -- Symlinking: /home/hero/Desktop/birdiebot_nav_ws/install/navigation_interfaces/share/navigation_interfaces/package.dsv
[2.057s] -- Up-to-date symlink: /home/hero/Desktop/birdiebot_nav_ws/install/navigation_interfaces/share/ament_index/resource_index/packages/navigation_interfaces
[2.057s] -- Up-to-date symlink: /home/hero/Desktop/birdiebot_nav_ws/install/navigation_interfaces/share/navigation_interfaces/cmake/rosidl_cmake-extras.cmake
[2.057s] -- Up-to-date symlink: /home/hero/Desktop/birdiebot_nav_ws/install/navigation_interfaces/share/navigation_interfaces/cmake/ament_cmake_export_dependencies-extras.cmake
[2.057s] -- Up-to-date symlink: /home/hero/Desktop/birdiebot_nav_ws/install/navigation_interfaces/share/navigation_interfaces/cmake/ament_cmake_export_include_directories-extras.cmake
[2.058s] -- Up-to-date symlink: /home/hero/Desktop/birdiebot_nav_ws/install/navigation_interfaces/share/navigation_interfaces/cmake/ament_cmake_export_libraries-extras.cmake
[2.058s] -- Up-to-date symlink: /home/hero/Desktop/birdiebot_nav_ws/install/navigation_interfaces/share/navigation_interfaces/cmake/ament_cmake_export_targets-extras.cmake
[2.058s] -- Up-to-date symlink: /home/hero/Desktop/birdiebot_nav_ws/install/navigation_interfaces/share/navigation_interfaces/cmake/rosidl_cmake_export_typesupport_targets-extras.cmake
[2.058s] -- Up-to-date symlink: /home/hero/Desktop/birdiebot_nav_ws/install/navigation_interfaces/share/navigation_interfaces/cmake/rosidl_cmake_export_typesupport_libraries-extras.cmake
[2.058s] -- Up-to-date symlink: /home/hero/Desktop/birdiebot_nav_ws/install/navigation_interfaces/share/navigation_interfaces/cmake/navigation_interfacesConfig.cmake
[2.058s] -- Up-to-date symlink: /home/hero/Desktop/birdiebot_nav_ws/install/navigation_interfaces/share/navigation_interfaces/cmake/navigation_interfacesConfig-version.cmake
[2.058s] -- Up-to-date symlink: /home/hero/Desktop/birdiebot_nav_ws/install/navigation_interfaces/share/navigation_interfaces/package.xml
[2.058s] -- Up-to-date: /home/hero/Desktop/birdiebot_nav_ws/install/navigation_interfaces/lib/libnavigation_interfaces__rosidl_generator_c.so
[2.058s] -- Up-to-date: /home/hero/Desktop/birdiebot_nav_ws/install/navigation_interfaces/lib/libnavigation_interfaces__rosidl_typesupport_fastrtps_c.so
[2.058s] -- Up-to-date: /home/hero/Desktop/birdiebot_nav_ws/install/navigation_interfaces/lib/libnavigation_interfaces__rosidl_typesupport_introspection_c.so
[2.058s] -- Up-to-date: /home/hero/Desktop/birdiebot_nav_ws/install/navigation_interfaces/lib/libnavigation_interfaces__rosidl_typesupport_c.so
[2.058s] -- Up-to-date: /home/hero/Desktop/birdiebot_nav_ws/install/navigation_interfaces/lib/libnavigation_interfaces__rosidl_typesupport_fastrtps_cpp.so
[2.058s] -- Up-to-date: /home/hero/Desktop/birdiebot_nav_ws/install/navigation_interfaces/lib/libnavigation_interfaces__rosidl_typesupport_introspection_cpp.so
[2.058s] -- Up-to-date: /home/hero/Desktop/birdiebot_nav_ws/install/navigation_interfaces/lib/libnavigation_interfaces__rosidl_typesupport_cpp.so
[2.088s] Listing '/home/hero/Desktop/birdiebot_nav_ws/install/navigation_interfaces/local/lib/python3.10/dist-packages/navigation_interfaces'...
[2.088s] Listing '/home/hero/Desktop/birdiebot_nav_ws/install/navigation_interfaces/local/lib/python3.10/dist-packages/navigation_interfaces/msg'...
[2.093s] -- Up-to-date: /home/hero/Desktop/birdiebot_nav_ws/install/navigation_interfaces/lib/libnavigation_interfaces__rosidl_generator_py.so
[2.093s] -- Up-to-date: /home/hero/Desktop/birdiebot_nav_ws/install/navigation_interfaces/share/navigation_interfaces/cmake/export_navigation_interfaces__rosidl_generator_cExport.cmake
[2.093s] -- Up-to-date: /home/hero/Desktop/birdiebot_nav_ws/install/navigation_interfaces/share/navigation_interfaces/cmake/export_navigation_interfaces__rosidl_generator_cExport-noconfig.cmake
[2.095s] -- Up-to-date: /home/hero/Desktop/birdiebot_nav_ws/install/navigation_interfaces/share/navigation_interfaces/cmake/export_navigation_interfaces__rosidl_typesupport_fastrtps_cExport.cmake
[2.096s] -- Up-to-date: /home/hero/Desktop/birdiebot_nav_ws/install/navigation_interfaces/share/navigation_interfaces/cmake/export_navigation_interfaces__rosidl_typesupport_fastrtps_cExport-noconfig.cmake
[2.096s] -- Up-to-date: /home/hero/Desktop/birdiebot_nav_ws/install/navigation_interfaces/share/navigation_interfaces/cmake/navigation_interfaces__rosidl_typesupport_introspection_cExport.cmake
[2.096s] -- Up-to-date: /home/hero/Desktop/birdiebot_nav_ws/install/navigation_interfaces/share/navigation_interfaces/cmake/navigation_interfaces__rosidl_typesupport_introspection_cExport-noconfig.cmake
[2.096s] -- Up-to-date: /home/hero/Desktop/birdiebot_nav_ws/install/navigation_interfaces/share/navigation_interfaces/cmake/navigation_interfaces__rosidl_typesupport_cExport.cmake
[2.096s] -- Up-to-date: /home/hero/Desktop/birdiebot_nav_ws/install/navigation_interfaces/share/navigation_interfaces/cmake/navigation_interfaces__rosidl_typesupport_cExport-noconfig.cmake
[2.096s] -- Up-to-date: /home/hero/Desktop/birdiebot_nav_ws/install/navigation_interfaces/share/navigation_interfaces/cmake/export_navigation_interfaces__rosidl_generator_cppExport.cmake
[2.097s] -- Up-to-date: /home/hero/Desktop/birdiebot_nav_ws/install/navigation_interfaces/share/navigation_interfaces/cmake/export_navigation_interfaces__rosidl_typesupport_fastrtps_cppExport.cmake
[2.097s] -- Up-to-date: /home/hero/Desktop/birdiebot_nav_ws/install/navigation_interfaces/share/navigation_interfaces/cmake/export_navigation_interfaces__rosidl_typesupport_fastrtps_cppExport-noconfig.cmake
[2.097s] -- Up-to-date: /home/hero/Desktop/birdiebot_nav_ws/install/navigation_interfaces/share/navigation_interfaces/cmake/navigation_interfaces__rosidl_typesupport_introspection_cppExport.cmake
[2.097s] -- Up-to-date: /home/hero/Desktop/birdiebot_nav_ws/install/navigation_interfaces/share/navigation_interfaces/cmake/navigation_interfaces__rosidl_typesupport_introspection_cppExport-noconfig.cmake
[2.097s] -- Up-to-date: /home/hero/Desktop/birdiebot_nav_ws/install/navigation_interfaces/share/navigation_interfaces/cmake/navigation_interfaces__rosidl_typesupport_cppExport.cmake
[2.097s] -- Up-to-date: /home/hero/Desktop/birdiebot_nav_ws/install/navigation_interfaces/share/navigation_interfaces/cmake/navigation_interfaces__rosidl_typesupport_cppExport-noconfig.cmake
[2.097s] -- Up-to-date: /home/hero/Desktop/birdiebot_nav_ws/install/navigation_interfaces/share/navigation_interfaces/cmake/export_navigation_interfaces__rosidl_generator_pyExport.cmake
[2.097s] -- Up-to-date: /home/hero/Desktop/birdiebot_nav_ws/install/navigation_interfaces/share/navigation_interfaces/cmake/export_navigation_interfaces__rosidl_generator_pyExport-noconfig.cmake
[2.240s] Invoked command in '/home/hero/Desktop/birdiebot_nav_ws/build/navigation_interfaces' returned '0': CMAKE_PREFIX_PATH=${CMAKE_PREFIX_PATH}:/opt/ros/humble /usr/bin/cmake --install /home/hero/Desktop/birdiebot_nav_ws/build/navigation_interfaces
