[0.152s] Invoking command in '/home/hero/Desktop/birdiebot_nav_ws/build/fast_lio': CMAKE_PREFIX_PATH=/home/hero/Desktop/birdiebot_nav_ws/install/livox_ros_driver2:/home/hero/Desktop/birdiebot_nav_ws/install/terrain_analysis_ext:/home/hero/Desktop/birdiebot_nav_ws/install/terrain_analysis:/home/hero/Desktop/birdiebot_nav_ws/install/ros2_livox_simulation:/home/hero/Desktop/birdiebot_nav_ws/install/rm_serial_driver:/home/hero/Desktop/birdiebot_nav_ws/install/rm_navigation:/home/hero/Desktop/birdiebot_nav_ws/install/rm_nav_bringup:/home/hero/Desktop/birdiebot_nav_ws/install/rm_gimbal_description:/home/hero/Desktop/birdiebot_nav_ws/install/rm_behavior_tree:/home/hero/Desktop/birdiebot_nav_ws/install/rm_decision_interfaces:/home/hero/Desktop/birdiebot_nav_ws/install/rm_auto_aim:/home/hero/Desktop/birdiebot_nav_ws/install/potential_escape_action:/home/hero/Desktop/birdiebot_nav_ws/install/potential_escape:/home/hero/Desktop/birdiebot_nav_ws/install/pointcloud_to_laserscan:/home/hero/Desktop/birdiebot_nav_ws/install/point_lio:/home/hero/Desktop/birdiebot_nav_ws/install/pb_rm_simulation:/home/hero/Desktop/birdiebot_nav_ws/install/pb_omni_pid_pursuit_controller:/home/hero/Desktop/birdiebot_nav_ws/install/navigation_data_processer:/home/hero/Desktop/birdiebot_nav_ws/install/navigation_interfaces:/home/hero/Desktop/birdiebot_nav_ws/install/icp_registration:/home/hero/Desktop/birdiebot_nav_ws/install/fast_lio:/home/hero/Desktop/birdiebot_nav_ws/install/linefit_ground_segmentation_ros:/home/hero/Desktop/birdiebot_nav_ws/install/linefit_ground_segmentation:/home/hero/Desktop/birdiebot_nav_ws/install/imu_complementary_filter:/home/hero/Desktop/birdiebot_nav_ws/install/fake_vel_transform:/home/hero/Desktop/birdiebot_nav_ws/install/fake_baselink:/home/hero/Desktop/birdiebot_nav_ws/install/dip_angle:/home/hero/Desktop/birdiebot_nav_ws/install/costmap_converter:/home/hero/Desktop/birdiebot_nav_ws/install/costmap_converter_msgs:/home/hero/Desktop/birdiebot_nav_ws/install/btcpp_ros2_samples:/home/hero/Desktop/birdiebot_nav_ws/install/btcpp_ros2_interfaces:/home/hero/Desktop/birdiebot_nav_ws/install/behaviortree_ros2:/home/hero/Desktop/birdiebot_nav_ws/install/armor_tracker:/home/hero/Desktop/birdiebot_nav_ws/install/armor_detector:/home/hero/Desktop/birdiebot_nav_ws/install/auto_aim_interfaces:/opt/ros/humble LD_LIBRARY_PATH=/home/hero/Desktop/birdiebot_nav_ws/install/livox_ros_driver2/lib:/home/hero/Desktop/birdiebot_nav_ws/install/ros2_livox_simulation/lib:/home/hero/Desktop/birdiebot_nav_ws/install/rm_serial_driver/lib:/home/hero/Desktop/birdiebot_nav_ws/install/rm_behavior_tree/lib:/home/hero/Desktop/birdiebot_nav_ws/install/rm_decision_interfaces/lib:/home/hero/Desktop/birdiebot_nav_ws/install/potential_escape_action/lib:/home/hero/Desktop/birdiebot_nav_ws/install/potential_escape/lib:/home/hero/Desktop/birdiebot_nav_ws/install/pointcloud_to_laserscan/lib:/home/hero/Desktop/birdiebot_nav_ws/install/pb_omni_pid_pursuit_controller/lib:/home/hero/Desktop/birdiebot_nav_ws/install/navigation_interfaces/lib:/home/hero/Desktop/birdiebot_nav_ws/install/icp_registration/lib:/home/hero/Desktop/birdiebot_nav_ws/install/fast_lio/lib:/home/hero/Desktop/birdiebot_nav_ws/install/linefit_ground_segmentation/lib:/home/hero/Desktop/birdiebot_nav_ws/install/imu_complementary_filter/lib:/home/hero/Desktop/birdiebot_nav_ws/install/fake_vel_transform/lib:/home/hero/Desktop/birdiebot_nav_ws/install/fake_baselink/lib:/home/hero/Desktop/birdiebot_nav_ws/install/costmap_converter/lib:/home/hero/Desktop/birdiebot_nav_ws/install/costmap_converter_msgs/lib:/home/hero/Desktop/birdiebot_nav_ws/install/btcpp_ros2_interfaces/lib:/home/hero/Desktop/birdiebot_nav_ws/install/armor_tracker/lib:/home/hero/Desktop/birdiebot_nav_ws/install/armor_detector/lib:/home/hero/Desktop/birdiebot_nav_ws/install/auto_aim_interfaces/lib:/opt/intel/openvino_2023.3.0/runtime/lib/intel64:/opt/MVS/lib/64:/opt/MVS/lib/32:/opt/intel/openvino_2023.3.0/runtime/lib/intel64:/opt/MVS/lib/64:/opt/MVS/lib/32:/usr/lib/x86_64-linux-gnu/gazebo-11/plugins:/opt/ros/humble/opt/rviz_ogre_vendor/lib:/opt/ros/humble/lib/x86_64-linux-gnu:/opt/ros/humble/lib:/opt/MVS/lib/64:/opt/MVS/lib/32:/opt/MVS/lib/64:/opt/MVS/lib/32 /usr/bin/cmake --build /home/hero/Desktop/birdiebot_nav_ws/build/fast_lio -- -j8 -l8
[0.198s] [  2%] Built target fast_lio__cpp
[0.198s] [ 11%] Built target fast_lio__rosidl_generator_c
[0.209s] [ 11%] Built target ament_cmake_python_symlink_fast_lio
[0.222s] [ 20%] Built target fast_lio__rosidl_typesupport_fastrtps_cpp
[0.223s] [ 28%] Built target fast_lio__rosidl_typesupport_cpp
[0.229s] [ 37%] Built target fast_lio__rosidl_typesupport_introspection_cpp
[0.237s] [ 54%] Built target fast_lio__rosidl_typesupport_c
[0.237s] [ 54%] Built target fast_lio__rosidl_typesupport_introspection_c
[0.238s] [ 62%] Built target fast_lio__rosidl_typesupport_fastrtps_c
[0.259s] [ 62%] Built target fast_lio
[0.267s] [ 74%] Built target fastlio_mapping
[0.277s] [ 77%] Built target fast_lio__py
[0.301s] [ 82%] Built target fast_lio__rosidl_generator_py
[0.320s] [ 88%] Built target fast_lio__rosidl_typesupport_fastrtps_c__pyext
[0.321s] [ 94%] Built target fast_lio__rosidl_typesupport_c__pyext
[0.323s] [100%] Built target fast_lio__rosidl_typesupport_introspection_c__pyext
[0.394s] running egg_info
[0.394s] writing fast_lio.egg-info/PKG-INFO
[0.395s] writing dependency_links to fast_lio.egg-info/dependency_links.txt
[0.395s] writing top-level names to fast_lio.egg-info/top_level.txt
[0.397s] reading manifest file 'fast_lio.egg-info/SOURCES.txt'
[0.397s] writing manifest file 'fast_lio.egg-info/SOURCES.txt'
[0.416s] [100%] Built target ament_cmake_python_build_fast_lio_egg
[0.502s] Invoked command in '/home/hero/Desktop/birdiebot_nav_ws/build/fast_lio' returned '0': CMAKE_PREFIX_PATH=/home/hero/Desktop/birdiebot_nav_ws/install/livox_ros_driver2:/home/hero/Desktop/birdiebot_nav_ws/install/terrain_analysis_ext:/home/hero/Desktop/birdiebot_nav_ws/install/terrain_analysis:/home/hero/Desktop/birdiebot_nav_ws/install/ros2_livox_simulation:/home/hero/Desktop/birdiebot_nav_ws/install/rm_serial_driver:/home/hero/Desktop/birdiebot_nav_ws/install/rm_navigation:/home/hero/Desktop/birdiebot_nav_ws/install/rm_nav_bringup:/home/hero/Desktop/birdiebot_nav_ws/install/rm_gimbal_description:/home/hero/Desktop/birdiebot_nav_ws/install/rm_behavior_tree:/home/hero/Desktop/birdiebot_nav_ws/install/rm_decision_interfaces:/home/hero/Desktop/birdiebot_nav_ws/install/rm_auto_aim:/home/hero/Desktop/birdiebot_nav_ws/install/potential_escape_action:/home/hero/Desktop/birdiebot_nav_ws/install/potential_escape:/home/hero/Desktop/birdiebot_nav_ws/install/pointcloud_to_laserscan:/home/hero/Desktop/birdiebot_nav_ws/install/point_lio:/home/hero/Desktop/birdiebot_nav_ws/install/pb_rm_simulation:/home/hero/Desktop/birdiebot_nav_ws/install/pb_omni_pid_pursuit_controller:/home/hero/Desktop/birdiebot_nav_ws/install/navigation_data_processer:/home/hero/Desktop/birdiebot_nav_ws/install/navigation_interfaces:/home/hero/Desktop/birdiebot_nav_ws/install/icp_registration:/home/hero/Desktop/birdiebot_nav_ws/install/fast_lio:/home/hero/Desktop/birdiebot_nav_ws/install/linefit_ground_segmentation_ros:/home/hero/Desktop/birdiebot_nav_ws/install/linefit_ground_segmentation:/home/hero/Desktop/birdiebot_nav_ws/install/imu_complementary_filter:/home/hero/Desktop/birdiebot_nav_ws/install/fake_vel_transform:/home/hero/Desktop/birdiebot_nav_ws/install/fake_baselink:/home/hero/Desktop/birdiebot_nav_ws/install/dip_angle:/home/hero/Desktop/birdiebot_nav_ws/install/costmap_converter:/home/hero/Desktop/birdiebot_nav_ws/install/costmap_converter_msgs:/home/hero/Desktop/birdiebot_nav_ws/install/btcpp_ros2_samples:/home/hero/Desktop/birdiebot_nav_ws/install/btcpp_ros2_interfaces:/home/hero/Desktop/birdiebot_nav_ws/install/behaviortree_ros2:/home/hero/Desktop/birdiebot_nav_ws/install/armor_tracker:/home/hero/Desktop/birdiebot_nav_ws/install/armor_detector:/home/hero/Desktop/birdiebot_nav_ws/install/auto_aim_interfaces:/opt/ros/humble LD_LIBRARY_PATH=/home/hero/Desktop/birdiebot_nav_ws/install/livox_ros_driver2/lib:/home/hero/Desktop/birdiebot_nav_ws/install/ros2_livox_simulation/lib:/home/hero/Desktop/birdiebot_nav_ws/install/rm_serial_driver/lib:/home/hero/Desktop/birdiebot_nav_ws/install/rm_behavior_tree/lib:/home/hero/Desktop/birdiebot_nav_ws/install/rm_decision_interfaces/lib:/home/hero/Desktop/birdiebot_nav_ws/install/potential_escape_action/lib:/home/hero/Desktop/birdiebot_nav_ws/install/potential_escape/lib:/home/hero/Desktop/birdiebot_nav_ws/install/pointcloud_to_laserscan/lib:/home/hero/Desktop/birdiebot_nav_ws/install/pb_omni_pid_pursuit_controller/lib:/home/hero/Desktop/birdiebot_nav_ws/install/navigation_interfaces/lib:/home/hero/Desktop/birdiebot_nav_ws/install/icp_registration/lib:/home/hero/Desktop/birdiebot_nav_ws/install/fast_lio/lib:/home/hero/Desktop/birdiebot_nav_ws/install/linefit_ground_segmentation/lib:/home/hero/Desktop/birdiebot_nav_ws/install/imu_complementary_filter/lib:/home/hero/Desktop/birdiebot_nav_ws/install/fake_vel_transform/lib:/home/hero/Desktop/birdiebot_nav_ws/install/fake_baselink/lib:/home/hero/Desktop/birdiebot_nav_ws/install/costmap_converter/lib:/home/hero/Desktop/birdiebot_nav_ws/install/costmap_converter_msgs/lib:/home/hero/Desktop/birdiebot_nav_ws/install/btcpp_ros2_interfaces/lib:/home/hero/Desktop/birdiebot_nav_ws/install/armor_tracker/lib:/home/hero/Desktop/birdiebot_nav_ws/install/armor_detector/lib:/home/hero/Desktop/birdiebot_nav_ws/install/auto_aim_interfaces/lib:/opt/intel/openvino_2023.3.0/runtime/lib/intel64:/opt/MVS/lib/64:/opt/MVS/lib/32:/opt/intel/openvino_2023.3.0/runtime/lib/intel64:/opt/MVS/lib/64:/opt/MVS/lib/32:/usr/lib/x86_64-linux-gnu/gazebo-11/plugins:/opt/ros/humble/opt/rviz_ogre_vendor/lib:/opt/ros/humble/lib/x86_64-linux-gnu:/opt/ros/humble/lib:/opt/MVS/lib/64:/opt/MVS/lib/32:/opt/MVS/lib/64:/opt/MVS/lib/32 /usr/bin/cmake --build /home/hero/Desktop/birdiebot_nav_ws/build/fast_lio -- -j8 -l8
[0.560s] Invoking command in '/home/hero/Desktop/birdiebot_nav_ws/build/fast_lio': CMAKE_PREFIX_PATH=/home/hero/Desktop/birdiebot_nav_ws/install/livox_ros_driver2:/home/hero/Desktop/birdiebot_nav_ws/install/terrain_analysis_ext:/home/hero/Desktop/birdiebot_nav_ws/install/terrain_analysis:/home/hero/Desktop/birdiebot_nav_ws/install/ros2_livox_simulation:/home/hero/Desktop/birdiebot_nav_ws/install/rm_serial_driver:/home/hero/Desktop/birdiebot_nav_ws/install/rm_navigation:/home/hero/Desktop/birdiebot_nav_ws/install/rm_nav_bringup:/home/hero/Desktop/birdiebot_nav_ws/install/rm_gimbal_description:/home/hero/Desktop/birdiebot_nav_ws/install/rm_behavior_tree:/home/hero/Desktop/birdiebot_nav_ws/install/rm_decision_interfaces:/home/hero/Desktop/birdiebot_nav_ws/install/rm_auto_aim:/home/hero/Desktop/birdiebot_nav_ws/install/potential_escape_action:/home/hero/Desktop/birdiebot_nav_ws/install/potential_escape:/home/hero/Desktop/birdiebot_nav_ws/install/pointcloud_to_laserscan:/home/hero/Desktop/birdiebot_nav_ws/install/point_lio:/home/hero/Desktop/birdiebot_nav_ws/install/pb_rm_simulation:/home/hero/Desktop/birdiebot_nav_ws/install/pb_omni_pid_pursuit_controller:/home/hero/Desktop/birdiebot_nav_ws/install/navigation_data_processer:/home/hero/Desktop/birdiebot_nav_ws/install/navigation_interfaces:/home/hero/Desktop/birdiebot_nav_ws/install/icp_registration:/home/hero/Desktop/birdiebot_nav_ws/install/fast_lio:/home/hero/Desktop/birdiebot_nav_ws/install/linefit_ground_segmentation_ros:/home/hero/Desktop/birdiebot_nav_ws/install/linefit_ground_segmentation:/home/hero/Desktop/birdiebot_nav_ws/install/imu_complementary_filter:/home/hero/Desktop/birdiebot_nav_ws/install/fake_vel_transform:/home/hero/Desktop/birdiebot_nav_ws/install/fake_baselink:/home/hero/Desktop/birdiebot_nav_ws/install/dip_angle:/home/hero/Desktop/birdiebot_nav_ws/install/costmap_converter:/home/hero/Desktop/birdiebot_nav_ws/install/costmap_converter_msgs:/home/hero/Desktop/birdiebot_nav_ws/install/btcpp_ros2_samples:/home/hero/Desktop/birdiebot_nav_ws/install/btcpp_ros2_interfaces:/home/hero/Desktop/birdiebot_nav_ws/install/behaviortree_ros2:/home/hero/Desktop/birdiebot_nav_ws/install/armor_tracker:/home/hero/Desktop/birdiebot_nav_ws/install/armor_detector:/home/hero/Desktop/birdiebot_nav_ws/install/auto_aim_interfaces:/opt/ros/humble LD_LIBRARY_PATH=/home/hero/Desktop/birdiebot_nav_ws/install/livox_ros_driver2/lib:/home/hero/Desktop/birdiebot_nav_ws/install/ros2_livox_simulation/lib:/home/hero/Desktop/birdiebot_nav_ws/install/rm_serial_driver/lib:/home/hero/Desktop/birdiebot_nav_ws/install/rm_behavior_tree/lib:/home/hero/Desktop/birdiebot_nav_ws/install/rm_decision_interfaces/lib:/home/hero/Desktop/birdiebot_nav_ws/install/potential_escape_action/lib:/home/hero/Desktop/birdiebot_nav_ws/install/potential_escape/lib:/home/hero/Desktop/birdiebot_nav_ws/install/pointcloud_to_laserscan/lib:/home/hero/Desktop/birdiebot_nav_ws/install/pb_omni_pid_pursuit_controller/lib:/home/hero/Desktop/birdiebot_nav_ws/install/navigation_interfaces/lib:/home/hero/Desktop/birdiebot_nav_ws/install/icp_registration/lib:/home/hero/Desktop/birdiebot_nav_ws/install/fast_lio/lib:/home/hero/Desktop/birdiebot_nav_ws/install/linefit_ground_segmentation/lib:/home/hero/Desktop/birdiebot_nav_ws/install/imu_complementary_filter/lib:/home/hero/Desktop/birdiebot_nav_ws/install/fake_vel_transform/lib:/home/hero/Desktop/birdiebot_nav_ws/install/fake_baselink/lib:/home/hero/Desktop/birdiebot_nav_ws/install/costmap_converter/lib:/home/hero/Desktop/birdiebot_nav_ws/install/costmap_converter_msgs/lib:/home/hero/Desktop/birdiebot_nav_ws/install/btcpp_ros2_interfaces/lib:/home/hero/Desktop/birdiebot_nav_ws/install/armor_tracker/lib:/home/hero/Desktop/birdiebot_nav_ws/install/armor_detector/lib:/home/hero/Desktop/birdiebot_nav_ws/install/auto_aim_interfaces/lib:/opt/intel/openvino_2023.3.0/runtime/lib/intel64:/opt/MVS/lib/64:/opt/MVS/lib/32:/opt/intel/openvino_2023.3.0/runtime/lib/intel64:/opt/MVS/lib/64:/opt/MVS/lib/32:/usr/lib/x86_64-linux-gnu/gazebo-11/plugins:/opt/ros/humble/opt/rviz_ogre_vendor/lib:/opt/ros/humble/lib/x86_64-linux-gnu:/opt/ros/humble/lib:/opt/MVS/lib/64:/opt/MVS/lib/32:/opt/MVS/lib/64:/opt/MVS/lib/32 /usr/bin/cmake --install /home/hero/Desktop/birdiebot_nav_ws/build/fast_lio
[0.566s] -- Install configuration: "Release"
[0.567s] -- Execute custom install script
[0.567s] -- Up-to-date symlink: /home/hero/Desktop/birdiebot_nav_ws/install/fast_lio/share/ament_index/resource_index/rosidl_interfaces/fast_lio
[0.567s] -- Up-to-date symlink: /home/hero/Desktop/birdiebot_nav_ws/install/fast_lio/include/fast_lio/fast_lio/msg/detail/pose6_d__functions.h
[0.567s] -- Up-to-date symlink: /home/hero/Desktop/birdiebot_nav_ws/install/fast_lio/include/fast_lio/fast_lio/msg/detail/pose6_d__struct.h
[0.567s] -- Up-to-date symlink: /home/hero/Desktop/birdiebot_nav_ws/install/fast_lio/include/fast_lio/fast_lio/msg/detail/pose6_d__type_support.h
[0.567s] -- Up-to-date symlink: /home/hero/Desktop/birdiebot_nav_ws/install/fast_lio/include/fast_lio/fast_lio/msg/pose6_d.h
[0.567s] -- Up-to-date symlink: /home/hero/Desktop/birdiebot_nav_ws/install/fast_lio/include/fast_lio/fast_lio/msg/rosidl_generator_c__visibility_control.h
[0.568s] -- Up-to-date symlink: /home/hero/Desktop/birdiebot_nav_ws/install/fast_lio/share/fast_lio/environment/library_path.sh
[0.568s] -- Up-to-date symlink: /home/hero/Desktop/birdiebot_nav_ws/install/fast_lio/share/fast_lio/environment/library_path.dsv
[0.568s] -- Up-to-date symlink: /home/hero/Desktop/birdiebot_nav_ws/install/fast_lio/include/fast_lio/fast_lio/msg/detail/pose6_d__rosidl_typesupport_fastrtps_c.h
[0.568s] -- Up-to-date symlink: /home/hero/Desktop/birdiebot_nav_ws/install/fast_lio/include/fast_lio/fast_lio/msg/rosidl_typesupport_fastrtps_c__visibility_control.h
[0.568s] -- Up-to-date symlink: /home/hero/Desktop/birdiebot_nav_ws/install/fast_lio/include/fast_lio/fast_lio/msg/detail/pose6_d__builder.hpp
[0.568s] -- Up-to-date symlink: /home/hero/Desktop/birdiebot_nav_ws/install/fast_lio/include/fast_lio/fast_lio/msg/detail/pose6_d__struct.hpp
[0.568s] -- Up-to-date symlink: /home/hero/Desktop/birdiebot_nav_ws/install/fast_lio/include/fast_lio/fast_lio/msg/detail/pose6_d__traits.hpp
[0.568s] -- Up-to-date symlink: /home/hero/Desktop/birdiebot_nav_ws/install/fast_lio/include/fast_lio/fast_lio/msg/pose6_d.hpp
[0.569s] -- Up-to-date symlink: /home/hero/Desktop/birdiebot_nav_ws/install/fast_lio/include/fast_lio/fast_lio/msg/detail/pose6_d__rosidl_typesupport_fastrtps_cpp.hpp
[0.569s] -- Up-to-date symlink: /home/hero/Desktop/birdiebot_nav_ws/install/fast_lio/include/fast_lio/fast_lio/msg/rosidl_typesupport_fastrtps_cpp__visibility_control.h
[0.569s] -- Up-to-date symlink: /home/hero/Desktop/birdiebot_nav_ws/install/fast_lio/include/fast_lio/fast_lio/msg/detail/pose6_d__rosidl_typesupport_introspection_c.h
[0.569s] -- Up-to-date symlink: /home/hero/Desktop/birdiebot_nav_ws/install/fast_lio/include/fast_lio/fast_lio/msg/rosidl_typesupport_introspection_c__visibility_control.h
[0.569s] -- Up-to-date symlink: /home/hero/Desktop/birdiebot_nav_ws/install/fast_lio/include/fast_lio/fast_lio/msg/detail/pose6_d__rosidl_typesupport_introspection_cpp.hpp
[0.569s] -- Up-to-date symlink: /home/hero/Desktop/birdiebot_nav_ws/install/fast_lio/share/fast_lio/environment/pythonpath.sh
[0.570s] -- Up-to-date symlink: /home/hero/Desktop/birdiebot_nav_ws/install/fast_lio/share/fast_lio/environment/pythonpath.dsv
[0.570s] -- Up-to-date symlink: /home/hero/Desktop/birdiebot_nav_ws/install/fast_lio/local/lib/python3.10/dist-packages/fast_lio-0.0.0-py3.10.egg-info/PKG-INFO
[0.570s] -- Up-to-date symlink: /home/hero/Desktop/birdiebot_nav_ws/install/fast_lio/local/lib/python3.10/dist-packages/fast_lio-0.0.0-py3.10.egg-info/SOURCES.txt
[0.570s] -- Up-to-date symlink: /home/hero/Desktop/birdiebot_nav_ws/install/fast_lio/local/lib/python3.10/dist-packages/fast_lio-0.0.0-py3.10.egg-info/dependency_links.txt
[0.570s] -- Up-to-date symlink: /home/hero/Desktop/birdiebot_nav_ws/install/fast_lio/local/lib/python3.10/dist-packages/fast_lio-0.0.0-py3.10.egg-info/top_level.txt
[0.570s] -- Up-to-date symlink: /home/hero/Desktop/birdiebot_nav_ws/install/fast_lio/local/lib/python3.10/dist-packages/fast_lio/__init__.py
[0.570s] -- Up-to-date symlink: /home/hero/Desktop/birdiebot_nav_ws/install/fast_lio/local/lib/python3.10/dist-packages/fast_lio/_fast_lio_s.ep.rosidl_typesupport_c.c
[0.571s] -- Up-to-date symlink: /home/hero/Desktop/birdiebot_nav_ws/install/fast_lio/local/lib/python3.10/dist-packages/fast_lio/_fast_lio_s.ep.rosidl_typesupport_fastrtps_c.c
[0.571s] -- Up-to-date symlink: /home/hero/Desktop/birdiebot_nav_ws/install/fast_lio/local/lib/python3.10/dist-packages/fast_lio/_fast_lio_s.ep.rosidl_typesupport_introspection_c.c
[0.571s] -- Up-to-date symlink: /home/hero/Desktop/birdiebot_nav_ws/install/fast_lio/local/lib/python3.10/dist-packages/fast_lio/fast_lio_s__rosidl_typesupport_c.cpython-310-x86_64-linux-gnu.so
[0.571s] -- Up-to-date symlink: /home/hero/Desktop/birdiebot_nav_ws/install/fast_lio/local/lib/python3.10/dist-packages/fast_lio/fast_lio_s__rosidl_typesupport_fastrtps_c.cpython-310-x86_64-linux-gnu.so
[0.571s] -- Up-to-date symlink: /home/hero/Desktop/birdiebot_nav_ws/install/fast_lio/local/lib/python3.10/dist-packages/fast_lio/fast_lio_s__rosidl_typesupport_introspection_c.cpython-310-x86_64-linux-gnu.so
[0.571s] -- Up-to-date symlink: /home/hero/Desktop/birdiebot_nav_ws/install/fast_lio/local/lib/python3.10/dist-packages/fast_lio/libfast_lio__rosidl_generator_py.so
[0.571s] -- Up-to-date symlink: /home/hero/Desktop/birdiebot_nav_ws/install/fast_lio/local/lib/python3.10/dist-packages/fast_lio/msg/__init__.py
[0.571s] -- Up-to-date symlink: /home/hero/Desktop/birdiebot_nav_ws/install/fast_lio/local/lib/python3.10/dist-packages/fast_lio/msg/_pose6_d.py
[0.571s] -- Up-to-date symlink: /home/hero/Desktop/birdiebot_nav_ws/install/fast_lio/local/lib/python3.10/dist-packages/fast_lio/msg/_pose6_d_s.c
[0.571s] -- Up-to-date symlink: /home/hero/Desktop/birdiebot_nav_ws/install/fast_lio/local/lib/python3.10/dist-packages/fast_lio/fast_lio_s__rosidl_typesupport_fastrtps_c.cpython-310-x86_64-linux-gnu.so
[0.571s] -- Up-to-date symlink: /home/hero/Desktop/birdiebot_nav_ws/install/fast_lio/local/lib/python3.10/dist-packages/fast_lio/fast_lio_s__rosidl_typesupport_introspection_c.cpython-310-x86_64-linux-gnu.so
[0.572s] -- Up-to-date symlink: /home/hero/Desktop/birdiebot_nav_ws/install/fast_lio/local/lib/python3.10/dist-packages/fast_lio/fast_lio_s__rosidl_typesupport_c.cpython-310-x86_64-linux-gnu.so
[0.572s] -- Up-to-date symlink: /home/hero/Desktop/birdiebot_nav_ws/install/fast_lio/share/fast_lio/msg/Pose6D.idl
[0.572s] -- Up-to-date symlink: /home/hero/Desktop/birdiebot_nav_ws/install/fast_lio/share/fast_lio/msg/Pose6D.msg
[0.572s] -- Up-to-date symlink: /home/hero/Desktop/birdiebot_nav_ws/install/fast_lio/lib/fast_lio/fastlio_mapping
[0.572s] -- Up-to-date symlink: /home/hero/Desktop/birdiebot_nav_ws/install/fast_lio/share/fast_lio/config/avia.yaml
[0.572s] -- Up-to-date symlink: /home/hero/Desktop/birdiebot_nav_ws/install/fast_lio/share/fast_lio/config/horizon.yaml
[0.572s] -- Up-to-date symlink: /home/hero/Desktop/birdiebot_nav_ws/install/fast_lio/share/fast_lio/config/mid360.yaml
[0.572s] -- Up-to-date symlink: /home/hero/Desktop/birdiebot_nav_ws/install/fast_lio/share/fast_lio/config/ouster64.yaml
[0.573s] -- Up-to-date symlink: /home/hero/Desktop/birdiebot_nav_ws/install/fast_lio/share/fast_lio/config/velodyne.yaml
[0.573s] -- Up-to-date symlink: /home/hero/Desktop/birdiebot_nav_ws/install/fast_lio/share/fast_lio/launch/gdb_debug_example.launch
[0.573s] -- Up-to-date symlink: /home/hero/Desktop/birdiebot_nav_ws/install/fast_lio/share/fast_lio/launch/mapping.launch.py
[0.573s] -- Up-to-date symlink: /home/hero/Desktop/birdiebot_nav_ws/install/fast_lio/share/fast_lio/rviz/fastlio.rviz
[0.573s] -- Up-to-date symlink: /home/hero/Desktop/birdiebot_nav_ws/install/fast_lio/share/ament_index/resource_index/package_run_dependencies/fast_lio
[0.573s] -- Up-to-date symlink: /home/hero/Desktop/birdiebot_nav_ws/install/fast_lio/share/ament_index/resource_index/parent_prefix_path/fast_lio
[0.573s] -- Up-to-date symlink: /home/hero/Desktop/birdiebot_nav_ws/install/fast_lio/share/fast_lio/environment/ament_prefix_path.sh
[0.573s] -- Up-to-date symlink: /home/hero/Desktop/birdiebot_nav_ws/install/fast_lio/share/fast_lio/environment/ament_prefix_path.dsv
[0.573s] -- Up-to-date symlink: /home/hero/Desktop/birdiebot_nav_ws/install/fast_lio/share/fast_lio/environment/path.sh
[0.574s] -- Up-to-date symlink: /home/hero/Desktop/birdiebot_nav_ws/install/fast_lio/share/fast_lio/environment/path.dsv
[0.574s] -- Up-to-date symlink: /home/hero/Desktop/birdiebot_nav_ws/install/fast_lio/share/fast_lio/local_setup.bash
[0.574s] -- Up-to-date symlink: /home/hero/Desktop/birdiebot_nav_ws/install/fast_lio/share/fast_lio/local_setup.sh
[0.574s] -- Up-to-date symlink: /home/hero/Desktop/birdiebot_nav_ws/install/fast_lio/share/fast_lio/local_setup.zsh
[0.574s] -- Up-to-date symlink: /home/hero/Desktop/birdiebot_nav_ws/install/fast_lio/share/fast_lio/local_setup.dsv
[0.574s] -- Symlinking: /home/hero/Desktop/birdiebot_nav_ws/install/fast_lio/share/fast_lio/package.dsv
[0.581s] -- Up-to-date symlink: /home/hero/Desktop/birdiebot_nav_ws/install/fast_lio/share/ament_index/resource_index/packages/fast_lio
[0.581s] -- Up-to-date symlink: /home/hero/Desktop/birdiebot_nav_ws/install/fast_lio/share/fast_lio/cmake/rosidl_cmake-extras.cmake
[0.581s] -- Up-to-date symlink: /home/hero/Desktop/birdiebot_nav_ws/install/fast_lio/share/fast_lio/cmake/ament_cmake_export_include_directories-extras.cmake
[0.581s] -- Up-to-date symlink: /home/hero/Desktop/birdiebot_nav_ws/install/fast_lio/share/fast_lio/cmake/ament_cmake_export_libraries-extras.cmake
[0.581s] -- Up-to-date symlink: /home/hero/Desktop/birdiebot_nav_ws/install/fast_lio/share/fast_lio/cmake/ament_cmake_export_targets-extras.cmake
[0.581s] -- Up-to-date symlink: /home/hero/Desktop/birdiebot_nav_ws/install/fast_lio/share/fast_lio/cmake/rosidl_cmake_export_typesupport_targets-extras.cmake
[0.581s] -- Up-to-date symlink: /home/hero/Desktop/birdiebot_nav_ws/install/fast_lio/share/fast_lio/cmake/ament_cmake_export_dependencies-extras.cmake
[0.581s] -- Up-to-date symlink: /home/hero/Desktop/birdiebot_nav_ws/install/fast_lio/share/fast_lio/cmake/rosidl_cmake_export_typesupport_libraries-extras.cmake
[0.582s] -- Up-to-date symlink: /home/hero/Desktop/birdiebot_nav_ws/install/fast_lio/share/fast_lio/cmake/fast_lioConfig.cmake
[0.582s] -- Up-to-date symlink: /home/hero/Desktop/birdiebot_nav_ws/install/fast_lio/share/fast_lio/cmake/fast_lioConfig-version.cmake
[0.582s] -- Up-to-date symlink: /home/hero/Desktop/birdiebot_nav_ws/install/fast_lio/share/fast_lio/package.xml
[0.582s] -- Up-to-date: /home/hero/Desktop/birdiebot_nav_ws/install/fast_lio/lib/libfast_lio__rosidl_generator_c.so
[0.582s] -- Up-to-date: /home/hero/Desktop/birdiebot_nav_ws/install/fast_lio/lib/libfast_lio__rosidl_typesupport_fastrtps_c.so
[0.582s] -- Up-to-date: /home/hero/Desktop/birdiebot_nav_ws/install/fast_lio/lib/libfast_lio__rosidl_typesupport_fastrtps_cpp.so
[0.583s] -- Up-to-date: /home/hero/Desktop/birdiebot_nav_ws/install/fast_lio/lib/libfast_lio__rosidl_typesupport_introspection_c.so
[0.583s] -- Up-to-date: /home/hero/Desktop/birdiebot_nav_ws/install/fast_lio/lib/libfast_lio__rosidl_typesupport_c.so
[0.583s] -- Up-to-date: /home/hero/Desktop/birdiebot_nav_ws/install/fast_lio/lib/libfast_lio__rosidl_typesupport_introspection_cpp.so
[0.583s] -- Up-to-date: /home/hero/Desktop/birdiebot_nav_ws/install/fast_lio/lib/libfast_lio__rosidl_typesupport_cpp.so
[0.605s] Listing '/home/hero/Desktop/birdiebot_nav_ws/install/fast_lio/local/lib/python3.10/dist-packages/fast_lio'...
[0.605s] Listing '/home/hero/Desktop/birdiebot_nav_ws/install/fast_lio/local/lib/python3.10/dist-packages/fast_lio/msg'...
[0.608s] -- Up-to-date: /home/hero/Desktop/birdiebot_nav_ws/install/fast_lio/lib/libfast_lio__rosidl_generator_py.so
[0.608s] -- Up-to-date: /home/hero/Desktop/birdiebot_nav_ws/install/fast_lio/share/fast_lio/cmake/export_fast_lio__rosidl_generator_cExport.cmake
[0.608s] -- Up-to-date: /home/hero/Desktop/birdiebot_nav_ws/install/fast_lio/share/fast_lio/cmake/export_fast_lio__rosidl_generator_cExport-release.cmake
[0.608s] -- Up-to-date: /home/hero/Desktop/birdiebot_nav_ws/install/fast_lio/share/fast_lio/cmake/export_fast_lio__rosidl_typesupport_fastrtps_cExport.cmake
[0.608s] -- Up-to-date: /home/hero/Desktop/birdiebot_nav_ws/install/fast_lio/share/fast_lio/cmake/export_fast_lio__rosidl_typesupport_fastrtps_cExport-release.cmake
[0.608s] -- Up-to-date: /home/hero/Desktop/birdiebot_nav_ws/install/fast_lio/share/fast_lio/cmake/export_fast_lio__rosidl_generator_cppExport.cmake
[0.608s] -- Up-to-date: /home/hero/Desktop/birdiebot_nav_ws/install/fast_lio/share/fast_lio/cmake/export_fast_lio__rosidl_typesupport_fastrtps_cppExport.cmake
[0.608s] -- Up-to-date: /home/hero/Desktop/birdiebot_nav_ws/install/fast_lio/share/fast_lio/cmake/export_fast_lio__rosidl_typesupport_fastrtps_cppExport-release.cmake
[0.608s] -- Up-to-date: /home/hero/Desktop/birdiebot_nav_ws/install/fast_lio/share/fast_lio/cmake/fast_lio__rosidl_typesupport_introspection_cExport.cmake
[0.608s] -- Up-to-date: /home/hero/Desktop/birdiebot_nav_ws/install/fast_lio/share/fast_lio/cmake/fast_lio__rosidl_typesupport_introspection_cExport-release.cmake
[0.608s] -- Up-to-date: /home/hero/Desktop/birdiebot_nav_ws/install/fast_lio/share/fast_lio/cmake/fast_lio__rosidl_typesupport_cExport.cmake
[0.608s] -- Up-to-date: /home/hero/Desktop/birdiebot_nav_ws/install/fast_lio/share/fast_lio/cmake/fast_lio__rosidl_typesupport_cExport-release.cmake
[0.608s] -- Up-to-date: /home/hero/Desktop/birdiebot_nav_ws/install/fast_lio/share/fast_lio/cmake/fast_lio__rosidl_typesupport_introspection_cppExport.cmake
[0.608s] -- Up-to-date: /home/hero/Desktop/birdiebot_nav_ws/install/fast_lio/share/fast_lio/cmake/fast_lio__rosidl_typesupport_introspection_cppExport-release.cmake
[0.608s] -- Up-to-date: /home/hero/Desktop/birdiebot_nav_ws/install/fast_lio/share/fast_lio/cmake/fast_lio__rosidl_typesupport_cppExport.cmake
[0.608s] -- Up-to-date: /home/hero/Desktop/birdiebot_nav_ws/install/fast_lio/share/fast_lio/cmake/fast_lio__rosidl_typesupport_cppExport-release.cmake
[0.608s] -- Up-to-date: /home/hero/Desktop/birdiebot_nav_ws/install/fast_lio/share/fast_lio/cmake/export_fast_lio__rosidl_generator_pyExport.cmake
[0.608s] -- Up-to-date: /home/hero/Desktop/birdiebot_nav_ws/install/fast_lio/share/fast_lio/cmake/export_fast_lio__rosidl_generator_pyExport-release.cmake
[0.610s] Invoked command in '/home/hero/Desktop/birdiebot_nav_ws/build/fast_lio' returned '0': CMAKE_PREFIX_PATH=/home/hero/Desktop/birdiebot_nav_ws/install/livox_ros_driver2:/home/hero/Desktop/birdiebot_nav_ws/install/terrain_analysis_ext:/home/hero/Desktop/birdiebot_nav_ws/install/terrain_analysis:/home/hero/Desktop/birdiebot_nav_ws/install/ros2_livox_simulation:/home/hero/Desktop/birdiebot_nav_ws/install/rm_serial_driver:/home/hero/Desktop/birdiebot_nav_ws/install/rm_navigation:/home/hero/Desktop/birdiebot_nav_ws/install/rm_nav_bringup:/home/hero/Desktop/birdiebot_nav_ws/install/rm_gimbal_description:/home/hero/Desktop/birdiebot_nav_ws/install/rm_behavior_tree:/home/hero/Desktop/birdiebot_nav_ws/install/rm_decision_interfaces:/home/hero/Desktop/birdiebot_nav_ws/install/rm_auto_aim:/home/hero/Desktop/birdiebot_nav_ws/install/potential_escape_action:/home/hero/Desktop/birdiebot_nav_ws/install/potential_escape:/home/hero/Desktop/birdiebot_nav_ws/install/pointcloud_to_laserscan:/home/hero/Desktop/birdiebot_nav_ws/install/point_lio:/home/hero/Desktop/birdiebot_nav_ws/install/pb_rm_simulation:/home/hero/Desktop/birdiebot_nav_ws/install/pb_omni_pid_pursuit_controller:/home/hero/Desktop/birdiebot_nav_ws/install/navigation_data_processer:/home/hero/Desktop/birdiebot_nav_ws/install/navigation_interfaces:/home/hero/Desktop/birdiebot_nav_ws/install/icp_registration:/home/hero/Desktop/birdiebot_nav_ws/install/fast_lio:/home/hero/Desktop/birdiebot_nav_ws/install/linefit_ground_segmentation_ros:/home/hero/Desktop/birdiebot_nav_ws/install/linefit_ground_segmentation:/home/hero/Desktop/birdiebot_nav_ws/install/imu_complementary_filter:/home/hero/Desktop/birdiebot_nav_ws/install/fake_vel_transform:/home/hero/Desktop/birdiebot_nav_ws/install/fake_baselink:/home/hero/Desktop/birdiebot_nav_ws/install/dip_angle:/home/hero/Desktop/birdiebot_nav_ws/install/costmap_converter:/home/hero/Desktop/birdiebot_nav_ws/install/costmap_converter_msgs:/home/hero/Desktop/birdiebot_nav_ws/install/btcpp_ros2_samples:/home/hero/Desktop/birdiebot_nav_ws/install/btcpp_ros2_interfaces:/home/hero/Desktop/birdiebot_nav_ws/install/behaviortree_ros2:/home/hero/Desktop/birdiebot_nav_ws/install/armor_tracker:/home/hero/Desktop/birdiebot_nav_ws/install/armor_detector:/home/hero/Desktop/birdiebot_nav_ws/install/auto_aim_interfaces:/opt/ros/humble LD_LIBRARY_PATH=/home/hero/Desktop/birdiebot_nav_ws/install/livox_ros_driver2/lib:/home/hero/Desktop/birdiebot_nav_ws/install/ros2_livox_simulation/lib:/home/hero/Desktop/birdiebot_nav_ws/install/rm_serial_driver/lib:/home/hero/Desktop/birdiebot_nav_ws/install/rm_behavior_tree/lib:/home/hero/Desktop/birdiebot_nav_ws/install/rm_decision_interfaces/lib:/home/hero/Desktop/birdiebot_nav_ws/install/potential_escape_action/lib:/home/hero/Desktop/birdiebot_nav_ws/install/potential_escape/lib:/home/hero/Desktop/birdiebot_nav_ws/install/pointcloud_to_laserscan/lib:/home/hero/Desktop/birdiebot_nav_ws/install/pb_omni_pid_pursuit_controller/lib:/home/hero/Desktop/birdiebot_nav_ws/install/navigation_interfaces/lib:/home/hero/Desktop/birdiebot_nav_ws/install/icp_registration/lib:/home/hero/Desktop/birdiebot_nav_ws/install/fast_lio/lib:/home/hero/Desktop/birdiebot_nav_ws/install/linefit_ground_segmentation/lib:/home/hero/Desktop/birdiebot_nav_ws/install/imu_complementary_filter/lib:/home/hero/Desktop/birdiebot_nav_ws/install/fake_vel_transform/lib:/home/hero/Desktop/birdiebot_nav_ws/install/fake_baselink/lib:/home/hero/Desktop/birdiebot_nav_ws/install/costmap_converter/lib:/home/hero/Desktop/birdiebot_nav_ws/install/costmap_converter_msgs/lib:/home/hero/Desktop/birdiebot_nav_ws/install/btcpp_ros2_interfaces/lib:/home/hero/Desktop/birdiebot_nav_ws/install/armor_tracker/lib:/home/hero/Desktop/birdiebot_nav_ws/install/armor_detector/lib:/home/hero/Desktop/birdiebot_nav_ws/install/auto_aim_interfaces/lib:/opt/intel/openvino_2023.3.0/runtime/lib/intel64:/opt/MVS/lib/64:/opt/MVS/lib/32:/opt/intel/openvino_2023.3.0/runtime/lib/intel64:/opt/MVS/lib/64:/opt/MVS/lib/32:/usr/lib/x86_64-linux-gnu/gazebo-11/plugins:/opt/ros/humble/opt/rviz_ogre_vendor/lib:/opt/ros/humble/lib/x86_64-linux-gnu:/opt/ros/humble/lib:/opt/MVS/lib/64:/opt/MVS/lib/32:/opt/MVS/lib/64:/opt/MVS/lib/32 /usr/bin/cmake --install /home/hero/Desktop/birdiebot_nav_ws/build/fast_lio
