[0.144s] Invoking command in '/home/hero/Desktop/birdiebot_nav_ws/build/ros2_livox_simulation': AMENT_PREFIX_PATH=/home/hero/Desktop/birdiebot_nav_ws/install/livox_ros_driver2:${AMENT_PREFIX_PATH} CMAKE_PREFIX_PATH=/home/hero/Desktop/birdiebot_nav_ws/install/livox_ros_driver2:/opt/ros/humble LD_LIBRARY_PATH=/home/hero/Desktop/birdiebot_nav_ws/install/livox_ros_driver2/lib:/opt/intel/openvino_2023.3.0/runtime/lib/intel64:/opt/MVS/lib/64:/opt/MVS/lib/32:/opt/intel/openvino_2023.3.0/runtime/lib/intel64:/opt/MVS/lib/64:/opt/MVS/lib/32:/usr/lib/x86_64-linux-gnu/gazebo-11/plugins:/opt/ros/humble/opt/rviz_ogre_vendor/lib:/opt/ros/humble/lib/x86_64-linux-gnu:/opt/ros/humble/opt/openvdb_vendor/lib:/opt/ros/humble/lib:/opt/MVS/lib/64:/opt/MVS/lib/32:/opt/MVS/lib/64:/opt/MVS/lib/32 PYTHONPATH=/home/hero/Desktop/birdiebot_nav_ws/install/livox_ros_driver2/local/lib/python3.10/dist-packages:${PYTHONPATH} /usr/bin/cmake --build /home/hero/Desktop/birdiebot_nav_ws/build/ros2_livox_simulation -- -j8 -l8
[0.217s] -- Found ament_cmake_auto: 1.3.12 (/opt/ros/humble/share/ament_cmake_auto/cmake)
[0.469s] -- Override CMake install command with custom implementation using symlinks instead of copying resources
[0.491s] -- Found rclcpp: 16.0.14 (/opt/ros/humble/share/rclcpp/cmake)
[0.586s] -- Found rosidl_generator_c: 3.1.7 (/opt/ros/humble/share/rosidl_generator_c/cmake)
[0.589s] -- Found rosidl_adapter: 3.1.7 (/opt/ros/humble/share/rosidl_adapter/cmake)
[0.606s] -- Found rosidl_generator_cpp: 3.1.7 (/opt/ros/humble/share/rosidl_generator_cpp/cmake)
[0.621s] -- Using all available rosidl_typesupport_c: rosidl_typesupport_fastrtps_c;rosidl_typesupport_introspection_c
[0.635s] -- Using all available rosidl_typesupport_cpp: rosidl_typesupport_fastrtps_cpp;rosidl_typesupport_introspection_cpp
[0.670s] -- Found rmw_implementation_cmake: 6.1.2 (/opt/ros/humble/share/rmw_implementation_cmake/cmake)
[0.671s] -- Found rmw_fastrtps_cpp: 6.2.8 (/opt/ros/humble/share/rmw_fastrtps_cpp/cmake)
[0.803s] -- Using RMW implementation 'rmw_fastrtps_cpp' as default
[0.880s] -- Found gazebo_dev: 3.9.0 (/opt/ros/humble/share/gazebo_dev/cmake)
[0.933s] -- Found DART: /usr/include (Required is at least version "6.6") found components: dart 
[0.971s] -- Found Boost: /usr/lib/x86_64-linux-gnu/cmake/Boost-1.74.0/BoostConfig.cmake (found suitable version "1.74.0", minimum required is "1.40.0") found components: thread system filesystem program_options regex iostreams date_time 
[0.983s] -- Found Protobuf: /usr/lib/x86_64-linux-gnu/libprotobuf.so (found version "3.12.4") 
[0.988s] -- Looking for ignition-math6 -- found version 6.15.1
[1.000s] -- Searching for dependencies of ignition-math6
[1.002s] -- Looking for OGRE...
[1.011s] -- Found Ogre Ghadamon (1.9.0)
[1.011s] -- Found OGRE: optimized;/usr/lib/x86_64-linux-gnu/libOgreMain.so;debug;/usr/lib/x86_64-linux-gnu/libOgreMain.so
[1.024s] -- Looking for OGRE_Paging...
[1.024s] -- Found OGRE_Paging: optimized;/usr/lib/x86_64-linux-gnu/libOgrePaging.so;debug;/usr/lib/x86_64-linux-gnu/libOgrePaging.so
[1.025s] -- Looking for OGRE_Terrain...
[1.025s] -- Found OGRE_Terrain: optimized;/usr/lib/x86_64-linux-gnu/libOgreTerrain.so;debug;/usr/lib/x86_64-linux-gnu/libOgreTerrain.so
[1.026s] -- Looking for OGRE_Property...
[1.027s] -- Found OGRE_Property: optimized;/usr/lib/x86_64-linux-gnu/libOgreProperty.so;debug;/usr/lib/x86_64-linux-gnu/libOgreProperty.so
[1.028s] -- Looking for OGRE_RTShaderSystem...
[1.028s] -- Found OGRE_RTShaderSystem: optimized;/usr/lib/x86_64-linux-gnu/libOgreRTShaderSystem.so;debug;/usr/lib/x86_64-linux-gnu/libOgreRTShaderSystem.so
[1.029s] -- Looking for OGRE_Volume...
[1.029s] -- Found OGRE_Volume: optimized;/usr/lib/x86_64-linux-gnu/libOgreVolume.so;debug;/usr/lib/x86_64-linux-gnu/libOgreVolume.so
[1.030s] -- Looking for OGRE_Overlay...
[1.030s] -- Found OGRE_Overlay: optimized;/usr/lib/x86_64-linux-gnu/libOgreOverlay.so;debug;/usr/lib/x86_64-linux-gnu/libOgreOverlay.so
[1.225s] -- Looking for ignition-math6 -- found version 6.15.1
[1.226s] -- Looking for ignition-transport8 -- found version 8.2.1
[1.228s] -- Searching for dependencies of ignition-transport8
[1.246s] -- Found Protobuf: /usr/lib/x86_64-linux-gnu/libprotobuf.so (found suitable version "3.12.4", minimum required is "3") 
[1.258s] -- Config-file not installed for ZeroMQ -- checking for pkg-config
[1.264s] -- Checking for module 'libzmq >= 4'
[1.286s] --   Found libzmq , version 4.3.4
[1.348s] -- Checking for module 'uuid'
[1.371s] --   Found uuid, version 2.37.2
[1.419s] -- Looking for ignition-msgs5 -- found version 5.8.1
[1.421s] -- Searching for dependencies of ignition-msgs5
[1.458s] -- Looking for ignition-math6 -- found version 6.15.1
[1.463s] -- Checking for module 'tinyxml2'
[1.481s] --   Found tinyxml2, version 9.0.0
[1.533s] -- Looking for ignition-msgs5 -- found version 5.8.1
[1.534s] -- Looking for ignition-common3 -- found version 3.14.0
[1.535s] -- Searching for dependencies of ignition-common3
[1.536s] -- Looking for dlfcn.h - found
[1.536s] -- Looking for libdl - found
[1.555s] -- Searching for <ignition-common3> component [graphics]
[1.556s] -- Looking for ignition-common3-graphics -- found version 3.14.0
[1.556s] -- Searching for dependencies of ignition-common3-graphics
[1.557s] -- Looking for ignition-math6 -- found version 6.15.1
[1.559s] -- Looking for ignition-fuel_tools4 -- found version 4.4.0
[1.559s] -- Searching for dependencies of ignition-fuel_tools4
[1.608s] -- Checking for module 'jsoncpp'
[1.621s] --   Found jsoncpp, version 1.9.5
[1.655s] -- Checking for module 'libzip'
[1.674s] --   Found libzip, version 1.7.3
[1.711s] -- Looking for ignition-common3 -- found version 3.14.0
[1.712s] -- Looking for ignition-math6 -- found version 6.15.1
[1.712s] -- Looking for ignition-msgs5 -- found version 5.8.1
[1.714s] -- Gazebo version: 11.10
[1.716s] -- Found gazebo_ros: 3.9.0 (/opt/ros/humble/share/gazebo_ros/cmake)
[1.719s] -- Found sensor_msgs: 4.9.0 (/opt/ros/humble/share/sensor_msgs/cmake)
[1.753s] -- Found tf2_ros: 0.25.16 (/opt/ros/humble/share/tf2_ros/cmake)
[1.858s] -- Found livox_ros_driver2: 1.0.0 (/home/hero/Desktop/birdiebot_nav_ws/install/livox_ros_driver2/share/livox_ros_driver2/cmake)
[1.911s] -- Checking for module 'eigen3'
[1.923s] --   Found eigen3, version 3.4.0
[1.955s] -- Found Eigen: /usr/include/eigen3 (Required is at least version "3.1") 
[1.955s] -- Eigen found (include: /usr/include/eigen3, version: 3.4.0)
[1.981s] -- Checking for module 'flann'
[2.001s] --   Found flann, version 1.9.1
[2.050s] -- Found FLANN: /usr/lib/x86_64-linux-gnu/libflann_cpp.so  
[2.050s] -- FLANN found (include: /usr/include, lib: /usr/lib/x86_64-linux-gnu/libflann_cpp.so)
[3.546s] -- Checking for module 'libusb-1.0'
[3.564s] --   Found libusb-1.0, version 1.0.25
[3.620s] -- Found libusb: /usr/lib/x86_64-linux-gnu/libusb-1.0.so  
[3.623s] -- OpenNI found (version: 1.5.4.0, include: /usr/include/ni, lib: /usr/lib/libOpenNI.so;libusb::libusb)
[3.701s] -- OpenNI2 found (version: 2.2.0.33, include: /usr/include/openni2, lib: /usr/lib/x86_64-linux-gnu/libOpenNI2.so;libusb::libusb)
[3.892s] -- Eigen found (include: /usr/include/eigen3, version: 3.4.0)
[3.899s] -- OpenNI found (version: 1.5.4.0, include: /usr/include/ni, lib: /usr/lib/libOpenNI.so;libusb::libusb)
[3.909s] -- OpenNI2 found (version: 2.2.0.33, include: /usr/include/openni2, lib: /usr/lib/x86_64-linux-gnu/libOpenNI2.so;libusb::libusb)
[4.070s] -- Found Qhull version 8.0.2
[4.246s] -- OpenNI found (version: 1.5.4.0, include: /usr/include/ni, lib: /usr/lib/libOpenNI.so;libusb::libusb)
[4.409s] -- Found PCL_COMMON: /usr/lib/x86_64-linux-gnu/libpcl_common.so  
[4.412s] -- Found PCL_KDTREE: /usr/lib/x86_64-linux-gnu/libpcl_kdtree.so  
[4.413s] -- Found PCL_OCTREE: /usr/lib/x86_64-linux-gnu/libpcl_octree.so  
[4.414s] -- Found PCL_SEARCH: /usr/lib/x86_64-linux-gnu/libpcl_search.so  
[4.415s] -- Found PCL_SAMPLE_CONSENSUS: /usr/lib/x86_64-linux-gnu/libpcl_sample_consensus.so  
[4.417s] -- Found PCL_FILTERS: /usr/lib/x86_64-linux-gnu/libpcl_filters.so  
[4.418s] -- Found PCL_2D: /usr/include/pcl-1.12  
[4.418s] -- Found PCL_GEOMETRY: /usr/include/pcl-1.12  
[4.420s] -- Found PCL_IO: /usr/lib/x86_64-linux-gnu/libpcl_io.so  
[4.421s] -- Found PCL_FEATURES: /usr/lib/x86_64-linux-gnu/libpcl_features.so  
[4.422s] -- Found PCL_ML: /usr/lib/x86_64-linux-gnu/libpcl_ml.so  
[4.425s] -- Found PCL_SEGMENTATION: /usr/lib/x86_64-linux-gnu/libpcl_segmentation.so  
[4.426s] -- Found PCL_VISUALIZATION: /usr/lib/x86_64-linux-gnu/libpcl_visualization.so  
[4.427s] -- Found PCL_SURFACE: /usr/lib/x86_64-linux-gnu/libpcl_surface.so  
[4.429s] -- Found PCL_REGISTRATION: /usr/lib/x86_64-linux-gnu/libpcl_registration.so  
[4.429s] -- Found PCL_KEYPOINTS: /usr/lib/x86_64-linux-gnu/libpcl_keypoints.so  
[4.430s] -- Found PCL_TRACKING: /usr/lib/x86_64-linux-gnu/libpcl_tracking.so  
[4.432s] -- Found PCL_RECOGNITION: /usr/lib/x86_64-linux-gnu/libpcl_recognition.so  
[4.434s] -- Found PCL_STEREO: /usr/lib/x86_64-linux-gnu/libpcl_stereo.so  
[4.436s] -- Found PCL_APPS: /usr/lib/x86_64-linux-gnu/libpcl_apps.so  
[4.436s] -- Found PCL_IN_HAND_SCANNER: /usr/include/pcl-1.12  
[4.437s] -- Found PCL_MODELER: /usr/include/pcl-1.12  
[4.437s] -- Found PCL_POINT_CLOUD_EDITOR: /usr/include/pcl-1.12  
[4.438s] -- Found PCL_OUTOFCORE: /usr/lib/x86_64-linux-gnu/libpcl_outofcore.so  
[4.439s] -- Found PCL_PEOPLE: /usr/lib/x86_64-linux-gnu/libpcl_people.so  
[4.461s] -- Found Boost: /usr/lib/x86_64-linux-gnu/cmake/Boost-1.74.0/BoostConfig.cmake (found version "1.74.0") found components: chrono 
[4.557s] [0mIn this package, headers install destination is set to `include` by ament_auto_package. It is recommended to install `include/ros2_livox_simulation` instead and will be the default behavior of ament_auto_package from ROS 2 Kilted Kaiju. On distributions before Kilted, ament_auto_package behaves the same way when you use USE_SCOPED_HEADER_INSTALL_DIR option.[0m
[4.593s] -- Configuring done
[4.694s] -- Generating done
[4.702s] -- Build files have been written to: /home/hero/Desktop/birdiebot_nav_ws/build/ros2_livox_simulation
[4.784s] [35m[1mConsolidate compiler generated dependencies of target ros2_livox[0m
[4.843s] [ 33%] [32mBuilding CXX object CMakeFiles/ros2_livox.dir/src/livox_points_plugin.cpp.o[0m
[20.292s] [ 66%] [32m[1mLinking CXX shared library libros2_livox.so[0m
[21.332s] [100%] Built target ros2_livox
[21.343s] Invoked command in '/home/hero/Desktop/birdiebot_nav_ws/build/ros2_livox_simulation' returned '0': AMENT_PREFIX_PATH=/home/hero/Desktop/birdiebot_nav_ws/install/livox_ros_driver2:${AMENT_PREFIX_PATH} CMAKE_PREFIX_PATH=/home/hero/Desktop/birdiebot_nav_ws/install/livox_ros_driver2:/opt/ros/humble LD_LIBRARY_PATH=/home/hero/Desktop/birdiebot_nav_ws/install/livox_ros_driver2/lib:/opt/intel/openvino_2023.3.0/runtime/lib/intel64:/opt/MVS/lib/64:/opt/MVS/lib/32:/opt/intel/openvino_2023.3.0/runtime/lib/intel64:/opt/MVS/lib/64:/opt/MVS/lib/32:/usr/lib/x86_64-linux-gnu/gazebo-11/plugins:/opt/ros/humble/opt/rviz_ogre_vendor/lib:/opt/ros/humble/lib/x86_64-linux-gnu:/opt/ros/humble/opt/openvdb_vendor/lib:/opt/ros/humble/lib:/opt/MVS/lib/64:/opt/MVS/lib/32:/opt/MVS/lib/64:/opt/MVS/lib/32 PYTHONPATH=/home/hero/Desktop/birdiebot_nav_ws/install/livox_ros_driver2/local/lib/python3.10/dist-packages:${PYTHONPATH} /usr/bin/cmake --build /home/hero/Desktop/birdiebot_nav_ws/build/ros2_livox_simulation -- -j8 -l8
[21.372s] Invoking command in '/home/hero/Desktop/birdiebot_nav_ws/build/ros2_livox_simulation': AMENT_PREFIX_PATH=/home/hero/Desktop/birdiebot_nav_ws/install/livox_ros_driver2:${AMENT_PREFIX_PATH} CMAKE_PREFIX_PATH=/home/hero/Desktop/birdiebot_nav_ws/install/livox_ros_driver2:/opt/ros/humble LD_LIBRARY_PATH=/home/hero/Desktop/birdiebot_nav_ws/install/livox_ros_driver2/lib:/opt/intel/openvino_2023.3.0/runtime/lib/intel64:/opt/MVS/lib/64:/opt/MVS/lib/32:/opt/intel/openvino_2023.3.0/runtime/lib/intel64:/opt/MVS/lib/64:/opt/MVS/lib/32:/usr/lib/x86_64-linux-gnu/gazebo-11/plugins:/opt/ros/humble/opt/rviz_ogre_vendor/lib:/opt/ros/humble/lib/x86_64-linux-gnu:/opt/ros/humble/opt/openvdb_vendor/lib:/opt/ros/humble/lib:/opt/MVS/lib/64:/opt/MVS/lib/32:/opt/MVS/lib/64:/opt/MVS/lib/32 PYTHONPATH=/home/hero/Desktop/birdiebot_nav_ws/install/livox_ros_driver2/local/lib/python3.10/dist-packages:${PYTHONPATH} /usr/bin/cmake --install /home/hero/Desktop/birdiebot_nav_ws/build/ros2_livox_simulation
[21.380s] -- Install configuration: ""
[21.381s] -- Execute custom install script
[21.381s] -- Up-to-date symlink: /home/hero/Desktop/birdiebot_nav_ws/install/ros2_livox_simulation/include/ros2_livox/csv_reader.hpp
[21.382s] -- Up-to-date symlink: /home/hero/Desktop/birdiebot_nav_ws/install/ros2_livox_simulation/include/ros2_livox/livox_ode_multiray_shape.h
[21.382s] -- Up-to-date symlink: /home/hero/Desktop/birdiebot_nav_ws/install/ros2_livox_simulation/include/ros2_livox/livox_points_plugin.h
[21.383s] -- Up-to-date symlink: /home/hero/Desktop/birdiebot_nav_ws/install/ros2_livox_simulation/share/ros2_livox_simulation/environment/library_path.sh
[21.383s] -- Up-to-date symlink: /home/hero/Desktop/birdiebot_nav_ws/install/ros2_livox_simulation/share/ros2_livox_simulation/environment/library_path.dsv
[21.383s] -- Up-to-date symlink: /home/hero/Desktop/birdiebot_nav_ws/install/ros2_livox_simulation/lib/libros2_livox.so
[21.384s] -- Up-to-date symlink: /home/hero/Desktop/birdiebot_nav_ws/install/ros2_livox_simulation/share/ros2_livox_simulation/scan_mode/mid360.csv
[21.384s] -- Up-to-date symlink: /home/hero/Desktop/birdiebot_nav_ws/install/ros2_livox_simulation/share/ros2_livox_simulation/urdf/mid360.xacro
[21.385s] -- Up-to-date symlink: /home/hero/Desktop/birdiebot_nav_ws/install/ros2_livox_simulation/share/ament_index/resource_index/package_run_dependencies/ros2_livox_simulation
[21.385s] -- Up-to-date symlink: /home/hero/Desktop/birdiebot_nav_ws/install/ros2_livox_simulation/share/ament_index/resource_index/parent_prefix_path/ros2_livox_simulation
[21.385s] -- Up-to-date symlink: /home/hero/Desktop/birdiebot_nav_ws/install/ros2_livox_simulation/share/ros2_livox_simulation/environment/ament_prefix_path.sh
[21.386s] -- Up-to-date symlink: /home/hero/Desktop/birdiebot_nav_ws/install/ros2_livox_simulation/share/ros2_livox_simulation/environment/ament_prefix_path.dsv
[21.386s] -- Up-to-date symlink: /home/hero/Desktop/birdiebot_nav_ws/install/ros2_livox_simulation/share/ros2_livox_simulation/environment/path.sh
[21.386s] -- Up-to-date symlink: /home/hero/Desktop/birdiebot_nav_ws/install/ros2_livox_simulation/share/ros2_livox_simulation/environment/path.dsv
[21.386s] -- Up-to-date symlink: /home/hero/Desktop/birdiebot_nav_ws/install/ros2_livox_simulation/share/ros2_livox_simulation/local_setup.bash
[21.386s] -- Up-to-date symlink: /home/hero/Desktop/birdiebot_nav_ws/install/ros2_livox_simulation/share/ros2_livox_simulation/local_setup.sh
[21.386s] -- Up-to-date symlink: /home/hero/Desktop/birdiebot_nav_ws/install/ros2_livox_simulation/share/ros2_livox_simulation/local_setup.zsh
[21.386s] -- Up-to-date symlink: /home/hero/Desktop/birdiebot_nav_ws/install/ros2_livox_simulation/share/ros2_livox_simulation/local_setup.dsv
[21.387s] -- Symlinking: /home/hero/Desktop/birdiebot_nav_ws/install/ros2_livox_simulation/share/ros2_livox_simulation/package.dsv
[21.396s] -- Up-to-date symlink: /home/hero/Desktop/birdiebot_nav_ws/install/ros2_livox_simulation/share/ament_index/resource_index/packages/ros2_livox_simulation
[21.396s] -- Up-to-date symlink: /home/hero/Desktop/birdiebot_nav_ws/install/ros2_livox_simulation/share/ros2_livox_simulation/cmake/ament_cmake_export_dependencies-extras.cmake
[21.396s] -- Up-to-date symlink: /home/hero/Desktop/birdiebot_nav_ws/install/ros2_livox_simulation/share/ros2_livox_simulation/cmake/ament_cmake_export_include_directories-extras.cmake
[21.397s] -- Up-to-date symlink: /home/hero/Desktop/birdiebot_nav_ws/install/ros2_livox_simulation/share/ros2_livox_simulation/cmake/ament_cmake_export_libraries-extras.cmake
[21.397s] -- Up-to-date symlink: /home/hero/Desktop/birdiebot_nav_ws/install/ros2_livox_simulation/share/ros2_livox_simulation/cmake/ros2_livox_simulationConfig.cmake
[21.397s] -- Up-to-date symlink: /home/hero/Desktop/birdiebot_nav_ws/install/ros2_livox_simulation/share/ros2_livox_simulation/cmake/ros2_livox_simulationConfig-version.cmake
[21.397s] -- Up-to-date symlink: /home/hero/Desktop/birdiebot_nav_ws/install/ros2_livox_simulation/share/ros2_livox_simulation/package.xml
[21.400s] Invoked command in '/home/hero/Desktop/birdiebot_nav_ws/build/ros2_livox_simulation' returned '0': AMENT_PREFIX_PATH=/home/hero/Desktop/birdiebot_nav_ws/install/livox_ros_driver2:${AMENT_PREFIX_PATH} CMAKE_PREFIX_PATH=/home/hero/Desktop/birdiebot_nav_ws/install/livox_ros_driver2:/opt/ros/humble LD_LIBRARY_PATH=/home/hero/Desktop/birdiebot_nav_ws/install/livox_ros_driver2/lib:/opt/intel/openvino_2023.3.0/runtime/lib/intel64:/opt/MVS/lib/64:/opt/MVS/lib/32:/opt/intel/openvino_2023.3.0/runtime/lib/intel64:/opt/MVS/lib/64:/opt/MVS/lib/32:/usr/lib/x86_64-linux-gnu/gazebo-11/plugins:/opt/ros/humble/opt/rviz_ogre_vendor/lib:/opt/ros/humble/lib/x86_64-linux-gnu:/opt/ros/humble/opt/openvdb_vendor/lib:/opt/ros/humble/lib:/opt/MVS/lib/64:/opt/MVS/lib/32:/opt/MVS/lib/64:/opt/MVS/lib/32 PYTHONPATH=/home/hero/Desktop/birdiebot_nav_ws/install/livox_ros_driver2/local/lib/python3.10/dist-packages:${PYTHONPATH} /usr/bin/cmake --install /home/hero/Desktop/birdiebot_nav_ws/build/ros2_livox_simulation
