[0.041s] Invoking command in '/home/hero/Desktop/birdiebot_nav_ws/build/rm_serial_driver': AMENT_PREFIX_PATH=/home/hero/Desktop/birdiebot_nav_ws/install/rm_decision_interfaces:/home/hero/Desktop/birdiebot_nav_ws/install/navigation_interfaces:/home/hero/Desktop/birdiebot_nav_ws/install/auto_aim_interfaces:${AMENT_PREFIX_PATH} CMAKE_PREFIX_PATH=/home/hero/Desktop/birdiebot_nav_ws/install/rm_decision_interfaces:/home/hero/Desktop/birdiebot_nav_ws/install/navigation_interfaces:/home/hero/Desktop/birdiebot_nav_ws/install/auto_aim_interfaces:/opt/ros/humble LD_LIBRARY_PATH=/home/hero/Desktop/birdiebot_nav_ws/install/rm_decision_interfaces/lib:/home/hero/Desktop/birdiebot_nav_ws/install/navigation_interfaces/lib:/home/hero/Desktop/birdiebot_nav_ws/install/auto_aim_interfaces/lib:/opt/intel/openvino_2023.3.0/runtime/lib/intel64:/opt/MVS/lib/64:/opt/MVS/lib/32:/opt/MVS/lib/64:/opt/MVS/lib/32:/opt/intel/openvino_2023.3.0/runtime/lib/intel64:/opt/MVS/lib/64:/opt/MVS/lib/32:/usr/lib/x86_64-linux-gnu/gazebo-11/plugins:/opt/ros/humble/opt/rviz_ogre_vendor/lib:/opt/ros/humble/lib/x86_64-linux-gnu:/opt/ros/humble/opt/openvdb_vendor/lib:/opt/ros/humble/lib:/opt/MVS/lib/64:/opt/MVS/lib/32:/opt/MVS/lib/64:/opt/MVS/lib/32:/opt/MVS/lib/64:/opt/MVS/lib/32 PYTHONPATH=/home/hero/Desktop/birdiebot_nav_ws/install/rm_decision_interfaces/local/lib/python3.10/dist-packages:/home/hero/Desktop/birdiebot_nav_ws/install/navigation_interfaces/local/lib/python3.10/dist-packages:/home/hero/Desktop/birdiebot_nav_ws/install/auto_aim_interfaces/local/lib/python3.10/dist-packages:${PYTHONPATH} /usr/bin/cmake --build /home/hero/Desktop/birdiebot_nav_ws/build/rm_serial_driver -- -j8 -l8
[0.100s] [ 40%] Built target rm_serial_driver_node
[0.101s] [100%] Built target rm_serial_driver
[0.125s] Invoked command in '/home/hero/Desktop/birdiebot_nav_ws/build/rm_serial_driver' returned '0': AMENT_PREFIX_PATH=/home/hero/Desktop/birdiebot_nav_ws/install/rm_decision_interfaces:/home/hero/Desktop/birdiebot_nav_ws/install/navigation_interfaces:/home/hero/Desktop/birdiebot_nav_ws/install/auto_aim_interfaces:${AMENT_PREFIX_PATH} CMAKE_PREFIX_PATH=/home/hero/Desktop/birdiebot_nav_ws/install/rm_decision_interfaces:/home/hero/Desktop/birdiebot_nav_ws/install/navigation_interfaces:/home/hero/Desktop/birdiebot_nav_ws/install/auto_aim_interfaces:/opt/ros/humble LD_LIBRARY_PATH=/home/hero/Desktop/birdiebot_nav_ws/install/rm_decision_interfaces/lib:/home/hero/Desktop/birdiebot_nav_ws/install/navigation_interfaces/lib:/home/hero/Desktop/birdiebot_nav_ws/install/auto_aim_interfaces/lib:/opt/intel/openvino_2023.3.0/runtime/lib/intel64:/opt/MVS/lib/64:/opt/MVS/lib/32:/opt/MVS/lib/64:/opt/MVS/lib/32:/opt/intel/openvino_2023.3.0/runtime/lib/intel64:/opt/MVS/lib/64:/opt/MVS/lib/32:/usr/lib/x86_64-linux-gnu/gazebo-11/plugins:/opt/ros/humble/opt/rviz_ogre_vendor/lib:/opt/ros/humble/lib/x86_64-linux-gnu:/opt/ros/humble/opt/openvdb_vendor/lib:/opt/ros/humble/lib:/opt/MVS/lib/64:/opt/MVS/lib/32:/opt/MVS/lib/64:/opt/MVS/lib/32:/opt/MVS/lib/64:/opt/MVS/lib/32 PYTHONPATH=/home/hero/Desktop/birdiebot_nav_ws/install/rm_decision_interfaces/local/lib/python3.10/dist-packages:/home/hero/Desktop/birdiebot_nav_ws/install/navigation_interfaces/local/lib/python3.10/dist-packages:/home/hero/Desktop/birdiebot_nav_ws/install/auto_aim_interfaces/local/lib/python3.10/dist-packages:${PYTHONPATH} /usr/bin/cmake --build /home/hero/Desktop/birdiebot_nav_ws/build/rm_serial_driver -- -j8 -l8
[0.182s] Invoking command in '/home/hero/Desktop/birdiebot_nav_ws/build/rm_serial_driver': AMENT_PREFIX_PATH=/home/hero/Desktop/birdiebot_nav_ws/install/rm_decision_interfaces:/home/hero/Desktop/birdiebot_nav_ws/install/navigation_interfaces:/home/hero/Desktop/birdiebot_nav_ws/install/auto_aim_interfaces:${AMENT_PREFIX_PATH} CMAKE_PREFIX_PATH=/home/hero/Desktop/birdiebot_nav_ws/install/rm_decision_interfaces:/home/hero/Desktop/birdiebot_nav_ws/install/navigation_interfaces:/home/hero/Desktop/birdiebot_nav_ws/install/auto_aim_interfaces:/opt/ros/humble LD_LIBRARY_PATH=/home/hero/Desktop/birdiebot_nav_ws/install/rm_decision_interfaces/lib:/home/hero/Desktop/birdiebot_nav_ws/install/navigation_interfaces/lib:/home/hero/Desktop/birdiebot_nav_ws/install/auto_aim_interfaces/lib:/opt/intel/openvino_2023.3.0/runtime/lib/intel64:/opt/MVS/lib/64:/opt/MVS/lib/32:/opt/MVS/lib/64:/opt/MVS/lib/32:/opt/intel/openvino_2023.3.0/runtime/lib/intel64:/opt/MVS/lib/64:/opt/MVS/lib/32:/usr/lib/x86_64-linux-gnu/gazebo-11/plugins:/opt/ros/humble/opt/rviz_ogre_vendor/lib:/opt/ros/humble/lib/x86_64-linux-gnu:/opt/ros/humble/opt/openvdb_vendor/lib:/opt/ros/humble/lib:/opt/MVS/lib/64:/opt/MVS/lib/32:/opt/MVS/lib/64:/opt/MVS/lib/32:/opt/MVS/lib/64:/opt/MVS/lib/32 PYTHONPATH=/home/hero/Desktop/birdiebot_nav_ws/install/rm_decision_interfaces/local/lib/python3.10/dist-packages:/home/hero/Desktop/birdiebot_nav_ws/install/navigation_interfaces/local/lib/python3.10/dist-packages:/home/hero/Desktop/birdiebot_nav_ws/install/auto_aim_interfaces/local/lib/python3.10/dist-packages:${PYTHONPATH} /usr/bin/cmake --install /home/hero/Desktop/birdiebot_nav_ws/build/rm_serial_driver
[0.184s] -- Install configuration: "Debug"
[0.184s] -- Execute custom install script
[0.186s] -- Up-to-date symlink: /home/hero/Desktop/birdiebot_nav_ws/install/rm_serial_driver/lib/rm_serial_driver/rm_serial_driver_node
[0.186s] -- Up-to-date symlink: /home/hero/Desktop/birdiebot_nav_ws/install/rm_serial_driver/include/host-protocol/.vscode/c_cpp_properties.json
[0.186s] -- Up-to-date symlink: /home/hero/Desktop/birdiebot_nav_ws/install/rm_serial_driver/include/host-protocol/.vscode/settings.json
[0.186s] -- Up-to-date symlink: /home/hero/Desktop/birdiebot_nav_ws/install/rm_serial_driver/include/host-protocol/README.md
[0.186s] -- Up-to-date symlink: /home/hero/Desktop/birdiebot_nav_ws/install/rm_serial_driver/include/host-protocol/protocol.h
[0.186s] -- Up-to-date symlink: /home/hero/Desktop/birdiebot_nav_ws/install/rm_serial_driver/include/rm_serial_driver/crc.hpp
[0.186s] -- Up-to-date symlink: /home/hero/Desktop/birdiebot_nav_ws/install/rm_serial_driver/include/rm_serial_driver/packet.hpp
[0.186s] -- Up-to-date symlink: /home/hero/Desktop/birdiebot_nav_ws/install/rm_serial_driver/include/rm_serial_driver/rm_serial_driver.hpp
[0.186s] -- Up-to-date symlink: /home/hero/Desktop/birdiebot_nav_ws/install/rm_serial_driver/share/rm_serial_driver/environment/library_path.sh
[0.186s] -- Up-to-date symlink: /home/hero/Desktop/birdiebot_nav_ws/install/rm_serial_driver/share/rm_serial_driver/environment/library_path.dsv
[0.186s] -- Up-to-date symlink: /home/hero/Desktop/birdiebot_nav_ws/install/rm_serial_driver/lib/librm_serial_driver.so
[0.187s] -- Up-to-date symlink: /home/hero/Desktop/birdiebot_nav_ws/install/rm_serial_driver/share/rm_serial_driver/config/serial_driver.yaml
[0.187s] -- Up-to-date symlink: /home/hero/Desktop/birdiebot_nav_ws/install/rm_serial_driver/share/rm_serial_driver/launch/__pycache__/serial_driver.launch.cpython-310.pyc
[0.187s] -- Up-to-date symlink: /home/hero/Desktop/birdiebot_nav_ws/install/rm_serial_driver/share/rm_serial_driver/launch/serial_driver.launch.py
[0.187s] -- Up-to-date symlink: /home/hero/Desktop/birdiebot_nav_ws/install/rm_serial_driver/share/ament_index/resource_index/package_run_dependencies/rm_serial_driver
[0.187s] -- Up-to-date symlink: /home/hero/Desktop/birdiebot_nav_ws/install/rm_serial_driver/share/ament_index/resource_index/parent_prefix_path/rm_serial_driver
[0.187s] -- Up-to-date symlink: /home/hero/Desktop/birdiebot_nav_ws/install/rm_serial_driver/share/rm_serial_driver/environment/ament_prefix_path.sh
[0.187s] -- Up-to-date symlink: /home/hero/Desktop/birdiebot_nav_ws/install/rm_serial_driver/share/rm_serial_driver/environment/ament_prefix_path.dsv
[0.187s] -- Up-to-date symlink: /home/hero/Desktop/birdiebot_nav_ws/install/rm_serial_driver/share/rm_serial_driver/environment/path.sh
[0.188s] -- Up-to-date symlink: /home/hero/Desktop/birdiebot_nav_ws/install/rm_serial_driver/share/rm_serial_driver/environment/path.dsv
[0.189s] -- Up-to-date symlink: /home/hero/Desktop/birdiebot_nav_ws/install/rm_serial_driver/share/rm_serial_driver/local_setup.bash
[0.189s] -- Up-to-date symlink: /home/hero/Desktop/birdiebot_nav_ws/install/rm_serial_driver/share/rm_serial_driver/local_setup.sh
[0.189s] -- Up-to-date symlink: /home/hero/Desktop/birdiebot_nav_ws/install/rm_serial_driver/share/rm_serial_driver/local_setup.zsh
[0.189s] -- Up-to-date symlink: /home/hero/Desktop/birdiebot_nav_ws/install/rm_serial_driver/share/rm_serial_driver/local_setup.dsv
[0.189s] -- Symlinking: /home/hero/Desktop/birdiebot_nav_ws/install/rm_serial_driver/share/rm_serial_driver/package.dsv
[0.198s] -- Up-to-date symlink: /home/hero/Desktop/birdiebot_nav_ws/install/rm_serial_driver/share/ament_index/resource_index/packages/rm_serial_driver
[0.199s] -- Up-to-date symlink: /home/hero/Desktop/birdiebot_nav_ws/install/rm_serial_driver/share/ament_index/resource_index/rclcpp_components/rm_serial_driver
[0.199s] -- Up-to-date symlink: /home/hero/Desktop/birdiebot_nav_ws/install/rm_serial_driver/share/rm_serial_driver/cmake/ament_cmake_export_dependencies-extras.cmake
[0.199s] -- Up-to-date symlink: /home/hero/Desktop/birdiebot_nav_ws/install/rm_serial_driver/share/rm_serial_driver/cmake/ament_cmake_export_include_directories-extras.cmake
[0.199s] -- Up-to-date symlink: /home/hero/Desktop/birdiebot_nav_ws/install/rm_serial_driver/share/rm_serial_driver/cmake/ament_cmake_export_libraries-extras.cmake
[0.199s] -- Up-to-date symlink: /home/hero/Desktop/birdiebot_nav_ws/install/rm_serial_driver/share/rm_serial_driver/cmake/rm_serial_driverConfig.cmake
[0.199s] -- Up-to-date symlink: /home/hero/Desktop/birdiebot_nav_ws/install/rm_serial_driver/share/rm_serial_driver/cmake/rm_serial_driverConfig-version.cmake
[0.199s] -- Up-to-date symlink: /home/hero/Desktop/birdiebot_nav_ws/install/rm_serial_driver/share/rm_serial_driver/package.xml
[0.206s] Invoked command in '/home/hero/Desktop/birdiebot_nav_ws/build/rm_serial_driver' returned '0': AMENT_PREFIX_PATH=/home/hero/Desktop/birdiebot_nav_ws/install/rm_decision_interfaces:/home/hero/Desktop/birdiebot_nav_ws/install/navigation_interfaces:/home/hero/Desktop/birdiebot_nav_ws/install/auto_aim_interfaces:${AMENT_PREFIX_PATH} CMAKE_PREFIX_PATH=/home/hero/Desktop/birdiebot_nav_ws/install/rm_decision_interfaces:/home/hero/Desktop/birdiebot_nav_ws/install/navigation_interfaces:/home/hero/Desktop/birdiebot_nav_ws/install/auto_aim_interfaces:/opt/ros/humble LD_LIBRARY_PATH=/home/hero/Desktop/birdiebot_nav_ws/install/rm_decision_interfaces/lib:/home/hero/Desktop/birdiebot_nav_ws/install/navigation_interfaces/lib:/home/hero/Desktop/birdiebot_nav_ws/install/auto_aim_interfaces/lib:/opt/intel/openvino_2023.3.0/runtime/lib/intel64:/opt/MVS/lib/64:/opt/MVS/lib/32:/opt/MVS/lib/64:/opt/MVS/lib/32:/opt/intel/openvino_2023.3.0/runtime/lib/intel64:/opt/MVS/lib/64:/opt/MVS/lib/32:/usr/lib/x86_64-linux-gnu/gazebo-11/plugins:/opt/ros/humble/opt/rviz_ogre_vendor/lib:/opt/ros/humble/lib/x86_64-linux-gnu:/opt/ros/humble/opt/openvdb_vendor/lib:/opt/ros/humble/lib:/opt/MVS/lib/64:/opt/MVS/lib/32:/opt/MVS/lib/64:/opt/MVS/lib/32:/opt/MVS/lib/64:/opt/MVS/lib/32 PYTHONPATH=/home/hero/Desktop/birdiebot_nav_ws/install/rm_decision_interfaces/local/lib/python3.10/dist-packages:/home/hero/Desktop/birdiebot_nav_ws/install/navigation_interfaces/local/lib/python3.10/dist-packages:/home/hero/Desktop/birdiebot_nav_ws/install/auto_aim_interfaces/local/lib/python3.10/dist-packages:${PYTHONPATH} /usr/bin/cmake --install /home/hero/Desktop/birdiebot_nav_ws/build/rm_serial_driver
