[0.026s] Invoking command in '/home/hero/Desktop/birdiebot_nav_ws/build/btcpp_ros2_interfaces': CMAKE_PREFIX_PATH=/opt/ros/humble /usr/bin/cmake --build /home/hero/Desktop/birdiebot_nav_ws/build/btcpp_ros2_interfaces -- -j8 -l8
[0.112s] [  3%] Built target btcpp_ros2_interfaces__cpp
[0.116s] [ 12%] Built target btcpp_ros2_interfaces__rosidl_generator_c
[0.124s] [ 12%] Built target ament_cmake_python_symlink_btcpp_ros2_interfaces
[0.185s] [ 22%] Built target btcpp_ros2_interfaces__rosidl_typesupport_fastrtps_c
[0.185s] [ 32%] Built target btcpp_ros2_interfaces__rosidl_typesupport_introspection_c
[0.235s] [ 51%] Built target btcpp_ros2_interfaces__rosidl_typesupport_c
[0.235s] [ 51%] Built target btcpp_ros2_interfaces__rosidl_typesupport_fastrtps_cpp
[0.245s] [ 61%] Built target btcpp_ros2_interfaces__rosidl_typesupport_introspection_cpp
[0.380s] [ 70%] Built target btcpp_ros2_interfaces__rosidl_typesupport_cpp
[0.462s] [ 70%] Built target btcpp_ros2_interfaces
[0.569s] [ 74%] Built target btcpp_ros2_interfaces__py
[0.616s] [ 80%] Built target btcpp_ros2_interfaces__rosidl_generator_py
[0.648s] running egg_info
[0.649s] writing btcpp_ros2_interfaces.egg-info/PKG-INFO
[0.649s] writing dependency_links to btcpp_ros2_interfaces.egg-info/dependency_links.txt
[0.649s] writing top-level names to btcpp_ros2_interfaces.egg-info/top_level.txt
[0.652s] reading manifest file 'btcpp_ros2_interfaces.egg-info/SOURCES.txt'
[0.659s] writing manifest file 'btcpp_ros2_interfaces.egg-info/SOURCES.txt'
[0.700s] [ 87%] Built target btcpp_ros2_interfaces__rosidl_typesupport_c__pyext
[0.716s] [ 87%] Built target ament_cmake_python_build_btcpp_ros2_interfaces_egg
[0.723s] [ 93%] Built target btcpp_ros2_interfaces__rosidl_typesupport_introspection_c__pyext
[0.733s] [100%] Built target btcpp_ros2_interfaces__rosidl_typesupport_fastrtps_c__pyext
[0.775s] Invoked command in '/home/hero/Desktop/birdiebot_nav_ws/build/btcpp_ros2_interfaces' returned '0': CMAKE_PREFIX_PATH=/opt/ros/humble /usr/bin/cmake --build /home/hero/Desktop/birdiebot_nav_ws/build/btcpp_ros2_interfaces -- -j8 -l8
[0.903s] Invoking command in '/home/hero/Desktop/birdiebot_nav_ws/build/btcpp_ros2_interfaces': CMAKE_PREFIX_PATH=/opt/ros/humble /usr/bin/cmake --install /home/hero/Desktop/birdiebot_nav_ws/build/btcpp_ros2_interfaces
[0.912s] -- Install configuration: ""
[0.915s] -- Execute custom install script
[0.916s] -- Up-to-date symlink: /home/hero/Desktop/birdiebot_nav_ws/install/btcpp_ros2_interfaces/share/ament_index/resource_index/rosidl_interfaces/btcpp_ros2_interfaces
[0.916s] -- Up-to-date symlink: /home/hero/Desktop/birdiebot_nav_ws/install/btcpp_ros2_interfaces/include/btcpp_ros2_interfaces/btcpp_ros2_interfaces/action/detail/sleep__functions.h
[0.917s] -- Up-to-date symlink: /home/hero/Desktop/birdiebot_nav_ws/install/btcpp_ros2_interfaces/include/btcpp_ros2_interfaces/btcpp_ros2_interfaces/action/detail/sleep__struct.h
[0.917s] -- Up-to-date symlink: /home/hero/Desktop/birdiebot_nav_ws/install/btcpp_ros2_interfaces/include/btcpp_ros2_interfaces/btcpp_ros2_interfaces/action/detail/sleep__type_support.h
[0.917s] -- Up-to-date symlink: /home/hero/Desktop/birdiebot_nav_ws/install/btcpp_ros2_interfaces/include/btcpp_ros2_interfaces/btcpp_ros2_interfaces/action/sleep.h
[0.917s] -- Up-to-date symlink: /home/hero/Desktop/birdiebot_nav_ws/install/btcpp_ros2_interfaces/include/btcpp_ros2_interfaces/btcpp_ros2_interfaces/msg/rosidl_generator_c__visibility_control.h
[0.917s] -- Up-to-date symlink: /home/hero/Desktop/birdiebot_nav_ws/install/btcpp_ros2_interfaces/share/btcpp_ros2_interfaces/environment/library_path.sh
[0.918s] -- Up-to-date symlink: /home/hero/Desktop/birdiebot_nav_ws/install/btcpp_ros2_interfaces/share/btcpp_ros2_interfaces/environment/library_path.dsv
[0.918s] -- Up-to-date symlink: /home/hero/Desktop/birdiebot_nav_ws/install/btcpp_ros2_interfaces/include/btcpp_ros2_interfaces/btcpp_ros2_interfaces/action/detail/sleep__rosidl_typesupport_fastrtps_c.h
[0.918s] -- Up-to-date symlink: /home/hero/Desktop/birdiebot_nav_ws/install/btcpp_ros2_interfaces/include/btcpp_ros2_interfaces/btcpp_ros2_interfaces/msg/rosidl_typesupport_fastrtps_c__visibility_control.h
[0.919s] -- Up-to-date symlink: /home/hero/Desktop/birdiebot_nav_ws/install/btcpp_ros2_interfaces/include/btcpp_ros2_interfaces/btcpp_ros2_interfaces/action/detail/sleep__rosidl_typesupport_introspection_c.h
[0.919s] -- Up-to-date symlink: /home/hero/Desktop/birdiebot_nav_ws/install/btcpp_ros2_interfaces/include/btcpp_ros2_interfaces/btcpp_ros2_interfaces/msg/rosidl_typesupport_introspection_c__visibility_control.h
[0.919s] -- Up-to-date symlink: /home/hero/Desktop/birdiebot_nav_ws/install/btcpp_ros2_interfaces/include/btcpp_ros2_interfaces/btcpp_ros2_interfaces/action/detail/sleep__builder.hpp
[0.919s] -- Up-to-date symlink: /home/hero/Desktop/birdiebot_nav_ws/install/btcpp_ros2_interfaces/include/btcpp_ros2_interfaces/btcpp_ros2_interfaces/action/detail/sleep__struct.hpp
[0.919s] -- Up-to-date symlink: /home/hero/Desktop/birdiebot_nav_ws/install/btcpp_ros2_interfaces/include/btcpp_ros2_interfaces/btcpp_ros2_interfaces/action/detail/sleep__traits.hpp
[0.919s] -- Up-to-date symlink: /home/hero/Desktop/birdiebot_nav_ws/install/btcpp_ros2_interfaces/include/btcpp_ros2_interfaces/btcpp_ros2_interfaces/action/detail/sleep__type_support.hpp
[0.919s] -- Up-to-date symlink: /home/hero/Desktop/birdiebot_nav_ws/install/btcpp_ros2_interfaces/include/btcpp_ros2_interfaces/btcpp_ros2_interfaces/action/sleep.hpp
[0.919s] -- Up-to-date symlink: /home/hero/Desktop/birdiebot_nav_ws/install/btcpp_ros2_interfaces/include/btcpp_ros2_interfaces/btcpp_ros2_interfaces/msg/rosidl_generator_cpp__visibility_control.hpp
[0.920s] -- Up-to-date symlink: /home/hero/Desktop/birdiebot_nav_ws/install/btcpp_ros2_interfaces/include/btcpp_ros2_interfaces/btcpp_ros2_interfaces/action/detail/sleep__rosidl_typesupport_fastrtps_cpp.hpp
[0.920s] -- Up-to-date symlink: /home/hero/Desktop/birdiebot_nav_ws/install/btcpp_ros2_interfaces/include/btcpp_ros2_interfaces/btcpp_ros2_interfaces/msg/rosidl_typesupport_fastrtps_cpp__visibility_control.h
[0.920s] -- Up-to-date symlink: /home/hero/Desktop/birdiebot_nav_ws/install/btcpp_ros2_interfaces/include/btcpp_ros2_interfaces/btcpp_ros2_interfaces/action/detail/sleep__rosidl_typesupport_introspection_cpp.hpp
[0.920s] -- Up-to-date symlink: /home/hero/Desktop/birdiebot_nav_ws/install/btcpp_ros2_interfaces/share/btcpp_ros2_interfaces/environment/pythonpath.sh
[0.921s] -- Up-to-date symlink: /home/hero/Desktop/birdiebot_nav_ws/install/btcpp_ros2_interfaces/share/btcpp_ros2_interfaces/environment/pythonpath.dsv
[0.921s] -- Up-to-date symlink: /home/hero/Desktop/birdiebot_nav_ws/install/btcpp_ros2_interfaces/local/lib/python3.10/dist-packages/btcpp_ros2_interfaces-0.2.0-py3.10.egg-info/PKG-INFO
[0.921s] -- Up-to-date symlink: /home/hero/Desktop/birdiebot_nav_ws/install/btcpp_ros2_interfaces/local/lib/python3.10/dist-packages/btcpp_ros2_interfaces-0.2.0-py3.10.egg-info/SOURCES.txt
[0.922s] -- Up-to-date symlink: /home/hero/Desktop/birdiebot_nav_ws/install/btcpp_ros2_interfaces/local/lib/python3.10/dist-packages/btcpp_ros2_interfaces-0.2.0-py3.10.egg-info/dependency_links.txt
[0.922s] -- Up-to-date symlink: /home/hero/Desktop/birdiebot_nav_ws/install/btcpp_ros2_interfaces/local/lib/python3.10/dist-packages/btcpp_ros2_interfaces-0.2.0-py3.10.egg-info/top_level.txt
[0.923s] -- Up-to-date symlink: /home/hero/Desktop/birdiebot_nav_ws/install/btcpp_ros2_interfaces/local/lib/python3.10/dist-packages/btcpp_ros2_interfaces/__init__.py
[0.923s] -- Up-to-date symlink: /home/hero/Desktop/birdiebot_nav_ws/install/btcpp_ros2_interfaces/local/lib/python3.10/dist-packages/btcpp_ros2_interfaces/_btcpp_ros2_interfaces_s.ep.rosidl_typesupport_c.c
[0.923s] -- Up-to-date symlink: /home/hero/Desktop/birdiebot_nav_ws/install/btcpp_ros2_interfaces/local/lib/python3.10/dist-packages/btcpp_ros2_interfaces/_btcpp_ros2_interfaces_s.ep.rosidl_typesupport_fastrtps_c.c
[0.923s] -- Up-to-date symlink: /home/hero/Desktop/birdiebot_nav_ws/install/btcpp_ros2_interfaces/local/lib/python3.10/dist-packages/btcpp_ros2_interfaces/_btcpp_ros2_interfaces_s.ep.rosidl_typesupport_introspection_c.c
[0.924s] -- Up-to-date symlink: /home/hero/Desktop/birdiebot_nav_ws/install/btcpp_ros2_interfaces/local/lib/python3.10/dist-packages/btcpp_ros2_interfaces/action/__init__.py
[0.924s] -- Up-to-date symlink: /home/hero/Desktop/birdiebot_nav_ws/install/btcpp_ros2_interfaces/local/lib/python3.10/dist-packages/btcpp_ros2_interfaces/action/_sleep.py
[0.929s] -- Up-to-date symlink: /home/hero/Desktop/birdiebot_nav_ws/install/btcpp_ros2_interfaces/local/lib/python3.10/dist-packages/btcpp_ros2_interfaces/action/_sleep_s.c
[0.930s] -- Up-to-date symlink: /home/hero/Desktop/birdiebot_nav_ws/install/btcpp_ros2_interfaces/local/lib/python3.10/dist-packages/btcpp_ros2_interfaces/btcpp_ros2_interfaces_s__rosidl_typesupport_c.cpython-310-x86_64-linux-gnu.so
[0.930s] -- Up-to-date symlink: /home/hero/Desktop/birdiebot_nav_ws/install/btcpp_ros2_interfaces/local/lib/python3.10/dist-packages/btcpp_ros2_interfaces/btcpp_ros2_interfaces_s__rosidl_typesupport_fastrtps_c.cpython-310-x86_64-linux-gnu.so
[0.931s] -- Up-to-date symlink: /home/hero/Desktop/birdiebot_nav_ws/install/btcpp_ros2_interfaces/local/lib/python3.10/dist-packages/btcpp_ros2_interfaces/btcpp_ros2_interfaces_s__rosidl_typesupport_introspection_c.cpython-310-x86_64-linux-gnu.so
[0.931s] -- Up-to-date symlink: /home/hero/Desktop/birdiebot_nav_ws/install/btcpp_ros2_interfaces/local/lib/python3.10/dist-packages/btcpp_ros2_interfaces/libbtcpp_ros2_interfaces__rosidl_generator_py.so
[0.931s] -- Up-to-date symlink: /home/hero/Desktop/birdiebot_nav_ws/install/btcpp_ros2_interfaces/local/lib/python3.10/dist-packages/btcpp_ros2_interfaces/btcpp_ros2_interfaces_s__rosidl_typesupport_fastrtps_c.cpython-310-x86_64-linux-gnu.so
[0.931s] -- Up-to-date symlink: /home/hero/Desktop/birdiebot_nav_ws/install/btcpp_ros2_interfaces/local/lib/python3.10/dist-packages/btcpp_ros2_interfaces/btcpp_ros2_interfaces_s__rosidl_typesupport_introspection_c.cpython-310-x86_64-linux-gnu.so
[0.932s] -- Up-to-date symlink: /home/hero/Desktop/birdiebot_nav_ws/install/btcpp_ros2_interfaces/local/lib/python3.10/dist-packages/btcpp_ros2_interfaces/btcpp_ros2_interfaces_s__rosidl_typesupport_c.cpython-310-x86_64-linux-gnu.so
[0.932s] -- Up-to-date symlink: /home/hero/Desktop/birdiebot_nav_ws/install/btcpp_ros2_interfaces/share/btcpp_ros2_interfaces/action/Sleep.idl
[0.932s] -- Up-to-date symlink: /home/hero/Desktop/birdiebot_nav_ws/install/btcpp_ros2_interfaces/share/btcpp_ros2_interfaces/action/Sleep.action
[0.932s] -- Up-to-date symlink: /home/hero/Desktop/birdiebot_nav_ws/install/btcpp_ros2_interfaces/share/ament_index/resource_index/package_run_dependencies/btcpp_ros2_interfaces
[0.932s] -- Up-to-date symlink: /home/hero/Desktop/birdiebot_nav_ws/install/btcpp_ros2_interfaces/share/ament_index/resource_index/parent_prefix_path/btcpp_ros2_interfaces
[0.932s] -- Up-to-date symlink: /home/hero/Desktop/birdiebot_nav_ws/install/btcpp_ros2_interfaces/share/btcpp_ros2_interfaces/environment/ament_prefix_path.sh
[0.932s] -- Up-to-date symlink: /home/hero/Desktop/birdiebot_nav_ws/install/btcpp_ros2_interfaces/share/btcpp_ros2_interfaces/environment/ament_prefix_path.dsv
[0.932s] -- Up-to-date symlink: /home/hero/Desktop/birdiebot_nav_ws/install/btcpp_ros2_interfaces/share/btcpp_ros2_interfaces/environment/path.sh
[0.933s] -- Up-to-date symlink: /home/hero/Desktop/birdiebot_nav_ws/install/btcpp_ros2_interfaces/share/btcpp_ros2_interfaces/environment/path.dsv
[0.933s] -- Up-to-date symlink: /home/hero/Desktop/birdiebot_nav_ws/install/btcpp_ros2_interfaces/share/btcpp_ros2_interfaces/local_setup.bash
[0.933s] -- Up-to-date symlink: /home/hero/Desktop/birdiebot_nav_ws/install/btcpp_ros2_interfaces/share/btcpp_ros2_interfaces/local_setup.sh
[0.933s] -- Up-to-date symlink: /home/hero/Desktop/birdiebot_nav_ws/install/btcpp_ros2_interfaces/share/btcpp_ros2_interfaces/local_setup.zsh
[0.933s] -- Up-to-date symlink: /home/hero/Desktop/birdiebot_nav_ws/install/btcpp_ros2_interfaces/share/btcpp_ros2_interfaces/local_setup.dsv
[0.933s] -- Symlinking: /home/hero/Desktop/birdiebot_nav_ws/install/btcpp_ros2_interfaces/share/btcpp_ros2_interfaces/package.dsv
[0.948s] -- Up-to-date symlink: /home/hero/Desktop/birdiebot_nav_ws/install/btcpp_ros2_interfaces/share/ament_index/resource_index/packages/btcpp_ros2_interfaces
[0.948s] -- Up-to-date symlink: /home/hero/Desktop/birdiebot_nav_ws/install/btcpp_ros2_interfaces/share/btcpp_ros2_interfaces/cmake/rosidl_cmake-extras.cmake
[0.948s] -- Up-to-date symlink: /home/hero/Desktop/birdiebot_nav_ws/install/btcpp_ros2_interfaces/share/btcpp_ros2_interfaces/cmake/ament_cmake_export_dependencies-extras.cmake
[0.948s] -- Up-to-date symlink: /home/hero/Desktop/birdiebot_nav_ws/install/btcpp_ros2_interfaces/share/btcpp_ros2_interfaces/cmake/ament_cmake_export_include_directories-extras.cmake
[0.948s] -- Up-to-date symlink: /home/hero/Desktop/birdiebot_nav_ws/install/btcpp_ros2_interfaces/share/btcpp_ros2_interfaces/cmake/ament_cmake_export_libraries-extras.cmake
[0.948s] -- Up-to-date symlink: /home/hero/Desktop/birdiebot_nav_ws/install/btcpp_ros2_interfaces/share/btcpp_ros2_interfaces/cmake/ament_cmake_export_targets-extras.cmake
[0.948s] -- Up-to-date symlink: /home/hero/Desktop/birdiebot_nav_ws/install/btcpp_ros2_interfaces/share/btcpp_ros2_interfaces/cmake/rosidl_cmake_export_typesupport_targets-extras.cmake
[0.948s] -- Up-to-date symlink: /home/hero/Desktop/birdiebot_nav_ws/install/btcpp_ros2_interfaces/share/btcpp_ros2_interfaces/cmake/rosidl_cmake_export_typesupport_libraries-extras.cmake
[0.948s] -- Up-to-date symlink: /home/hero/Desktop/birdiebot_nav_ws/install/btcpp_ros2_interfaces/share/btcpp_ros2_interfaces/cmake/btcpp_ros2_interfacesConfig.cmake
[0.948s] -- Up-to-date symlink: /home/hero/Desktop/birdiebot_nav_ws/install/btcpp_ros2_interfaces/share/btcpp_ros2_interfaces/cmake/btcpp_ros2_interfacesConfig-version.cmake
[0.948s] -- Up-to-date symlink: /home/hero/Desktop/birdiebot_nav_ws/install/btcpp_ros2_interfaces/share/btcpp_ros2_interfaces/package.xml
[0.950s] -- Up-to-date: /home/hero/Desktop/birdiebot_nav_ws/install/btcpp_ros2_interfaces/lib/libbtcpp_ros2_interfaces__rosidl_generator_c.so
[0.950s] -- Up-to-date: /home/hero/Desktop/birdiebot_nav_ws/install/btcpp_ros2_interfaces/lib/libbtcpp_ros2_interfaces__rosidl_typesupport_fastrtps_c.so
[0.950s] -- Up-to-date: /home/hero/Desktop/birdiebot_nav_ws/install/btcpp_ros2_interfaces/lib/libbtcpp_ros2_interfaces__rosidl_typesupport_introspection_c.so
[0.950s] -- Up-to-date: /home/hero/Desktop/birdiebot_nav_ws/install/btcpp_ros2_interfaces/lib/libbtcpp_ros2_interfaces__rosidl_typesupport_c.so
[0.950s] -- Up-to-date: /home/hero/Desktop/birdiebot_nav_ws/install/btcpp_ros2_interfaces/lib/libbtcpp_ros2_interfaces__rosidl_typesupport_fastrtps_cpp.so
[0.950s] -- Up-to-date: /home/hero/Desktop/birdiebot_nav_ws/install/btcpp_ros2_interfaces/lib/libbtcpp_ros2_interfaces__rosidl_typesupport_introspection_cpp.so
[0.951s] -- Up-to-date: /home/hero/Desktop/birdiebot_nav_ws/install/btcpp_ros2_interfaces/lib/libbtcpp_ros2_interfaces__rosidl_typesupport_cpp.so
[0.984s] Listing '/home/hero/Desktop/birdiebot_nav_ws/install/btcpp_ros2_interfaces/local/lib/python3.10/dist-packages/btcpp_ros2_interfaces'...
[0.984s] Listing '/home/hero/Desktop/birdiebot_nav_ws/install/btcpp_ros2_interfaces/local/lib/python3.10/dist-packages/btcpp_ros2_interfaces/action'...
[1.001s] -- Up-to-date: /home/hero/Desktop/birdiebot_nav_ws/install/btcpp_ros2_interfaces/lib/libbtcpp_ros2_interfaces__rosidl_generator_py.so
[1.001s] -- Up-to-date: /home/hero/Desktop/birdiebot_nav_ws/install/btcpp_ros2_interfaces/share/btcpp_ros2_interfaces/cmake/export_btcpp_ros2_interfaces__rosidl_generator_cExport.cmake
[1.002s] -- Up-to-date: /home/hero/Desktop/birdiebot_nav_ws/install/btcpp_ros2_interfaces/share/btcpp_ros2_interfaces/cmake/export_btcpp_ros2_interfaces__rosidl_generator_cExport-noconfig.cmake
[1.003s] -- Up-to-date: /home/hero/Desktop/birdiebot_nav_ws/install/btcpp_ros2_interfaces/share/btcpp_ros2_interfaces/cmake/export_btcpp_ros2_interfaces__rosidl_typesupport_fastrtps_cExport.cmake
[1.003s] -- Up-to-date: /home/hero/Desktop/birdiebot_nav_ws/install/btcpp_ros2_interfaces/share/btcpp_ros2_interfaces/cmake/export_btcpp_ros2_interfaces__rosidl_typesupport_fastrtps_cExport-noconfig.cmake
[1.007s] -- Up-to-date: /home/hero/Desktop/birdiebot_nav_ws/install/btcpp_ros2_interfaces/share/btcpp_ros2_interfaces/cmake/btcpp_ros2_interfaces__rosidl_typesupport_introspection_cExport.cmake
[1.007s] -- Up-to-date: /home/hero/Desktop/birdiebot_nav_ws/install/btcpp_ros2_interfaces/share/btcpp_ros2_interfaces/cmake/btcpp_ros2_interfaces__rosidl_typesupport_introspection_cExport-noconfig.cmake
[1.007s] -- Up-to-date: /home/hero/Desktop/birdiebot_nav_ws/install/btcpp_ros2_interfaces/share/btcpp_ros2_interfaces/cmake/btcpp_ros2_interfaces__rosidl_typesupport_cExport.cmake
[1.007s] -- Up-to-date: /home/hero/Desktop/birdiebot_nav_ws/install/btcpp_ros2_interfaces/share/btcpp_ros2_interfaces/cmake/btcpp_ros2_interfaces__rosidl_typesupport_cExport-noconfig.cmake
[1.007s] -- Up-to-date: /home/hero/Desktop/birdiebot_nav_ws/install/btcpp_ros2_interfaces/share/btcpp_ros2_interfaces/cmake/export_btcpp_ros2_interfaces__rosidl_generator_cppExport.cmake
[1.007s] -- Up-to-date: /home/hero/Desktop/birdiebot_nav_ws/install/btcpp_ros2_interfaces/share/btcpp_ros2_interfaces/cmake/export_btcpp_ros2_interfaces__rosidl_typesupport_fastrtps_cppExport.cmake
[1.007s] -- Up-to-date: /home/hero/Desktop/birdiebot_nav_ws/install/btcpp_ros2_interfaces/share/btcpp_ros2_interfaces/cmake/export_btcpp_ros2_interfaces__rosidl_typesupport_fastrtps_cppExport-noconfig.cmake
[1.009s] -- Up-to-date: /home/hero/Desktop/birdiebot_nav_ws/install/btcpp_ros2_interfaces/share/btcpp_ros2_interfaces/cmake/btcpp_ros2_interfaces__rosidl_typesupport_introspection_cppExport.cmake
[1.009s] -- Up-to-date: /home/hero/Desktop/birdiebot_nav_ws/install/btcpp_ros2_interfaces/share/btcpp_ros2_interfaces/cmake/btcpp_ros2_interfaces__rosidl_typesupport_introspection_cppExport-noconfig.cmake
[1.011s] -- Up-to-date: /home/hero/Desktop/birdiebot_nav_ws/install/btcpp_ros2_interfaces/share/btcpp_ros2_interfaces/cmake/btcpp_ros2_interfaces__rosidl_typesupport_cppExport.cmake
[1.011s] -- Up-to-date: /home/hero/Desktop/birdiebot_nav_ws/install/btcpp_ros2_interfaces/share/btcpp_ros2_interfaces/cmake/btcpp_ros2_interfaces__rosidl_typesupport_cppExport-noconfig.cmake
[1.012s] -- Up-to-date: /home/hero/Desktop/birdiebot_nav_ws/install/btcpp_ros2_interfaces/share/btcpp_ros2_interfaces/cmake/export_btcpp_ros2_interfaces__rosidl_generator_pyExport.cmake
[1.012s] -- Up-to-date: /home/hero/Desktop/birdiebot_nav_ws/install/btcpp_ros2_interfaces/share/btcpp_ros2_interfaces/cmake/export_btcpp_ros2_interfaces__rosidl_generator_pyExport-noconfig.cmake
[1.057s] Invoked command in '/home/hero/Desktop/birdiebot_nav_ws/build/btcpp_ros2_interfaces' returned '0': CMAKE_PREFIX_PATH=/opt/ros/humble /usr/bin/cmake --install /home/hero/Desktop/birdiebot_nav_ws/build/btcpp_ros2_interfaces
