[0.079s] Invoking command in '/home/hero/Desktop/birdiebot_nav_ws/build/potential_escape': CMAKE_PREFIX_PATH=/opt/ros/humble /usr/bin/cmake /home/hero/Desktop/birdiebot_nav_ws/src/rm_slam/src/rm_navigation/potential_escape_nav_plugin/potential_escape -DAMENT_CMAKE_SYMLINK_INSTALL=1 -DCMAKE_INSTALL_PREFIX=/home/hero/Desktop/birdiebot_nav_ws/install/potential_escape
[1.128s] -- The CXX compiler identification is GNU 11.4.0
[1.129s] -- Detecting CXX compiler ABI info
[1.129s] -- Detecting CXX compiler ABI info - done
[1.129s] -- Check for working CXX compiler: /usr/bin/c++ - skipped
[1.129s] -- Detecting CXX compile features
[1.129s] -- Detecting CXX compile features - done
[1.129s] -- Found ament_cmake: 1.3.8 (/opt/ros/humble/share/ament_cmake/cmake)
[1.129s] -- Found Python3: /usr/bin/python3 (found version "3.10.12") found components: Interpreter 
[1.129s] -- Override CMake install command with custom implementation using symlinks instead of copying resources
[1.129s] -- Found nav2_common: 1.1.18 (/opt/ros/humble/share/nav2_common/cmake)
[1.129s] -- Found rclcpp: 16.0.14 (/opt/ros/humble/share/rclcpp/cmake)
[1.129s] -- Found rosidl_generator_c: 3.1.5 (/opt/ros/humble/share/rosidl_generator_c/cmake)
[1.129s] -- Found rosidl_adapter: 3.1.5 (/opt/ros/humble/share/rosidl_adapter/cmake)
[1.129s] -- Found rosidl_generator_cpp: 3.1.5 (/opt/ros/humble/share/rosidl_generator_cpp/cmake)
[1.129s] -- Using all available rosidl_typesupport_c: rosidl_typesupport_fastrtps_c;rosidl_typesupport_introspection_c
[1.129s] -- Using all available rosidl_typesupport_cpp: rosidl_typesupport_fastrtps_cpp;rosidl_typesupport_introspection_cpp
[1.130s] -- Found rmw_implementation_cmake: 6.1.1 (/opt/ros/humble/share/rmw_implementation_cmake/cmake)
[1.130s] -- Found rmw_fastrtps_cpp: 6.2.6 (/opt/ros/humble/share/rmw_fastrtps_cpp/cmake)
[1.130s] -- Found OpenSSL: /usr/lib/x86_64-linux-gnu/libcrypto.so (found version "3.0.2")  
[1.130s] -- Found FastRTPS: /opt/ros/humble/include  
[1.130s] -- Using RMW implementation 'rmw_fastrtps_cpp' as default
[1.130s] -- Looking for C++ include pthread.h
[1.130s] -- Looking for C++ include pthread.h - found
[1.130s] -- Performing Test CMAKE_HAVE_LIBC_PTHREAD
[1.130s] -- Performing Test CMAKE_HAVE_LIBC_PTHREAD - Success
[1.130s] -- Found Threads: TRUE  
[1.174s] -- Found rclcpp_action: 16.0.8 (/opt/ros/humble/share/rclcpp_action/cmake)
[1.269s] -- Found rclcpp_lifecycle: 16.0.8 (/opt/ros/humble/share/rclcpp_lifecycle/cmake)
[1.310s] -- Found rclcpp_components: 16.0.8 (/opt/ros/humble/share/rclcpp_components/cmake)
[1.379s] -- Found nav2_behavior_tree: 1.1.14 (/opt/ros/humble/share/nav2_behavior_tree/cmake)
[1.854s] -- Found eigen3_cmake_module: 0.1.1 (/opt/ros/humble/share/eigen3_cmake_module/cmake)
[1.854s] -- Found Eigen3: TRUE (found version "3.4.0") 
[1.854s] -- Ensuring Eigen3 include directory is part of orocos-kdl CMake target
[2.676s] -- Found nav2_costmap_2d: 1.1.14 (/opt/ros/humble/share/nav2_costmap_2d/cmake)
[3.696s] -- Found nav2_core: 1.1.14 (/opt/ros/humble/share/nav2_core/cmake)
[4.265s] -- Found nav2_behaviors: 1.1.18 (/opt/ros/humble/share/nav2_behaviors/cmake)
[6.963s] -- Setting build type to Release as none was specified.
[10.895s] -- Configuring done
[10.956s] -- Generating done
[10.959s] -- Build files have been written to: /home/hero/Desktop/birdiebot_nav_ws/build/potential_escape
[10.974s] Invoked command in '/home/hero/Desktop/birdiebot_nav_ws/build/potential_escape' returned '0': CMAKE_PREFIX_PATH=/opt/ros/humble /usr/bin/cmake /home/hero/Desktop/birdiebot_nav_ws/src/rm_slam/src/rm_navigation/potential_escape_nav_plugin/potential_escape -DAMENT_CMAKE_SYMLINK_INSTALL=1 -DCMAKE_INSTALL_PREFIX=/home/hero/Desktop/birdiebot_nav_ws/install/potential_escape
[10.978s] Invoking command in '/home/hero/Desktop/birdiebot_nav_ws/build/potential_escape': CMAKE_PREFIX_PATH=/opt/ros/humble /usr/bin/cmake --build /home/hero/Desktop/birdiebot_nav_ws/build/potential_escape -- -j8 -l8
[11.031s] [ 50%] [32mBuilding CXX object CMakeFiles/nav2_escape_behavior.dir/src/potential_escape.cpp.o[0m
[18.782s] [100%] [32m[1mLinking CXX shared library libnav2_escape_behavior.so[0m
[19.148s] [100%] Built target nav2_escape_behavior
[19.159s] Invoked command in '/home/hero/Desktop/birdiebot_nav_ws/build/potential_escape' returned '0': CMAKE_PREFIX_PATH=/opt/ros/humble /usr/bin/cmake --build /home/hero/Desktop/birdiebot_nav_ws/build/potential_escape -- -j8 -l8
[19.184s] Invoking command in '/home/hero/Desktop/birdiebot_nav_ws/build/potential_escape': CMAKE_PREFIX_PATH=/opt/ros/humble /usr/bin/cmake --install /home/hero/Desktop/birdiebot_nav_ws/build/potential_escape
[30.469s] -- Install configuration: "Release"
[30.469s] -- Execute custom install script
[30.469s] -- Symlinking: /home/hero/Desktop/birdiebot_nav_ws/install/potential_escape/share/potential_escape//behavior_plugin.xml
[30.469s] -- Symlinking: /home/hero/Desktop/birdiebot_nav_ws/install/potential_escape/lib/libnav2_escape_behavior.so
[30.470s] -- Up-to-date symlink: /home/hero/Desktop/birdiebot_nav_ws/install/potential_escape/lib/libnav2_escape_behavior.so
[30.470s] -- Symlinking: /home/hero/Desktop/birdiebot_nav_ws/install/potential_escape/include//potential_escape/potential_escape.hpp
[30.470s] -- Up-to-date symlink: /home/hero/Desktop/birdiebot_nav_ws/install/potential_escape/share/potential_escape/behavior_plugin.xml
[30.470s] -- Symlinking: /home/hero/Desktop/birdiebot_nav_ws/install/potential_escape/share/potential_escape/environment/library_path.sh
[30.470s] -- Symlinking: /home/hero/Desktop/birdiebot_nav_ws/install/potential_escape/share/potential_escape/environment/library_path.dsv
[30.470s] -- Symlinking: /home/hero/Desktop/birdiebot_nav_ws/install/potential_escape/share/ament_index/resource_index/package_run_dependencies/potential_escape
[30.470s] -- Symlinking: /home/hero/Desktop/birdiebot_nav_ws/install/potential_escape/share/ament_index/resource_index/parent_prefix_path/potential_escape
[30.470s] -- Symlinking: /home/hero/Desktop/birdiebot_nav_ws/install/potential_escape/share/potential_escape/environment/ament_prefix_path.sh
[30.470s] -- Symlinking: /home/hero/Desktop/birdiebot_nav_ws/install/potential_escape/share/potential_escape/environment/ament_prefix_path.dsv
[30.470s] -- Symlinking: /home/hero/Desktop/birdiebot_nav_ws/install/potential_escape/share/potential_escape/environment/path.sh
[30.470s] -- Symlinking: /home/hero/Desktop/birdiebot_nav_ws/install/potential_escape/share/potential_escape/environment/path.dsv
[30.470s] -- Symlinking: /home/hero/Desktop/birdiebot_nav_ws/install/potential_escape/share/potential_escape/local_setup.bash
[30.470s] -- Symlinking: /home/hero/Desktop/birdiebot_nav_ws/install/potential_escape/share/potential_escape/local_setup.sh
[30.470s] -- Symlinking: /home/hero/Desktop/birdiebot_nav_ws/install/potential_escape/share/potential_escape/local_setup.zsh
[30.471s] -- Symlinking: /home/hero/Desktop/birdiebot_nav_ws/install/potential_escape/share/potential_escape/local_setup.dsv
[30.471s] -- Symlinking: /home/hero/Desktop/birdiebot_nav_ws/install/potential_escape/share/potential_escape/package.dsv
[30.471s] -- Symlinking: /home/hero/Desktop/birdiebot_nav_ws/install/potential_escape/share/ament_index/resource_index/packages/potential_escape
[30.471s] -- Symlinking: /home/hero/Desktop/birdiebot_nav_ws/install/potential_escape/share/ament_index/resource_index/nav2_core__pluginlib__plugin/potential_escape
[30.471s] -- Symlinking: /home/hero/Desktop/birdiebot_nav_ws/install/potential_escape/share/ament_index/resource_index/rclcpp_components/potential_escape
[30.471s] -- Symlinking: /home/hero/Desktop/birdiebot_nav_ws/install/potential_escape/share/potential_escape/cmake/ament_cmake_export_include_directories-extras.cmake
[30.471s] -- Symlinking: /home/hero/Desktop/birdiebot_nav_ws/install/potential_escape/share/potential_escape/cmake/ament_cmake_export_libraries-extras.cmake
[30.471s] -- Symlinking: /home/hero/Desktop/birdiebot_nav_ws/install/potential_escape/share/potential_escape/cmake/ament_cmake_export_dependencies-extras.cmake
[30.471s] -- Symlinking: /home/hero/Desktop/birdiebot_nav_ws/install/potential_escape/share/potential_escape/cmake/potential_escapeConfig.cmake
[30.471s] -- Symlinking: /home/hero/Desktop/birdiebot_nav_ws/install/potential_escape/share/potential_escape/cmake/potential_escapeConfig-version.cmake
[30.471s] -- Symlinking: /home/hero/Desktop/birdiebot_nav_ws/install/potential_escape/share/potential_escape/package.xml
[30.471s] Invoked command in '/home/hero/Desktop/birdiebot_nav_ws/build/potential_escape' returned '0': CMAKE_PREFIX_PATH=/opt/ros/humble /usr/bin/cmake --install /home/hero/Desktop/birdiebot_nav_ws/build/potential_escape
