[0.029s] Invoking command in '/home/hero/Desktop/birdiebot_nav_ws/build/costmap_converter_msgs': CMAKE_PREFIX_PATH=/opt/ros/humble /usr/bin/cmake --build /home/hero/Desktop/birdiebot_nav_ws/build/costmap_converter_msgs -- -j8 -l8
[0.180s] [ 10%] Built target costmap_converter_msgs__rosidl_generator_c
[0.194s] [ 12%] Built target costmap_converter_msgs__cpp
[0.240s] [ 12%] Built target ament_cmake_python_symlink_costmap_converter_msgs
[0.359s] [ 23%] Built target costmap_converter_msgs__rosidl_typesupport_introspection_cpp
[0.359s] [ 33%] Built target costmap_converter_msgs__rosidl_typesupport_cpp
[0.387s] [ 43%] Built target costmap_converter_msgs__rosidl_typesupport_c
[0.451s] [ 53%] Built target costmap_converter_msgs__rosidl_typesupport_fastrtps_c
[0.476s] [ 64%] Built target costmap_converter_msgs__rosidl_typesupport_fastrtps_cpp
[0.483s] [ 74%] Built target costmap_converter_msgs__rosidl_typesupport_introspection_c
[0.572s] [ 74%] Built target costmap_converter_msgs
[0.677s] [ 76%] Built target costmap_converter_msgs__py
[0.733s] running egg_info
[0.737s] writing costmap_converter_msgs.egg-info/PKG-INFO
[0.738s] writing dependency_links to costmap_converter_msgs.egg-info/dependency_links.txt
[0.738s] writing top-level names to costmap_converter_msgs.egg-info/top_level.txt
[0.739s] reading manifest file 'costmap_converter_msgs.egg-info/SOURCES.txt'
[0.740s] writing manifest file 'costmap_converter_msgs.egg-info/SOURCES.txt'
[0.766s] [ 84%] Built target costmap_converter_msgs__rosidl_generator_py
[0.779s] [ 84%] Built target ament_cmake_python_build_costmap_converter_msgs_egg
[0.847s] [ 89%] Built target costmap_converter_msgs__rosidl_typesupport_fastrtps_c__pyext
[0.853s] [ 94%] Built target costmap_converter_msgs__rosidl_typesupport_introspection_c__pyext
[0.871s] [100%] Built target costmap_converter_msgs__rosidl_typesupport_c__pyext
[0.891s] Invoked command in '/home/hero/Desktop/birdiebot_nav_ws/build/costmap_converter_msgs' returned '0': CMAKE_PREFIX_PATH=/opt/ros/humble /usr/bin/cmake --build /home/hero/Desktop/birdiebot_nav_ws/build/costmap_converter_msgs -- -j8 -l8
[1.046s] Invoking command in '/home/hero/Desktop/birdiebot_nav_ws/build/costmap_converter_msgs': CMAKE_PREFIX_PATH=/opt/ros/humble /usr/bin/cmake --install /home/hero/Desktop/birdiebot_nav_ws/build/costmap_converter_msgs
[1.053s] -- Install configuration: ""
[1.054s] -- Execute custom install script
[1.055s] -- Up-to-date symlink: /home/hero/Desktop/birdiebot_nav_ws/install/costmap_converter_msgs/share/ament_index/resource_index/rosidl_interfaces/costmap_converter_msgs
[1.055s] -- Up-to-date symlink: /home/hero/Desktop/birdiebot_nav_ws/install/costmap_converter_msgs/include/costmap_converter_msgs/costmap_converter_msgs/msg/detail/obstacle_array_msg__functions.h
[1.055s] -- Up-to-date symlink: /home/hero/Desktop/birdiebot_nav_ws/install/costmap_converter_msgs/include/costmap_converter_msgs/costmap_converter_msgs/msg/detail/obstacle_array_msg__struct.h
[1.056s] -- Up-to-date symlink: /home/hero/Desktop/birdiebot_nav_ws/install/costmap_converter_msgs/include/costmap_converter_msgs/costmap_converter_msgs/msg/detail/obstacle_array_msg__type_support.h
[1.056s] -- Up-to-date symlink: /home/hero/Desktop/birdiebot_nav_ws/install/costmap_converter_msgs/include/costmap_converter_msgs/costmap_converter_msgs/msg/detail/obstacle_msg__functions.h
[1.056s] -- Up-to-date symlink: /home/hero/Desktop/birdiebot_nav_ws/install/costmap_converter_msgs/include/costmap_converter_msgs/costmap_converter_msgs/msg/detail/obstacle_msg__struct.h
[1.057s] -- Up-to-date symlink: /home/hero/Desktop/birdiebot_nav_ws/install/costmap_converter_msgs/include/costmap_converter_msgs/costmap_converter_msgs/msg/detail/obstacle_msg__type_support.h
[1.058s] -- Up-to-date symlink: /home/hero/Desktop/birdiebot_nav_ws/install/costmap_converter_msgs/include/costmap_converter_msgs/costmap_converter_msgs/msg/obstacle_array_msg.h
[1.059s] -- Up-to-date symlink: /home/hero/Desktop/birdiebot_nav_ws/install/costmap_converter_msgs/include/costmap_converter_msgs/costmap_converter_msgs/msg/obstacle_msg.h
[1.059s] -- Up-to-date symlink: /home/hero/Desktop/birdiebot_nav_ws/install/costmap_converter_msgs/include/costmap_converter_msgs/costmap_converter_msgs/msg/rosidl_generator_c__visibility_control.h
[1.059s] -- Up-to-date symlink: /home/hero/Desktop/birdiebot_nav_ws/install/costmap_converter_msgs/share/costmap_converter_msgs/environment/library_path.sh
[1.059s] -- Up-to-date symlink: /home/hero/Desktop/birdiebot_nav_ws/install/costmap_converter_msgs/share/costmap_converter_msgs/environment/library_path.dsv
[1.059s] -- Up-to-date symlink: /home/hero/Desktop/birdiebot_nav_ws/install/costmap_converter_msgs/include/costmap_converter_msgs/costmap_converter_msgs/msg/detail/obstacle_array_msg__rosidl_typesupport_fastrtps_c.h
[1.059s] -- Up-to-date symlink: /home/hero/Desktop/birdiebot_nav_ws/install/costmap_converter_msgs/include/costmap_converter_msgs/costmap_converter_msgs/msg/detail/obstacle_msg__rosidl_typesupport_fastrtps_c.h
[1.060s] -- Up-to-date symlink: /home/hero/Desktop/birdiebot_nav_ws/install/costmap_converter_msgs/include/costmap_converter_msgs/costmap_converter_msgs/msg/rosidl_typesupport_fastrtps_c__visibility_control.h
[1.060s] -- Up-to-date symlink: /home/hero/Desktop/birdiebot_nav_ws/install/costmap_converter_msgs/include/costmap_converter_msgs/costmap_converter_msgs/msg/detail/obstacle_array_msg__builder.hpp
[1.060s] -- Up-to-date symlink: /home/hero/Desktop/birdiebot_nav_ws/install/costmap_converter_msgs/include/costmap_converter_msgs/costmap_converter_msgs/msg/detail/obstacle_array_msg__struct.hpp
[1.061s] -- Up-to-date symlink: /home/hero/Desktop/birdiebot_nav_ws/install/costmap_converter_msgs/include/costmap_converter_msgs/costmap_converter_msgs/msg/detail/obstacle_array_msg__traits.hpp
[1.061s] -- Up-to-date symlink: /home/hero/Desktop/birdiebot_nav_ws/install/costmap_converter_msgs/include/costmap_converter_msgs/costmap_converter_msgs/msg/detail/obstacle_array_msg__type_support.hpp
[1.061s] -- Up-to-date symlink: /home/hero/Desktop/birdiebot_nav_ws/install/costmap_converter_msgs/include/costmap_converter_msgs/costmap_converter_msgs/msg/detail/obstacle_msg__builder.hpp
[1.061s] -- Up-to-date symlink: /home/hero/Desktop/birdiebot_nav_ws/install/costmap_converter_msgs/include/costmap_converter_msgs/costmap_converter_msgs/msg/detail/obstacle_msg__struct.hpp
[1.061s] -- Up-to-date symlink: /home/hero/Desktop/birdiebot_nav_ws/install/costmap_converter_msgs/include/costmap_converter_msgs/costmap_converter_msgs/msg/detail/obstacle_msg__traits.hpp
[1.061s] -- Up-to-date symlink: /home/hero/Desktop/birdiebot_nav_ws/install/costmap_converter_msgs/include/costmap_converter_msgs/costmap_converter_msgs/msg/detail/obstacle_msg__type_support.hpp
[1.062s] -- Up-to-date symlink: /home/hero/Desktop/birdiebot_nav_ws/install/costmap_converter_msgs/include/costmap_converter_msgs/costmap_converter_msgs/msg/obstacle_array_msg.hpp
[1.062s] -- Up-to-date symlink: /home/hero/Desktop/birdiebot_nav_ws/install/costmap_converter_msgs/include/costmap_converter_msgs/costmap_converter_msgs/msg/obstacle_msg.hpp
[1.062s] -- Up-to-date symlink: /home/hero/Desktop/birdiebot_nav_ws/install/costmap_converter_msgs/include/costmap_converter_msgs/costmap_converter_msgs/msg/rosidl_generator_cpp__visibility_control.hpp
[1.062s] -- Up-to-date symlink: /home/hero/Desktop/birdiebot_nav_ws/install/costmap_converter_msgs/include/costmap_converter_msgs/costmap_converter_msgs/msg/detail/obstacle_array_msg__rosidl_typesupport_fastrtps_cpp.hpp
[1.062s] -- Up-to-date symlink: /home/hero/Desktop/birdiebot_nav_ws/install/costmap_converter_msgs/include/costmap_converter_msgs/costmap_converter_msgs/msg/detail/obstacle_msg__rosidl_typesupport_fastrtps_cpp.hpp
[1.062s] -- Up-to-date symlink: /home/hero/Desktop/birdiebot_nav_ws/install/costmap_converter_msgs/include/costmap_converter_msgs/costmap_converter_msgs/msg/rosidl_typesupport_fastrtps_cpp__visibility_control.h
[1.062s] -- Up-to-date symlink: /home/hero/Desktop/birdiebot_nav_ws/install/costmap_converter_msgs/include/costmap_converter_msgs/costmap_converter_msgs/msg/detail/obstacle_array_msg__rosidl_typesupport_introspection_c.h
[1.063s] -- Up-to-date symlink: /home/hero/Desktop/birdiebot_nav_ws/install/costmap_converter_msgs/include/costmap_converter_msgs/costmap_converter_msgs/msg/detail/obstacle_msg__rosidl_typesupport_introspection_c.h
[1.063s] -- Up-to-date symlink: /home/hero/Desktop/birdiebot_nav_ws/install/costmap_converter_msgs/include/costmap_converter_msgs/costmap_converter_msgs/msg/rosidl_typesupport_introspection_c__visibility_control.h
[1.063s] -- Up-to-date symlink: /home/hero/Desktop/birdiebot_nav_ws/install/costmap_converter_msgs/include/costmap_converter_msgs/costmap_converter_msgs/msg/detail/obstacle_array_msg__rosidl_typesupport_introspection_cpp.hpp
[1.063s] -- Up-to-date symlink: /home/hero/Desktop/birdiebot_nav_ws/install/costmap_converter_msgs/include/costmap_converter_msgs/costmap_converter_msgs/msg/detail/obstacle_msg__rosidl_typesupport_introspection_cpp.hpp
[1.063s] -- Up-to-date symlink: /home/hero/Desktop/birdiebot_nav_ws/install/costmap_converter_msgs/share/costmap_converter_msgs/environment/pythonpath.sh
[1.063s] -- Up-to-date symlink: /home/hero/Desktop/birdiebot_nav_ws/install/costmap_converter_msgs/share/costmap_converter_msgs/environment/pythonpath.dsv
[1.064s] -- Up-to-date symlink: /home/hero/Desktop/birdiebot_nav_ws/install/costmap_converter_msgs/local/lib/python3.10/dist-packages/costmap_converter_msgs-0.1.2-py3.10.egg-info/PKG-INFO
[1.064s] -- Up-to-date symlink: /home/hero/Desktop/birdiebot_nav_ws/install/costmap_converter_msgs/local/lib/python3.10/dist-packages/costmap_converter_msgs-0.1.2-py3.10.egg-info/SOURCES.txt
[1.064s] -- Up-to-date symlink: /home/hero/Desktop/birdiebot_nav_ws/install/costmap_converter_msgs/local/lib/python3.10/dist-packages/costmap_converter_msgs-0.1.2-py3.10.egg-info/dependency_links.txt
[1.064s] -- Up-to-date symlink: /home/hero/Desktop/birdiebot_nav_ws/install/costmap_converter_msgs/local/lib/python3.10/dist-packages/costmap_converter_msgs-0.1.2-py3.10.egg-info/top_level.txt
[1.064s] -- Up-to-date symlink: /home/hero/Desktop/birdiebot_nav_ws/install/costmap_converter_msgs/local/lib/python3.10/dist-packages/costmap_converter_msgs/__init__.py
[1.064s] -- Up-to-date symlink: /home/hero/Desktop/birdiebot_nav_ws/install/costmap_converter_msgs/local/lib/python3.10/dist-packages/costmap_converter_msgs/_costmap_converter_msgs_s.ep.rosidl_typesupport_c.c
[1.064s] -- Up-to-date symlink: /home/hero/Desktop/birdiebot_nav_ws/install/costmap_converter_msgs/local/lib/python3.10/dist-packages/costmap_converter_msgs/_costmap_converter_msgs_s.ep.rosidl_typesupport_fastrtps_c.c
[1.064s] -- Up-to-date symlink: /home/hero/Desktop/birdiebot_nav_ws/install/costmap_converter_msgs/local/lib/python3.10/dist-packages/costmap_converter_msgs/_costmap_converter_msgs_s.ep.rosidl_typesupport_introspection_c.c
[1.065s] -- Up-to-date symlink: /home/hero/Desktop/birdiebot_nav_ws/install/costmap_converter_msgs/local/lib/python3.10/dist-packages/costmap_converter_msgs/costmap_converter_msgs_s__rosidl_typesupport_c.cpython-310-x86_64-linux-gnu.so
[1.065s] -- Up-to-date symlink: /home/hero/Desktop/birdiebot_nav_ws/install/costmap_converter_msgs/local/lib/python3.10/dist-packages/costmap_converter_msgs/costmap_converter_msgs_s__rosidl_typesupport_fastrtps_c.cpython-310-x86_64-linux-gnu.so
[1.066s] -- Up-to-date symlink: /home/hero/Desktop/birdiebot_nav_ws/install/costmap_converter_msgs/local/lib/python3.10/dist-packages/costmap_converter_msgs/costmap_converter_msgs_s__rosidl_typesupport_introspection_c.cpython-310-x86_64-linux-gnu.so
[1.066s] -- Up-to-date symlink: /home/hero/Desktop/birdiebot_nav_ws/install/costmap_converter_msgs/local/lib/python3.10/dist-packages/costmap_converter_msgs/libcostmap_converter_msgs__rosidl_generator_py.so
[1.066s] -- Up-to-date symlink: /home/hero/Desktop/birdiebot_nav_ws/install/costmap_converter_msgs/local/lib/python3.10/dist-packages/costmap_converter_msgs/msg/__init__.py
[1.066s] -- Up-to-date symlink: /home/hero/Desktop/birdiebot_nav_ws/install/costmap_converter_msgs/local/lib/python3.10/dist-packages/costmap_converter_msgs/msg/_obstacle_array_msg.py
[1.066s] -- Up-to-date symlink: /home/hero/Desktop/birdiebot_nav_ws/install/costmap_converter_msgs/local/lib/python3.10/dist-packages/costmap_converter_msgs/msg/_obstacle_array_msg_s.c
[1.066s] -- Up-to-date symlink: /home/hero/Desktop/birdiebot_nav_ws/install/costmap_converter_msgs/local/lib/python3.10/dist-packages/costmap_converter_msgs/msg/_obstacle_msg.py
[1.066s] -- Up-to-date symlink: /home/hero/Desktop/birdiebot_nav_ws/install/costmap_converter_msgs/local/lib/python3.10/dist-packages/costmap_converter_msgs/msg/_obstacle_msg_s.c
[1.067s] -- Up-to-date symlink: /home/hero/Desktop/birdiebot_nav_ws/install/costmap_converter_msgs/local/lib/python3.10/dist-packages/costmap_converter_msgs/costmap_converter_msgs_s__rosidl_typesupport_fastrtps_c.cpython-310-x86_64-linux-gnu.so
[1.076s] -- Up-to-date symlink: /home/hero/Desktop/birdiebot_nav_ws/install/costmap_converter_msgs/local/lib/python3.10/dist-packages/costmap_converter_msgs/costmap_converter_msgs_s__rosidl_typesupport_introspection_c.cpython-310-x86_64-linux-gnu.so
[1.077s] -- Up-to-date symlink: /home/hero/Desktop/birdiebot_nav_ws/install/costmap_converter_msgs/local/lib/python3.10/dist-packages/costmap_converter_msgs/costmap_converter_msgs_s__rosidl_typesupport_c.cpython-310-x86_64-linux-gnu.so
[1.077s] -- Up-to-date symlink: /home/hero/Desktop/birdiebot_nav_ws/install/costmap_converter_msgs/share/costmap_converter_msgs/msg/ObstacleMsg.idl
[1.077s] -- Up-to-date symlink: /home/hero/Desktop/birdiebot_nav_ws/install/costmap_converter_msgs/share/costmap_converter_msgs/msg/ObstacleArrayMsg.idl
[1.077s] -- Up-to-date symlink: /home/hero/Desktop/birdiebot_nav_ws/install/costmap_converter_msgs/share/costmap_converter_msgs/msg/ObstacleMsg.msg
[1.077s] -- Up-to-date symlink: /home/hero/Desktop/birdiebot_nav_ws/install/costmap_converter_msgs/share/costmap_converter_msgs/msg/ObstacleArrayMsg.msg
[1.077s] -- Up-to-date symlink: /home/hero/Desktop/birdiebot_nav_ws/install/costmap_converter_msgs/share/ament_index/resource_index/package_run_dependencies/costmap_converter_msgs
[1.077s] -- Up-to-date symlink: /home/hero/Desktop/birdiebot_nav_ws/install/costmap_converter_msgs/share/ament_index/resource_index/parent_prefix_path/costmap_converter_msgs
[1.077s] -- Up-to-date symlink: /home/hero/Desktop/birdiebot_nav_ws/install/costmap_converter_msgs/share/costmap_converter_msgs/environment/ament_prefix_path.sh
[1.077s] -- Up-to-date symlink: /home/hero/Desktop/birdiebot_nav_ws/install/costmap_converter_msgs/share/costmap_converter_msgs/environment/ament_prefix_path.dsv
[1.077s] -- Up-to-date symlink: /home/hero/Desktop/birdiebot_nav_ws/install/costmap_converter_msgs/share/costmap_converter_msgs/environment/path.sh
[1.077s] -- Up-to-date symlink: /home/hero/Desktop/birdiebot_nav_ws/install/costmap_converter_msgs/share/costmap_converter_msgs/environment/path.dsv
[1.079s] -- Up-to-date symlink: /home/hero/Desktop/birdiebot_nav_ws/install/costmap_converter_msgs/share/costmap_converter_msgs/local_setup.bash
[1.079s] -- Up-to-date symlink: /home/hero/Desktop/birdiebot_nav_ws/install/costmap_converter_msgs/share/costmap_converter_msgs/local_setup.sh
[1.079s] -- Up-to-date symlink: /home/hero/Desktop/birdiebot_nav_ws/install/costmap_converter_msgs/share/costmap_converter_msgs/local_setup.zsh
[1.079s] -- Up-to-date symlink: /home/hero/Desktop/birdiebot_nav_ws/install/costmap_converter_msgs/share/costmap_converter_msgs/local_setup.dsv
[1.079s] -- Symlinking: /home/hero/Desktop/birdiebot_nav_ws/install/costmap_converter_msgs/share/costmap_converter_msgs/package.dsv
[1.082s] -- Up-to-date symlink: /home/hero/Desktop/birdiebot_nav_ws/install/costmap_converter_msgs/share/ament_index/resource_index/packages/costmap_converter_msgs
[1.082s] -- Up-to-date symlink: /home/hero/Desktop/birdiebot_nav_ws/install/costmap_converter_msgs/share/costmap_converter_msgs/cmake/rosidl_cmake-extras.cmake
[1.082s] -- Up-to-date symlink: /home/hero/Desktop/birdiebot_nav_ws/install/costmap_converter_msgs/share/costmap_converter_msgs/cmake/ament_cmake_export_dependencies-extras.cmake
[1.082s] -- Up-to-date symlink: /home/hero/Desktop/birdiebot_nav_ws/install/costmap_converter_msgs/share/costmap_converter_msgs/cmake/ament_cmake_export_include_directories-extras.cmake
[1.082s] -- Up-to-date symlink: /home/hero/Desktop/birdiebot_nav_ws/install/costmap_converter_msgs/share/costmap_converter_msgs/cmake/ament_cmake_export_libraries-extras.cmake
[1.082s] -- Up-to-date symlink: /home/hero/Desktop/birdiebot_nav_ws/install/costmap_converter_msgs/share/costmap_converter_msgs/cmake/ament_cmake_export_targets-extras.cmake
[1.082s] -- Up-to-date symlink: /home/hero/Desktop/birdiebot_nav_ws/install/costmap_converter_msgs/share/costmap_converter_msgs/cmake/rosidl_cmake_export_typesupport_targets-extras.cmake
[1.082s] -- Up-to-date symlink: /home/hero/Desktop/birdiebot_nav_ws/install/costmap_converter_msgs/share/costmap_converter_msgs/cmake/rosidl_cmake_export_typesupport_libraries-extras.cmake
[1.083s] -- Up-to-date symlink: /home/hero/Desktop/birdiebot_nav_ws/install/costmap_converter_msgs/share/costmap_converter_msgs/cmake/costmap_converter_msgsConfig.cmake
[1.083s] -- Up-to-date symlink: /home/hero/Desktop/birdiebot_nav_ws/install/costmap_converter_msgs/share/costmap_converter_msgs/cmake/costmap_converter_msgsConfig-version.cmake
[1.083s] -- Up-to-date symlink: /home/hero/Desktop/birdiebot_nav_ws/install/costmap_converter_msgs/share/costmap_converter_msgs/package.xml
[1.083s] -- Up-to-date: /home/hero/Desktop/birdiebot_nav_ws/install/costmap_converter_msgs/lib/libcostmap_converter_msgs__rosidl_generator_c.so
[1.084s] -- Up-to-date: /home/hero/Desktop/birdiebot_nav_ws/install/costmap_converter_msgs/lib/libcostmap_converter_msgs__rosidl_typesupport_fastrtps_c.so
[1.084s] -- Up-to-date: /home/hero/Desktop/birdiebot_nav_ws/install/costmap_converter_msgs/lib/libcostmap_converter_msgs__rosidl_typesupport_fastrtps_cpp.so
[1.085s] -- Up-to-date: /home/hero/Desktop/birdiebot_nav_ws/install/costmap_converter_msgs/lib/libcostmap_converter_msgs__rosidl_typesupport_introspection_c.so
[1.085s] -- Up-to-date: /home/hero/Desktop/birdiebot_nav_ws/install/costmap_converter_msgs/lib/libcostmap_converter_msgs__rosidl_typesupport_c.so
[1.085s] -- Up-to-date: /home/hero/Desktop/birdiebot_nav_ws/install/costmap_converter_msgs/lib/libcostmap_converter_msgs__rosidl_typesupport_introspection_cpp.so
[1.085s] -- Up-to-date: /home/hero/Desktop/birdiebot_nav_ws/install/costmap_converter_msgs/lib/libcostmap_converter_msgs__rosidl_typesupport_cpp.so
[1.131s] Listing '/home/hero/Desktop/birdiebot_nav_ws/install/costmap_converter_msgs/local/lib/python3.10/dist-packages/costmap_converter_msgs'...
[1.131s] Listing '/home/hero/Desktop/birdiebot_nav_ws/install/costmap_converter_msgs/local/lib/python3.10/dist-packages/costmap_converter_msgs/msg'...
[1.133s] -- Up-to-date: /home/hero/Desktop/birdiebot_nav_ws/install/costmap_converter_msgs/lib/libcostmap_converter_msgs__rosidl_generator_py.so
[1.133s] -- Up-to-date: /home/hero/Desktop/birdiebot_nav_ws/install/costmap_converter_msgs/share/costmap_converter_msgs/cmake/export_costmap_converter_msgs__rosidl_generator_cExport.cmake
[1.133s] -- Up-to-date: /home/hero/Desktop/birdiebot_nav_ws/install/costmap_converter_msgs/share/costmap_converter_msgs/cmake/export_costmap_converter_msgs__rosidl_generator_cExport-noconfig.cmake
[1.133s] -- Up-to-date: /home/hero/Desktop/birdiebot_nav_ws/install/costmap_converter_msgs/share/costmap_converter_msgs/cmake/export_costmap_converter_msgs__rosidl_typesupport_fastrtps_cExport.cmake
[1.133s] -- Up-to-date: /home/hero/Desktop/birdiebot_nav_ws/install/costmap_converter_msgs/share/costmap_converter_msgs/cmake/export_costmap_converter_msgs__rosidl_typesupport_fastrtps_cExport-noconfig.cmake
[1.133s] -- Up-to-date: /home/hero/Desktop/birdiebot_nav_ws/install/costmap_converter_msgs/share/costmap_converter_msgs/cmake/export_costmap_converter_msgs__rosidl_generator_cppExport.cmake
[1.133s] -- Up-to-date: /home/hero/Desktop/birdiebot_nav_ws/install/costmap_converter_msgs/share/costmap_converter_msgs/cmake/export_costmap_converter_msgs__rosidl_typesupport_fastrtps_cppExport.cmake
[1.133s] -- Up-to-date: /home/hero/Desktop/birdiebot_nav_ws/install/costmap_converter_msgs/share/costmap_converter_msgs/cmake/export_costmap_converter_msgs__rosidl_typesupport_fastrtps_cppExport-noconfig.cmake
[1.133s] -- Up-to-date: /home/hero/Desktop/birdiebot_nav_ws/install/costmap_converter_msgs/share/costmap_converter_msgs/cmake/costmap_converter_msgs__rosidl_typesupport_introspection_cExport.cmake
[1.133s] -- Up-to-date: /home/hero/Desktop/birdiebot_nav_ws/install/costmap_converter_msgs/share/costmap_converter_msgs/cmake/costmap_converter_msgs__rosidl_typesupport_introspection_cExport-noconfig.cmake
[1.134s] -- Up-to-date: /home/hero/Desktop/birdiebot_nav_ws/install/costmap_converter_msgs/share/costmap_converter_msgs/cmake/costmap_converter_msgs__rosidl_typesupport_cExport.cmake
[1.134s] -- Up-to-date: /home/hero/Desktop/birdiebot_nav_ws/install/costmap_converter_msgs/share/costmap_converter_msgs/cmake/costmap_converter_msgs__rosidl_typesupport_cExport-noconfig.cmake
[1.134s] -- Up-to-date: /home/hero/Desktop/birdiebot_nav_ws/install/costmap_converter_msgs/share/costmap_converter_msgs/cmake/costmap_converter_msgs__rosidl_typesupport_introspection_cppExport.cmake
[1.134s] -- Up-to-date: /home/hero/Desktop/birdiebot_nav_ws/install/costmap_converter_msgs/share/costmap_converter_msgs/cmake/costmap_converter_msgs__rosidl_typesupport_introspection_cppExport-noconfig.cmake
[1.134s] -- Up-to-date: /home/hero/Desktop/birdiebot_nav_ws/install/costmap_converter_msgs/share/costmap_converter_msgs/cmake/costmap_converter_msgs__rosidl_typesupport_cppExport.cmake
[1.134s] -- Up-to-date: /home/hero/Desktop/birdiebot_nav_ws/install/costmap_converter_msgs/share/costmap_converter_msgs/cmake/costmap_converter_msgs__rosidl_typesupport_cppExport-noconfig.cmake
[1.134s] -- Up-to-date: /home/hero/Desktop/birdiebot_nav_ws/install/costmap_converter_msgs/share/costmap_converter_msgs/cmake/export_costmap_converter_msgs__rosidl_generator_pyExport.cmake
[1.134s] -- Up-to-date: /home/hero/Desktop/birdiebot_nav_ws/install/costmap_converter_msgs/share/costmap_converter_msgs/cmake/export_costmap_converter_msgs__rosidl_generator_pyExport-noconfig.cmake
[1.156s] Invoked command in '/home/hero/Desktop/birdiebot_nav_ws/build/costmap_converter_msgs' returned '0': CMAKE_PREFIX_PATH=/opt/ros/humble /usr/bin/cmake --install /home/hero/Desktop/birdiebot_nav_ws/build/costmap_converter_msgs
