[0.154s] Invoking command in '/home/hero/Desktop/birdiebot_nav_ws/build/behaviortree_ros2': CMAKE_PREFIX_PATH=/opt/ros/humble /usr/bin/cmake /home/hero/Desktop/birdiebot_nav_ws/src/rm_behavior_tree/BehaviorTree.ROS2/behaviortree_ros2 -DAMENT_CMAKE_SYMLINK_INSTALL=1 -DCMAKE_INSTALL_PREFIX=/home/hero/Desktop/birdiebot_nav_ws/install/behaviortree_ros2
[0.205s] -- The C compiler identification is GNU 11.4.0
[0.255s] -- The CXX compiler identification is GNU 11.4.0
[0.258s] -- Detecting C compiler ABI info
[0.325s] -- Detecting C compiler ABI info - done
[0.333s] -- Check for working C compiler: /usr/bin/cc - skipped
[0.334s] -- Detecting C compile features
[0.334s] -- Detecting C compile features - done
[0.337s] -- Detecting CXX compiler ABI info
[0.412s] -- Detecting CXX compiler ABI info - done
[0.419s] -- Check for working CXX compiler: /usr/bin/c++ - skipped
[0.419s] -- Detecting CXX compile features
[0.420s] -- Detecting CXX compile features - done
[0.422s] -- Found ament_cmake: 1.3.8 (/opt/ros/humble/share/ament_cmake/cmake)
[0.575s] -- Found Python3: /usr/bin/python3 (found version "3.10.12") found components: Interpreter 
[0.637s] -- Override CMake install command with custom implementation using symlinks instead of copying resources
[0.662s] -- Found rclcpp: 16.0.14 (/opt/ros/humble/share/rclcpp/cmake)
[0.715s] -- Found rosidl_generator_c: 3.1.5 (/opt/ros/humble/share/rosidl_generator_c/cmake)
[0.720s] -- Found rosidl_adapter: 3.1.5 (/opt/ros/humble/share/rosidl_adapter/cmake)
[0.728s] -- Found rosidl_generator_cpp: 3.1.5 (/opt/ros/humble/share/rosidl_generator_cpp/cmake)
[0.739s] -- Using all available rosidl_typesupport_c: rosidl_typesupport_fastrtps_c;rosidl_typesupport_introspection_c
[0.757s] -- Using all available rosidl_typesupport_cpp: rosidl_typesupport_fastrtps_cpp;rosidl_typesupport_introspection_cpp
[0.836s] -- Found rmw_implementation_cmake: 6.1.1 (/opt/ros/humble/share/rmw_implementation_cmake/cmake)
[0.838s] -- Found rmw_fastrtps_cpp: 6.2.6 (/opt/ros/humble/share/rmw_fastrtps_cpp/cmake)
[0.976s] -- Found OpenSSL: /usr/lib/x86_64-linux-gnu/libcrypto.so (found version "3.0.2")  
[0.995s] -- Found FastRTPS: /opt/ros/humble/include  
[1.043s] -- Using RMW implementation 'rmw_fastrtps_cpp' as default
[1.053s] -- Looking for pthread.h
[1.202s] -- Looking for pthread.h - found
[1.202s] -- Performing Test CMAKE_HAVE_LIBC_PTHREAD
[1.291s] -- Performing Test CMAKE_HAVE_LIBC_PTHREAD - Success
[1.292s] -- Found Threads: TRUE  
[1.451s] -- Found rclcpp_action: 16.0.8 (/opt/ros/humble/share/rclcpp_action/cmake)
[1.554s] -- Found behaviortree_cpp: 4.5.1 (/opt/ros/humble/share/behaviortree_cpp/cmake)
[1.625s] -- Configuring done
[1.632s] -- Generating done
[1.634s] -- Build files have been written to: /home/hero/Desktop/birdiebot_nav_ws/build/behaviortree_ros2
[1.659s] Invoked command in '/home/hero/Desktop/birdiebot_nav_ws/build/behaviortree_ros2' returned '0': CMAKE_PREFIX_PATH=/opt/ros/humble /usr/bin/cmake /home/hero/Desktop/birdiebot_nav_ws/src/rm_behavior_tree/BehaviorTree.ROS2/behaviortree_ros2 -DAMENT_CMAKE_SYMLINK_INSTALL=1 -DCMAKE_INSTALL_PREFIX=/home/hero/Desktop/birdiebot_nav_ws/install/behaviortree_ros2
[1.660s] Invoking command in '/home/hero/Desktop/birdiebot_nav_ws/build/behaviortree_ros2': CMAKE_PREFIX_PATH=/opt/ros/humble /usr/bin/cmake --build /home/hero/Desktop/birdiebot_nav_ws/build/behaviortree_ros2 -- -j8 -l8
[1.910s] [ 50%] [32mBuilding CXX object CMakeFiles/behaviortree_ros2.dir/src/bt_ros2.cpp.o[0m
[10.971s] [100%] [32m[1mLinking CXX static library libbehaviortree_ros2.a[0m
[11.161s] [100%] Built target behaviortree_ros2
[11.367s] Invoked command in '/home/hero/Desktop/birdiebot_nav_ws/build/behaviortree_ros2' returned '0': CMAKE_PREFIX_PATH=/opt/ros/humble /usr/bin/cmake --build /home/hero/Desktop/birdiebot_nav_ws/build/behaviortree_ros2 -- -j8 -l8
[11.664s] Invoking command in '/home/hero/Desktop/birdiebot_nav_ws/build/behaviortree_ros2': CMAKE_PREFIX_PATH=/opt/ros/humble /usr/bin/cmake --install /home/hero/Desktop/birdiebot_nav_ws/build/behaviortree_ros2
[12.314s] -- Install configuration: ""
[12.314s] -- Execute custom install script
[12.314s] -- Symlinking: /home/hero/Desktop/birdiebot_nav_ws/install/behaviortree_ros2/include//behaviortree_ros2/bt_action_node.hpp
[12.314s] -- Symlinking: /home/hero/Desktop/birdiebot_nav_ws/install/behaviortree_ros2/include//behaviortree_ros2/bt_service_node.hpp
[12.315s] -- Symlinking: /home/hero/Desktop/birdiebot_nav_ws/install/behaviortree_ros2/include//behaviortree_ros2/bt_topic_pub_node.hpp
[12.315s] -- Symlinking: /home/hero/Desktop/birdiebot_nav_ws/install/behaviortree_ros2/include//behaviortree_ros2/bt_topic_sub_node.hpp
[12.315s] -- Symlinking: /home/hero/Desktop/birdiebot_nav_ws/install/behaviortree_ros2/include//behaviortree_ros2/plugins.hpp
[12.315s] -- Symlinking: /home/hero/Desktop/birdiebot_nav_ws/install/behaviortree_ros2/include//behaviortree_ros2/ros_node_params.hpp
[12.315s] -- Symlinking: /home/hero/Desktop/birdiebot_nav_ws/install/behaviortree_ros2/share/ament_index/resource_index/package_run_dependencies/behaviortree_ros2
[12.315s] -- Symlinking: /home/hero/Desktop/birdiebot_nav_ws/install/behaviortree_ros2/share/ament_index/resource_index/parent_prefix_path/behaviortree_ros2
[12.315s] -- Symlinking: /home/hero/Desktop/birdiebot_nav_ws/install/behaviortree_ros2/share/behaviortree_ros2/environment/ament_prefix_path.sh
[12.315s] -- Symlinking: /home/hero/Desktop/birdiebot_nav_ws/install/behaviortree_ros2/share/behaviortree_ros2/environment/ament_prefix_path.dsv
[12.315s] -- Symlinking: /home/hero/Desktop/birdiebot_nav_ws/install/behaviortree_ros2/share/behaviortree_ros2/environment/path.sh
[12.315s] -- Symlinking: /home/hero/Desktop/birdiebot_nav_ws/install/behaviortree_ros2/share/behaviortree_ros2/environment/path.dsv
[12.315s] -- Symlinking: /home/hero/Desktop/birdiebot_nav_ws/install/behaviortree_ros2/share/behaviortree_ros2/local_setup.bash
[12.315s] -- Symlinking: /home/hero/Desktop/birdiebot_nav_ws/install/behaviortree_ros2/share/behaviortree_ros2/local_setup.sh
[12.315s] -- Symlinking: /home/hero/Desktop/birdiebot_nav_ws/install/behaviortree_ros2/share/behaviortree_ros2/local_setup.zsh
[12.315s] -- Symlinking: /home/hero/Desktop/birdiebot_nav_ws/install/behaviortree_ros2/share/behaviortree_ros2/local_setup.dsv
[12.315s] -- Symlinking: /home/hero/Desktop/birdiebot_nav_ws/install/behaviortree_ros2/share/behaviortree_ros2/package.dsv
[12.315s] -- Symlinking: /home/hero/Desktop/birdiebot_nav_ws/install/behaviortree_ros2/share/ament_index/resource_index/packages/behaviortree_ros2
[12.315s] -- Symlinking: /home/hero/Desktop/birdiebot_nav_ws/install/behaviortree_ros2/share/behaviortree_ros2/cmake/ament_cmake_export_include_directories-extras.cmake
[12.315s] -- Symlinking: /home/hero/Desktop/birdiebot_nav_ws/install/behaviortree_ros2/share/behaviortree_ros2/cmake/ament_cmake_export_dependencies-extras.cmake
[12.315s] -- Symlinking: /home/hero/Desktop/birdiebot_nav_ws/install/behaviortree_ros2/share/behaviortree_ros2/cmake/behaviortree_ros2Config.cmake
[12.315s] -- Symlinking: /home/hero/Desktop/birdiebot_nav_ws/install/behaviortree_ros2/share/behaviortree_ros2/cmake/behaviortree_ros2Config-version.cmake
[12.315s] -- Symlinking: /home/hero/Desktop/birdiebot_nav_ws/install/behaviortree_ros2/share/behaviortree_ros2/package.xml
[12.335s] Invoked command in '/home/hero/Desktop/birdiebot_nav_ws/build/behaviortree_ros2' returned '0': CMAKE_PREFIX_PATH=/opt/ros/humble /usr/bin/cmake --install /home/hero/Desktop/birdiebot_nav_ws/build/behaviortree_ros2
