[0.049s] Invoking command in '/home/hero/Desktop/birdiebot_nav_ws/build/point_lio_with_grid_map': AMENT_PREFIX_PATH=/home/hero/Desktop/birdiebot_nav_ws/install/livox_ros_driver2:${AMENT_PREFIX_PATH} CMAKE_PREFIX_PATH=/home/hero/Desktop/birdiebot_nav_ws/install/livox_ros_driver2:/opt/ros/humble LD_LIBRARY_PATH=/home/hero/Desktop/birdiebot_nav_ws/install/livox_ros_driver2/lib:/opt/intel/openvino_2023.3.0/runtime/lib/intel64:/opt/MVS/lib/64:/opt/MVS/lib/32:/opt/MVS/lib/64:/opt/MVS/lib/32:/opt/intel/openvino_2023.3.0/runtime/lib/intel64:/opt/MVS/lib/64:/opt/MVS/lib/32:/usr/lib/x86_64-linux-gnu/gazebo-11/plugins:/opt/ros/humble/opt/rviz_ogre_vendor/lib:/opt/ros/humble/lib/x86_64-linux-gnu:/opt/ros/humble/opt/openvdb_vendor/lib:/opt/ros/humble/lib:/opt/MVS/lib/64:/opt/MVS/lib/32:/opt/MVS/lib/64:/opt/MVS/lib/32:/opt/MVS/lib/64:/opt/MVS/lib/32 PYTHONPATH=/home/hero/Desktop/birdiebot_nav_ws/install/livox_ros_driver2/local/lib/python3.10/dist-packages:${PYTHONPATH} /usr/bin/cmake --build /home/hero/Desktop/birdiebot_nav_ws/build/point_lio_with_grid_map -- -j8 -l8
[0.178s] [100%] Built target pointlio_mapping
[0.208s] Invoked command in '/home/hero/Desktop/birdiebot_nav_ws/build/point_lio_with_grid_map' returned '0': AMENT_PREFIX_PATH=/home/hero/Desktop/birdiebot_nav_ws/install/livox_ros_driver2:${AMENT_PREFIX_PATH} CMAKE_PREFIX_PATH=/home/hero/Desktop/birdiebot_nav_ws/install/livox_ros_driver2:/opt/ros/humble LD_LIBRARY_PATH=/home/hero/Desktop/birdiebot_nav_ws/install/livox_ros_driver2/lib:/opt/intel/openvino_2023.3.0/runtime/lib/intel64:/opt/MVS/lib/64:/opt/MVS/lib/32:/opt/MVS/lib/64:/opt/MVS/lib/32:/opt/intel/openvino_2023.3.0/runtime/lib/intel64:/opt/MVS/lib/64:/opt/MVS/lib/32:/usr/lib/x86_64-linux-gnu/gazebo-11/plugins:/opt/ros/humble/opt/rviz_ogre_vendor/lib:/opt/ros/humble/lib/x86_64-linux-gnu:/opt/ros/humble/opt/openvdb_vendor/lib:/opt/ros/humble/lib:/opt/MVS/lib/64:/opt/MVS/lib/32:/opt/MVS/lib/64:/opt/MVS/lib/32:/opt/MVS/lib/64:/opt/MVS/lib/32 PYTHONPATH=/home/hero/Desktop/birdiebot_nav_ws/install/livox_ros_driver2/local/lib/python3.10/dist-packages:${PYTHONPATH} /usr/bin/cmake --build /home/hero/Desktop/birdiebot_nav_ws/build/point_lio_with_grid_map -- -j8 -l8
[0.212s] Invoking command in '/home/hero/Desktop/birdiebot_nav_ws/build/point_lio_with_grid_map': AMENT_PREFIX_PATH=/home/hero/Desktop/birdiebot_nav_ws/install/livox_ros_driver2:${AMENT_PREFIX_PATH} CMAKE_PREFIX_PATH=/home/hero/Desktop/birdiebot_nav_ws/install/livox_ros_driver2:/opt/ros/humble LD_LIBRARY_PATH=/home/hero/Desktop/birdiebot_nav_ws/install/livox_ros_driver2/lib:/opt/intel/openvino_2023.3.0/runtime/lib/intel64:/opt/MVS/lib/64:/opt/MVS/lib/32:/opt/MVS/lib/64:/opt/MVS/lib/32:/opt/intel/openvino_2023.3.0/runtime/lib/intel64:/opt/MVS/lib/64:/opt/MVS/lib/32:/usr/lib/x86_64-linux-gnu/gazebo-11/plugins:/opt/ros/humble/opt/rviz_ogre_vendor/lib:/opt/ros/humble/lib/x86_64-linux-gnu:/opt/ros/humble/opt/openvdb_vendor/lib:/opt/ros/humble/lib:/opt/MVS/lib/64:/opt/MVS/lib/32:/opt/MVS/lib/64:/opt/MVS/lib/32:/opt/MVS/lib/64:/opt/MVS/lib/32 PYTHONPATH=/home/hero/Desktop/birdiebot_nav_ws/install/livox_ros_driver2/local/lib/python3.10/dist-packages:${PYTHONPATH} /usr/bin/cmake --install /home/hero/Desktop/birdiebot_nav_ws/build/point_lio_with_grid_map
[0.226s] -- Install configuration: "Release"
[0.226s] -- Execute custom install script
[0.226s] -- Up-to-date symlink: /home/hero/Desktop/birdiebot_nav_ws/install/point_lio_with_grid_map/lib/point_lio_with_grid_map/pointlio_mapping
[0.226s] -- Up-to-date symlink: /home/hero/Desktop/birdiebot_nav_ws/install/point_lio_with_grid_map/share/point_lio_with_grid_map/config/avia.yaml
[0.226s] -- Up-to-date symlink: /home/hero/Desktop/birdiebot_nav_ws/install/point_lio_with_grid_map/share/point_lio_with_grid_map/config/horizon.yaml
[0.226s] -- Up-to-date symlink: /home/hero/Desktop/birdiebot_nav_ws/install/point_lio_with_grid_map/share/point_lio_with_grid_map/config/mid360.yaml
[0.226s] -- Up-to-date symlink: /home/hero/Desktop/birdiebot_nav_ws/install/point_lio_with_grid_map/share/point_lio_with_grid_map/config/ouster64.yaml
[0.226s] -- Up-to-date symlink: /home/hero/Desktop/birdiebot_nav_ws/install/point_lio_with_grid_map/share/point_lio_with_grid_map/config/velody16.yaml
[0.226s] -- Up-to-date symlink: /home/hero/Desktop/birdiebot_nav_ws/install/point_lio_with_grid_map/share/point_lio_with_grid_map/launch/point_lio.launch.py
[0.226s] -- Up-to-date symlink: /home/hero/Desktop/birdiebot_nav_ws/install/point_lio_with_grid_map/share/point_lio_with_grid_map/rviz_cfg/.gitignore
[0.226s] -- Up-to-date symlink: /home/hero/Desktop/birdiebot_nav_ws/install/point_lio_with_grid_map/share/point_lio_with_grid_map/rviz_cfg/loam_livox.rviz
[0.226s] -- Up-to-date symlink: /home/hero/Desktop/birdiebot_nav_ws/install/point_lio_with_grid_map/share/ament_index/resource_index/package_run_dependencies/point_lio_with_grid_map
[0.226s] -- Up-to-date symlink: /home/hero/Desktop/birdiebot_nav_ws/install/point_lio_with_grid_map/share/ament_index/resource_index/parent_prefix_path/point_lio_with_grid_map
[0.227s] -- Up-to-date symlink: /home/hero/Desktop/birdiebot_nav_ws/install/point_lio_with_grid_map/share/point_lio_with_grid_map/environment/ament_prefix_path.sh
[0.227s] -- Up-to-date symlink: /home/hero/Desktop/birdiebot_nav_ws/install/point_lio_with_grid_map/share/point_lio_with_grid_map/environment/ament_prefix_path.dsv
[0.227s] -- Up-to-date symlink: /home/hero/Desktop/birdiebot_nav_ws/install/point_lio_with_grid_map/share/point_lio_with_grid_map/environment/path.sh
[0.227s] -- Up-to-date symlink: /home/hero/Desktop/birdiebot_nav_ws/install/point_lio_with_grid_map/share/point_lio_with_grid_map/environment/path.dsv
[0.227s] -- Up-to-date symlink: /home/hero/Desktop/birdiebot_nav_ws/install/point_lio_with_grid_map/share/point_lio_with_grid_map/local_setup.bash
[0.227s] -- Up-to-date symlink: /home/hero/Desktop/birdiebot_nav_ws/install/point_lio_with_grid_map/share/point_lio_with_grid_map/local_setup.sh
[0.227s] -- Up-to-date symlink: /home/hero/Desktop/birdiebot_nav_ws/install/point_lio_with_grid_map/share/point_lio_with_grid_map/local_setup.zsh
[0.227s] -- Up-to-date symlink: /home/hero/Desktop/birdiebot_nav_ws/install/point_lio_with_grid_map/share/point_lio_with_grid_map/local_setup.dsv
[0.227s] -- Symlinking: /home/hero/Desktop/birdiebot_nav_ws/install/point_lio_with_grid_map/share/point_lio_with_grid_map/package.dsv
[0.236s] -- Up-to-date symlink: /home/hero/Desktop/birdiebot_nav_ws/install/point_lio_with_grid_map/share/ament_index/resource_index/packages/point_lio_with_grid_map
[0.236s] -- Up-to-date symlink: /home/hero/Desktop/birdiebot_nav_ws/install/point_lio_with_grid_map/share/point_lio_with_grid_map/cmake/ament_cmake_export_dependencies-extras.cmake
[0.236s] -- Up-to-date symlink: /home/hero/Desktop/birdiebot_nav_ws/install/point_lio_with_grid_map/share/point_lio_with_grid_map/cmake/point_lio_with_grid_mapConfig.cmake
[0.236s] -- Up-to-date symlink: /home/hero/Desktop/birdiebot_nav_ws/install/point_lio_with_grid_map/share/point_lio_with_grid_map/cmake/point_lio_with_grid_mapConfig-version.cmake
[0.236s] -- Up-to-date symlink: /home/hero/Desktop/birdiebot_nav_ws/install/point_lio_with_grid_map/share/point_lio_with_grid_map/package.xml
[0.243s] Invoked command in '/home/hero/Desktop/birdiebot_nav_ws/build/point_lio_with_grid_map' returned '0': AMENT_PREFIX_PATH=/home/hero/Desktop/birdiebot_nav_ws/install/livox_ros_driver2:${AMENT_PREFIX_PATH} CMAKE_PREFIX_PATH=/home/hero/Desktop/birdiebot_nav_ws/install/livox_ros_driver2:/opt/ros/humble LD_LIBRARY_PATH=/home/hero/Desktop/birdiebot_nav_ws/install/livox_ros_driver2/lib:/opt/intel/openvino_2023.3.0/runtime/lib/intel64:/opt/MVS/lib/64:/opt/MVS/lib/32:/opt/MVS/lib/64:/opt/MVS/lib/32:/opt/intel/openvino_2023.3.0/runtime/lib/intel64:/opt/MVS/lib/64:/opt/MVS/lib/32:/usr/lib/x86_64-linux-gnu/gazebo-11/plugins:/opt/ros/humble/opt/rviz_ogre_vendor/lib:/opt/ros/humble/lib/x86_64-linux-gnu:/opt/ros/humble/opt/openvdb_vendor/lib:/opt/ros/humble/lib:/opt/MVS/lib/64:/opt/MVS/lib/32:/opt/MVS/lib/64:/opt/MVS/lib/32:/opt/MVS/lib/64:/opt/MVS/lib/32 PYTHONPATH=/home/hero/Desktop/birdiebot_nav_ws/install/livox_ros_driver2/local/lib/python3.10/dist-packages:${PYTHONPATH} /usr/bin/cmake --install /home/hero/Desktop/birdiebot_nav_ws/build/point_lio_with_grid_map
