[0.024s] Invoking command in '/home/hero/Desktop/birdiebot_nav_ws/build/behaviortree_ros2': CMAKE_PREFIX_PATH=/opt/ros/humble /usr/bin/cmake --build /home/hero/Desktop/birdiebot_nav_ws/build/behaviortree_ros2 -- -j8 -l8
[0.098s] [100%] Built target behaviortree_ros2
[0.150s] Invoked command in '/home/hero/Desktop/birdiebot_nav_ws/build/behaviortree_ros2' returned '0': CMAKE_PREFIX_PATH=/opt/ros/humble /usr/bin/cmake --build /home/hero/Desktop/birdiebot_nav_ws/build/behaviortree_ros2 -- -j8 -l8
[0.609s] Invoking command in '/home/hero/Desktop/birdiebot_nav_ws/build/behaviortree_ros2': CMAKE_PREFIX_PATH=/opt/ros/humble /usr/bin/cmake --install /home/hero/Desktop/birdiebot_nav_ws/build/behaviortree_ros2
[6.787s] -- Install configuration: ""
[6.787s] -- Execute custom install script
[6.787s] -- Up-to-date symlink: /home/hero/Desktop/birdiebot_nav_ws/install/behaviortree_ros2/include//behaviortree_ros2/bt_action_node.hpp
[6.787s] -- Up-to-date symlink: /home/hero/Desktop/birdiebot_nav_ws/install/behaviortree_ros2/include//behaviortree_ros2/bt_service_node.hpp
[6.787s] -- Up-to-date symlink: /home/hero/Desktop/birdiebot_nav_ws/install/behaviortree_ros2/include//behaviortree_ros2/bt_topic_pub_node.hpp
[6.787s] -- Up-to-date symlink: /home/hero/Desktop/birdiebot_nav_ws/install/behaviortree_ros2/include//behaviortree_ros2/bt_topic_sub_node.hpp
[6.787s] -- Up-to-date symlink: /home/hero/Desktop/birdiebot_nav_ws/install/behaviortree_ros2/include//behaviortree_ros2/plugins.hpp
[6.787s] -- Up-to-date symlink: /home/hero/Desktop/birdiebot_nav_ws/install/behaviortree_ros2/include//behaviortree_ros2/ros_node_params.hpp
[6.787s] -- Up-to-date symlink: /home/hero/Desktop/birdiebot_nav_ws/install/behaviortree_ros2/share/ament_index/resource_index/package_run_dependencies/behaviortree_ros2
[6.787s] -- Up-to-date symlink: /home/hero/Desktop/birdiebot_nav_ws/install/behaviortree_ros2/share/ament_index/resource_index/parent_prefix_path/behaviortree_ros2
[6.788s] -- Up-to-date symlink: /home/hero/Desktop/birdiebot_nav_ws/install/behaviortree_ros2/share/behaviortree_ros2/environment/ament_prefix_path.sh
[6.788s] -- Up-to-date symlink: /home/hero/Desktop/birdiebot_nav_ws/install/behaviortree_ros2/share/behaviortree_ros2/environment/ament_prefix_path.dsv
[6.788s] -- Up-to-date symlink: /home/hero/Desktop/birdiebot_nav_ws/install/behaviortree_ros2/share/behaviortree_ros2/environment/path.sh
[6.788s] -- Up-to-date symlink: /home/hero/Desktop/birdiebot_nav_ws/install/behaviortree_ros2/share/behaviortree_ros2/environment/path.dsv
[6.788s] -- Up-to-date symlink: /home/hero/Desktop/birdiebot_nav_ws/install/behaviortree_ros2/share/behaviortree_ros2/local_setup.bash
[6.788s] -- Up-to-date symlink: /home/hero/Desktop/birdiebot_nav_ws/install/behaviortree_ros2/share/behaviortree_ros2/local_setup.sh
[6.788s] -- Up-to-date symlink: /home/hero/Desktop/birdiebot_nav_ws/install/behaviortree_ros2/share/behaviortree_ros2/local_setup.zsh
[6.788s] -- Up-to-date symlink: /home/hero/Desktop/birdiebot_nav_ws/install/behaviortree_ros2/share/behaviortree_ros2/local_setup.dsv
[6.788s] -- Symlinking: /home/hero/Desktop/birdiebot_nav_ws/install/behaviortree_ros2/share/behaviortree_ros2/package.dsv
[6.788s] -- Up-to-date symlink: /home/hero/Desktop/birdiebot_nav_ws/install/behaviortree_ros2/share/ament_index/resource_index/packages/behaviortree_ros2
[6.788s] -- Up-to-date symlink: /home/hero/Desktop/birdiebot_nav_ws/install/behaviortree_ros2/share/behaviortree_ros2/cmake/ament_cmake_export_include_directories-extras.cmake
[6.788s] -- Up-to-date symlink: /home/hero/Desktop/birdiebot_nav_ws/install/behaviortree_ros2/share/behaviortree_ros2/cmake/ament_cmake_export_dependencies-extras.cmake
[6.788s] -- Up-to-date symlink: /home/hero/Desktop/birdiebot_nav_ws/install/behaviortree_ros2/share/behaviortree_ros2/cmake/behaviortree_ros2Config.cmake
[6.788s] -- Up-to-date symlink: /home/hero/Desktop/birdiebot_nav_ws/install/behaviortree_ros2/share/behaviortree_ros2/cmake/behaviortree_ros2Config-version.cmake
[6.788s] -- Up-to-date symlink: /home/hero/Desktop/birdiebot_nav_ws/install/behaviortree_ros2/share/behaviortree_ros2/package.xml
[6.806s] Invoked command in '/home/hero/Desktop/birdiebot_nav_ws/build/behaviortree_ros2' returned '0': CMAKE_PREFIX_PATH=/opt/ros/humble /usr/bin/cmake --install /home/hero/Desktop/birdiebot_nav_ws/build/behaviortree_ros2
