[0.061s] Invoking command in '/home/hero/Desktop/birdiebot_nav_ws/build/linefit_ground_segmentation_ros': AMENT_PREFIX_PATH=/home/hero/Desktop/birdiebot_nav_ws/install/linefit_ground_segmentation:${AMENT_PREFIX_PATH} CMAKE_PREFIX_PATH=/home/hero/Desktop/birdiebot_nav_ws/install/linefit_ground_segmentation:/opt/ros/humble LD_LIBRARY_PATH=/home/hero/Desktop/birdiebot_nav_ws/install/linefit_ground_segmentation/lib:/opt/intel/openvino_2023.3.0/runtime/lib/intel64:/opt/MVS/lib/64:/opt/MVS/lib/32:/opt/MVS/lib/64:/opt/MVS/lib/32:/opt/intel/openvino_2023.3.0/runtime/lib/intel64:/opt/MVS/lib/64:/opt/MVS/lib/32:/usr/lib/x86_64-linux-gnu/gazebo-11/plugins:/opt/ros/humble/opt/rviz_ogre_vendor/lib:/opt/ros/humble/lib/x86_64-linux-gnu:/opt/ros/humble/opt/openvdb_vendor/lib:/opt/ros/humble/lib:/opt/MVS/lib/64:/opt/MVS/lib/32:/opt/MVS/lib/64:/opt/MVS/lib/32:/opt/MVS/lib/64:/opt/MVS/lib/32 /usr/bin/cmake --build /home/hero/Desktop/birdiebot_nav_ws/build/linefit_ground_segmentation_ros -- -j8 -l8
[0.305s] [ 25%] [32m[1mLinking CXX executable ground_segmentation_node[0m
[1.662s] [ 50%] Built target ground_segmentation_node
[1.733s] [ 75%] [32m[1mLinking CXX executable ground_segmentation_test_node[0m
[2.588s] [100%] Built target ground_segmentation_test_node
[2.638s] Invoked command in '/home/hero/Desktop/birdiebot_nav_ws/build/linefit_ground_segmentation_ros' returned '0': AMENT_PREFIX_PATH=/home/hero/Desktop/birdiebot_nav_ws/install/linefit_ground_segmentation:${AMENT_PREFIX_PATH} CMAKE_PREFIX_PATH=/home/hero/Desktop/birdiebot_nav_ws/install/linefit_ground_segmentation:/opt/ros/humble LD_LIBRARY_PATH=/home/hero/Desktop/birdiebot_nav_ws/install/linefit_ground_segmentation/lib:/opt/intel/openvino_2023.3.0/runtime/lib/intel64:/opt/MVS/lib/64:/opt/MVS/lib/32:/opt/MVS/lib/64:/opt/MVS/lib/32:/opt/intel/openvino_2023.3.0/runtime/lib/intel64:/opt/MVS/lib/64:/opt/MVS/lib/32:/usr/lib/x86_64-linux-gnu/gazebo-11/plugins:/opt/ros/humble/opt/rviz_ogre_vendor/lib:/opt/ros/humble/lib/x86_64-linux-gnu:/opt/ros/humble/opt/openvdb_vendor/lib:/opt/ros/humble/lib:/opt/MVS/lib/64:/opt/MVS/lib/32:/opt/MVS/lib/64:/opt/MVS/lib/32:/opt/MVS/lib/64:/opt/MVS/lib/32 /usr/bin/cmake --build /home/hero/Desktop/birdiebot_nav_ws/build/linefit_ground_segmentation_ros -- -j8 -l8
[2.946s] Invoking command in '/home/hero/Desktop/birdiebot_nav_ws/build/linefit_ground_segmentation_ros': AMENT_PREFIX_PATH=/home/hero/Desktop/birdiebot_nav_ws/install/linefit_ground_segmentation:${AMENT_PREFIX_PATH} CMAKE_PREFIX_PATH=/home/hero/Desktop/birdiebot_nav_ws/install/linefit_ground_segmentation:/opt/ros/humble LD_LIBRARY_PATH=/home/hero/Desktop/birdiebot_nav_ws/install/linefit_ground_segmentation/lib:/opt/intel/openvino_2023.3.0/runtime/lib/intel64:/opt/MVS/lib/64:/opt/MVS/lib/32:/opt/MVS/lib/64:/opt/MVS/lib/32:/opt/intel/openvino_2023.3.0/runtime/lib/intel64:/opt/MVS/lib/64:/opt/MVS/lib/32:/usr/lib/x86_64-linux-gnu/gazebo-11/plugins:/opt/ros/humble/opt/rviz_ogre_vendor/lib:/opt/ros/humble/lib/x86_64-linux-gnu:/opt/ros/humble/opt/openvdb_vendor/lib:/opt/ros/humble/lib:/opt/MVS/lib/64:/opt/MVS/lib/32:/opt/MVS/lib/64:/opt/MVS/lib/32:/opt/MVS/lib/64:/opt/MVS/lib/32 /usr/bin/cmake --install /home/hero/Desktop/birdiebot_nav_ws/build/linefit_ground_segmentation_ros
[6.914s] -- Install configuration: ""
[6.914s] -- Execute custom install script
[6.914s] -- Up-to-date symlink: /home/hero/Desktop/birdiebot_nav_ws/install/linefit_ground_segmentation_ros/lib/linefit_ground_segmentation_ros/ground_segmentation_node
[6.914s] -- Up-to-date symlink: /home/hero/Desktop/birdiebot_nav_ws/install/linefit_ground_segmentation_ros/lib/linefit_ground_segmentation_ros/ground_segmentation_test_node
[6.914s] -- Up-to-date symlink: /home/hero/Desktop/birdiebot_nav_ws/install/linefit_ground_segmentation_ros/share/linefit_ground_segmentation_ros/launch/segmentation.launch.py
[6.914s] -- Up-to-date symlink: /home/hero/Desktop/birdiebot_nav_ws/install/linefit_ground_segmentation_ros/share/linefit_ground_segmentation_ros/launch/segmentation_params.yaml
[6.914s] -- Up-to-date symlink: /home/hero/Desktop/birdiebot_nav_ws/install/linefit_ground_segmentation_ros/share/linefit_ground_segmentation_ros/launch/test.launch.py
[6.914s] -- Up-to-date symlink: /home/hero/Desktop/birdiebot_nav_ws/install/linefit_ground_segmentation_ros/share/ament_index/resource_index/package_run_dependencies/linefit_ground_segmentation_ros
[6.914s] -- Up-to-date symlink: /home/hero/Desktop/birdiebot_nav_ws/install/linefit_ground_segmentation_ros/share/ament_index/resource_index/parent_prefix_path/linefit_ground_segmentation_ros
[6.914s] -- Up-to-date symlink: /home/hero/Desktop/birdiebot_nav_ws/install/linefit_ground_segmentation_ros/share/linefit_ground_segmentation_ros/environment/ament_prefix_path.sh
[6.914s] -- Up-to-date symlink: /home/hero/Desktop/birdiebot_nav_ws/install/linefit_ground_segmentation_ros/share/linefit_ground_segmentation_ros/environment/ament_prefix_path.dsv
[6.914s] -- Up-to-date symlink: /home/hero/Desktop/birdiebot_nav_ws/install/linefit_ground_segmentation_ros/share/linefit_ground_segmentation_ros/environment/path.sh
[6.914s] -- Up-to-date symlink: /home/hero/Desktop/birdiebot_nav_ws/install/linefit_ground_segmentation_ros/share/linefit_ground_segmentation_ros/environment/path.dsv
[6.914s] -- Up-to-date symlink: /home/hero/Desktop/birdiebot_nav_ws/install/linefit_ground_segmentation_ros/share/linefit_ground_segmentation_ros/local_setup.bash
[6.914s] -- Up-to-date symlink: /home/hero/Desktop/birdiebot_nav_ws/install/linefit_ground_segmentation_ros/share/linefit_ground_segmentation_ros/local_setup.sh
[6.915s] -- Up-to-date symlink: /home/hero/Desktop/birdiebot_nav_ws/install/linefit_ground_segmentation_ros/share/linefit_ground_segmentation_ros/local_setup.zsh
[6.915s] -- Up-to-date symlink: /home/hero/Desktop/birdiebot_nav_ws/install/linefit_ground_segmentation_ros/share/linefit_ground_segmentation_ros/local_setup.dsv
[6.915s] -- Symlinking: /home/hero/Desktop/birdiebot_nav_ws/install/linefit_ground_segmentation_ros/share/linefit_ground_segmentation_ros/package.dsv
[6.915s] -- Up-to-date symlink: /home/hero/Desktop/birdiebot_nav_ws/install/linefit_ground_segmentation_ros/share/ament_index/resource_index/packages/linefit_ground_segmentation_ros
[6.915s] -- Up-to-date symlink: /home/hero/Desktop/birdiebot_nav_ws/install/linefit_ground_segmentation_ros/share/linefit_ground_segmentation_ros/cmake/ament_cmake_export_dependencies-extras.cmake
[6.915s] -- Up-to-date symlink: /home/hero/Desktop/birdiebot_nav_ws/install/linefit_ground_segmentation_ros/share/linefit_ground_segmentation_ros/cmake/linefit_ground_segmentation_rosConfig.cmake
[6.915s] -- Up-to-date symlink: /home/hero/Desktop/birdiebot_nav_ws/install/linefit_ground_segmentation_ros/share/linefit_ground_segmentation_ros/cmake/linefit_ground_segmentation_rosConfig-version.cmake
[6.915s] -- Up-to-date symlink: /home/hero/Desktop/birdiebot_nav_ws/install/linefit_ground_segmentation_ros/share/linefit_ground_segmentation_ros/package.xml
[6.946s] Invoked command in '/home/hero/Desktop/birdiebot_nav_ws/build/linefit_ground_segmentation_ros' returned '0': AMENT_PREFIX_PATH=/home/hero/Desktop/birdiebot_nav_ws/install/linefit_ground_segmentation:${AMENT_PREFIX_PATH} CMAKE_PREFIX_PATH=/home/hero/Desktop/birdiebot_nav_ws/install/linefit_ground_segmentation:/opt/ros/humble LD_LIBRARY_PATH=/home/hero/Desktop/birdiebot_nav_ws/install/linefit_ground_segmentation/lib:/opt/intel/openvino_2023.3.0/runtime/lib/intel64:/opt/MVS/lib/64:/opt/MVS/lib/32:/opt/MVS/lib/64:/opt/MVS/lib/32:/opt/intel/openvino_2023.3.0/runtime/lib/intel64:/opt/MVS/lib/64:/opt/MVS/lib/32:/usr/lib/x86_64-linux-gnu/gazebo-11/plugins:/opt/ros/humble/opt/rviz_ogre_vendor/lib:/opt/ros/humble/lib/x86_64-linux-gnu:/opt/ros/humble/opt/openvdb_vendor/lib:/opt/ros/humble/lib:/opt/MVS/lib/64:/opt/MVS/lib/32:/opt/MVS/lib/64:/opt/MVS/lib/32:/opt/MVS/lib/64:/opt/MVS/lib/32 /usr/bin/cmake --install /home/hero/Desktop/birdiebot_nav_ws/build/linefit_ground_segmentation_ros
