[0.010s] Invoking command in '/home/hero/Desktop/birdiebot_nav_ws/build/dip_angle': CMAKE_PREFIX_PATH=/opt/ros/humble /usr/bin/cmake --build /home/hero/Desktop/birdiebot_nav_ws/build/dip_angle -- -j8 -l8
[0.083s] [100%] Built target dip_angle
[0.102s] Invoked command in '/home/hero/Desktop/birdiebot_nav_ws/build/dip_angle' returned '0': CMAKE_PREFIX_PATH=/opt/ros/humble /usr/bin/cmake --build /home/hero/Desktop/birdiebot_nav_ws/build/dip_angle -- -j8 -l8
[0.174s] Invoking command in '/home/hero/Desktop/birdiebot_nav_ws/build/dip_angle': CMAKE_PREFIX_PATH=/opt/ros/humble /usr/bin/cmake --install /home/hero/Desktop/birdiebot_nav_ws/build/dip_angle
[0.182s] -- Install configuration: ""
[0.185s] -- Execute custom install script
[0.186s] -- Up-to-date symlink: /home/hero/Desktop/birdiebot_nav_ws/install/dip_angle/lib/dip_angle/dip_angle
[0.186s] -- Up-to-date symlink: /home/hero/Desktop/birdiebot_nav_ws/install/dip_angle/share/ament_index/resource_index/package_run_dependencies/dip_angle
[0.186s] -- Up-to-date symlink: /home/hero/Desktop/birdiebot_nav_ws/install/dip_angle/share/ament_index/resource_index/parent_prefix_path/dip_angle
[0.186s] -- Up-to-date symlink: /home/hero/Desktop/birdiebot_nav_ws/install/dip_angle/share/dip_angle/environment/ament_prefix_path.sh
[0.186s] -- Up-to-date symlink: /home/hero/Desktop/birdiebot_nav_ws/install/dip_angle/share/dip_angle/environment/ament_prefix_path.dsv
[0.186s] -- Up-to-date symlink: /home/hero/Desktop/birdiebot_nav_ws/install/dip_angle/share/dip_angle/environment/path.sh
[0.186s] -- Up-to-date symlink: /home/hero/Desktop/birdiebot_nav_ws/install/dip_angle/share/dip_angle/environment/path.dsv
[0.186s] -- Up-to-date symlink: /home/hero/Desktop/birdiebot_nav_ws/install/dip_angle/share/dip_angle/local_setup.bash
[0.186s] -- Up-to-date symlink: /home/hero/Desktop/birdiebot_nav_ws/install/dip_angle/share/dip_angle/local_setup.sh
[0.186s] -- Up-to-date symlink: /home/hero/Desktop/birdiebot_nav_ws/install/dip_angle/share/dip_angle/local_setup.zsh
[0.186s] -- Up-to-date symlink: /home/hero/Desktop/birdiebot_nav_ws/install/dip_angle/share/dip_angle/local_setup.dsv
[0.186s] -- Symlinking: /home/hero/Desktop/birdiebot_nav_ws/install/dip_angle/share/dip_angle/package.dsv
[0.200s] -- Up-to-date symlink: /home/hero/Desktop/birdiebot_nav_ws/install/dip_angle/share/ament_index/resource_index/packages/dip_angle
[0.201s] -- Up-to-date symlink: /home/hero/Desktop/birdiebot_nav_ws/install/dip_angle/share/dip_angle/cmake/ament_cmake_export_dependencies-extras.cmake
[0.201s] -- Up-to-date symlink: /home/hero/Desktop/birdiebot_nav_ws/install/dip_angle/share/dip_angle/cmake/dip_angleConfig.cmake
[0.201s] -- Up-to-date symlink: /home/hero/Desktop/birdiebot_nav_ws/install/dip_angle/share/dip_angle/cmake/dip_angleConfig-version.cmake
[0.201s] -- Up-to-date symlink: /home/hero/Desktop/birdiebot_nav_ws/install/dip_angle/share/dip_angle/package.xml
[0.206s] Invoked command in '/home/hero/Desktop/birdiebot_nav_ws/build/dip_angle' returned '0': CMAKE_PREFIX_PATH=/opt/ros/humble /usr/bin/cmake --install /home/hero/Desktop/birdiebot_nav_ws/build/dip_angle
