[0.019s] Invoking command in '/home/hero/Desktop/birdiebot_nav_ws/build/rm_gimbal_description': CMAKE_PREFIX_PATH=/opt/ros/humble /usr/bin/cmake --build /home/hero/Desktop/birdiebot_nav_ws/build/rm_gimbal_description -- -j8 -l8
[0.088s] -- Found ament_cmake: 1.3.12 (/opt/ros/humble/share/ament_cmake/cmake)
[0.262s] -- Override CMake install command with custom implementation using symlinks instead of copying resources
[0.279s] -- Found ament_lint_auto: 0.12.14 (/opt/ros/humble/share/ament_lint_auto/cmake)
[0.384s] -- Added test 'lint_cmake' to check CMake code style
[0.385s] -- Added test 'xmllint' to check XML markup files
[0.388s] -- Configuring done
[0.408s] -- Generating done
[0.408s] -- Build files have been written to: /home/hero/Desktop/birdiebot_nav_ws/build/rm_gimbal_description
[0.472s] Invoked command in '/home/hero/Desktop/birdiebot_nav_ws/build/rm_gimbal_description' returned '0': CMAKE_PREFIX_PATH=/opt/ros/humble /usr/bin/cmake --build /home/hero/Desktop/birdiebot_nav_ws/build/rm_gimbal_description -- -j8 -l8
[0.567s] Invoking command in '/home/hero/Desktop/birdiebot_nav_ws/build/rm_gimbal_description': CMAKE_PREFIX_PATH=/opt/ros/humble /usr/bin/cmake --install /home/hero/Desktop/birdiebot_nav_ws/build/rm_gimbal_description
[0.595s] -- Install configuration: ""
[0.595s] -- Execute custom install script
[0.595s] -- Up-to-date symlink: /home/hero/Desktop/birdiebot_nav_ws/install/rm_gimbal_description/share/rm_gimbal_description/urdf/rm_gimbal.urdf.xacro
[0.595s] -- Up-to-date symlink: /home/hero/Desktop/birdiebot_nav_ws/install/rm_gimbal_description/share/ament_index/resource_index/package_run_dependencies/rm_gimbal_description
[0.595s] -- Up-to-date symlink: /home/hero/Desktop/birdiebot_nav_ws/install/rm_gimbal_description/share/ament_index/resource_index/parent_prefix_path/rm_gimbal_description
[0.595s] -- Up-to-date symlink: /home/hero/Desktop/birdiebot_nav_ws/install/rm_gimbal_description/share/rm_gimbal_description/environment/ament_prefix_path.sh
[0.595s] -- Up-to-date symlink: /home/hero/Desktop/birdiebot_nav_ws/install/rm_gimbal_description/share/rm_gimbal_description/environment/ament_prefix_path.dsv
[0.595s] -- Up-to-date symlink: /home/hero/Desktop/birdiebot_nav_ws/install/rm_gimbal_description/share/rm_gimbal_description/environment/path.sh
[0.595s] -- Up-to-date symlink: /home/hero/Desktop/birdiebot_nav_ws/install/rm_gimbal_description/share/rm_gimbal_description/environment/path.dsv
[0.595s] -- Up-to-date symlink: /home/hero/Desktop/birdiebot_nav_ws/install/rm_gimbal_description/share/rm_gimbal_description/local_setup.bash
[0.595s] -- Up-to-date symlink: /home/hero/Desktop/birdiebot_nav_ws/install/rm_gimbal_description/share/rm_gimbal_description/local_setup.sh
[0.595s] -- Up-to-date symlink: /home/hero/Desktop/birdiebot_nav_ws/install/rm_gimbal_description/share/rm_gimbal_description/local_setup.zsh
[0.595s] -- Up-to-date symlink: /home/hero/Desktop/birdiebot_nav_ws/install/rm_gimbal_description/share/rm_gimbal_description/local_setup.dsv
[0.595s] -- Symlinking: /home/hero/Desktop/birdiebot_nav_ws/install/rm_gimbal_description/share/rm_gimbal_description/package.dsv
[0.600s] -- Up-to-date symlink: /home/hero/Desktop/birdiebot_nav_ws/install/rm_gimbal_description/share/ament_index/resource_index/packages/rm_gimbal_description
[0.600s] -- Up-to-date symlink: /home/hero/Desktop/birdiebot_nav_ws/install/rm_gimbal_description/share/rm_gimbal_description/cmake/rm_gimbal_descriptionConfig.cmake
[0.600s] -- Up-to-date symlink: /home/hero/Desktop/birdiebot_nav_ws/install/rm_gimbal_description/share/rm_gimbal_description/cmake/rm_gimbal_descriptionConfig-version.cmake
[0.600s] -- Up-to-date symlink: /home/hero/Desktop/birdiebot_nav_ws/install/rm_gimbal_description/share/rm_gimbal_description/package.xml
[0.623s] Invoked command in '/home/hero/Desktop/birdiebot_nav_ws/build/rm_gimbal_description' returned '0': CMAKE_PREFIX_PATH=/opt/ros/humble /usr/bin/cmake --install /home/hero/Desktop/birdiebot_nav_ws/build/rm_gimbal_description
