[0.050s] Invoking command in '/home/hero/Desktop/birdiebot_nav_ws/build/fake_vel_transform': CMAKE_PREFIX_PATH=/opt/ros/humble /usr/bin/cmake --build /home/hero/Desktop/birdiebot_nav_ws/build/fake_vel_transform -- -j8 -l8
[0.106s] -- Found ament_cmake_auto: 1.3.12 (/opt/ros/humble/share/ament_cmake_auto/cmake)
[0.383s] -- Override CMake install command with custom implementation using symlinks instead of copying resources
[0.572s] -- Found rosidl_generator_c: 3.1.7 (/opt/ros/humble/share/rosidl_generator_c/cmake)
[0.583s] -- Found rosidl_adapter: 3.1.7 (/opt/ros/humble/share/rosidl_adapter/cmake)
[0.583s] -- Found rosidl_generator_cpp: 3.1.7 (/opt/ros/humble/share/rosidl_generator_cpp/cmake)
[0.625s] -- Using all available rosidl_typesupport_c: rosidl_typesupport_fastrtps_c;rosidl_typesupport_introspection_c
[0.625s] -- Using all available rosidl_typesupport_cpp: rosidl_typesupport_fastrtps_cpp;rosidl_typesupport_introspection_cpp
[0.713s] -- Found rmw_implementation_cmake: 6.1.2 (/opt/ros/humble/share/rmw_implementation_cmake/cmake)
[0.714s] -- Found rmw_fastrtps_cpp: 6.2.8 (/opt/ros/humble/share/rmw_fastrtps_cpp/cmake)
[0.965s] -- Using RMW implementation 'rmw_fastrtps_cpp' as default
[1.410s] -- Found eigen3_cmake_module: 0.1.1 (/opt/ros/humble/share/eigen3_cmake_module/cmake)
[1.411s] -- Ensuring Eigen3 include directory is part of orocos-kdl CMake target
[1.433s] -- Found ament_lint_auto: 0.12.14 (/opt/ros/humble/share/ament_lint_auto/cmake)
[1.481s] [0mIn this package, headers install destination is set to `include` by ament_auto_package. It is recommended to install `include/fake_vel_transform` instead and will be the default behavior of ament_auto_package from ROS 2 Kilted Kaiju. On distributions before Kilted, ament_auto_package behaves the same way when you use USE_SCOPED_HEADER_INSTALL_DIR option.[0m
[1.505s] -- Added test 'cppcheck' to perform static code analysis on C / C++ code
[1.506s] -- Configured cppcheck include dirs: /home/hero/Desktop/birdiebot_nav_ws/src/rm_slam/src/rm_navigation/fake_vel_transform/include
[1.506s] -- Configured cppcheck exclude dirs and/or files: 
[1.507s] -- Added test 'cpplint' to check C / C++ code against the Google style
[1.507s] -- Configured cpplint exclude dirs and/or files: 
[1.508s] -- Added test 'flake8' to check Python code syntax and style conventions
[1.509s] -- Added test 'lint_cmake' to check CMake code style
[1.517s] -- Added test 'pep257' to check Python code against some of the docstring style conventions in PEP 257
[1.518s] -- Added test 'xmllint' to check XML markup files
[1.531s] -- Configuring done
[1.590s] -- Generating done
[1.595s] -- Build files have been written to: /home/hero/Desktop/birdiebot_nav_ws/build/fake_vel_transform
[1.731s] [35m[1mConsolidate compiler generated dependencies of target fake_vel_transform[0m
[1.756s] [35m[1mConsolidate compiler generated dependencies of target fake_vel_transform_node[0m
[1.821s] [ 50%] Built target fake_vel_transform
[1.892s] [ 75%] [32mBuilding CXX object CMakeFiles/fake_vel_transform_node.dir/rclcpp_components/node_main_fake_vel_transform_node.cpp.o[0m
[7.388s] [100%] [32m[1mLinking CXX executable fake_vel_transform_node[0m
[7.721s] [100%] Built target fake_vel_transform_node
[7.795s] Invoked command in '/home/hero/Desktop/birdiebot_nav_ws/build/fake_vel_transform' returned '0': CMAKE_PREFIX_PATH=/opt/ros/humble /usr/bin/cmake --build /home/hero/Desktop/birdiebot_nav_ws/build/fake_vel_transform -- -j8 -l8
[8.125s] Invoking command in '/home/hero/Desktop/birdiebot_nav_ws/build/fake_vel_transform': CMAKE_PREFIX_PATH=/opt/ros/humble /usr/bin/cmake --install /home/hero/Desktop/birdiebot_nav_ws/build/fake_vel_transform
[8.650s] -- Install configuration: ""
[8.650s] -- Execute custom install script
[8.651s] -- Up-to-date symlink: /home/hero/Desktop/birdiebot_nav_ws/install/fake_vel_transform/lib/fake_vel_transform/fake_vel_transform_node
[8.651s] -- Up-to-date symlink: /home/hero/Desktop/birdiebot_nav_ws/install/fake_vel_transform/include/fake_vel_transform/fake_vel_transform.hpp
[8.652s] -- Up-to-date symlink: /home/hero/Desktop/birdiebot_nav_ws/install/fake_vel_transform/share/fake_vel_transform/environment/library_path.sh
[8.652s] -- Up-to-date symlink: /home/hero/Desktop/birdiebot_nav_ws/install/fake_vel_transform/share/fake_vel_transform/environment/library_path.dsv
[8.652s] -- Up-to-date symlink: /home/hero/Desktop/birdiebot_nav_ws/install/fake_vel_transform/lib/libfake_vel_transform.so
[8.653s] -- Up-to-date symlink: /home/hero/Desktop/birdiebot_nav_ws/install/fake_vel_transform/share/fake_vel_transform/launch/fake_vel_transform.launch.py
[8.653s] -- Up-to-date symlink: /home/hero/Desktop/birdiebot_nav_ws/install/fake_vel_transform/share/ament_index/resource_index/package_run_dependencies/fake_vel_transform
[8.653s] -- Up-to-date symlink: /home/hero/Desktop/birdiebot_nav_ws/install/fake_vel_transform/share/ament_index/resource_index/parent_prefix_path/fake_vel_transform
[8.653s] -- Up-to-date symlink: /home/hero/Desktop/birdiebot_nav_ws/install/fake_vel_transform/share/fake_vel_transform/environment/ament_prefix_path.sh
[8.653s] -- Up-to-date symlink: /home/hero/Desktop/birdiebot_nav_ws/install/fake_vel_transform/share/fake_vel_transform/environment/ament_prefix_path.dsv
[8.653s] -- Up-to-date symlink: /home/hero/Desktop/birdiebot_nav_ws/install/fake_vel_transform/share/fake_vel_transform/environment/path.sh
[8.653s] -- Up-to-date symlink: /home/hero/Desktop/birdiebot_nav_ws/install/fake_vel_transform/share/fake_vel_transform/environment/path.dsv
[8.653s] -- Up-to-date symlink: /home/hero/Desktop/birdiebot_nav_ws/install/fake_vel_transform/share/fake_vel_transform/local_setup.bash
[8.653s] -- Up-to-date symlink: /home/hero/Desktop/birdiebot_nav_ws/install/fake_vel_transform/share/fake_vel_transform/local_setup.sh
[8.653s] -- Up-to-date symlink: /home/hero/Desktop/birdiebot_nav_ws/install/fake_vel_transform/share/fake_vel_transform/local_setup.zsh
[8.653s] -- Up-to-date symlink: /home/hero/Desktop/birdiebot_nav_ws/install/fake_vel_transform/share/fake_vel_transform/local_setup.dsv
[8.653s] -- Symlinking: /home/hero/Desktop/birdiebot_nav_ws/install/fake_vel_transform/share/fake_vel_transform/package.dsv
[8.653s] -- Up-to-date symlink: /home/hero/Desktop/birdiebot_nav_ws/install/fake_vel_transform/share/ament_index/resource_index/packages/fake_vel_transform
[8.653s] -- Up-to-date symlink: /home/hero/Desktop/birdiebot_nav_ws/install/fake_vel_transform/share/ament_index/resource_index/rclcpp_components/fake_vel_transform
[8.653s] -- Up-to-date symlink: /home/hero/Desktop/birdiebot_nav_ws/install/fake_vel_transform/share/fake_vel_transform/cmake/ament_cmake_export_dependencies-extras.cmake
[8.653s] -- Up-to-date symlink: /home/hero/Desktop/birdiebot_nav_ws/install/fake_vel_transform/share/fake_vel_transform/cmake/ament_cmake_export_include_directories-extras.cmake
[8.654s] -- Up-to-date symlink: /home/hero/Desktop/birdiebot_nav_ws/install/fake_vel_transform/share/fake_vel_transform/cmake/ament_cmake_export_libraries-extras.cmake
[8.654s] -- Up-to-date symlink: /home/hero/Desktop/birdiebot_nav_ws/install/fake_vel_transform/share/fake_vel_transform/cmake/fake_vel_transformConfig.cmake
[8.654s] -- Up-to-date symlink: /home/hero/Desktop/birdiebot_nav_ws/install/fake_vel_transform/share/fake_vel_transform/cmake/fake_vel_transformConfig-version.cmake
[8.654s] -- Up-to-date symlink: /home/hero/Desktop/birdiebot_nav_ws/install/fake_vel_transform/share/fake_vel_transform/package.xml
[8.670s] Invoked command in '/home/hero/Desktop/birdiebot_nav_ws/build/fake_vel_transform' returned '0': CMAKE_PREFIX_PATH=/opt/ros/humble /usr/bin/cmake --install /home/hero/Desktop/birdiebot_nav_ws/build/fake_vel_transform
