[0.113s] Invoking command in '/home/hero/Desktop/birdiebot_nav_ws/build/armor_tracker': AMENT_PREFIX_PATH=/home/hero/Desktop/birdiebot_nav_ws/install/auto_aim_interfaces:${AMENT_PREFIX_PATH} CMAKE_PREFIX_PATH=/home/hero/Desktop/birdiebot_nav_ws/install/auto_aim_interfaces:/opt/ros/humble LD_LIBRARY_PATH=/home/hero/Desktop/birdiebot_nav_ws/install/auto_aim_interfaces/lib:/opt/intel/openvino_2023.3.0/runtime/lib/intel64:/opt/MVS/lib/64:/opt/MVS/lib/32:/opt/intel/openvino_2023.3.0/runtime/lib/intel64:/opt/MVS/lib/64:/opt/MVS/lib/32:/usr/lib/x86_64-linux-gnu/gazebo-11/plugins:/opt/ros/humble/opt/rviz_ogre_vendor/lib:/opt/ros/humble/lib/x86_64-linux-gnu:/opt/ros/humble/opt/openvdb_vendor/lib:/opt/ros/humble/lib:/opt/MVS/lib/64:/opt/MVS/lib/32:/opt/MVS/lib/64:/opt/MVS/lib/32 PYTHONPATH=/home/hero/Desktop/birdiebot_nav_ws/install/auto_aim_interfaces/local/lib/python3.10/dist-packages:${PYTHONPATH} /usr/bin/cmake --build /home/hero/Desktop/birdiebot_nav_ws/build/armor_tracker -- -j8 -l8
[10.238s] -- Found ament_cmake_auto: 1.3.12 (/opt/ros/humble/share/ament_cmake_auto/cmake)
[10.238s] -- Override CMake install command with custom implementation using symlinks instead of copying resources
[10.238s] -- Found rosidl_generator_c: 3.1.7 (/opt/ros/humble/share/rosidl_generator_c/cmake)
[10.238s] -- Found rosidl_adapter: 3.1.7 (/opt/ros/humble/share/rosidl_adapter/cmake)
[10.238s] -- Found rosidl_generator_cpp: 3.1.7 (/opt/ros/humble/share/rosidl_generator_cpp/cmake)
[10.238s] -- Using all available rosidl_typesupport_c: rosidl_typesupport_fastrtps_c;rosidl_typesupport_introspection_c
[10.238s] -- Using all available rosidl_typesupport_cpp: rosidl_typesupport_fastrtps_cpp;rosidl_typesupport_introspection_cpp
[10.238s] -- Found rmw_implementation_cmake: 6.1.2 (/opt/ros/humble/share/rmw_implementation_cmake/cmake)
[10.238s] -- Found rmw_fastrtps_cpp: 6.2.8 (/opt/ros/humble/share/rmw_fastrtps_cpp/cmake)
[10.238s] -- Using RMW implementation 'rmw_fastrtps_cpp' as default
[10.238s] -- Found eigen3_cmake_module: 0.1.1 (/opt/ros/humble/share/eigen3_cmake_module/cmake)
[10.238s] -- Ensuring Eigen3 include directory is part of orocos-kdl CMake target
[10.238s] -- Found ament_lint_auto: 0.12.14 (/opt/ros/humble/share/ament_lint_auto/cmake)
[10.238s] -- Added test 'cppcheck' to perform static code analysis on C / C++ code
[10.239s] -- Configured cppcheck include dirs: /home/hero/Desktop/birdiebot_nav_ws/src/rm_auto_aim/armor_tracker/include
[10.239s] -- Configured cppcheck exclude dirs and/or files: 
[10.239s] -- Added test 'lint_cmake' to check CMake code style
[10.239s] -- Added test 'xmllint' to check XML markup files
[10.239s] -- Configuring done
[10.239s] -- Generating done
[10.239s] -- Build files have been written to: /home/hero/Desktop/birdiebot_nav_ws/build/armor_tracker
[10.239s] [35m[1mConsolidate compiler generated dependencies of target armor_tracker_node[0m
[10.239s] [35m[1mConsolidate compiler generated dependencies of target armor_tracker[0m
[10.239s] [ 16%] [32mBuilding CXX object CMakeFiles/armor_tracker_node.dir/rclcpp_components/node_main_armor_tracker_node.cpp.o[0m
[10.239s] [ 33%] [32mBuilding CXX object CMakeFiles/armor_tracker.dir/src/tracker.cpp.o[0m
[10.239s] [ 50%] [32mBuilding CXX object CMakeFiles/armor_tracker.dir/src/tracker_node.cpp.o[0m
[10.239s] [ 66%] [32m[1mLinking CXX executable armor_tracker_node[0m
[10.239s] [ 66%] Built target armor_tracker_node
[10.247s] [0mIn this package, headers install destination is set to `include` by ament_auto_package. It is recommended to install `include/armor_tracker` instead and will be the default behavior of ament_auto_package from ROS 2 Kilted Kaiju. On distributions before Kilted, ament_auto_package behaves the same way when you use USE_SCOPED_HEADER_INSTALL_DIR option.[0m
[20.681s] [ 83%] [32m[1mLinking CXX shared library libarmor_tracker.so[0m
[22.470s] [100%] Built target armor_tracker
[22.510s] Invoked command in '/home/hero/Desktop/birdiebot_nav_ws/build/armor_tracker' returned '0': AMENT_PREFIX_PATH=/home/hero/Desktop/birdiebot_nav_ws/install/auto_aim_interfaces:${AMENT_PREFIX_PATH} CMAKE_PREFIX_PATH=/home/hero/Desktop/birdiebot_nav_ws/install/auto_aim_interfaces:/opt/ros/humble LD_LIBRARY_PATH=/home/hero/Desktop/birdiebot_nav_ws/install/auto_aim_interfaces/lib:/opt/intel/openvino_2023.3.0/runtime/lib/intel64:/opt/MVS/lib/64:/opt/MVS/lib/32:/opt/intel/openvino_2023.3.0/runtime/lib/intel64:/opt/MVS/lib/64:/opt/MVS/lib/32:/usr/lib/x86_64-linux-gnu/gazebo-11/plugins:/opt/ros/humble/opt/rviz_ogre_vendor/lib:/opt/ros/humble/lib/x86_64-linux-gnu:/opt/ros/humble/opt/openvdb_vendor/lib:/opt/ros/humble/lib:/opt/MVS/lib/64:/opt/MVS/lib/32:/opt/MVS/lib/64:/opt/MVS/lib/32 PYTHONPATH=/home/hero/Desktop/birdiebot_nav_ws/install/auto_aim_interfaces/local/lib/python3.10/dist-packages:${PYTHONPATH} /usr/bin/cmake --build /home/hero/Desktop/birdiebot_nav_ws/build/armor_tracker -- -j8 -l8
[22.744s] Invoking command in '/home/hero/Desktop/birdiebot_nav_ws/build/armor_tracker': AMENT_PREFIX_PATH=/home/hero/Desktop/birdiebot_nav_ws/install/auto_aim_interfaces:${AMENT_PREFIX_PATH} CMAKE_PREFIX_PATH=/home/hero/Desktop/birdiebot_nav_ws/install/auto_aim_interfaces:/opt/ros/humble LD_LIBRARY_PATH=/home/hero/Desktop/birdiebot_nav_ws/install/auto_aim_interfaces/lib:/opt/intel/openvino_2023.3.0/runtime/lib/intel64:/opt/MVS/lib/64:/opt/MVS/lib/32:/opt/intel/openvino_2023.3.0/runtime/lib/intel64:/opt/MVS/lib/64:/opt/MVS/lib/32:/usr/lib/x86_64-linux-gnu/gazebo-11/plugins:/opt/ros/humble/opt/rviz_ogre_vendor/lib:/opt/ros/humble/lib/x86_64-linux-gnu:/opt/ros/humble/opt/openvdb_vendor/lib:/opt/ros/humble/lib:/opt/MVS/lib/64:/opt/MVS/lib/32:/opt/MVS/lib/64:/opt/MVS/lib/32 PYTHONPATH=/home/hero/Desktop/birdiebot_nav_ws/install/auto_aim_interfaces/local/lib/python3.10/dist-packages:${PYTHONPATH} /usr/bin/cmake --install /home/hero/Desktop/birdiebot_nav_ws/build/armor_tracker
[39.559s] -- Install configuration: ""
[39.559s] -- Execute custom install script
[39.560s] -- Up-to-date symlink: /home/hero/Desktop/birdiebot_nav_ws/install/armor_tracker/lib/armor_tracker/armor_tracker_node
[39.560s] -- Up-to-date symlink: /home/hero/Desktop/birdiebot_nav_ws/install/armor_tracker/include/armor_tracker/extended_kalman_filter.hpp
[39.560s] -- Up-to-date symlink: /home/hero/Desktop/birdiebot_nav_ws/install/armor_tracker/include/armor_tracker/tracker.hpp
[39.560s] -- Up-to-date symlink: /home/hero/Desktop/birdiebot_nav_ws/install/armor_tracker/include/armor_tracker/tracker_node.hpp
[39.560s] -- Up-to-date symlink: /home/hero/Desktop/birdiebot_nav_ws/install/armor_tracker/share/armor_tracker/environment/library_path.sh
[39.560s] -- Up-to-date symlink: /home/hero/Desktop/birdiebot_nav_ws/install/armor_tracker/share/armor_tracker/environment/library_path.dsv
[39.560s] -- Up-to-date symlink: /home/hero/Desktop/birdiebot_nav_ws/install/armor_tracker/lib/libarmor_tracker.so
[39.560s] -- Up-to-date symlink: /home/hero/Desktop/birdiebot_nav_ws/install/armor_tracker/share/ament_index/resource_index/package_run_dependencies/armor_tracker
[39.560s] -- Up-to-date symlink: /home/hero/Desktop/birdiebot_nav_ws/install/armor_tracker/share/ament_index/resource_index/parent_prefix_path/armor_tracker
[39.560s] -- Up-to-date symlink: /home/hero/Desktop/birdiebot_nav_ws/install/armor_tracker/share/armor_tracker/environment/ament_prefix_path.sh
[39.560s] -- Up-to-date symlink: /home/hero/Desktop/birdiebot_nav_ws/install/armor_tracker/share/armor_tracker/environment/ament_prefix_path.dsv
[39.560s] -- Up-to-date symlink: /home/hero/Desktop/birdiebot_nav_ws/install/armor_tracker/share/armor_tracker/environment/path.sh
[39.560s] -- Up-to-date symlink: /home/hero/Desktop/birdiebot_nav_ws/install/armor_tracker/share/armor_tracker/environment/path.dsv
[39.560s] -- Up-to-date symlink: /home/hero/Desktop/birdiebot_nav_ws/install/armor_tracker/share/armor_tracker/local_setup.bash
[39.561s] -- Up-to-date symlink: /home/hero/Desktop/birdiebot_nav_ws/install/armor_tracker/share/armor_tracker/local_setup.sh
[39.561s] -- Up-to-date symlink: /home/hero/Desktop/birdiebot_nav_ws/install/armor_tracker/share/armor_tracker/local_setup.zsh
[39.561s] -- Up-to-date symlink: /home/hero/Desktop/birdiebot_nav_ws/install/armor_tracker/share/armor_tracker/local_setup.dsv
[39.561s] -- Symlinking: /home/hero/Desktop/birdiebot_nav_ws/install/armor_tracker/share/armor_tracker/package.dsv
[39.561s] -- Up-to-date symlink: /home/hero/Desktop/birdiebot_nav_ws/install/armor_tracker/share/ament_index/resource_index/packages/armor_tracker
[39.561s] -- Up-to-date symlink: /home/hero/Desktop/birdiebot_nav_ws/install/armor_tracker/share/ament_index/resource_index/rclcpp_components/armor_tracker
[39.561s] -- Up-to-date symlink: /home/hero/Desktop/birdiebot_nav_ws/install/armor_tracker/share/armor_tracker/cmake/ament_cmake_export_dependencies-extras.cmake
[39.561s] -- Up-to-date symlink: /home/hero/Desktop/birdiebot_nav_ws/install/armor_tracker/share/armor_tracker/cmake/ament_cmake_export_include_directories-extras.cmake
[39.561s] -- Up-to-date symlink: /home/hero/Desktop/birdiebot_nav_ws/install/armor_tracker/share/armor_tracker/cmake/ament_cmake_export_libraries-extras.cmake
[39.561s] -- Up-to-date symlink: /home/hero/Desktop/birdiebot_nav_ws/install/armor_tracker/share/armor_tracker/cmake/armor_trackerConfig.cmake
[39.561s] -- Up-to-date symlink: /home/hero/Desktop/birdiebot_nav_ws/install/armor_tracker/share/armor_tracker/cmake/armor_trackerConfig-version.cmake
[39.561s] -- Up-to-date symlink: /home/hero/Desktop/birdiebot_nav_ws/install/armor_tracker/share/armor_tracker/package.xml
[39.561s] Invoked command in '/home/hero/Desktop/birdiebot_nav_ws/build/armor_tracker' returned '0': AMENT_PREFIX_PATH=/home/hero/Desktop/birdiebot_nav_ws/install/auto_aim_interfaces:${AMENT_PREFIX_PATH} CMAKE_PREFIX_PATH=/home/hero/Desktop/birdiebot_nav_ws/install/auto_aim_interfaces:/opt/ros/humble LD_LIBRARY_PATH=/home/hero/Desktop/birdiebot_nav_ws/install/auto_aim_interfaces/lib:/opt/intel/openvino_2023.3.0/runtime/lib/intel64:/opt/MVS/lib/64:/opt/MVS/lib/32:/opt/intel/openvino_2023.3.0/runtime/lib/intel64:/opt/MVS/lib/64:/opt/MVS/lib/32:/usr/lib/x86_64-linux-gnu/gazebo-11/plugins:/opt/ros/humble/opt/rviz_ogre_vendor/lib:/opt/ros/humble/lib/x86_64-linux-gnu:/opt/ros/humble/opt/openvdb_vendor/lib:/opt/ros/humble/lib:/opt/MVS/lib/64:/opt/MVS/lib/32:/opt/MVS/lib/64:/opt/MVS/lib/32 PYTHONPATH=/home/hero/Desktop/birdiebot_nav_ws/install/auto_aim_interfaces/local/lib/python3.10/dist-packages:${PYTHONPATH} /usr/bin/cmake --install /home/hero/Desktop/birdiebot_nav_ws/build/armor_tracker
