[0.021s] Invoking command in '/home/hero/Desktop/birdiebot_nav_ws/build/terrain_analysis_ext': CMAKE_PREFIX_PATH=/opt/ros/humble /usr/bin/cmake --build /home/hero/Desktop/birdiebot_nav_ws/build/terrain_analysis_ext -- -j8 -l8
[0.152s] [ 50%] [32m[1mLinking CXX executable terrainAnalysisExt[0m
[4.319s] [100%] Built target terrainAnalysisExt
[4.348s] Invoked command in '/home/hero/Desktop/birdiebot_nav_ws/build/terrain_analysis_ext' returned '0': CMAKE_PREFIX_PATH=/opt/ros/humble /usr/bin/cmake --build /home/hero/Desktop/birdiebot_nav_ws/build/terrain_analysis_ext -- -j8 -l8
[4.668s] Invoking command in '/home/hero/Desktop/birdiebot_nav_ws/build/terrain_analysis_ext': CMAKE_PREFIX_PATH=/opt/ros/humble /usr/bin/cmake --install /home/hero/Desktop/birdiebot_nav_ws/build/terrain_analysis_ext
[5.191s] -- Install configuration: ""
[5.191s] -- Execute custom install script
[5.191s] -- Up-to-date symlink: /home/hero/Desktop/birdiebot_nav_ws/install/terrain_analysis_ext/lib/terrain_analysis_ext/terrainAnalysisExt
[5.191s] -- Up-to-date symlink: /home/hero/Desktop/birdiebot_nav_ws/install/terrain_analysis_ext/share/terrain_analysis_ext/launch/terrain_analysis_ext.launch
[5.191s] -- Up-to-date symlink: /home/hero/Desktop/birdiebot_nav_ws/install/terrain_analysis_ext/share/ament_index/resource_index/package_run_dependencies/terrain_analysis_ext
[5.191s] -- Up-to-date symlink: /home/hero/Desktop/birdiebot_nav_ws/install/terrain_analysis_ext/share/ament_index/resource_index/parent_prefix_path/terrain_analysis_ext
[5.191s] -- Up-to-date symlink: /home/hero/Desktop/birdiebot_nav_ws/install/terrain_analysis_ext/share/terrain_analysis_ext/environment/ament_prefix_path.sh
[5.191s] -- Up-to-date symlink: /home/hero/Desktop/birdiebot_nav_ws/install/terrain_analysis_ext/share/terrain_analysis_ext/environment/ament_prefix_path.dsv
[5.191s] -- Up-to-date symlink: /home/hero/Desktop/birdiebot_nav_ws/install/terrain_analysis_ext/share/terrain_analysis_ext/environment/path.sh
[5.191s] -- Up-to-date symlink: /home/hero/Desktop/birdiebot_nav_ws/install/terrain_analysis_ext/share/terrain_analysis_ext/environment/path.dsv
[5.191s] -- Up-to-date symlink: /home/hero/Desktop/birdiebot_nav_ws/install/terrain_analysis_ext/share/terrain_analysis_ext/local_setup.bash
[5.191s] -- Up-to-date symlink: /home/hero/Desktop/birdiebot_nav_ws/install/terrain_analysis_ext/share/terrain_analysis_ext/local_setup.sh
[5.191s] -- Up-to-date symlink: /home/hero/Desktop/birdiebot_nav_ws/install/terrain_analysis_ext/share/terrain_analysis_ext/local_setup.zsh
[5.191s] -- Up-to-date symlink: /home/hero/Desktop/birdiebot_nav_ws/install/terrain_analysis_ext/share/terrain_analysis_ext/local_setup.dsv
[5.192s] -- Symlinking: /home/hero/Desktop/birdiebot_nav_ws/install/terrain_analysis_ext/share/terrain_analysis_ext/package.dsv
[5.192s] -- Up-to-date symlink: /home/hero/Desktop/birdiebot_nav_ws/install/terrain_analysis_ext/share/ament_index/resource_index/packages/terrain_analysis_ext
[5.192s] -- Up-to-date symlink: /home/hero/Desktop/birdiebot_nav_ws/install/terrain_analysis_ext/share/terrain_analysis_ext/cmake/terrain_analysis_extConfig.cmake
[5.192s] -- Up-to-date symlink: /home/hero/Desktop/birdiebot_nav_ws/install/terrain_analysis_ext/share/terrain_analysis_ext/cmake/terrain_analysis_extConfig-version.cmake
[5.192s] -- Up-to-date symlink: /home/hero/Desktop/birdiebot_nav_ws/install/terrain_analysis_ext/share/terrain_analysis_ext/package.xml
[5.200s] Invoked command in '/home/hero/Desktop/birdiebot_nav_ws/build/terrain_analysis_ext' returned '0': CMAKE_PREFIX_PATH=/opt/ros/humble /usr/bin/cmake --install /home/hero/Desktop/birdiebot_nav_ws/build/terrain_analysis_ext
