[0.056s] Invoking command in '/home/hero/Desktop/birdiebot_nav_ws/build/point_lio': AMENT_PREFIX_PATH=/home/hero/Desktop/birdiebot_nav_ws/install/livox_ros_driver2:${AMENT_PREFIX_PATH} CMAKE_PREFIX_PATH=/home/hero/Desktop/birdiebot_nav_ws/install/livox_ros_driver2:/opt/ros/humble LD_LIBRARY_PATH=/home/hero/Desktop/birdiebot_nav_ws/install/livox_ros_driver2/lib:/opt/intel/openvino_2023.3.0/runtime/lib/intel64:/opt/MVS/lib/64:/opt/MVS/lib/32:/opt/MVS/lib/64:/opt/MVS/lib/32:/opt/intel/openvino_2023.3.0/runtime/lib/intel64:/opt/MVS/lib/64:/opt/MVS/lib/32:/usr/lib/x86_64-linux-gnu/gazebo-11/plugins:/opt/ros/humble/opt/rviz_ogre_vendor/lib:/opt/ros/humble/lib/x86_64-linux-gnu:/opt/ros/humble/opt/openvdb_vendor/lib:/opt/ros/humble/lib:/opt/MVS/lib/64:/opt/MVS/lib/32:/opt/MVS/lib/64:/opt/MVS/lib/32:/opt/MVS/lib/64:/opt/MVS/lib/32 PYTHONPATH=/home/hero/Desktop/birdiebot_nav_ws/install/livox_ros_driver2/local/lib/python3.10/dist-packages:${PYTHONPATH} /usr/bin/cmake --build /home/hero/Desktop/birdiebot_nav_ws/build/point_lio -- -j8 -l8
[0.218s] [ 14%] [32mBuilding CXX object CMakeFiles/pointlio_mapping.dir/src/laserMapping.cpp.o[0m
[50.176s] [ 28%] [32mBuilding CXX object CMakeFiles/pointlio_mapping.dir/src/Estimator.cpp.o[0m
[63.309s] [ 57%] [32mBuilding CXX object CMakeFiles/pointlio_mapping.dir/src/li_initialization.cpp.o[0m
[63.309s] [ 57%] [32mBuilding CXX object CMakeFiles/pointlio_mapping.dir/src/parameters.cpp.o[0m
[63.309s] [ 71%] [32mBuilding CXX object CMakeFiles/pointlio_mapping.dir/src/preprocess.cpp.o[0m
[72.841s] [ 85%] [32m[1mLinking CXX executable pointlio_mapping[0m
[73.439s] [100%] Built target pointlio_mapping
[73.446s] Invoked command in '/home/hero/Desktop/birdiebot_nav_ws/build/point_lio' returned '0': AMENT_PREFIX_PATH=/home/hero/Desktop/birdiebot_nav_ws/install/livox_ros_driver2:${AMENT_PREFIX_PATH} CMAKE_PREFIX_PATH=/home/hero/Desktop/birdiebot_nav_ws/install/livox_ros_driver2:/opt/ros/humble LD_LIBRARY_PATH=/home/hero/Desktop/birdiebot_nav_ws/install/livox_ros_driver2/lib:/opt/intel/openvino_2023.3.0/runtime/lib/intel64:/opt/MVS/lib/64:/opt/MVS/lib/32:/opt/MVS/lib/64:/opt/MVS/lib/32:/opt/intel/openvino_2023.3.0/runtime/lib/intel64:/opt/MVS/lib/64:/opt/MVS/lib/32:/usr/lib/x86_64-linux-gnu/gazebo-11/plugins:/opt/ros/humble/opt/rviz_ogre_vendor/lib:/opt/ros/humble/lib/x86_64-linux-gnu:/opt/ros/humble/opt/openvdb_vendor/lib:/opt/ros/humble/lib:/opt/MVS/lib/64:/opt/MVS/lib/32:/opt/MVS/lib/64:/opt/MVS/lib/32:/opt/MVS/lib/64:/opt/MVS/lib/32 PYTHONPATH=/home/hero/Desktop/birdiebot_nav_ws/install/livox_ros_driver2/local/lib/python3.10/dist-packages:${PYTHONPATH} /usr/bin/cmake --build /home/hero/Desktop/birdiebot_nav_ws/build/point_lio -- -j8 -l8
[73.466s] Invoking command in '/home/hero/Desktop/birdiebot_nav_ws/build/point_lio': AMENT_PREFIX_PATH=/home/hero/Desktop/birdiebot_nav_ws/install/livox_ros_driver2:${AMENT_PREFIX_PATH} CMAKE_PREFIX_PATH=/home/hero/Desktop/birdiebot_nav_ws/install/livox_ros_driver2:/opt/ros/humble LD_LIBRARY_PATH=/home/hero/Desktop/birdiebot_nav_ws/install/livox_ros_driver2/lib:/opt/intel/openvino_2023.3.0/runtime/lib/intel64:/opt/MVS/lib/64:/opt/MVS/lib/32:/opt/MVS/lib/64:/opt/MVS/lib/32:/opt/intel/openvino_2023.3.0/runtime/lib/intel64:/opt/MVS/lib/64:/opt/MVS/lib/32:/usr/lib/x86_64-linux-gnu/gazebo-11/plugins:/opt/ros/humble/opt/rviz_ogre_vendor/lib:/opt/ros/humble/lib/x86_64-linux-gnu:/opt/ros/humble/opt/openvdb_vendor/lib:/opt/ros/humble/lib:/opt/MVS/lib/64:/opt/MVS/lib/32:/opt/MVS/lib/64:/opt/MVS/lib/32:/opt/MVS/lib/64:/opt/MVS/lib/32 PYTHONPATH=/home/hero/Desktop/birdiebot_nav_ws/install/livox_ros_driver2/local/lib/python3.10/dist-packages:${PYTHONPATH} /usr/bin/cmake --install /home/hero/Desktop/birdiebot_nav_ws/build/point_lio
[73.471s] -- Install configuration: "Release"
[73.471s] -- Execute custom install script
[73.472s] -- Up-to-date symlink: /home/hero/Desktop/birdiebot_nav_ws/install/point_lio/lib/point_lio/pointlio_mapping
[73.472s] -- Up-to-date symlink: /home/hero/Desktop/birdiebot_nav_ws/install/point_lio/share/point_lio/config/avia.yaml
[73.472s] -- Up-to-date symlink: /home/hero/Desktop/birdiebot_nav_ws/install/point_lio/share/point_lio/config/horizon.yaml
[73.472s] -- Up-to-date symlink: /home/hero/Desktop/birdiebot_nav_ws/install/point_lio/share/point_lio/config/mid360.yaml
[73.472s] -- Up-to-date symlink: /home/hero/Desktop/birdiebot_nav_ws/install/point_lio/share/point_lio/config/ouster64.yaml
[73.472s] -- Up-to-date symlink: /home/hero/Desktop/birdiebot_nav_ws/install/point_lio/share/point_lio/config/velody16.yaml
[73.472s] -- Up-to-date symlink: /home/hero/Desktop/birdiebot_nav_ws/install/point_lio/share/point_lio/launch/gdb_debug_example.launch.py
[73.472s] -- Up-to-date symlink: /home/hero/Desktop/birdiebot_nav_ws/install/point_lio/share/point_lio/launch/mapping_avia.launch.py
[73.472s] -- Up-to-date symlink: /home/hero/Desktop/birdiebot_nav_ws/install/point_lio/share/point_lio/launch/mapping_horizon.launch.py
[73.472s] -- Up-to-date symlink: /home/hero/Desktop/birdiebot_nav_ws/install/point_lio/share/point_lio/launch/mapping_mid360.launch.py
[73.472s] -- Up-to-date symlink: /home/hero/Desktop/birdiebot_nav_ws/install/point_lio/share/point_lio/launch/mapping_ouster64.launch.py
[73.472s] -- Up-to-date symlink: /home/hero/Desktop/birdiebot_nav_ws/install/point_lio/share/point_lio/launch/mapping_velody16.launch.py
[73.472s] -- Up-to-date symlink: /home/hero/Desktop/birdiebot_nav_ws/install/point_lio/share/point_lio/rviz_cfg/.gitignore
[73.473s] -- Up-to-date symlink: /home/hero/Desktop/birdiebot_nav_ws/install/point_lio/share/point_lio/rviz_cfg/loam_livox.rviz
[73.473s] -- Up-to-date symlink: /home/hero/Desktop/birdiebot_nav_ws/install/point_lio/share/ament_index/resource_index/package_run_dependencies/point_lio
[73.473s] -- Up-to-date symlink: /home/hero/Desktop/birdiebot_nav_ws/install/point_lio/share/ament_index/resource_index/parent_prefix_path/point_lio
[73.473s] -- Up-to-date symlink: /home/hero/Desktop/birdiebot_nav_ws/install/point_lio/share/point_lio/environment/ament_prefix_path.sh
[73.473s] -- Up-to-date symlink: /home/hero/Desktop/birdiebot_nav_ws/install/point_lio/share/point_lio/environment/ament_prefix_path.dsv
[73.473s] -- Up-to-date symlink: /home/hero/Desktop/birdiebot_nav_ws/install/point_lio/share/point_lio/environment/path.sh
[73.473s] -- Up-to-date symlink: /home/hero/Desktop/birdiebot_nav_ws/install/point_lio/share/point_lio/environment/path.dsv
[73.473s] -- Up-to-date symlink: /home/hero/Desktop/birdiebot_nav_ws/install/point_lio/share/point_lio/local_setup.bash
[73.473s] -- Up-to-date symlink: /home/hero/Desktop/birdiebot_nav_ws/install/point_lio/share/point_lio/local_setup.sh
[73.473s] -- Up-to-date symlink: /home/hero/Desktop/birdiebot_nav_ws/install/point_lio/share/point_lio/local_setup.zsh
[73.473s] -- Up-to-date symlink: /home/hero/Desktop/birdiebot_nav_ws/install/point_lio/share/point_lio/local_setup.dsv
[73.474s] -- Symlinking: /home/hero/Desktop/birdiebot_nav_ws/install/point_lio/share/point_lio/package.dsv
[73.480s] -- Up-to-date symlink: /home/hero/Desktop/birdiebot_nav_ws/install/point_lio/share/ament_index/resource_index/packages/point_lio
[73.480s] -- Up-to-date symlink: /home/hero/Desktop/birdiebot_nav_ws/install/point_lio/share/point_lio/cmake/ament_cmake_export_dependencies-extras.cmake
[73.480s] -- Up-to-date symlink: /home/hero/Desktop/birdiebot_nav_ws/install/point_lio/share/point_lio/cmake/point_lioConfig.cmake
[73.480s] -- Up-to-date symlink: /home/hero/Desktop/birdiebot_nav_ws/install/point_lio/share/point_lio/cmake/point_lioConfig-version.cmake
[73.480s] -- Up-to-date symlink: /home/hero/Desktop/birdiebot_nav_ws/install/point_lio/share/point_lio/package.xml
[73.482s] Invoked command in '/home/hero/Desktop/birdiebot_nav_ws/build/point_lio' returned '0': AMENT_PREFIX_PATH=/home/hero/Desktop/birdiebot_nav_ws/install/livox_ros_driver2:${AMENT_PREFIX_PATH} CMAKE_PREFIX_PATH=/home/hero/Desktop/birdiebot_nav_ws/install/livox_ros_driver2:/opt/ros/humble LD_LIBRARY_PATH=/home/hero/Desktop/birdiebot_nav_ws/install/livox_ros_driver2/lib:/opt/intel/openvino_2023.3.0/runtime/lib/intel64:/opt/MVS/lib/64:/opt/MVS/lib/32:/opt/MVS/lib/64:/opt/MVS/lib/32:/opt/intel/openvino_2023.3.0/runtime/lib/intel64:/opt/MVS/lib/64:/opt/MVS/lib/32:/usr/lib/x86_64-linux-gnu/gazebo-11/plugins:/opt/ros/humble/opt/rviz_ogre_vendor/lib:/opt/ros/humble/lib/x86_64-linux-gnu:/opt/ros/humble/opt/openvdb_vendor/lib:/opt/ros/humble/lib:/opt/MVS/lib/64:/opt/MVS/lib/32:/opt/MVS/lib/64:/opt/MVS/lib/32:/opt/MVS/lib/64:/opt/MVS/lib/32 PYTHONPATH=/home/hero/Desktop/birdiebot_nav_ws/install/livox_ros_driver2/local/lib/python3.10/dist-packages:${PYTHONPATH} /usr/bin/cmake --install /home/hero/Desktop/birdiebot_nav_ws/build/point_lio
