[0.056s] Invoking command in '/home/hero/Desktop/birdiebot_nav_ws/build/costmap_converter': AMENT_PREFIX_PATH=/home/hero/Desktop/birdiebot_nav_ws/install/costmap_converter_msgs:${AMENT_PREFIX_PATH} CMAKE_PREFIX_PATH=/home/hero/Desktop/birdiebot_nav_ws/install/costmap_converter_msgs:/opt/ros/humble LD_LIBRARY_PATH=/home/hero/Desktop/birdiebot_nav_ws/install/costmap_converter_msgs/lib:/opt/intel/openvino_2023.3.0/runtime/lib/intel64:/opt/MVS/lib/64:/opt/MVS/lib/32:/usr/lib/x86_64-linux-gnu/gazebo-11/plugins:/opt/ros/humble/opt/rviz_ogre_vendor/lib:/opt/ros/humble/lib/x86_64-linux-gnu:/opt/ros/humble/lib:/opt/MVS/lib/64:/opt/MVS/lib/32:/opt/MVS/lib/64:/opt/MVS/lib/32 PYTHONPATH=/home/hero/Desktop/birdiebot_nav_ws/install/costmap_converter_msgs/local/lib/python3.10/dist-packages:${PYTHONPATH} /usr/bin/cmake /home/hero/Desktop/birdiebot_nav_ws/src/rm_slam/src/rm_navigation/costmap_converter/costmap_converter -DAMENT_CMAKE_SYMLINK_INSTALL=1 -DCMAKE_INSTALL_PREFIX=/home/hero/Desktop/birdiebot_nav_ws/install/costmap_converter
[1.216s] -- The C compiler identification is GNU 11.4.0
[1.216s] -- The CXX compiler identification is GNU 11.4.0
[1.216s] -- Detecting C compiler ABI info
[1.216s] -- Detecting C compiler ABI info - done
[1.216s] -- Check for working C compiler: /usr/bin/cc - skipped
[1.216s] -- Detecting C compile features
[1.216s] -- Detecting C compile features - done
[1.216s] -- Detecting CXX compiler ABI info
[1.216s] -- Detecting CXX compiler ABI info - done
[1.216s] -- Check for working CXX compiler: /usr/bin/c++ - skipped
[1.216s] -- Detecting CXX compile features
[1.216s] -- Detecting CXX compile features - done
[1.216s] -- Found ament_cmake: 1.3.8 (/opt/ros/humble/share/ament_cmake/cmake)
[1.216s] -- Found Python3: /usr/bin/python3 (found version "3.10.12") found components: Interpreter 
[1.216s] -- Override CMake install command with custom implementation using symlinks instead of copying resources
[1.216s] -- Found class_loader: 2.2.0 (/opt/ros/humble/share/class_loader/cmake)
[1.216s] -- Found costmap_converter_msgs: 0.1.2 (/home/hero/Desktop/birdiebot_nav_ws/install/costmap_converter_msgs/share/costmap_converter_msgs/cmake)
[1.216s] -- Found rosidl_generator_c: 3.1.5 (/opt/ros/humble/share/rosidl_generator_c/cmake)
[1.216s] -- Found rosidl_adapter: 3.1.5 (/opt/ros/humble/share/rosidl_adapter/cmake)
[1.217s] -- Found rosidl_generator_cpp: 3.1.5 (/opt/ros/humble/share/rosidl_generator_cpp/cmake)
[1.217s] -- Using all available rosidl_typesupport_c: rosidl_typesupport_fastrtps_c;rosidl_typesupport_introspection_c
[1.217s] -- Using all available rosidl_typesupport_cpp: rosidl_typesupport_fastrtps_cpp;rosidl_typesupport_introspection_cpp
[1.217s] -- Found cv_bridge: 3.2.1 (/opt/ros/humble/share/cv_bridge/cmake)
[1.217s] -- Found nav2_costmap_2d: 1.1.14 (/opt/ros/humble/share/nav2_costmap_2d/cmake)
[1.217s] -- Found rmw_implementation_cmake: 6.1.1 (/opt/ros/humble/share/rmw_implementation_cmake/cmake)
[1.217s] -- Found rmw_fastrtps_cpp: 6.2.6 (/opt/ros/humble/share/rmw_fastrtps_cpp/cmake)
[1.217s] -- Found OpenSSL: /usr/lib/x86_64-linux-gnu/libcrypto.so (found version "3.0.2")  
[1.217s] -- Found FastRTPS: /opt/ros/humble/include  
[1.230s] -- Using RMW implementation 'rmw_fastrtps_cpp' as default
[1.240s] -- Looking for pthread.h
[1.315s] -- Looking for pthread.h - found
[1.315s] -- Performing Test CMAKE_HAVE_LIBC_PTHREAD
[1.419s] -- Performing Test CMAKE_HAVE_LIBC_PTHREAD - Success
[1.427s] -- Found Threads: TRUE  
[2.431s] -- Found Eigen3: TRUE (found version "3.4.0") 
[2.431s] -- Ensuring Eigen3 include directory is part of orocos-kdl CMake target
[3.290s] -- Found OpenCV: /usr (found version "4.5.4") 
[3.308s] -- Found ament_cmake_gtest: 1.3.8 (/opt/ros/humble/share/ament_cmake_gtest/cmake)
[3.310s] -- Found gtest sources under '/opt/ros/humble/src/gtest_vendor': C++ tests using 'Google Test' will be built
[3.393s] -- Configuring done
[3.491s] -- Generating done
[3.493s] -- Build files have been written to: /home/hero/Desktop/birdiebot_nav_ws/build/costmap_converter
[3.513s] Invoked command in '/home/hero/Desktop/birdiebot_nav_ws/build/costmap_converter' returned '0': AMENT_PREFIX_PATH=/home/hero/Desktop/birdiebot_nav_ws/install/costmap_converter_msgs:${AMENT_PREFIX_PATH} CMAKE_PREFIX_PATH=/home/hero/Desktop/birdiebot_nav_ws/install/costmap_converter_msgs:/opt/ros/humble LD_LIBRARY_PATH=/home/hero/Desktop/birdiebot_nav_ws/install/costmap_converter_msgs/lib:/opt/intel/openvino_2023.3.0/runtime/lib/intel64:/opt/MVS/lib/64:/opt/MVS/lib/32:/usr/lib/x86_64-linux-gnu/gazebo-11/plugins:/opt/ros/humble/opt/rviz_ogre_vendor/lib:/opt/ros/humble/lib/x86_64-linux-gnu:/opt/ros/humble/lib:/opt/MVS/lib/64:/opt/MVS/lib/32:/opt/MVS/lib/64:/opt/MVS/lib/32 PYTHONPATH=/home/hero/Desktop/birdiebot_nav_ws/install/costmap_converter_msgs/local/lib/python3.10/dist-packages:${PYTHONPATH} /usr/bin/cmake /home/hero/Desktop/birdiebot_nav_ws/src/rm_slam/src/rm_navigation/costmap_converter/costmap_converter -DAMENT_CMAKE_SYMLINK_INSTALL=1 -DCMAKE_INSTALL_PREFIX=/home/hero/Desktop/birdiebot_nav_ws/install/costmap_converter
[3.513s] Invoking command in '/home/hero/Desktop/birdiebot_nav_ws/build/costmap_converter': AMENT_PREFIX_PATH=/home/hero/Desktop/birdiebot_nav_ws/install/costmap_converter_msgs:${AMENT_PREFIX_PATH} CMAKE_PREFIX_PATH=/home/hero/Desktop/birdiebot_nav_ws/install/costmap_converter_msgs:/opt/ros/humble LD_LIBRARY_PATH=/home/hero/Desktop/birdiebot_nav_ws/install/costmap_converter_msgs/lib:/opt/intel/openvino_2023.3.0/runtime/lib/intel64:/opt/MVS/lib/64:/opt/MVS/lib/32:/usr/lib/x86_64-linux-gnu/gazebo-11/plugins:/opt/ros/humble/opt/rviz_ogre_vendor/lib:/opt/ros/humble/lib/x86_64-linux-gnu:/opt/ros/humble/lib:/opt/MVS/lib/64:/opt/MVS/lib/32:/opt/MVS/lib/64:/opt/MVS/lib/32 PYTHONPATH=/home/hero/Desktop/birdiebot_nav_ws/install/costmap_converter_msgs/local/lib/python3.10/dist-packages:${PYTHONPATH} /usr/bin/cmake --build /home/hero/Desktop/birdiebot_nav_ws/build/costmap_converter -- -j8 -l8
[12.526s] [  5%] [32mBuilding CXX object CMakeFiles/costmap_converter.dir/src/costmap_to_polygons.cpp.o[0m
[12.550s] [ 10%] [32mBuilding CXX object CMakeFiles/costmap_converter.dir/src/costmap_to_dynamic_obstacles/background_subtractor.cpp.o[0m
[14.208s] [ 15%] [32mBuilding CXX object CMakeFiles/costmap_converter.dir/src/costmap_to_dynamic_obstacles/blob_detector.cpp.o[0m
[16.716s] [ 21%] [32mBuilding CXX object CMakeFiles/costmap_converter.dir/src/costmap_to_dynamic_obstacles/multitarget_tracker/Ctracker.cpp.o[0m
[18.935s] [ 26%] [32mBuilding CXX object CMakeFiles/costmap_converter.dir/src/costmap_to_dynamic_obstacles/multitarget_tracker/Kalman.cpp.o[0m
[20.863s] [ 31%] [32mBuilding CXX object CMakeFiles/costmap_converter.dir/src/costmap_to_dynamic_obstacles/multitarget_tracker/HungarianAlg.cpp.o[0m
[22.870s] [ 36%] [32mBuilding CXX object CMakeFiles/costmap_converter.dir/src/costmap_to_dynamic_obstacles/costmap_to_dynamic_obstacles.cpp.o[0m
[41.380s] [ 42%] [32mBuilding CXX object CMakeFiles/costmap_converter.dir/src/costmap_to_lines_ransac.cpp.o[0m
[46.503s] [ 47%] [32mBuilding CXX object CMakeFiles/costmap_converter.dir/src/costmap_to_lines_convex_hull.cpp.o[0m
[52.269s] [ 52%] [32mBuilding CXX object CMakeFiles/costmap_converter.dir/src/costmap_to_polygons_concave.cpp.o[0m
[57.300s] [ 57%] [32m[1mLinking CXX shared library libcostmap_converter.so[0m
[57.610s] [ 57%] Built target costmap_converter
[57.629s] [ 63%] [32mBuilding CXX object gtest/CMakeFiles/gtest.dir/src/gtest-all.cc.o[0m
[62.963s] [ 68%] [32m[1mLinking CXX static library libgtest.a[0m
[62.988s] [ 68%] Built target gtest
[63.005s] [ 73%] [32mBuilding CXX object CMakeFiles/standalone_converter.dir/src/costmap_converter_node.cpp.o[0m
[72.663s] [ 78%] [32m[1mLinking CXX executable standalone_converter[0m
[72.848s] [ 78%] Built target standalone_converter
[72.861s] [ 84%] [32mBuilding CXX object gtest/CMakeFiles/gtest_main.dir/src/gtest_main.cc.o[0m
[73.250s] [ 89%] [32m[1mLinking CXX static library libgtest_main.a[0m
[73.271s] [ 89%] Built target gtest_main
[73.288s] [ 94%] [32mBuilding CXX object CMakeFiles/test_costmap_polygons.dir/test/costmap_polygons.cpp.o[0m
[78.854s] [100%] [32m[1mLinking CXX executable test_costmap_polygons[0m
[79.231s] [100%] Built target test_costmap_polygons
[79.239s] Invoked command in '/home/hero/Desktop/birdiebot_nav_ws/build/costmap_converter' returned '0': AMENT_PREFIX_PATH=/home/hero/Desktop/birdiebot_nav_ws/install/costmap_converter_msgs:${AMENT_PREFIX_PATH} CMAKE_PREFIX_PATH=/home/hero/Desktop/birdiebot_nav_ws/install/costmap_converter_msgs:/opt/ros/humble LD_LIBRARY_PATH=/home/hero/Desktop/birdiebot_nav_ws/install/costmap_converter_msgs/lib:/opt/intel/openvino_2023.3.0/runtime/lib/intel64:/opt/MVS/lib/64:/opt/MVS/lib/32:/usr/lib/x86_64-linux-gnu/gazebo-11/plugins:/opt/ros/humble/opt/rviz_ogre_vendor/lib:/opt/ros/humble/lib/x86_64-linux-gnu:/opt/ros/humble/lib:/opt/MVS/lib/64:/opt/MVS/lib/32:/opt/MVS/lib/64:/opt/MVS/lib/32 PYTHONPATH=/home/hero/Desktop/birdiebot_nav_ws/install/costmap_converter_msgs/local/lib/python3.10/dist-packages:${PYTHONPATH} /usr/bin/cmake --build /home/hero/Desktop/birdiebot_nav_ws/build/costmap_converter -- -j8 -l8
[79.269s] Invoking command in '/home/hero/Desktop/birdiebot_nav_ws/build/costmap_converter': AMENT_PREFIX_PATH=/home/hero/Desktop/birdiebot_nav_ws/install/costmap_converter_msgs:${AMENT_PREFIX_PATH} CMAKE_PREFIX_PATH=/home/hero/Desktop/birdiebot_nav_ws/install/costmap_converter_msgs:/opt/ros/humble LD_LIBRARY_PATH=/home/hero/Desktop/birdiebot_nav_ws/install/costmap_converter_msgs/lib:/opt/intel/openvino_2023.3.0/runtime/lib/intel64:/opt/MVS/lib/64:/opt/MVS/lib/32:/usr/lib/x86_64-linux-gnu/gazebo-11/plugins:/opt/ros/humble/opt/rviz_ogre_vendor/lib:/opt/ros/humble/lib/x86_64-linux-gnu:/opt/ros/humble/lib:/opt/MVS/lib/64:/opt/MVS/lib/32:/opt/MVS/lib/64:/opt/MVS/lib/32 PYTHONPATH=/home/hero/Desktop/birdiebot_nav_ws/install/costmap_converter_msgs/local/lib/python3.10/dist-packages:${PYTHONPATH} /usr/bin/cmake --install /home/hero/Desktop/birdiebot_nav_ws/build/costmap_converter
[79.275s] -- Install configuration: "Release"
[79.275s] -- Execute custom install script
[79.275s] -- Symlinking: /home/hero/Desktop/birdiebot_nav_ws/install/costmap_converter/lib/libcostmap_converter.so
[79.281s] -- Symlinking: /home/hero/Desktop/birdiebot_nav_ws/install/costmap_converter/bin/standalone_converter
[79.287s] -- Symlinking: /home/hero/Desktop/birdiebot_nav_ws/install/costmap_converter/include//costmap_converter/costmap_converter_interface.h
[79.293s] -- Symlinking: /home/hero/Desktop/birdiebot_nav_ws/install/costmap_converter/include//costmap_converter/costmap_to_dynamic_obstacles/background_subtractor.h
[79.299s] -- Symlinking: /home/hero/Desktop/birdiebot_nav_ws/install/costmap_converter/include//costmap_converter/costmap_to_dynamic_obstacles/blob_detector.h
[79.306s] -- Symlinking: /home/hero/Desktop/birdiebot_nav_ws/install/costmap_converter/include//costmap_converter/costmap_to_dynamic_obstacles/costmap_to_dynamic_obstacles.h
[79.311s] -- Symlinking: /home/hero/Desktop/birdiebot_nav_ws/install/costmap_converter/include//costmap_converter/costmap_to_dynamic_obstacles/multitarget_tracker/Ctracker.h
[79.318s] -- Symlinking: /home/hero/Desktop/birdiebot_nav_ws/install/costmap_converter/include//costmap_converter/costmap_to_dynamic_obstacles/multitarget_tracker/HungarianAlg.h
[79.324s] -- Symlinking: /home/hero/Desktop/birdiebot_nav_ws/install/costmap_converter/include//costmap_converter/costmap_to_dynamic_obstacles/multitarget_tracker/Kalman.h
[79.330s] -- Symlinking: /home/hero/Desktop/birdiebot_nav_ws/install/costmap_converter/include//costmap_converter/costmap_to_dynamic_obstacles/multitarget_tracker/README.md
[79.336s] -- Symlinking: /home/hero/Desktop/birdiebot_nav_ws/install/costmap_converter/include//costmap_converter/costmap_to_dynamic_obstacles/multitarget_tracker/defines.h
[79.344s] -- Symlinking: /home/hero/Desktop/birdiebot_nav_ws/install/costmap_converter/include//costmap_converter/costmap_to_lines_convex_hull.h
[79.350s] -- Symlinking: /home/hero/Desktop/birdiebot_nav_ws/install/costmap_converter/include//costmap_converter/costmap_to_lines_ransac.h
[79.356s] -- Symlinking: /home/hero/Desktop/birdiebot_nav_ws/install/costmap_converter/include//costmap_converter/costmap_to_polygons.h
[79.361s] -- Symlinking: /home/hero/Desktop/birdiebot_nav_ws/install/costmap_converter/include//costmap_converter/costmap_to_polygons_concave.h
[79.367s] -- Symlinking: /home/hero/Desktop/birdiebot_nav_ws/install/costmap_converter/include//costmap_converter/misc.h
[79.374s] -- Symlinking: /home/hero/Desktop/birdiebot_nav_ws/install/costmap_converter/share/costmap_converter/environment/library_path.sh
[79.381s] -- Symlinking: /home/hero/Desktop/birdiebot_nav_ws/install/costmap_converter/share/costmap_converter/environment/library_path.dsv
[79.387s] -- Symlinking: /home/hero/Desktop/birdiebot_nav_ws/install/costmap_converter/share/costmap_converter//costmap_converter_plugins.xml
[79.394s] -- Symlinking: /home/hero/Desktop/birdiebot_nav_ws/install/costmap_converter/share/ament_index/resource_index/package_run_dependencies/costmap_converter
[79.399s] -- Symlinking: /home/hero/Desktop/birdiebot_nav_ws/install/costmap_converter/share/ament_index/resource_index/parent_prefix_path/costmap_converter
[79.405s] -- Symlinking: /home/hero/Desktop/birdiebot_nav_ws/install/costmap_converter/share/costmap_converter/environment/ament_prefix_path.sh
[79.411s] -- Symlinking: /home/hero/Desktop/birdiebot_nav_ws/install/costmap_converter/share/costmap_converter/environment/ament_prefix_path.dsv
[79.418s] -- Symlinking: /home/hero/Desktop/birdiebot_nav_ws/install/costmap_converter/share/costmap_converter/environment/path.sh
[79.424s] -- Symlinking: /home/hero/Desktop/birdiebot_nav_ws/install/costmap_converter/share/costmap_converter/environment/path.dsv
[79.429s] -- Symlinking: /home/hero/Desktop/birdiebot_nav_ws/install/costmap_converter/share/costmap_converter/local_setup.bash
[79.434s] -- Symlinking: /home/hero/Desktop/birdiebot_nav_ws/install/costmap_converter/share/costmap_converter/local_setup.sh
[79.441s] -- Symlinking: /home/hero/Desktop/birdiebot_nav_ws/install/costmap_converter/share/costmap_converter/local_setup.zsh
[79.446s] -- Symlinking: /home/hero/Desktop/birdiebot_nav_ws/install/costmap_converter/share/costmap_converter/local_setup.dsv
[79.452s] -- Symlinking: /home/hero/Desktop/birdiebot_nav_ws/install/costmap_converter/share/costmap_converter/package.dsv
[79.457s] -- Symlinking: /home/hero/Desktop/birdiebot_nav_ws/install/costmap_converter/share/ament_index/resource_index/packages/costmap_converter
[79.463s] -- Symlinking: /home/hero/Desktop/birdiebot_nav_ws/install/costmap_converter/share/ament_index/resource_index/costmap_converter__pluginlib__plugin/costmap_converter
[79.469s] -- Symlinking: /home/hero/Desktop/birdiebot_nav_ws/install/costmap_converter/share/costmap_converter/cmake/ament_cmake_export_include_directories-extras.cmake
[79.475s] -- Symlinking: /home/hero/Desktop/birdiebot_nav_ws/install/costmap_converter/share/costmap_converter/cmake/ament_cmake_export_libraries-extras.cmake
[79.482s] -- Symlinking: /home/hero/Desktop/birdiebot_nav_ws/install/costmap_converter/share/costmap_converter/cmake/ament_cmake_export_dependencies-extras.cmake
[79.491s] -- Symlinking: /home/hero/Desktop/birdiebot_nav_ws/install/costmap_converter/share/costmap_converter/cmake/costmap_converterConfig.cmake
[79.497s] -- Symlinking: /home/hero/Desktop/birdiebot_nav_ws/install/costmap_converter/share/costmap_converter/cmake/costmap_converterConfig-version.cmake
[79.503s] -- Symlinking: /home/hero/Desktop/birdiebot_nav_ws/install/costmap_converter/share/costmap_converter/package.xml
[79.511s] Invoked command in '/home/hero/Desktop/birdiebot_nav_ws/build/costmap_converter' returned '0': AMENT_PREFIX_PATH=/home/hero/Desktop/birdiebot_nav_ws/install/costmap_converter_msgs:${AMENT_PREFIX_PATH} CMAKE_PREFIX_PATH=/home/hero/Desktop/birdiebot_nav_ws/install/costmap_converter_msgs:/opt/ros/humble LD_LIBRARY_PATH=/home/hero/Desktop/birdiebot_nav_ws/install/costmap_converter_msgs/lib:/opt/intel/openvino_2023.3.0/runtime/lib/intel64:/opt/MVS/lib/64:/opt/MVS/lib/32:/usr/lib/x86_64-linux-gnu/gazebo-11/plugins:/opt/ros/humble/opt/rviz_ogre_vendor/lib:/opt/ros/humble/lib/x86_64-linux-gnu:/opt/ros/humble/lib:/opt/MVS/lib/64:/opt/MVS/lib/32:/opt/MVS/lib/64:/opt/MVS/lib/32 PYTHONPATH=/home/hero/Desktop/birdiebot_nav_ws/install/costmap_converter_msgs/local/lib/python3.10/dist-packages:${PYTHONPATH} /usr/bin/cmake --install /home/hero/Desktop/birdiebot_nav_ws/build/costmap_converter
