[0.021s] Invoking command in '/home/hero/Desktop/birdiebot_nav_ws/build/rm_decision_interfaces': CMAKE_PREFIX_PATH=/opt/ros/humble /usr/bin/cmake --build /home/hero/Desktop/birdiebot_nav_ws/build/rm_decision_interfaces -- -j8 -l8
[0.092s] [  2%] Built target rm_decision_interfaces__cpp
[0.139s] [  2%] Built target ament_cmake_python_symlink_rm_decision_interfaces
[0.141s] [ 12%] Built target rm_decision_interfaces__rosidl_generator_c
[0.182s] [ 23%] Built target rm_decision_interfaces__rosidl_typesupport_cpp
[0.186s] [ 33%] Built target rm_decision_interfaces__rosidl_typesupport_introspection_cpp
[0.196s] [ 43%] Built target rm_decision_interfaces__rosidl_typesupport_fastrtps_cpp
[0.244s] [ 53%] Built target rm_decision_interfaces__rosidl_typesupport_introspection_c
[0.274s] [ 64%] Built target rm_decision_interfaces__rosidl_typesupport_c
[0.279s] [ 74%] Built target rm_decision_interfaces__rosidl_typesupport_fastrtps_c
[0.330s] [ 74%] Built target rm_decision_interfaces
[0.374s] [ 76%] Built target rm_decision_interfaces__py
[0.430s] [ 84%] Built target rm_decision_interfaces__rosidl_generator_py
[0.524s] [ 89%] Built target rm_decision_interfaces__rosidl_typesupport_fastrtps_c__pyext
[0.547s] [ 94%] Built target rm_decision_interfaces__rosidl_typesupport_introspection_c__pyext
[0.562s] [100%] Built target rm_decision_interfaces__rosidl_typesupport_c__pyext
[0.595s] running egg_info
[0.596s] writing rm_decision_interfaces.egg-info/PKG-INFO
[0.596s] writing dependency_links to rm_decision_interfaces.egg-info/dependency_links.txt
[0.596s] writing top-level names to rm_decision_interfaces.egg-info/top_level.txt
[0.598s] reading manifest file 'rm_decision_interfaces.egg-info/SOURCES.txt'
[0.600s] writing manifest file 'rm_decision_interfaces.egg-info/SOURCES.txt'
[0.633s] [100%] Built target ament_cmake_python_build_rm_decision_interfaces_egg
[0.646s] Invoked command in '/home/hero/Desktop/birdiebot_nav_ws/build/rm_decision_interfaces' returned '0': CMAKE_PREFIX_PATH=/opt/ros/humble /usr/bin/cmake --build /home/hero/Desktop/birdiebot_nav_ws/build/rm_decision_interfaces -- -j8 -l8
[0.856s] Invoking command in '/home/hero/Desktop/birdiebot_nav_ws/build/rm_decision_interfaces': CMAKE_PREFIX_PATH=/opt/ros/humble /usr/bin/cmake --install /home/hero/Desktop/birdiebot_nav_ws/build/rm_decision_interfaces
[0.876s] -- Install configuration: ""
[0.876s] -- Execute custom install script
[0.876s] -- Up-to-date symlink: /home/hero/Desktop/birdiebot_nav_ws/install/rm_decision_interfaces/share/ament_index/resource_index/rosidl_interfaces/rm_decision_interfaces
[0.876s] -- Up-to-date symlink: /home/hero/Desktop/birdiebot_nav_ws/install/rm_decision_interfaces/include/rm_decision_interfaces/rm_decision_interfaces/msg/cv_decision.h
[0.876s] -- Up-to-date symlink: /home/hero/Desktop/birdiebot_nav_ws/install/rm_decision_interfaces/include/rm_decision_interfaces/rm_decision_interfaces/msg/detail/cv_decision__functions.h
[0.876s] -- Up-to-date symlink: /home/hero/Desktop/birdiebot_nav_ws/install/rm_decision_interfaces/include/rm_decision_interfaces/rm_decision_interfaces/msg/detail/cv_decision__struct.h
[0.876s] -- Up-to-date symlink: /home/hero/Desktop/birdiebot_nav_ws/install/rm_decision_interfaces/include/rm_decision_interfaces/rm_decision_interfaces/msg/detail/cv_decision__type_support.h
[0.876s] -- Up-to-date symlink: /home/hero/Desktop/birdiebot_nav_ws/install/rm_decision_interfaces/include/rm_decision_interfaces/rm_decision_interfaces/msg/detail/robot_control__functions.h
[0.876s] -- Up-to-date symlink: /home/hero/Desktop/birdiebot_nav_ws/install/rm_decision_interfaces/include/rm_decision_interfaces/rm_decision_interfaces/msg/detail/robot_control__struct.h
[0.877s] -- Up-to-date symlink: /home/hero/Desktop/birdiebot_nav_ws/install/rm_decision_interfaces/include/rm_decision_interfaces/rm_decision_interfaces/msg/detail/robot_control__type_support.h
[0.877s] -- Up-to-date symlink: /home/hero/Desktop/birdiebot_nav_ws/install/rm_decision_interfaces/include/rm_decision_interfaces/rm_decision_interfaces/msg/robot_control.h
[0.877s] -- Up-to-date symlink: /home/hero/Desktop/birdiebot_nav_ws/install/rm_decision_interfaces/include/rm_decision_interfaces/rm_decision_interfaces/msg/rosidl_generator_c__visibility_control.h
[0.877s] -- Up-to-date symlink: /home/hero/Desktop/birdiebot_nav_ws/install/rm_decision_interfaces/share/rm_decision_interfaces/environment/library_path.sh
[0.877s] -- Up-to-date symlink: /home/hero/Desktop/birdiebot_nav_ws/install/rm_decision_interfaces/share/rm_decision_interfaces/environment/library_path.dsv
[0.877s] -- Up-to-date symlink: /home/hero/Desktop/birdiebot_nav_ws/install/rm_decision_interfaces/include/rm_decision_interfaces/rm_decision_interfaces/msg/detail/cv_decision__rosidl_typesupport_fastrtps_c.h
[0.877s] -- Up-to-date symlink: /home/hero/Desktop/birdiebot_nav_ws/install/rm_decision_interfaces/include/rm_decision_interfaces/rm_decision_interfaces/msg/detail/robot_control__rosidl_typesupport_fastrtps_c.h
[0.877s] -- Up-to-date symlink: /home/hero/Desktop/birdiebot_nav_ws/install/rm_decision_interfaces/include/rm_decision_interfaces/rm_decision_interfaces/msg/rosidl_typesupport_fastrtps_c__visibility_control.h
[0.877s] -- Up-to-date symlink: /home/hero/Desktop/birdiebot_nav_ws/install/rm_decision_interfaces/include/rm_decision_interfaces/rm_decision_interfaces/msg/detail/cv_decision__rosidl_typesupport_introspection_c.h
[0.877s] -- Up-to-date symlink: /home/hero/Desktop/birdiebot_nav_ws/install/rm_decision_interfaces/include/rm_decision_interfaces/rm_decision_interfaces/msg/detail/robot_control__rosidl_typesupport_introspection_c.h
[0.877s] -- Up-to-date symlink: /home/hero/Desktop/birdiebot_nav_ws/install/rm_decision_interfaces/include/rm_decision_interfaces/rm_decision_interfaces/msg/rosidl_typesupport_introspection_c__visibility_control.h
[0.877s] -- Up-to-date symlink: /home/hero/Desktop/birdiebot_nav_ws/install/rm_decision_interfaces/include/rm_decision_interfaces/rm_decision_interfaces/msg/cv_decision.hpp
[0.877s] -- Up-to-date symlink: /home/hero/Desktop/birdiebot_nav_ws/install/rm_decision_interfaces/include/rm_decision_interfaces/rm_decision_interfaces/msg/detail/cv_decision__builder.hpp
[0.877s] -- Up-to-date symlink: /home/hero/Desktop/birdiebot_nav_ws/install/rm_decision_interfaces/include/rm_decision_interfaces/rm_decision_interfaces/msg/detail/cv_decision__struct.hpp
[0.877s] -- Up-to-date symlink: /home/hero/Desktop/birdiebot_nav_ws/install/rm_decision_interfaces/include/rm_decision_interfaces/rm_decision_interfaces/msg/detail/cv_decision__traits.hpp
[0.877s] -- Up-to-date symlink: /home/hero/Desktop/birdiebot_nav_ws/install/rm_decision_interfaces/include/rm_decision_interfaces/rm_decision_interfaces/msg/detail/cv_decision__type_support.hpp
[0.877s] -- Up-to-date symlink: /home/hero/Desktop/birdiebot_nav_ws/install/rm_decision_interfaces/include/rm_decision_interfaces/rm_decision_interfaces/msg/detail/robot_control__builder.hpp
[0.877s] -- Up-to-date symlink: /home/hero/Desktop/birdiebot_nav_ws/install/rm_decision_interfaces/include/rm_decision_interfaces/rm_decision_interfaces/msg/detail/robot_control__struct.hpp
[0.877s] -- Up-to-date symlink: /home/hero/Desktop/birdiebot_nav_ws/install/rm_decision_interfaces/include/rm_decision_interfaces/rm_decision_interfaces/msg/detail/robot_control__traits.hpp
[0.877s] -- Up-to-date symlink: /home/hero/Desktop/birdiebot_nav_ws/install/rm_decision_interfaces/include/rm_decision_interfaces/rm_decision_interfaces/msg/detail/robot_control__type_support.hpp
[0.877s] -- Up-to-date symlink: /home/hero/Desktop/birdiebot_nav_ws/install/rm_decision_interfaces/include/rm_decision_interfaces/rm_decision_interfaces/msg/robot_control.hpp
[0.877s] -- Up-to-date symlink: /home/hero/Desktop/birdiebot_nav_ws/install/rm_decision_interfaces/include/rm_decision_interfaces/rm_decision_interfaces/msg/rosidl_generator_cpp__visibility_control.hpp
[0.878s] -- Up-to-date symlink: /home/hero/Desktop/birdiebot_nav_ws/install/rm_decision_interfaces/include/rm_decision_interfaces/rm_decision_interfaces/msg/detail/cv_decision__rosidl_typesupport_fastrtps_cpp.hpp
[0.878s] -- Up-to-date symlink: /home/hero/Desktop/birdiebot_nav_ws/install/rm_decision_interfaces/include/rm_decision_interfaces/rm_decision_interfaces/msg/detail/robot_control__rosidl_typesupport_fastrtps_cpp.hpp
[0.878s] -- Up-to-date symlink: /home/hero/Desktop/birdiebot_nav_ws/install/rm_decision_interfaces/include/rm_decision_interfaces/rm_decision_interfaces/msg/rosidl_typesupport_fastrtps_cpp__visibility_control.h
[0.878s] -- Up-to-date symlink: /home/hero/Desktop/birdiebot_nav_ws/install/rm_decision_interfaces/include/rm_decision_interfaces/rm_decision_interfaces/msg/detail/cv_decision__rosidl_typesupport_introspection_cpp.hpp
[0.878s] -- Up-to-date symlink: /home/hero/Desktop/birdiebot_nav_ws/install/rm_decision_interfaces/include/rm_decision_interfaces/rm_decision_interfaces/msg/detail/robot_control__rosidl_typesupport_introspection_cpp.hpp
[0.878s] -- Up-to-date symlink: /home/hero/Desktop/birdiebot_nav_ws/install/rm_decision_interfaces/share/rm_decision_interfaces/environment/pythonpath.sh
[0.878s] -- Up-to-date symlink: /home/hero/Desktop/birdiebot_nav_ws/install/rm_decision_interfaces/share/rm_decision_interfaces/environment/pythonpath.dsv
[0.878s] -- Up-to-date symlink: /home/hero/Desktop/birdiebot_nav_ws/install/rm_decision_interfaces/local/lib/python3.10/dist-packages/rm_decision_interfaces-0.0.0-py3.10.egg-info/PKG-INFO
[0.878s] -- Up-to-date symlink: /home/hero/Desktop/birdiebot_nav_ws/install/rm_decision_interfaces/local/lib/python3.10/dist-packages/rm_decision_interfaces-0.0.0-py3.10.egg-info/SOURCES.txt
[0.878s] -- Up-to-date symlink: /home/hero/Desktop/birdiebot_nav_ws/install/rm_decision_interfaces/local/lib/python3.10/dist-packages/rm_decision_interfaces-0.0.0-py3.10.egg-info/dependency_links.txt
[0.878s] -- Up-to-date symlink: /home/hero/Desktop/birdiebot_nav_ws/install/rm_decision_interfaces/local/lib/python3.10/dist-packages/rm_decision_interfaces-0.0.0-py3.10.egg-info/top_level.txt
[0.878s] -- Up-to-date symlink: /home/hero/Desktop/birdiebot_nav_ws/install/rm_decision_interfaces/local/lib/python3.10/dist-packages/rm_decision_interfaces/__init__.py
[0.878s] -- Up-to-date symlink: /home/hero/Desktop/birdiebot_nav_ws/install/rm_decision_interfaces/local/lib/python3.10/dist-packages/rm_decision_interfaces/_rm_decision_interfaces_s.ep.rosidl_typesupport_c.c
[0.878s] -- Up-to-date symlink: /home/hero/Desktop/birdiebot_nav_ws/install/rm_decision_interfaces/local/lib/python3.10/dist-packages/rm_decision_interfaces/_rm_decision_interfaces_s.ep.rosidl_typesupport_fastrtps_c.c
[0.878s] -- Up-to-date symlink: /home/hero/Desktop/birdiebot_nav_ws/install/rm_decision_interfaces/local/lib/python3.10/dist-packages/rm_decision_interfaces/_rm_decision_interfaces_s.ep.rosidl_typesupport_introspection_c.c
[0.878s] -- Up-to-date symlink: /home/hero/Desktop/birdiebot_nav_ws/install/rm_decision_interfaces/local/lib/python3.10/dist-packages/rm_decision_interfaces/librm_decision_interfaces__rosidl_generator_py.so
[0.878s] -- Up-to-date symlink: /home/hero/Desktop/birdiebot_nav_ws/install/rm_decision_interfaces/local/lib/python3.10/dist-packages/rm_decision_interfaces/msg/__init__.py
[0.878s] -- Up-to-date symlink: /home/hero/Desktop/birdiebot_nav_ws/install/rm_decision_interfaces/local/lib/python3.10/dist-packages/rm_decision_interfaces/msg/_cv_decision.py
[0.878s] -- Up-to-date symlink: /home/hero/Desktop/birdiebot_nav_ws/install/rm_decision_interfaces/local/lib/python3.10/dist-packages/rm_decision_interfaces/msg/_cv_decision_s.c
[0.878s] -- Up-to-date symlink: /home/hero/Desktop/birdiebot_nav_ws/install/rm_decision_interfaces/local/lib/python3.10/dist-packages/rm_decision_interfaces/msg/_robot_control.py
[0.878s] -- Up-to-date symlink: /home/hero/Desktop/birdiebot_nav_ws/install/rm_decision_interfaces/local/lib/python3.10/dist-packages/rm_decision_interfaces/msg/_robot_control_s.c
[0.878s] -- Up-to-date symlink: /home/hero/Desktop/birdiebot_nav_ws/install/rm_decision_interfaces/local/lib/python3.10/dist-packages/rm_decision_interfaces/rm_decision_interfaces_s__rosidl_typesupport_c.cpython-310-x86_64-linux-gnu.so
[0.880s] -- Up-to-date symlink: /home/hero/Desktop/birdiebot_nav_ws/install/rm_decision_interfaces/local/lib/python3.10/dist-packages/rm_decision_interfaces/rm_decision_interfaces_s__rosidl_typesupport_fastrtps_c.cpython-310-x86_64-linux-gnu.so
[0.881s] -- Up-to-date symlink: /home/hero/Desktop/birdiebot_nav_ws/install/rm_decision_interfaces/local/lib/python3.10/dist-packages/rm_decision_interfaces/rm_decision_interfaces_s__rosidl_typesupport_introspection_c.cpython-310-x86_64-linux-gnu.so
[0.881s] -- Up-to-date symlink: /home/hero/Desktop/birdiebot_nav_ws/install/rm_decision_interfaces/local/lib/python3.10/dist-packages/rm_decision_interfaces/rm_decision_interfaces_s__rosidl_typesupport_fastrtps_c.cpython-310-x86_64-linux-gnu.so
[0.881s] -- Up-to-date symlink: /home/hero/Desktop/birdiebot_nav_ws/install/rm_decision_interfaces/local/lib/python3.10/dist-packages/rm_decision_interfaces/rm_decision_interfaces_s__rosidl_typesupport_introspection_c.cpython-310-x86_64-linux-gnu.so
[0.881s] -- Up-to-date symlink: /home/hero/Desktop/birdiebot_nav_ws/install/rm_decision_interfaces/local/lib/python3.10/dist-packages/rm_decision_interfaces/rm_decision_interfaces_s__rosidl_typesupport_c.cpython-310-x86_64-linux-gnu.so
[0.882s] -- Up-to-date symlink: /home/hero/Desktop/birdiebot_nav_ws/install/rm_decision_interfaces/share/rm_decision_interfaces/msg/RobotControl.idl
[0.882s] -- Up-to-date symlink: /home/hero/Desktop/birdiebot_nav_ws/install/rm_decision_interfaces/share/rm_decision_interfaces/msg/CvDecision.idl
[0.882s] -- Up-to-date symlink: /home/hero/Desktop/birdiebot_nav_ws/install/rm_decision_interfaces/share/rm_decision_interfaces/msg/RobotControl.msg
[0.882s] -- Up-to-date symlink: /home/hero/Desktop/birdiebot_nav_ws/install/rm_decision_interfaces/share/rm_decision_interfaces/msg/CvDecision.msg
[0.882s] -- Up-to-date symlink: /home/hero/Desktop/birdiebot_nav_ws/install/rm_decision_interfaces/share/ament_index/resource_index/package_run_dependencies/rm_decision_interfaces
[0.882s] -- Up-to-date symlink: /home/hero/Desktop/birdiebot_nav_ws/install/rm_decision_interfaces/share/ament_index/resource_index/parent_prefix_path/rm_decision_interfaces
[0.882s] -- Up-to-date symlink: /home/hero/Desktop/birdiebot_nav_ws/install/rm_decision_interfaces/share/rm_decision_interfaces/environment/ament_prefix_path.sh
[0.882s] -- Up-to-date symlink: /home/hero/Desktop/birdiebot_nav_ws/install/rm_decision_interfaces/share/rm_decision_interfaces/environment/ament_prefix_path.dsv
[0.883s] -- Up-to-date symlink: /home/hero/Desktop/birdiebot_nav_ws/install/rm_decision_interfaces/share/rm_decision_interfaces/environment/path.sh
[0.883s] -- Up-to-date symlink: /home/hero/Desktop/birdiebot_nav_ws/install/rm_decision_interfaces/share/rm_decision_interfaces/environment/path.dsv
[0.883s] -- Up-to-date symlink: /home/hero/Desktop/birdiebot_nav_ws/install/rm_decision_interfaces/share/rm_decision_interfaces/local_setup.bash
[0.883s] -- Up-to-date symlink: /home/hero/Desktop/birdiebot_nav_ws/install/rm_decision_interfaces/share/rm_decision_interfaces/local_setup.sh
[0.883s] -- Up-to-date symlink: /home/hero/Desktop/birdiebot_nav_ws/install/rm_decision_interfaces/share/rm_decision_interfaces/local_setup.zsh
[0.883s] -- Up-to-date symlink: /home/hero/Desktop/birdiebot_nav_ws/install/rm_decision_interfaces/share/rm_decision_interfaces/local_setup.dsv
[0.883s] -- Symlinking: /home/hero/Desktop/birdiebot_nav_ws/install/rm_decision_interfaces/share/rm_decision_interfaces/package.dsv
[0.888s] -- Up-to-date symlink: /home/hero/Desktop/birdiebot_nav_ws/install/rm_decision_interfaces/share/ament_index/resource_index/packages/rm_decision_interfaces
[0.888s] -- Up-to-date symlink: /home/hero/Desktop/birdiebot_nav_ws/install/rm_decision_interfaces/share/rm_decision_interfaces/cmake/rosidl_cmake-extras.cmake
[0.888s] -- Up-to-date symlink: /home/hero/Desktop/birdiebot_nav_ws/install/rm_decision_interfaces/share/rm_decision_interfaces/cmake/ament_cmake_export_dependencies-extras.cmake
[0.889s] -- Up-to-date symlink: /home/hero/Desktop/birdiebot_nav_ws/install/rm_decision_interfaces/share/rm_decision_interfaces/cmake/ament_cmake_export_include_directories-extras.cmake
[0.889s] -- Up-to-date symlink: /home/hero/Desktop/birdiebot_nav_ws/install/rm_decision_interfaces/share/rm_decision_interfaces/cmake/ament_cmake_export_libraries-extras.cmake
[0.889s] -- Up-to-date symlink: /home/hero/Desktop/birdiebot_nav_ws/install/rm_decision_interfaces/share/rm_decision_interfaces/cmake/ament_cmake_export_targets-extras.cmake
[0.889s] -- Up-to-date symlink: /home/hero/Desktop/birdiebot_nav_ws/install/rm_decision_interfaces/share/rm_decision_interfaces/cmake/rosidl_cmake_export_typesupport_targets-extras.cmake
[0.889s] -- Up-to-date symlink: /home/hero/Desktop/birdiebot_nav_ws/install/rm_decision_interfaces/share/rm_decision_interfaces/cmake/rosidl_cmake_export_typesupport_libraries-extras.cmake
[0.889s] -- Up-to-date symlink: /home/hero/Desktop/birdiebot_nav_ws/install/rm_decision_interfaces/share/rm_decision_interfaces/cmake/rm_decision_interfacesConfig.cmake
[0.889s] -- Up-to-date symlink: /home/hero/Desktop/birdiebot_nav_ws/install/rm_decision_interfaces/share/rm_decision_interfaces/cmake/rm_decision_interfacesConfig-version.cmake
[0.889s] -- Up-to-date symlink: /home/hero/Desktop/birdiebot_nav_ws/install/rm_decision_interfaces/share/rm_decision_interfaces/package.xml
[0.890s] -- Up-to-date: /home/hero/Desktop/birdiebot_nav_ws/install/rm_decision_interfaces/lib/librm_decision_interfaces__rosidl_generator_c.so
[0.890s] -- Up-to-date: /home/hero/Desktop/birdiebot_nav_ws/install/rm_decision_interfaces/lib/librm_decision_interfaces__rosidl_typesupport_fastrtps_c.so
[0.890s] -- Up-to-date: /home/hero/Desktop/birdiebot_nav_ws/install/rm_decision_interfaces/lib/librm_decision_interfaces__rosidl_typesupport_introspection_c.so
[0.890s] -- Up-to-date: /home/hero/Desktop/birdiebot_nav_ws/install/rm_decision_interfaces/lib/librm_decision_interfaces__rosidl_typesupport_c.so
[0.890s] -- Up-to-date: /home/hero/Desktop/birdiebot_nav_ws/install/rm_decision_interfaces/lib/librm_decision_interfaces__rosidl_typesupport_fastrtps_cpp.so
[0.891s] -- Up-to-date: /home/hero/Desktop/birdiebot_nav_ws/install/rm_decision_interfaces/lib/librm_decision_interfaces__rosidl_typesupport_introspection_cpp.so
[0.891s] -- Up-to-date: /home/hero/Desktop/birdiebot_nav_ws/install/rm_decision_interfaces/lib/librm_decision_interfaces__rosidl_typesupport_cpp.so
[0.934s] Listing '/home/hero/Desktop/birdiebot_nav_ws/install/rm_decision_interfaces/local/lib/python3.10/dist-packages/rm_decision_interfaces'...
[0.934s] Listing '/home/hero/Desktop/birdiebot_nav_ws/install/rm_decision_interfaces/local/lib/python3.10/dist-packages/rm_decision_interfaces/msg'...
[0.941s] -- Up-to-date: /home/hero/Desktop/birdiebot_nav_ws/install/rm_decision_interfaces/lib/librm_decision_interfaces__rosidl_generator_py.so
[0.941s] -- Up-to-date: /home/hero/Desktop/birdiebot_nav_ws/install/rm_decision_interfaces/share/rm_decision_interfaces/cmake/export_rm_decision_interfaces__rosidl_generator_cExport.cmake
[0.941s] -- Up-to-date: /home/hero/Desktop/birdiebot_nav_ws/install/rm_decision_interfaces/share/rm_decision_interfaces/cmake/export_rm_decision_interfaces__rosidl_generator_cExport-noconfig.cmake
[0.941s] -- Up-to-date: /home/hero/Desktop/birdiebot_nav_ws/install/rm_decision_interfaces/share/rm_decision_interfaces/cmake/export_rm_decision_interfaces__rosidl_typesupport_fastrtps_cExport.cmake
[0.941s] -- Up-to-date: /home/hero/Desktop/birdiebot_nav_ws/install/rm_decision_interfaces/share/rm_decision_interfaces/cmake/export_rm_decision_interfaces__rosidl_typesupport_fastrtps_cExport-noconfig.cmake
[0.941s] -- Up-to-date: /home/hero/Desktop/birdiebot_nav_ws/install/rm_decision_interfaces/share/rm_decision_interfaces/cmake/rm_decision_interfaces__rosidl_typesupport_introspection_cExport.cmake
[0.941s] -- Up-to-date: /home/hero/Desktop/birdiebot_nav_ws/install/rm_decision_interfaces/share/rm_decision_interfaces/cmake/rm_decision_interfaces__rosidl_typesupport_introspection_cExport-noconfig.cmake
[0.941s] -- Up-to-date: /home/hero/Desktop/birdiebot_nav_ws/install/rm_decision_interfaces/share/rm_decision_interfaces/cmake/rm_decision_interfaces__rosidl_typesupport_cExport.cmake
[0.941s] -- Up-to-date: /home/hero/Desktop/birdiebot_nav_ws/install/rm_decision_interfaces/share/rm_decision_interfaces/cmake/rm_decision_interfaces__rosidl_typesupport_cExport-noconfig.cmake
[0.941s] -- Up-to-date: /home/hero/Desktop/birdiebot_nav_ws/install/rm_decision_interfaces/share/rm_decision_interfaces/cmake/export_rm_decision_interfaces__rosidl_generator_cppExport.cmake
[0.941s] -- Up-to-date: /home/hero/Desktop/birdiebot_nav_ws/install/rm_decision_interfaces/share/rm_decision_interfaces/cmake/export_rm_decision_interfaces__rosidl_typesupport_fastrtps_cppExport.cmake
[0.942s] -- Up-to-date: /home/hero/Desktop/birdiebot_nav_ws/install/rm_decision_interfaces/share/rm_decision_interfaces/cmake/export_rm_decision_interfaces__rosidl_typesupport_fastrtps_cppExport-noconfig.cmake
[0.942s] -- Up-to-date: /home/hero/Desktop/birdiebot_nav_ws/install/rm_decision_interfaces/share/rm_decision_interfaces/cmake/rm_decision_interfaces__rosidl_typesupport_introspection_cppExport.cmake
[0.942s] -- Up-to-date: /home/hero/Desktop/birdiebot_nav_ws/install/rm_decision_interfaces/share/rm_decision_interfaces/cmake/rm_decision_interfaces__rosidl_typesupport_introspection_cppExport-noconfig.cmake
[0.942s] -- Up-to-date: /home/hero/Desktop/birdiebot_nav_ws/install/rm_decision_interfaces/share/rm_decision_interfaces/cmake/rm_decision_interfaces__rosidl_typesupport_cppExport.cmake
[0.942s] -- Up-to-date: /home/hero/Desktop/birdiebot_nav_ws/install/rm_decision_interfaces/share/rm_decision_interfaces/cmake/rm_decision_interfaces__rosidl_typesupport_cppExport-noconfig.cmake
[0.942s] -- Up-to-date: /home/hero/Desktop/birdiebot_nav_ws/install/rm_decision_interfaces/share/rm_decision_interfaces/cmake/export_rm_decision_interfaces__rosidl_generator_pyExport.cmake
[0.942s] -- Up-to-date: /home/hero/Desktop/birdiebot_nav_ws/install/rm_decision_interfaces/share/rm_decision_interfaces/cmake/export_rm_decision_interfaces__rosidl_generator_pyExport-noconfig.cmake
[0.947s] Invoked command in '/home/hero/Desktop/birdiebot_nav_ws/build/rm_decision_interfaces' returned '0': CMAKE_PREFIX_PATH=/opt/ros/humble /usr/bin/cmake --install /home/hero/Desktop/birdiebot_nav_ws/build/rm_decision_interfaces
