[0.020s] Invoking command in '/home/hero/Desktop/birdiebot_nav_ws/build/auto_aim_interfaces': CMAKE_PREFIX_PATH=/opt/ros/humble /usr/bin/cmake --build /home/hero/Desktop/birdiebot_nav_ws/build/auto_aim_interfaces -- -j8 -l8
[0.078s] [ 11%] Built target auto_aim_interfaces__rosidl_generator_c
[0.085s] [ 12%] Built target auto_aim_interfaces__cpp
[0.093s] [ 12%] Built target ament_cmake_python_symlink_auto_aim_interfaces
[0.116s] [ 24%] Built target auto_aim_interfaces__rosidl_typesupport_fastrtps_c
[0.137s] [ 35%] Built target auto_aim_interfaces__rosidl_typesupport_introspection_c
[0.157s] [ 47%] Built target auto_aim_interfaces__rosidl_typesupport_c
[0.173s] [ 58%] Built target auto_aim_interfaces__rosidl_typesupport_cpp
[0.180s] [ 70%] Built target auto_aim_interfaces__rosidl_typesupport_introspection_cpp
[0.209s] [ 81%] Built target auto_aim_interfaces__rosidl_typesupport_fastrtps_cpp
[0.315s] [ 81%] Built target auto_aim_interfaces
[0.391s] [ 82%] Built target auto_aim_interfaces__py
[0.506s] [ 93%] Built target auto_aim_interfaces__rosidl_generator_py
[0.572s] running egg_info
[0.573s] writing auto_aim_interfaces.egg-info/PKG-INFO
[0.573s] writing dependency_links to auto_aim_interfaces.egg-info/dependency_links.txt
[0.573s] writing top-level names to auto_aim_interfaces.egg-info/top_level.txt
[0.582s] [ 95%] Built target auto_aim_interfaces__rosidl_typesupport_fastrtps_c__pyext
[0.582s] reading manifest file 'auto_aim_interfaces.egg-info/SOURCES.txt'
[0.582s] writing manifest file 'auto_aim_interfaces.egg-info/SOURCES.txt'
[0.589s] [ 97%] Built target auto_aim_interfaces__rosidl_typesupport_c__pyext
[0.590s] [100%] Built target auto_aim_interfaces__rosidl_typesupport_introspection_c__pyext
[0.616s] [100%] Built target ament_cmake_python_build_auto_aim_interfaces_egg
[0.646s] Invoked command in '/home/hero/Desktop/birdiebot_nav_ws/build/auto_aim_interfaces' returned '0': CMAKE_PREFIX_PATH=/opt/ros/humble /usr/bin/cmake --build /home/hero/Desktop/birdiebot_nav_ws/build/auto_aim_interfaces -- -j8 -l8
[1.089s] Invoking command in '/home/hero/Desktop/birdiebot_nav_ws/build/auto_aim_interfaces': CMAKE_PREFIX_PATH=/opt/ros/humble /usr/bin/cmake --install /home/hero/Desktop/birdiebot_nav_ws/build/auto_aim_interfaces
[1.104s] -- Install configuration: ""
[1.112s] -- Execute custom install script
[1.116s] -- Up-to-date symlink: /home/hero/Desktop/birdiebot_nav_ws/install/auto_aim_interfaces/share/ament_index/resource_index/rosidl_interfaces/auto_aim_interfaces
[1.118s] -- Up-to-date symlink: /home/hero/Desktop/birdiebot_nav_ws/install/auto_aim_interfaces/include/auto_aim_interfaces/auto_aim_interfaces/msg/armor.h
[1.119s] -- Up-to-date symlink: /home/hero/Desktop/birdiebot_nav_ws/install/auto_aim_interfaces/include/auto_aim_interfaces/auto_aim_interfaces/msg/armors.h
[1.119s] -- Up-to-date symlink: /home/hero/Desktop/birdiebot_nav_ws/install/auto_aim_interfaces/include/auto_aim_interfaces/auto_aim_interfaces/msg/debug_armor.h
[1.119s] -- Up-to-date symlink: /home/hero/Desktop/birdiebot_nav_ws/install/auto_aim_interfaces/include/auto_aim_interfaces/auto_aim_interfaces/msg/debug_armors.h
[1.119s] -- Up-to-date symlink: /home/hero/Desktop/birdiebot_nav_ws/install/auto_aim_interfaces/include/auto_aim_interfaces/auto_aim_interfaces/msg/debug_light.h
[1.119s] -- Up-to-date symlink: /home/hero/Desktop/birdiebot_nav_ws/install/auto_aim_interfaces/include/auto_aim_interfaces/auto_aim_interfaces/msg/debug_lights.h
[1.119s] -- Up-to-date symlink: /home/hero/Desktop/birdiebot_nav_ws/install/auto_aim_interfaces/include/auto_aim_interfaces/auto_aim_interfaces/msg/detail/armor__functions.h
[1.119s] -- Up-to-date symlink: /home/hero/Desktop/birdiebot_nav_ws/install/auto_aim_interfaces/include/auto_aim_interfaces/auto_aim_interfaces/msg/detail/armor__struct.h
[1.120s] -- Up-to-date symlink: /home/hero/Desktop/birdiebot_nav_ws/install/auto_aim_interfaces/include/auto_aim_interfaces/auto_aim_interfaces/msg/detail/armor__type_support.h
[1.120s] -- Up-to-date symlink: /home/hero/Desktop/birdiebot_nav_ws/install/auto_aim_interfaces/include/auto_aim_interfaces/auto_aim_interfaces/msg/detail/armors__functions.h
[1.120s] -- Up-to-date symlink: /home/hero/Desktop/birdiebot_nav_ws/install/auto_aim_interfaces/include/auto_aim_interfaces/auto_aim_interfaces/msg/detail/armors__struct.h
[1.120s] -- Up-to-date symlink: /home/hero/Desktop/birdiebot_nav_ws/install/auto_aim_interfaces/include/auto_aim_interfaces/auto_aim_interfaces/msg/detail/armors__type_support.h
[1.120s] -- Up-to-date symlink: /home/hero/Desktop/birdiebot_nav_ws/install/auto_aim_interfaces/include/auto_aim_interfaces/auto_aim_interfaces/msg/detail/debug_armor__functions.h
[1.121s] -- Up-to-date symlink: /home/hero/Desktop/birdiebot_nav_ws/install/auto_aim_interfaces/include/auto_aim_interfaces/auto_aim_interfaces/msg/detail/debug_armor__struct.h
[1.125s] -- Up-to-date symlink: /home/hero/Desktop/birdiebot_nav_ws/install/auto_aim_interfaces/include/auto_aim_interfaces/auto_aim_interfaces/msg/detail/debug_armor__type_support.h
[1.125s] -- Up-to-date symlink: /home/hero/Desktop/birdiebot_nav_ws/install/auto_aim_interfaces/include/auto_aim_interfaces/auto_aim_interfaces/msg/detail/debug_armors__functions.h
[1.125s] -- Up-to-date symlink: /home/hero/Desktop/birdiebot_nav_ws/install/auto_aim_interfaces/include/auto_aim_interfaces/auto_aim_interfaces/msg/detail/debug_armors__struct.h
[1.125s] -- Up-to-date symlink: /home/hero/Desktop/birdiebot_nav_ws/install/auto_aim_interfaces/include/auto_aim_interfaces/auto_aim_interfaces/msg/detail/debug_armors__type_support.h
[1.125s] -- Up-to-date symlink: /home/hero/Desktop/birdiebot_nav_ws/install/auto_aim_interfaces/include/auto_aim_interfaces/auto_aim_interfaces/msg/detail/debug_light__functions.h
[1.125s] -- Up-to-date symlink: /home/hero/Desktop/birdiebot_nav_ws/install/auto_aim_interfaces/include/auto_aim_interfaces/auto_aim_interfaces/msg/detail/debug_light__struct.h
[1.125s] -- Up-to-date symlink: /home/hero/Desktop/birdiebot_nav_ws/install/auto_aim_interfaces/include/auto_aim_interfaces/auto_aim_interfaces/msg/detail/debug_light__type_support.h
[1.125s] -- Up-to-date symlink: /home/hero/Desktop/birdiebot_nav_ws/install/auto_aim_interfaces/include/auto_aim_interfaces/auto_aim_interfaces/msg/detail/debug_lights__functions.h
[1.125s] -- Up-to-date symlink: /home/hero/Desktop/birdiebot_nav_ws/install/auto_aim_interfaces/include/auto_aim_interfaces/auto_aim_interfaces/msg/detail/debug_lights__struct.h
[1.125s] -- Up-to-date symlink: /home/hero/Desktop/birdiebot_nav_ws/install/auto_aim_interfaces/include/auto_aim_interfaces/auto_aim_interfaces/msg/detail/debug_lights__type_support.h
[1.125s] -- Up-to-date symlink: /home/hero/Desktop/birdiebot_nav_ws/install/auto_aim_interfaces/include/auto_aim_interfaces/auto_aim_interfaces/msg/detail/target__functions.h
[1.125s] -- Up-to-date symlink: /home/hero/Desktop/birdiebot_nav_ws/install/auto_aim_interfaces/include/auto_aim_interfaces/auto_aim_interfaces/msg/detail/target__struct.h
[1.125s] -- Up-to-date symlink: /home/hero/Desktop/birdiebot_nav_ws/install/auto_aim_interfaces/include/auto_aim_interfaces/auto_aim_interfaces/msg/detail/target__type_support.h
[1.125s] -- Up-to-date symlink: /home/hero/Desktop/birdiebot_nav_ws/install/auto_aim_interfaces/include/auto_aim_interfaces/auto_aim_interfaces/msg/detail/tracker_info__functions.h
[1.126s] -- Up-to-date symlink: /home/hero/Desktop/birdiebot_nav_ws/install/auto_aim_interfaces/include/auto_aim_interfaces/auto_aim_interfaces/msg/detail/tracker_info__struct.h
[1.126s] -- Up-to-date symlink: /home/hero/Desktop/birdiebot_nav_ws/install/auto_aim_interfaces/include/auto_aim_interfaces/auto_aim_interfaces/msg/detail/tracker_info__type_support.h
[1.126s] -- Up-to-date symlink: /home/hero/Desktop/birdiebot_nav_ws/install/auto_aim_interfaces/include/auto_aim_interfaces/auto_aim_interfaces/msg/rosidl_generator_c__visibility_control.h
[1.126s] -- Up-to-date symlink: /home/hero/Desktop/birdiebot_nav_ws/install/auto_aim_interfaces/include/auto_aim_interfaces/auto_aim_interfaces/msg/target.h
[1.126s] -- Up-to-date symlink: /home/hero/Desktop/birdiebot_nav_ws/install/auto_aim_interfaces/include/auto_aim_interfaces/auto_aim_interfaces/msg/tracker_info.h
[1.126s] -- Up-to-date symlink: /home/hero/Desktop/birdiebot_nav_ws/install/auto_aim_interfaces/share/auto_aim_interfaces/environment/library_path.sh
[1.126s] -- Up-to-date symlink: /home/hero/Desktop/birdiebot_nav_ws/install/auto_aim_interfaces/share/auto_aim_interfaces/environment/library_path.dsv
[1.126s] -- Up-to-date symlink: /home/hero/Desktop/birdiebot_nav_ws/install/auto_aim_interfaces/include/auto_aim_interfaces/auto_aim_interfaces/msg/detail/armor__rosidl_typesupport_fastrtps_c.h
[1.127s] -- Up-to-date symlink: /home/hero/Desktop/birdiebot_nav_ws/install/auto_aim_interfaces/include/auto_aim_interfaces/auto_aim_interfaces/msg/detail/armors__rosidl_typesupport_fastrtps_c.h
[1.127s] -- Up-to-date symlink: /home/hero/Desktop/birdiebot_nav_ws/install/auto_aim_interfaces/include/auto_aim_interfaces/auto_aim_interfaces/msg/detail/debug_armor__rosidl_typesupport_fastrtps_c.h
[1.127s] -- Up-to-date symlink: /home/hero/Desktop/birdiebot_nav_ws/install/auto_aim_interfaces/include/auto_aim_interfaces/auto_aim_interfaces/msg/detail/debug_armors__rosidl_typesupport_fastrtps_c.h
[1.127s] -- Up-to-date symlink: /home/hero/Desktop/birdiebot_nav_ws/install/auto_aim_interfaces/include/auto_aim_interfaces/auto_aim_interfaces/msg/detail/debug_light__rosidl_typesupport_fastrtps_c.h
[1.127s] -- Up-to-date symlink: /home/hero/Desktop/birdiebot_nav_ws/install/auto_aim_interfaces/include/auto_aim_interfaces/auto_aim_interfaces/msg/detail/debug_lights__rosidl_typesupport_fastrtps_c.h
[1.128s] -- Up-to-date symlink: /home/hero/Desktop/birdiebot_nav_ws/install/auto_aim_interfaces/include/auto_aim_interfaces/auto_aim_interfaces/msg/detail/target__rosidl_typesupport_fastrtps_c.h
[1.128s] -- Up-to-date symlink: /home/hero/Desktop/birdiebot_nav_ws/install/auto_aim_interfaces/include/auto_aim_interfaces/auto_aim_interfaces/msg/detail/tracker_info__rosidl_typesupport_fastrtps_c.h
[1.128s] -- Up-to-date symlink: /home/hero/Desktop/birdiebot_nav_ws/install/auto_aim_interfaces/include/auto_aim_interfaces/auto_aim_interfaces/msg/rosidl_typesupport_fastrtps_c__visibility_control.h
[1.129s] -- Up-to-date symlink: /home/hero/Desktop/birdiebot_nav_ws/install/auto_aim_interfaces/include/auto_aim_interfaces/auto_aim_interfaces/msg/detail/armor__rosidl_typesupport_introspection_c.h
[1.129s] -- Up-to-date symlink: /home/hero/Desktop/birdiebot_nav_ws/install/auto_aim_interfaces/include/auto_aim_interfaces/auto_aim_interfaces/msg/detail/armors__rosidl_typesupport_introspection_c.h
[1.129s] -- Up-to-date symlink: /home/hero/Desktop/birdiebot_nav_ws/install/auto_aim_interfaces/include/auto_aim_interfaces/auto_aim_interfaces/msg/detail/debug_armor__rosidl_typesupport_introspection_c.h
[1.131s] -- Up-to-date symlink: /home/hero/Desktop/birdiebot_nav_ws/install/auto_aim_interfaces/include/auto_aim_interfaces/auto_aim_interfaces/msg/detail/debug_armors__rosidl_typesupport_introspection_c.h
[1.131s] -- Up-to-date symlink: /home/hero/Desktop/birdiebot_nav_ws/install/auto_aim_interfaces/include/auto_aim_interfaces/auto_aim_interfaces/msg/detail/debug_light__rosidl_typesupport_introspection_c.h
[1.131s] -- Up-to-date symlink: /home/hero/Desktop/birdiebot_nav_ws/install/auto_aim_interfaces/include/auto_aim_interfaces/auto_aim_interfaces/msg/detail/debug_lights__rosidl_typesupport_introspection_c.h
[1.131s] -- Up-to-date symlink: /home/hero/Desktop/birdiebot_nav_ws/install/auto_aim_interfaces/include/auto_aim_interfaces/auto_aim_interfaces/msg/detail/target__rosidl_typesupport_introspection_c.h
[1.131s] -- Up-to-date symlink: /home/hero/Desktop/birdiebot_nav_ws/install/auto_aim_interfaces/include/auto_aim_interfaces/auto_aim_interfaces/msg/detail/tracker_info__rosidl_typesupport_introspection_c.h
[1.131s] -- Up-to-date symlink: /home/hero/Desktop/birdiebot_nav_ws/install/auto_aim_interfaces/include/auto_aim_interfaces/auto_aim_interfaces/msg/rosidl_typesupport_introspection_c__visibility_control.h
[1.131s] -- Up-to-date symlink: /home/hero/Desktop/birdiebot_nav_ws/install/auto_aim_interfaces/include/auto_aim_interfaces/auto_aim_interfaces/msg/armor.hpp
[1.131s] -- Up-to-date symlink: /home/hero/Desktop/birdiebot_nav_ws/install/auto_aim_interfaces/include/auto_aim_interfaces/auto_aim_interfaces/msg/armors.hpp
[1.131s] -- Up-to-date symlink: /home/hero/Desktop/birdiebot_nav_ws/install/auto_aim_interfaces/include/auto_aim_interfaces/auto_aim_interfaces/msg/debug_armor.hpp
[1.131s] -- Up-to-date symlink: /home/hero/Desktop/birdiebot_nav_ws/install/auto_aim_interfaces/include/auto_aim_interfaces/auto_aim_interfaces/msg/debug_armors.hpp
[1.131s] -- Up-to-date symlink: /home/hero/Desktop/birdiebot_nav_ws/install/auto_aim_interfaces/include/auto_aim_interfaces/auto_aim_interfaces/msg/debug_light.hpp
[1.131s] -- Up-to-date symlink: /home/hero/Desktop/birdiebot_nav_ws/install/auto_aim_interfaces/include/auto_aim_interfaces/auto_aim_interfaces/msg/debug_lights.hpp
[1.131s] -- Up-to-date symlink: /home/hero/Desktop/birdiebot_nav_ws/install/auto_aim_interfaces/include/auto_aim_interfaces/auto_aim_interfaces/msg/detail/armor__builder.hpp
[1.132s] -- Up-to-date symlink: /home/hero/Desktop/birdiebot_nav_ws/install/auto_aim_interfaces/include/auto_aim_interfaces/auto_aim_interfaces/msg/detail/armor__struct.hpp
[1.132s] -- Up-to-date symlink: /home/hero/Desktop/birdiebot_nav_ws/install/auto_aim_interfaces/include/auto_aim_interfaces/auto_aim_interfaces/msg/detail/armor__traits.hpp
[1.132s] -- Up-to-date symlink: /home/hero/Desktop/birdiebot_nav_ws/install/auto_aim_interfaces/include/auto_aim_interfaces/auto_aim_interfaces/msg/detail/armor__type_support.hpp
[1.132s] -- Up-to-date symlink: /home/hero/Desktop/birdiebot_nav_ws/install/auto_aim_interfaces/include/auto_aim_interfaces/auto_aim_interfaces/msg/detail/armors__builder.hpp
[1.132s] -- Up-to-date symlink: /home/hero/Desktop/birdiebot_nav_ws/install/auto_aim_interfaces/include/auto_aim_interfaces/auto_aim_interfaces/msg/detail/armors__struct.hpp
[1.132s] -- Up-to-date symlink: /home/hero/Desktop/birdiebot_nav_ws/install/auto_aim_interfaces/include/auto_aim_interfaces/auto_aim_interfaces/msg/detail/armors__traits.hpp
[1.132s] -- Up-to-date symlink: /home/hero/Desktop/birdiebot_nav_ws/install/auto_aim_interfaces/include/auto_aim_interfaces/auto_aim_interfaces/msg/detail/armors__type_support.hpp
[1.132s] -- Up-to-date symlink: /home/hero/Desktop/birdiebot_nav_ws/install/auto_aim_interfaces/include/auto_aim_interfaces/auto_aim_interfaces/msg/detail/debug_armor__builder.hpp
[1.132s] -- Up-to-date symlink: /home/hero/Desktop/birdiebot_nav_ws/install/auto_aim_interfaces/include/auto_aim_interfaces/auto_aim_interfaces/msg/detail/debug_armor__struct.hpp
[1.132s] -- Up-to-date symlink: /home/hero/Desktop/birdiebot_nav_ws/install/auto_aim_interfaces/include/auto_aim_interfaces/auto_aim_interfaces/msg/detail/debug_armor__traits.hpp
[1.132s] -- Up-to-date symlink: /home/hero/Desktop/birdiebot_nav_ws/install/auto_aim_interfaces/include/auto_aim_interfaces/auto_aim_interfaces/msg/detail/debug_armor__type_support.hpp
[1.132s] -- Up-to-date symlink: /home/hero/Desktop/birdiebot_nav_ws/install/auto_aim_interfaces/include/auto_aim_interfaces/auto_aim_interfaces/msg/detail/debug_armors__builder.hpp
[1.132s] -- Up-to-date symlink: /home/hero/Desktop/birdiebot_nav_ws/install/auto_aim_interfaces/include/auto_aim_interfaces/auto_aim_interfaces/msg/detail/debug_armors__struct.hpp
[1.133s] -- Up-to-date symlink: /home/hero/Desktop/birdiebot_nav_ws/install/auto_aim_interfaces/include/auto_aim_interfaces/auto_aim_interfaces/msg/detail/debug_armors__traits.hpp
[1.133s] -- Up-to-date symlink: /home/hero/Desktop/birdiebot_nav_ws/install/auto_aim_interfaces/include/auto_aim_interfaces/auto_aim_interfaces/msg/detail/debug_armors__type_support.hpp
[1.133s] -- Up-to-date symlink: /home/hero/Desktop/birdiebot_nav_ws/install/auto_aim_interfaces/include/auto_aim_interfaces/auto_aim_interfaces/msg/detail/debug_light__builder.hpp
[1.133s] -- Up-to-date symlink: /home/hero/Desktop/birdiebot_nav_ws/install/auto_aim_interfaces/include/auto_aim_interfaces/auto_aim_interfaces/msg/detail/debug_light__struct.hpp
[1.133s] -- Up-to-date symlink: /home/hero/Desktop/birdiebot_nav_ws/install/auto_aim_interfaces/include/auto_aim_interfaces/auto_aim_interfaces/msg/detail/debug_light__traits.hpp
[1.133s] -- Up-to-date symlink: /home/hero/Desktop/birdiebot_nav_ws/install/auto_aim_interfaces/include/auto_aim_interfaces/auto_aim_interfaces/msg/detail/debug_light__type_support.hpp
[1.133s] -- Up-to-date symlink: /home/hero/Desktop/birdiebot_nav_ws/install/auto_aim_interfaces/include/auto_aim_interfaces/auto_aim_interfaces/msg/detail/debug_lights__builder.hpp
[1.133s] -- Up-to-date symlink: /home/hero/Desktop/birdiebot_nav_ws/install/auto_aim_interfaces/include/auto_aim_interfaces/auto_aim_interfaces/msg/detail/debug_lights__struct.hpp
[1.133s] -- Up-to-date symlink: /home/hero/Desktop/birdiebot_nav_ws/install/auto_aim_interfaces/include/auto_aim_interfaces/auto_aim_interfaces/msg/detail/debug_lights__traits.hpp
[1.133s] -- Up-to-date symlink: /home/hero/Desktop/birdiebot_nav_ws/install/auto_aim_interfaces/include/auto_aim_interfaces/auto_aim_interfaces/msg/detail/debug_lights__type_support.hpp
[1.133s] -- Up-to-date symlink: /home/hero/Desktop/birdiebot_nav_ws/install/auto_aim_interfaces/include/auto_aim_interfaces/auto_aim_interfaces/msg/detail/target__builder.hpp
[1.133s] -- Up-to-date symlink: /home/hero/Desktop/birdiebot_nav_ws/install/auto_aim_interfaces/include/auto_aim_interfaces/auto_aim_interfaces/msg/detail/target__struct.hpp
[1.133s] -- Up-to-date symlink: /home/hero/Desktop/birdiebot_nav_ws/install/auto_aim_interfaces/include/auto_aim_interfaces/auto_aim_interfaces/msg/detail/target__traits.hpp
[1.134s] -- Up-to-date symlink: /home/hero/Desktop/birdiebot_nav_ws/install/auto_aim_interfaces/include/auto_aim_interfaces/auto_aim_interfaces/msg/detail/target__type_support.hpp
[1.134s] -- Up-to-date symlink: /home/hero/Desktop/birdiebot_nav_ws/install/auto_aim_interfaces/include/auto_aim_interfaces/auto_aim_interfaces/msg/detail/tracker_info__builder.hpp
[1.134s] -- Up-to-date symlink: /home/hero/Desktop/birdiebot_nav_ws/install/auto_aim_interfaces/include/auto_aim_interfaces/auto_aim_interfaces/msg/detail/tracker_info__struct.hpp
[1.134s] -- Up-to-date symlink: /home/hero/Desktop/birdiebot_nav_ws/install/auto_aim_interfaces/include/auto_aim_interfaces/auto_aim_interfaces/msg/detail/tracker_info__traits.hpp
[1.134s] -- Up-to-date symlink: /home/hero/Desktop/birdiebot_nav_ws/install/auto_aim_interfaces/include/auto_aim_interfaces/auto_aim_interfaces/msg/detail/tracker_info__type_support.hpp
[1.134s] -- Up-to-date symlink: /home/hero/Desktop/birdiebot_nav_ws/install/auto_aim_interfaces/include/auto_aim_interfaces/auto_aim_interfaces/msg/rosidl_generator_cpp__visibility_control.hpp
[1.135s] -- Up-to-date symlink: /home/hero/Desktop/birdiebot_nav_ws/install/auto_aim_interfaces/include/auto_aim_interfaces/auto_aim_interfaces/msg/target.hpp
[1.135s] -- Up-to-date symlink: /home/hero/Desktop/birdiebot_nav_ws/install/auto_aim_interfaces/include/auto_aim_interfaces/auto_aim_interfaces/msg/tracker_info.hpp
[1.135s] -- Up-to-date symlink: /home/hero/Desktop/birdiebot_nav_ws/install/auto_aim_interfaces/include/auto_aim_interfaces/auto_aim_interfaces/msg/detail/armor__rosidl_typesupport_fastrtps_cpp.hpp
[1.135s] -- Up-to-date symlink: /home/hero/Desktop/birdiebot_nav_ws/install/auto_aim_interfaces/include/auto_aim_interfaces/auto_aim_interfaces/msg/detail/armors__rosidl_typesupport_fastrtps_cpp.hpp
[1.135s] -- Up-to-date symlink: /home/hero/Desktop/birdiebot_nav_ws/install/auto_aim_interfaces/include/auto_aim_interfaces/auto_aim_interfaces/msg/detail/debug_armor__rosidl_typesupport_fastrtps_cpp.hpp
[1.135s] -- Up-to-date symlink: /home/hero/Desktop/birdiebot_nav_ws/install/auto_aim_interfaces/include/auto_aim_interfaces/auto_aim_interfaces/msg/detail/debug_armors__rosidl_typesupport_fastrtps_cpp.hpp
[1.135s] -- Up-to-date symlink: /home/hero/Desktop/birdiebot_nav_ws/install/auto_aim_interfaces/include/auto_aim_interfaces/auto_aim_interfaces/msg/detail/debug_light__rosidl_typesupport_fastrtps_cpp.hpp
[1.135s] -- Up-to-date symlink: /home/hero/Desktop/birdiebot_nav_ws/install/auto_aim_interfaces/include/auto_aim_interfaces/auto_aim_interfaces/msg/detail/debug_lights__rosidl_typesupport_fastrtps_cpp.hpp
[1.135s] -- Up-to-date symlink: /home/hero/Desktop/birdiebot_nav_ws/install/auto_aim_interfaces/include/auto_aim_interfaces/auto_aim_interfaces/msg/detail/target__rosidl_typesupport_fastrtps_cpp.hpp
[1.135s] -- Up-to-date symlink: /home/hero/Desktop/birdiebot_nav_ws/install/auto_aim_interfaces/include/auto_aim_interfaces/auto_aim_interfaces/msg/detail/tracker_info__rosidl_typesupport_fastrtps_cpp.hpp
[1.135s] -- Up-to-date symlink: /home/hero/Desktop/birdiebot_nav_ws/install/auto_aim_interfaces/include/auto_aim_interfaces/auto_aim_interfaces/msg/rosidl_typesupport_fastrtps_cpp__visibility_control.h
[1.136s] -- Up-to-date symlink: /home/hero/Desktop/birdiebot_nav_ws/install/auto_aim_interfaces/include/auto_aim_interfaces/auto_aim_interfaces/msg/detail/armor__rosidl_typesupport_introspection_cpp.hpp
[1.136s] -- Up-to-date symlink: /home/hero/Desktop/birdiebot_nav_ws/install/auto_aim_interfaces/include/auto_aim_interfaces/auto_aim_interfaces/msg/detail/armors__rosidl_typesupport_introspection_cpp.hpp
[1.136s] -- Up-to-date symlink: /home/hero/Desktop/birdiebot_nav_ws/install/auto_aim_interfaces/include/auto_aim_interfaces/auto_aim_interfaces/msg/detail/debug_armor__rosidl_typesupport_introspection_cpp.hpp
[1.137s] -- Up-to-date symlink: /home/hero/Desktop/birdiebot_nav_ws/install/auto_aim_interfaces/include/auto_aim_interfaces/auto_aim_interfaces/msg/detail/debug_armors__rosidl_typesupport_introspection_cpp.hpp
[1.137s] -- Up-to-date symlink: /home/hero/Desktop/birdiebot_nav_ws/install/auto_aim_interfaces/include/auto_aim_interfaces/auto_aim_interfaces/msg/detail/debug_light__rosidl_typesupport_introspection_cpp.hpp
[1.137s] -- Up-to-date symlink: /home/hero/Desktop/birdiebot_nav_ws/install/auto_aim_interfaces/include/auto_aim_interfaces/auto_aim_interfaces/msg/detail/debug_lights__rosidl_typesupport_introspection_cpp.hpp
[1.137s] -- Up-to-date symlink: /home/hero/Desktop/birdiebot_nav_ws/install/auto_aim_interfaces/include/auto_aim_interfaces/auto_aim_interfaces/msg/detail/target__rosidl_typesupport_introspection_cpp.hpp
[1.137s] -- Up-to-date symlink: /home/hero/Desktop/birdiebot_nav_ws/install/auto_aim_interfaces/include/auto_aim_interfaces/auto_aim_interfaces/msg/detail/tracker_info__rosidl_typesupport_introspection_cpp.hpp
[1.137s] -- Up-to-date symlink: /home/hero/Desktop/birdiebot_nav_ws/install/auto_aim_interfaces/share/auto_aim_interfaces/environment/pythonpath.sh
[1.137s] -- Up-to-date symlink: /home/hero/Desktop/birdiebot_nav_ws/install/auto_aim_interfaces/share/auto_aim_interfaces/environment/pythonpath.dsv
[1.145s] -- Up-to-date symlink: /home/hero/Desktop/birdiebot_nav_ws/install/auto_aim_interfaces/local/lib/python3.10/dist-packages/auto_aim_interfaces-0.0.0-py3.10.egg-info/PKG-INFO
[1.145s] -- Up-to-date symlink: /home/hero/Desktop/birdiebot_nav_ws/install/auto_aim_interfaces/local/lib/python3.10/dist-packages/auto_aim_interfaces-0.0.0-py3.10.egg-info/SOURCES.txt
[1.145s] -- Up-to-date symlink: /home/hero/Desktop/birdiebot_nav_ws/install/auto_aim_interfaces/local/lib/python3.10/dist-packages/auto_aim_interfaces-0.0.0-py3.10.egg-info/dependency_links.txt
[1.145s] -- Up-to-date symlink: /home/hero/Desktop/birdiebot_nav_ws/install/auto_aim_interfaces/local/lib/python3.10/dist-packages/auto_aim_interfaces-0.0.0-py3.10.egg-info/top_level.txt
[1.147s] -- Up-to-date symlink: /home/hero/Desktop/birdiebot_nav_ws/install/auto_aim_interfaces/local/lib/python3.10/dist-packages/auto_aim_interfaces/__init__.py
[1.147s] -- Up-to-date symlink: /home/hero/Desktop/birdiebot_nav_ws/install/auto_aim_interfaces/local/lib/python3.10/dist-packages/auto_aim_interfaces/_auto_aim_interfaces_s.ep.rosidl_typesupport_c.c
[1.148s] -- Up-to-date symlink: /home/hero/Desktop/birdiebot_nav_ws/install/auto_aim_interfaces/local/lib/python3.10/dist-packages/auto_aim_interfaces/_auto_aim_interfaces_s.ep.rosidl_typesupport_fastrtps_c.c
[1.148s] -- Up-to-date symlink: /home/hero/Desktop/birdiebot_nav_ws/install/auto_aim_interfaces/local/lib/python3.10/dist-packages/auto_aim_interfaces/_auto_aim_interfaces_s.ep.rosidl_typesupport_introspection_c.c
[1.148s] -- Up-to-date symlink: /home/hero/Desktop/birdiebot_nav_ws/install/auto_aim_interfaces/local/lib/python3.10/dist-packages/auto_aim_interfaces/auto_aim_interfaces_s__rosidl_typesupport_c.cpython-310-x86_64-linux-gnu.so
[1.148s] -- Up-to-date symlink: /home/hero/Desktop/birdiebot_nav_ws/install/auto_aim_interfaces/local/lib/python3.10/dist-packages/auto_aim_interfaces/auto_aim_interfaces_s__rosidl_typesupport_fastrtps_c.cpython-310-x86_64-linux-gnu.so
[1.148s] -- Up-to-date symlink: /home/hero/Desktop/birdiebot_nav_ws/install/auto_aim_interfaces/local/lib/python3.10/dist-packages/auto_aim_interfaces/auto_aim_interfaces_s__rosidl_typesupport_introspection_c.cpython-310-x86_64-linux-gnu.so
[1.148s] -- Up-to-date symlink: /home/hero/Desktop/birdiebot_nav_ws/install/auto_aim_interfaces/local/lib/python3.10/dist-packages/auto_aim_interfaces/libauto_aim_interfaces__rosidl_generator_py.so
[1.148s] -- Up-to-date symlink: /home/hero/Desktop/birdiebot_nav_ws/install/auto_aim_interfaces/local/lib/python3.10/dist-packages/auto_aim_interfaces/msg/__init__.py
[1.148s] -- Up-to-date symlink: /home/hero/Desktop/birdiebot_nav_ws/install/auto_aim_interfaces/local/lib/python3.10/dist-packages/auto_aim_interfaces/msg/_armor.py
[1.148s] -- Up-to-date symlink: /home/hero/Desktop/birdiebot_nav_ws/install/auto_aim_interfaces/local/lib/python3.10/dist-packages/auto_aim_interfaces/msg/_armor_s.c
[1.148s] -- Up-to-date symlink: /home/hero/Desktop/birdiebot_nav_ws/install/auto_aim_interfaces/local/lib/python3.10/dist-packages/auto_aim_interfaces/msg/_armors.py
[1.148s] -- Up-to-date symlink: /home/hero/Desktop/birdiebot_nav_ws/install/auto_aim_interfaces/local/lib/python3.10/dist-packages/auto_aim_interfaces/msg/_armors_s.c
[1.148s] -- Up-to-date symlink: /home/hero/Desktop/birdiebot_nav_ws/install/auto_aim_interfaces/local/lib/python3.10/dist-packages/auto_aim_interfaces/msg/_debug_armor.py
[1.148s] -- Up-to-date symlink: /home/hero/Desktop/birdiebot_nav_ws/install/auto_aim_interfaces/local/lib/python3.10/dist-packages/auto_aim_interfaces/msg/_debug_armor_s.c
[1.148s] -- Up-to-date symlink: /home/hero/Desktop/birdiebot_nav_ws/install/auto_aim_interfaces/local/lib/python3.10/dist-packages/auto_aim_interfaces/msg/_debug_armors.py
[1.148s] -- Up-to-date symlink: /home/hero/Desktop/birdiebot_nav_ws/install/auto_aim_interfaces/local/lib/python3.10/dist-packages/auto_aim_interfaces/msg/_debug_armors_s.c
[1.148s] -- Up-to-date symlink: /home/hero/Desktop/birdiebot_nav_ws/install/auto_aim_interfaces/local/lib/python3.10/dist-packages/auto_aim_interfaces/msg/_debug_light.py
[1.148s] -- Up-to-date symlink: /home/hero/Desktop/birdiebot_nav_ws/install/auto_aim_interfaces/local/lib/python3.10/dist-packages/auto_aim_interfaces/msg/_debug_light_s.c
[1.148s] -- Up-to-date symlink: /home/hero/Desktop/birdiebot_nav_ws/install/auto_aim_interfaces/local/lib/python3.10/dist-packages/auto_aim_interfaces/msg/_debug_lights.py
[1.148s] -- Up-to-date symlink: /home/hero/Desktop/birdiebot_nav_ws/install/auto_aim_interfaces/local/lib/python3.10/dist-packages/auto_aim_interfaces/msg/_debug_lights_s.c
[1.148s] -- Up-to-date symlink: /home/hero/Desktop/birdiebot_nav_ws/install/auto_aim_interfaces/local/lib/python3.10/dist-packages/auto_aim_interfaces/msg/_target.py
[1.148s] -- Up-to-date symlink: /home/hero/Desktop/birdiebot_nav_ws/install/auto_aim_interfaces/local/lib/python3.10/dist-packages/auto_aim_interfaces/msg/_target_s.c
[1.148s] -- Up-to-date symlink: /home/hero/Desktop/birdiebot_nav_ws/install/auto_aim_interfaces/local/lib/python3.10/dist-packages/auto_aim_interfaces/msg/_tracker_info.py
[1.149s] -- Up-to-date symlink: /home/hero/Desktop/birdiebot_nav_ws/install/auto_aim_interfaces/local/lib/python3.10/dist-packages/auto_aim_interfaces/msg/_tracker_info_s.c
[1.149s] -- Up-to-date symlink: /home/hero/Desktop/birdiebot_nav_ws/install/auto_aim_interfaces/local/lib/python3.10/dist-packages/auto_aim_interfaces/auto_aim_interfaces_s__rosidl_typesupport_fastrtps_c.cpython-310-x86_64-linux-gnu.so
[1.149s] -- Up-to-date symlink: /home/hero/Desktop/birdiebot_nav_ws/install/auto_aim_interfaces/local/lib/python3.10/dist-packages/auto_aim_interfaces/auto_aim_interfaces_s__rosidl_typesupport_introspection_c.cpython-310-x86_64-linux-gnu.so
[1.149s] -- Up-to-date symlink: /home/hero/Desktop/birdiebot_nav_ws/install/auto_aim_interfaces/local/lib/python3.10/dist-packages/auto_aim_interfaces/auto_aim_interfaces_s__rosidl_typesupport_c.cpython-310-x86_64-linux-gnu.so
[1.149s] -- Up-to-date symlink: /home/hero/Desktop/birdiebot_nav_ws/install/auto_aim_interfaces/share/auto_aim_interfaces/msg/Armor.idl
[1.149s] -- Up-to-date symlink: /home/hero/Desktop/birdiebot_nav_ws/install/auto_aim_interfaces/share/auto_aim_interfaces/msg/Armors.idl
[1.149s] -- Up-to-date symlink: /home/hero/Desktop/birdiebot_nav_ws/install/auto_aim_interfaces/share/auto_aim_interfaces/msg/Target.idl
[1.149s] -- Up-to-date symlink: /home/hero/Desktop/birdiebot_nav_ws/install/auto_aim_interfaces/share/auto_aim_interfaces/msg/DebugLight.idl
[1.149s] -- Up-to-date symlink: /home/hero/Desktop/birdiebot_nav_ws/install/auto_aim_interfaces/share/auto_aim_interfaces/msg/DebugLights.idl
[1.149s] -- Up-to-date symlink: /home/hero/Desktop/birdiebot_nav_ws/install/auto_aim_interfaces/share/auto_aim_interfaces/msg/DebugArmor.idl
[1.149s] -- Up-to-date symlink: /home/hero/Desktop/birdiebot_nav_ws/install/auto_aim_interfaces/share/auto_aim_interfaces/msg/DebugArmors.idl
[1.149s] -- Up-to-date symlink: /home/hero/Desktop/birdiebot_nav_ws/install/auto_aim_interfaces/share/auto_aim_interfaces/msg/TrackerInfo.idl
[1.149s] -- Up-to-date symlink: /home/hero/Desktop/birdiebot_nav_ws/install/auto_aim_interfaces/share/auto_aim_interfaces/msg/Armor.msg
[1.149s] -- Up-to-date symlink: /home/hero/Desktop/birdiebot_nav_ws/install/auto_aim_interfaces/share/auto_aim_interfaces/msg/Armors.msg
[1.149s] -- Up-to-date symlink: /home/hero/Desktop/birdiebot_nav_ws/install/auto_aim_interfaces/share/auto_aim_interfaces/msg/Target.msg
[1.149s] -- Up-to-date symlink: /home/hero/Desktop/birdiebot_nav_ws/install/auto_aim_interfaces/share/auto_aim_interfaces/msg/DebugLight.msg
[1.149s] -- Up-to-date symlink: /home/hero/Desktop/birdiebot_nav_ws/install/auto_aim_interfaces/share/auto_aim_interfaces/msg/DebugLights.msg
[1.149s] -- Up-to-date symlink: /home/hero/Desktop/birdiebot_nav_ws/install/auto_aim_interfaces/share/auto_aim_interfaces/msg/DebugArmor.msg
[1.149s] -- Up-to-date symlink: /home/hero/Desktop/birdiebot_nav_ws/install/auto_aim_interfaces/share/auto_aim_interfaces/msg/DebugArmors.msg
[1.149s] -- Up-to-date symlink: /home/hero/Desktop/birdiebot_nav_ws/install/auto_aim_interfaces/share/auto_aim_interfaces/msg/TrackerInfo.msg
[1.149s] -- Up-to-date symlink: /home/hero/Desktop/birdiebot_nav_ws/install/auto_aim_interfaces/share/ament_index/resource_index/package_run_dependencies/auto_aim_interfaces
[1.149s] -- Up-to-date symlink: /home/hero/Desktop/birdiebot_nav_ws/install/auto_aim_interfaces/share/ament_index/resource_index/parent_prefix_path/auto_aim_interfaces
[1.149s] -- Up-to-date symlink: /home/hero/Desktop/birdiebot_nav_ws/install/auto_aim_interfaces/share/auto_aim_interfaces/environment/ament_prefix_path.sh
[1.149s] -- Up-to-date symlink: /home/hero/Desktop/birdiebot_nav_ws/install/auto_aim_interfaces/share/auto_aim_interfaces/environment/ament_prefix_path.dsv
[1.150s] -- Up-to-date symlink: /home/hero/Desktop/birdiebot_nav_ws/install/auto_aim_interfaces/share/auto_aim_interfaces/environment/path.sh
[1.150s] -- Up-to-date symlink: /home/hero/Desktop/birdiebot_nav_ws/install/auto_aim_interfaces/share/auto_aim_interfaces/environment/path.dsv
[1.150s] -- Up-to-date symlink: /home/hero/Desktop/birdiebot_nav_ws/install/auto_aim_interfaces/share/auto_aim_interfaces/local_setup.bash
[1.150s] -- Up-to-date symlink: /home/hero/Desktop/birdiebot_nav_ws/install/auto_aim_interfaces/share/auto_aim_interfaces/local_setup.sh
[1.150s] -- Up-to-date symlink: /home/hero/Desktop/birdiebot_nav_ws/install/auto_aim_interfaces/share/auto_aim_interfaces/local_setup.zsh
[1.150s] -- Up-to-date symlink: /home/hero/Desktop/birdiebot_nav_ws/install/auto_aim_interfaces/share/auto_aim_interfaces/local_setup.dsv
[1.150s] -- Symlinking: /home/hero/Desktop/birdiebot_nav_ws/install/auto_aim_interfaces/share/auto_aim_interfaces/package.dsv
[1.158s] -- Up-to-date symlink: /home/hero/Desktop/birdiebot_nav_ws/install/auto_aim_interfaces/share/ament_index/resource_index/packages/auto_aim_interfaces
[1.158s] -- Up-to-date symlink: /home/hero/Desktop/birdiebot_nav_ws/install/auto_aim_interfaces/share/auto_aim_interfaces/cmake/rosidl_cmake-extras.cmake
[1.158s] -- Up-to-date symlink: /home/hero/Desktop/birdiebot_nav_ws/install/auto_aim_interfaces/share/auto_aim_interfaces/cmake/ament_cmake_export_dependencies-extras.cmake
[1.158s] -- Up-to-date symlink: /home/hero/Desktop/birdiebot_nav_ws/install/auto_aim_interfaces/share/auto_aim_interfaces/cmake/ament_cmake_export_include_directories-extras.cmake
[1.158s] -- Up-to-date symlink: /home/hero/Desktop/birdiebot_nav_ws/install/auto_aim_interfaces/share/auto_aim_interfaces/cmake/ament_cmake_export_libraries-extras.cmake
[1.158s] -- Up-to-date symlink: /home/hero/Desktop/birdiebot_nav_ws/install/auto_aim_interfaces/share/auto_aim_interfaces/cmake/ament_cmake_export_targets-extras.cmake
[1.160s] -- Up-to-date symlink: /home/hero/Desktop/birdiebot_nav_ws/install/auto_aim_interfaces/share/auto_aim_interfaces/cmake/rosidl_cmake_export_typesupport_targets-extras.cmake
[1.160s] -- Up-to-date symlink: /home/hero/Desktop/birdiebot_nav_ws/install/auto_aim_interfaces/share/auto_aim_interfaces/cmake/rosidl_cmake_export_typesupport_libraries-extras.cmake
[1.161s] -- Up-to-date symlink: /home/hero/Desktop/birdiebot_nav_ws/install/auto_aim_interfaces/share/auto_aim_interfaces/cmake/auto_aim_interfacesConfig.cmake
[1.161s] -- Up-to-date symlink: /home/hero/Desktop/birdiebot_nav_ws/install/auto_aim_interfaces/share/auto_aim_interfaces/cmake/auto_aim_interfacesConfig-version.cmake
[1.161s] -- Up-to-date symlink: /home/hero/Desktop/birdiebot_nav_ws/install/auto_aim_interfaces/share/auto_aim_interfaces/package.xml
[1.161s] -- Up-to-date: /home/hero/Desktop/birdiebot_nav_ws/install/auto_aim_interfaces/lib/libauto_aim_interfaces__rosidl_generator_c.so
[1.161s] -- Up-to-date: /home/hero/Desktop/birdiebot_nav_ws/install/auto_aim_interfaces/lib/libauto_aim_interfaces__rosidl_typesupport_fastrtps_c.so
[1.161s] -- Up-to-date: /home/hero/Desktop/birdiebot_nav_ws/install/auto_aim_interfaces/lib/libauto_aim_interfaces__rosidl_typesupport_introspection_c.so
[1.161s] -- Up-to-date: /home/hero/Desktop/birdiebot_nav_ws/install/auto_aim_interfaces/lib/libauto_aim_interfaces__rosidl_typesupport_c.so
[1.161s] -- Up-to-date: /home/hero/Desktop/birdiebot_nav_ws/install/auto_aim_interfaces/lib/libauto_aim_interfaces__rosidl_typesupport_fastrtps_cpp.so
[1.161s] -- Up-to-date: /home/hero/Desktop/birdiebot_nav_ws/install/auto_aim_interfaces/lib/libauto_aim_interfaces__rosidl_typesupport_introspection_cpp.so
[1.165s] -- Up-to-date: /home/hero/Desktop/birdiebot_nav_ws/install/auto_aim_interfaces/lib/libauto_aim_interfaces__rosidl_typesupport_cpp.so
[1.201s] Listing '/home/hero/Desktop/birdiebot_nav_ws/install/auto_aim_interfaces/local/lib/python3.10/dist-packages/auto_aim_interfaces'...
[1.201s] Listing '/home/hero/Desktop/birdiebot_nav_ws/install/auto_aim_interfaces/local/lib/python3.10/dist-packages/auto_aim_interfaces/msg'...
[1.209s] -- Up-to-date: /home/hero/Desktop/birdiebot_nav_ws/install/auto_aim_interfaces/lib/libauto_aim_interfaces__rosidl_generator_py.so
[1.209s] -- Up-to-date: /home/hero/Desktop/birdiebot_nav_ws/install/auto_aim_interfaces/share/auto_aim_interfaces/cmake/export_auto_aim_interfaces__rosidl_generator_cExport.cmake
[1.214s] -- Up-to-date: /home/hero/Desktop/birdiebot_nav_ws/install/auto_aim_interfaces/share/auto_aim_interfaces/cmake/export_auto_aim_interfaces__rosidl_generator_cExport-noconfig.cmake
[1.215s] -- Up-to-date: /home/hero/Desktop/birdiebot_nav_ws/install/auto_aim_interfaces/share/auto_aim_interfaces/cmake/export_auto_aim_interfaces__rosidl_typesupport_fastrtps_cExport.cmake
[1.215s] -- Up-to-date: /home/hero/Desktop/birdiebot_nav_ws/install/auto_aim_interfaces/share/auto_aim_interfaces/cmake/export_auto_aim_interfaces__rosidl_typesupport_fastrtps_cExport-noconfig.cmake
[1.215s] -- Up-to-date: /home/hero/Desktop/birdiebot_nav_ws/install/auto_aim_interfaces/share/auto_aim_interfaces/cmake/auto_aim_interfaces__rosidl_typesupport_introspection_cExport.cmake
[1.215s] -- Up-to-date: /home/hero/Desktop/birdiebot_nav_ws/install/auto_aim_interfaces/share/auto_aim_interfaces/cmake/auto_aim_interfaces__rosidl_typesupport_introspection_cExport-noconfig.cmake
[1.215s] -- Up-to-date: /home/hero/Desktop/birdiebot_nav_ws/install/auto_aim_interfaces/share/auto_aim_interfaces/cmake/auto_aim_interfaces__rosidl_typesupport_cExport.cmake
[1.215s] -- Up-to-date: /home/hero/Desktop/birdiebot_nav_ws/install/auto_aim_interfaces/share/auto_aim_interfaces/cmake/auto_aim_interfaces__rosidl_typesupport_cExport-noconfig.cmake
[1.215s] -- Up-to-date: /home/hero/Desktop/birdiebot_nav_ws/install/auto_aim_interfaces/share/auto_aim_interfaces/cmake/export_auto_aim_interfaces__rosidl_generator_cppExport.cmake
[1.215s] -- Up-to-date: /home/hero/Desktop/birdiebot_nav_ws/install/auto_aim_interfaces/share/auto_aim_interfaces/cmake/export_auto_aim_interfaces__rosidl_typesupport_fastrtps_cppExport.cmake
[1.215s] -- Up-to-date: /home/hero/Desktop/birdiebot_nav_ws/install/auto_aim_interfaces/share/auto_aim_interfaces/cmake/export_auto_aim_interfaces__rosidl_typesupport_fastrtps_cppExport-noconfig.cmake
[1.215s] -- Up-to-date: /home/hero/Desktop/birdiebot_nav_ws/install/auto_aim_interfaces/share/auto_aim_interfaces/cmake/auto_aim_interfaces__rosidl_typesupport_introspection_cppExport.cmake
[1.215s] -- Up-to-date: /home/hero/Desktop/birdiebot_nav_ws/install/auto_aim_interfaces/share/auto_aim_interfaces/cmake/auto_aim_interfaces__rosidl_typesupport_introspection_cppExport-noconfig.cmake
[1.215s] -- Up-to-date: /home/hero/Desktop/birdiebot_nav_ws/install/auto_aim_interfaces/share/auto_aim_interfaces/cmake/auto_aim_interfaces__rosidl_typesupport_cppExport.cmake
[1.215s] -- Up-to-date: /home/hero/Desktop/birdiebot_nav_ws/install/auto_aim_interfaces/share/auto_aim_interfaces/cmake/auto_aim_interfaces__rosidl_typesupport_cppExport-noconfig.cmake
[1.215s] -- Up-to-date: /home/hero/Desktop/birdiebot_nav_ws/install/auto_aim_interfaces/share/auto_aim_interfaces/cmake/export_auto_aim_interfaces__rosidl_generator_pyExport.cmake
[1.215s] -- Up-to-date: /home/hero/Desktop/birdiebot_nav_ws/install/auto_aim_interfaces/share/auto_aim_interfaces/cmake/export_auto_aim_interfaces__rosidl_generator_pyExport-noconfig.cmake
[1.240s] Invoked command in '/home/hero/Desktop/birdiebot_nav_ws/build/auto_aim_interfaces' returned '0': CMAKE_PREFIX_PATH=/opt/ros/humble /usr/bin/cmake --install /home/hero/Desktop/birdiebot_nav_ws/build/auto_aim_interfaces
