[0.023s] Invoking command in '/home/hero/Desktop/birdiebot_nav_ws/build/rm_navigation': CMAKE_PREFIX_PATH=/opt/ros/humble /usr/bin/cmake --build /home/hero/Desktop/birdiebot_nav_ws/build/rm_navigation -- -j8 -l8
[0.067s] -- Found ament_cmake_auto: 1.3.12 (/opt/ros/humble/share/ament_cmake_auto/cmake)
[0.271s] -- Override CMake install command with custom implementation using symlinks instead of copying resources
[0.281s] -- Found ament_lint_auto: 0.12.14 (/opt/ros/humble/share/ament_lint_auto/cmake)
[0.367s] -- Added test 'flake8' to check Python code syntax and style conventions
[0.367s] -- Added test 'lint_cmake' to check CMake code style
[0.367s] -- Added test 'pep257' to check Python code against some of the docstring style conventions in PEP 257
[0.367s] -- Added test 'xmllint' to check XML markup files
[0.373s] -- Configuring done
[0.383s] -- Generating done
[0.383s] -- Build files have been written to: /home/hero/Desktop/birdiebot_nav_ws/build/rm_navigation
[0.467s] Invoked command in '/home/hero/Desktop/birdiebot_nav_ws/build/rm_navigation' returned '0': CMAKE_PREFIX_PATH=/opt/ros/humble /usr/bin/cmake --build /home/hero/Desktop/birdiebot_nav_ws/build/rm_navigation -- -j8 -l8
[0.597s] Invoking command in '/home/hero/Desktop/birdiebot_nav_ws/build/rm_navigation': CMAKE_PREFIX_PATH=/opt/ros/humble /usr/bin/cmake --install /home/hero/Desktop/birdiebot_nav_ws/build/rm_navigation
[6.236s] -- Install configuration: ""
[6.237s] -- Execute custom install script
[6.238s] -- Up-to-date symlink: /home/hero/Desktop/birdiebot_nav_ws/install/rm_navigation/share/rm_navigation/params/mapper_params_online_async.yaml
[6.239s] -- Up-to-date symlink: /home/hero/Desktop/birdiebot_nav_ws/install/rm_navigation/share/rm_navigation/params/nav2_params.yaml
[6.239s] -- Up-to-date symlink: /home/hero/Desktop/birdiebot_nav_ws/install/rm_navigation/share/rm_navigation/rviz/nav2.rviz
[6.239s] -- Up-to-date symlink: /home/hero/Desktop/birdiebot_nav_ws/install/rm_navigation/share/rm_navigation/launch/bringup_rm_navigation.py
[6.240s] -- Up-to-date symlink: /home/hero/Desktop/birdiebot_nav_ws/install/rm_navigation/share/rm_navigation/launch/localization_amcl_launch.py
[6.240s] -- Up-to-date symlink: /home/hero/Desktop/birdiebot_nav_ws/install/rm_navigation/share/rm_navigation/launch/map_server_launch.py
[6.240s] -- Up-to-date symlink: /home/hero/Desktop/birdiebot_nav_ws/install/rm_navigation/share/rm_navigation/launch/navigation_launch.py
[6.241s] -- Up-to-date symlink: /home/hero/Desktop/birdiebot_nav_ws/install/rm_navigation/share/rm_navigation/launch/rviz_launch.py
[6.241s] -- Up-to-date symlink: /home/hero/Desktop/birdiebot_nav_ws/install/rm_navigation/share/ament_index/resource_index/package_run_dependencies/rm_navigation
[6.250s] -- Up-to-date symlink: /home/hero/Desktop/birdiebot_nav_ws/install/rm_navigation/share/ament_index/resource_index/parent_prefix_path/rm_navigation
[6.250s] -- Up-to-date symlink: /home/hero/Desktop/birdiebot_nav_ws/install/rm_navigation/share/rm_navigation/environment/ament_prefix_path.sh
[6.251s] -- Up-to-date symlink: /home/hero/Desktop/birdiebot_nav_ws/install/rm_navigation/share/rm_navigation/environment/ament_prefix_path.dsv
[6.251s] -- Up-to-date symlink: /home/hero/Desktop/birdiebot_nav_ws/install/rm_navigation/share/rm_navigation/environment/path.sh
[6.251s] -- Up-to-date symlink: /home/hero/Desktop/birdiebot_nav_ws/install/rm_navigation/share/rm_navigation/environment/path.dsv
[6.252s] -- Up-to-date symlink: /home/hero/Desktop/birdiebot_nav_ws/install/rm_navigation/share/rm_navigation/local_setup.bash
[6.252s] -- Up-to-date symlink: /home/hero/Desktop/birdiebot_nav_ws/install/rm_navigation/share/rm_navigation/local_setup.sh
[6.252s] -- Up-to-date symlink: /home/hero/Desktop/birdiebot_nav_ws/install/rm_navigation/share/rm_navigation/local_setup.zsh
[6.252s] -- Up-to-date symlink: /home/hero/Desktop/birdiebot_nav_ws/install/rm_navigation/share/rm_navigation/local_setup.dsv
[6.253s] -- Symlinking: /home/hero/Desktop/birdiebot_nav_ws/install/rm_navigation/share/rm_navigation/package.dsv
[6.253s] -- Up-to-date symlink: /home/hero/Desktop/birdiebot_nav_ws/install/rm_navigation/share/ament_index/resource_index/packages/rm_navigation
[6.253s] -- Up-to-date symlink: /home/hero/Desktop/birdiebot_nav_ws/install/rm_navigation/share/rm_navigation/cmake/rm_navigationConfig.cmake
[6.254s] -- Up-to-date symlink: /home/hero/Desktop/birdiebot_nav_ws/install/rm_navigation/share/rm_navigation/cmake/rm_navigationConfig-version.cmake
[6.254s] -- Up-to-date symlink: /home/hero/Desktop/birdiebot_nav_ws/install/rm_navigation/share/rm_navigation/package.xml
[6.266s] Invoked command in '/home/hero/Desktop/birdiebot_nav_ws/build/rm_navigation' returned '0': CMAKE_PREFIX_PATH=/opt/ros/humble /usr/bin/cmake --install /home/hero/Desktop/birdiebot_nav_ws/build/rm_navigation
