[0.065s] Invoking command in '/home/hero/Desktop/birdiebot_nav_ws/build/rm_serial_driver': AMENT_PREFIX_PATH=/home/hero/Desktop/birdiebot_nav_ws/install/rm_decision_interfaces:/home/hero/Desktop/birdiebot_nav_ws/install/navigation_interfaces:/home/hero/Desktop/birdiebot_nav_ws/install/auto_aim_interfaces:${AMENT_PREFIX_PATH} CMAKE_PREFIX_PATH=/home/hero/Desktop/birdiebot_nav_ws/install/rm_decision_interfaces:/home/hero/Desktop/birdiebot_nav_ws/install/navigation_interfaces:/home/hero/Desktop/birdiebot_nav_ws/install/auto_aim_interfaces:/opt/ros/humble LD_LIBRARY_PATH=/home/hero/Desktop/birdiebot_nav_ws/install/rm_decision_interfaces/lib:/home/hero/Desktop/birdiebot_nav_ws/install/navigation_interfaces/lib:/home/hero/Desktop/birdiebot_nav_ws/install/auto_aim_interfaces/lib:/opt/intel/openvino_2023.3.0/runtime/lib/intel64:/opt/MVS/lib/64:/opt/MVS/lib/32:/usr/lib/x86_64-linux-gnu/gazebo-11/plugins:/opt/ros/humble/opt/rviz_ogre_vendor/lib:/opt/ros/humble/lib/x86_64-linux-gnu:/opt/ros/humble/lib:/opt/MVS/lib/64:/opt/MVS/lib/32:/opt/MVS/lib/64:/opt/MVS/lib/32 PYTHONPATH=/home/hero/Desktop/birdiebot_nav_ws/install/rm_decision_interfaces/local/lib/python3.10/dist-packages:/home/hero/Desktop/birdiebot_nav_ws/install/navigation_interfaces/local/lib/python3.10/dist-packages:/home/hero/Desktop/birdiebot_nav_ws/install/auto_aim_interfaces/local/lib/python3.10/dist-packages:${PYTHONPATH} /usr/bin/cmake /home/hero/Desktop/birdiebot_nav_ws/src/rm_serial_driver -DAMENT_CMAKE_SYMLINK_INSTALL=1 -DCMAKE_INSTALL_PREFIX=/home/hero/Desktop/birdiebot_nav_ws/install/rm_serial_driver
[8.002s] -- The C compiler identification is GNU 11.4.0
[8.003s] -- The CXX compiler identification is GNU 11.4.0
[8.003s] -- Detecting C compiler ABI info
[8.003s] -- Detecting C compiler ABI info - done
[8.003s] -- Check for working C compiler: /usr/bin/cc - skipped
[8.003s] -- Detecting C compile features
[8.003s] -- Detecting C compile features - done
[8.003s] -- Detecting CXX compiler ABI info
[8.003s] -- Detecting CXX compiler ABI info - done
[8.003s] -- Check for working CXX compiler: /usr/bin/c++ - skipped
[8.003s] -- Detecting CXX compile features
[8.003s] -- Detecting CXX compile features - done
[8.003s] -- Found ament_cmake_auto: 1.3.8 (/opt/ros/humble/share/ament_cmake_auto/cmake)
[8.003s] -- Found Python3: /usr/bin/python3 (found version "3.10.12") found components: Interpreter 
[8.003s] -- Override CMake install command with custom implementation using symlinks instead of copying resources
[8.003s] -- Found rosidl_generator_c: 3.1.5 (/opt/ros/humble/share/rosidl_generator_c/cmake)
[8.003s] -- Found rosidl_adapter: 3.1.5 (/opt/ros/humble/share/rosidl_adapter/cmake)
[8.003s] -- Found rosidl_generator_cpp: 3.1.5 (/opt/ros/humble/share/rosidl_generator_cpp/cmake)
[8.003s] -- Using all available rosidl_typesupport_c: rosidl_typesupport_fastrtps_c;rosidl_typesupport_introspection_c
[8.003s] -- Using all available rosidl_typesupport_cpp: rosidl_typesupport_fastrtps_cpp;rosidl_typesupport_introspection_cpp
[8.003s] -- Found rmw_implementation_cmake: 6.1.1 (/opt/ros/humble/share/rmw_implementation_cmake/cmake)
[8.003s] -- Found rmw_fastrtps_cpp: 6.2.6 (/opt/ros/humble/share/rmw_fastrtps_cpp/cmake)
[8.004s] -- Found OpenSSL: /usr/lib/x86_64-linux-gnu/libcrypto.so (found version "3.0.2")  
[8.004s] -- Found FastRTPS: /opt/ros/humble/include  
[8.004s] -- Using RMW implementation 'rmw_fastrtps_cpp' as default
[8.004s] -- Looking for pthread.h
[8.004s] -- Looking for pthread.h - found
[8.004s] -- Performing Test CMAKE_HAVE_LIBC_PTHREAD
[8.004s] -- Performing Test CMAKE_HAVE_LIBC_PTHREAD - Success
[8.004s] -- Found Threads: TRUE  
[8.004s] -- Found eigen3_cmake_module: 0.1.1 (/opt/ros/humble/share/eigen3_cmake_module/cmake)
[8.004s] -- Found Eigen3: TRUE (found version "3.4.0") 
[8.004s] -- Ensuring Eigen3 include directory is part of orocos-kdl CMake target
[8.004s] -- Found ament_lint_auto: 0.12.10 (/opt/ros/humble/share/ament_lint_auto/cmake)
[8.004s] -- Added test 'cppcheck' to perform static code analysis on C / C++ code
[8.004s] -- Configured cppcheck include dirs: /home/hero/Desktop/birdiebot_nav_ws/src/rm_serial_driver/include
[8.004s] -- Configured cppcheck exclude dirs and/or files: 
[8.004s] -- Added test 'cpplint' to check C / C++ code against the Google style
[8.004s] -- Configured cpplint exclude dirs and/or files: 
[8.004s] -- Added test 'flake8' to check Python code syntax and style conventions
[8.004s] -- Added test 'lint_cmake' to check CMake code style
[8.004s] -- Added test 'pep257' to check Python code against some of the docstring style conventions in PEP 257
[8.005s] -- Added test 'xmllint' to check XML markup files
[8.005s] -- Configuring done
[8.005s] -- Generating done
[8.005s] -- Build files have been written to: /home/hero/Desktop/birdiebot_nav_ws/build/rm_serial_driver
[8.064s] Invoked command in '/home/hero/Desktop/birdiebot_nav_ws/build/rm_serial_driver' returned '0': AMENT_PREFIX_PATH=/home/hero/Desktop/birdiebot_nav_ws/install/rm_decision_interfaces:/home/hero/Desktop/birdiebot_nav_ws/install/navigation_interfaces:/home/hero/Desktop/birdiebot_nav_ws/install/auto_aim_interfaces:${AMENT_PREFIX_PATH} CMAKE_PREFIX_PATH=/home/hero/Desktop/birdiebot_nav_ws/install/rm_decision_interfaces:/home/hero/Desktop/birdiebot_nav_ws/install/navigation_interfaces:/home/hero/Desktop/birdiebot_nav_ws/install/auto_aim_interfaces:/opt/ros/humble LD_LIBRARY_PATH=/home/hero/Desktop/birdiebot_nav_ws/install/rm_decision_interfaces/lib:/home/hero/Desktop/birdiebot_nav_ws/install/navigation_interfaces/lib:/home/hero/Desktop/birdiebot_nav_ws/install/auto_aim_interfaces/lib:/opt/intel/openvino_2023.3.0/runtime/lib/intel64:/opt/MVS/lib/64:/opt/MVS/lib/32:/usr/lib/x86_64-linux-gnu/gazebo-11/plugins:/opt/ros/humble/opt/rviz_ogre_vendor/lib:/opt/ros/humble/lib/x86_64-linux-gnu:/opt/ros/humble/lib:/opt/MVS/lib/64:/opt/MVS/lib/32:/opt/MVS/lib/64:/opt/MVS/lib/32 PYTHONPATH=/home/hero/Desktop/birdiebot_nav_ws/install/rm_decision_interfaces/local/lib/python3.10/dist-packages:/home/hero/Desktop/birdiebot_nav_ws/install/navigation_interfaces/local/lib/python3.10/dist-packages:/home/hero/Desktop/birdiebot_nav_ws/install/auto_aim_interfaces/local/lib/python3.10/dist-packages:${PYTHONPATH} /usr/bin/cmake /home/hero/Desktop/birdiebot_nav_ws/src/rm_serial_driver -DAMENT_CMAKE_SYMLINK_INSTALL=1 -DCMAKE_INSTALL_PREFIX=/home/hero/Desktop/birdiebot_nav_ws/install/rm_serial_driver
[8.065s] Invoking command in '/home/hero/Desktop/birdiebot_nav_ws/build/rm_serial_driver': AMENT_PREFIX_PATH=/home/hero/Desktop/birdiebot_nav_ws/install/rm_decision_interfaces:/home/hero/Desktop/birdiebot_nav_ws/install/navigation_interfaces:/home/hero/Desktop/birdiebot_nav_ws/install/auto_aim_interfaces:${AMENT_PREFIX_PATH} CMAKE_PREFIX_PATH=/home/hero/Desktop/birdiebot_nav_ws/install/rm_decision_interfaces:/home/hero/Desktop/birdiebot_nav_ws/install/navigation_interfaces:/home/hero/Desktop/birdiebot_nav_ws/install/auto_aim_interfaces:/opt/ros/humble LD_LIBRARY_PATH=/home/hero/Desktop/birdiebot_nav_ws/install/rm_decision_interfaces/lib:/home/hero/Desktop/birdiebot_nav_ws/install/navigation_interfaces/lib:/home/hero/Desktop/birdiebot_nav_ws/install/auto_aim_interfaces/lib:/opt/intel/openvino_2023.3.0/runtime/lib/intel64:/opt/MVS/lib/64:/opt/MVS/lib/32:/usr/lib/x86_64-linux-gnu/gazebo-11/plugins:/opt/ros/humble/opt/rviz_ogre_vendor/lib:/opt/ros/humble/lib/x86_64-linux-gnu:/opt/ros/humble/lib:/opt/MVS/lib/64:/opt/MVS/lib/32:/opt/MVS/lib/64:/opt/MVS/lib/32 PYTHONPATH=/home/hero/Desktop/birdiebot_nav_ws/install/rm_decision_interfaces/local/lib/python3.10/dist-packages:/home/hero/Desktop/birdiebot_nav_ws/install/navigation_interfaces/local/lib/python3.10/dist-packages:/home/hero/Desktop/birdiebot_nav_ws/install/auto_aim_interfaces/local/lib/python3.10/dist-packages:${PYTHONPATH} /usr/bin/cmake --build /home/hero/Desktop/birdiebot_nav_ws/build/rm_serial_driver -- -j8 -l8
[8.146s] [ 20%] [32mBuilding CXX object CMakeFiles/rm_serial_driver.dir/src/rm_serial_driver.cpp.o[0m
[24.801s] [ 40%] [32mBuilding CXX object CMakeFiles/rm_serial_driver.dir/src/crc.cpp.o[0m
[24.836s] [ 60%] [32m[1mLinking CXX shared library librm_serial_driver.so[0m
[25.964s] [ 60%] Built target rm_serial_driver
[25.984s] [ 80%] [32mBuilding CXX object CMakeFiles/rm_serial_driver_node.dir/rclcpp_components/node_main_rm_serial_driver_node.cpp.o[0m
[29.731s] [100%] [32m[1mLinking CXX executable rm_serial_driver_node[0m
[29.861s] [100%] Built target rm_serial_driver_node
[29.872s] Invoked command in '/home/hero/Desktop/birdiebot_nav_ws/build/rm_serial_driver' returned '0': AMENT_PREFIX_PATH=/home/hero/Desktop/birdiebot_nav_ws/install/rm_decision_interfaces:/home/hero/Desktop/birdiebot_nav_ws/install/navigation_interfaces:/home/hero/Desktop/birdiebot_nav_ws/install/auto_aim_interfaces:${AMENT_PREFIX_PATH} CMAKE_PREFIX_PATH=/home/hero/Desktop/birdiebot_nav_ws/install/rm_decision_interfaces:/home/hero/Desktop/birdiebot_nav_ws/install/navigation_interfaces:/home/hero/Desktop/birdiebot_nav_ws/install/auto_aim_interfaces:/opt/ros/humble LD_LIBRARY_PATH=/home/hero/Desktop/birdiebot_nav_ws/install/rm_decision_interfaces/lib:/home/hero/Desktop/birdiebot_nav_ws/install/navigation_interfaces/lib:/home/hero/Desktop/birdiebot_nav_ws/install/auto_aim_interfaces/lib:/opt/intel/openvino_2023.3.0/runtime/lib/intel64:/opt/MVS/lib/64:/opt/MVS/lib/32:/usr/lib/x86_64-linux-gnu/gazebo-11/plugins:/opt/ros/humble/opt/rviz_ogre_vendor/lib:/opt/ros/humble/lib/x86_64-linux-gnu:/opt/ros/humble/lib:/opt/MVS/lib/64:/opt/MVS/lib/32:/opt/MVS/lib/64:/opt/MVS/lib/32 PYTHONPATH=/home/hero/Desktop/birdiebot_nav_ws/install/rm_decision_interfaces/local/lib/python3.10/dist-packages:/home/hero/Desktop/birdiebot_nav_ws/install/navigation_interfaces/local/lib/python3.10/dist-packages:/home/hero/Desktop/birdiebot_nav_ws/install/auto_aim_interfaces/local/lib/python3.10/dist-packages:${PYTHONPATH} /usr/bin/cmake --build /home/hero/Desktop/birdiebot_nav_ws/build/rm_serial_driver -- -j8 -l8
[29.943s] Invoking command in '/home/hero/Desktop/birdiebot_nav_ws/build/rm_serial_driver': AMENT_PREFIX_PATH=/home/hero/Desktop/birdiebot_nav_ws/install/rm_decision_interfaces:/home/hero/Desktop/birdiebot_nav_ws/install/navigation_interfaces:/home/hero/Desktop/birdiebot_nav_ws/install/auto_aim_interfaces:${AMENT_PREFIX_PATH} CMAKE_PREFIX_PATH=/home/hero/Desktop/birdiebot_nav_ws/install/rm_decision_interfaces:/home/hero/Desktop/birdiebot_nav_ws/install/navigation_interfaces:/home/hero/Desktop/birdiebot_nav_ws/install/auto_aim_interfaces:/opt/ros/humble LD_LIBRARY_PATH=/home/hero/Desktop/birdiebot_nav_ws/install/rm_decision_interfaces/lib:/home/hero/Desktop/birdiebot_nav_ws/install/navigation_interfaces/lib:/home/hero/Desktop/birdiebot_nav_ws/install/auto_aim_interfaces/lib:/opt/intel/openvino_2023.3.0/runtime/lib/intel64:/opt/MVS/lib/64:/opt/MVS/lib/32:/usr/lib/x86_64-linux-gnu/gazebo-11/plugins:/opt/ros/humble/opt/rviz_ogre_vendor/lib:/opt/ros/humble/lib/x86_64-linux-gnu:/opt/ros/humble/lib:/opt/MVS/lib/64:/opt/MVS/lib/32:/opt/MVS/lib/64:/opt/MVS/lib/32 PYTHONPATH=/home/hero/Desktop/birdiebot_nav_ws/install/rm_decision_interfaces/local/lib/python3.10/dist-packages:/home/hero/Desktop/birdiebot_nav_ws/install/navigation_interfaces/local/lib/python3.10/dist-packages:/home/hero/Desktop/birdiebot_nav_ws/install/auto_aim_interfaces/local/lib/python3.10/dist-packages:${PYTHONPATH} /usr/bin/cmake --install /home/hero/Desktop/birdiebot_nav_ws/build/rm_serial_driver
[30.055s] -- Install configuration: "Debug"
[30.055s] -- Execute custom install script
[30.055s] -- Symlinking: /home/hero/Desktop/birdiebot_nav_ws/install/rm_serial_driver/lib/rm_serial_driver/rm_serial_driver_node
[30.055s] -- Symlinking: /home/hero/Desktop/birdiebot_nav_ws/install/rm_serial_driver/include/host-protocol/.vscode/c_cpp_properties.json
[30.055s] -- Symlinking: /home/hero/Desktop/birdiebot_nav_ws/install/rm_serial_driver/include/host-protocol/.vscode/settings.json
[30.055s] -- Symlinking: /home/hero/Desktop/birdiebot_nav_ws/install/rm_serial_driver/include/host-protocol/README.md
[30.055s] -- Symlinking: /home/hero/Desktop/birdiebot_nav_ws/install/rm_serial_driver/include/host-protocol/protocol.h
[30.056s] -- Symlinking: /home/hero/Desktop/birdiebot_nav_ws/install/rm_serial_driver/include/rm_serial_driver/crc.hpp
[30.056s] -- Symlinking: /home/hero/Desktop/birdiebot_nav_ws/install/rm_serial_driver/include/rm_serial_driver/packet.hpp
[30.056s] -- Symlinking: /home/hero/Desktop/birdiebot_nav_ws/install/rm_serial_driver/include/rm_serial_driver/rm_serial_driver.hpp
[30.056s] -- Symlinking: /home/hero/Desktop/birdiebot_nav_ws/install/rm_serial_driver/share/rm_serial_driver/environment/library_path.sh
[30.056s] -- Symlinking: /home/hero/Desktop/birdiebot_nav_ws/install/rm_serial_driver/share/rm_serial_driver/environment/library_path.dsv
[30.056s] -- Symlinking: /home/hero/Desktop/birdiebot_nav_ws/install/rm_serial_driver/lib/librm_serial_driver.so
[30.059s] -- Symlinking: /home/hero/Desktop/birdiebot_nav_ws/install/rm_serial_driver/share/rm_serial_driver/config/serial_driver.yaml
[30.071s] -- Symlinking: /home/hero/Desktop/birdiebot_nav_ws/install/rm_serial_driver/share/rm_serial_driver/launch/serial_driver.launch.py
[30.082s] -- Symlinking: /home/hero/Desktop/birdiebot_nav_ws/install/rm_serial_driver/share/ament_index/resource_index/package_run_dependencies/rm_serial_driver
[30.091s] -- Symlinking: /home/hero/Desktop/birdiebot_nav_ws/install/rm_serial_driver/share/ament_index/resource_index/parent_prefix_path/rm_serial_driver
[30.099s] -- Symlinking: /home/hero/Desktop/birdiebot_nav_ws/install/rm_serial_driver/share/rm_serial_driver/environment/ament_prefix_path.sh
[30.108s] -- Symlinking: /home/hero/Desktop/birdiebot_nav_ws/install/rm_serial_driver/share/rm_serial_driver/environment/ament_prefix_path.dsv
[30.117s] -- Symlinking: /home/hero/Desktop/birdiebot_nav_ws/install/rm_serial_driver/share/rm_serial_driver/environment/path.sh
[30.125s] -- Symlinking: /home/hero/Desktop/birdiebot_nav_ws/install/rm_serial_driver/share/rm_serial_driver/environment/path.dsv
[30.135s] -- Symlinking: /home/hero/Desktop/birdiebot_nav_ws/install/rm_serial_driver/share/rm_serial_driver/local_setup.bash
[30.143s] -- Symlinking: /home/hero/Desktop/birdiebot_nav_ws/install/rm_serial_driver/share/rm_serial_driver/local_setup.sh
[30.156s] -- Symlinking: /home/hero/Desktop/birdiebot_nav_ws/install/rm_serial_driver/share/rm_serial_driver/local_setup.zsh
[30.168s] -- Symlinking: /home/hero/Desktop/birdiebot_nav_ws/install/rm_serial_driver/share/rm_serial_driver/local_setup.dsv
[30.178s] -- Symlinking: /home/hero/Desktop/birdiebot_nav_ws/install/rm_serial_driver/share/rm_serial_driver/package.dsv
[30.187s] -- Symlinking: /home/hero/Desktop/birdiebot_nav_ws/install/rm_serial_driver/share/ament_index/resource_index/packages/rm_serial_driver
[30.196s] -- Symlinking: /home/hero/Desktop/birdiebot_nav_ws/install/rm_serial_driver/share/ament_index/resource_index/rclcpp_components/rm_serial_driver
[30.206s] -- Symlinking: /home/hero/Desktop/birdiebot_nav_ws/install/rm_serial_driver/share/rm_serial_driver/cmake/ament_cmake_export_dependencies-extras.cmake
[30.215s] -- Symlinking: /home/hero/Desktop/birdiebot_nav_ws/install/rm_serial_driver/share/rm_serial_driver/cmake/ament_cmake_export_include_directories-extras.cmake
[30.224s] -- Symlinking: /home/hero/Desktop/birdiebot_nav_ws/install/rm_serial_driver/share/rm_serial_driver/cmake/ament_cmake_export_libraries-extras.cmake
[30.233s] -- Symlinking: /home/hero/Desktop/birdiebot_nav_ws/install/rm_serial_driver/share/rm_serial_driver/cmake/rm_serial_driverConfig.cmake
[30.242s] -- Symlinking: /home/hero/Desktop/birdiebot_nav_ws/install/rm_serial_driver/share/rm_serial_driver/cmake/rm_serial_driverConfig-version.cmake
[30.253s] -- Symlinking: /home/hero/Desktop/birdiebot_nav_ws/install/rm_serial_driver/share/rm_serial_driver/package.xml
[30.266s] Invoked command in '/home/hero/Desktop/birdiebot_nav_ws/build/rm_serial_driver' returned '0': AMENT_PREFIX_PATH=/home/hero/Desktop/birdiebot_nav_ws/install/rm_decision_interfaces:/home/hero/Desktop/birdiebot_nav_ws/install/navigation_interfaces:/home/hero/Desktop/birdiebot_nav_ws/install/auto_aim_interfaces:${AMENT_PREFIX_PATH} CMAKE_PREFIX_PATH=/home/hero/Desktop/birdiebot_nav_ws/install/rm_decision_interfaces:/home/hero/Desktop/birdiebot_nav_ws/install/navigation_interfaces:/home/hero/Desktop/birdiebot_nav_ws/install/auto_aim_interfaces:/opt/ros/humble LD_LIBRARY_PATH=/home/hero/Desktop/birdiebot_nav_ws/install/rm_decision_interfaces/lib:/home/hero/Desktop/birdiebot_nav_ws/install/navigation_interfaces/lib:/home/hero/Desktop/birdiebot_nav_ws/install/auto_aim_interfaces/lib:/opt/intel/openvino_2023.3.0/runtime/lib/intel64:/opt/MVS/lib/64:/opt/MVS/lib/32:/usr/lib/x86_64-linux-gnu/gazebo-11/plugins:/opt/ros/humble/opt/rviz_ogre_vendor/lib:/opt/ros/humble/lib/x86_64-linux-gnu:/opt/ros/humble/lib:/opt/MVS/lib/64:/opt/MVS/lib/32:/opt/MVS/lib/64:/opt/MVS/lib/32 PYTHONPATH=/home/hero/Desktop/birdiebot_nav_ws/install/rm_decision_interfaces/local/lib/python3.10/dist-packages:/home/hero/Desktop/birdiebot_nav_ws/install/navigation_interfaces/local/lib/python3.10/dist-packages:/home/hero/Desktop/birdiebot_nav_ws/install/auto_aim_interfaces/local/lib/python3.10/dist-packages:${PYTHONPATH} /usr/bin/cmake --install /home/hero/Desktop/birdiebot_nav_ws/build/rm_serial_driver
