[0.113s] Invoking command in '/home/hero/Desktop/birdiebot_nav_ws/build/rm_auto_aim': AMENT_PREFIX_PATH=/home/hero/Desktop/birdiebot_nav_ws/install/armor_tracker:/home/hero/Desktop/birdiebot_nav_ws/install/armor_detector:/home/hero/Desktop/birdiebot_nav_ws/install/auto_aim_interfaces:${AMENT_PREFIX_PATH} CMAKE_PREFIX_PATH=/home/hero/Desktop/birdiebot_nav_ws/install/armor_tracker:/home/hero/Desktop/birdiebot_nav_ws/install/armor_detector:/home/hero/Desktop/birdiebot_nav_ws/install/auto_aim_interfaces:/opt/ros/humble LD_LIBRARY_PATH=/home/hero/Desktop/birdiebot_nav_ws/install/armor_tracker/lib:/home/hero/Desktop/birdiebot_nav_ws/install/armor_detector/lib:/home/hero/Desktop/birdiebot_nav_ws/install/auto_aim_interfaces/lib:/opt/intel/openvino_2023.3.0/runtime/lib/intel64:/opt/MVS/lib/64:/opt/MVS/lib/32:/opt/intel/openvino_2023.3.0/runtime/lib/intel64:/opt/MVS/lib/64:/opt/MVS/lib/32:/usr/lib/x86_64-linux-gnu/gazebo-11/plugins:/opt/ros/humble/opt/rviz_ogre_vendor/lib:/opt/ros/humble/lib/x86_64-linux-gnu:/opt/ros/humble/opt/openvdb_vendor/lib:/opt/ros/humble/lib:/opt/MVS/lib/64:/opt/MVS/lib/32:/opt/MVS/lib/64:/opt/MVS/lib/32 PYTHONPATH=/home/hero/Desktop/birdiebot_nav_ws/install/auto_aim_interfaces/local/lib/python3.10/dist-packages:${PYTHONPATH} /usr/bin/cmake --build /home/hero/Desktop/birdiebot_nav_ws/build/rm_auto_aim -- -j8 -l8
[9.735s] -- Found ament_cmake_auto: 1.3.12 (/opt/ros/humble/share/ament_cmake_auto/cmake)
[9.735s] -- Override CMake install command with custom implementation using symlinks instead of copying resources
[9.736s] -- Found ament_lint_auto: 0.12.14 (/opt/ros/humble/share/ament_lint_auto/cmake)
[9.736s] -- Added test 'lint_cmake' to check CMake code style
[9.736s] -- Added test 'xmllint' to check XML markup files
[9.736s] -- Configuring done
[9.736s] -- Generating done
[9.736s] -- Build files have been written to: /home/hero/Desktop/birdiebot_nav_ws/build/rm_auto_aim
[9.749s] Invoked command in '/home/hero/Desktop/birdiebot_nav_ws/build/rm_auto_aim' returned '0': AMENT_PREFIX_PATH=/home/hero/Desktop/birdiebot_nav_ws/install/armor_tracker:/home/hero/Desktop/birdiebot_nav_ws/install/armor_detector:/home/hero/Desktop/birdiebot_nav_ws/install/auto_aim_interfaces:${AMENT_PREFIX_PATH} CMAKE_PREFIX_PATH=/home/hero/Desktop/birdiebot_nav_ws/install/armor_tracker:/home/hero/Desktop/birdiebot_nav_ws/install/armor_detector:/home/hero/Desktop/birdiebot_nav_ws/install/auto_aim_interfaces:/opt/ros/humble LD_LIBRARY_PATH=/home/hero/Desktop/birdiebot_nav_ws/install/armor_tracker/lib:/home/hero/Desktop/birdiebot_nav_ws/install/armor_detector/lib:/home/hero/Desktop/birdiebot_nav_ws/install/auto_aim_interfaces/lib:/opt/intel/openvino_2023.3.0/runtime/lib/intel64:/opt/MVS/lib/64:/opt/MVS/lib/32:/opt/intel/openvino_2023.3.0/runtime/lib/intel64:/opt/MVS/lib/64:/opt/MVS/lib/32:/usr/lib/x86_64-linux-gnu/gazebo-11/plugins:/opt/ros/humble/opt/rviz_ogre_vendor/lib:/opt/ros/humble/lib/x86_64-linux-gnu:/opt/ros/humble/opt/openvdb_vendor/lib:/opt/ros/humble/lib:/opt/MVS/lib/64:/opt/MVS/lib/32:/opt/MVS/lib/64:/opt/MVS/lib/32 PYTHONPATH=/home/hero/Desktop/birdiebot_nav_ws/install/auto_aim_interfaces/local/lib/python3.10/dist-packages:${PYTHONPATH} /usr/bin/cmake --build /home/hero/Desktop/birdiebot_nav_ws/build/rm_auto_aim -- -j8 -l8
[9.774s] Invoking command in '/home/hero/Desktop/birdiebot_nav_ws/build/rm_auto_aim': AMENT_PREFIX_PATH=/home/hero/Desktop/birdiebot_nav_ws/install/armor_tracker:/home/hero/Desktop/birdiebot_nav_ws/install/armor_detector:/home/hero/Desktop/birdiebot_nav_ws/install/auto_aim_interfaces:${AMENT_PREFIX_PATH} CMAKE_PREFIX_PATH=/home/hero/Desktop/birdiebot_nav_ws/install/armor_tracker:/home/hero/Desktop/birdiebot_nav_ws/install/armor_detector:/home/hero/Desktop/birdiebot_nav_ws/install/auto_aim_interfaces:/opt/ros/humble LD_LIBRARY_PATH=/home/hero/Desktop/birdiebot_nav_ws/install/armor_tracker/lib:/home/hero/Desktop/birdiebot_nav_ws/install/armor_detector/lib:/home/hero/Desktop/birdiebot_nav_ws/install/auto_aim_interfaces/lib:/opt/intel/openvino_2023.3.0/runtime/lib/intel64:/opt/MVS/lib/64:/opt/MVS/lib/32:/opt/intel/openvino_2023.3.0/runtime/lib/intel64:/opt/MVS/lib/64:/opt/MVS/lib/32:/usr/lib/x86_64-linux-gnu/gazebo-11/plugins:/opt/ros/humble/opt/rviz_ogre_vendor/lib:/opt/ros/humble/lib/x86_64-linux-gnu:/opt/ros/humble/opt/openvdb_vendor/lib:/opt/ros/humble/lib:/opt/MVS/lib/64:/opt/MVS/lib/32:/opt/MVS/lib/64:/opt/MVS/lib/32 PYTHONPATH=/home/hero/Desktop/birdiebot_nav_ws/install/auto_aim_interfaces/local/lib/python3.10/dist-packages:${PYTHONPATH} /usr/bin/cmake --install /home/hero/Desktop/birdiebot_nav_ws/build/rm_auto_aim
[9.784s] -- Install configuration: ""
[9.784s] -- Execute custom install script
[9.787s] -- Up-to-date symlink: /home/hero/Desktop/birdiebot_nav_ws/install/rm_auto_aim/share/ament_index/resource_index/package_run_dependencies/rm_auto_aim
[9.787s] -- Up-to-date symlink: /home/hero/Desktop/birdiebot_nav_ws/install/rm_auto_aim/share/ament_index/resource_index/parent_prefix_path/rm_auto_aim
[9.788s] -- Up-to-date symlink: /home/hero/Desktop/birdiebot_nav_ws/install/rm_auto_aim/share/rm_auto_aim/environment/ament_prefix_path.sh
[9.789s] -- Up-to-date symlink: /home/hero/Desktop/birdiebot_nav_ws/install/rm_auto_aim/share/rm_auto_aim/environment/ament_prefix_path.dsv
[9.789s] -- Up-to-date symlink: /home/hero/Desktop/birdiebot_nav_ws/install/rm_auto_aim/share/rm_auto_aim/environment/path.sh
[9.789s] -- Up-to-date symlink: /home/hero/Desktop/birdiebot_nav_ws/install/rm_auto_aim/share/rm_auto_aim/environment/path.dsv
[9.790s] -- Up-to-date symlink: /home/hero/Desktop/birdiebot_nav_ws/install/rm_auto_aim/share/rm_auto_aim/local_setup.bash
[9.790s] -- Up-to-date symlink: /home/hero/Desktop/birdiebot_nav_ws/install/rm_auto_aim/share/rm_auto_aim/local_setup.sh
[9.790s] -- Up-to-date symlink: /home/hero/Desktop/birdiebot_nav_ws/install/rm_auto_aim/share/rm_auto_aim/local_setup.zsh
[9.791s] -- Up-to-date symlink: /home/hero/Desktop/birdiebot_nav_ws/install/rm_auto_aim/share/rm_auto_aim/local_setup.dsv
[9.791s] -- Symlinking: /home/hero/Desktop/birdiebot_nav_ws/install/rm_auto_aim/share/rm_auto_aim/package.dsv
[9.797s] -- Up-to-date symlink: /home/hero/Desktop/birdiebot_nav_ws/install/rm_auto_aim/share/ament_index/resource_index/packages/rm_auto_aim
[9.797s] -- Up-to-date symlink: /home/hero/Desktop/birdiebot_nav_ws/install/rm_auto_aim/share/rm_auto_aim/cmake/rm_auto_aimConfig.cmake
[9.797s] -- Up-to-date symlink: /home/hero/Desktop/birdiebot_nav_ws/install/rm_auto_aim/share/rm_auto_aim/cmake/rm_auto_aimConfig-version.cmake
[9.798s] -- Up-to-date symlink: /home/hero/Desktop/birdiebot_nav_ws/install/rm_auto_aim/share/rm_auto_aim/package.xml
[9.800s] Invoked command in '/home/hero/Desktop/birdiebot_nav_ws/build/rm_auto_aim' returned '0': AMENT_PREFIX_PATH=/home/hero/Desktop/birdiebot_nav_ws/install/armor_tracker:/home/hero/Desktop/birdiebot_nav_ws/install/armor_detector:/home/hero/Desktop/birdiebot_nav_ws/install/auto_aim_interfaces:${AMENT_PREFIX_PATH} CMAKE_PREFIX_PATH=/home/hero/Desktop/birdiebot_nav_ws/install/armor_tracker:/home/hero/Desktop/birdiebot_nav_ws/install/armor_detector:/home/hero/Desktop/birdiebot_nav_ws/install/auto_aim_interfaces:/opt/ros/humble LD_LIBRARY_PATH=/home/hero/Desktop/birdiebot_nav_ws/install/armor_tracker/lib:/home/hero/Desktop/birdiebot_nav_ws/install/armor_detector/lib:/home/hero/Desktop/birdiebot_nav_ws/install/auto_aim_interfaces/lib:/opt/intel/openvino_2023.3.0/runtime/lib/intel64:/opt/MVS/lib/64:/opt/MVS/lib/32:/opt/intel/openvino_2023.3.0/runtime/lib/intel64:/opt/MVS/lib/64:/opt/MVS/lib/32:/usr/lib/x86_64-linux-gnu/gazebo-11/plugins:/opt/ros/humble/opt/rviz_ogre_vendor/lib:/opt/ros/humble/lib/x86_64-linux-gnu:/opt/ros/humble/opt/openvdb_vendor/lib:/opt/ros/humble/lib:/opt/MVS/lib/64:/opt/MVS/lib/32:/opt/MVS/lib/64:/opt/MVS/lib/32 PYTHONPATH=/home/hero/Desktop/birdiebot_nav_ws/install/auto_aim_interfaces/local/lib/python3.10/dist-packages:${PYTHONPATH} /usr/bin/cmake --install /home/hero/Desktop/birdiebot_nav_ws/build/rm_auto_aim
