[0.485s] Invoking command in '/home/hero/Desktop/birdiebot_nav_ws/build/rm_gimbal_description': CMAKE_PREFIX_PATH=/opt/ros/humble /usr/bin/cmake --build /home/hero/Desktop/birdiebot_nav_ws/build/rm_gimbal_description -- -j8 -l8
[0.591s] Invoked command in '/home/hero/Desktop/birdiebot_nav_ws/build/rm_gimbal_description' returned '0': CMAKE_PREFIX_PATH=/opt/ros/humble /usr/bin/cmake --build /home/hero/Desktop/birdiebot_nav_ws/build/rm_gimbal_description -- -j8 -l8
[0.787s] Invoking command in '/home/hero/Desktop/birdiebot_nav_ws/build/rm_gimbal_description': CMAKE_PREFIX_PATH=/opt/ros/humble /usr/bin/cmake --install /home/hero/Desktop/birdiebot_nav_ws/build/rm_gimbal_description
[0.794s] -- Install configuration: ""
[0.795s] -- Execute custom install script
[0.795s] -- Up-to-date symlink: /home/hero/Desktop/birdiebot_nav_ws/install/rm_gimbal_description/share/rm_gimbal_description/urdf/rm_gimbal.urdf.xacro
[0.795s] -- Up-to-date symlink: /home/hero/Desktop/birdiebot_nav_ws/install/rm_gimbal_description/share/ament_index/resource_index/package_run_dependencies/rm_gimbal_description
[0.796s] -- Up-to-date symlink: /home/hero/Desktop/birdiebot_nav_ws/install/rm_gimbal_description/share/ament_index/resource_index/parent_prefix_path/rm_gimbal_description
[0.796s] -- Up-to-date symlink: /home/hero/Desktop/birdiebot_nav_ws/install/rm_gimbal_description/share/rm_gimbal_description/environment/ament_prefix_path.sh
[0.796s] -- Up-to-date symlink: /home/hero/Desktop/birdiebot_nav_ws/install/rm_gimbal_description/share/rm_gimbal_description/environment/ament_prefix_path.dsv
[0.797s] -- Up-to-date symlink: /home/hero/Desktop/birdiebot_nav_ws/install/rm_gimbal_description/share/rm_gimbal_description/environment/path.sh
[0.797s] -- Up-to-date symlink: /home/hero/Desktop/birdiebot_nav_ws/install/rm_gimbal_description/share/rm_gimbal_description/environment/path.dsv
[0.797s] -- Up-to-date symlink: /home/hero/Desktop/birdiebot_nav_ws/install/rm_gimbal_description/share/rm_gimbal_description/local_setup.bash
[0.800s] -- Up-to-date symlink: /home/hero/Desktop/birdiebot_nav_ws/install/rm_gimbal_description/share/rm_gimbal_description/local_setup.sh
[0.804s] -- Up-to-date symlink: /home/hero/Desktop/birdiebot_nav_ws/install/rm_gimbal_description/share/rm_gimbal_description/local_setup.zsh
[0.804s] -- Up-to-date symlink: /home/hero/Desktop/birdiebot_nav_ws/install/rm_gimbal_description/share/rm_gimbal_description/local_setup.dsv
[0.805s] -- Symlinking: /home/hero/Desktop/birdiebot_nav_ws/install/rm_gimbal_description/share/rm_gimbal_description/package.dsv
[0.806s] -- Up-to-date symlink: /home/hero/Desktop/birdiebot_nav_ws/install/rm_gimbal_description/share/ament_index/resource_index/packages/rm_gimbal_description
[0.806s] -- Up-to-date symlink: /home/hero/Desktop/birdiebot_nav_ws/install/rm_gimbal_description/share/rm_gimbal_description/cmake/rm_gimbal_descriptionConfig.cmake
[0.806s] -- Up-to-date symlink: /home/hero/Desktop/birdiebot_nav_ws/install/rm_gimbal_description/share/rm_gimbal_description/cmake/rm_gimbal_descriptionConfig-version.cmake
[0.807s] -- Up-to-date symlink: /home/hero/Desktop/birdiebot_nav_ws/install/rm_gimbal_description/share/rm_gimbal_description/package.xml
[0.970s] Invoked command in '/home/hero/Desktop/birdiebot_nav_ws/build/rm_gimbal_description' returned '0': CMAKE_PREFIX_PATH=/opt/ros/humble /usr/bin/cmake --install /home/hero/Desktop/birdiebot_nav_ws/build/rm_gimbal_description
