[0.080s] Invoking command in '/home/hero/Desktop/birdiebot_nav_ws/build/armor_tracker': AMENT_PREFIX_PATH=/home/hero/Desktop/birdiebot_nav_ws/install/auto_aim_interfaces:${AMENT_PREFIX_PATH} CMAKE_PREFIX_PATH=/home/hero/Desktop/birdiebot_nav_ws/install/auto_aim_interfaces:/opt/ros/humble LD_LIBRARY_PATH=/home/hero/Desktop/birdiebot_nav_ws/install/auto_aim_interfaces/lib:/opt/intel/openvino_2023.3.0/runtime/lib/intel64:/opt/MVS/lib/64:/opt/MVS/lib/32:/opt/MVS/lib/64:/opt/MVS/lib/32:/opt/intel/openvino_2023.3.0/runtime/lib/intel64:/opt/MVS/lib/64:/opt/MVS/lib/32:/usr/lib/x86_64-linux-gnu/gazebo-11/plugins:/opt/ros/humble/opt/rviz_ogre_vendor/lib:/opt/ros/humble/lib/x86_64-linux-gnu:/opt/ros/humble/opt/openvdb_vendor/lib:/opt/ros/humble/lib:/opt/MVS/lib/64:/opt/MVS/lib/32:/opt/MVS/lib/64:/opt/MVS/lib/32:/opt/MVS/lib/64:/opt/MVS/lib/32 PYTHONPATH=/home/hero/Desktop/birdiebot_nav_ws/install/auto_aim_interfaces/local/lib/python3.10/dist-packages:${PYTHONPATH} /usr/bin/cmake --build /home/hero/Desktop/birdiebot_nav_ws/build/armor_tracker -- -j8 -l8
[0.295s] [ 16%] [32mBuilding CXX object CMakeFiles/armor_tracker.dir/src/extended_kalman_filter.cpp.o[0m
[8.880s] [ 33%] [32mBuilding CXX object CMakeFiles/armor_tracker.dir/src/tracker_node.cpp.o[0m
[22.356s] [ 50%] [32mBuilding CXX object CMakeFiles/armor_tracker.dir/src/tracker.cpp.o[0m
[27.159s] [ 66%] [32m[1mLinking CXX shared library libarmor_tracker.so[0m
[28.335s] [ 66%] Built target armor_tracker
[28.381s] [ 83%] [32m[1mLinking CXX executable armor_tracker_node[0m
[28.538s] [100%] Built target armor_tracker_node
[28.606s] Invoked command in '/home/hero/Desktop/birdiebot_nav_ws/build/armor_tracker' returned '0': AMENT_PREFIX_PATH=/home/hero/Desktop/birdiebot_nav_ws/install/auto_aim_interfaces:${AMENT_PREFIX_PATH} CMAKE_PREFIX_PATH=/home/hero/Desktop/birdiebot_nav_ws/install/auto_aim_interfaces:/opt/ros/humble LD_LIBRARY_PATH=/home/hero/Desktop/birdiebot_nav_ws/install/auto_aim_interfaces/lib:/opt/intel/openvino_2023.3.0/runtime/lib/intel64:/opt/MVS/lib/64:/opt/MVS/lib/32:/opt/MVS/lib/64:/opt/MVS/lib/32:/opt/intel/openvino_2023.3.0/runtime/lib/intel64:/opt/MVS/lib/64:/opt/MVS/lib/32:/usr/lib/x86_64-linux-gnu/gazebo-11/plugins:/opt/ros/humble/opt/rviz_ogre_vendor/lib:/opt/ros/humble/lib/x86_64-linux-gnu:/opt/ros/humble/opt/openvdb_vendor/lib:/opt/ros/humble/lib:/opt/MVS/lib/64:/opt/MVS/lib/32:/opt/MVS/lib/64:/opt/MVS/lib/32:/opt/MVS/lib/64:/opt/MVS/lib/32 PYTHONPATH=/home/hero/Desktop/birdiebot_nav_ws/install/auto_aim_interfaces/local/lib/python3.10/dist-packages:${PYTHONPATH} /usr/bin/cmake --build /home/hero/Desktop/birdiebot_nav_ws/build/armor_tracker -- -j8 -l8
[28.636s] Invoking command in '/home/hero/Desktop/birdiebot_nav_ws/build/armor_tracker': AMENT_PREFIX_PATH=/home/hero/Desktop/birdiebot_nav_ws/install/auto_aim_interfaces:${AMENT_PREFIX_PATH} CMAKE_PREFIX_PATH=/home/hero/Desktop/birdiebot_nav_ws/install/auto_aim_interfaces:/opt/ros/humble LD_LIBRARY_PATH=/home/hero/Desktop/birdiebot_nav_ws/install/auto_aim_interfaces/lib:/opt/intel/openvino_2023.3.0/runtime/lib/intel64:/opt/MVS/lib/64:/opt/MVS/lib/32:/opt/MVS/lib/64:/opt/MVS/lib/32:/opt/intel/openvino_2023.3.0/runtime/lib/intel64:/opt/MVS/lib/64:/opt/MVS/lib/32:/usr/lib/x86_64-linux-gnu/gazebo-11/plugins:/opt/ros/humble/opt/rviz_ogre_vendor/lib:/opt/ros/humble/lib/x86_64-linux-gnu:/opt/ros/humble/opt/openvdb_vendor/lib:/opt/ros/humble/lib:/opt/MVS/lib/64:/opt/MVS/lib/32:/opt/MVS/lib/64:/opt/MVS/lib/32:/opt/MVS/lib/64:/opt/MVS/lib/32 PYTHONPATH=/home/hero/Desktop/birdiebot_nav_ws/install/auto_aim_interfaces/local/lib/python3.10/dist-packages:${PYTHONPATH} /usr/bin/cmake --install /home/hero/Desktop/birdiebot_nav_ws/build/armor_tracker
[28.648s] -- Install configuration: ""
[28.650s] -- Execute custom install script
[28.650s] -- Up-to-date symlink: /home/hero/Desktop/birdiebot_nav_ws/install/armor_tracker/lib/armor_tracker/armor_tracker_node
[28.651s] -- Up-to-date symlink: /home/hero/Desktop/birdiebot_nav_ws/install/armor_tracker/include/armor_tracker/extended_kalman_filter.hpp
[28.651s] -- Up-to-date symlink: /home/hero/Desktop/birdiebot_nav_ws/install/armor_tracker/include/armor_tracker/tracker.hpp
[28.651s] -- Up-to-date symlink: /home/hero/Desktop/birdiebot_nav_ws/install/armor_tracker/include/armor_tracker/tracker_node.hpp
[28.651s] -- Up-to-date symlink: /home/hero/Desktop/birdiebot_nav_ws/install/armor_tracker/share/armor_tracker/environment/library_path.sh
[28.651s] -- Up-to-date symlink: /home/hero/Desktop/birdiebot_nav_ws/install/armor_tracker/share/armor_tracker/environment/library_path.dsv
[28.652s] -- Up-to-date symlink: /home/hero/Desktop/birdiebot_nav_ws/install/armor_tracker/lib/libarmor_tracker.so
[28.654s] -- Up-to-date symlink: /home/hero/Desktop/birdiebot_nav_ws/install/armor_tracker/share/ament_index/resource_index/package_run_dependencies/armor_tracker
[28.655s] -- Up-to-date symlink: /home/hero/Desktop/birdiebot_nav_ws/install/armor_tracker/share/ament_index/resource_index/parent_prefix_path/armor_tracker
[28.655s] -- Up-to-date symlink: /home/hero/Desktop/birdiebot_nav_ws/install/armor_tracker/share/armor_tracker/environment/ament_prefix_path.sh
[28.655s] -- Up-to-date symlink: /home/hero/Desktop/birdiebot_nav_ws/install/armor_tracker/share/armor_tracker/environment/ament_prefix_path.dsv
[28.655s] -- Up-to-date symlink: /home/hero/Desktop/birdiebot_nav_ws/install/armor_tracker/share/armor_tracker/environment/path.sh
[28.655s] -- Up-to-date symlink: /home/hero/Desktop/birdiebot_nav_ws/install/armor_tracker/share/armor_tracker/environment/path.dsv
[28.655s] -- Up-to-date symlink: /home/hero/Desktop/birdiebot_nav_ws/install/armor_tracker/share/armor_tracker/local_setup.bash
[28.655s] -- Up-to-date symlink: /home/hero/Desktop/birdiebot_nav_ws/install/armor_tracker/share/armor_tracker/local_setup.sh
[28.655s] -- Up-to-date symlink: /home/hero/Desktop/birdiebot_nav_ws/install/armor_tracker/share/armor_tracker/local_setup.zsh
[28.655s] -- Up-to-date symlink: /home/hero/Desktop/birdiebot_nav_ws/install/armor_tracker/share/armor_tracker/local_setup.dsv
[28.656s] -- Symlinking: /home/hero/Desktop/birdiebot_nav_ws/install/armor_tracker/share/armor_tracker/package.dsv
[28.665s] -- Up-to-date symlink: /home/hero/Desktop/birdiebot_nav_ws/install/armor_tracker/share/ament_index/resource_index/packages/armor_tracker
[28.667s] -- Up-to-date symlink: /home/hero/Desktop/birdiebot_nav_ws/install/armor_tracker/share/ament_index/resource_index/rclcpp_components/armor_tracker
[28.667s] -- Up-to-date symlink: /home/hero/Desktop/birdiebot_nav_ws/install/armor_tracker/share/armor_tracker/cmake/ament_cmake_export_dependencies-extras.cmake
[28.667s] -- Up-to-date symlink: /home/hero/Desktop/birdiebot_nav_ws/install/armor_tracker/share/armor_tracker/cmake/ament_cmake_export_include_directories-extras.cmake
[28.667s] -- Up-to-date symlink: /home/hero/Desktop/birdiebot_nav_ws/install/armor_tracker/share/armor_tracker/cmake/ament_cmake_export_libraries-extras.cmake
[28.667s] -- Up-to-date symlink: /home/hero/Desktop/birdiebot_nav_ws/install/armor_tracker/share/armor_tracker/cmake/armor_trackerConfig.cmake
[28.669s] -- Up-to-date symlink: /home/hero/Desktop/birdiebot_nav_ws/install/armor_tracker/share/armor_tracker/cmake/armor_trackerConfig-version.cmake
[28.669s] -- Up-to-date symlink: /home/hero/Desktop/birdiebot_nav_ws/install/armor_tracker/share/armor_tracker/package.xml
[28.675s] Invoked command in '/home/hero/Desktop/birdiebot_nav_ws/build/armor_tracker' returned '0': AMENT_PREFIX_PATH=/home/hero/Desktop/birdiebot_nav_ws/install/auto_aim_interfaces:${AMENT_PREFIX_PATH} CMAKE_PREFIX_PATH=/home/hero/Desktop/birdiebot_nav_ws/install/auto_aim_interfaces:/opt/ros/humble LD_LIBRARY_PATH=/home/hero/Desktop/birdiebot_nav_ws/install/auto_aim_interfaces/lib:/opt/intel/openvino_2023.3.0/runtime/lib/intel64:/opt/MVS/lib/64:/opt/MVS/lib/32:/opt/MVS/lib/64:/opt/MVS/lib/32:/opt/intel/openvino_2023.3.0/runtime/lib/intel64:/opt/MVS/lib/64:/opt/MVS/lib/32:/usr/lib/x86_64-linux-gnu/gazebo-11/plugins:/opt/ros/humble/opt/rviz_ogre_vendor/lib:/opt/ros/humble/lib/x86_64-linux-gnu:/opt/ros/humble/opt/openvdb_vendor/lib:/opt/ros/humble/lib:/opt/MVS/lib/64:/opt/MVS/lib/32:/opt/MVS/lib/64:/opt/MVS/lib/32:/opt/MVS/lib/64:/opt/MVS/lib/32 PYTHONPATH=/home/hero/Desktop/birdiebot_nav_ws/install/auto_aim_interfaces/local/lib/python3.10/dist-packages:${PYTHONPATH} /usr/bin/cmake --install /home/hero/Desktop/birdiebot_nav_ws/build/armor_tracker
