[0.024s] Invoking command in '/home/hero/Desktop/birdiebot_nav_ws/build/fake_baselink': CMAKE_PREFIX_PATH=/opt/ros/humble /usr/bin/cmake --build /home/hero/Desktop/birdiebot_nav_ws/build/fake_baselink -- -j8 -l8
[0.091s] [ 50%] Built target fake_baselink
[0.095s] [100%] Built target fake_baselink_node
[0.113s] Invoked command in '/home/hero/Desktop/birdiebot_nav_ws/build/fake_baselink' returned '0': CMAKE_PREFIX_PATH=/opt/ros/humble /usr/bin/cmake --build /home/hero/Desktop/birdiebot_nav_ws/build/fake_baselink -- -j8 -l8
[0.193s] Invoking command in '/home/hero/Desktop/birdiebot_nav_ws/build/fake_baselink': CMAKE_PREFIX_PATH=/opt/ros/humble /usr/bin/cmake --install /home/hero/Desktop/birdiebot_nav_ws/build/fake_baselink
[0.202s] -- Install configuration: ""
[0.202s] -- Execute custom install script
[0.202s] -- Up-to-date symlink: /home/hero/Desktop/birdiebot_nav_ws/install/fake_baselink/lib/fake_baselink/fake_baselink_node
[0.202s] -- Up-to-date symlink: /home/hero/Desktop/birdiebot_nav_ws/install/fake_baselink/share/fake_baselink/environment/library_path.sh
[0.203s] -- Up-to-date symlink: /home/hero/Desktop/birdiebot_nav_ws/install/fake_baselink/share/fake_baselink/environment/library_path.dsv
[0.204s] -- Up-to-date symlink: /home/hero/Desktop/birdiebot_nav_ws/install/fake_baselink/lib/libfake_baselink.so
[0.204s] -- Up-to-date symlink: /home/hero/Desktop/birdiebot_nav_ws/install/fake_baselink/share/fake_baselink/launch/fake_baselink.launch.py
[0.204s] -- Up-to-date symlink: /home/hero/Desktop/birdiebot_nav_ws/install/fake_baselink/share/ament_index/resource_index/package_run_dependencies/fake_baselink
[0.205s] -- Up-to-date symlink: /home/hero/Desktop/birdiebot_nav_ws/install/fake_baselink/share/ament_index/resource_index/parent_prefix_path/fake_baselink
[0.205s] -- Up-to-date symlink: /home/hero/Desktop/birdiebot_nav_ws/install/fake_baselink/share/fake_baselink/environment/ament_prefix_path.sh
[0.205s] -- Up-to-date symlink: /home/hero/Desktop/birdiebot_nav_ws/install/fake_baselink/share/fake_baselink/environment/ament_prefix_path.dsv
[0.206s] -- Up-to-date symlink: /home/hero/Desktop/birdiebot_nav_ws/install/fake_baselink/share/fake_baselink/environment/path.sh
[0.207s] -- Up-to-date symlink: /home/hero/Desktop/birdiebot_nav_ws/install/fake_baselink/share/fake_baselink/environment/path.dsv
[0.207s] -- Up-to-date symlink: /home/hero/Desktop/birdiebot_nav_ws/install/fake_baselink/share/fake_baselink/local_setup.bash
[0.207s] -- Up-to-date symlink: /home/hero/Desktop/birdiebot_nav_ws/install/fake_baselink/share/fake_baselink/local_setup.sh
[0.208s] -- Up-to-date symlink: /home/hero/Desktop/birdiebot_nav_ws/install/fake_baselink/share/fake_baselink/local_setup.zsh
[0.208s] -- Up-to-date symlink: /home/hero/Desktop/birdiebot_nav_ws/install/fake_baselink/share/fake_baselink/local_setup.dsv
[0.208s] -- Symlinking: /home/hero/Desktop/birdiebot_nav_ws/install/fake_baselink/share/fake_baselink/package.dsv
[0.222s] -- Up-to-date symlink: /home/hero/Desktop/birdiebot_nav_ws/install/fake_baselink/share/ament_index/resource_index/packages/fake_baselink
[0.223s] -- Up-to-date symlink: /home/hero/Desktop/birdiebot_nav_ws/install/fake_baselink/share/ament_index/resource_index/rclcpp_components/fake_baselink
[0.223s] -- Up-to-date symlink: /home/hero/Desktop/birdiebot_nav_ws/install/fake_baselink/share/fake_baselink/cmake/ament_cmake_export_dependencies-extras.cmake
[0.223s] -- Up-to-date symlink: /home/hero/Desktop/birdiebot_nav_ws/install/fake_baselink/share/fake_baselink/cmake/ament_cmake_export_libraries-extras.cmake
[0.223s] -- Up-to-date symlink: /home/hero/Desktop/birdiebot_nav_ws/install/fake_baselink/share/fake_baselink/cmake/fake_baselinkConfig.cmake
[0.223s] -- Up-to-date symlink: /home/hero/Desktop/birdiebot_nav_ws/install/fake_baselink/share/fake_baselink/cmake/fake_baselinkConfig-version.cmake
[0.223s] -- Up-to-date symlink: /home/hero/Desktop/birdiebot_nav_ws/install/fake_baselink/share/fake_baselink/package.xml
[0.246s] Invoked command in '/home/hero/Desktop/birdiebot_nav_ws/build/fake_baselink' returned '0': CMAKE_PREFIX_PATH=/opt/ros/humble /usr/bin/cmake --install /home/hero/Desktop/birdiebot_nav_ws/build/fake_baselink
