[0.042s] Invoking command in '/home/hero/Desktop/birdiebot_nav_ws/build/potential_escape_action': CMAKE_PREFIX_PATH=/opt/ros/humble /usr/bin/cmake --build /home/hero/Desktop/birdiebot_nav_ws/build/potential_escape_action -- -j8 -l8
[0.295s] [ 50%] [32m[1mLinking CXX shared library libnav2_escape_action_bt_node.so[0m
[1.953s] [100%] Built target nav2_escape_action_bt_node
[2.014s] Invoked command in '/home/hero/Desktop/birdiebot_nav_ws/build/potential_escape_action' returned '0': CMAKE_PREFIX_PATH=/opt/ros/humble /usr/bin/cmake --build /home/hero/Desktop/birdiebot_nav_ws/build/potential_escape_action -- -j8 -l8
[2.345s] Invoking command in '/home/hero/Desktop/birdiebot_nav_ws/build/potential_escape_action': CMAKE_PREFIX_PATH=/opt/ros/humble /usr/bin/cmake --install /home/hero/Desktop/birdiebot_nav_ws/build/potential_escape_action
[2.367s] -- Install configuration: ""
[2.379s] -- Execute custom install script
[2.381s] -- Up-to-date symlink: /home/hero/Desktop/birdiebot_nav_ws/install/potential_escape_action/lib/libnav2_escape_action_bt_node.so
[2.381s] -- Up-to-date symlink: /home/hero/Desktop/birdiebot_nav_ws/install/potential_escape_action/share/potential_escape_action/nav2_tree_nodes.xml
[2.382s] -- Up-to-date symlink: /home/hero/Desktop/birdiebot_nav_ws/install/potential_escape_action/include//potential_escape_action/potential_escape_action.hpp
[2.382s] -- Up-to-date symlink: /home/hero/Desktop/birdiebot_nav_ws/install/potential_escape_action/share/ament_index/resource_index/package_run_dependencies/potential_escape_action
[2.382s] -- Up-to-date symlink: /home/hero/Desktop/birdiebot_nav_ws/install/potential_escape_action/share/ament_index/resource_index/parent_prefix_path/potential_escape_action
[2.383s] -- Up-to-date symlink: /home/hero/Desktop/birdiebot_nav_ws/install/potential_escape_action/share/potential_escape_action/environment/ament_prefix_path.sh
[2.383s] -- Up-to-date symlink: /home/hero/Desktop/birdiebot_nav_ws/install/potential_escape_action/share/potential_escape_action/environment/ament_prefix_path.dsv
[2.383s] -- Up-to-date symlink: /home/hero/Desktop/birdiebot_nav_ws/install/potential_escape_action/share/potential_escape_action/environment/path.sh
[2.384s] -- Up-to-date symlink: /home/hero/Desktop/birdiebot_nav_ws/install/potential_escape_action/share/potential_escape_action/environment/path.dsv
[2.384s] -- Up-to-date symlink: /home/hero/Desktop/birdiebot_nav_ws/install/potential_escape_action/share/potential_escape_action/local_setup.bash
[2.384s] -- Up-to-date symlink: /home/hero/Desktop/birdiebot_nav_ws/install/potential_escape_action/share/potential_escape_action/local_setup.sh
[2.384s] -- Up-to-date symlink: /home/hero/Desktop/birdiebot_nav_ws/install/potential_escape_action/share/potential_escape_action/local_setup.zsh
[2.385s] -- Up-to-date symlink: /home/hero/Desktop/birdiebot_nav_ws/install/potential_escape_action/share/potential_escape_action/local_setup.dsv
[2.385s] -- Symlinking: /home/hero/Desktop/birdiebot_nav_ws/install/potential_escape_action/share/potential_escape_action/package.dsv
[2.418s] -- Up-to-date symlink: /home/hero/Desktop/birdiebot_nav_ws/install/potential_escape_action/share/ament_index/resource_index/packages/potential_escape_action
[2.418s] -- Up-to-date symlink: /home/hero/Desktop/birdiebot_nav_ws/install/potential_escape_action/share/potential_escape_action/cmake/ament_cmake_export_include_directories-extras.cmake
[2.418s] -- Up-to-date symlink: /home/hero/Desktop/birdiebot_nav_ws/install/potential_escape_action/share/potential_escape_action/cmake/potential_escape_actionConfig.cmake
[2.418s] -- Up-to-date symlink: /home/hero/Desktop/birdiebot_nav_ws/install/potential_escape_action/share/potential_escape_action/cmake/potential_escape_actionConfig-version.cmake
[2.421s] -- Up-to-date symlink: /home/hero/Desktop/birdiebot_nav_ws/install/potential_escape_action/share/potential_escape_action/package.xml
[2.422s] Invoked command in '/home/hero/Desktop/birdiebot_nav_ws/build/potential_escape_action' returned '0': CMAKE_PREFIX_PATH=/opt/ros/humble /usr/bin/cmake --install /home/hero/Desktop/birdiebot_nav_ws/build/potential_escape_action
