-- Found ament_cmake_auto: 1.3.12 (/opt/ros/humble/share/ament_cmake_auto/cmake)
-- Override CMake install command with custom implementation using symlinks instead of copying resources
-- Found navigation_interfaces: 0.0.0 (/home/hero/Desktop/birdiebot_nav_ws/install/navigation_interfaces/share/navigation_interfaces/cmake)
-- Found rosidl_generator_c: 3.1.7 (/opt/ros/humble/share/rosidl_generator_c/cmake)
-- Found rosidl_adapter: 3.1.7 (/opt/ros/humble/share/rosidl_adapter/cmake)
-- Found rosidl_generator_cpp: 3.1.7 (/opt/ros/humble/share/rosidl_generator_cpp/cmake)
-- Using all available rosidl_typesupport_c: rosidl_typesupport_fastrtps_c;rosidl_typesupport_introspection_c
-- Using all available rosidl_typesupport_cpp: rosidl_typesupport_fastrtps_cpp;rosidl_typesupport_introspection_cpp
-- Found rmw_implementation_cmake: 6.1.2 (/opt/ros/humble/share/rmw_implementation_cmake/cmake)
-- Found rmw_fastrtps_cpp: 6.2.8 (/opt/ros/humble/share/rmw_fastrtps_cpp/cmake)
-- Using RMW implementation 'rmw_fastrtps_cpp' as default
-- Found ament_lint_auto: 0.12.14 (/opt/ros/humble/share/ament_lint_auto/cmake)
-- Added test 'cppcheck' to perform static code analysis on C / C++ code
-- Configured cppcheck include dirs: 
-- Configured cppcheck exclude dirs and/or files: 
-- Added test 'lint_cmake' to check CMake code style
-- Added test 'uncrustify' to check C / C++ code style
-- Configured uncrustify additional arguments: 
-- Added test 'xmllint' to check XML markup files
-- Configuring done
-- Generating done
-- Build files have been written to: /home/hero/Desktop/birdiebot_nav_ws/build/navigation_data_processer
[35m[1mConsolidate compiler generated dependencies of target navigation_data_processer[0m
[ 50%] [32mBuilding CXX object CMakeFiles/navigation_data_processer.dir/src/navigation_data_processer.cpp.o[0m
[100%] [32m[1mLinking CXX executable navigation_data_processer[0m
[100%] Built target navigation_data_processer
-- Install configuration: ""
-- Execute custom install script
-- Up-to-date symlink: /home/hero/Desktop/birdiebot_nav_ws/install/navigation_data_processer/lib/navigation_data_processer/navigation_data_processer
-- Up-to-date symlink: /home/hero/Desktop/birdiebot_nav_ws/install/navigation_data_processer/share/ament_index/resource_index/package_run_dependencies/navigation_data_processer
-- Up-to-date symlink: /home/hero/Desktop/birdiebot_nav_ws/install/navigation_data_processer/share/ament_index/resource_index/parent_prefix_path/navigation_data_processer
-- Up-to-date symlink: /home/hero/Desktop/birdiebot_nav_ws/install/navigation_data_processer/share/navigation_data_processer/environment/ament_prefix_path.sh
-- Up-to-date symlink: /home/hero/Desktop/birdiebot_nav_ws/install/navigation_data_processer/share/navigation_data_processer/environment/ament_prefix_path.dsv
-- Up-to-date symlink: /home/hero/Desktop/birdiebot_nav_ws/install/navigation_data_processer/share/navigation_data_processer/environment/path.sh
-- Up-to-date symlink: /home/hero/Desktop/birdiebot_nav_ws/install/navigation_data_processer/share/navigation_data_processer/environment/path.dsv
-- Up-to-date symlink: /home/hero/Desktop/birdiebot_nav_ws/install/navigation_data_processer/share/navigation_data_processer/local_setup.bash
-- Up-to-date symlink: /home/hero/Desktop/birdiebot_nav_ws/install/navigation_data_processer/share/navigation_data_processer/local_setup.sh
-- Up-to-date symlink: /home/hero/Desktop/birdiebot_nav_ws/install/navigation_data_processer/share/navigation_data_processer/local_setup.zsh
-- Up-to-date symlink: /home/hero/Desktop/birdiebot_nav_ws/install/navigation_data_processer/share/navigation_data_processer/local_setup.dsv
-- Symlinking: /home/hero/Desktop/birdiebot_nav_ws/install/navigation_data_processer/share/navigation_data_processer/package.dsv
-- Up-to-date symlink: /home/hero/Desktop/birdiebot_nav_ws/install/navigation_data_processer/share/ament_index/resource_index/packages/navigation_data_processer
-- Up-to-date symlink: /home/hero/Desktop/birdiebot_nav_ws/install/navigation_data_processer/share/navigation_data_processer/cmake/ament_cmake_export_dependencies-extras.cmake
-- Up-to-date symlink: /home/hero/Desktop/birdiebot_nav_ws/install/navigation_data_processer/share/navigation_data_processer/cmake/navigation_data_processerConfig.cmake
-- Up-to-date symlink: /home/hero/Desktop/birdiebot_nav_ws/install/navigation_data_processer/share/navigation_data_processer/cmake/navigation_data_processerConfig-version.cmake
-- Up-to-date symlink: /home/hero/Desktop/birdiebot_nav_ws/install/navigation_data_processer/share/navigation_data_processer/package.xml
