[0.061s] Invoking command in '/home/hero/Desktop/birdiebot_nav_ws/build/navigation_data_processer': AMENT_PREFIX_PATH=/home/hero/Desktop/birdiebot_nav_ws/install/navigation_interfaces:${AMENT_PREFIX_PATH} CMAKE_PREFIX_PATH=/home/hero/Desktop/birdiebot_nav_ws/install/navigation_interfaces:/opt/ros/humble LD_LIBRARY_PATH=/home/hero/Desktop/birdiebot_nav_ws/install/navigation_interfaces/lib:/opt/intel/openvino_2023.3.0/runtime/lib/intel64:/opt/MVS/lib/64:/opt/MVS/lib/32:/opt/intel/openvino_2023.3.0/runtime/lib/intel64:/opt/MVS/lib/64:/opt/MVS/lib/32:/usr/lib/x86_64-linux-gnu/gazebo-11/plugins:/opt/ros/humble/opt/rviz_ogre_vendor/lib:/opt/ros/humble/lib/x86_64-linux-gnu:/opt/ros/humble/opt/openvdb_vendor/lib:/opt/ros/humble/lib:/opt/MVS/lib/64:/opt/MVS/lib/32:/opt/MVS/lib/64:/opt/MVS/lib/32 PYTHONPATH=/home/hero/Desktop/birdiebot_nav_ws/install/navigation_interfaces/local/lib/python3.10/dist-packages:${PYTHONPATH} /usr/bin/cmake --build /home/hero/Desktop/birdiebot_nav_ws/build/navigation_data_processer -- -j8 -l8
[6.159s] -- Found ament_cmake_auto: 1.3.12 (/opt/ros/humble/share/ament_cmake_auto/cmake)
[6.160s] -- Override CMake install command with custom implementation using symlinks instead of copying resources
[6.160s] -- Found navigation_interfaces: 0.0.0 (/home/hero/Desktop/birdiebot_nav_ws/install/navigation_interfaces/share/navigation_interfaces/cmake)
[6.162s] -- Found rosidl_generator_c: 3.1.7 (/opt/ros/humble/share/rosidl_generator_c/cmake)
[6.162s] -- Found rosidl_adapter: 3.1.7 (/opt/ros/humble/share/rosidl_adapter/cmake)
[6.162s] -- Found rosidl_generator_cpp: 3.1.7 (/opt/ros/humble/share/rosidl_generator_cpp/cmake)
[6.162s] -- Using all available rosidl_typesupport_c: rosidl_typesupport_fastrtps_c;rosidl_typesupport_introspection_c
[6.162s] -- Using all available rosidl_typesupport_cpp: rosidl_typesupport_fastrtps_cpp;rosidl_typesupport_introspection_cpp
[6.166s] -- Found rmw_implementation_cmake: 6.1.2 (/opt/ros/humble/share/rmw_implementation_cmake/cmake)
[6.166s] -- Found rmw_fastrtps_cpp: 6.2.8 (/opt/ros/humble/share/rmw_fastrtps_cpp/cmake)
[6.166s] -- Using RMW implementation 'rmw_fastrtps_cpp' as default
[6.166s] -- Found ament_lint_auto: 0.12.14 (/opt/ros/humble/share/ament_lint_auto/cmake)
[6.166s] -- Added test 'cppcheck' to perform static code analysis on C / C++ code
[6.166s] -- Configured cppcheck include dirs: 
[6.166s] -- Configured cppcheck exclude dirs and/or files: 
[6.166s] -- Added test 'lint_cmake' to check CMake code style
[6.166s] -- Added test 'uncrustify' to check C / C++ code style
[6.166s] -- Configured uncrustify additional arguments: 
[6.166s] -- Added test 'xmllint' to check XML markup files
[6.166s] -- Configuring done
[6.166s] -- Generating done
[6.166s] -- Build files have been written to: /home/hero/Desktop/birdiebot_nav_ws/build/navigation_data_processer
[6.166s] [35m[1mConsolidate compiler generated dependencies of target navigation_data_processer[0m
[6.166s] [ 50%] [32mBuilding CXX object CMakeFiles/navigation_data_processer.dir/src/navigation_data_processer.cpp.o[0m
[13.648s] [100%] [32m[1mLinking CXX executable navigation_data_processer[0m
[14.402s] [100%] Built target navigation_data_processer
[14.455s] Invoked command in '/home/hero/Desktop/birdiebot_nav_ws/build/navigation_data_processer' returned '0': AMENT_PREFIX_PATH=/home/hero/Desktop/birdiebot_nav_ws/install/navigation_interfaces:${AMENT_PREFIX_PATH} CMAKE_PREFIX_PATH=/home/hero/Desktop/birdiebot_nav_ws/install/navigation_interfaces:/opt/ros/humble LD_LIBRARY_PATH=/home/hero/Desktop/birdiebot_nav_ws/install/navigation_interfaces/lib:/opt/intel/openvino_2023.3.0/runtime/lib/intel64:/opt/MVS/lib/64:/opt/MVS/lib/32:/opt/intel/openvino_2023.3.0/runtime/lib/intel64:/opt/MVS/lib/64:/opt/MVS/lib/32:/usr/lib/x86_64-linux-gnu/gazebo-11/plugins:/opt/ros/humble/opt/rviz_ogre_vendor/lib:/opt/ros/humble/lib/x86_64-linux-gnu:/opt/ros/humble/opt/openvdb_vendor/lib:/opt/ros/humble/lib:/opt/MVS/lib/64:/opt/MVS/lib/32:/opt/MVS/lib/64:/opt/MVS/lib/32 PYTHONPATH=/home/hero/Desktop/birdiebot_nav_ws/install/navigation_interfaces/local/lib/python3.10/dist-packages:${PYTHONPATH} /usr/bin/cmake --build /home/hero/Desktop/birdiebot_nav_ws/build/navigation_data_processer -- -j8 -l8
[14.781s] Invoking command in '/home/hero/Desktop/birdiebot_nav_ws/build/navigation_data_processer': AMENT_PREFIX_PATH=/home/hero/Desktop/birdiebot_nav_ws/install/navigation_interfaces:${AMENT_PREFIX_PATH} CMAKE_PREFIX_PATH=/home/hero/Desktop/birdiebot_nav_ws/install/navigation_interfaces:/opt/ros/humble LD_LIBRARY_PATH=/home/hero/Desktop/birdiebot_nav_ws/install/navigation_interfaces/lib:/opt/intel/openvino_2023.3.0/runtime/lib/intel64:/opt/MVS/lib/64:/opt/MVS/lib/32:/opt/intel/openvino_2023.3.0/runtime/lib/intel64:/opt/MVS/lib/64:/opt/MVS/lib/32:/usr/lib/x86_64-linux-gnu/gazebo-11/plugins:/opt/ros/humble/opt/rviz_ogre_vendor/lib:/opt/ros/humble/lib/x86_64-linux-gnu:/opt/ros/humble/opt/openvdb_vendor/lib:/opt/ros/humble/lib:/opt/MVS/lib/64:/opt/MVS/lib/32:/opt/MVS/lib/64:/opt/MVS/lib/32 PYTHONPATH=/home/hero/Desktop/birdiebot_nav_ws/install/navigation_interfaces/local/lib/python3.10/dist-packages:${PYTHONPATH} /usr/bin/cmake --install /home/hero/Desktop/birdiebot_nav_ws/build/navigation_data_processer
[39.052s] -- Install configuration: ""
[39.052s] -- Execute custom install script
[39.052s] -- Up-to-date symlink: /home/hero/Desktop/birdiebot_nav_ws/install/navigation_data_processer/lib/navigation_data_processer/navigation_data_processer
[39.052s] -- Up-to-date symlink: /home/hero/Desktop/birdiebot_nav_ws/install/navigation_data_processer/share/ament_index/resource_index/package_run_dependencies/navigation_data_processer
[39.052s] -- Up-to-date symlink: /home/hero/Desktop/birdiebot_nav_ws/install/navigation_data_processer/share/ament_index/resource_index/parent_prefix_path/navigation_data_processer
[39.052s] -- Up-to-date symlink: /home/hero/Desktop/birdiebot_nav_ws/install/navigation_data_processer/share/navigation_data_processer/environment/ament_prefix_path.sh
[39.052s] -- Up-to-date symlink: /home/hero/Desktop/birdiebot_nav_ws/install/navigation_data_processer/share/navigation_data_processer/environment/ament_prefix_path.dsv
[39.052s] -- Up-to-date symlink: /home/hero/Desktop/birdiebot_nav_ws/install/navigation_data_processer/share/navigation_data_processer/environment/path.sh
[39.055s] -- Up-to-date symlink: /home/hero/Desktop/birdiebot_nav_ws/install/navigation_data_processer/share/navigation_data_processer/environment/path.dsv
[39.055s] -- Up-to-date symlink: /home/hero/Desktop/birdiebot_nav_ws/install/navigation_data_processer/share/navigation_data_processer/local_setup.bash
[39.055s] -- Up-to-date symlink: /home/hero/Desktop/birdiebot_nav_ws/install/navigation_data_processer/share/navigation_data_processer/local_setup.sh
[39.055s] -- Up-to-date symlink: /home/hero/Desktop/birdiebot_nav_ws/install/navigation_data_processer/share/navigation_data_processer/local_setup.zsh
[39.055s] -- Up-to-date symlink: /home/hero/Desktop/birdiebot_nav_ws/install/navigation_data_processer/share/navigation_data_processer/local_setup.dsv
[39.055s] -- Symlinking: /home/hero/Desktop/birdiebot_nav_ws/install/navigation_data_processer/share/navigation_data_processer/package.dsv
[39.055s] -- Up-to-date symlink: /home/hero/Desktop/birdiebot_nav_ws/install/navigation_data_processer/share/ament_index/resource_index/packages/navigation_data_processer
[39.055s] -- Up-to-date symlink: /home/hero/Desktop/birdiebot_nav_ws/install/navigation_data_processer/share/navigation_data_processer/cmake/ament_cmake_export_dependencies-extras.cmake
[39.055s] -- Up-to-date symlink: /home/hero/Desktop/birdiebot_nav_ws/install/navigation_data_processer/share/navigation_data_processer/cmake/navigation_data_processerConfig.cmake
[39.057s] -- Up-to-date symlink: /home/hero/Desktop/birdiebot_nav_ws/install/navigation_data_processer/share/navigation_data_processer/cmake/navigation_data_processerConfig-version.cmake
[39.057s] -- Up-to-date symlink: /home/hero/Desktop/birdiebot_nav_ws/install/navigation_data_processer/share/navigation_data_processer/package.xml
[39.068s] Invoked command in '/home/hero/Desktop/birdiebot_nav_ws/build/navigation_data_processer' returned '0': AMENT_PREFIX_PATH=/home/hero/Desktop/birdiebot_nav_ws/install/navigation_interfaces:${AMENT_PREFIX_PATH} CMAKE_PREFIX_PATH=/home/hero/Desktop/birdiebot_nav_ws/install/navigation_interfaces:/opt/ros/humble LD_LIBRARY_PATH=/home/hero/Desktop/birdiebot_nav_ws/install/navigation_interfaces/lib:/opt/intel/openvino_2023.3.0/runtime/lib/intel64:/opt/MVS/lib/64:/opt/MVS/lib/32:/opt/intel/openvino_2023.3.0/runtime/lib/intel64:/opt/MVS/lib/64:/opt/MVS/lib/32:/usr/lib/x86_64-linux-gnu/gazebo-11/plugins:/opt/ros/humble/opt/rviz_ogre_vendor/lib:/opt/ros/humble/lib/x86_64-linux-gnu:/opt/ros/humble/opt/openvdb_vendor/lib:/opt/ros/humble/lib:/opt/MVS/lib/64:/opt/MVS/lib/32:/opt/MVS/lib/64:/opt/MVS/lib/32 PYTHONPATH=/home/hero/Desktop/birdiebot_nav_ws/install/navigation_interfaces/local/lib/python3.10/dist-packages:${PYTHONPATH} /usr/bin/cmake --install /home/hero/Desktop/birdiebot_nav_ws/build/navigation_data_processer
