[0.214s] Invoking command in '/home/hero/Desktop/birdiebot_nav_ws/build/livox_ros_driver2': CMAKE_PREFIX_PATH=/opt/ros/humble /usr/bin/cmake --build /home/hero/Desktop/birdiebot_nav_ws/build/livox_ros_driver2 -- -j8 -l8
[0.281s] [35m[1mConsolidate compiler generated dependencies of target livox_ros_driver2_node[0m
[0.308s] [35m[1mConsolidate compiler generated dependencies of target livox_interfaces2__rosidl_generator_c[0m
[0.349s] [  0%] Built target ament_cmake_python_symlink_livox_ros_driver2
[0.350s] [  7%] Built target livox_interfaces2__rosidl_generator_c
[0.350s] [  8%] Built target livox_interfaces2__cpp
[0.350s] [ 12%] Built target livox_ros_driver2_node
[0.362s] [35m[1mConsolidate compiler generated dependencies of target livox_interfaces2__rosidl_typesupport_fastrtps_c[0m
[0.386s] [35m[1mConsolidate compiler generated dependencies of target livox_interfaces2__rosidl_typesupport_c[0m
[0.393s] [35m[1mConsolidate compiler generated dependencies of target livox_interfaces2__rosidl_typesupport_introspection_c[0m
[0.395s] [35m[1mConsolidate compiler generated dependencies of target livox_interfaces2__rosidl_typesupport_cpp[0m
[0.435s] [35m[1mConsolidate compiler generated dependencies of target livox_interfaces2__rosidl_typesupport_introspection_cpp[0m
[0.438s] [ 19%] Built target livox_interfaces2__rosidl_typesupport_fastrtps_c
[0.443s] [35m[1mConsolidate compiler generated dependencies of target livox_interfaces2__rosidl_typesupport_fastrtps_cpp[0m
[0.476s] [ 26%] Built target livox_interfaces2__rosidl_typesupport_introspection_c
[0.510s] [ 33%] Built target livox_interfaces2__rosidl_typesupport_c
[0.523s] [ 40%] Built target livox_interfaces2__rosidl_typesupport_cpp
[0.555s] [ 47%] Built target livox_interfaces2__rosidl_typesupport_fastrtps_cpp
[0.555s] [ 54%] Built target livox_interfaces2__rosidl_typesupport_introspection_cpp
[0.599s] [35m[1mConsolidate compiler generated dependencies of target livox_ros_driver2[0m
[0.624s] [ 54%] Built target livox_interfaces2
[0.688s] [ 82%] Built target livox_ros_driver2
[0.725s] [ 84%] Built target livox_interfaces2__py
[0.777s] [35m[1mConsolidate compiler generated dependencies of target livox_interfaces2__rosidl_generator_py[0m
[0.777s] running egg_info
[0.780s] writing livox_ros_driver2.egg-info/PKG-INFO
[0.780s] writing dependency_links to livox_ros_driver2.egg-info/dependency_links.txt
[0.781s] writing top-level names to livox_ros_driver2.egg-info/top_level.txt
[0.784s] reading manifest file 'livox_ros_driver2.egg-info/SOURCES.txt'
[0.785s] writing manifest file 'livox_ros_driver2.egg-info/SOURCES.txt'
[0.823s] [ 89%] Built target livox_interfaces2__rosidl_generator_py
[0.834s] [ 89%] Built target ament_cmake_python_build_livox_ros_driver2_egg
[0.857s] [35m[1mConsolidate compiler generated dependencies of target livox_ros_driver2__rosidl_typesupport_c__pyext[0m
[0.863s] [35m[1mConsolidate compiler generated dependencies of target livox_ros_driver2__rosidl_typesupport_introspection_c__pyext[0m
[0.864s] [35m[1mConsolidate compiler generated dependencies of target livox_ros_driver2__rosidl_typesupport_fastrtps_c__pyext[0m
[0.888s] [ 92%] Built target livox_ros_driver2__rosidl_typesupport_c__pyext
[0.899s] [ 96%] Built target livox_ros_driver2__rosidl_typesupport_introspection_c__pyext
[0.907s] [100%] Built target livox_ros_driver2__rosidl_typesupport_fastrtps_c__pyext
[0.960s] Invoked command in '/home/hero/Desktop/birdiebot_nav_ws/build/livox_ros_driver2' returned '0': CMAKE_PREFIX_PATH=/opt/ros/humble /usr/bin/cmake --build /home/hero/Desktop/birdiebot_nav_ws/build/livox_ros_driver2 -- -j8 -l8
[1.168s] Invoking command in '/home/hero/Desktop/birdiebot_nav_ws/build/livox_ros_driver2': CMAKE_PREFIX_PATH=/opt/ros/humble /usr/bin/cmake --install /home/hero/Desktop/birdiebot_nav_ws/build/livox_ros_driver2
[1.193s] -- Install configuration: ""
[1.193s] -- Execute custom install script
[1.193s] -- Up-to-date symlink: /home/hero/Desktop/birdiebot_nav_ws/install/livox_ros_driver2/share/ament_index/resource_index/rosidl_interfaces/livox_ros_driver2
[1.193s] -- Up-to-date symlink: /home/hero/Desktop/birdiebot_nav_ws/install/livox_ros_driver2/include/livox_ros_driver2/livox_ros_driver2/msg/custom_msg.h
[1.194s] -- Up-to-date symlink: /home/hero/Desktop/birdiebot_nav_ws/install/livox_ros_driver2/include/livox_ros_driver2/livox_ros_driver2/msg/custom_point.h
[1.194s] -- Up-to-date symlink: /home/hero/Desktop/birdiebot_nav_ws/install/livox_ros_driver2/include/livox_ros_driver2/livox_ros_driver2/msg/detail/custom_msg__functions.h
[1.195s] -- Up-to-date symlink: /home/hero/Desktop/birdiebot_nav_ws/install/livox_ros_driver2/include/livox_ros_driver2/livox_ros_driver2/msg/detail/custom_msg__struct.h
[1.195s] -- Up-to-date symlink: /home/hero/Desktop/birdiebot_nav_ws/install/livox_ros_driver2/include/livox_ros_driver2/livox_ros_driver2/msg/detail/custom_msg__type_support.h
[1.195s] -- Up-to-date symlink: /home/hero/Desktop/birdiebot_nav_ws/install/livox_ros_driver2/include/livox_ros_driver2/livox_ros_driver2/msg/detail/custom_point__functions.h
[1.195s] -- Up-to-date symlink: /home/hero/Desktop/birdiebot_nav_ws/install/livox_ros_driver2/include/livox_ros_driver2/livox_ros_driver2/msg/detail/custom_point__struct.h
[1.196s] -- Up-to-date symlink: /home/hero/Desktop/birdiebot_nav_ws/install/livox_ros_driver2/include/livox_ros_driver2/livox_ros_driver2/msg/detail/custom_point__type_support.h
[1.196s] -- Up-to-date symlink: /home/hero/Desktop/birdiebot_nav_ws/install/livox_ros_driver2/include/livox_ros_driver2/livox_ros_driver2/msg/rosidl_generator_c__visibility_control.h
[1.196s] -- Up-to-date symlink: /home/hero/Desktop/birdiebot_nav_ws/install/livox_ros_driver2/share/livox_ros_driver2/environment/library_path.sh
[1.196s] -- Up-to-date symlink: /home/hero/Desktop/birdiebot_nav_ws/install/livox_ros_driver2/share/livox_ros_driver2/environment/library_path.dsv
[1.196s] -- Up-to-date symlink: /home/hero/Desktop/birdiebot_nav_ws/install/livox_ros_driver2/include/livox_ros_driver2/livox_ros_driver2/msg/detail/custom_msg__rosidl_typesupport_fastrtps_c.h
[1.201s] -- Up-to-date symlink: /home/hero/Desktop/birdiebot_nav_ws/install/livox_ros_driver2/include/livox_ros_driver2/livox_ros_driver2/msg/detail/custom_point__rosidl_typesupport_fastrtps_c.h
[1.201s] -- Up-to-date symlink: /home/hero/Desktop/birdiebot_nav_ws/install/livox_ros_driver2/include/livox_ros_driver2/livox_ros_driver2/msg/rosidl_typesupport_fastrtps_c__visibility_control.h
[1.201s] -- Up-to-date symlink: /home/hero/Desktop/birdiebot_nav_ws/install/livox_ros_driver2/include/livox_ros_driver2/livox_ros_driver2/msg/detail/custom_msg__rosidl_typesupport_introspection_c.h
[1.201s] -- Up-to-date symlink: /home/hero/Desktop/birdiebot_nav_ws/install/livox_ros_driver2/include/livox_ros_driver2/livox_ros_driver2/msg/detail/custom_point__rosidl_typesupport_introspection_c.h
[1.201s] -- Up-to-date symlink: /home/hero/Desktop/birdiebot_nav_ws/install/livox_ros_driver2/include/livox_ros_driver2/livox_ros_driver2/msg/rosidl_typesupport_introspection_c__visibility_control.h
[1.210s] -- Up-to-date symlink: /home/hero/Desktop/birdiebot_nav_ws/install/livox_ros_driver2/include/livox_ros_driver2/livox_ros_driver2/msg/custom_msg.hpp
[1.211s] -- Up-to-date symlink: /home/hero/Desktop/birdiebot_nav_ws/install/livox_ros_driver2/include/livox_ros_driver2/livox_ros_driver2/msg/custom_point.hpp
[1.211s] -- Up-to-date symlink: /home/hero/Desktop/birdiebot_nav_ws/install/livox_ros_driver2/include/livox_ros_driver2/livox_ros_driver2/msg/detail/custom_msg__builder.hpp
[1.211s] -- Up-to-date symlink: /home/hero/Desktop/birdiebot_nav_ws/install/livox_ros_driver2/include/livox_ros_driver2/livox_ros_driver2/msg/detail/custom_msg__struct.hpp
[1.211s] -- Up-to-date symlink: /home/hero/Desktop/birdiebot_nav_ws/install/livox_ros_driver2/include/livox_ros_driver2/livox_ros_driver2/msg/detail/custom_msg__traits.hpp
[1.211s] -- Up-to-date symlink: /home/hero/Desktop/birdiebot_nav_ws/install/livox_ros_driver2/include/livox_ros_driver2/livox_ros_driver2/msg/detail/custom_point__builder.hpp
[1.211s] -- Up-to-date symlink: /home/hero/Desktop/birdiebot_nav_ws/install/livox_ros_driver2/include/livox_ros_driver2/livox_ros_driver2/msg/detail/custom_point__struct.hpp
[1.211s] -- Up-to-date symlink: /home/hero/Desktop/birdiebot_nav_ws/install/livox_ros_driver2/include/livox_ros_driver2/livox_ros_driver2/msg/detail/custom_point__traits.hpp
[1.211s] -- Up-to-date symlink: /home/hero/Desktop/birdiebot_nav_ws/install/livox_ros_driver2/include/livox_ros_driver2/livox_ros_driver2/msg/detail/custom_msg__rosidl_typesupport_fastrtps_cpp.hpp
[1.211s] -- Up-to-date symlink: /home/hero/Desktop/birdiebot_nav_ws/install/livox_ros_driver2/include/livox_ros_driver2/livox_ros_driver2/msg/detail/custom_point__rosidl_typesupport_fastrtps_cpp.hpp
[1.211s] -- Up-to-date symlink: /home/hero/Desktop/birdiebot_nav_ws/install/livox_ros_driver2/include/livox_ros_driver2/livox_ros_driver2/msg/rosidl_typesupport_fastrtps_cpp__visibility_control.h
[1.211s] -- Up-to-date symlink: /home/hero/Desktop/birdiebot_nav_ws/install/livox_ros_driver2/include/livox_ros_driver2/livox_ros_driver2/msg/detail/custom_msg__rosidl_typesupport_introspection_cpp.hpp
[1.211s] -- Up-to-date symlink: /home/hero/Desktop/birdiebot_nav_ws/install/livox_ros_driver2/include/livox_ros_driver2/livox_ros_driver2/msg/detail/custom_point__rosidl_typesupport_introspection_cpp.hpp
[1.211s] -- Up-to-date symlink: /home/hero/Desktop/birdiebot_nav_ws/install/livox_ros_driver2/share/livox_ros_driver2/environment/pythonpath.sh
[1.211s] -- Up-to-date symlink: /home/hero/Desktop/birdiebot_nav_ws/install/livox_ros_driver2/share/livox_ros_driver2/environment/pythonpath.dsv
[1.213s] -- Up-to-date symlink: /home/hero/Desktop/birdiebot_nav_ws/install/livox_ros_driver2/local/lib/python3.10/dist-packages/livox_ros_driver2-1.0.0-py3.10.egg-info/PKG-INFO
[1.213s] -- Up-to-date symlink: /home/hero/Desktop/birdiebot_nav_ws/install/livox_ros_driver2/local/lib/python3.10/dist-packages/livox_ros_driver2-1.0.0-py3.10.egg-info/SOURCES.txt
[1.213s] -- Up-to-date symlink: /home/hero/Desktop/birdiebot_nav_ws/install/livox_ros_driver2/local/lib/python3.10/dist-packages/livox_ros_driver2-1.0.0-py3.10.egg-info/dependency_links.txt
[1.213s] -- Up-to-date symlink: /home/hero/Desktop/birdiebot_nav_ws/install/livox_ros_driver2/local/lib/python3.10/dist-packages/livox_ros_driver2-1.0.0-py3.10.egg-info/top_level.txt
[1.214s] -- Up-to-date symlink: /home/hero/Desktop/birdiebot_nav_ws/install/livox_ros_driver2/local/lib/python3.10/dist-packages/livox_ros_driver2/__init__.py
[1.215s] -- Up-to-date symlink: /home/hero/Desktop/birdiebot_nav_ws/install/livox_ros_driver2/local/lib/python3.10/dist-packages/livox_ros_driver2/_livox_ros_driver2_s.ep.rosidl_typesupport_c.c
[1.215s] -- Up-to-date symlink: /home/hero/Desktop/birdiebot_nav_ws/install/livox_ros_driver2/local/lib/python3.10/dist-packages/livox_ros_driver2/_livox_ros_driver2_s.ep.rosidl_typesupport_fastrtps_c.c
[1.215s] -- Up-to-date symlink: /home/hero/Desktop/birdiebot_nav_ws/install/livox_ros_driver2/local/lib/python3.10/dist-packages/livox_ros_driver2/_livox_ros_driver2_s.ep.rosidl_typesupport_introspection_c.c
[1.215s] -- Up-to-date symlink: /home/hero/Desktop/birdiebot_nav_ws/install/livox_ros_driver2/local/lib/python3.10/dist-packages/livox_ros_driver2/liblivox_interfaces2__rosidl_generator_py.so
[1.215s] -- Up-to-date symlink: /home/hero/Desktop/birdiebot_nav_ws/install/livox_ros_driver2/local/lib/python3.10/dist-packages/livox_ros_driver2/livox_ros_driver2_s__rosidl_typesupport_c.cpython-310-x86_64-linux-gnu.so
[1.215s] -- Up-to-date symlink: /home/hero/Desktop/birdiebot_nav_ws/install/livox_ros_driver2/local/lib/python3.10/dist-packages/livox_ros_driver2/livox_ros_driver2_s__rosidl_typesupport_fastrtps_c.cpython-310-x86_64-linux-gnu.so
[1.221s] -- Up-to-date symlink: /home/hero/Desktop/birdiebot_nav_ws/install/livox_ros_driver2/local/lib/python3.10/dist-packages/livox_ros_driver2/livox_ros_driver2_s__rosidl_typesupport_introspection_c.cpython-310-x86_64-linux-gnu.so
[1.221s] -- Up-to-date symlink: /home/hero/Desktop/birdiebot_nav_ws/install/livox_ros_driver2/local/lib/python3.10/dist-packages/livox_ros_driver2/msg/__init__.py
[1.221s] -- Up-to-date symlink: /home/hero/Desktop/birdiebot_nav_ws/install/livox_ros_driver2/local/lib/python3.10/dist-packages/livox_ros_driver2/msg/_custom_msg.py
[1.221s] -- Up-to-date symlink: /home/hero/Desktop/birdiebot_nav_ws/install/livox_ros_driver2/local/lib/python3.10/dist-packages/livox_ros_driver2/msg/_custom_msg_s.c
[1.221s] -- Up-to-date symlink: /home/hero/Desktop/birdiebot_nav_ws/install/livox_ros_driver2/local/lib/python3.10/dist-packages/livox_ros_driver2/msg/_custom_point.py
[1.221s] -- Up-to-date symlink: /home/hero/Desktop/birdiebot_nav_ws/install/livox_ros_driver2/local/lib/python3.10/dist-packages/livox_ros_driver2/msg/_custom_point_s.c
[1.221s] -- Up-to-date symlink: /home/hero/Desktop/birdiebot_nav_ws/install/livox_ros_driver2/local/lib/python3.10/dist-packages/livox_ros_driver2/livox_ros_driver2_s__rosidl_typesupport_fastrtps_c.cpython-310-x86_64-linux-gnu.so
[1.221s] -- Up-to-date symlink: /home/hero/Desktop/birdiebot_nav_ws/install/livox_ros_driver2/local/lib/python3.10/dist-packages/livox_ros_driver2/livox_ros_driver2_s__rosidl_typesupport_introspection_c.cpython-310-x86_64-linux-gnu.so
[1.221s] -- Up-to-date symlink: /home/hero/Desktop/birdiebot_nav_ws/install/livox_ros_driver2/local/lib/python3.10/dist-packages/livox_ros_driver2/livox_ros_driver2_s__rosidl_typesupport_c.cpython-310-x86_64-linux-gnu.so
[1.221s] -- Up-to-date symlink: /home/hero/Desktop/birdiebot_nav_ws/install/livox_ros_driver2/share/livox_ros_driver2/msg/CustomPoint.idl
[1.221s] -- Up-to-date symlink: /home/hero/Desktop/birdiebot_nav_ws/install/livox_ros_driver2/share/livox_ros_driver2/msg/CustomMsg.idl
[1.221s] -- Up-to-date symlink: /home/hero/Desktop/birdiebot_nav_ws/install/livox_ros_driver2/share/livox_ros_driver2/msg/CustomPoint.msg
[1.221s] -- Up-to-date symlink: /home/hero/Desktop/birdiebot_nav_ws/install/livox_ros_driver2/share/livox_ros_driver2/msg/CustomMsg.msg
[1.224s] -- Up-to-date symlink: /home/hero/Desktop/birdiebot_nav_ws/install/livox_ros_driver2/lib/livox_ros_driver2/livox_ros_driver2_node
[1.224s] -- Up-to-date symlink: /home/hero/Desktop/birdiebot_nav_ws/install/livox_ros_driver2/lib/liblivox_ros_driver2.so
[1.225s] -- Up-to-date symlink: /home/hero/Desktop/birdiebot_nav_ws/install/livox_ros_driver2/share/livox_ros_driver2/config/HAP_config.json
[1.225s] -- Up-to-date symlink: /home/hero/Desktop/birdiebot_nav_ws/install/livox_ros_driver2/share/livox_ros_driver2/config/MID360_config.json
[1.225s] -- Up-to-date symlink: /home/hero/Desktop/birdiebot_nav_ws/install/livox_ros_driver2/share/livox_ros_driver2/config/display_point_cloud.rviz
[1.225s] -- Up-to-date symlink: /home/hero/Desktop/birdiebot_nav_ws/install/livox_ros_driver2/share/livox_ros_driver2/config/mixed_HAP_MID360_config.json
[1.225s] -- Up-to-date symlink: /home/hero/Desktop/birdiebot_nav_ws/install/livox_ros_driver2/share/livox_ros_driver2/launch/msg_HAP_launch.py
[1.225s] -- Up-to-date symlink: /home/hero/Desktop/birdiebot_nav_ws/install/livox_ros_driver2/share/livox_ros_driver2/launch/msg_MID360_launch.py
[1.225s] -- Up-to-date symlink: /home/hero/Desktop/birdiebot_nav_ws/install/livox_ros_driver2/share/livox_ros_driver2/launch/rviz_HAP_launch.py
[1.226s] -- Up-to-date symlink: /home/hero/Desktop/birdiebot_nav_ws/install/livox_ros_driver2/share/livox_ros_driver2/launch/rviz_MID360_launch.py
[1.226s] -- Up-to-date symlink: /home/hero/Desktop/birdiebot_nav_ws/install/livox_ros_driver2/share/livox_ros_driver2/launch/rviz_mixed.py
[1.226s] -- Up-to-date symlink: /home/hero/Desktop/birdiebot_nav_ws/install/livox_ros_driver2/share/ament_index/resource_index/package_run_dependencies/livox_ros_driver2
[1.227s] -- Up-to-date symlink: /home/hero/Desktop/birdiebot_nav_ws/install/livox_ros_driver2/share/ament_index/resource_index/parent_prefix_path/livox_ros_driver2
[1.229s] -- Up-to-date symlink: /home/hero/Desktop/birdiebot_nav_ws/install/livox_ros_driver2/share/livox_ros_driver2/environment/ament_prefix_path.sh
[1.230s] -- Up-to-date symlink: /home/hero/Desktop/birdiebot_nav_ws/install/livox_ros_driver2/share/livox_ros_driver2/environment/ament_prefix_path.dsv
[1.230s] -- Up-to-date symlink: /home/hero/Desktop/birdiebot_nav_ws/install/livox_ros_driver2/share/livox_ros_driver2/environment/path.sh
[1.231s] -- Up-to-date symlink: /home/hero/Desktop/birdiebot_nav_ws/install/livox_ros_driver2/share/livox_ros_driver2/environment/path.dsv
[1.231s] -- Up-to-date symlink: /home/hero/Desktop/birdiebot_nav_ws/install/livox_ros_driver2/share/livox_ros_driver2/local_setup.bash
[1.231s] -- Up-to-date symlink: /home/hero/Desktop/birdiebot_nav_ws/install/livox_ros_driver2/share/livox_ros_driver2/local_setup.sh
[1.231s] -- Up-to-date symlink: /home/hero/Desktop/birdiebot_nav_ws/install/livox_ros_driver2/share/livox_ros_driver2/local_setup.zsh
[1.231s] -- Up-to-date symlink: /home/hero/Desktop/birdiebot_nav_ws/install/livox_ros_driver2/share/livox_ros_driver2/local_setup.dsv
[1.231s] -- Symlinking: /home/hero/Desktop/birdiebot_nav_ws/install/livox_ros_driver2/share/livox_ros_driver2/package.dsv
[1.242s] -- Up-to-date symlink: /home/hero/Desktop/birdiebot_nav_ws/install/livox_ros_driver2/share/ament_index/resource_index/packages/livox_ros_driver2
[1.242s] -- Up-to-date symlink: /home/hero/Desktop/birdiebot_nav_ws/install/livox_ros_driver2/share/ament_index/resource_index/rclcpp_components/livox_ros_driver2
[1.243s] -- Up-to-date symlink: /home/hero/Desktop/birdiebot_nav_ws/install/livox_ros_driver2/share/livox_ros_driver2/cmake/rosidl_cmake-extras.cmake
[1.243s] -- Up-to-date symlink: /home/hero/Desktop/birdiebot_nav_ws/install/livox_ros_driver2/share/livox_ros_driver2/cmake/ament_cmake_export_dependencies-extras.cmake
[1.243s] -- Up-to-date symlink: /home/hero/Desktop/birdiebot_nav_ws/install/livox_ros_driver2/share/livox_ros_driver2/cmake/ament_cmake_export_include_directories-extras.cmake
[1.243s] -- Up-to-date symlink: /home/hero/Desktop/birdiebot_nav_ws/install/livox_ros_driver2/share/livox_ros_driver2/cmake/ament_cmake_export_libraries-extras.cmake
[1.243s] -- Up-to-date symlink: /home/hero/Desktop/birdiebot_nav_ws/install/livox_ros_driver2/share/livox_ros_driver2/cmake/ament_cmake_export_targets-extras.cmake
[1.243s] -- Up-to-date symlink: /home/hero/Desktop/birdiebot_nav_ws/install/livox_ros_driver2/share/livox_ros_driver2/cmake/rosidl_cmake_export_typesupport_targets-extras.cmake
[1.243s] -- Up-to-date symlink: /home/hero/Desktop/birdiebot_nav_ws/install/livox_ros_driver2/share/livox_ros_driver2/cmake/rosidl_cmake_export_typesupport_libraries-extras.cmake
[1.243s] -- Up-to-date symlink: /home/hero/Desktop/birdiebot_nav_ws/install/livox_ros_driver2/share/livox_ros_driver2/cmake/livox_ros_driver2Config.cmake
[1.244s] -- Up-to-date symlink: /home/hero/Desktop/birdiebot_nav_ws/install/livox_ros_driver2/share/livox_ros_driver2/cmake/livox_ros_driver2Config-version.cmake
[1.244s] -- Up-to-date symlink: /home/hero/Desktop/birdiebot_nav_ws/install/livox_ros_driver2/share/livox_ros_driver2/package.xml
[1.244s] -- Up-to-date: /home/hero/Desktop/birdiebot_nav_ws/install/livox_ros_driver2/lib/liblivox_ros_driver2__rosidl_generator_c.so
[1.244s] -- Up-to-date: /home/hero/Desktop/birdiebot_nav_ws/install/livox_ros_driver2/lib/liblivox_ros_driver2__rosidl_typesupport_fastrtps_c.so
[1.244s] -- Up-to-date: /home/hero/Desktop/birdiebot_nav_ws/install/livox_ros_driver2/lib/liblivox_ros_driver2__rosidl_typesupport_introspection_c.so
[1.244s] -- Up-to-date: /home/hero/Desktop/birdiebot_nav_ws/install/livox_ros_driver2/lib/liblivox_ros_driver2__rosidl_typesupport_c.so
[1.244s] -- Up-to-date: /home/hero/Desktop/birdiebot_nav_ws/install/livox_ros_driver2/lib/liblivox_ros_driver2__rosidl_typesupport_fastrtps_cpp.so
[1.244s] -- Up-to-date: /home/hero/Desktop/birdiebot_nav_ws/install/livox_ros_driver2/lib/liblivox_ros_driver2__rosidl_typesupport_introspection_cpp.so
[1.244s] -- Up-to-date: /home/hero/Desktop/birdiebot_nav_ws/install/livox_ros_driver2/lib/liblivox_ros_driver2__rosidl_typesupport_cpp.so
[1.250s] Listing '/home/hero/Desktop/birdiebot_nav_ws/install/livox_ros_driver2/local/lib/python3.10/dist-packages/livox_ros_driver2'...
[1.251s] Listing '/home/hero/Desktop/birdiebot_nav_ws/install/livox_ros_driver2/local/lib/python3.10/dist-packages/livox_ros_driver2/msg'...
[1.251s] -- Up-to-date: /home/hero/Desktop/birdiebot_nav_ws/install/livox_ros_driver2/lib/liblivox_interfaces2__rosidl_generator_py.so
[1.251s] -- Up-to-date: /home/hero/Desktop/birdiebot_nav_ws/install/livox_ros_driver2/share/livox_ros_driver2/cmake/export_livox_interfaces2__rosidl_generator_cExport.cmake
[1.251s] -- Up-to-date: /home/hero/Desktop/birdiebot_nav_ws/install/livox_ros_driver2/share/livox_ros_driver2/cmake/export_livox_interfaces2__rosidl_generator_cExport-noconfig.cmake
[1.252s] -- Up-to-date: /home/hero/Desktop/birdiebot_nav_ws/install/livox_ros_driver2/share/livox_ros_driver2/cmake/export_livox_interfaces2__rosidl_typesupport_fastrtps_cExport.cmake
[1.252s] -- Up-to-date: /home/hero/Desktop/birdiebot_nav_ws/install/livox_ros_driver2/share/livox_ros_driver2/cmake/export_livox_interfaces2__rosidl_typesupport_fastrtps_cExport-noconfig.cmake
[1.253s] -- Up-to-date: /home/hero/Desktop/birdiebot_nav_ws/install/livox_ros_driver2/share/livox_ros_driver2/cmake/livox_interfaces2__rosidl_typesupport_introspection_cExport.cmake
[1.253s] -- Up-to-date: /home/hero/Desktop/birdiebot_nav_ws/install/livox_ros_driver2/share/livox_ros_driver2/cmake/livox_interfaces2__rosidl_typesupport_introspection_cExport-noconfig.cmake
[1.253s] -- Up-to-date: /home/hero/Desktop/birdiebot_nav_ws/install/livox_ros_driver2/share/livox_ros_driver2/cmake/livox_interfaces2__rosidl_typesupport_cExport.cmake
[1.253s] -- Up-to-date: /home/hero/Desktop/birdiebot_nav_ws/install/livox_ros_driver2/share/livox_ros_driver2/cmake/livox_interfaces2__rosidl_typesupport_cExport-noconfig.cmake
[1.254s] -- Up-to-date: /home/hero/Desktop/birdiebot_nav_ws/install/livox_ros_driver2/share/livox_ros_driver2/cmake/export_livox_interfaces2__rosidl_generator_cppExport.cmake
[1.255s] -- Up-to-date: /home/hero/Desktop/birdiebot_nav_ws/install/livox_ros_driver2/share/livox_ros_driver2/cmake/export_livox_interfaces2__rosidl_typesupport_fastrtps_cppExport.cmake
[1.255s] -- Up-to-date: /home/hero/Desktop/birdiebot_nav_ws/install/livox_ros_driver2/share/livox_ros_driver2/cmake/export_livox_interfaces2__rosidl_typesupport_fastrtps_cppExport-noconfig.cmake
[1.256s] -- Up-to-date: /home/hero/Desktop/birdiebot_nav_ws/install/livox_ros_driver2/share/livox_ros_driver2/cmake/livox_interfaces2__rosidl_typesupport_introspection_cppExport.cmake
[1.256s] -- Up-to-date: /home/hero/Desktop/birdiebot_nav_ws/install/livox_ros_driver2/share/livox_ros_driver2/cmake/livox_interfaces2__rosidl_typesupport_introspection_cppExport-noconfig.cmake
[1.256s] -- Up-to-date: /home/hero/Desktop/birdiebot_nav_ws/install/livox_ros_driver2/share/livox_ros_driver2/cmake/livox_interfaces2__rosidl_typesupport_cppExport.cmake
[1.256s] -- Up-to-date: /home/hero/Desktop/birdiebot_nav_ws/install/livox_ros_driver2/share/livox_ros_driver2/cmake/livox_interfaces2__rosidl_typesupport_cppExport-noconfig.cmake
[1.256s] -- Up-to-date: /home/hero/Desktop/birdiebot_nav_ws/install/livox_ros_driver2/share/livox_ros_driver2/cmake/export_livox_interfaces2__rosidl_generator_pyExport.cmake
[1.256s] -- Up-to-date: /home/hero/Desktop/birdiebot_nav_ws/install/livox_ros_driver2/share/livox_ros_driver2/cmake/export_livox_interfaces2__rosidl_generator_pyExport-noconfig.cmake
[1.435s] Invoked command in '/home/hero/Desktop/birdiebot_nav_ws/build/livox_ros_driver2' returned '0': CMAKE_PREFIX_PATH=/opt/ros/humble /usr/bin/cmake --install /home/hero/Desktop/birdiebot_nav_ws/build/livox_ros_driver2
