[0.070s] Invoking command in '/home/hero/Desktop/birdiebot_nav_ws/build/rm_behavior_tree': AMENT_PREFIX_PATH=/home/hero/Desktop/birdiebot_nav_ws/install/rm_decision_interfaces:/home/hero/Desktop/birdiebot_nav_ws/install/behaviortree_ros2:${AMENT_PREFIX_PATH} CMAKE_PREFIX_PATH=/home/hero/Desktop/birdiebot_nav_ws/install/rm_decision_interfaces:/home/hero/Desktop/birdiebot_nav_ws/install/behaviortree_ros2:/opt/ros/humble LD_LIBRARY_PATH=/home/hero/Desktop/birdiebot_nav_ws/install/rm_decision_interfaces/lib:/opt/intel/openvino_2023.3.0/runtime/lib/intel64:/opt/MVS/lib/64:/opt/MVS/lib/32:/opt/intel/openvino_2023.3.0/runtime/lib/intel64:/opt/MVS/lib/64:/opt/MVS/lib/32:/usr/lib/x86_64-linux-gnu/gazebo-11/plugins:/opt/ros/humble/opt/rviz_ogre_vendor/lib:/opt/ros/humble/lib/x86_64-linux-gnu:/opt/ros/humble/opt/openvdb_vendor/lib:/opt/ros/humble/lib:/opt/MVS/lib/64:/opt/MVS/lib/32:/opt/MVS/lib/64:/opt/MVS/lib/32 PYTHONPATH=/home/hero/Desktop/birdiebot_nav_ws/install/rm_decision_interfaces/local/lib/python3.10/dist-packages:${PYTHONPATH} /usr/bin/cmake --build /home/hero/Desktop/birdiebot_nav_ws/build/rm_behavior_tree -- -j8 -l8
[5.005s] -- Found ament_cmake_auto: 1.3.12 (/opt/ros/humble/share/ament_cmake_auto/cmake)
[5.005s] -- Override CMake install command with custom implementation using symlinks instead of copying resources
[5.005s] -- Found rosidl_generator_c: 3.1.7 (/opt/ros/humble/share/rosidl_generator_c/cmake)
[5.005s] -- Found rosidl_adapter: 3.1.7 (/opt/ros/humble/share/rosidl_adapter/cmake)
[5.005s] -- Found rosidl_generator_cpp: 3.1.7 (/opt/ros/humble/share/rosidl_generator_cpp/cmake)
[5.005s] -- Using all available rosidl_typesupport_c: rosidl_typesupport_fastrtps_c;rosidl_typesupport_introspection_c
[5.006s] -- Using all available rosidl_typesupport_cpp: rosidl_typesupport_fastrtps_cpp;rosidl_typesupport_introspection_cpp
[5.006s] -- Found rmw_implementation_cmake: 6.1.2 (/opt/ros/humble/share/rmw_implementation_cmake/cmake)
[5.006s] -- Found rmw_fastrtps_cpp: 6.2.8 (/opt/ros/humble/share/rmw_fastrtps_cpp/cmake)
[5.006s] -- Using RMW implementation 'rmw_fastrtps_cpp' as default
[5.006s] -- Configuring done
[5.006s] -- Generating done
[5.006s] -- Build files have been written to: /home/hero/Desktop/birdiebot_nav_ws/build/rm_behavior_tree
[5.006s] [35m[1mConsolidate compiler generated dependencies of target rm_behavior_tree[0m
[5.006s] [  2%] [32mBuilding CXX object CMakeFiles/rm_behavior_tree.dir/src/rm_behavior_tree.cpp.o[0m
[5.014s] [0mIn this package, headers install destination is set to `include` by ament_auto_package. It is recommended to install `include/rm_behavior_tree` instead and will be the default behavior of ament_auto_package from ROS 2 Kilted Kaiju. On distributions before Kilted, ament_auto_package behaves the same way when you use USE_SCOPED_HEADER_INSTALL_DIR option.[0m
[9.006s] [  4%] [32m[1mLinking CXX executable rm_behavior_tree[0m
[9.497s] [  4%] Built target rm_behavior_tree
[9.515s] [35m[1mConsolidate compiler generated dependencies of target rate_controller[0m
[9.545s] [  6%] [32mBuilding CXX object CMakeFiles/rate_controller.dir/plugins/decorator/rate_controller.cpp.o[0m
[13.024s] [  9%] [32m[1mLinking CXX shared library librate_controller.so[0m
[13.224s] [  9%] Built target rate_controller
[13.284s] [35m[1mConsolidate compiler generated dependencies of target decision_switch[0m
[13.304s] [ 11%] [32mBuilding CXX object CMakeFiles/decision_switch.dir/plugins/control/decision_switch.cpp.o[0m
[18.787s] [ 13%] [32m[1mLinking CXX shared library libdecision_switch.so[0m
[18.983s] [ 13%] Built target decision_switch
[18.997s] [35m[1mConsolidate compiler generated dependencies of target is_game_start[0m
[19.021s] [ 15%] [32mBuilding CXX object CMakeFiles/is_game_start.dir/plugins/condition/is_game_start.cpp.o[0m
[22.087s] [ 18%] [32m[1mLinking CXX shared library libis_game_start.so[0m
[22.385s] [ 18%] Built target is_game_start
[22.403s] [35m[1mConsolidate compiler generated dependencies of target is_status_ok[0m
[22.423s] [ 20%] [32mBuilding CXX object CMakeFiles/is_status_ok.dir/plugins/condition/is_status_ok.cpp.o[0m
[25.655s] [ 22%] [32m[1mLinking CXX shared library libis_status_ok.so[0m
[25.937s] [ 22%] Built target is_status_ok
[25.973s] [35m[1mConsolidate compiler generated dependencies of target is_bullet_ok[0m
[26.013s] [ 25%] [32mBuilding CXX object CMakeFiles/is_bullet_ok.dir/plugins/condition/is_bullet_ok.cpp.o[0m
[29.355s] [ 27%] [32m[1mLinking CXX shared library libis_bullet_ok.so[0m
[29.596s] [ 27%] Built target is_bullet_ok
[29.617s] [35m[1mConsolidate compiler generated dependencies of target is_outpost_ok[0m
[29.630s] [ 29%] [32mBuilding CXX object CMakeFiles/is_outpost_ok.dir/plugins/condition/is_outpost_ok.cpp.o[0m
[32.776s] [ 31%] [32m[1mLinking CXX shared library libis_outpost_ok.so[0m
[33.022s] [ 31%] Built target is_outpost_ok
[33.033s] [35m[1mConsolidate compiler generated dependencies of target is_enemy_outpost_ok[0m
[33.051s] [ 34%] [32mBuilding CXX object CMakeFiles/is_enemy_outpost_ok.dir/plugins/condition/is_enemy_outpost_ok.cpp.o[0m
[36.118s] [ 36%] [32m[1mLinking CXX shared library libis_enemy_outpost_ok.so[0m
[36.347s] [ 36%] Built target is_enemy_outpost_ok
[36.360s] [35m[1mConsolidate compiler generated dependencies of target is_time_triggered[0m
[36.382s] [ 38%] [32mBuilding CXX object CMakeFiles/is_time_triggered.dir/plugins/condition/is_time_triggered.cpp.o[0m
[39.306s] [ 40%] [32m[1mLinking CXX shared library libis_time_triggered.so[0m
[39.507s] [ 40%] Built target is_time_triggered
[39.524s] [35m[1mConsolidate compiler generated dependencies of target send_goal[0m
[39.548s] [ 43%] [32mBuilding CXX object CMakeFiles/send_goal.dir/plugins/action/send_goal.cpp.o[0m
[44.210s] [ 45%] [32m[1mLinking CXX shared library libsend_goal.so[0m
[44.480s] [ 45%] Built target send_goal
[44.489s] [35m[1mConsolidate compiler generated dependencies of target sub_all_robot_hp[0m
[44.512s] [ 47%] [32mBuilding CXX object CMakeFiles/sub_all_robot_hp.dir/plugins/action/sub_all_robot_hp.cpp.o[0m
[53.260s] [ 50%] [32m[1mLinking CXX shared library libsub_all_robot_hp.so[0m
[53.904s] [ 50%] Built target sub_all_robot_hp
[53.914s] [35m[1mConsolidate compiler generated dependencies of target sub_robot_status[0m
[53.932s] [ 52%] [32mBuilding CXX object CMakeFiles/sub_robot_status.dir/plugins/action/sub_robot_status.cpp.o[0m
[61.569s] [ 54%] [32m[1mLinking CXX shared library libsub_robot_status.so[0m
[62.147s] [ 54%] Built target sub_robot_status
[62.157s] [35m[1mConsolidate compiler generated dependencies of target sub_game_status[0m
[62.174s] [ 56%] [32mBuilding CXX object CMakeFiles/sub_game_status.dir/plugins/action/sub_game_status.cpp.o[0m
[70.007s] [ 59%] [32m[1mLinking CXX shared library libsub_game_status.so[0m
[70.553s] [ 59%] Built target sub_game_status
[70.563s] [35m[1mConsolidate compiler generated dependencies of target sub_decision_num[0m
[70.585s] [ 61%] [32mBuilding CXX object CMakeFiles/sub_decision_num.dir/plugins/action/sub_decision_num.cpp.o[0m
[78.260s] [ 63%] [32m[1mLinking CXX shared library libsub_decision_num.so[0m
[78.820s] [ 63%] Built target sub_decision_num
[78.830s] [35m[1mConsolidate compiler generated dependencies of target sub_cv_decision[0m
[78.849s] [ 65%] [32mBuilding CXX object CMakeFiles/sub_cv_decision.dir/plugins/action/sub_cv_decision.cpp.o[0m
[86.711s] [ 68%] [32m[1mLinking CXX shared library libsub_cv_decision.so[0m
[87.258s] [ 68%] Built target sub_cv_decision
[87.311s] [35m[1mConsolidate compiler generated dependencies of target sub_decision_status[0m
[87.329s] [ 70%] [32mBuilding CXX object CMakeFiles/sub_decision_status.dir/plugins/action/sub_decision_status.cpp.o[0m
[94.962s] [ 72%] [32m[1mLinking CXX shared library libsub_decision_status.so[0m
[95.512s] [ 72%] Built target sub_decision_status
[95.522s] [35m[1mConsolidate compiler generated dependencies of target get_current_location[0m
[95.534s] [ 75%] [32mBuilding CXX object CMakeFiles/get_current_location.dir/plugins/action/get_current_location.cpp.o[0m
[98.678s] [ 77%] [32m[1mLinking CXX shared library libget_current_location.so[0m
[98.896s] [ 77%] Built target get_current_location
[98.905s] [35m[1mConsolidate compiler generated dependencies of target move_around[0m
[98.920s] [ 79%] [32mBuilding CXX object CMakeFiles/move_around.dir/plugins/action/move_around.cpp.o[0m
[102.694s] [ 81%] [32m[1mLinking CXX shared library libmove_around.so[0m
[102.975s] [ 81%] Built target move_around
[102.985s] [35m[1mConsolidate compiler generated dependencies of target print_message[0m
[102.997s] [ 84%] [32mBuilding CXX object CMakeFiles/print_message.dir/plugins/action/print_message.cpp.o[0m
[105.757s] [ 86%] [32m[1mLinking CXX shared library libprint_message.so[0m
[105.938s] [ 86%] Built target print_message
[105.946s] [35m[1mConsolidate compiler generated dependencies of target sleep_action[0m
[105.959s] [ 88%] [32mBuilding CXX object CMakeFiles/sleep_action.dir/plugins/action/sleep_action.cpp.o[0m
[108.773s] [ 90%] [32m[1mLinking CXX shared library libsleep_action.so[0m
[108.964s] [ 90%] Built target sleep_action
[108.972s] [35m[1mConsolidate compiler generated dependencies of target simple_success[0m
[108.984s] [ 93%] [32mBuilding CXX object CMakeFiles/simple_success.dir/plugins/action/simple_success.cpp.o[0m
[111.682s] [ 95%] [32m[1mLinking CXX shared library libsimple_success.so[0m
[111.868s] [ 95%] Built target simple_success
[111.876s] [35m[1mConsolidate compiler generated dependencies of target is_center_triggered[0m
[111.885s] [ 97%] [32mBuilding CXX object CMakeFiles/is_center_triggered.dir/plugins/condition/is_center_triggered.cpp.o[0m
[113.517s] [100%] [32m[1mLinking CXX shared library libis_center_triggered.so[0m
[113.675s] [100%] Built target is_center_triggered
[113.681s] Invoked command in '/home/hero/Desktop/birdiebot_nav_ws/build/rm_behavior_tree' returned '0': AMENT_PREFIX_PATH=/home/hero/Desktop/birdiebot_nav_ws/install/rm_decision_interfaces:/home/hero/Desktop/birdiebot_nav_ws/install/behaviortree_ros2:${AMENT_PREFIX_PATH} CMAKE_PREFIX_PATH=/home/hero/Desktop/birdiebot_nav_ws/install/rm_decision_interfaces:/home/hero/Desktop/birdiebot_nav_ws/install/behaviortree_ros2:/opt/ros/humble LD_LIBRARY_PATH=/home/hero/Desktop/birdiebot_nav_ws/install/rm_decision_interfaces/lib:/opt/intel/openvino_2023.3.0/runtime/lib/intel64:/opt/MVS/lib/64:/opt/MVS/lib/32:/opt/intel/openvino_2023.3.0/runtime/lib/intel64:/opt/MVS/lib/64:/opt/MVS/lib/32:/usr/lib/x86_64-linux-gnu/gazebo-11/plugins:/opt/ros/humble/opt/rviz_ogre_vendor/lib:/opt/ros/humble/lib/x86_64-linux-gnu:/opt/ros/humble/opt/openvdb_vendor/lib:/opt/ros/humble/lib:/opt/MVS/lib/64:/opt/MVS/lib/32:/opt/MVS/lib/64:/opt/MVS/lib/32 PYTHONPATH=/home/hero/Desktop/birdiebot_nav_ws/install/rm_decision_interfaces/local/lib/python3.10/dist-packages:${PYTHONPATH} /usr/bin/cmake --build /home/hero/Desktop/birdiebot_nav_ws/build/rm_behavior_tree -- -j8 -l8
[113.730s] Invoking command in '/home/hero/Desktop/birdiebot_nav_ws/build/rm_behavior_tree': AMENT_PREFIX_PATH=/home/hero/Desktop/birdiebot_nav_ws/install/rm_decision_interfaces:/home/hero/Desktop/birdiebot_nav_ws/install/behaviortree_ros2:${AMENT_PREFIX_PATH} CMAKE_PREFIX_PATH=/home/hero/Desktop/birdiebot_nav_ws/install/rm_decision_interfaces:/home/hero/Desktop/birdiebot_nav_ws/install/behaviortree_ros2:/opt/ros/humble LD_LIBRARY_PATH=/home/hero/Desktop/birdiebot_nav_ws/install/rm_decision_interfaces/lib:/opt/intel/openvino_2023.3.0/runtime/lib/intel64:/opt/MVS/lib/64:/opt/MVS/lib/32:/opt/intel/openvino_2023.3.0/runtime/lib/intel64:/opt/MVS/lib/64:/opt/MVS/lib/32:/usr/lib/x86_64-linux-gnu/gazebo-11/plugins:/opt/ros/humble/opt/rviz_ogre_vendor/lib:/opt/ros/humble/lib/x86_64-linux-gnu:/opt/ros/humble/opt/openvdb_vendor/lib:/opt/ros/humble/lib:/opt/MVS/lib/64:/opt/MVS/lib/32:/opt/MVS/lib/64:/opt/MVS/lib/32 PYTHONPATH=/home/hero/Desktop/birdiebot_nav_ws/install/rm_decision_interfaces/local/lib/python3.10/dist-packages:${PYTHONPATH} /usr/bin/cmake --install /home/hero/Desktop/birdiebot_nav_ws/build/rm_behavior_tree
[113.736s] -- Install configuration: ""
[113.737s] -- Execute custom install script
[113.738s] -- Up-to-date symlink: /home/hero/Desktop/birdiebot_nav_ws/install/rm_behavior_tree/include/rm_behavior_tree/bt_conversions.hpp
[113.738s] -- Up-to-date symlink: /home/hero/Desktop/birdiebot_nav_ws/install/rm_behavior_tree/include/rm_behavior_tree/plugins/action/calculate_attack_pose.hpp
[113.738s] -- Up-to-date symlink: /home/hero/Desktop/birdiebot_nav_ws/install/rm_behavior_tree/include/rm_behavior_tree/plugins/action/get_current_location.hpp
[113.739s] -- Up-to-date symlink: /home/hero/Desktop/birdiebot_nav_ws/install/rm_behavior_tree/include/rm_behavior_tree/plugins/action/move_around.hpp
[113.739s] -- Up-to-date symlink: /home/hero/Desktop/birdiebot_nav_ws/install/rm_behavior_tree/include/rm_behavior_tree/plugins/action/print_message.hpp
[113.739s] -- Up-to-date symlink: /home/hero/Desktop/birdiebot_nav_ws/install/rm_behavior_tree/include/rm_behavior_tree/plugins/action/send_goal.hpp
[113.739s] -- Up-to-date symlink: /home/hero/Desktop/birdiebot_nav_ws/install/rm_behavior_tree/include/rm_behavior_tree/plugins/action/simple_success.hpp
[113.739s] -- Up-to-date symlink: /home/hero/Desktop/birdiebot_nav_ws/install/rm_behavior_tree/include/rm_behavior_tree/plugins/action/sleep_action.hpp
[113.740s] -- Up-to-date symlink: /home/hero/Desktop/birdiebot_nav_ws/install/rm_behavior_tree/include/rm_behavior_tree/plugins/action/sub_all_robot_hp.hpp
[113.740s] -- Up-to-date symlink: /home/hero/Desktop/birdiebot_nav_ws/install/rm_behavior_tree/include/rm_behavior_tree/plugins/action/sub_cv_decision.hpp
[113.740s] -- Up-to-date symlink: /home/hero/Desktop/birdiebot_nav_ws/install/rm_behavior_tree/include/rm_behavior_tree/plugins/action/sub_decision_num.hpp
[113.740s] -- Up-to-date symlink: /home/hero/Desktop/birdiebot_nav_ws/install/rm_behavior_tree/include/rm_behavior_tree/plugins/action/sub_decision_status.hpp
[113.740s] -- Up-to-date symlink: /home/hero/Desktop/birdiebot_nav_ws/install/rm_behavior_tree/include/rm_behavior_tree/plugins/action/sub_game_status.hpp
[113.740s] -- Up-to-date symlink: /home/hero/Desktop/birdiebot_nav_ws/install/rm_behavior_tree/include/rm_behavior_tree/plugins/action/sub_robot_status.hpp
[113.741s] -- Up-to-date symlink: /home/hero/Desktop/birdiebot_nav_ws/install/rm_behavior_tree/include/rm_behavior_tree/plugins/condition/is_bullet_ok.hpp
[113.741s] -- Up-to-date symlink: /home/hero/Desktop/birdiebot_nav_ws/install/rm_behavior_tree/include/rm_behavior_tree/plugins/condition/is_center_triggered.hpp
[113.741s] -- Up-to-date symlink: /home/hero/Desktop/birdiebot_nav_ws/install/rm_behavior_tree/include/rm_behavior_tree/plugins/condition/is_enemy_outpost_ok.hpp
[113.741s] -- Up-to-date symlink: /home/hero/Desktop/birdiebot_nav_ws/install/rm_behavior_tree/include/rm_behavior_tree/plugins/condition/is_games_start.hpp
[113.741s] -- Up-to-date symlink: /home/hero/Desktop/birdiebot_nav_ws/install/rm_behavior_tree/include/rm_behavior_tree/plugins/condition/is_outpost_ok.hpp
[113.741s] -- Up-to-date symlink: /home/hero/Desktop/birdiebot_nav_ws/install/rm_behavior_tree/include/rm_behavior_tree/plugins/condition/is_status_ok.hpp
[113.741s] -- Up-to-date symlink: /home/hero/Desktop/birdiebot_nav_ws/install/rm_behavior_tree/include/rm_behavior_tree/plugins/condition/is_time_triggered.hpp
[113.741s] -- Up-to-date symlink: /home/hero/Desktop/birdiebot_nav_ws/install/rm_behavior_tree/include/rm_behavior_tree/plugins/control/decision_switch.hpp
[113.742s] -- Up-to-date symlink: /home/hero/Desktop/birdiebot_nav_ws/install/rm_behavior_tree/include/rm_behavior_tree/plugins/decorator/rate_controller.hpp
[113.742s] -- Up-to-date symlink: /home/hero/Desktop/birdiebot_nav_ws/install/rm_behavior_tree/include/rm_behavior_tree/rm_behavior_tree.h
[113.742s] -- Up-to-date symlink: /home/hero/Desktop/birdiebot_nav_ws/install/rm_behavior_tree/share/rm_behavior_tree/environment/library_path.sh
[113.742s] -- Up-to-date symlink: /home/hero/Desktop/birdiebot_nav_ws/install/rm_behavior_tree/share/rm_behavior_tree/environment/library_path.dsv
[113.743s] -- Up-to-date symlink: /home/hero/Desktop/birdiebot_nav_ws/install/rm_behavior_tree/lib/librate_controller.so
[113.743s] -- Up-to-date symlink: /home/hero/Desktop/birdiebot_nav_ws/install/rm_behavior_tree/lib/libdecision_switch.so
[113.743s] -- Up-to-date symlink: /home/hero/Desktop/birdiebot_nav_ws/install/rm_behavior_tree/lib/libis_game_start.so
[113.743s] -- Up-to-date symlink: /home/hero/Desktop/birdiebot_nav_ws/install/rm_behavior_tree/lib/libis_status_ok.so
[113.743s] -- Up-to-date symlink: /home/hero/Desktop/birdiebot_nav_ws/install/rm_behavior_tree/lib/libis_bullet_ok.so
[113.743s] -- Up-to-date symlink: /home/hero/Desktop/birdiebot_nav_ws/install/rm_behavior_tree/lib/libis_outpost_ok.so
[113.743s] -- Up-to-date symlink: /home/hero/Desktop/birdiebot_nav_ws/install/rm_behavior_tree/lib/libis_enemy_outpost_ok.so
[113.743s] -- Up-to-date symlink: /home/hero/Desktop/birdiebot_nav_ws/install/rm_behavior_tree/lib/libis_time_triggered.so
[113.743s] -- Up-to-date symlink: /home/hero/Desktop/birdiebot_nav_ws/install/rm_behavior_tree/lib/libsend_goal.so
[113.743s] -- Up-to-date symlink: /home/hero/Desktop/birdiebot_nav_ws/install/rm_behavior_tree/lib/libsub_all_robot_hp.so
[113.744s] -- Up-to-date symlink: /home/hero/Desktop/birdiebot_nav_ws/install/rm_behavior_tree/lib/libsub_robot_status.so
[113.744s] -- Up-to-date symlink: /home/hero/Desktop/birdiebot_nav_ws/install/rm_behavior_tree/lib/libsub_game_status.so
[113.744s] -- Up-to-date symlink: /home/hero/Desktop/birdiebot_nav_ws/install/rm_behavior_tree/lib/libsub_decision_num.so
[113.744s] -- Up-to-date symlink: /home/hero/Desktop/birdiebot_nav_ws/install/rm_behavior_tree/lib/libsub_cv_decision.so
[113.744s] -- Up-to-date symlink: /home/hero/Desktop/birdiebot_nav_ws/install/rm_behavior_tree/lib/libsub_decision_status.so
[113.744s] -- Up-to-date symlink: /home/hero/Desktop/birdiebot_nav_ws/install/rm_behavior_tree/lib/libget_current_location.so
[113.744s] -- Up-to-date symlink: /home/hero/Desktop/birdiebot_nav_ws/install/rm_behavior_tree/lib/libmove_around.so
[113.744s] -- Up-to-date symlink: /home/hero/Desktop/birdiebot_nav_ws/install/rm_behavior_tree/lib/libprint_message.so
[113.744s] -- Up-to-date symlink: /home/hero/Desktop/birdiebot_nav_ws/install/rm_behavior_tree/lib/libsleep_action.so
[113.744s] -- Up-to-date symlink: /home/hero/Desktop/birdiebot_nav_ws/install/rm_behavior_tree/lib/libsimple_success.so
[113.744s] -- Up-to-date symlink: /home/hero/Desktop/birdiebot_nav_ws/install/rm_behavior_tree/lib/libis_center_triggered.so
[113.745s] -- Up-to-date symlink: /home/hero/Desktop/birdiebot_nav_ws/install/rm_behavior_tree/lib/rm_behavior_tree/rm_behavior_tree
[113.745s] -- Up-to-date symlink: /home/hero/Desktop/birdiebot_nav_ws/install/rm_behavior_tree/share/ament_index/resource_index/package_run_dependencies/rm_behavior_tree
[113.745s] -- Up-to-date symlink: /home/hero/Desktop/birdiebot_nav_ws/install/rm_behavior_tree/share/ament_index/resource_index/parent_prefix_path/rm_behavior_tree
[113.745s] -- Up-to-date symlink: /home/hero/Desktop/birdiebot_nav_ws/install/rm_behavior_tree/share/rm_behavior_tree/environment/ament_prefix_path.sh
[113.746s] -- Up-to-date symlink: /home/hero/Desktop/birdiebot_nav_ws/install/rm_behavior_tree/share/rm_behavior_tree/environment/ament_prefix_path.dsv
[113.746s] -- Up-to-date symlink: /home/hero/Desktop/birdiebot_nav_ws/install/rm_behavior_tree/share/rm_behavior_tree/environment/path.sh
[113.746s] -- Up-to-date symlink: /home/hero/Desktop/birdiebot_nav_ws/install/rm_behavior_tree/share/rm_behavior_tree/environment/path.dsv
[113.746s] -- Up-to-date symlink: /home/hero/Desktop/birdiebot_nav_ws/install/rm_behavior_tree/share/rm_behavior_tree/local_setup.bash
[113.746s] -- Up-to-date symlink: /home/hero/Desktop/birdiebot_nav_ws/install/rm_behavior_tree/share/rm_behavior_tree/local_setup.sh
[113.746s] -- Up-to-date symlink: /home/hero/Desktop/birdiebot_nav_ws/install/rm_behavior_tree/share/rm_behavior_tree/local_setup.zsh
[113.746s] -- Up-to-date symlink: /home/hero/Desktop/birdiebot_nav_ws/install/rm_behavior_tree/share/rm_behavior_tree/local_setup.dsv
[113.746s] -- Symlinking: /home/hero/Desktop/birdiebot_nav_ws/install/rm_behavior_tree/share/rm_behavior_tree/package.dsv
[113.753s] -- Up-to-date symlink: /home/hero/Desktop/birdiebot_nav_ws/install/rm_behavior_tree/share/ament_index/resource_index/packages/rm_behavior_tree
[113.754s] -- Up-to-date symlink: /home/hero/Desktop/birdiebot_nav_ws/install/rm_behavior_tree/share/rm_behavior_tree/cmake/ament_cmake_export_dependencies-extras.cmake
[113.754s] -- Up-to-date symlink: /home/hero/Desktop/birdiebot_nav_ws/install/rm_behavior_tree/share/rm_behavior_tree/cmake/ament_cmake_export_include_directories-extras.cmake
[113.754s] -- Up-to-date symlink: /home/hero/Desktop/birdiebot_nav_ws/install/rm_behavior_tree/share/rm_behavior_tree/cmake/ament_cmake_export_libraries-extras.cmake
[113.754s] -- Up-to-date symlink: /home/hero/Desktop/birdiebot_nav_ws/install/rm_behavior_tree/share/rm_behavior_tree/cmake/rm_behavior_treeConfig.cmake
[113.754s] -- Up-to-date symlink: /home/hero/Desktop/birdiebot_nav_ws/install/rm_behavior_tree/share/rm_behavior_tree/cmake/rm_behavior_treeConfig-version.cmake
[113.754s] -- Up-to-date symlink: /home/hero/Desktop/birdiebot_nav_ws/install/rm_behavior_tree/share/rm_behavior_tree/package.xml
[113.756s] Invoked command in '/home/hero/Desktop/birdiebot_nav_ws/build/rm_behavior_tree' returned '0': AMENT_PREFIX_PATH=/home/hero/Desktop/birdiebot_nav_ws/install/rm_decision_interfaces:/home/hero/Desktop/birdiebot_nav_ws/install/behaviortree_ros2:${AMENT_PREFIX_PATH} CMAKE_PREFIX_PATH=/home/hero/Desktop/birdiebot_nav_ws/install/rm_decision_interfaces:/home/hero/Desktop/birdiebot_nav_ws/install/behaviortree_ros2:/opt/ros/humble LD_LIBRARY_PATH=/home/hero/Desktop/birdiebot_nav_ws/install/rm_decision_interfaces/lib:/opt/intel/openvino_2023.3.0/runtime/lib/intel64:/opt/MVS/lib/64:/opt/MVS/lib/32:/opt/intel/openvino_2023.3.0/runtime/lib/intel64:/opt/MVS/lib/64:/opt/MVS/lib/32:/usr/lib/x86_64-linux-gnu/gazebo-11/plugins:/opt/ros/humble/opt/rviz_ogre_vendor/lib:/opt/ros/humble/lib/x86_64-linux-gnu:/opt/ros/humble/opt/openvdb_vendor/lib:/opt/ros/humble/lib:/opt/MVS/lib/64:/opt/MVS/lib/32:/opt/MVS/lib/64:/opt/MVS/lib/32 PYTHONPATH=/home/hero/Desktop/birdiebot_nav_ws/install/rm_decision_interfaces/local/lib/python3.10/dist-packages:${PYTHONPATH} /usr/bin/cmake --install /home/hero/Desktop/birdiebot_nav_ws/build/rm_behavior_tree
