[0.108s] Invoking command in '/home/hero/Desktop/birdiebot_nav_ws/build/rm_decision_interfaces': CMAKE_PREFIX_PATH=/opt/ros/humble /usr/bin/cmake /home/hero/Desktop/birdiebot_nav_ws/src/rm_behavior_tree/rm_decision_interfaces -DAMENT_CMAKE_SYMLINK_INSTALL=1 -DCMAKE_INSTALL_PREFIX=/home/hero/Desktop/birdiebot_nav_ws/install/rm_decision_interfaces
[0.155s] -- The C compiler identification is GNU 11.4.0
[0.213s] -- The CXX compiler identification is GNU 11.4.0
[0.219s] -- Detecting C compiler ABI info
[0.282s] -- Detecting C compiler ABI info - done
[0.289s] -- Check for working C compiler: /usr/bin/cc - skipped
[0.289s] -- Detecting C compile features
[0.290s] -- Detecting C compile features - done
[0.293s] -- Detecting CXX compiler ABI info
[0.406s] -- Detecting CXX compiler ABI info - done
[0.414s] -- Check for working CXX compiler: /usr/bin/c++ - skipped
[0.415s] -- Detecting CXX compile features
[0.416s] -- Detecting CXX compile features - done
[0.418s] -- Found ament_cmake: 1.3.8 (/opt/ros/humble/share/ament_cmake/cmake)
[0.622s] -- Found Python3: /usr/bin/python3 (found version "3.10.12") found components: Interpreter 
[0.677s] -- Override CMake install command with custom implementation using symlinks instead of copying resources
[0.702s] -- Found rosidl_default_generators: 1.2.0 (/opt/ros/humble/share/rosidl_default_generators/cmake)
[0.705s] -- Using all available rosidl_typesupport_c: rosidl_typesupport_fastrtps_c;rosidl_typesupport_introspection_c
[0.711s] -- Found rosidl_adapter: 3.1.5 (/opt/ros/humble/share/rosidl_adapter/cmake)
[0.759s] -- Using all available rosidl_typesupport_cpp: rosidl_typesupport_fastrtps_cpp;rosidl_typesupport_introspection_cpp
[0.794s] -- Found std_msgs: 4.2.3 (/opt/ros/humble/share/std_msgs/cmake)
[0.862s] -- Found nav_msgs: 4.2.3 (/opt/ros/humble/share/nav_msgs/cmake)
[1.313s] -- Found ament_cmake_ros: 0.10.0 (/opt/ros/humble/share/ament_cmake_ros/cmake)
[1.558s] -- Using all available rosidl_typesupport_c: rosidl_typesupport_fastrtps_c;rosidl_typesupport_introspection_c
[1.923s] -- Using all available rosidl_typesupport_cpp: rosidl_typesupport_fastrtps_cpp;rosidl_typesupport_introspection_cpp
[1.942s] -- Found PythonInterp: /usr/bin/python3 (found suitable version "3.10.12", minimum required is "3.6") 
[1.942s] -- Found python_cmake_module: 0.10.0 (/opt/ros/humble/share/python_cmake_module/cmake)
[1.989s] -- Found PythonLibs: /usr/lib/x86_64-linux-gnu/libpython3.10.so (found suitable version "3.10.12", minimum required is "3.5") 
[1.989s] -- Using PYTHON_EXECUTABLE: /usr/bin/python3
[1.989s] -- Using PYTHON_INCLUDE_DIRS: /usr/include/python3.10
[1.989s] -- Using PYTHON_LIBRARIES: /usr/lib/x86_64-linux-gnu/libpython3.10.so
[2.009s] -- Found PythonExtra: .so  
[2.102s] -- Configuring done
[2.158s] -- Generating done
[2.162s] -- Build files have been written to: /home/hero/Desktop/birdiebot_nav_ws/build/rm_decision_interfaces
[2.177s] Invoked command in '/home/hero/Desktop/birdiebot_nav_ws/build/rm_decision_interfaces' returned '0': CMAKE_PREFIX_PATH=/opt/ros/humble /usr/bin/cmake /home/hero/Desktop/birdiebot_nav_ws/src/rm_behavior_tree/rm_decision_interfaces -DAMENT_CMAKE_SYMLINK_INSTALL=1 -DCMAKE_INSTALL_PREFIX=/home/hero/Desktop/birdiebot_nav_ws/install/rm_decision_interfaces
[2.178s] Invoking command in '/home/hero/Desktop/birdiebot_nav_ws/build/rm_decision_interfaces': CMAKE_PREFIX_PATH=/opt/ros/humble /usr/bin/cmake --build /home/hero/Desktop/birdiebot_nav_ws/build/rm_decision_interfaces -- -j8 -l8
[9.133s] [  2%] [34m[1mGenerating C code for ROS interfaces[0m
[9.133s] [  5%] [34m[1mGenerating C++ code for ROS interfaces[0m
[9.133s] [  5%] Built target ament_cmake_python_symlink_rm_decision_interfaces
[9.133s] running egg_info
[9.133s] creating rm_decision_interfaces.egg-info
[9.133s] writing rm_decision_interfaces.egg-info/PKG-INFO
[9.133s] writing dependency_links to rm_decision_interfaces.egg-info/dependency_links.txt
[9.133s] writing top-level names to rm_decision_interfaces.egg-info/top_level.txt
[9.133s] writing manifest file 'rm_decision_interfaces.egg-info/SOURCES.txt'
[9.133s] reading manifest file 'rm_decision_interfaces.egg-info/SOURCES.txt'
[9.133s] writing manifest file 'rm_decision_interfaces.egg-info/SOURCES.txt'
[9.134s] [  5%] Built target ament_cmake_python_build_rm_decision_interfaces_egg
[9.134s] [  5%] Built target rm_decision_interfaces__cpp
[9.134s] [  7%] [34m[1mGenerating C++ type support dispatch for ROS interfaces[0m
[9.134s] [ 10%] [34m[1mGenerating C++ introspection for ROS interfaces[0m
[9.134s] [ 12%] [34m[1mGenerating C++ type support for eProsima Fast-RTPS[0m
[9.134s] [ 15%] [32mBuilding C object CMakeFiles/rm_decision_interfaces__rosidl_generator_c.dir/rosidl_generator_c/rm_decision_interfaces/msg/detail/robot_control__functions.c.o[0m
[9.134s] [ 17%] [32mBuilding C object CMakeFiles/rm_decision_interfaces__rosidl_generator_c.dir/rosidl_generator_c/rm_decision_interfaces/msg/detail/cv_decision__functions.c.o[0m
[9.134s] [ 20%] [32m[1mLinking C shared library librm_decision_interfaces__rosidl_generator_c.so[0m
[9.134s] [ 20%] Built target rm_decision_interfaces__rosidl_generator_c
[9.134s] [ 23%] [34m[1mGenerating C type support for eProsima Fast-RTPS[0m
[9.135s] [ 25%] [34m[1mGenerating C introspection for ROS interfaces[0m
[9.135s] [ 28%] [34m[1mGenerating C type support dispatch for ROS interfaces[0m
[9.135s] [ 30%] [32mBuilding CXX object CMakeFiles/rm_decision_interfaces__rosidl_typesupport_cpp.dir/rosidl_typesupport_cpp/rm_decision_interfaces/msg/robot_control__type_support.cpp.o[0m
[9.135s] [ 33%] [32mBuilding CXX object CMakeFiles/rm_decision_interfaces__rosidl_typesupport_cpp.dir/rosidl_typesupport_cpp/rm_decision_interfaces/msg/cv_decision__type_support.cpp.o[0m
[9.135s] [ 35%] [32mBuilding CXX object CMakeFiles/rm_decision_interfaces__rosidl_typesupport_fastrtps_cpp.dir/rosidl_typesupport_fastrtps_cpp/rm_decision_interfaces/msg/detail/dds_fastrtps/robot_control__type_support.cpp.o[0m
[9.135s] [ 38%] [32mBuilding CXX object CMakeFiles/rm_decision_interfaces__rosidl_typesupport_fastrtps_cpp.dir/rosidl_typesupport_fastrtps_cpp/rm_decision_interfaces/msg/detail/dds_fastrtps/cv_decision__type_support.cpp.o[0m
[9.135s] [ 41%] [32mBuilding CXX object CMakeFiles/rm_decision_interfaces__rosidl_typesupport_c.dir/rosidl_typesupport_c/rm_decision_interfaces/msg/robot_control__type_support.cpp.o[0m
[9.135s] [ 43%] [32mBuilding CXX object CMakeFiles/rm_decision_interfaces__rosidl_typesupport_introspection_cpp.dir/rosidl_typesupport_introspection_cpp/rm_decision_interfaces/msg/detail/robot_control__type_support.cpp.o[0m
[9.135s] [ 46%] [32mBuilding CXX object CMakeFiles/rm_decision_interfaces__rosidl_typesupport_introspection_cpp.dir/rosidl_typesupport_introspection_cpp/rm_decision_interfaces/msg/detail/cv_decision__type_support.cpp.o[0m
[9.135s] [ 48%] [32mBuilding CXX object CMakeFiles/rm_decision_interfaces__rosidl_typesupport_c.dir/rosidl_typesupport_c/rm_decision_interfaces/msg/cv_decision__type_support.cpp.o[0m
[9.135s] [ 51%] [32m[1mLinking CXX shared library librm_decision_interfaces__rosidl_typesupport_c.so[0m
[9.135s] [ 51%] Built target rm_decision_interfaces__rosidl_typesupport_c
[9.135s] [ 53%] [32m[1mLinking CXX shared library librm_decision_interfaces__rosidl_typesupport_cpp.so[0m
[9.135s] [ 53%] Built target rm_decision_interfaces__rosidl_typesupport_cpp
[9.135s] [ 56%] [32m[1mLinking CXX shared library librm_decision_interfaces__rosidl_typesupport_introspection_cpp.so[0m
[9.135s] [ 58%] [32m[1mLinking CXX shared library librm_decision_interfaces__rosidl_typesupport_fastrtps_cpp.so[0m
[9.135s] [ 61%] [32mBuilding C object CMakeFiles/rm_decision_interfaces__rosidl_typesupport_introspection_c.dir/rosidl_typesupport_introspection_c/rm_decision_interfaces/msg/detail/robot_control__type_support.c.o[0m
[9.135s] [ 64%] [32mBuilding C object CMakeFiles/rm_decision_interfaces__rosidl_typesupport_introspection_c.dir/rosidl_typesupport_introspection_c/rm_decision_interfaces/msg/detail/cv_decision__type_support.c.o[0m
[9.135s] [ 64%] Built target rm_decision_interfaces__rosidl_typesupport_introspection_cpp
[9.135s] [ 66%] [32m[1mLinking C shared library librm_decision_interfaces__rosidl_typesupport_introspection_c.so[0m
[9.135s] [ 66%] Built target rm_decision_interfaces__rosidl_typesupport_fastrtps_cpp
[9.136s] [ 66%] Built target rm_decision_interfaces__rosidl_typesupport_introspection_c
[9.136s] [ 69%] [32mBuilding CXX object CMakeFiles/rm_decision_interfaces__rosidl_typesupport_fastrtps_c.dir/rosidl_typesupport_fastrtps_c/rm_decision_interfaces/msg/detail/robot_control__type_support_c.cpp.o[0m
[9.136s] [ 71%] [32mBuilding CXX object CMakeFiles/rm_decision_interfaces__rosidl_typesupport_fastrtps_c.dir/rosidl_typesupport_fastrtps_c/rm_decision_interfaces/msg/detail/cv_decision__type_support_c.cpp.o[0m
[9.136s] [ 74%] [32m[1mLinking CXX shared library librm_decision_interfaces__rosidl_typesupport_fastrtps_c.so[0m
[9.136s] [ 74%] Built target rm_decision_interfaces__rosidl_typesupport_fastrtps_c
[9.136s] [ 74%] Built target rm_decision_interfaces
[9.136s] [ 76%] [34m[1mGenerating Python code for ROS interfaces[0m
[9.557s] [ 76%] Built target rm_decision_interfaces__py
[9.580s] [ 79%] [32mBuilding C object CMakeFiles/rm_decision_interfaces__rosidl_generator_py.dir/rosidl_generator_py/rm_decision_interfaces/msg/_robot_control_s.c.o[0m
[9.603s] [ 82%] [32mBuilding C object CMakeFiles/rm_decision_interfaces__rosidl_generator_py.dir/rosidl_generator_py/rm_decision_interfaces/msg/_cv_decision_s.c.o[0m
[9.722s] [ 84%] [32m[1mLinking C shared library rosidl_generator_py/rm_decision_interfaces/librm_decision_interfaces__rosidl_generator_py.so[0m
[9.804s] [ 84%] Built target rm_decision_interfaces__rosidl_generator_py
[9.847s] [ 87%] [32mBuilding C object CMakeFiles/rm_decision_interfaces__rosidl_typesupport_fastrtps_c__pyext.dir/rosidl_generator_py/rm_decision_interfaces/_rm_decision_interfaces_s.ep.rosidl_typesupport_fastrtps_c.c.o[0m
[9.866s] [ 89%] [32mBuilding C object CMakeFiles/rm_decision_interfaces__rosidl_typesupport_c__pyext.dir/rosidl_generator_py/rm_decision_interfaces/_rm_decision_interfaces_s.ep.rosidl_typesupport_c.c.o[0m
[9.881s] [ 92%] [32mBuilding C object CMakeFiles/rm_decision_interfaces__rosidl_typesupport_introspection_c__pyext.dir/rosidl_generator_py/rm_decision_interfaces/_rm_decision_interfaces_s.ep.rosidl_typesupport_introspection_c.c.o[0m
[9.963s] [ 94%] [32m[1mLinking C shared library rosidl_generator_py/rm_decision_interfaces/rm_decision_interfaces_s__rosidl_typesupport_fastrtps_c.cpython-310-x86_64-linux-gnu.so[0m
[10.003s] [ 97%] [32m[1mLinking C shared library rosidl_generator_py/rm_decision_interfaces/rm_decision_interfaces_s__rosidl_typesupport_c.cpython-310-x86_64-linux-gnu.so[0m
[10.028s] [ 97%] Built target rm_decision_interfaces__rosidl_typesupport_fastrtps_c__pyext
[10.049s] [100%] [32m[1mLinking C shared library rosidl_generator_py/rm_decision_interfaces/rm_decision_interfaces_s__rosidl_typesupport_introspection_c.cpython-310-x86_64-linux-gnu.so[0m
[10.057s] [100%] Built target rm_decision_interfaces__rosidl_typesupport_c__pyext
[10.095s] [100%] Built target rm_decision_interfaces__rosidl_typesupport_introspection_c__pyext
[10.243s] Invoked command in '/home/hero/Desktop/birdiebot_nav_ws/build/rm_decision_interfaces' returned '0': CMAKE_PREFIX_PATH=/opt/ros/humble /usr/bin/cmake --build /home/hero/Desktop/birdiebot_nav_ws/build/rm_decision_interfaces -- -j8 -l8
[10.794s] Invoking command in '/home/hero/Desktop/birdiebot_nav_ws/build/rm_decision_interfaces': CMAKE_PREFIX_PATH=/opt/ros/humble /usr/bin/cmake --install /home/hero/Desktop/birdiebot_nav_ws/build/rm_decision_interfaces
[11.200s] -- Install configuration: ""
[11.200s] -- Execute custom install script
[11.200s] -- Symlinking: /home/hero/Desktop/birdiebot_nav_ws/install/rm_decision_interfaces/share/ament_index/resource_index/rosidl_interfaces/rm_decision_interfaces
[11.200s] -- Symlinking: /home/hero/Desktop/birdiebot_nav_ws/install/rm_decision_interfaces/include/rm_decision_interfaces/rm_decision_interfaces/msg/cv_decision.h
[11.200s] -- Symlinking: /home/hero/Desktop/birdiebot_nav_ws/install/rm_decision_interfaces/include/rm_decision_interfaces/rm_decision_interfaces/msg/detail/cv_decision__functions.h
[11.200s] -- Symlinking: /home/hero/Desktop/birdiebot_nav_ws/install/rm_decision_interfaces/include/rm_decision_interfaces/rm_decision_interfaces/msg/detail/cv_decision__struct.h
[11.200s] -- Symlinking: /home/hero/Desktop/birdiebot_nav_ws/install/rm_decision_interfaces/include/rm_decision_interfaces/rm_decision_interfaces/msg/detail/cv_decision__type_support.h
[11.200s] -- Symlinking: /home/hero/Desktop/birdiebot_nav_ws/install/rm_decision_interfaces/include/rm_decision_interfaces/rm_decision_interfaces/msg/detail/robot_control__functions.h
[11.200s] -- Symlinking: /home/hero/Desktop/birdiebot_nav_ws/install/rm_decision_interfaces/include/rm_decision_interfaces/rm_decision_interfaces/msg/detail/robot_control__struct.h
[11.200s] -- Symlinking: /home/hero/Desktop/birdiebot_nav_ws/install/rm_decision_interfaces/include/rm_decision_interfaces/rm_decision_interfaces/msg/detail/robot_control__type_support.h
[11.201s] -- Symlinking: /home/hero/Desktop/birdiebot_nav_ws/install/rm_decision_interfaces/include/rm_decision_interfaces/rm_decision_interfaces/msg/robot_control.h
[11.201s] -- Symlinking: /home/hero/Desktop/birdiebot_nav_ws/install/rm_decision_interfaces/include/rm_decision_interfaces/rm_decision_interfaces/msg/rosidl_generator_c__visibility_control.h
[11.201s] -- Symlinking: /home/hero/Desktop/birdiebot_nav_ws/install/rm_decision_interfaces/share/rm_decision_interfaces/environment/library_path.sh
[11.201s] -- Symlinking: /home/hero/Desktop/birdiebot_nav_ws/install/rm_decision_interfaces/share/rm_decision_interfaces/environment/library_path.dsv
[11.201s] -- Symlinking: /home/hero/Desktop/birdiebot_nav_ws/install/rm_decision_interfaces/include/rm_decision_interfaces/rm_decision_interfaces/msg/detail/cv_decision__rosidl_typesupport_fastrtps_c.h
[11.201s] -- Symlinking: /home/hero/Desktop/birdiebot_nav_ws/install/rm_decision_interfaces/include/rm_decision_interfaces/rm_decision_interfaces/msg/detail/robot_control__rosidl_typesupport_fastrtps_c.h
[11.211s] -- Symlinking: /home/hero/Desktop/birdiebot_nav_ws/install/rm_decision_interfaces/include/rm_decision_interfaces/rm_decision_interfaces/msg/rosidl_typesupport_fastrtps_c__visibility_control.h
[11.280s] -- Symlinking: /home/hero/Desktop/birdiebot_nav_ws/install/rm_decision_interfaces/include/rm_decision_interfaces/rm_decision_interfaces/msg/detail/cv_decision__rosidl_typesupport_introspection_c.h
[11.303s] -- Symlinking: /home/hero/Desktop/birdiebot_nav_ws/install/rm_decision_interfaces/include/rm_decision_interfaces/rm_decision_interfaces/msg/detail/robot_control__rosidl_typesupport_introspection_c.h
[11.371s] -- Symlinking: /home/hero/Desktop/birdiebot_nav_ws/install/rm_decision_interfaces/include/rm_decision_interfaces/rm_decision_interfaces/msg/rosidl_typesupport_introspection_c__visibility_control.h
[11.403s] -- Symlinking: /home/hero/Desktop/birdiebot_nav_ws/install/rm_decision_interfaces/include/rm_decision_interfaces/rm_decision_interfaces/msg/cv_decision.hpp
[11.430s] -- Symlinking: /home/hero/Desktop/birdiebot_nav_ws/install/rm_decision_interfaces/include/rm_decision_interfaces/rm_decision_interfaces/msg/detail/cv_decision__builder.hpp
[11.445s] -- Symlinking: /home/hero/Desktop/birdiebot_nav_ws/install/rm_decision_interfaces/include/rm_decision_interfaces/rm_decision_interfaces/msg/detail/cv_decision__struct.hpp
[11.473s] -- Symlinking: /home/hero/Desktop/birdiebot_nav_ws/install/rm_decision_interfaces/include/rm_decision_interfaces/rm_decision_interfaces/msg/detail/cv_decision__traits.hpp
[11.491s] -- Symlinking: /home/hero/Desktop/birdiebot_nav_ws/install/rm_decision_interfaces/include/rm_decision_interfaces/rm_decision_interfaces/msg/detail/robot_control__builder.hpp
[11.502s] -- Symlinking: /home/hero/Desktop/birdiebot_nav_ws/install/rm_decision_interfaces/include/rm_decision_interfaces/rm_decision_interfaces/msg/detail/robot_control__struct.hpp
[11.523s] -- Symlinking: /home/hero/Desktop/birdiebot_nav_ws/install/rm_decision_interfaces/include/rm_decision_interfaces/rm_decision_interfaces/msg/detail/robot_control__traits.hpp
[11.566s] -- Symlinking: /home/hero/Desktop/birdiebot_nav_ws/install/rm_decision_interfaces/include/rm_decision_interfaces/rm_decision_interfaces/msg/robot_control.hpp
[11.616s] -- Symlinking: /home/hero/Desktop/birdiebot_nav_ws/install/rm_decision_interfaces/include/rm_decision_interfaces/rm_decision_interfaces/msg/detail/cv_decision__rosidl_typesupport_fastrtps_cpp.hpp
[11.638s] -- Symlinking: /home/hero/Desktop/birdiebot_nav_ws/install/rm_decision_interfaces/include/rm_decision_interfaces/rm_decision_interfaces/msg/detail/robot_control__rosidl_typesupport_fastrtps_cpp.hpp
[11.658s] -- Symlinking: /home/hero/Desktop/birdiebot_nav_ws/install/rm_decision_interfaces/include/rm_decision_interfaces/rm_decision_interfaces/msg/rosidl_typesupport_fastrtps_cpp__visibility_control.h
[11.687s] -- Symlinking: /home/hero/Desktop/birdiebot_nav_ws/install/rm_decision_interfaces/include/rm_decision_interfaces/rm_decision_interfaces/msg/detail/cv_decision__rosidl_typesupport_introspection_cpp.hpp
[11.716s] -- Symlinking: /home/hero/Desktop/birdiebot_nav_ws/install/rm_decision_interfaces/include/rm_decision_interfaces/rm_decision_interfaces/msg/detail/robot_control__rosidl_typesupport_introspection_cpp.hpp
[11.753s] -- Symlinking: /home/hero/Desktop/birdiebot_nav_ws/install/rm_decision_interfaces/share/rm_decision_interfaces/environment/pythonpath.sh
[11.796s] -- Symlinking: /home/hero/Desktop/birdiebot_nav_ws/install/rm_decision_interfaces/share/rm_decision_interfaces/environment/pythonpath.dsv
[11.836s] -- Symlinking: /home/hero/Desktop/birdiebot_nav_ws/install/rm_decision_interfaces/local/lib/python3.10/dist-packages/rm_decision_interfaces-0.0.0-py3.10.egg-info/PKG-INFO
[11.881s] -- Symlinking: /home/hero/Desktop/birdiebot_nav_ws/install/rm_decision_interfaces/local/lib/python3.10/dist-packages/rm_decision_interfaces-0.0.0-py3.10.egg-info/SOURCES.txt
[11.924s] -- Symlinking: /home/hero/Desktop/birdiebot_nav_ws/install/rm_decision_interfaces/local/lib/python3.10/dist-packages/rm_decision_interfaces-0.0.0-py3.10.egg-info/dependency_links.txt
[11.937s] -- Symlinking: /home/hero/Desktop/birdiebot_nav_ws/install/rm_decision_interfaces/local/lib/python3.10/dist-packages/rm_decision_interfaces-0.0.0-py3.10.egg-info/top_level.txt
[11.960s] -- Symlinking: /home/hero/Desktop/birdiebot_nav_ws/install/rm_decision_interfaces/local/lib/python3.10/dist-packages/rm_decision_interfaces/__init__.py
[11.990s] -- Symlinking: /home/hero/Desktop/birdiebot_nav_ws/install/rm_decision_interfaces/local/lib/python3.10/dist-packages/rm_decision_interfaces/_rm_decision_interfaces_s.ep.rosidl_typesupport_c.c
[12.022s] -- Symlinking: /home/hero/Desktop/birdiebot_nav_ws/install/rm_decision_interfaces/local/lib/python3.10/dist-packages/rm_decision_interfaces/_rm_decision_interfaces_s.ep.rosidl_typesupport_fastrtps_c.c
[12.118s] -- Symlinking: /home/hero/Desktop/birdiebot_nav_ws/install/rm_decision_interfaces/local/lib/python3.10/dist-packages/rm_decision_interfaces/_rm_decision_interfaces_s.ep.rosidl_typesupport_introspection_c.c
[12.169s] -- Symlinking: /home/hero/Desktop/birdiebot_nav_ws/install/rm_decision_interfaces/local/lib/python3.10/dist-packages/rm_decision_interfaces/librm_decision_interfaces__rosidl_generator_py.so
[12.197s] -- Symlinking: /home/hero/Desktop/birdiebot_nav_ws/install/rm_decision_interfaces/local/lib/python3.10/dist-packages/rm_decision_interfaces/msg/__init__.py
[12.222s] -- Symlinking: /home/hero/Desktop/birdiebot_nav_ws/install/rm_decision_interfaces/local/lib/python3.10/dist-packages/rm_decision_interfaces/msg/_cv_decision.py
[12.238s] -- Symlinking: /home/hero/Desktop/birdiebot_nav_ws/install/rm_decision_interfaces/local/lib/python3.10/dist-packages/rm_decision_interfaces/msg/_cv_decision_s.c
[12.272s] -- Symlinking: /home/hero/Desktop/birdiebot_nav_ws/install/rm_decision_interfaces/local/lib/python3.10/dist-packages/rm_decision_interfaces/msg/_robot_control.py
[12.307s] -- Symlinking: /home/hero/Desktop/birdiebot_nav_ws/install/rm_decision_interfaces/local/lib/python3.10/dist-packages/rm_decision_interfaces/msg/_robot_control_s.c
[12.336s] -- Symlinking: /home/hero/Desktop/birdiebot_nav_ws/install/rm_decision_interfaces/local/lib/python3.10/dist-packages/rm_decision_interfaces/rm_decision_interfaces_s__rosidl_typesupport_c.cpython-310-x86_64-linux-gnu.so
[12.361s] -- Symlinking: /home/hero/Desktop/birdiebot_nav_ws/install/rm_decision_interfaces/local/lib/python3.10/dist-packages/rm_decision_interfaces/rm_decision_interfaces_s__rosidl_typesupport_fastrtps_c.cpython-310-x86_64-linux-gnu.so
[12.376s] -- Symlinking: /home/hero/Desktop/birdiebot_nav_ws/install/rm_decision_interfaces/local/lib/python3.10/dist-packages/rm_decision_interfaces/rm_decision_interfaces_s__rosidl_typesupport_introspection_c.cpython-310-x86_64-linux-gnu.so
[12.382s] -- Up-to-date symlink: /home/hero/Desktop/birdiebot_nav_ws/install/rm_decision_interfaces/local/lib/python3.10/dist-packages/rm_decision_interfaces/rm_decision_interfaces_s__rosidl_typesupport_fastrtps_c.cpython-310-x86_64-linux-gnu.so
[12.382s] -- Up-to-date symlink: /home/hero/Desktop/birdiebot_nav_ws/install/rm_decision_interfaces/local/lib/python3.10/dist-packages/rm_decision_interfaces/rm_decision_interfaces_s__rosidl_typesupport_introspection_c.cpython-310-x86_64-linux-gnu.so
[12.382s] -- Up-to-date symlink: /home/hero/Desktop/birdiebot_nav_ws/install/rm_decision_interfaces/local/lib/python3.10/dist-packages/rm_decision_interfaces/rm_decision_interfaces_s__rosidl_typesupport_c.cpython-310-x86_64-linux-gnu.so
[12.382s] -- Symlinking: /home/hero/Desktop/birdiebot_nav_ws/install/rm_decision_interfaces/share/rm_decision_interfaces/msg/RobotControl.idl
[12.395s] -- Symlinking: /home/hero/Desktop/birdiebot_nav_ws/install/rm_decision_interfaces/share/rm_decision_interfaces/msg/CvDecision.idl
[12.403s] -- Symlinking: /home/hero/Desktop/birdiebot_nav_ws/install/rm_decision_interfaces/share/rm_decision_interfaces/msg/RobotControl.msg
[12.452s] -- Symlinking: /home/hero/Desktop/birdiebot_nav_ws/install/rm_decision_interfaces/share/rm_decision_interfaces/msg/CvDecision.msg
[12.475s] -- Symlinking: /home/hero/Desktop/birdiebot_nav_ws/install/rm_decision_interfaces/share/ament_index/resource_index/package_run_dependencies/rm_decision_interfaces
[12.485s] -- Symlinking: /home/hero/Desktop/birdiebot_nav_ws/install/rm_decision_interfaces/share/ament_index/resource_index/parent_prefix_path/rm_decision_interfaces
[12.531s] -- Symlinking: /home/hero/Desktop/birdiebot_nav_ws/install/rm_decision_interfaces/share/rm_decision_interfaces/environment/ament_prefix_path.sh
[12.579s] -- Symlinking: /home/hero/Desktop/birdiebot_nav_ws/install/rm_decision_interfaces/share/rm_decision_interfaces/environment/ament_prefix_path.dsv
[12.603s] -- Symlinking: /home/hero/Desktop/birdiebot_nav_ws/install/rm_decision_interfaces/share/rm_decision_interfaces/environment/path.sh
[12.634s] -- Symlinking: /home/hero/Desktop/birdiebot_nav_ws/install/rm_decision_interfaces/share/rm_decision_interfaces/environment/path.dsv
[12.649s] -- Symlinking: /home/hero/Desktop/birdiebot_nav_ws/install/rm_decision_interfaces/share/rm_decision_interfaces/local_setup.bash
[12.678s] -- Symlinking: /home/hero/Desktop/birdiebot_nav_ws/install/rm_decision_interfaces/share/rm_decision_interfaces/local_setup.sh
[12.678s] -- Symlinking: /home/hero/Desktop/birdiebot_nav_ws/install/rm_decision_interfaces/share/rm_decision_interfaces/local_setup.zsh
[12.679s] -- Symlinking: /home/hero/Desktop/birdiebot_nav_ws/install/rm_decision_interfaces/share/rm_decision_interfaces/local_setup.dsv
[12.690s] -- Symlinking: /home/hero/Desktop/birdiebot_nav_ws/install/rm_decision_interfaces/share/rm_decision_interfaces/package.dsv
[12.748s] -- Symlinking: /home/hero/Desktop/birdiebot_nav_ws/install/rm_decision_interfaces/share/ament_index/resource_index/packages/rm_decision_interfaces
[12.799s] -- Symlinking: /home/hero/Desktop/birdiebot_nav_ws/install/rm_decision_interfaces/share/rm_decision_interfaces/cmake/rosidl_cmake-extras.cmake
[12.886s] -- Symlinking: /home/hero/Desktop/birdiebot_nav_ws/install/rm_decision_interfaces/share/rm_decision_interfaces/cmake/ament_cmake_export_dependencies-extras.cmake
[12.891s] -- Symlinking: /home/hero/Desktop/birdiebot_nav_ws/install/rm_decision_interfaces/share/rm_decision_interfaces/cmake/ament_cmake_export_include_directories-extras.cmake
[12.918s] -- Symlinking: /home/hero/Desktop/birdiebot_nav_ws/install/rm_decision_interfaces/share/rm_decision_interfaces/cmake/ament_cmake_export_libraries-extras.cmake
[12.945s] -- Symlinking: /home/hero/Desktop/birdiebot_nav_ws/install/rm_decision_interfaces/share/rm_decision_interfaces/cmake/ament_cmake_export_targets-extras.cmake
[12.976s] -- Symlinking: /home/hero/Desktop/birdiebot_nav_ws/install/rm_decision_interfaces/share/rm_decision_interfaces/cmake/rosidl_cmake_export_typesupport_targets-extras.cmake
[13.047s] -- Symlinking: /home/hero/Desktop/birdiebot_nav_ws/install/rm_decision_interfaces/share/rm_decision_interfaces/cmake/rosidl_cmake_export_typesupport_libraries-extras.cmake
[13.119s] -- Symlinking: /home/hero/Desktop/birdiebot_nav_ws/install/rm_decision_interfaces/share/rm_decision_interfaces/cmake/rm_decision_interfacesConfig.cmake
[13.120s] -- Symlinking: /home/hero/Desktop/birdiebot_nav_ws/install/rm_decision_interfaces/share/rm_decision_interfaces/cmake/rm_decision_interfacesConfig-version.cmake
[13.150s] -- Symlinking: /home/hero/Desktop/birdiebot_nav_ws/install/rm_decision_interfaces/share/rm_decision_interfaces/package.xml
[13.167s] -- Installing: /home/hero/Desktop/birdiebot_nav_ws/install/rm_decision_interfaces/lib/librm_decision_interfaces__rosidl_generator_c.so
[13.167s] -- Set runtime path of "/home/hero/Desktop/birdiebot_nav_ws/install/rm_decision_interfaces/lib/librm_decision_interfaces__rosidl_generator_c.so" to ""
[13.168s] -- Installing: /home/hero/Desktop/birdiebot_nav_ws/install/rm_decision_interfaces/lib/librm_decision_interfaces__rosidl_typesupport_fastrtps_c.so
[13.168s] -- Set runtime path of "/home/hero/Desktop/birdiebot_nav_ws/install/rm_decision_interfaces/lib/librm_decision_interfaces__rosidl_typesupport_fastrtps_c.so" to ""
[13.168s] -- Installing: /home/hero/Desktop/birdiebot_nav_ws/install/rm_decision_interfaces/lib/librm_decision_interfaces__rosidl_typesupport_introspection_c.so
[13.168s] -- Set runtime path of "/home/hero/Desktop/birdiebot_nav_ws/install/rm_decision_interfaces/lib/librm_decision_interfaces__rosidl_typesupport_introspection_c.so" to ""
[13.168s] -- Installing: /home/hero/Desktop/birdiebot_nav_ws/install/rm_decision_interfaces/lib/librm_decision_interfaces__rosidl_typesupport_c.so
[13.168s] -- Set runtime path of "/home/hero/Desktop/birdiebot_nav_ws/install/rm_decision_interfaces/lib/librm_decision_interfaces__rosidl_typesupport_c.so" to ""
[13.168s] -- Installing: /home/hero/Desktop/birdiebot_nav_ws/install/rm_decision_interfaces/lib/librm_decision_interfaces__rosidl_typesupport_fastrtps_cpp.so
[13.168s] -- Set runtime path of "/home/hero/Desktop/birdiebot_nav_ws/install/rm_decision_interfaces/lib/librm_decision_interfaces__rosidl_typesupport_fastrtps_cpp.so" to ""
[13.169s] -- Installing: /home/hero/Desktop/birdiebot_nav_ws/install/rm_decision_interfaces/lib/librm_decision_interfaces__rosidl_typesupport_introspection_cpp.so
[13.169s] -- Set runtime path of "/home/hero/Desktop/birdiebot_nav_ws/install/rm_decision_interfaces/lib/librm_decision_interfaces__rosidl_typesupport_introspection_cpp.so" to ""
[13.169s] -- Installing: /home/hero/Desktop/birdiebot_nav_ws/install/rm_decision_interfaces/lib/librm_decision_interfaces__rosidl_typesupport_cpp.so
[13.169s] -- Set runtime path of "/home/hero/Desktop/birdiebot_nav_ws/install/rm_decision_interfaces/lib/librm_decision_interfaces__rosidl_typesupport_cpp.so" to ""
[13.215s] Listing '/home/hero/Desktop/birdiebot_nav_ws/install/rm_decision_interfaces/local/lib/python3.10/dist-packages/rm_decision_interfaces'...
[13.215s] Compiling '/home/hero/Desktop/birdiebot_nav_ws/install/rm_decision_interfaces/local/lib/python3.10/dist-packages/rm_decision_interfaces/__init__.py'...
[13.215s] Listing '/home/hero/Desktop/birdiebot_nav_ws/install/rm_decision_interfaces/local/lib/python3.10/dist-packages/rm_decision_interfaces/msg'...
[13.215s] Compiling '/home/hero/Desktop/birdiebot_nav_ws/install/rm_decision_interfaces/local/lib/python3.10/dist-packages/rm_decision_interfaces/msg/__init__.py'...
[13.215s] Compiling '/home/hero/Desktop/birdiebot_nav_ws/install/rm_decision_interfaces/local/lib/python3.10/dist-packages/rm_decision_interfaces/msg/_cv_decision.py'...
[13.215s] Compiling '/home/hero/Desktop/birdiebot_nav_ws/install/rm_decision_interfaces/local/lib/python3.10/dist-packages/rm_decision_interfaces/msg/_robot_control.py'...
[13.222s] -- Installing: /home/hero/Desktop/birdiebot_nav_ws/install/rm_decision_interfaces/lib/librm_decision_interfaces__rosidl_generator_py.so
[13.222s] -- Set runtime path of "/home/hero/Desktop/birdiebot_nav_ws/install/rm_decision_interfaces/lib/librm_decision_interfaces__rosidl_generator_py.so" to ""
[13.222s] -- Installing: /home/hero/Desktop/birdiebot_nav_ws/install/rm_decision_interfaces/share/rm_decision_interfaces/cmake/export_rm_decision_interfaces__rosidl_generator_cExport.cmake
[13.222s] -- Installing: /home/hero/Desktop/birdiebot_nav_ws/install/rm_decision_interfaces/share/rm_decision_interfaces/cmake/export_rm_decision_interfaces__rosidl_generator_cExport-noconfig.cmake
[13.223s] -- Installing: /home/hero/Desktop/birdiebot_nav_ws/install/rm_decision_interfaces/share/rm_decision_interfaces/cmake/export_rm_decision_interfaces__rosidl_typesupport_fastrtps_cExport.cmake
[13.223s] -- Installing: /home/hero/Desktop/birdiebot_nav_ws/install/rm_decision_interfaces/share/rm_decision_interfaces/cmake/export_rm_decision_interfaces__rosidl_typesupport_fastrtps_cExport-noconfig.cmake
[13.223s] -- Installing: /home/hero/Desktop/birdiebot_nav_ws/install/rm_decision_interfaces/share/rm_decision_interfaces/cmake/rm_decision_interfaces__rosidl_typesupport_introspection_cExport.cmake
[13.223s] -- Installing: /home/hero/Desktop/birdiebot_nav_ws/install/rm_decision_interfaces/share/rm_decision_interfaces/cmake/rm_decision_interfaces__rosidl_typesupport_introspection_cExport-noconfig.cmake
[13.224s] -- Installing: /home/hero/Desktop/birdiebot_nav_ws/install/rm_decision_interfaces/share/rm_decision_interfaces/cmake/rm_decision_interfaces__rosidl_typesupport_cExport.cmake
[13.224s] -- Installing: /home/hero/Desktop/birdiebot_nav_ws/install/rm_decision_interfaces/share/rm_decision_interfaces/cmake/rm_decision_interfaces__rosidl_typesupport_cExport-noconfig.cmake
[13.224s] -- Installing: /home/hero/Desktop/birdiebot_nav_ws/install/rm_decision_interfaces/share/rm_decision_interfaces/cmake/export_rm_decision_interfaces__rosidl_generator_cppExport.cmake
[13.224s] -- Installing: /home/hero/Desktop/birdiebot_nav_ws/install/rm_decision_interfaces/share/rm_decision_interfaces/cmake/export_rm_decision_interfaces__rosidl_typesupport_fastrtps_cppExport.cmake
[13.224s] -- Installing: /home/hero/Desktop/birdiebot_nav_ws/install/rm_decision_interfaces/share/rm_decision_interfaces/cmake/export_rm_decision_interfaces__rosidl_typesupport_fastrtps_cppExport-noconfig.cmake
[13.225s] -- Installing: /home/hero/Desktop/birdiebot_nav_ws/install/rm_decision_interfaces/share/rm_decision_interfaces/cmake/rm_decision_interfaces__rosidl_typesupport_introspection_cppExport.cmake
[13.225s] -- Installing: /home/hero/Desktop/birdiebot_nav_ws/install/rm_decision_interfaces/share/rm_decision_interfaces/cmake/rm_decision_interfaces__rosidl_typesupport_introspection_cppExport-noconfig.cmake
[13.225s] -- Installing: /home/hero/Desktop/birdiebot_nav_ws/install/rm_decision_interfaces/share/rm_decision_interfaces/cmake/rm_decision_interfaces__rosidl_typesupport_cppExport.cmake
[13.225s] -- Installing: /home/hero/Desktop/birdiebot_nav_ws/install/rm_decision_interfaces/share/rm_decision_interfaces/cmake/rm_decision_interfaces__rosidl_typesupport_cppExport-noconfig.cmake
[13.226s] -- Installing: /home/hero/Desktop/birdiebot_nav_ws/install/rm_decision_interfaces/share/rm_decision_interfaces/cmake/export_rm_decision_interfaces__rosidl_generator_pyExport.cmake
[13.226s] -- Installing: /home/hero/Desktop/birdiebot_nav_ws/install/rm_decision_interfaces/share/rm_decision_interfaces/cmake/export_rm_decision_interfaces__rosidl_generator_pyExport-noconfig.cmake
[13.230s] Invoked command in '/home/hero/Desktop/birdiebot_nav_ws/build/rm_decision_interfaces' returned '0': CMAKE_PREFIX_PATH=/opt/ros/humble /usr/bin/cmake --install /home/hero/Desktop/birdiebot_nav_ws/build/rm_decision_interfaces
