[0.032s] Invoking command in '/home/hero/Desktop/birdiebot_nav_ws/build/navigation_interfaces': CMAKE_PREFIX_PATH=/opt/ros/humble /usr/bin/cmake --build /home/hero/Desktop/birdiebot_nav_ws/build/navigation_interfaces -- -j8 -l8
[0.104s] [  3%] Built target navigation_interfaces__cpp
[0.142s] [ 12%] Built target navigation_interfaces__rosidl_generator_c
[0.152s] [ 12%] Built target ament_cmake_python_symlink_navigation_interfaces
[0.222s] [ 25%] Built target navigation_interfaces__rosidl_typesupport_introspection_c
[0.228s] [ 32%] Built target navigation_interfaces__rosidl_typesupport_introspection_cpp
[0.237s] [ 41%] Built target navigation_interfaces__rosidl_typesupport_fastrtps_c
[0.269s] [ 51%] Built target navigation_interfaces__rosidl_typesupport_fastrtps_cpp
[0.269s] [ 61%] Built target navigation_interfaces__rosidl_typesupport_cpp
[0.279s] [ 70%] Built target navigation_interfaces__rosidl_typesupport_c
[0.419s] [ 70%] Built target navigation_interfaces
[0.512s] [ 74%] Built target navigation_interfaces__py
[0.585s] [ 80%] Built target navigation_interfaces__rosidl_generator_py
[0.650s] [ 87%] Built target navigation_interfaces__rosidl_typesupport_fastrtps_c__pyext
[0.662s] [ 93%] Built target navigation_interfaces__rosidl_typesupport_introspection_c__pyext
[0.742s] running egg_info
[0.742s] writing navigation_interfaces.egg-info/PKG-INFO
[0.742s] writing dependency_links to navigation_interfaces.egg-info/dependency_links.txt
[0.743s] writing top-level names to navigation_interfaces.egg-info/top_level.txt
[0.743s] [100%] Built target navigation_interfaces__rosidl_typesupport_c__pyext
[0.745s] reading manifest file 'navigation_interfaces.egg-info/SOURCES.txt'
[0.746s] writing manifest file 'navigation_interfaces.egg-info/SOURCES.txt'
[0.828s] [100%] Built target ament_cmake_python_build_navigation_interfaces_egg
[0.871s] Invoked command in '/home/hero/Desktop/birdiebot_nav_ws/build/navigation_interfaces' returned '0': CMAKE_PREFIX_PATH=/opt/ros/humble /usr/bin/cmake --build /home/hero/Desktop/birdiebot_nav_ws/build/navigation_interfaces -- -j8 -l8
[0.977s] Invoking command in '/home/hero/Desktop/birdiebot_nav_ws/build/navigation_interfaces': CMAKE_PREFIX_PATH=/opt/ros/humble /usr/bin/cmake --install /home/hero/Desktop/birdiebot_nav_ws/build/navigation_interfaces
[0.984s] -- Install configuration: ""
[0.985s] -- Execute custom install script
[0.985s] -- Up-to-date symlink: /home/hero/Desktop/birdiebot_nav_ws/install/navigation_interfaces/share/ament_index/resource_index/rosidl_interfaces/navigation_interfaces
[0.985s] -- Up-to-date symlink: /home/hero/Desktop/birdiebot_nav_ws/install/navigation_interfaces/include/navigation_interfaces/navigation_interfaces/msg/detail/navigation__functions.h
[0.986s] -- Up-to-date symlink: /home/hero/Desktop/birdiebot_nav_ws/install/navigation_interfaces/include/navigation_interfaces/navigation_interfaces/msg/detail/navigation__struct.h
[0.986s] -- Up-to-date symlink: /home/hero/Desktop/birdiebot_nav_ws/install/navigation_interfaces/include/navigation_interfaces/navigation_interfaces/msg/detail/navigation__type_support.h
[0.986s] -- Up-to-date symlink: /home/hero/Desktop/birdiebot_nav_ws/install/navigation_interfaces/include/navigation_interfaces/navigation_interfaces/msg/navigation.h
[0.986s] -- Up-to-date symlink: /home/hero/Desktop/birdiebot_nav_ws/install/navigation_interfaces/include/navigation_interfaces/navigation_interfaces/msg/rosidl_generator_c__visibility_control.h
[0.986s] -- Up-to-date symlink: /home/hero/Desktop/birdiebot_nav_ws/install/navigation_interfaces/share/navigation_interfaces/environment/library_path.sh
[0.986s] -- Up-to-date symlink: /home/hero/Desktop/birdiebot_nav_ws/install/navigation_interfaces/share/navigation_interfaces/environment/library_path.dsv
[0.987s] -- Up-to-date symlink: /home/hero/Desktop/birdiebot_nav_ws/install/navigation_interfaces/include/navigation_interfaces/navigation_interfaces/msg/detail/navigation__rosidl_typesupport_fastrtps_c.h
[0.988s] -- Up-to-date symlink: /home/hero/Desktop/birdiebot_nav_ws/install/navigation_interfaces/include/navigation_interfaces/navigation_interfaces/msg/rosidl_typesupport_fastrtps_c__visibility_control.h
[0.988s] -- Up-to-date symlink: /home/hero/Desktop/birdiebot_nav_ws/install/navigation_interfaces/include/navigation_interfaces/navigation_interfaces/msg/detail/navigation__rosidl_typesupport_introspection_c.h
[0.989s] -- Up-to-date symlink: /home/hero/Desktop/birdiebot_nav_ws/install/navigation_interfaces/include/navigation_interfaces/navigation_interfaces/msg/rosidl_typesupport_introspection_c__visibility_control.h
[0.989s] -- Up-to-date symlink: /home/hero/Desktop/birdiebot_nav_ws/install/navigation_interfaces/include/navigation_interfaces/navigation_interfaces/msg/detail/navigation__builder.hpp
[0.989s] -- Up-to-date symlink: /home/hero/Desktop/birdiebot_nav_ws/install/navigation_interfaces/include/navigation_interfaces/navigation_interfaces/msg/detail/navigation__struct.hpp
[0.989s] -- Up-to-date symlink: /home/hero/Desktop/birdiebot_nav_ws/install/navigation_interfaces/include/navigation_interfaces/navigation_interfaces/msg/detail/navigation__traits.hpp
[0.990s] -- Up-to-date symlink: /home/hero/Desktop/birdiebot_nav_ws/install/navigation_interfaces/include/navigation_interfaces/navigation_interfaces/msg/detail/navigation__type_support.hpp
[0.990s] -- Up-to-date symlink: /home/hero/Desktop/birdiebot_nav_ws/install/navigation_interfaces/include/navigation_interfaces/navigation_interfaces/msg/navigation.hpp
[0.990s] -- Up-to-date symlink: /home/hero/Desktop/birdiebot_nav_ws/install/navigation_interfaces/include/navigation_interfaces/navigation_interfaces/msg/rosidl_generator_cpp__visibility_control.hpp
[0.990s] -- Up-to-date symlink: /home/hero/Desktop/birdiebot_nav_ws/install/navigation_interfaces/include/navigation_interfaces/navigation_interfaces/msg/detail/navigation__rosidl_typesupport_fastrtps_cpp.hpp
[0.993s] -- Up-to-date symlink: /home/hero/Desktop/birdiebot_nav_ws/install/navigation_interfaces/include/navigation_interfaces/navigation_interfaces/msg/rosidl_typesupport_fastrtps_cpp__visibility_control.h
[0.993s] -- Up-to-date symlink: /home/hero/Desktop/birdiebot_nav_ws/install/navigation_interfaces/include/navigation_interfaces/navigation_interfaces/msg/detail/navigation__rosidl_typesupport_introspection_cpp.hpp
[0.993s] -- Up-to-date symlink: /home/hero/Desktop/birdiebot_nav_ws/install/navigation_interfaces/share/navigation_interfaces/environment/pythonpath.sh
[0.993s] -- Up-to-date symlink: /home/hero/Desktop/birdiebot_nav_ws/install/navigation_interfaces/share/navigation_interfaces/environment/pythonpath.dsv
[0.994s] -- Up-to-date symlink: /home/hero/Desktop/birdiebot_nav_ws/install/navigation_interfaces/local/lib/python3.10/dist-packages/navigation_interfaces-0.0.0-py3.10.egg-info/PKG-INFO
[0.994s] -- Up-to-date symlink: /home/hero/Desktop/birdiebot_nav_ws/install/navigation_interfaces/local/lib/python3.10/dist-packages/navigation_interfaces-0.0.0-py3.10.egg-info/SOURCES.txt
[0.994s] -- Up-to-date symlink: /home/hero/Desktop/birdiebot_nav_ws/install/navigation_interfaces/local/lib/python3.10/dist-packages/navigation_interfaces-0.0.0-py3.10.egg-info/dependency_links.txt
[0.994s] -- Up-to-date symlink: /home/hero/Desktop/birdiebot_nav_ws/install/navigation_interfaces/local/lib/python3.10/dist-packages/navigation_interfaces-0.0.0-py3.10.egg-info/top_level.txt
[0.995s] -- Up-to-date symlink: /home/hero/Desktop/birdiebot_nav_ws/install/navigation_interfaces/local/lib/python3.10/dist-packages/navigation_interfaces/__init__.py
[0.995s] -- Up-to-date symlink: /home/hero/Desktop/birdiebot_nav_ws/install/navigation_interfaces/local/lib/python3.10/dist-packages/navigation_interfaces/_navigation_interfaces_s.ep.rosidl_typesupport_c.c
[0.995s] -- Up-to-date symlink: /home/hero/Desktop/birdiebot_nav_ws/install/navigation_interfaces/local/lib/python3.10/dist-packages/navigation_interfaces/_navigation_interfaces_s.ep.rosidl_typesupport_fastrtps_c.c
[0.995s] -- Up-to-date symlink: /home/hero/Desktop/birdiebot_nav_ws/install/navigation_interfaces/local/lib/python3.10/dist-packages/navigation_interfaces/_navigation_interfaces_s.ep.rosidl_typesupport_introspection_c.c
[0.995s] -- Up-to-date symlink: /home/hero/Desktop/birdiebot_nav_ws/install/navigation_interfaces/local/lib/python3.10/dist-packages/navigation_interfaces/libnavigation_interfaces__rosidl_generator_py.so
[0.996s] -- Up-to-date symlink: /home/hero/Desktop/birdiebot_nav_ws/install/navigation_interfaces/local/lib/python3.10/dist-packages/navigation_interfaces/msg/__init__.py
[0.996s] -- Up-to-date symlink: /home/hero/Desktop/birdiebot_nav_ws/install/navigation_interfaces/local/lib/python3.10/dist-packages/navigation_interfaces/msg/_navigation.py
[0.996s] -- Up-to-date symlink: /home/hero/Desktop/birdiebot_nav_ws/install/navigation_interfaces/local/lib/python3.10/dist-packages/navigation_interfaces/msg/_navigation_s.c
[0.997s] -- Up-to-date symlink: /home/hero/Desktop/birdiebot_nav_ws/install/navigation_interfaces/local/lib/python3.10/dist-packages/navigation_interfaces/navigation_interfaces_s__rosidl_typesupport_c.cpython-310-x86_64-linux-gnu.so
[1.000s] -- Up-to-date symlink: /home/hero/Desktop/birdiebot_nav_ws/install/navigation_interfaces/local/lib/python3.10/dist-packages/navigation_interfaces/navigation_interfaces_s__rosidl_typesupport_fastrtps_c.cpython-310-x86_64-linux-gnu.so
[1.000s] -- Up-to-date symlink: /home/hero/Desktop/birdiebot_nav_ws/install/navigation_interfaces/local/lib/python3.10/dist-packages/navigation_interfaces/navigation_interfaces_s__rosidl_typesupport_introspection_c.cpython-310-x86_64-linux-gnu.so
[1.000s] -- Up-to-date symlink: /home/hero/Desktop/birdiebot_nav_ws/install/navigation_interfaces/local/lib/python3.10/dist-packages/navigation_interfaces/navigation_interfaces_s__rosidl_typesupport_fastrtps_c.cpython-310-x86_64-linux-gnu.so
[1.001s] -- Up-to-date symlink: /home/hero/Desktop/birdiebot_nav_ws/install/navigation_interfaces/local/lib/python3.10/dist-packages/navigation_interfaces/navigation_interfaces_s__rosidl_typesupport_introspection_c.cpython-310-x86_64-linux-gnu.so
[1.001s] -- Up-to-date symlink: /home/hero/Desktop/birdiebot_nav_ws/install/navigation_interfaces/local/lib/python3.10/dist-packages/navigation_interfaces/navigation_interfaces_s__rosidl_typesupport_c.cpython-310-x86_64-linux-gnu.so
[1.001s] -- Up-to-date symlink: /home/hero/Desktop/birdiebot_nav_ws/install/navigation_interfaces/share/navigation_interfaces/msg/Navigation.idl
[1.001s] -- Up-to-date symlink: /home/hero/Desktop/birdiebot_nav_ws/install/navigation_interfaces/share/navigation_interfaces/msg/Navigation.msg
[1.001s] -- Up-to-date symlink: /home/hero/Desktop/birdiebot_nav_ws/install/navigation_interfaces/share/ament_index/resource_index/package_run_dependencies/navigation_interfaces
[1.001s] -- Up-to-date symlink: /home/hero/Desktop/birdiebot_nav_ws/install/navigation_interfaces/share/ament_index/resource_index/parent_prefix_path/navigation_interfaces
[1.001s] -- Up-to-date symlink: /home/hero/Desktop/birdiebot_nav_ws/install/navigation_interfaces/share/navigation_interfaces/environment/ament_prefix_path.sh
[1.001s] -- Up-to-date symlink: /home/hero/Desktop/birdiebot_nav_ws/install/navigation_interfaces/share/navigation_interfaces/environment/ament_prefix_path.dsv
[1.001s] -- Up-to-date symlink: /home/hero/Desktop/birdiebot_nav_ws/install/navigation_interfaces/share/navigation_interfaces/environment/path.sh
[1.001s] -- Up-to-date symlink: /home/hero/Desktop/birdiebot_nav_ws/install/navigation_interfaces/share/navigation_interfaces/environment/path.dsv
[1.001s] -- Up-to-date symlink: /home/hero/Desktop/birdiebot_nav_ws/install/navigation_interfaces/share/navigation_interfaces/local_setup.bash
[1.001s] -- Up-to-date symlink: /home/hero/Desktop/birdiebot_nav_ws/install/navigation_interfaces/share/navigation_interfaces/local_setup.sh
[1.001s] -- Up-to-date symlink: /home/hero/Desktop/birdiebot_nav_ws/install/navigation_interfaces/share/navigation_interfaces/local_setup.zsh
[1.002s] -- Up-to-date symlink: /home/hero/Desktop/birdiebot_nav_ws/install/navigation_interfaces/share/navigation_interfaces/local_setup.dsv
[1.002s] -- Symlinking: /home/hero/Desktop/birdiebot_nav_ws/install/navigation_interfaces/share/navigation_interfaces/package.dsv
[1.015s] -- Up-to-date symlink: /home/hero/Desktop/birdiebot_nav_ws/install/navigation_interfaces/share/ament_index/resource_index/packages/navigation_interfaces
[1.015s] -- Up-to-date symlink: /home/hero/Desktop/birdiebot_nav_ws/install/navigation_interfaces/share/navigation_interfaces/cmake/rosidl_cmake-extras.cmake
[1.015s] -- Up-to-date symlink: /home/hero/Desktop/birdiebot_nav_ws/install/navigation_interfaces/share/navigation_interfaces/cmake/ament_cmake_export_dependencies-extras.cmake
[1.015s] -- Up-to-date symlink: /home/hero/Desktop/birdiebot_nav_ws/install/navigation_interfaces/share/navigation_interfaces/cmake/ament_cmake_export_include_directories-extras.cmake
[1.015s] -- Up-to-date symlink: /home/hero/Desktop/birdiebot_nav_ws/install/navigation_interfaces/share/navigation_interfaces/cmake/ament_cmake_export_libraries-extras.cmake
[1.015s] -- Up-to-date symlink: /home/hero/Desktop/birdiebot_nav_ws/install/navigation_interfaces/share/navigation_interfaces/cmake/ament_cmake_export_targets-extras.cmake
[1.015s] -- Up-to-date symlink: /home/hero/Desktop/birdiebot_nav_ws/install/navigation_interfaces/share/navigation_interfaces/cmake/rosidl_cmake_export_typesupport_targets-extras.cmake
[1.015s] -- Up-to-date symlink: /home/hero/Desktop/birdiebot_nav_ws/install/navigation_interfaces/share/navigation_interfaces/cmake/rosidl_cmake_export_typesupport_libraries-extras.cmake
[1.015s] -- Up-to-date symlink: /home/hero/Desktop/birdiebot_nav_ws/install/navigation_interfaces/share/navigation_interfaces/cmake/navigation_interfacesConfig.cmake
[1.015s] -- Up-to-date symlink: /home/hero/Desktop/birdiebot_nav_ws/install/navigation_interfaces/share/navigation_interfaces/cmake/navigation_interfacesConfig-version.cmake
[1.015s] -- Up-to-date symlink: /home/hero/Desktop/birdiebot_nav_ws/install/navigation_interfaces/share/navigation_interfaces/package.xml
[1.015s] -- Up-to-date: /home/hero/Desktop/birdiebot_nav_ws/install/navigation_interfaces/lib/libnavigation_interfaces__rosidl_generator_c.so
[1.016s] -- Up-to-date: /home/hero/Desktop/birdiebot_nav_ws/install/navigation_interfaces/lib/libnavigation_interfaces__rosidl_typesupport_fastrtps_c.so
[1.016s] -- Up-to-date: /home/hero/Desktop/birdiebot_nav_ws/install/navigation_interfaces/lib/libnavigation_interfaces__rosidl_typesupport_introspection_c.so
[1.016s] -- Up-to-date: /home/hero/Desktop/birdiebot_nav_ws/install/navigation_interfaces/lib/libnavigation_interfaces__rosidl_typesupport_c.so
[1.016s] -- Up-to-date: /home/hero/Desktop/birdiebot_nav_ws/install/navigation_interfaces/lib/libnavigation_interfaces__rosidl_typesupport_fastrtps_cpp.so
[1.016s] -- Up-to-date: /home/hero/Desktop/birdiebot_nav_ws/install/navigation_interfaces/lib/libnavigation_interfaces__rosidl_typesupport_introspection_cpp.so
[1.016s] -- Up-to-date: /home/hero/Desktop/birdiebot_nav_ws/install/navigation_interfaces/lib/libnavigation_interfaces__rosidl_typesupport_cpp.so
[1.040s] Listing '/home/hero/Desktop/birdiebot_nav_ws/install/navigation_interfaces/local/lib/python3.10/dist-packages/navigation_interfaces'...
[1.040s] Listing '/home/hero/Desktop/birdiebot_nav_ws/install/navigation_interfaces/local/lib/python3.10/dist-packages/navigation_interfaces/msg'...
[1.047s] -- Up-to-date: /home/hero/Desktop/birdiebot_nav_ws/install/navigation_interfaces/lib/libnavigation_interfaces__rosidl_generator_py.so
[1.047s] -- Up-to-date: /home/hero/Desktop/birdiebot_nav_ws/install/navigation_interfaces/share/navigation_interfaces/cmake/export_navigation_interfaces__rosidl_generator_cExport.cmake
[1.047s] -- Up-to-date: /home/hero/Desktop/birdiebot_nav_ws/install/navigation_interfaces/share/navigation_interfaces/cmake/export_navigation_interfaces__rosidl_generator_cExport-noconfig.cmake
[1.047s] -- Up-to-date: /home/hero/Desktop/birdiebot_nav_ws/install/navigation_interfaces/share/navigation_interfaces/cmake/export_navigation_interfaces__rosidl_typesupport_fastrtps_cExport.cmake
[1.047s] -- Up-to-date: /home/hero/Desktop/birdiebot_nav_ws/install/navigation_interfaces/share/navigation_interfaces/cmake/export_navigation_interfaces__rosidl_typesupport_fastrtps_cExport-noconfig.cmake
[1.047s] -- Up-to-date: /home/hero/Desktop/birdiebot_nav_ws/install/navigation_interfaces/share/navigation_interfaces/cmake/navigation_interfaces__rosidl_typesupport_introspection_cExport.cmake
[1.047s] -- Up-to-date: /home/hero/Desktop/birdiebot_nav_ws/install/navigation_interfaces/share/navigation_interfaces/cmake/navigation_interfaces__rosidl_typesupport_introspection_cExport-noconfig.cmake
[1.051s] -- Up-to-date: /home/hero/Desktop/birdiebot_nav_ws/install/navigation_interfaces/share/navigation_interfaces/cmake/navigation_interfaces__rosidl_typesupport_cExport.cmake
[1.051s] -- Up-to-date: /home/hero/Desktop/birdiebot_nav_ws/install/navigation_interfaces/share/navigation_interfaces/cmake/navigation_interfaces__rosidl_typesupport_cExport-noconfig.cmake
[1.051s] -- Up-to-date: /home/hero/Desktop/birdiebot_nav_ws/install/navigation_interfaces/share/navigation_interfaces/cmake/export_navigation_interfaces__rosidl_generator_cppExport.cmake
[1.052s] -- Up-to-date: /home/hero/Desktop/birdiebot_nav_ws/install/navigation_interfaces/share/navigation_interfaces/cmake/export_navigation_interfaces__rosidl_typesupport_fastrtps_cppExport.cmake
[1.052s] -- Up-to-date: /home/hero/Desktop/birdiebot_nav_ws/install/navigation_interfaces/share/navigation_interfaces/cmake/export_navigation_interfaces__rosidl_typesupport_fastrtps_cppExport-noconfig.cmake
[1.052s] -- Up-to-date: /home/hero/Desktop/birdiebot_nav_ws/install/navigation_interfaces/share/navigation_interfaces/cmake/navigation_interfaces__rosidl_typesupport_introspection_cppExport.cmake
[1.052s] -- Up-to-date: /home/hero/Desktop/birdiebot_nav_ws/install/navigation_interfaces/share/navigation_interfaces/cmake/navigation_interfaces__rosidl_typesupport_introspection_cppExport-noconfig.cmake
[1.052s] -- Up-to-date: /home/hero/Desktop/birdiebot_nav_ws/install/navigation_interfaces/share/navigation_interfaces/cmake/navigation_interfaces__rosidl_typesupport_cppExport.cmake
[1.052s] -- Up-to-date: /home/hero/Desktop/birdiebot_nav_ws/install/navigation_interfaces/share/navigation_interfaces/cmake/navigation_interfaces__rosidl_typesupport_cppExport-noconfig.cmake
[1.052s] -- Up-to-date: /home/hero/Desktop/birdiebot_nav_ws/install/navigation_interfaces/share/navigation_interfaces/cmake/export_navigation_interfaces__rosidl_generator_pyExport.cmake
[1.052s] -- Up-to-date: /home/hero/Desktop/birdiebot_nav_ws/install/navigation_interfaces/share/navigation_interfaces/cmake/export_navigation_interfaces__rosidl_generator_pyExport-noconfig.cmake
[1.054s] Invoked command in '/home/hero/Desktop/birdiebot_nav_ws/build/navigation_interfaces' returned '0': CMAKE_PREFIX_PATH=/opt/ros/humble /usr/bin/cmake --install /home/hero/Desktop/birdiebot_nav_ws/build/navigation_interfaces
