[0.050s] Invoking command in '/home/hero/Desktop/birdiebot_nav_ws/build/fake_vel_transform': CMAKE_PREFIX_PATH=/opt/ros/humble /usr/bin/cmake --build /home/hero/Desktop/birdiebot_nav_ws/build/fake_vel_transform -- -j8 -l8
[0.111s] [35m[1mConsolidate compiler generated dependencies of target fake_vel_transform_node[0m
[0.126s] [ 50%] Built target fake_vel_transform
[0.134s] [100%] Built target fake_vel_transform_node
[0.154s] Invoked command in '/home/hero/Desktop/birdiebot_nav_ws/build/fake_vel_transform' returned '0': CMAKE_PREFIX_PATH=/opt/ros/humble /usr/bin/cmake --build /home/hero/Desktop/birdiebot_nav_ws/build/fake_vel_transform -- -j8 -l8
[0.197s] Invoking command in '/home/hero/Desktop/birdiebot_nav_ws/build/fake_vel_transform': CMAKE_PREFIX_PATH=/opt/ros/humble /usr/bin/cmake --install /home/hero/Desktop/birdiebot_nav_ws/build/fake_vel_transform
[0.203s] -- Install configuration: ""
[0.204s] -- Execute custom install script
[0.204s] -- Up-to-date symlink: /home/hero/Desktop/birdiebot_nav_ws/install/fake_vel_transform/lib/fake_vel_transform/fake_vel_transform_node
[0.204s] -- Up-to-date symlink: /home/hero/Desktop/birdiebot_nav_ws/install/fake_vel_transform/include/fake_vel_transform/fake_vel_transform.hpp
[0.205s] -- Up-to-date symlink: /home/hero/Desktop/birdiebot_nav_ws/install/fake_vel_transform/share/fake_vel_transform/environment/library_path.sh
[0.205s] -- Up-to-date symlink: /home/hero/Desktop/birdiebot_nav_ws/install/fake_vel_transform/share/fake_vel_transform/environment/library_path.dsv
[0.205s] -- Up-to-date symlink: /home/hero/Desktop/birdiebot_nav_ws/install/fake_vel_transform/lib/libfake_vel_transform.so
[0.206s] -- Up-to-date symlink: /home/hero/Desktop/birdiebot_nav_ws/install/fake_vel_transform/share/fake_vel_transform/launch/fake_vel_transform.launch.py
[0.206s] -- Up-to-date symlink: /home/hero/Desktop/birdiebot_nav_ws/install/fake_vel_transform/share/ament_index/resource_index/package_run_dependencies/fake_vel_transform
[0.207s] -- Up-to-date symlink: /home/hero/Desktop/birdiebot_nav_ws/install/fake_vel_transform/share/ament_index/resource_index/parent_prefix_path/fake_vel_transform
[0.207s] -- Up-to-date symlink: /home/hero/Desktop/birdiebot_nav_ws/install/fake_vel_transform/share/fake_vel_transform/environment/ament_prefix_path.sh
[0.207s] -- Up-to-date symlink: /home/hero/Desktop/birdiebot_nav_ws/install/fake_vel_transform/share/fake_vel_transform/environment/ament_prefix_path.dsv
[0.207s] -- Up-to-date symlink: /home/hero/Desktop/birdiebot_nav_ws/install/fake_vel_transform/share/fake_vel_transform/environment/path.sh
[0.207s] -- Up-to-date symlink: /home/hero/Desktop/birdiebot_nav_ws/install/fake_vel_transform/share/fake_vel_transform/environment/path.dsv
[0.207s] -- Up-to-date symlink: /home/hero/Desktop/birdiebot_nav_ws/install/fake_vel_transform/share/fake_vel_transform/local_setup.bash
[0.207s] -- Up-to-date symlink: /home/hero/Desktop/birdiebot_nav_ws/install/fake_vel_transform/share/fake_vel_transform/local_setup.sh
[0.207s] -- Up-to-date symlink: /home/hero/Desktop/birdiebot_nav_ws/install/fake_vel_transform/share/fake_vel_transform/local_setup.zsh
[0.207s] -- Up-to-date symlink: /home/hero/Desktop/birdiebot_nav_ws/install/fake_vel_transform/share/fake_vel_transform/local_setup.dsv
[0.207s] -- Symlinking: /home/hero/Desktop/birdiebot_nav_ws/install/fake_vel_transform/share/fake_vel_transform/package.dsv
[0.217s] -- Up-to-date symlink: /home/hero/Desktop/birdiebot_nav_ws/install/fake_vel_transform/share/ament_index/resource_index/packages/fake_vel_transform
[0.217s] -- Up-to-date symlink: /home/hero/Desktop/birdiebot_nav_ws/install/fake_vel_transform/share/ament_index/resource_index/rclcpp_components/fake_vel_transform
[0.217s] -- Up-to-date symlink: /home/hero/Desktop/birdiebot_nav_ws/install/fake_vel_transform/share/fake_vel_transform/cmake/ament_cmake_export_dependencies-extras.cmake
[0.218s] -- Up-to-date symlink: /home/hero/Desktop/birdiebot_nav_ws/install/fake_vel_transform/share/fake_vel_transform/cmake/ament_cmake_export_include_directories-extras.cmake
[0.218s] -- Up-to-date symlink: /home/hero/Desktop/birdiebot_nav_ws/install/fake_vel_transform/share/fake_vel_transform/cmake/ament_cmake_export_libraries-extras.cmake
[0.218s] -- Up-to-date symlink: /home/hero/Desktop/birdiebot_nav_ws/install/fake_vel_transform/share/fake_vel_transform/cmake/fake_vel_transformConfig.cmake
[0.218s] -- Up-to-date symlink: /home/hero/Desktop/birdiebot_nav_ws/install/fake_vel_transform/share/fake_vel_transform/cmake/fake_vel_transformConfig-version.cmake
[0.218s] -- Up-to-date symlink: /home/hero/Desktop/birdiebot_nav_ws/install/fake_vel_transform/share/fake_vel_transform/package.xml
[0.235s] Invoked command in '/home/hero/Desktop/birdiebot_nav_ws/build/fake_vel_transform' returned '0': CMAKE_PREFIX_PATH=/opt/ros/humble /usr/bin/cmake --install /home/hero/Desktop/birdiebot_nav_ws/build/fake_vel_transform
