[0.079s] Invoking command in '/home/hero/Desktop/birdiebot_nav_ws/build/costmap_converter_msgs': CMAKE_PREFIX_PATH=/opt/ros/humble /usr/bin/cmake --build /home/hero/Desktop/birdiebot_nav_ws/build/costmap_converter_msgs -- -j8 -l8
[0.170s] [ 10%] Built target costmap_converter_msgs__rosidl_generator_c
[0.232s] [ 10%] Built target ament_cmake_python_symlink_costmap_converter_msgs
[0.236s] [ 12%] Built target costmap_converter_msgs__cpp
[0.258s] [ 23%] Built target costmap_converter_msgs__rosidl_typesupport_introspection_c
[0.267s] [ 33%] Built target costmap_converter_msgs__rosidl_typesupport_fastrtps_c
[0.279s] [ 43%] Built target costmap_converter_msgs__rosidl_typesupport_c
[0.330s] [ 53%] Built target costmap_converter_msgs__rosidl_typesupport_cpp
[0.342s] [ 64%] Built target costmap_converter_msgs__rosidl_typesupport_introspection_cpp
[0.361s] [ 74%] Built target costmap_converter_msgs__rosidl_typesupport_fastrtps_cpp
[0.404s] [ 74%] Built target costmap_converter_msgs
[0.475s] [ 76%] Built target costmap_converter_msgs__py
[0.528s] [ 84%] Built target costmap_converter_msgs__rosidl_generator_py
[0.593s] [ 89%] Built target costmap_converter_msgs__rosidl_typesupport_fastrtps_c__pyext
[0.606s] [ 94%] Built target costmap_converter_msgs__rosidl_typesupport_introspection_c__pyext
[0.617s] [100%] Built target costmap_converter_msgs__rosidl_typesupport_c__pyext
[0.655s] running egg_info
[0.655s] writing costmap_converter_msgs.egg-info/PKG-INFO
[0.656s] writing dependency_links to costmap_converter_msgs.egg-info/dependency_links.txt
[0.656s] writing top-level names to costmap_converter_msgs.egg-info/top_level.txt
[0.658s] reading manifest file 'costmap_converter_msgs.egg-info/SOURCES.txt'
[0.659s] writing manifest file 'costmap_converter_msgs.egg-info/SOURCES.txt'
[0.697s] [100%] Built target ament_cmake_python_build_costmap_converter_msgs_egg
[0.758s] Invoked command in '/home/hero/Desktop/birdiebot_nav_ws/build/costmap_converter_msgs' returned '0': CMAKE_PREFIX_PATH=/opt/ros/humble /usr/bin/cmake --build /home/hero/Desktop/birdiebot_nav_ws/build/costmap_converter_msgs -- -j8 -l8
[0.924s] Invoking command in '/home/hero/Desktop/birdiebot_nav_ws/build/costmap_converter_msgs': CMAKE_PREFIX_PATH=/opt/ros/humble /usr/bin/cmake --install /home/hero/Desktop/birdiebot_nav_ws/build/costmap_converter_msgs
[0.988s] -- Install configuration: ""
[0.989s] -- Execute custom install script
[0.989s] -- Up-to-date symlink: /home/hero/Desktop/birdiebot_nav_ws/install/costmap_converter_msgs/share/ament_index/resource_index/rosidl_interfaces/costmap_converter_msgs
[0.989s] -- Up-to-date symlink: /home/hero/Desktop/birdiebot_nav_ws/install/costmap_converter_msgs/include/costmap_converter_msgs/costmap_converter_msgs/msg/detail/obstacle_array_msg__functions.h
[0.989s] -- Up-to-date symlink: /home/hero/Desktop/birdiebot_nav_ws/install/costmap_converter_msgs/include/costmap_converter_msgs/costmap_converter_msgs/msg/detail/obstacle_array_msg__struct.h
[0.989s] -- Up-to-date symlink: /home/hero/Desktop/birdiebot_nav_ws/install/costmap_converter_msgs/include/costmap_converter_msgs/costmap_converter_msgs/msg/detail/obstacle_array_msg__type_support.h
[0.989s] -- Up-to-date symlink: /home/hero/Desktop/birdiebot_nav_ws/install/costmap_converter_msgs/include/costmap_converter_msgs/costmap_converter_msgs/msg/detail/obstacle_msg__functions.h
[0.989s] -- Up-to-date symlink: /home/hero/Desktop/birdiebot_nav_ws/install/costmap_converter_msgs/include/costmap_converter_msgs/costmap_converter_msgs/msg/detail/obstacle_msg__struct.h
[0.989s] -- Up-to-date symlink: /home/hero/Desktop/birdiebot_nav_ws/install/costmap_converter_msgs/include/costmap_converter_msgs/costmap_converter_msgs/msg/detail/obstacle_msg__type_support.h
[0.989s] -- Up-to-date symlink: /home/hero/Desktop/birdiebot_nav_ws/install/costmap_converter_msgs/include/costmap_converter_msgs/costmap_converter_msgs/msg/obstacle_array_msg.h
[0.989s] -- Up-to-date symlink: /home/hero/Desktop/birdiebot_nav_ws/install/costmap_converter_msgs/include/costmap_converter_msgs/costmap_converter_msgs/msg/obstacle_msg.h
[0.989s] -- Up-to-date symlink: /home/hero/Desktop/birdiebot_nav_ws/install/costmap_converter_msgs/include/costmap_converter_msgs/costmap_converter_msgs/msg/rosidl_generator_c__visibility_control.h
[0.989s] -- Up-to-date symlink: /home/hero/Desktop/birdiebot_nav_ws/install/costmap_converter_msgs/share/costmap_converter_msgs/environment/library_path.sh
[0.989s] -- Up-to-date symlink: /home/hero/Desktop/birdiebot_nav_ws/install/costmap_converter_msgs/share/costmap_converter_msgs/environment/library_path.dsv
[0.989s] -- Up-to-date symlink: /home/hero/Desktop/birdiebot_nav_ws/install/costmap_converter_msgs/include/costmap_converter_msgs/costmap_converter_msgs/msg/detail/obstacle_array_msg__rosidl_typesupport_fastrtps_c.h
[0.990s] -- Up-to-date symlink: /home/hero/Desktop/birdiebot_nav_ws/install/costmap_converter_msgs/include/costmap_converter_msgs/costmap_converter_msgs/msg/detail/obstacle_msg__rosidl_typesupport_fastrtps_c.h
[0.990s] -- Up-to-date symlink: /home/hero/Desktop/birdiebot_nav_ws/install/costmap_converter_msgs/include/costmap_converter_msgs/costmap_converter_msgs/msg/rosidl_typesupport_fastrtps_c__visibility_control.h
[0.991s] -- Up-to-date symlink: /home/hero/Desktop/birdiebot_nav_ws/install/costmap_converter_msgs/include/costmap_converter_msgs/costmap_converter_msgs/msg/detail/obstacle_array_msg__builder.hpp
[0.992s] -- Up-to-date symlink: /home/hero/Desktop/birdiebot_nav_ws/install/costmap_converter_msgs/include/costmap_converter_msgs/costmap_converter_msgs/msg/detail/obstacle_array_msg__struct.hpp
[0.992s] -- Up-to-date symlink: /home/hero/Desktop/birdiebot_nav_ws/install/costmap_converter_msgs/include/costmap_converter_msgs/costmap_converter_msgs/msg/detail/obstacle_array_msg__traits.hpp
[0.992s] -- Up-to-date symlink: /home/hero/Desktop/birdiebot_nav_ws/install/costmap_converter_msgs/include/costmap_converter_msgs/costmap_converter_msgs/msg/detail/obstacle_msg__builder.hpp
[0.992s] -- Up-to-date symlink: /home/hero/Desktop/birdiebot_nav_ws/install/costmap_converter_msgs/include/costmap_converter_msgs/costmap_converter_msgs/msg/detail/obstacle_msg__struct.hpp
[0.992s] -- Up-to-date symlink: /home/hero/Desktop/birdiebot_nav_ws/install/costmap_converter_msgs/include/costmap_converter_msgs/costmap_converter_msgs/msg/detail/obstacle_msg__traits.hpp
[0.992s] -- Up-to-date symlink: /home/hero/Desktop/birdiebot_nav_ws/install/costmap_converter_msgs/include/costmap_converter_msgs/costmap_converter_msgs/msg/obstacle_array_msg.hpp
[0.992s] -- Up-to-date symlink: /home/hero/Desktop/birdiebot_nav_ws/install/costmap_converter_msgs/include/costmap_converter_msgs/costmap_converter_msgs/msg/obstacle_msg.hpp
[0.992s] -- Up-to-date symlink: /home/hero/Desktop/birdiebot_nav_ws/install/costmap_converter_msgs/include/costmap_converter_msgs/costmap_converter_msgs/msg/detail/obstacle_array_msg__rosidl_typesupport_fastrtps_cpp.hpp
[0.992s] -- Up-to-date symlink: /home/hero/Desktop/birdiebot_nav_ws/install/costmap_converter_msgs/include/costmap_converter_msgs/costmap_converter_msgs/msg/detail/obstacle_msg__rosidl_typesupport_fastrtps_cpp.hpp
[0.992s] -- Up-to-date symlink: /home/hero/Desktop/birdiebot_nav_ws/install/costmap_converter_msgs/include/costmap_converter_msgs/costmap_converter_msgs/msg/rosidl_typesupport_fastrtps_cpp__visibility_control.h
[0.992s] -- Up-to-date symlink: /home/hero/Desktop/birdiebot_nav_ws/install/costmap_converter_msgs/include/costmap_converter_msgs/costmap_converter_msgs/msg/detail/obstacle_array_msg__rosidl_typesupport_introspection_c.h
[0.992s] -- Up-to-date symlink: /home/hero/Desktop/birdiebot_nav_ws/install/costmap_converter_msgs/include/costmap_converter_msgs/costmap_converter_msgs/msg/detail/obstacle_msg__rosidl_typesupport_introspection_c.h
[0.992s] -- Up-to-date symlink: /home/hero/Desktop/birdiebot_nav_ws/install/costmap_converter_msgs/include/costmap_converter_msgs/costmap_converter_msgs/msg/rosidl_typesupport_introspection_c__visibility_control.h
[0.992s] -- Up-to-date symlink: /home/hero/Desktop/birdiebot_nav_ws/install/costmap_converter_msgs/include/costmap_converter_msgs/costmap_converter_msgs/msg/detail/obstacle_array_msg__rosidl_typesupport_introspection_cpp.hpp
[0.993s] -- Up-to-date symlink: /home/hero/Desktop/birdiebot_nav_ws/install/costmap_converter_msgs/include/costmap_converter_msgs/costmap_converter_msgs/msg/detail/obstacle_msg__rosidl_typesupport_introspection_cpp.hpp
[0.993s] -- Up-to-date symlink: /home/hero/Desktop/birdiebot_nav_ws/install/costmap_converter_msgs/share/costmap_converter_msgs/environment/pythonpath.sh
[0.993s] -- Up-to-date symlink: /home/hero/Desktop/birdiebot_nav_ws/install/costmap_converter_msgs/share/costmap_converter_msgs/environment/pythonpath.dsv
[0.993s] -- Up-to-date symlink: /home/hero/Desktop/birdiebot_nav_ws/install/costmap_converter_msgs/local/lib/python3.10/dist-packages/costmap_converter_msgs-0.1.2-py3.10.egg-info/PKG-INFO
[0.993s] -- Up-to-date symlink: /home/hero/Desktop/birdiebot_nav_ws/install/costmap_converter_msgs/local/lib/python3.10/dist-packages/costmap_converter_msgs-0.1.2-py3.10.egg-info/SOURCES.txt
[0.993s] -- Up-to-date symlink: /home/hero/Desktop/birdiebot_nav_ws/install/costmap_converter_msgs/local/lib/python3.10/dist-packages/costmap_converter_msgs-0.1.2-py3.10.egg-info/dependency_links.txt
[0.993s] -- Up-to-date symlink: /home/hero/Desktop/birdiebot_nav_ws/install/costmap_converter_msgs/local/lib/python3.10/dist-packages/costmap_converter_msgs-0.1.2-py3.10.egg-info/top_level.txt
[0.993s] -- Up-to-date symlink: /home/hero/Desktop/birdiebot_nav_ws/install/costmap_converter_msgs/local/lib/python3.10/dist-packages/costmap_converter_msgs/__init__.py
[0.993s] -- Up-to-date symlink: /home/hero/Desktop/birdiebot_nav_ws/install/costmap_converter_msgs/local/lib/python3.10/dist-packages/costmap_converter_msgs/_costmap_converter_msgs_s.ep.rosidl_typesupport_c.c
[0.994s] -- Up-to-date symlink: /home/hero/Desktop/birdiebot_nav_ws/install/costmap_converter_msgs/local/lib/python3.10/dist-packages/costmap_converter_msgs/_costmap_converter_msgs_s.ep.rosidl_typesupport_fastrtps_c.c
[0.994s] -- Up-to-date symlink: /home/hero/Desktop/birdiebot_nav_ws/install/costmap_converter_msgs/local/lib/python3.10/dist-packages/costmap_converter_msgs/_costmap_converter_msgs_s.ep.rosidl_typesupport_introspection_c.c
[0.994s] -- Up-to-date symlink: /home/hero/Desktop/birdiebot_nav_ws/install/costmap_converter_msgs/local/lib/python3.10/dist-packages/costmap_converter_msgs/costmap_converter_msgs_s__rosidl_typesupport_c.cpython-310-x86_64-linux-gnu.so
[0.994s] -- Up-to-date symlink: /home/hero/Desktop/birdiebot_nav_ws/install/costmap_converter_msgs/local/lib/python3.10/dist-packages/costmap_converter_msgs/costmap_converter_msgs_s__rosidl_typesupport_fastrtps_c.cpython-310-x86_64-linux-gnu.so
[0.994s] -- Up-to-date symlink: /home/hero/Desktop/birdiebot_nav_ws/install/costmap_converter_msgs/local/lib/python3.10/dist-packages/costmap_converter_msgs/costmap_converter_msgs_s__rosidl_typesupport_introspection_c.cpython-310-x86_64-linux-gnu.so
[0.994s] -- Up-to-date symlink: /home/hero/Desktop/birdiebot_nav_ws/install/costmap_converter_msgs/local/lib/python3.10/dist-packages/costmap_converter_msgs/libcostmap_converter_msgs__rosidl_generator_py.so
[0.994s] -- Up-to-date symlink: /home/hero/Desktop/birdiebot_nav_ws/install/costmap_converter_msgs/local/lib/python3.10/dist-packages/costmap_converter_msgs/msg/__init__.py
[0.994s] -- Up-to-date symlink: /home/hero/Desktop/birdiebot_nav_ws/install/costmap_converter_msgs/local/lib/python3.10/dist-packages/costmap_converter_msgs/msg/_obstacle_array_msg.py
[0.994s] -- Up-to-date symlink: /home/hero/Desktop/birdiebot_nav_ws/install/costmap_converter_msgs/local/lib/python3.10/dist-packages/costmap_converter_msgs/msg/_obstacle_array_msg_s.c
[0.994s] -- Up-to-date symlink: /home/hero/Desktop/birdiebot_nav_ws/install/costmap_converter_msgs/local/lib/python3.10/dist-packages/costmap_converter_msgs/msg/_obstacle_msg.py
[0.994s] -- Up-to-date symlink: /home/hero/Desktop/birdiebot_nav_ws/install/costmap_converter_msgs/local/lib/python3.10/dist-packages/costmap_converter_msgs/msg/_obstacle_msg_s.c
[0.994s] -- Up-to-date symlink: /home/hero/Desktop/birdiebot_nav_ws/install/costmap_converter_msgs/local/lib/python3.10/dist-packages/costmap_converter_msgs/costmap_converter_msgs_s__rosidl_typesupport_fastrtps_c.cpython-310-x86_64-linux-gnu.so
[0.994s] -- Up-to-date symlink: /home/hero/Desktop/birdiebot_nav_ws/install/costmap_converter_msgs/local/lib/python3.10/dist-packages/costmap_converter_msgs/costmap_converter_msgs_s__rosidl_typesupport_introspection_c.cpython-310-x86_64-linux-gnu.so
[0.994s] -- Up-to-date symlink: /home/hero/Desktop/birdiebot_nav_ws/install/costmap_converter_msgs/local/lib/python3.10/dist-packages/costmap_converter_msgs/costmap_converter_msgs_s__rosidl_typesupport_c.cpython-310-x86_64-linux-gnu.so
[0.994s] -- Up-to-date symlink: /home/hero/Desktop/birdiebot_nav_ws/install/costmap_converter_msgs/share/costmap_converter_msgs/msg/ObstacleMsg.idl
[0.994s] -- Up-to-date symlink: /home/hero/Desktop/birdiebot_nav_ws/install/costmap_converter_msgs/share/costmap_converter_msgs/msg/ObstacleArrayMsg.idl
[0.994s] -- Up-to-date symlink: /home/hero/Desktop/birdiebot_nav_ws/install/costmap_converter_msgs/share/costmap_converter_msgs/msg/ObstacleMsg.msg
[0.994s] -- Up-to-date symlink: /home/hero/Desktop/birdiebot_nav_ws/install/costmap_converter_msgs/share/costmap_converter_msgs/msg/ObstacleArrayMsg.msg
[0.994s] -- Up-to-date symlink: /home/hero/Desktop/birdiebot_nav_ws/install/costmap_converter_msgs/share/ament_index/resource_index/package_run_dependencies/costmap_converter_msgs
[0.995s] -- Up-to-date symlink: /home/hero/Desktop/birdiebot_nav_ws/install/costmap_converter_msgs/share/ament_index/resource_index/parent_prefix_path/costmap_converter_msgs
[0.995s] -- Up-to-date symlink: /home/hero/Desktop/birdiebot_nav_ws/install/costmap_converter_msgs/share/costmap_converter_msgs/environment/ament_prefix_path.sh
[0.995s] -- Up-to-date symlink: /home/hero/Desktop/birdiebot_nav_ws/install/costmap_converter_msgs/share/costmap_converter_msgs/environment/ament_prefix_path.dsv
[0.995s] -- Up-to-date symlink: /home/hero/Desktop/birdiebot_nav_ws/install/costmap_converter_msgs/share/costmap_converter_msgs/environment/path.sh
[0.995s] -- Up-to-date symlink: /home/hero/Desktop/birdiebot_nav_ws/install/costmap_converter_msgs/share/costmap_converter_msgs/environment/path.dsv
[0.995s] -- Up-to-date symlink: /home/hero/Desktop/birdiebot_nav_ws/install/costmap_converter_msgs/share/costmap_converter_msgs/local_setup.bash
[0.995s] -- Up-to-date symlink: /home/hero/Desktop/birdiebot_nav_ws/install/costmap_converter_msgs/share/costmap_converter_msgs/local_setup.sh
[0.995s] -- Up-to-date symlink: /home/hero/Desktop/birdiebot_nav_ws/install/costmap_converter_msgs/share/costmap_converter_msgs/local_setup.zsh
[0.995s] -- Up-to-date symlink: /home/hero/Desktop/birdiebot_nav_ws/install/costmap_converter_msgs/share/costmap_converter_msgs/local_setup.dsv
[0.995s] -- Symlinking: /home/hero/Desktop/birdiebot_nav_ws/install/costmap_converter_msgs/share/costmap_converter_msgs/package.dsv
[0.995s] -- Up-to-date symlink: /home/hero/Desktop/birdiebot_nav_ws/install/costmap_converter_msgs/share/ament_index/resource_index/packages/costmap_converter_msgs
[0.995s] -- Up-to-date symlink: /home/hero/Desktop/birdiebot_nav_ws/install/costmap_converter_msgs/share/costmap_converter_msgs/cmake/rosidl_cmake-extras.cmake
[0.995s] -- Up-to-date symlink: /home/hero/Desktop/birdiebot_nav_ws/install/costmap_converter_msgs/share/costmap_converter_msgs/cmake/ament_cmake_export_dependencies-extras.cmake
[0.995s] -- Up-to-date symlink: /home/hero/Desktop/birdiebot_nav_ws/install/costmap_converter_msgs/share/costmap_converter_msgs/cmake/ament_cmake_export_include_directories-extras.cmake
[0.995s] -- Up-to-date symlink: /home/hero/Desktop/birdiebot_nav_ws/install/costmap_converter_msgs/share/costmap_converter_msgs/cmake/ament_cmake_export_libraries-extras.cmake
[0.995s] -- Up-to-date symlink: /home/hero/Desktop/birdiebot_nav_ws/install/costmap_converter_msgs/share/costmap_converter_msgs/cmake/ament_cmake_export_targets-extras.cmake
[0.995s] -- Up-to-date symlink: /home/hero/Desktop/birdiebot_nav_ws/install/costmap_converter_msgs/share/costmap_converter_msgs/cmake/rosidl_cmake_export_typesupport_targets-extras.cmake
[0.995s] -- Up-to-date symlink: /home/hero/Desktop/birdiebot_nav_ws/install/costmap_converter_msgs/share/costmap_converter_msgs/cmake/rosidl_cmake_export_typesupport_libraries-extras.cmake
[0.996s] -- Up-to-date symlink: /home/hero/Desktop/birdiebot_nav_ws/install/costmap_converter_msgs/share/costmap_converter_msgs/cmake/costmap_converter_msgsConfig.cmake
[0.996s] -- Up-to-date symlink: /home/hero/Desktop/birdiebot_nav_ws/install/costmap_converter_msgs/share/costmap_converter_msgs/cmake/costmap_converter_msgsConfig-version.cmake
[0.996s] -- Up-to-date symlink: /home/hero/Desktop/birdiebot_nav_ws/install/costmap_converter_msgs/share/costmap_converter_msgs/package.xml
[0.996s] -- Up-to-date: /home/hero/Desktop/birdiebot_nav_ws/install/costmap_converter_msgs/lib/libcostmap_converter_msgs__rosidl_generator_c.so
[0.996s] -- Up-to-date: /home/hero/Desktop/birdiebot_nav_ws/install/costmap_converter_msgs/lib/libcostmap_converter_msgs__rosidl_typesupport_fastrtps_c.so
[0.996s] -- Up-to-date: /home/hero/Desktop/birdiebot_nav_ws/install/costmap_converter_msgs/lib/libcostmap_converter_msgs__rosidl_typesupport_fastrtps_cpp.so
[0.996s] -- Up-to-date: /home/hero/Desktop/birdiebot_nav_ws/install/costmap_converter_msgs/lib/libcostmap_converter_msgs__rosidl_typesupport_introspection_c.so
[0.996s] -- Up-to-date: /home/hero/Desktop/birdiebot_nav_ws/install/costmap_converter_msgs/lib/libcostmap_converter_msgs__rosidl_typesupport_c.so
[0.996s] -- Up-to-date: /home/hero/Desktop/birdiebot_nav_ws/install/costmap_converter_msgs/lib/libcostmap_converter_msgs__rosidl_typesupport_introspection_cpp.so
[0.996s] -- Up-to-date: /home/hero/Desktop/birdiebot_nav_ws/install/costmap_converter_msgs/lib/libcostmap_converter_msgs__rosidl_typesupport_cpp.so
[0.996s] Listing '/home/hero/Desktop/birdiebot_nav_ws/install/costmap_converter_msgs/local/lib/python3.10/dist-packages/costmap_converter_msgs'...
[0.996s] Listing '/home/hero/Desktop/birdiebot_nav_ws/install/costmap_converter_msgs/local/lib/python3.10/dist-packages/costmap_converter_msgs/msg'...
[0.996s] -- Up-to-date: /home/hero/Desktop/birdiebot_nav_ws/install/costmap_converter_msgs/lib/libcostmap_converter_msgs__rosidl_generator_py.so
[0.997s] -- Up-to-date: /home/hero/Desktop/birdiebot_nav_ws/install/costmap_converter_msgs/share/costmap_converter_msgs/cmake/export_costmap_converter_msgs__rosidl_generator_cExport.cmake
[0.997s] -- Up-to-date: /home/hero/Desktop/birdiebot_nav_ws/install/costmap_converter_msgs/share/costmap_converter_msgs/cmake/export_costmap_converter_msgs__rosidl_generator_cExport-noconfig.cmake
[0.997s] -- Up-to-date: /home/hero/Desktop/birdiebot_nav_ws/install/costmap_converter_msgs/share/costmap_converter_msgs/cmake/export_costmap_converter_msgs__rosidl_typesupport_fastrtps_cExport.cmake
[0.997s] -- Up-to-date: /home/hero/Desktop/birdiebot_nav_ws/install/costmap_converter_msgs/share/costmap_converter_msgs/cmake/export_costmap_converter_msgs__rosidl_typesupport_fastrtps_cExport-noconfig.cmake
[0.997s] -- Up-to-date: /home/hero/Desktop/birdiebot_nav_ws/install/costmap_converter_msgs/share/costmap_converter_msgs/cmake/export_costmap_converter_msgs__rosidl_generator_cppExport.cmake
[0.997s] -- Up-to-date: /home/hero/Desktop/birdiebot_nav_ws/install/costmap_converter_msgs/share/costmap_converter_msgs/cmake/export_costmap_converter_msgs__rosidl_typesupport_fastrtps_cppExport.cmake
[0.997s] -- Up-to-date: /home/hero/Desktop/birdiebot_nav_ws/install/costmap_converter_msgs/share/costmap_converter_msgs/cmake/export_costmap_converter_msgs__rosidl_typesupport_fastrtps_cppExport-noconfig.cmake
[0.997s] -- Up-to-date: /home/hero/Desktop/birdiebot_nav_ws/install/costmap_converter_msgs/share/costmap_converter_msgs/cmake/costmap_converter_msgs__rosidl_typesupport_introspection_cExport.cmake
[0.997s] -- Up-to-date: /home/hero/Desktop/birdiebot_nav_ws/install/costmap_converter_msgs/share/costmap_converter_msgs/cmake/costmap_converter_msgs__rosidl_typesupport_introspection_cExport-noconfig.cmake
[0.997s] -- Up-to-date: /home/hero/Desktop/birdiebot_nav_ws/install/costmap_converter_msgs/share/costmap_converter_msgs/cmake/costmap_converter_msgs__rosidl_typesupport_cExport.cmake
[0.997s] -- Up-to-date: /home/hero/Desktop/birdiebot_nav_ws/install/costmap_converter_msgs/share/costmap_converter_msgs/cmake/costmap_converter_msgs__rosidl_typesupport_cExport-noconfig.cmake
[0.997s] -- Up-to-date: /home/hero/Desktop/birdiebot_nav_ws/install/costmap_converter_msgs/share/costmap_converter_msgs/cmake/costmap_converter_msgs__rosidl_typesupport_introspection_cppExport.cmake
[0.997s] -- Up-to-date: /home/hero/Desktop/birdiebot_nav_ws/install/costmap_converter_msgs/share/costmap_converter_msgs/cmake/costmap_converter_msgs__rosidl_typesupport_introspection_cppExport-noconfig.cmake
[0.997s] -- Up-to-date: /home/hero/Desktop/birdiebot_nav_ws/install/costmap_converter_msgs/share/costmap_converter_msgs/cmake/costmap_converter_msgs__rosidl_typesupport_cppExport.cmake
[0.997s] -- Up-to-date: /home/hero/Desktop/birdiebot_nav_ws/install/costmap_converter_msgs/share/costmap_converter_msgs/cmake/costmap_converter_msgs__rosidl_typesupport_cppExport-noconfig.cmake
[0.997s] -- Up-to-date: /home/hero/Desktop/birdiebot_nav_ws/install/costmap_converter_msgs/share/costmap_converter_msgs/cmake/export_costmap_converter_msgs__rosidl_generator_pyExport.cmake
[0.997s] -- Up-to-date: /home/hero/Desktop/birdiebot_nav_ws/install/costmap_converter_msgs/share/costmap_converter_msgs/cmake/export_costmap_converter_msgs__rosidl_generator_pyExport-noconfig.cmake
[1.219s] Invoked command in '/home/hero/Desktop/birdiebot_nav_ws/build/costmap_converter_msgs' returned '0': CMAKE_PREFIX_PATH=/opt/ros/humble /usr/bin/cmake --install /home/hero/Desktop/birdiebot_nav_ws/build/costmap_converter_msgs
