[0.061s] Invoking command in '/home/hero/Desktop/birdiebot_nav_ws/build/armor_detector': AMENT_PREFIX_PATH=/home/hero/Desktop/birdiebot_nav_ws/install/auto_aim_interfaces:${AMENT_PREFIX_PATH} CMAKE_PREFIX_PATH=/home/hero/Desktop/birdiebot_nav_ws/install/auto_aim_interfaces:/opt/ros/humble LD_LIBRARY_PATH=/home/hero/Desktop/birdiebot_nav_ws/install/auto_aim_interfaces/lib:/opt/intel/openvino_2023.3.0/runtime/lib/intel64:/opt/MVS/lib/64:/opt/MVS/lib/32:/opt/intel/openvino_2023.3.0/runtime/lib/intel64:/opt/MVS/lib/64:/opt/MVS/lib/32:/usr/lib/x86_64-linux-gnu/gazebo-11/plugins:/opt/ros/humble/opt/rviz_ogre_vendor/lib:/opt/ros/humble/lib/x86_64-linux-gnu:/opt/ros/humble/opt/openvdb_vendor/lib:/opt/ros/humble/lib:/opt/MVS/lib/64:/opt/MVS/lib/32:/opt/MVS/lib/64:/opt/MVS/lib/32 PYTHONPATH=/home/hero/Desktop/birdiebot_nav_ws/install/auto_aim_interfaces/local/lib/python3.10/dist-packages:${PYTHONPATH} /usr/bin/cmake --build /home/hero/Desktop/birdiebot_nav_ws/build/armor_detector -- -j8 -l8
[1.879s] -- Found ament_cmake_auto: 1.3.12 (/opt/ros/humble/share/ament_cmake_auto/cmake)
[1.879s] -- Override CMake install command with custom implementation using symlinks instead of copying resources
[1.879s] -- Found rosidl_generator_c: 3.1.7 (/opt/ros/humble/share/rosidl_generator_c/cmake)
[1.879s] -- Found rosidl_adapter: 3.1.7 (/opt/ros/humble/share/rosidl_adapter/cmake)
[1.879s] -- Found rosidl_generator_cpp: 3.1.7 (/opt/ros/humble/share/rosidl_generator_cpp/cmake)
[1.879s] -- Using all available rosidl_typesupport_c: rosidl_typesupport_fastrtps_c;rosidl_typesupport_introspection_c
[1.879s] -- Using all available rosidl_typesupport_cpp: rosidl_typesupport_fastrtps_cpp;rosidl_typesupport_introspection_cpp
[1.879s] -- Found rmw_implementation_cmake: 6.1.2 (/opt/ros/humble/share/rmw_implementation_cmake/cmake)
[1.879s] -- Found rmw_fastrtps_cpp: 6.2.8 (/opt/ros/humble/share/rmw_fastrtps_cpp/cmake)
[1.879s] -- Using RMW implementation 'rmw_fastrtps_cpp' as default
[1.879s] -- Found eigen3_cmake_module: 0.1.1 (/opt/ros/humble/share/eigen3_cmake_module/cmake)
[1.879s] -- Ensuring Eigen3 include directory is part of orocos-kdl CMake target
[1.879s] -- Found ament_lint_auto: 0.12.14 (/opt/ros/humble/share/ament_lint_auto/cmake)
[1.879s] -- Found ament_cmake_gtest: 1.3.12 (/opt/ros/humble/share/ament_cmake_gtest/cmake)
[1.879s] -- Found gtest sources under '/opt/ros/humble/src/gtest_vendor': C++ tests using 'Google Test' will be built
[1.879s] -- Added test 'cppcheck' to perform static code analysis on C / C++ code
[1.879s] -- Configured cppcheck include dirs: /home/hero/Desktop/birdiebot_nav_ws/src/rm_auto_aim/armor_detector/include
[1.879s] -- Configured cppcheck exclude dirs and/or files: 
[1.879s] -- Added test 'lint_cmake' to check CMake code style
[1.880s] -- Added test 'xmllint' to check XML markup files
[1.880s] -- Configuring done
[1.880s] -- Generating done
[1.880s] -- Build files have been written to: /home/hero/Desktop/birdiebot_nav_ws/build/armor_detector
[1.880s] [0mIn this package, headers install destination is set to `include` by ament_auto_package. It is recommended to install `include/armor_detector` instead and will be the default behavior of ament_auto_package from ROS 2 Kilted Kaiju. On distributions before Kilted, ament_auto_package behaves the same way when you use USE_SCOPED_HEADER_INSTALL_DIR option.[0m
[1.988s] [35m[1mConsolidate compiler generated dependencies of target armor_detector[0m
[1.989s] [35m[1mConsolidate compiler generated dependencies of target armor_detector_node[0m
[2.001s] [35m[1mConsolidate compiler generated dependencies of target gtest_main[0m
[2.035s] [35m[1mConsolidate compiler generated dependencies of target gtest[0m
[2.080s] [  6%] [32mBuilding CXX object CMakeFiles/armor_detector_node.dir/rclcpp_components/node_main_armor_detector_node.cpp.o[0m
[2.095s] [ 13%] [32mBuilding CXX object CMakeFiles/armor_detector.dir/src/detector.cpp.o[0m
[2.104s] [ 20%] [32mBuilding CXX object CMakeFiles/armor_detector.dir/src/detector_node.cpp.o[0m
[2.105s] [ 33%] Built target gtest_main
[2.123s] [ 46%] Built target gtest
[7.183s] [ 53%] [32m[1mLinking CXX executable armor_detector_node[0m
[7.534s] [ 53%] Built target armor_detector_node
[26.080s] [ 60%] [32m[1mLinking CXX shared library libarmor_detector.so[0m
[27.582s] [ 73%] Built target armor_detector
[27.593s] [35m[1mConsolidate compiler generated dependencies of target test_node_startup[0m
[27.625s] [ 80%] [32mBuilding CXX object CMakeFiles/test_node_startup.dir/test/test_node_startup.cpp.o[0m
[33.490s] [ 86%] [32m[1mLinking CXX executable test_node_startup[0m
[34.816s] [ 86%] Built target test_node_startup
[34.826s] [35m[1mConsolidate compiler generated dependencies of target test_number_cls[0m
[34.842s] [ 93%] [32m[1mLinking CXX executable test_number_cls[0m
[36.069s] [100%] Built target test_number_cls
[36.089s] Invoked command in '/home/hero/Desktop/birdiebot_nav_ws/build/armor_detector' returned '0': AMENT_PREFIX_PATH=/home/hero/Desktop/birdiebot_nav_ws/install/auto_aim_interfaces:${AMENT_PREFIX_PATH} CMAKE_PREFIX_PATH=/home/hero/Desktop/birdiebot_nav_ws/install/auto_aim_interfaces:/opt/ros/humble LD_LIBRARY_PATH=/home/hero/Desktop/birdiebot_nav_ws/install/auto_aim_interfaces/lib:/opt/intel/openvino_2023.3.0/runtime/lib/intel64:/opt/MVS/lib/64:/opt/MVS/lib/32:/opt/intel/openvino_2023.3.0/runtime/lib/intel64:/opt/MVS/lib/64:/opt/MVS/lib/32:/usr/lib/x86_64-linux-gnu/gazebo-11/plugins:/opt/ros/humble/opt/rviz_ogre_vendor/lib:/opt/ros/humble/lib/x86_64-linux-gnu:/opt/ros/humble/opt/openvdb_vendor/lib:/opt/ros/humble/lib:/opt/MVS/lib/64:/opt/MVS/lib/32:/opt/MVS/lib/64:/opt/MVS/lib/32 PYTHONPATH=/home/hero/Desktop/birdiebot_nav_ws/install/auto_aim_interfaces/local/lib/python3.10/dist-packages:${PYTHONPATH} /usr/bin/cmake --build /home/hero/Desktop/birdiebot_nav_ws/build/armor_detector -- -j8 -l8
[36.274s] Invoking command in '/home/hero/Desktop/birdiebot_nav_ws/build/armor_detector': AMENT_PREFIX_PATH=/home/hero/Desktop/birdiebot_nav_ws/install/auto_aim_interfaces:${AMENT_PREFIX_PATH} CMAKE_PREFIX_PATH=/home/hero/Desktop/birdiebot_nav_ws/install/auto_aim_interfaces:/opt/ros/humble LD_LIBRARY_PATH=/home/hero/Desktop/birdiebot_nav_ws/install/auto_aim_interfaces/lib:/opt/intel/openvino_2023.3.0/runtime/lib/intel64:/opt/MVS/lib/64:/opt/MVS/lib/32:/opt/intel/openvino_2023.3.0/runtime/lib/intel64:/opt/MVS/lib/64:/opt/MVS/lib/32:/usr/lib/x86_64-linux-gnu/gazebo-11/plugins:/opt/ros/humble/opt/rviz_ogre_vendor/lib:/opt/ros/humble/lib/x86_64-linux-gnu:/opt/ros/humble/opt/openvdb_vendor/lib:/opt/ros/humble/lib:/opt/MVS/lib/64:/opt/MVS/lib/32:/opt/MVS/lib/64:/opt/MVS/lib/32 PYTHONPATH=/home/hero/Desktop/birdiebot_nav_ws/install/auto_aim_interfaces/local/lib/python3.10/dist-packages:${PYTHONPATH} /usr/bin/cmake --install /home/hero/Desktop/birdiebot_nav_ws/build/armor_detector
[39.678s] -- Install configuration: ""
[39.678s] -- Execute custom install script
[39.678s] -- Up-to-date symlink: /home/hero/Desktop/birdiebot_nav_ws/install/armor_detector/lib/armor_detector/armor_detector_node
[39.679s] -- Up-to-date symlink: /home/hero/Desktop/birdiebot_nav_ws/install/armor_detector/include/armor_detector/armor.hpp
[39.679s] -- Up-to-date symlink: /home/hero/Desktop/birdiebot_nav_ws/install/armor_detector/include/armor_detector/detector.hpp
[39.679s] -- Up-to-date symlink: /home/hero/Desktop/birdiebot_nav_ws/install/armor_detector/include/armor_detector/detector_node.hpp
[39.679s] -- Up-to-date symlink: /home/hero/Desktop/birdiebot_nav_ws/install/armor_detector/include/armor_detector/number_classifier.hpp
[39.679s] -- Up-to-date symlink: /home/hero/Desktop/birdiebot_nav_ws/install/armor_detector/include/armor_detector/pnp_solver.hpp
[39.679s] -- Up-to-date symlink: /home/hero/Desktop/birdiebot_nav_ws/install/armor_detector/share/armor_detector/environment/library_path.sh
[39.679s] -- Up-to-date symlink: /home/hero/Desktop/birdiebot_nav_ws/install/armor_detector/share/armor_detector/environment/library_path.dsv
[39.679s] -- Up-to-date symlink: /home/hero/Desktop/birdiebot_nav_ws/install/armor_detector/lib/libarmor_detector.so
[39.679s] -- Up-to-date symlink: /home/hero/Desktop/birdiebot_nav_ws/install/armor_detector/share/armor_detector/model/label.txt
[39.679s] -- Up-to-date symlink: /home/hero/Desktop/birdiebot_nav_ws/install/armor_detector/share/armor_detector/model/mlp.onnx
[39.679s] -- Up-to-date symlink: /home/hero/Desktop/birdiebot_nav_ws/install/armor_detector/share/ament_index/resource_index/package_run_dependencies/armor_detector
[39.679s] -- Up-to-date symlink: /home/hero/Desktop/birdiebot_nav_ws/install/armor_detector/share/ament_index/resource_index/parent_prefix_path/armor_detector
[39.679s] -- Up-to-date symlink: /home/hero/Desktop/birdiebot_nav_ws/install/armor_detector/share/armor_detector/environment/ament_prefix_path.sh
[39.679s] -- Up-to-date symlink: /home/hero/Desktop/birdiebot_nav_ws/install/armor_detector/share/armor_detector/environment/ament_prefix_path.dsv
[39.679s] -- Up-to-date symlink: /home/hero/Desktop/birdiebot_nav_ws/install/armor_detector/share/armor_detector/environment/path.sh
[39.679s] -- Up-to-date symlink: /home/hero/Desktop/birdiebot_nav_ws/install/armor_detector/share/armor_detector/environment/path.dsv
[39.679s] -- Up-to-date symlink: /home/hero/Desktop/birdiebot_nav_ws/install/armor_detector/share/armor_detector/local_setup.bash
[39.680s] -- Up-to-date symlink: /home/hero/Desktop/birdiebot_nav_ws/install/armor_detector/share/armor_detector/local_setup.sh
[39.680s] -- Up-to-date symlink: /home/hero/Desktop/birdiebot_nav_ws/install/armor_detector/share/armor_detector/local_setup.zsh
[39.680s] -- Up-to-date symlink: /home/hero/Desktop/birdiebot_nav_ws/install/armor_detector/share/armor_detector/local_setup.dsv
[39.680s] -- Symlinking: /home/hero/Desktop/birdiebot_nav_ws/install/armor_detector/share/armor_detector/package.dsv
[39.680s] -- Up-to-date symlink: /home/hero/Desktop/birdiebot_nav_ws/install/armor_detector/share/ament_index/resource_index/packages/armor_detector
[39.680s] -- Up-to-date symlink: /home/hero/Desktop/birdiebot_nav_ws/install/armor_detector/share/ament_index/resource_index/rclcpp_components/armor_detector
[39.680s] -- Up-to-date symlink: /home/hero/Desktop/birdiebot_nav_ws/install/armor_detector/share/armor_detector/cmake/ament_cmake_export_dependencies-extras.cmake
[39.680s] -- Up-to-date symlink: /home/hero/Desktop/birdiebot_nav_ws/install/armor_detector/share/armor_detector/cmake/ament_cmake_export_include_directories-extras.cmake
[39.680s] -- Up-to-date symlink: /home/hero/Desktop/birdiebot_nav_ws/install/armor_detector/share/armor_detector/cmake/ament_cmake_export_libraries-extras.cmake
[39.680s] -- Up-to-date symlink: /home/hero/Desktop/birdiebot_nav_ws/install/armor_detector/share/armor_detector/cmake/armor_detectorConfig.cmake
[39.680s] -- Up-to-date symlink: /home/hero/Desktop/birdiebot_nav_ws/install/armor_detector/share/armor_detector/cmake/armor_detectorConfig-version.cmake
[39.680s] -- Up-to-date symlink: /home/hero/Desktop/birdiebot_nav_ws/install/armor_detector/share/armor_detector/package.xml
[39.724s] Invoked command in '/home/hero/Desktop/birdiebot_nav_ws/build/armor_detector' returned '0': AMENT_PREFIX_PATH=/home/hero/Desktop/birdiebot_nav_ws/install/auto_aim_interfaces:${AMENT_PREFIX_PATH} CMAKE_PREFIX_PATH=/home/hero/Desktop/birdiebot_nav_ws/install/auto_aim_interfaces:/opt/ros/humble LD_LIBRARY_PATH=/home/hero/Desktop/birdiebot_nav_ws/install/auto_aim_interfaces/lib:/opt/intel/openvino_2023.3.0/runtime/lib/intel64:/opt/MVS/lib/64:/opt/MVS/lib/32:/opt/intel/openvino_2023.3.0/runtime/lib/intel64:/opt/MVS/lib/64:/opt/MVS/lib/32:/usr/lib/x86_64-linux-gnu/gazebo-11/plugins:/opt/ros/humble/opt/rviz_ogre_vendor/lib:/opt/ros/humble/lib/x86_64-linux-gnu:/opt/ros/humble/opt/openvdb_vendor/lib:/opt/ros/humble/lib:/opt/MVS/lib/64:/opt/MVS/lib/32:/opt/MVS/lib/64:/opt/MVS/lib/32 PYTHONPATH=/home/hero/Desktop/birdiebot_nav_ws/install/auto_aim_interfaces/local/lib/python3.10/dist-packages:${PYTHONPATH} /usr/bin/cmake --install /home/hero/Desktop/birdiebot_nav_ws/build/armor_detector
