[0.043s] Invoking command in '/home/hero/Desktop/birdiebot_nav_ws/build/armor_detector': AMENT_PREFIX_PATH=/home/hero/Desktop/birdiebot_nav_ws/install/auto_aim_interfaces:${AMENT_PREFIX_PATH} CMAKE_PREFIX_PATH=/home/hero/Desktop/birdiebot_nav_ws/install/auto_aim_interfaces:/opt/ros/humble LD_LIBRARY_PATH=/home/hero/Desktop/birdiebot_nav_ws/install/auto_aim_interfaces/lib:/opt/intel/openvino_2023.3.0/runtime/lib/intel64:/opt/MVS/lib/64:/opt/MVS/lib/32:/usr/lib/x86_64-linux-gnu/gazebo-11/plugins:/opt/ros/humble/opt/rviz_ogre_vendor/lib:/opt/ros/humble/lib/x86_64-linux-gnu:/opt/ros/humble/lib:/opt/MVS/lib/64:/opt/MVS/lib/32:/opt/MVS/lib/64:/opt/MVS/lib/32 PYTHONPATH=/home/hero/Desktop/birdiebot_nav_ws/install/auto_aim_interfaces/local/lib/python3.10/dist-packages:${PYTHONPATH} /usr/bin/cmake /home/hero/Desktop/birdiebot_nav_ws/src/rm_auto_aim/armor_detector -DAMENT_CMAKE_SYMLINK_INSTALL=1 -DCMAKE_INSTALL_PREFIX=/home/hero/Desktop/birdiebot_nav_ws/install/armor_detector
[1.379s] -- The C compiler identification is GNU 11.4.0
[1.379s] -- The CXX compiler identification is GNU 11.4.0
[1.379s] -- Detecting C compiler ABI info
[1.379s] -- Detecting C compiler ABI info - done
[1.379s] -- Check for working C compiler: /usr/bin/cc - skipped
[1.379s] -- Detecting C compile features
[1.379s] -- Detecting C compile features - done
[1.379s] -- Detecting CXX compiler ABI info
[1.379s] -- Detecting CXX compiler ABI info - done
[1.379s] -- Check for working CXX compiler: /usr/bin/c++ - skipped
[1.380s] -- Detecting CXX compile features
[1.380s] -- Detecting CXX compile features - done
[1.380s] -- Found ament_cmake_auto: 1.3.8 (/opt/ros/humble/share/ament_cmake_auto/cmake)
[1.380s] -- Found Python3: /usr/bin/python3 (found version "3.10.12") found components: Interpreter 
[1.380s] -- Override CMake install command with custom implementation using symlinks instead of copying resources
[1.380s] -- Found OpenCV: /usr (found version "4.5.4") 
[1.380s] -- Found rosidl_generator_c: 3.1.5 (/opt/ros/humble/share/rosidl_generator_c/cmake)
[1.380s] -- Found rosidl_adapter: 3.1.5 (/opt/ros/humble/share/rosidl_adapter/cmake)
[1.380s] -- Found rosidl_generator_cpp: 3.1.5 (/opt/ros/humble/share/rosidl_generator_cpp/cmake)
[1.380s] -- Using all available rosidl_typesupport_c: rosidl_typesupport_fastrtps_c;rosidl_typesupport_introspection_c
[1.380s] -- Using all available rosidl_typesupport_cpp: rosidl_typesupport_fastrtps_cpp;rosidl_typesupport_introspection_cpp
[1.380s] -- Found rmw_implementation_cmake: 6.1.1 (/opt/ros/humble/share/rmw_implementation_cmake/cmake)
[1.380s] -- Found rmw_fastrtps_cpp: 6.2.6 (/opt/ros/humble/share/rmw_fastrtps_cpp/cmake)
[1.380s] -- Found OpenSSL: /usr/lib/x86_64-linux-gnu/libcrypto.so (found version "3.0.2")  
[1.380s] -- Found FastRTPS: /opt/ros/humble/include  
[1.380s] -- Using RMW implementation 'rmw_fastrtps_cpp' as default
[1.380s] -- Looking for pthread.h
[1.380s] -- Looking for pthread.h - found
[1.380s] -- Performing Test CMAKE_HAVE_LIBC_PTHREAD
[1.380s] -- Performing Test CMAKE_HAVE_LIBC_PTHREAD - Success
[1.380s] -- Found Threads: TRUE  
[1.834s] -- Found eigen3_cmake_module: 0.1.1 (/opt/ros/humble/share/eigen3_cmake_module/cmake)
[1.836s] -- Found Eigen3: TRUE (found version "3.4.0") 
[1.836s] -- Ensuring Eigen3 include directory is part of orocos-kdl CMake target
[2.132s] -- Found ament_lint_auto: 0.12.10 (/opt/ros/humble/share/ament_lint_auto/cmake)
[2.160s] -- Found ament_cmake_gtest: 1.3.8 (/opt/ros/humble/share/ament_cmake_gtest/cmake)
[2.163s] -- Found gtest sources under '/opt/ros/humble/src/gtest_vendor': C++ tests using 'Google Test' will be built
[2.183s] -- Added test 'cppcheck' to perform static code analysis on C / C++ code
[2.183s] -- Configured cppcheck include dirs: /home/hero/Desktop/birdiebot_nav_ws/src/rm_auto_aim/armor_detector/include
[2.183s] -- Configured cppcheck exclude dirs and/or files: 
[2.184s] -- Added test 'lint_cmake' to check CMake code style
[2.185s] -- Added test 'xmllint' to check XML markup files
[2.198s] -- Configuring done
[2.238s] -- Generating done
[2.241s] -- Build files have been written to: /home/hero/Desktop/birdiebot_nav_ws/build/armor_detector
[2.263s] Invoked command in '/home/hero/Desktop/birdiebot_nav_ws/build/armor_detector' returned '0': AMENT_PREFIX_PATH=/home/hero/Desktop/birdiebot_nav_ws/install/auto_aim_interfaces:${AMENT_PREFIX_PATH} CMAKE_PREFIX_PATH=/home/hero/Desktop/birdiebot_nav_ws/install/auto_aim_interfaces:/opt/ros/humble LD_LIBRARY_PATH=/home/hero/Desktop/birdiebot_nav_ws/install/auto_aim_interfaces/lib:/opt/intel/openvino_2023.3.0/runtime/lib/intel64:/opt/MVS/lib/64:/opt/MVS/lib/32:/usr/lib/x86_64-linux-gnu/gazebo-11/plugins:/opt/ros/humble/opt/rviz_ogre_vendor/lib:/opt/ros/humble/lib/x86_64-linux-gnu:/opt/ros/humble/lib:/opt/MVS/lib/64:/opt/MVS/lib/32:/opt/MVS/lib/64:/opt/MVS/lib/32 PYTHONPATH=/home/hero/Desktop/birdiebot_nav_ws/install/auto_aim_interfaces/local/lib/python3.10/dist-packages:${PYTHONPATH} /usr/bin/cmake /home/hero/Desktop/birdiebot_nav_ws/src/rm_auto_aim/armor_detector -DAMENT_CMAKE_SYMLINK_INSTALL=1 -DCMAKE_INSTALL_PREFIX=/home/hero/Desktop/birdiebot_nav_ws/install/armor_detector
[2.264s] Invoking command in '/home/hero/Desktop/birdiebot_nav_ws/build/armor_detector': AMENT_PREFIX_PATH=/home/hero/Desktop/birdiebot_nav_ws/install/auto_aim_interfaces:${AMENT_PREFIX_PATH} CMAKE_PREFIX_PATH=/home/hero/Desktop/birdiebot_nav_ws/install/auto_aim_interfaces:/opt/ros/humble LD_LIBRARY_PATH=/home/hero/Desktop/birdiebot_nav_ws/install/auto_aim_interfaces/lib:/opt/intel/openvino_2023.3.0/runtime/lib/intel64:/opt/MVS/lib/64:/opt/MVS/lib/32:/usr/lib/x86_64-linux-gnu/gazebo-11/plugins:/opt/ros/humble/opt/rviz_ogre_vendor/lib:/opt/ros/humble/lib/x86_64-linux-gnu:/opt/ros/humble/lib:/opt/MVS/lib/64:/opt/MVS/lib/32:/opt/MVS/lib/64:/opt/MVS/lib/32 PYTHONPATH=/home/hero/Desktop/birdiebot_nav_ws/install/auto_aim_interfaces/local/lib/python3.10/dist-packages:${PYTHONPATH} /usr/bin/cmake --build /home/hero/Desktop/birdiebot_nav_ws/build/armor_detector -- -j8 -l8
[3.997s] [  6%] [32mBuilding CXX object CMakeFiles/armor_detector.dir/src/detector_node.cpp.o[0m
[3.997s] [ 13%] [32mBuilding CXX object CMakeFiles/armor_detector.dir/src/detector.cpp.o[0m
[3.997s] [ 20%] [32mBuilding CXX object CMakeFiles/armor_detector_node.dir/rclcpp_components/node_main_armor_detector_node.cpp.o[0m
[6.273s] [ 26%] [32m[1mLinking CXX executable armor_detector_node[0m
[6.447s] [ 26%] Built target armor_detector_node
[18.594s] [ 33%] [32mBuilding CXX object CMakeFiles/armor_detector.dir/src/pnp_solver.cpp.o[0m
[19.631s] [ 40%] [32mBuilding CXX object CMakeFiles/armor_detector.dir/src/number_classifier.cpp.o[0m
[21.071s] [ 46%] [32m[1mLinking CXX shared library libarmor_detector.so[0m
[22.222s] [ 46%] Built target armor_detector
[22.240s] [ 53%] [32mBuilding CXX object gtest/CMakeFiles/gtest.dir/src/gtest-all.cc.o[0m
[24.565s] [ 60%] [32m[1mLinking CXX static library libgtest.a[0m
[24.617s] [ 60%] Built target gtest
[24.636s] [ 66%] [32mBuilding CXX object gtest/CMakeFiles/gtest_main.dir/src/gtest_main.cc.o[0m
[25.141s] [ 73%] [32m[1mLinking CXX static library libgtest_main.a[0m
[25.169s] [ 73%] Built target gtest_main
[25.189s] [ 80%] [32mBuilding CXX object CMakeFiles/test_node_startup.dir/test/test_node_startup.cpp.o[0m
[36.088s] [ 86%] [32m[1mLinking CXX executable test_node_startup[0m
[37.670s] [ 86%] Built target test_node_startup
[37.687s] [ 93%] [32mBuilding CXX object CMakeFiles/test_number_cls.dir/test/test_number_cls.cpp.o[0m
[40.299s] [100%] [32m[1mLinking CXX executable test_number_cls[0m
[41.227s] [100%] Built target test_number_cls
[41.247s] Invoked command in '/home/hero/Desktop/birdiebot_nav_ws/build/armor_detector' returned '0': AMENT_PREFIX_PATH=/home/hero/Desktop/birdiebot_nav_ws/install/auto_aim_interfaces:${AMENT_PREFIX_PATH} CMAKE_PREFIX_PATH=/home/hero/Desktop/birdiebot_nav_ws/install/auto_aim_interfaces:/opt/ros/humble LD_LIBRARY_PATH=/home/hero/Desktop/birdiebot_nav_ws/install/auto_aim_interfaces/lib:/opt/intel/openvino_2023.3.0/runtime/lib/intel64:/opt/MVS/lib/64:/opt/MVS/lib/32:/usr/lib/x86_64-linux-gnu/gazebo-11/plugins:/opt/ros/humble/opt/rviz_ogre_vendor/lib:/opt/ros/humble/lib/x86_64-linux-gnu:/opt/ros/humble/lib:/opt/MVS/lib/64:/opt/MVS/lib/32:/opt/MVS/lib/64:/opt/MVS/lib/32 PYTHONPATH=/home/hero/Desktop/birdiebot_nav_ws/install/auto_aim_interfaces/local/lib/python3.10/dist-packages:${PYTHONPATH} /usr/bin/cmake --build /home/hero/Desktop/birdiebot_nav_ws/build/armor_detector -- -j8 -l8
[41.318s] Invoking command in '/home/hero/Desktop/birdiebot_nav_ws/build/armor_detector': AMENT_PREFIX_PATH=/home/hero/Desktop/birdiebot_nav_ws/install/auto_aim_interfaces:${AMENT_PREFIX_PATH} CMAKE_PREFIX_PATH=/home/hero/Desktop/birdiebot_nav_ws/install/auto_aim_interfaces:/opt/ros/humble LD_LIBRARY_PATH=/home/hero/Desktop/birdiebot_nav_ws/install/auto_aim_interfaces/lib:/opt/intel/openvino_2023.3.0/runtime/lib/intel64:/opt/MVS/lib/64:/opt/MVS/lib/32:/usr/lib/x86_64-linux-gnu/gazebo-11/plugins:/opt/ros/humble/opt/rviz_ogre_vendor/lib:/opt/ros/humble/lib/x86_64-linux-gnu:/opt/ros/humble/lib:/opt/MVS/lib/64:/opt/MVS/lib/32:/opt/MVS/lib/64:/opt/MVS/lib/32 PYTHONPATH=/home/hero/Desktop/birdiebot_nav_ws/install/auto_aim_interfaces/local/lib/python3.10/dist-packages:${PYTHONPATH} /usr/bin/cmake --install /home/hero/Desktop/birdiebot_nav_ws/build/armor_detector
[44.118s] -- Install configuration: ""
[44.118s] -- Execute custom install script
[44.118s] -- Symlinking: /home/hero/Desktop/birdiebot_nav_ws/install/armor_detector/lib/armor_detector/armor_detector_node
[44.118s] -- Symlinking: /home/hero/Desktop/birdiebot_nav_ws/install/armor_detector/include/armor_detector/armor.hpp
[44.118s] -- Symlinking: /home/hero/Desktop/birdiebot_nav_ws/install/armor_detector/include/armor_detector/detector.hpp
[44.118s] -- Symlinking: /home/hero/Desktop/birdiebot_nav_ws/install/armor_detector/include/armor_detector/detector_node.hpp
[44.118s] -- Symlinking: /home/hero/Desktop/birdiebot_nav_ws/install/armor_detector/include/armor_detector/number_classifier.hpp
[44.120s] -- Symlinking: /home/hero/Desktop/birdiebot_nav_ws/install/armor_detector/include/armor_detector/pnp_solver.hpp
[44.120s] -- Symlinking: /home/hero/Desktop/birdiebot_nav_ws/install/armor_detector/share/armor_detector/environment/library_path.sh
[44.120s] -- Symlinking: /home/hero/Desktop/birdiebot_nav_ws/install/armor_detector/share/armor_detector/environment/library_path.dsv
[44.120s] -- Symlinking: /home/hero/Desktop/birdiebot_nav_ws/install/armor_detector/lib/libarmor_detector.so
[44.120s] -- Symlinking: /home/hero/Desktop/birdiebot_nav_ws/install/armor_detector/share/armor_detector/model/label.txt
[44.120s] -- Symlinking: /home/hero/Desktop/birdiebot_nav_ws/install/armor_detector/share/armor_detector/model/mlp.onnx
[44.121s] -- Symlinking: /home/hero/Desktop/birdiebot_nav_ws/install/armor_detector/share/ament_index/resource_index/package_run_dependencies/armor_detector
[44.121s] -- Symlinking: /home/hero/Desktop/birdiebot_nav_ws/install/armor_detector/share/ament_index/resource_index/parent_prefix_path/armor_detector
[44.121s] -- Symlinking: /home/hero/Desktop/birdiebot_nav_ws/install/armor_detector/share/armor_detector/environment/ament_prefix_path.sh
[44.121s] -- Symlinking: /home/hero/Desktop/birdiebot_nav_ws/install/armor_detector/share/armor_detector/environment/ament_prefix_path.dsv
[44.121s] -- Symlinking: /home/hero/Desktop/birdiebot_nav_ws/install/armor_detector/share/armor_detector/environment/path.sh
[44.121s] -- Symlinking: /home/hero/Desktop/birdiebot_nav_ws/install/armor_detector/share/armor_detector/environment/path.dsv
[44.121s] -- Symlinking: /home/hero/Desktop/birdiebot_nav_ws/install/armor_detector/share/armor_detector/local_setup.bash
[44.121s] -- Symlinking: /home/hero/Desktop/birdiebot_nav_ws/install/armor_detector/share/armor_detector/local_setup.sh
[44.121s] -- Symlinking: /home/hero/Desktop/birdiebot_nav_ws/install/armor_detector/share/armor_detector/local_setup.zsh
[44.121s] -- Symlinking: /home/hero/Desktop/birdiebot_nav_ws/install/armor_detector/share/armor_detector/local_setup.dsv
[44.121s] -- Symlinking: /home/hero/Desktop/birdiebot_nav_ws/install/armor_detector/share/armor_detector/package.dsv
[44.121s] -- Symlinking: /home/hero/Desktop/birdiebot_nav_ws/install/armor_detector/share/ament_index/resource_index/packages/armor_detector
[44.121s] -- Symlinking: /home/hero/Desktop/birdiebot_nav_ws/install/armor_detector/share/ament_index/resource_index/rclcpp_components/armor_detector
[44.121s] -- Symlinking: /home/hero/Desktop/birdiebot_nav_ws/install/armor_detector/share/armor_detector/cmake/ament_cmake_export_dependencies-extras.cmake
[44.121s] -- Symlinking: /home/hero/Desktop/birdiebot_nav_ws/install/armor_detector/share/armor_detector/cmake/ament_cmake_export_include_directories-extras.cmake
[44.121s] -- Symlinking: /home/hero/Desktop/birdiebot_nav_ws/install/armor_detector/share/armor_detector/cmake/ament_cmake_export_libraries-extras.cmake
[44.121s] -- Symlinking: /home/hero/Desktop/birdiebot_nav_ws/install/armor_detector/share/armor_detector/cmake/armor_detectorConfig.cmake
[44.121s] -- Symlinking: /home/hero/Desktop/birdiebot_nav_ws/install/armor_detector/share/armor_detector/cmake/armor_detectorConfig-version.cmake
[44.121s] -- Symlinking: /home/hero/Desktop/birdiebot_nav_ws/install/armor_detector/share/armor_detector/package.xml
[44.126s] Invoked command in '/home/hero/Desktop/birdiebot_nav_ws/build/armor_detector' returned '0': AMENT_PREFIX_PATH=/home/hero/Desktop/birdiebot_nav_ws/install/auto_aim_interfaces:${AMENT_PREFIX_PATH} CMAKE_PREFIX_PATH=/home/hero/Desktop/birdiebot_nav_ws/install/auto_aim_interfaces:/opt/ros/humble LD_LIBRARY_PATH=/home/hero/Desktop/birdiebot_nav_ws/install/auto_aim_interfaces/lib:/opt/intel/openvino_2023.3.0/runtime/lib/intel64:/opt/MVS/lib/64:/opt/MVS/lib/32:/usr/lib/x86_64-linux-gnu/gazebo-11/plugins:/opt/ros/humble/opt/rviz_ogre_vendor/lib:/opt/ros/humble/lib/x86_64-linux-gnu:/opt/ros/humble/lib:/opt/MVS/lib/64:/opt/MVS/lib/32:/opt/MVS/lib/64:/opt/MVS/lib/32 PYTHONPATH=/home/hero/Desktop/birdiebot_nav_ws/install/auto_aim_interfaces/local/lib/python3.10/dist-packages:${PYTHONPATH} /usr/bin/cmake --install /home/hero/Desktop/birdiebot_nav_ws/build/armor_detector
