[0.059s] Invoking command in '/home/hero/Desktop/birdiebot_nav_ws/build/armor_tracker': AMENT_PREFIX_PATH=/home/hero/Desktop/birdiebot_nav_ws/install/auto_aim_interfaces:${AMENT_PREFIX_PATH} CMAKE_PREFIX_PATH=/home/hero/Desktop/birdiebot_nav_ws/install/auto_aim_interfaces:/opt/ros/humble LD_LIBRARY_PATH=/home/hero/Desktop/birdiebot_nav_ws/install/auto_aim_interfaces/lib:/opt/intel/openvino_2023.3.0/runtime/lib/intel64:/opt/MVS/lib/64:/opt/MVS/lib/32:/usr/lib/x86_64-linux-gnu/gazebo-11/plugins:/opt/ros/humble/opt/rviz_ogre_vendor/lib:/opt/ros/humble/lib/x86_64-linux-gnu:/opt/ros/humble/lib:/opt/MVS/lib/64:/opt/MVS/lib/32:/opt/MVS/lib/64:/opt/MVS/lib/32 PYTHONPATH=/home/hero/Desktop/birdiebot_nav_ws/install/auto_aim_interfaces/local/lib/python3.10/dist-packages:${PYTHONPATH} /usr/bin/cmake /home/hero/Desktop/birdiebot_nav_ws/src/rm_auto_aim/armor_tracker -DAMENT_CMAKE_SYMLINK_INSTALL=1 -DCMAKE_INSTALL_PREFIX=/home/hero/Desktop/birdiebot_nav_ws/install/armor_tracker
[1.190s] -- The C compiler identification is GNU 11.4.0
[1.190s] -- The CXX compiler identification is GNU 11.4.0
[1.190s] -- Detecting C compiler ABI info
[1.190s] -- Detecting C compiler ABI info - done
[1.190s] -- Check for working C compiler: /usr/bin/cc - skipped
[1.190s] -- Detecting C compile features
[1.190s] -- Detecting C compile features - done
[1.190s] -- Detecting CXX compiler ABI info
[1.190s] -- Detecting CXX compiler ABI info - done
[1.190s] -- Check for working CXX compiler: /usr/bin/c++ - skipped
[1.190s] -- Detecting CXX compile features
[1.190s] -- Detecting CXX compile features - done
[1.190s] -- Found ament_cmake_auto: 1.3.8 (/opt/ros/humble/share/ament_cmake_auto/cmake)
[1.190s] -- Found Python3: /usr/bin/python3 (found version "3.10.12") found components: Interpreter 
[1.190s] -- Override CMake install command with custom implementation using symlinks instead of copying resources
[1.215s] -- Found rosidl_generator_c: 3.1.5 (/opt/ros/humble/share/rosidl_generator_c/cmake)
[1.220s] -- Found rosidl_adapter: 3.1.5 (/opt/ros/humble/share/rosidl_adapter/cmake)
[1.229s] -- Found rosidl_generator_cpp: 3.1.5 (/opt/ros/humble/share/rosidl_generator_cpp/cmake)
[1.243s] -- Using all available rosidl_typesupport_c: rosidl_typesupport_fastrtps_c;rosidl_typesupport_introspection_c
[1.265s] -- Using all available rosidl_typesupport_cpp: rosidl_typesupport_fastrtps_cpp;rosidl_typesupport_introspection_cpp
[1.342s] -- Found rmw_implementation_cmake: 6.1.1 (/opt/ros/humble/share/rmw_implementation_cmake/cmake)
[1.346s] -- Found rmw_fastrtps_cpp: 6.2.6 (/opt/ros/humble/share/rmw_fastrtps_cpp/cmake)
[1.503s] -- Found OpenSSL: /usr/lib/x86_64-linux-gnu/libcrypto.so (found version "3.0.2")  
[1.555s] -- Found FastRTPS: /opt/ros/humble/include  
[1.649s] -- Using RMW implementation 'rmw_fastrtps_cpp' as default
[1.672s] -- Looking for pthread.h
[1.921s] -- Looking for pthread.h - found
[1.921s] -- Performing Test CMAKE_HAVE_LIBC_PTHREAD
[2.115s] -- Performing Test CMAKE_HAVE_LIBC_PTHREAD - Success
[2.115s] -- Found Threads: TRUE  
[2.862s] -- Found eigen3_cmake_module: 0.1.1 (/opt/ros/humble/share/eigen3_cmake_module/cmake)
[2.863s] -- Found Eigen3: TRUE (found version "3.4.0") 
[2.863s] -- Ensuring Eigen3 include directory is part of orocos-kdl CMake target
[3.263s] -- Found ament_lint_auto: 0.12.10 (/opt/ros/humble/share/ament_lint_auto/cmake)
[3.299s] -- Added test 'cppcheck' to perform static code analysis on C / C++ code
[3.299s] -- Configured cppcheck include dirs: /home/hero/Desktop/birdiebot_nav_ws/src/rm_auto_aim/armor_tracker/include
[3.299s] -- Configured cppcheck exclude dirs and/or files: 
[3.300s] -- Added test 'lint_cmake' to check CMake code style
[3.301s] -- Added test 'xmllint' to check XML markup files
[3.304s] -- Configuring done
[3.330s] -- Generating done
[3.332s] -- Build files have been written to: /home/hero/Desktop/birdiebot_nav_ws/build/armor_tracker
[3.347s] Invoked command in '/home/hero/Desktop/birdiebot_nav_ws/build/armor_tracker' returned '0': AMENT_PREFIX_PATH=/home/hero/Desktop/birdiebot_nav_ws/install/auto_aim_interfaces:${AMENT_PREFIX_PATH} CMAKE_PREFIX_PATH=/home/hero/Desktop/birdiebot_nav_ws/install/auto_aim_interfaces:/opt/ros/humble LD_LIBRARY_PATH=/home/hero/Desktop/birdiebot_nav_ws/install/auto_aim_interfaces/lib:/opt/intel/openvino_2023.3.0/runtime/lib/intel64:/opt/MVS/lib/64:/opt/MVS/lib/32:/usr/lib/x86_64-linux-gnu/gazebo-11/plugins:/opt/ros/humble/opt/rviz_ogre_vendor/lib:/opt/ros/humble/lib/x86_64-linux-gnu:/opt/ros/humble/lib:/opt/MVS/lib/64:/opt/MVS/lib/32:/opt/MVS/lib/64:/opt/MVS/lib/32 PYTHONPATH=/home/hero/Desktop/birdiebot_nav_ws/install/auto_aim_interfaces/local/lib/python3.10/dist-packages:${PYTHONPATH} /usr/bin/cmake /home/hero/Desktop/birdiebot_nav_ws/src/rm_auto_aim/armor_tracker -DAMENT_CMAKE_SYMLINK_INSTALL=1 -DCMAKE_INSTALL_PREFIX=/home/hero/Desktop/birdiebot_nav_ws/install/armor_tracker
[3.363s] Invoking command in '/home/hero/Desktop/birdiebot_nav_ws/build/armor_tracker': AMENT_PREFIX_PATH=/home/hero/Desktop/birdiebot_nav_ws/install/auto_aim_interfaces:${AMENT_PREFIX_PATH} CMAKE_PREFIX_PATH=/home/hero/Desktop/birdiebot_nav_ws/install/auto_aim_interfaces:/opt/ros/humble LD_LIBRARY_PATH=/home/hero/Desktop/birdiebot_nav_ws/install/auto_aim_interfaces/lib:/opt/intel/openvino_2023.3.0/runtime/lib/intel64:/opt/MVS/lib/64:/opt/MVS/lib/32:/usr/lib/x86_64-linux-gnu/gazebo-11/plugins:/opt/ros/humble/opt/rviz_ogre_vendor/lib:/opt/ros/humble/lib/x86_64-linux-gnu:/opt/ros/humble/lib:/opt/MVS/lib/64:/opt/MVS/lib/32:/opt/MVS/lib/64:/opt/MVS/lib/32 PYTHONPATH=/home/hero/Desktop/birdiebot_nav_ws/install/auto_aim_interfaces/local/lib/python3.10/dist-packages:${PYTHONPATH} /usr/bin/cmake --build /home/hero/Desktop/birdiebot_nav_ws/build/armor_tracker -- -j8 -l8
[4.109s] [ 16%] [32mBuilding CXX object CMakeFiles/armor_tracker.dir/src/extended_kalman_filter.cpp.o[0m
[9.301s] [ 33%] [32mBuilding CXX object CMakeFiles/armor_tracker.dir/src/tracker_node.cpp.o[0m
[20.607s] [ 50%] [32mBuilding CXX object CMakeFiles/armor_tracker.dir/src/tracker.cpp.o[0m
[23.920s] [ 66%] [32m[1mLinking CXX shared library libarmor_tracker.so[0m
[24.931s] [ 66%] Built target armor_tracker
[24.952s] [ 83%] [32mBuilding CXX object CMakeFiles/armor_tracker_node.dir/rclcpp_components/node_main_armor_tracker_node.cpp.o[0m
[34.436s] [100%] [32m[1mLinking CXX executable armor_tracker_node[0m
[36.008s] [100%] Built target armor_tracker_node
[36.019s] Invoked command in '/home/hero/Desktop/birdiebot_nav_ws/build/armor_tracker' returned '0': AMENT_PREFIX_PATH=/home/hero/Desktop/birdiebot_nav_ws/install/auto_aim_interfaces:${AMENT_PREFIX_PATH} CMAKE_PREFIX_PATH=/home/hero/Desktop/birdiebot_nav_ws/install/auto_aim_interfaces:/opt/ros/humble LD_LIBRARY_PATH=/home/hero/Desktop/birdiebot_nav_ws/install/auto_aim_interfaces/lib:/opt/intel/openvino_2023.3.0/runtime/lib/intel64:/opt/MVS/lib/64:/opt/MVS/lib/32:/usr/lib/x86_64-linux-gnu/gazebo-11/plugins:/opt/ros/humble/opt/rviz_ogre_vendor/lib:/opt/ros/humble/lib/x86_64-linux-gnu:/opt/ros/humble/lib:/opt/MVS/lib/64:/opt/MVS/lib/32:/opt/MVS/lib/64:/opt/MVS/lib/32 PYTHONPATH=/home/hero/Desktop/birdiebot_nav_ws/install/auto_aim_interfaces/local/lib/python3.10/dist-packages:${PYTHONPATH} /usr/bin/cmake --build /home/hero/Desktop/birdiebot_nav_ws/build/armor_tracker -- -j8 -l8
[36.079s] Invoking command in '/home/hero/Desktop/birdiebot_nav_ws/build/armor_tracker': AMENT_PREFIX_PATH=/home/hero/Desktop/birdiebot_nav_ws/install/auto_aim_interfaces:${AMENT_PREFIX_PATH} CMAKE_PREFIX_PATH=/home/hero/Desktop/birdiebot_nav_ws/install/auto_aim_interfaces:/opt/ros/humble LD_LIBRARY_PATH=/home/hero/Desktop/birdiebot_nav_ws/install/auto_aim_interfaces/lib:/opt/intel/openvino_2023.3.0/runtime/lib/intel64:/opt/MVS/lib/64:/opt/MVS/lib/32:/usr/lib/x86_64-linux-gnu/gazebo-11/plugins:/opt/ros/humble/opt/rviz_ogre_vendor/lib:/opt/ros/humble/lib/x86_64-linux-gnu:/opt/ros/humble/lib:/opt/MVS/lib/64:/opt/MVS/lib/32:/opt/MVS/lib/64:/opt/MVS/lib/32 PYTHONPATH=/home/hero/Desktop/birdiebot_nav_ws/install/auto_aim_interfaces/local/lib/python3.10/dist-packages:${PYTHONPATH} /usr/bin/cmake --install /home/hero/Desktop/birdiebot_nav_ws/build/armor_tracker
[39.578s] -- Install configuration: ""
[39.585s] -- Execute custom install script
[39.585s] -- Symlinking: /home/hero/Desktop/birdiebot_nav_ws/install/armor_tracker/lib/armor_tracker/armor_tracker_node
[39.585s] -- Symlinking: /home/hero/Desktop/birdiebot_nav_ws/install/armor_tracker/include/armor_tracker/extended_kalman_filter.hpp
[39.585s] -- Symlinking: /home/hero/Desktop/birdiebot_nav_ws/install/armor_tracker/include/armor_tracker/tracker.hpp
[39.585s] -- Symlinking: /home/hero/Desktop/birdiebot_nav_ws/install/armor_tracker/include/armor_tracker/tracker_node.hpp
[39.585s] -- Symlinking: /home/hero/Desktop/birdiebot_nav_ws/install/armor_tracker/share/armor_tracker/environment/library_path.sh
[39.585s] -- Symlinking: /home/hero/Desktop/birdiebot_nav_ws/install/armor_tracker/share/armor_tracker/environment/library_path.dsv
[39.585s] -- Symlinking: /home/hero/Desktop/birdiebot_nav_ws/install/armor_tracker/lib/libarmor_tracker.so
[39.586s] -- Symlinking: /home/hero/Desktop/birdiebot_nav_ws/install/armor_tracker/share/ament_index/resource_index/package_run_dependencies/armor_tracker
[39.586s] -- Symlinking: /home/hero/Desktop/birdiebot_nav_ws/install/armor_tracker/share/ament_index/resource_index/parent_prefix_path/armor_tracker
[39.586s] -- Symlinking: /home/hero/Desktop/birdiebot_nav_ws/install/armor_tracker/share/armor_tracker/environment/ament_prefix_path.sh
[39.586s] -- Symlinking: /home/hero/Desktop/birdiebot_nav_ws/install/armor_tracker/share/armor_tracker/environment/ament_prefix_path.dsv
[39.586s] -- Symlinking: /home/hero/Desktop/birdiebot_nav_ws/install/armor_tracker/share/armor_tracker/environment/path.sh
[39.586s] -- Symlinking: /home/hero/Desktop/birdiebot_nav_ws/install/armor_tracker/share/armor_tracker/environment/path.dsv
[39.586s] -- Symlinking: /home/hero/Desktop/birdiebot_nav_ws/install/armor_tracker/share/armor_tracker/local_setup.bash
[39.586s] -- Symlinking: /home/hero/Desktop/birdiebot_nav_ws/install/armor_tracker/share/armor_tracker/local_setup.sh
[39.586s] -- Symlinking: /home/hero/Desktop/birdiebot_nav_ws/install/armor_tracker/share/armor_tracker/local_setup.zsh
[39.586s] -- Symlinking: /home/hero/Desktop/birdiebot_nav_ws/install/armor_tracker/share/armor_tracker/local_setup.dsv
[39.586s] -- Symlinking: /home/hero/Desktop/birdiebot_nav_ws/install/armor_tracker/share/armor_tracker/package.dsv
[39.586s] -- Symlinking: /home/hero/Desktop/birdiebot_nav_ws/install/armor_tracker/share/ament_index/resource_index/packages/armor_tracker
[39.586s] -- Symlinking: /home/hero/Desktop/birdiebot_nav_ws/install/armor_tracker/share/ament_index/resource_index/rclcpp_components/armor_tracker
[39.586s] -- Symlinking: /home/hero/Desktop/birdiebot_nav_ws/install/armor_tracker/share/armor_tracker/cmake/ament_cmake_export_dependencies-extras.cmake
[39.586s] -- Symlinking: /home/hero/Desktop/birdiebot_nav_ws/install/armor_tracker/share/armor_tracker/cmake/ament_cmake_export_include_directories-extras.cmake
[39.586s] -- Symlinking: /home/hero/Desktop/birdiebot_nav_ws/install/armor_tracker/share/armor_tracker/cmake/ament_cmake_export_libraries-extras.cmake
[39.586s] -- Symlinking: /home/hero/Desktop/birdiebot_nav_ws/install/armor_tracker/share/armor_tracker/cmake/armor_trackerConfig.cmake
[39.586s] -- Symlinking: /home/hero/Desktop/birdiebot_nav_ws/install/armor_tracker/share/armor_tracker/cmake/armor_trackerConfig-version.cmake
[39.586s] -- Symlinking: /home/hero/Desktop/birdiebot_nav_ws/install/armor_tracker/share/armor_tracker/package.xml
[39.593s] Invoked command in '/home/hero/Desktop/birdiebot_nav_ws/build/armor_tracker' returned '0': AMENT_PREFIX_PATH=/home/hero/Desktop/birdiebot_nav_ws/install/auto_aim_interfaces:${AMENT_PREFIX_PATH} CMAKE_PREFIX_PATH=/home/hero/Desktop/birdiebot_nav_ws/install/auto_aim_interfaces:/opt/ros/humble LD_LIBRARY_PATH=/home/hero/Desktop/birdiebot_nav_ws/install/auto_aim_interfaces/lib:/opt/intel/openvino_2023.3.0/runtime/lib/intel64:/opt/MVS/lib/64:/opt/MVS/lib/32:/usr/lib/x86_64-linux-gnu/gazebo-11/plugins:/opt/ros/humble/opt/rviz_ogre_vendor/lib:/opt/ros/humble/lib/x86_64-linux-gnu:/opt/ros/humble/lib:/opt/MVS/lib/64:/opt/MVS/lib/32:/opt/MVS/lib/64:/opt/MVS/lib/32 PYTHONPATH=/home/hero/Desktop/birdiebot_nav_ws/install/auto_aim_interfaces/local/lib/python3.10/dist-packages:${PYTHONPATH} /usr/bin/cmake --install /home/hero/Desktop/birdiebot_nav_ws/build/armor_tracker
