[0.232s] Invoking command in '/home/hero/Desktop/birdiebot_nav_ws/build/rm_gimbal_description': CMAKE_PREFIX_PATH=${CMAKE_PREFIX_PATH}:/opt/ros/humble /usr/bin/cmake --build /home/hero/Desktop/birdiebot_nav_ws/build/rm_gimbal_description -- -j8 -l8
[0.473s] Invoked command in '/home/hero/Desktop/birdiebot_nav_ws/build/rm_gimbal_description' returned '0': CMAKE_PREFIX_PATH=${CMAKE_PREFIX_PATH}:/opt/ros/humble /usr/bin/cmake --build /home/hero/Desktop/birdiebot_nav_ws/build/rm_gimbal_description -- -j8 -l8
[0.708s] Invoking command in '/home/hero/Desktop/birdiebot_nav_ws/build/rm_gimbal_description': CMAKE_PREFIX_PATH=${CMAKE_PREFIX_PATH}:/opt/ros/humble /usr/bin/cmake --install /home/hero/Desktop/birdiebot_nav_ws/build/rm_gimbal_description
[0.725s] -- Install configuration: ""
[0.726s] -- Execute custom install script
[0.728s] -- Up-to-date symlink: /home/hero/Desktop/birdiebot_nav_ws/install/rm_gimbal_description/share/rm_gimbal_description/urdf/rm_gimbal.urdf.xacro
[0.729s] -- Up-to-date symlink: /home/hero/Desktop/birdiebot_nav_ws/install/rm_gimbal_description/share/ament_index/resource_index/package_run_dependencies/rm_gimbal_description
[0.729s] -- Up-to-date symlink: /home/hero/Desktop/birdiebot_nav_ws/install/rm_gimbal_description/share/ament_index/resource_index/parent_prefix_path/rm_gimbal_description
[0.729s] -- Up-to-date symlink: /home/hero/Desktop/birdiebot_nav_ws/install/rm_gimbal_description/share/rm_gimbal_description/environment/ament_prefix_path.sh
[0.730s] -- Up-to-date symlink: /home/hero/Desktop/birdiebot_nav_ws/install/rm_gimbal_description/share/rm_gimbal_description/environment/ament_prefix_path.dsv
[0.730s] -- Up-to-date symlink: /home/hero/Desktop/birdiebot_nav_ws/install/rm_gimbal_description/share/rm_gimbal_description/environment/path.sh
[0.731s] -- Up-to-date symlink: /home/hero/Desktop/birdiebot_nav_ws/install/rm_gimbal_description/share/rm_gimbal_description/environment/path.dsv
[0.731s] -- Up-to-date symlink: /home/hero/Desktop/birdiebot_nav_ws/install/rm_gimbal_description/share/rm_gimbal_description/local_setup.bash
[0.731s] -- Up-to-date symlink: /home/hero/Desktop/birdiebot_nav_ws/install/rm_gimbal_description/share/rm_gimbal_description/local_setup.sh
[0.732s] -- Up-to-date symlink: /home/hero/Desktop/birdiebot_nav_ws/install/rm_gimbal_description/share/rm_gimbal_description/local_setup.zsh
[0.733s] -- Up-to-date symlink: /home/hero/Desktop/birdiebot_nav_ws/install/rm_gimbal_description/share/rm_gimbal_description/local_setup.dsv
[0.733s] -- Symlinking: /home/hero/Desktop/birdiebot_nav_ws/install/rm_gimbal_description/share/rm_gimbal_description/package.dsv
[0.749s] -- Up-to-date symlink: /home/hero/Desktop/birdiebot_nav_ws/install/rm_gimbal_description/share/ament_index/resource_index/packages/rm_gimbal_description
[0.749s] -- Up-to-date symlink: /home/hero/Desktop/birdiebot_nav_ws/install/rm_gimbal_description/share/rm_gimbal_description/cmake/rm_gimbal_descriptionConfig.cmake
[0.749s] -- Up-to-date symlink: /home/hero/Desktop/birdiebot_nav_ws/install/rm_gimbal_description/share/rm_gimbal_description/cmake/rm_gimbal_descriptionConfig-version.cmake
[0.749s] -- Up-to-date symlink: /home/hero/Desktop/birdiebot_nav_ws/install/rm_gimbal_description/share/rm_gimbal_description/package.xml
[0.853s] Invoked command in '/home/hero/Desktop/birdiebot_nav_ws/build/rm_gimbal_description' returned '0': CMAKE_PREFIX_PATH=${CMAKE_PREFIX_PATH}:/opt/ros/humble /usr/bin/cmake --install /home/hero/Desktop/birdiebot_nav_ws/build/rm_gimbal_description
