[0.028s] Invoking command in '/home/hero/Desktop/birdiebot_nav_ws/build/terrain_analysis': CMAKE_PREFIX_PATH=/opt/ros/humble /usr/bin/cmake --build /home/hero/Desktop/birdiebot_nav_ws/build/terrain_analysis -- -j8 -l8
[0.081s] [100%] Built target terrainAnalysis
[0.125s] Invoked command in '/home/hero/Desktop/birdiebot_nav_ws/build/terrain_analysis' returned '0': CMAKE_PREFIX_PATH=/opt/ros/humble /usr/bin/cmake --build /home/hero/Desktop/birdiebot_nav_ws/build/terrain_analysis -- -j8 -l8
[0.165s] Invoking command in '/home/hero/Desktop/birdiebot_nav_ws/build/terrain_analysis': CMAKE_PREFIX_PATH=/opt/ros/humble /usr/bin/cmake --install /home/hero/Desktop/birdiebot_nav_ws/build/terrain_analysis
[0.171s] -- Install configuration: ""
[0.171s] -- Execute custom install script
[0.172s] -- Up-to-date symlink: /home/hero/Desktop/birdiebot_nav_ws/install/terrain_analysis/lib/terrain_analysis/terrainAnalysis
[0.173s] -- Up-to-date symlink: /home/hero/Desktop/birdiebot_nav_ws/install/terrain_analysis/share/terrain_analysis/launch/terrain_analysis.launch
[0.173s] -- Up-to-date symlink: /home/hero/Desktop/birdiebot_nav_ws/install/terrain_analysis/share/ament_index/resource_index/package_run_dependencies/terrain_analysis
[0.173s] -- Up-to-date symlink: /home/hero/Desktop/birdiebot_nav_ws/install/terrain_analysis/share/ament_index/resource_index/parent_prefix_path/terrain_analysis
[0.173s] -- Up-to-date symlink: /home/hero/Desktop/birdiebot_nav_ws/install/terrain_analysis/share/terrain_analysis/environment/ament_prefix_path.sh
[0.173s] -- Up-to-date symlink: /home/hero/Desktop/birdiebot_nav_ws/install/terrain_analysis/share/terrain_analysis/environment/ament_prefix_path.dsv
[0.173s] -- Up-to-date symlink: /home/hero/Desktop/birdiebot_nav_ws/install/terrain_analysis/share/terrain_analysis/environment/path.sh
[0.173s] -- Up-to-date symlink: /home/hero/Desktop/birdiebot_nav_ws/install/terrain_analysis/share/terrain_analysis/environment/path.dsv
[0.173s] -- Up-to-date symlink: /home/hero/Desktop/birdiebot_nav_ws/install/terrain_analysis/share/terrain_analysis/local_setup.bash
[0.173s] -- Up-to-date symlink: /home/hero/Desktop/birdiebot_nav_ws/install/terrain_analysis/share/terrain_analysis/local_setup.sh
[0.173s] -- Up-to-date symlink: /home/hero/Desktop/birdiebot_nav_ws/install/terrain_analysis/share/terrain_analysis/local_setup.zsh
[0.174s] -- Up-to-date symlink: /home/hero/Desktop/birdiebot_nav_ws/install/terrain_analysis/share/terrain_analysis/local_setup.dsv
[0.174s] -- Symlinking: /home/hero/Desktop/birdiebot_nav_ws/install/terrain_analysis/share/terrain_analysis/package.dsv
[0.183s] -- Up-to-date symlink: /home/hero/Desktop/birdiebot_nav_ws/install/terrain_analysis/share/ament_index/resource_index/packages/terrain_analysis
[0.184s] -- Up-to-date symlink: /home/hero/Desktop/birdiebot_nav_ws/install/terrain_analysis/share/terrain_analysis/cmake/terrain_analysisConfig.cmake
[0.184s] -- Up-to-date symlink: /home/hero/Desktop/birdiebot_nav_ws/install/terrain_analysis/share/terrain_analysis/cmake/terrain_analysisConfig-version.cmake
[0.184s] -- Up-to-date symlink: /home/hero/Desktop/birdiebot_nav_ws/install/terrain_analysis/share/terrain_analysis/package.xml
[0.195s] Invoked command in '/home/hero/Desktop/birdiebot_nav_ws/build/terrain_analysis' returned '0': CMAKE_PREFIX_PATH=/opt/ros/humble /usr/bin/cmake --install /home/hero/Desktop/birdiebot_nav_ws/build/terrain_analysis
