[0.251s] Invoking command in '/home/hero/Desktop/birdiebot_nav_ws/build/fast_lio': AMENT_PREFIX_PATH=/home/hero/Desktop/birdiebot_nav_ws/install/livox_ros_driver2:${AMENT_PREFIX_PATH} CMAKE_PREFIX_PATH=/home/hero/Desktop/birdiebot_nav_ws/install/livox_ros_driver2:/opt/ros/humble LD_LIBRARY_PATH=/home/hero/Desktop/birdiebot_nav_ws/install/livox_ros_driver2/lib:/opt/intel/openvino_2023.3.0/runtime/lib/intel64:/opt/MVS/lib/64:/opt/MVS/lib/32:/opt/intel/openvino_2023.3.0/runtime/lib/intel64:/opt/MVS/lib/64:/opt/MVS/lib/32:/usr/lib/x86_64-linux-gnu/gazebo-11/plugins:/opt/ros/humble/opt/rviz_ogre_vendor/lib:/opt/ros/humble/lib/x86_64-linux-gnu:/opt/ros/humble/lib:/opt/MVS/lib/64:/opt/MVS/lib/32:/opt/MVS/lib/64:/opt/MVS/lib/32 PYTHONPATH=/home/hero/Desktop/birdiebot_nav_ws/install/livox_ros_driver2/local/lib/python3.10/dist-packages:${PYTHONPATH} /usr/bin/cmake --build /home/hero/Desktop/birdiebot_nav_ws/build/fast_lio -- -j8 -l8
[0.418s] [35m[1mConsolidate compiler generated dependencies of target fast_lio__rosidl_generator_c[0m
[0.418s] [  2%] Built target fast_lio__cpp
[0.418s] [ 11%] Built target fast_lio__rosidl_generator_c
[0.418s] [ 11%] Built target ament_cmake_python_symlink_fast_lio
[0.418s] [35m[1mConsolidate compiler generated dependencies of target fast_lio__rosidl_typesupport_fastrtps_cpp[0m
[0.419s] [35m[1mConsolidate compiler generated dependencies of target fast_lio__rosidl_typesupport_fastrtps_c[0m
[0.419s] [35m[1mConsolidate compiler generated dependencies of target fast_lio__rosidl_typesupport_cpp[0m
[0.420s] [35m[1mConsolidate compiler generated dependencies of target fast_lio__rosidl_typesupport_introspection_cpp[0m
[0.420s] [35m[1mConsolidate compiler generated dependencies of target fast_lio__rosidl_typesupport_introspection_c[0m
[0.420s] [ 20%] Built target fast_lio__rosidl_typesupport_cpp
[0.420s] [35m[1mConsolidate compiler generated dependencies of target fast_lio__rosidl_typesupport_c[0m
[0.420s] [ 28%] Built target fast_lio__rosidl_typesupport_fastrtps_cpp
[0.420s] [ 37%] Built target fast_lio__rosidl_typesupport_fastrtps_c
[0.420s] [ 45%] Built target fast_lio__rosidl_typesupport_introspection_cpp
[0.421s] [ 54%] Built target fast_lio__rosidl_typesupport_introspection_c
[0.421s] [ 62%] Built target fast_lio__rosidl_typesupport_c
[0.421s] [35m[1mConsolidate compiler generated dependencies of target fastlio_mapping[0m
[0.421s] [ 62%] Built target fast_lio
[0.421s] [ 65%] Built target fast_lio__py
[0.423s] [35m[1mConsolidate compiler generated dependencies of target fast_lio__rosidl_generator_py[0m
[0.436s] [ 77%] Built target fastlio_mapping
[0.442s] [ 82%] Built target fast_lio__rosidl_generator_py
[0.454s] [35m[1mConsolidate compiler generated dependencies of target fast_lio__rosidl_typesupport_c__pyext[0m
[0.454s] [35m[1mConsolidate compiler generated dependencies of target fast_lio__rosidl_typesupport_introspection_c__pyext[0m
[0.454s] [35m[1mConsolidate compiler generated dependencies of target fast_lio__rosidl_typesupport_fastrtps_c__pyext[0m
[0.472s] [ 94%] Built target fast_lio__rosidl_typesupport_c__pyext
[0.472s] [ 94%] Built target fast_lio__rosidl_typesupport_fastrtps_c__pyext
[0.480s] [100%] Built target fast_lio__rosidl_typesupport_introspection_c__pyext
[0.567s] running egg_info
[0.568s] writing fast_lio.egg-info/PKG-INFO
[0.569s] writing dependency_links to fast_lio.egg-info/dependency_links.txt
[0.569s] writing top-level names to fast_lio.egg-info/top_level.txt
[0.571s] reading manifest file 'fast_lio.egg-info/SOURCES.txt'
[0.571s] writing manifest file 'fast_lio.egg-info/SOURCES.txt'
[0.596s] [100%] Built target ament_cmake_python_build_fast_lio_egg
[0.794s] Invoked command in '/home/hero/Desktop/birdiebot_nav_ws/build/fast_lio' returned '0': AMENT_PREFIX_PATH=/home/hero/Desktop/birdiebot_nav_ws/install/livox_ros_driver2:${AMENT_PREFIX_PATH} CMAKE_PREFIX_PATH=/home/hero/Desktop/birdiebot_nav_ws/install/livox_ros_driver2:/opt/ros/humble LD_LIBRARY_PATH=/home/hero/Desktop/birdiebot_nav_ws/install/livox_ros_driver2/lib:/opt/intel/openvino_2023.3.0/runtime/lib/intel64:/opt/MVS/lib/64:/opt/MVS/lib/32:/opt/intel/openvino_2023.3.0/runtime/lib/intel64:/opt/MVS/lib/64:/opt/MVS/lib/32:/usr/lib/x86_64-linux-gnu/gazebo-11/plugins:/opt/ros/humble/opt/rviz_ogre_vendor/lib:/opt/ros/humble/lib/x86_64-linux-gnu:/opt/ros/humble/lib:/opt/MVS/lib/64:/opt/MVS/lib/32:/opt/MVS/lib/64:/opt/MVS/lib/32 PYTHONPATH=/home/hero/Desktop/birdiebot_nav_ws/install/livox_ros_driver2/local/lib/python3.10/dist-packages:${PYTHONPATH} /usr/bin/cmake --build /home/hero/Desktop/birdiebot_nav_ws/build/fast_lio -- -j8 -l8
[0.948s] Invoking command in '/home/hero/Desktop/birdiebot_nav_ws/build/fast_lio': AMENT_PREFIX_PATH=/home/hero/Desktop/birdiebot_nav_ws/install/livox_ros_driver2:${AMENT_PREFIX_PATH} CMAKE_PREFIX_PATH=/home/hero/Desktop/birdiebot_nav_ws/install/livox_ros_driver2:/opt/ros/humble LD_LIBRARY_PATH=/home/hero/Desktop/birdiebot_nav_ws/install/livox_ros_driver2/lib:/opt/intel/openvino_2023.3.0/runtime/lib/intel64:/opt/MVS/lib/64:/opt/MVS/lib/32:/opt/intel/openvino_2023.3.0/runtime/lib/intel64:/opt/MVS/lib/64:/opt/MVS/lib/32:/usr/lib/x86_64-linux-gnu/gazebo-11/plugins:/opt/ros/humble/opt/rviz_ogre_vendor/lib:/opt/ros/humble/lib/x86_64-linux-gnu:/opt/ros/humble/lib:/opt/MVS/lib/64:/opt/MVS/lib/32:/opt/MVS/lib/64:/opt/MVS/lib/32 PYTHONPATH=/home/hero/Desktop/birdiebot_nav_ws/install/livox_ros_driver2/local/lib/python3.10/dist-packages:${PYTHONPATH} /usr/bin/cmake --install /home/hero/Desktop/birdiebot_nav_ws/build/fast_lio
[0.960s] -- Install configuration: "Release"
[0.960s] -- Execute custom install script
[0.960s] -- Up-to-date symlink: /home/hero/Desktop/birdiebot_nav_ws/install/fast_lio/share/ament_index/resource_index/rosidl_interfaces/fast_lio
[0.960s] -- Up-to-date symlink: /home/hero/Desktop/birdiebot_nav_ws/install/fast_lio/include/fast_lio/fast_lio/msg/detail/pose6_d__functions.h
[0.960s] -- Up-to-date symlink: /home/hero/Desktop/birdiebot_nav_ws/install/fast_lio/include/fast_lio/fast_lio/msg/detail/pose6_d__struct.h
[0.960s] -- Up-to-date symlink: /home/hero/Desktop/birdiebot_nav_ws/install/fast_lio/include/fast_lio/fast_lio/msg/detail/pose6_d__type_support.h
[0.960s] -- Up-to-date symlink: /home/hero/Desktop/birdiebot_nav_ws/install/fast_lio/include/fast_lio/fast_lio/msg/pose6_d.h
[0.960s] -- Up-to-date symlink: /home/hero/Desktop/birdiebot_nav_ws/install/fast_lio/include/fast_lio/fast_lio/msg/rosidl_generator_c__visibility_control.h
[0.960s] -- Up-to-date symlink: /home/hero/Desktop/birdiebot_nav_ws/install/fast_lio/share/fast_lio/environment/library_path.sh
[0.960s] -- Up-to-date symlink: /home/hero/Desktop/birdiebot_nav_ws/install/fast_lio/share/fast_lio/environment/library_path.dsv
[0.960s] -- Up-to-date symlink: /home/hero/Desktop/birdiebot_nav_ws/install/fast_lio/include/fast_lio/fast_lio/msg/detail/pose6_d__rosidl_typesupport_fastrtps_c.h
[0.960s] -- Up-to-date symlink: /home/hero/Desktop/birdiebot_nav_ws/install/fast_lio/include/fast_lio/fast_lio/msg/rosidl_typesupport_fastrtps_c__visibility_control.h
[0.960s] -- Up-to-date symlink: /home/hero/Desktop/birdiebot_nav_ws/install/fast_lio/include/fast_lio/fast_lio/msg/detail/pose6_d__builder.hpp
[0.960s] -- Up-to-date symlink: /home/hero/Desktop/birdiebot_nav_ws/install/fast_lio/include/fast_lio/fast_lio/msg/detail/pose6_d__struct.hpp
[0.960s] -- Up-to-date symlink: /home/hero/Desktop/birdiebot_nav_ws/install/fast_lio/include/fast_lio/fast_lio/msg/detail/pose6_d__traits.hpp
[0.961s] -- Up-to-date symlink: /home/hero/Desktop/birdiebot_nav_ws/install/fast_lio/include/fast_lio/fast_lio/msg/pose6_d.hpp
[0.961s] -- Up-to-date symlink: /home/hero/Desktop/birdiebot_nav_ws/install/fast_lio/include/fast_lio/fast_lio/msg/detail/pose6_d__rosidl_typesupport_fastrtps_cpp.hpp
[0.961s] -- Up-to-date symlink: /home/hero/Desktop/birdiebot_nav_ws/install/fast_lio/include/fast_lio/fast_lio/msg/rosidl_typesupport_fastrtps_cpp__visibility_control.h
[0.961s] -- Up-to-date symlink: /home/hero/Desktop/birdiebot_nav_ws/install/fast_lio/include/fast_lio/fast_lio/msg/detail/pose6_d__rosidl_typesupport_introspection_c.h
[0.961s] -- Up-to-date symlink: /home/hero/Desktop/birdiebot_nav_ws/install/fast_lio/include/fast_lio/fast_lio/msg/rosidl_typesupport_introspection_c__visibility_control.h
[0.961s] -- Up-to-date symlink: /home/hero/Desktop/birdiebot_nav_ws/install/fast_lio/include/fast_lio/fast_lio/msg/detail/pose6_d__rosidl_typesupport_introspection_cpp.hpp
[0.961s] -- Up-to-date symlink: /home/hero/Desktop/birdiebot_nav_ws/install/fast_lio/share/fast_lio/environment/pythonpath.sh
[0.961s] -- Up-to-date symlink: /home/hero/Desktop/birdiebot_nav_ws/install/fast_lio/share/fast_lio/environment/pythonpath.dsv
[0.962s] -- Up-to-date symlink: /home/hero/Desktop/birdiebot_nav_ws/install/fast_lio/local/lib/python3.10/dist-packages/fast_lio-0.0.0-py3.10.egg-info/PKG-INFO
[0.963s] -- Up-to-date symlink: /home/hero/Desktop/birdiebot_nav_ws/install/fast_lio/local/lib/python3.10/dist-packages/fast_lio-0.0.0-py3.10.egg-info/SOURCES.txt
[0.963s] -- Up-to-date symlink: /home/hero/Desktop/birdiebot_nav_ws/install/fast_lio/local/lib/python3.10/dist-packages/fast_lio-0.0.0-py3.10.egg-info/dependency_links.txt
[0.963s] -- Up-to-date symlink: /home/hero/Desktop/birdiebot_nav_ws/install/fast_lio/local/lib/python3.10/dist-packages/fast_lio-0.0.0-py3.10.egg-info/top_level.txt
[0.964s] -- Up-to-date symlink: /home/hero/Desktop/birdiebot_nav_ws/install/fast_lio/local/lib/python3.10/dist-packages/fast_lio/__init__.py
[0.964s] -- Up-to-date symlink: /home/hero/Desktop/birdiebot_nav_ws/install/fast_lio/local/lib/python3.10/dist-packages/fast_lio/_fast_lio_s.ep.rosidl_typesupport_c.c
[0.964s] -- Up-to-date symlink: /home/hero/Desktop/birdiebot_nav_ws/install/fast_lio/local/lib/python3.10/dist-packages/fast_lio/_fast_lio_s.ep.rosidl_typesupport_fastrtps_c.c
[0.964s] -- Up-to-date symlink: /home/hero/Desktop/birdiebot_nav_ws/install/fast_lio/local/lib/python3.10/dist-packages/fast_lio/_fast_lio_s.ep.rosidl_typesupport_introspection_c.c
[0.964s] -- Up-to-date symlink: /home/hero/Desktop/birdiebot_nav_ws/install/fast_lio/local/lib/python3.10/dist-packages/fast_lio/fast_lio_s__rosidl_typesupport_c.cpython-310-x86_64-linux-gnu.so
[0.964s] -- Up-to-date symlink: /home/hero/Desktop/birdiebot_nav_ws/install/fast_lio/local/lib/python3.10/dist-packages/fast_lio/fast_lio_s__rosidl_typesupport_fastrtps_c.cpython-310-x86_64-linux-gnu.so
[0.964s] -- Up-to-date symlink: /home/hero/Desktop/birdiebot_nav_ws/install/fast_lio/local/lib/python3.10/dist-packages/fast_lio/fast_lio_s__rosidl_typesupport_introspection_c.cpython-310-x86_64-linux-gnu.so
[0.964s] -- Up-to-date symlink: /home/hero/Desktop/birdiebot_nav_ws/install/fast_lio/local/lib/python3.10/dist-packages/fast_lio/libfast_lio__rosidl_generator_py.so
[0.964s] -- Up-to-date symlink: /home/hero/Desktop/birdiebot_nav_ws/install/fast_lio/local/lib/python3.10/dist-packages/fast_lio/msg/__init__.py
[0.964s] -- Up-to-date symlink: /home/hero/Desktop/birdiebot_nav_ws/install/fast_lio/local/lib/python3.10/dist-packages/fast_lio/msg/_pose6_d.py
[0.964s] -- Up-to-date symlink: /home/hero/Desktop/birdiebot_nav_ws/install/fast_lio/local/lib/python3.10/dist-packages/fast_lio/msg/_pose6_d_s.c
[0.966s] -- Up-to-date symlink: /home/hero/Desktop/birdiebot_nav_ws/install/fast_lio/local/lib/python3.10/dist-packages/fast_lio/fast_lio_s__rosidl_typesupport_fastrtps_c.cpython-310-x86_64-linux-gnu.so
[0.966s] -- Up-to-date symlink: /home/hero/Desktop/birdiebot_nav_ws/install/fast_lio/local/lib/python3.10/dist-packages/fast_lio/fast_lio_s__rosidl_typesupport_introspection_c.cpython-310-x86_64-linux-gnu.so
[0.966s] -- Up-to-date symlink: /home/hero/Desktop/birdiebot_nav_ws/install/fast_lio/local/lib/python3.10/dist-packages/fast_lio/fast_lio_s__rosidl_typesupport_c.cpython-310-x86_64-linux-gnu.so
[0.967s] -- Up-to-date symlink: /home/hero/Desktop/birdiebot_nav_ws/install/fast_lio/share/fast_lio/msg/Pose6D.idl
[0.968s] -- Up-to-date symlink: /home/hero/Desktop/birdiebot_nav_ws/install/fast_lio/share/fast_lio/msg/Pose6D.msg
[0.969s] -- Up-to-date symlink: /home/hero/Desktop/birdiebot_nav_ws/install/fast_lio/lib/fast_lio/fastlio_mapping
[0.969s] -- Up-to-date symlink: /home/hero/Desktop/birdiebot_nav_ws/install/fast_lio/share/fast_lio/config/avia.yaml
[0.970s] -- Up-to-date symlink: /home/hero/Desktop/birdiebot_nav_ws/install/fast_lio/share/fast_lio/config/horizon.yaml
[0.970s] -- Up-to-date symlink: /home/hero/Desktop/birdiebot_nav_ws/install/fast_lio/share/fast_lio/config/mid360.yaml
[0.970s] -- Up-to-date symlink: /home/hero/Desktop/birdiebot_nav_ws/install/fast_lio/share/fast_lio/config/ouster64.yaml
[0.970s] -- Up-to-date symlink: /home/hero/Desktop/birdiebot_nav_ws/install/fast_lio/share/fast_lio/config/velodyne.yaml
[0.970s] -- Up-to-date symlink: /home/hero/Desktop/birdiebot_nav_ws/install/fast_lio/share/fast_lio/launch/gdb_debug_example.launch
[0.970s] -- Up-to-date symlink: /home/hero/Desktop/birdiebot_nav_ws/install/fast_lio/share/fast_lio/launch/mapping.launch.py
[0.970s] -- Up-to-date symlink: /home/hero/Desktop/birdiebot_nav_ws/install/fast_lio/share/fast_lio/rviz/fastlio.rviz
[0.970s] -- Up-to-date symlink: /home/hero/Desktop/birdiebot_nav_ws/install/fast_lio/share/ament_index/resource_index/package_run_dependencies/fast_lio
[0.971s] -- Up-to-date symlink: /home/hero/Desktop/birdiebot_nav_ws/install/fast_lio/share/ament_index/resource_index/parent_prefix_path/fast_lio
[0.971s] -- Up-to-date symlink: /home/hero/Desktop/birdiebot_nav_ws/install/fast_lio/share/fast_lio/environment/ament_prefix_path.sh
[0.971s] -- Up-to-date symlink: /home/hero/Desktop/birdiebot_nav_ws/install/fast_lio/share/fast_lio/environment/ament_prefix_path.dsv
[0.971s] -- Up-to-date symlink: /home/hero/Desktop/birdiebot_nav_ws/install/fast_lio/share/fast_lio/environment/path.sh
[0.971s] -- Up-to-date symlink: /home/hero/Desktop/birdiebot_nav_ws/install/fast_lio/share/fast_lio/environment/path.dsv
[0.972s] -- Up-to-date symlink: /home/hero/Desktop/birdiebot_nav_ws/install/fast_lio/share/fast_lio/local_setup.bash
[0.972s] -- Up-to-date symlink: /home/hero/Desktop/birdiebot_nav_ws/install/fast_lio/share/fast_lio/local_setup.sh
[0.972s] -- Up-to-date symlink: /home/hero/Desktop/birdiebot_nav_ws/install/fast_lio/share/fast_lio/local_setup.zsh
[0.972s] -- Up-to-date symlink: /home/hero/Desktop/birdiebot_nav_ws/install/fast_lio/share/fast_lio/local_setup.dsv
[0.972s] -- Symlinking: /home/hero/Desktop/birdiebot_nav_ws/install/fast_lio/share/fast_lio/package.dsv
[0.987s] -- Up-to-date symlink: /home/hero/Desktop/birdiebot_nav_ws/install/fast_lio/share/ament_index/resource_index/packages/fast_lio
[0.987s] -- Up-to-date symlink: /home/hero/Desktop/birdiebot_nav_ws/install/fast_lio/share/fast_lio/cmake/rosidl_cmake-extras.cmake
[0.987s] -- Up-to-date symlink: /home/hero/Desktop/birdiebot_nav_ws/install/fast_lio/share/fast_lio/cmake/ament_cmake_export_include_directories-extras.cmake
[0.987s] -- Up-to-date symlink: /home/hero/Desktop/birdiebot_nav_ws/install/fast_lio/share/fast_lio/cmake/ament_cmake_export_libraries-extras.cmake
[0.987s] -- Up-to-date symlink: /home/hero/Desktop/birdiebot_nav_ws/install/fast_lio/share/fast_lio/cmake/ament_cmake_export_targets-extras.cmake
[0.987s] -- Up-to-date symlink: /home/hero/Desktop/birdiebot_nav_ws/install/fast_lio/share/fast_lio/cmake/rosidl_cmake_export_typesupport_targets-extras.cmake
[0.988s] -- Up-to-date symlink: /home/hero/Desktop/birdiebot_nav_ws/install/fast_lio/share/fast_lio/cmake/ament_cmake_export_dependencies-extras.cmake
[0.988s] -- Up-to-date symlink: /home/hero/Desktop/birdiebot_nav_ws/install/fast_lio/share/fast_lio/cmake/rosidl_cmake_export_typesupport_libraries-extras.cmake
[0.988s] -- Up-to-date symlink: /home/hero/Desktop/birdiebot_nav_ws/install/fast_lio/share/fast_lio/cmake/fast_lioConfig.cmake
[0.988s] -- Up-to-date symlink: /home/hero/Desktop/birdiebot_nav_ws/install/fast_lio/share/fast_lio/cmake/fast_lioConfig-version.cmake
[0.988s] -- Up-to-date symlink: /home/hero/Desktop/birdiebot_nav_ws/install/fast_lio/share/fast_lio/package.xml
[0.988s] -- Up-to-date: /home/hero/Desktop/birdiebot_nav_ws/install/fast_lio/lib/libfast_lio__rosidl_generator_c.so
[0.991s] -- Up-to-date: /home/hero/Desktop/birdiebot_nav_ws/install/fast_lio/lib/libfast_lio__rosidl_typesupport_fastrtps_c.so
[0.991s] -- Up-to-date: /home/hero/Desktop/birdiebot_nav_ws/install/fast_lio/lib/libfast_lio__rosidl_typesupport_fastrtps_cpp.so
[0.991s] -- Up-to-date: /home/hero/Desktop/birdiebot_nav_ws/install/fast_lio/lib/libfast_lio__rosidl_typesupport_introspection_c.so
[0.991s] -- Up-to-date: /home/hero/Desktop/birdiebot_nav_ws/install/fast_lio/lib/libfast_lio__rosidl_typesupport_c.so
[0.991s] -- Up-to-date: /home/hero/Desktop/birdiebot_nav_ws/install/fast_lio/lib/libfast_lio__rosidl_typesupport_introspection_cpp.so
[0.991s] -- Up-to-date: /home/hero/Desktop/birdiebot_nav_ws/install/fast_lio/lib/libfast_lio__rosidl_typesupport_cpp.so
[1.022s] Listing '/home/hero/Desktop/birdiebot_nav_ws/install/fast_lio/local/lib/python3.10/dist-packages/fast_lio'...
[1.022s] Listing '/home/hero/Desktop/birdiebot_nav_ws/install/fast_lio/local/lib/python3.10/dist-packages/fast_lio/msg'...
[1.027s] -- Up-to-date: /home/hero/Desktop/birdiebot_nav_ws/install/fast_lio/lib/libfast_lio__rosidl_generator_py.so
[1.027s] -- Up-to-date: /home/hero/Desktop/birdiebot_nav_ws/install/fast_lio/share/fast_lio/cmake/export_fast_lio__rosidl_generator_cExport.cmake
[1.027s] -- Up-to-date: /home/hero/Desktop/birdiebot_nav_ws/install/fast_lio/share/fast_lio/cmake/export_fast_lio__rosidl_generator_cExport-release.cmake
[1.027s] -- Up-to-date: /home/hero/Desktop/birdiebot_nav_ws/install/fast_lio/share/fast_lio/cmake/export_fast_lio__rosidl_typesupport_fastrtps_cExport.cmake
[1.027s] -- Up-to-date: /home/hero/Desktop/birdiebot_nav_ws/install/fast_lio/share/fast_lio/cmake/export_fast_lio__rosidl_typesupport_fastrtps_cExport-release.cmake
[1.027s] -- Up-to-date: /home/hero/Desktop/birdiebot_nav_ws/install/fast_lio/share/fast_lio/cmake/export_fast_lio__rosidl_generator_cppExport.cmake
[1.028s] -- Up-to-date: /home/hero/Desktop/birdiebot_nav_ws/install/fast_lio/share/fast_lio/cmake/export_fast_lio__rosidl_typesupport_fastrtps_cppExport.cmake
[1.028s] -- Up-to-date: /home/hero/Desktop/birdiebot_nav_ws/install/fast_lio/share/fast_lio/cmake/export_fast_lio__rosidl_typesupport_fastrtps_cppExport-release.cmake
[1.028s] -- Up-to-date: /home/hero/Desktop/birdiebot_nav_ws/install/fast_lio/share/fast_lio/cmake/fast_lio__rosidl_typesupport_introspection_cExport.cmake
[1.028s] -- Up-to-date: /home/hero/Desktop/birdiebot_nav_ws/install/fast_lio/share/fast_lio/cmake/fast_lio__rosidl_typesupport_introspection_cExport-release.cmake
[1.029s] -- Up-to-date: /home/hero/Desktop/birdiebot_nav_ws/install/fast_lio/share/fast_lio/cmake/fast_lio__rosidl_typesupport_cExport.cmake
[1.029s] -- Up-to-date: /home/hero/Desktop/birdiebot_nav_ws/install/fast_lio/share/fast_lio/cmake/fast_lio__rosidl_typesupport_cExport-release.cmake
[1.029s] -- Up-to-date: /home/hero/Desktop/birdiebot_nav_ws/install/fast_lio/share/fast_lio/cmake/fast_lio__rosidl_typesupport_introspection_cppExport.cmake
[1.029s] -- Up-to-date: /home/hero/Desktop/birdiebot_nav_ws/install/fast_lio/share/fast_lio/cmake/fast_lio__rosidl_typesupport_introspection_cppExport-release.cmake
[1.029s] -- Up-to-date: /home/hero/Desktop/birdiebot_nav_ws/install/fast_lio/share/fast_lio/cmake/fast_lio__rosidl_typesupport_cppExport.cmake
[1.029s] -- Up-to-date: /home/hero/Desktop/birdiebot_nav_ws/install/fast_lio/share/fast_lio/cmake/fast_lio__rosidl_typesupport_cppExport-release.cmake
[1.030s] -- Up-to-date: /home/hero/Desktop/birdiebot_nav_ws/install/fast_lio/share/fast_lio/cmake/export_fast_lio__rosidl_generator_pyExport.cmake
[1.030s] -- Up-to-date: /home/hero/Desktop/birdiebot_nav_ws/install/fast_lio/share/fast_lio/cmake/export_fast_lio__rosidl_generator_pyExport-release.cmake
[1.153s] Invoked command in '/home/hero/Desktop/birdiebot_nav_ws/build/fast_lio' returned '0': AMENT_PREFIX_PATH=/home/hero/Desktop/birdiebot_nav_ws/install/livox_ros_driver2:${AMENT_PREFIX_PATH} CMAKE_PREFIX_PATH=/home/hero/Desktop/birdiebot_nav_ws/install/livox_ros_driver2:/opt/ros/humble LD_LIBRARY_PATH=/home/hero/Desktop/birdiebot_nav_ws/install/livox_ros_driver2/lib:/opt/intel/openvino_2023.3.0/runtime/lib/intel64:/opt/MVS/lib/64:/opt/MVS/lib/32:/opt/intel/openvino_2023.3.0/runtime/lib/intel64:/opt/MVS/lib/64:/opt/MVS/lib/32:/usr/lib/x86_64-linux-gnu/gazebo-11/plugins:/opt/ros/humble/opt/rviz_ogre_vendor/lib:/opt/ros/humble/lib/x86_64-linux-gnu:/opt/ros/humble/lib:/opt/MVS/lib/64:/opt/MVS/lib/32:/opt/MVS/lib/64:/opt/MVS/lib/32 PYTHONPATH=/home/hero/Desktop/birdiebot_nav_ws/install/livox_ros_driver2/local/lib/python3.10/dist-packages:${PYTHONPATH} /usr/bin/cmake --install /home/hero/Desktop/birdiebot_nav_ws/build/fast_lio
