[0.024s] Invoking command in '/home/hero/Desktop/birdiebot_nav_ws/build/rm_decision_interfaces': CMAKE_PREFIX_PATH=/opt/ros/humble /usr/bin/cmake --build /home/hero/Desktop/birdiebot_nav_ws/build/rm_decision_interfaces -- -j8 -l8
[0.077s] [  2%] [34m[1mGenerating C code for ROS interfaces[0m
[0.182s] [  2%] Built target ament_cmake_python_symlink_rm_decision_interfaces
[0.186s] [  5%] Built target rm_decision_interfaces__cpp
[0.267s] [  7%] [34m[1mGenerating C++ type support dispatch for ROS interfaces[0m
[0.273s] [ 10%] [34m[1mGenerating C++ type support for eProsima Fast-RTPS[0m
[0.371s] [ 12%] [32mBuilding CXX object CMakeFiles/rm_decision_interfaces__rosidl_typesupport_introspection_cpp.dir/rosidl_typesupport_introspection_cpp/rm_decision_interfaces/msg/detail/robot_control__type_support.cpp.o[0m
[0.400s] [ 15%] [32mBuilding CXX object CMakeFiles/rm_decision_interfaces__rosidl_typesupport_introspection_cpp.dir/rosidl_typesupport_introspection_cpp/rm_decision_interfaces/msg/detail/cv_decision__type_support.cpp.o[0m
[0.709s] running egg_info
[0.709s] writing rm_decision_interfaces.egg-info/PKG-INFO
[0.712s] writing dependency_links to rm_decision_interfaces.egg-info/dependency_links.txt
[0.745s] writing top-level names to rm_decision_interfaces.egg-info/top_level.txt
[0.745s] reading manifest file 'rm_decision_interfaces.egg-info/SOURCES.txt'
[0.745s] writing manifest file 'rm_decision_interfaces.egg-info/SOURCES.txt'
[0.852s] [ 15%] Built target ament_cmake_python_build_rm_decision_interfaces_egg
[1.500s] [ 17%] [32mBuilding C object CMakeFiles/rm_decision_interfaces__rosidl_generator_c.dir/rosidl_generator_c/rm_decision_interfaces/msg/detail/robot_control__functions.c.o[0m
[1.509s] [ 20%] [32mBuilding C object CMakeFiles/rm_decision_interfaces__rosidl_generator_c.dir/rosidl_generator_c/rm_decision_interfaces/msg/detail/cv_decision__functions.c.o[0m
[1.774s] [ 23%] [32m[1mLinking C shared library librm_decision_interfaces__rosidl_generator_c.so[0m
[2.061s] [ 23%] Built target rm_decision_interfaces__rosidl_generator_c
[2.174s] [ 25%] [34m[1mGenerating C type support dispatch for ROS interfaces[0m
[2.269s] [ 28%] [34m[1mGenerating C type support for eProsima Fast-RTPS[0m
[2.276s] [ 30%] [34m[1mGenerating C introspection for ROS interfaces[0m
[2.451s] [ 33%] [32mBuilding CXX object CMakeFiles/rm_decision_interfaces__rosidl_typesupport_cpp.dir/rosidl_typesupport_cpp/rm_decision_interfaces/msg/robot_control__type_support.cpp.o[0m
[2.510s] [ 35%] [32mBuilding CXX object CMakeFiles/rm_decision_interfaces__rosidl_typesupport_cpp.dir/rosidl_typesupport_cpp/rm_decision_interfaces/msg/cv_decision__type_support.cpp.o[0m
[3.577s] [ 38%] [32m[1mLinking CXX shared library librm_decision_interfaces__rosidl_typesupport_cpp.so[0m
[3.693s] [ 41%] [32m[1mLinking CXX shared library librm_decision_interfaces__rosidl_typesupport_introspection_cpp.so[0m
[3.840s] [ 41%] Built target rm_decision_interfaces__rosidl_typesupport_cpp
[4.105s] [ 43%] Built target rm_decision_interfaces__rosidl_typesupport_introspection_cpp
[4.192s] [ 46%] [32mBuilding CXX object CMakeFiles/rm_decision_interfaces__rosidl_typesupport_c.dir/rosidl_typesupport_c/rm_decision_interfaces/msg/robot_control__type_support.cpp.o[0m
[4.286s] [ 48%] [32mBuilding CXX object CMakeFiles/rm_decision_interfaces__rosidl_typesupport_c.dir/rosidl_typesupport_c/rm_decision_interfaces/msg/cv_decision__type_support.cpp.o[0m
[4.433s] [ 51%] [32mBuilding CXX object CMakeFiles/rm_decision_interfaces__rosidl_typesupport_fastrtps_c.dir/rosidl_typesupport_fastrtps_c/rm_decision_interfaces/msg/detail/robot_control__type_support_c.cpp.o[0m
[4.435s] [ 53%] [32mBuilding CXX object CMakeFiles/rm_decision_interfaces__rosidl_typesupport_fastrtps_cpp.dir/rosidl_typesupport_fastrtps_cpp/rm_decision_interfaces/msg/detail/dds_fastrtps/robot_control__type_support.cpp.o[0m
[4.475s] [ 56%] [32mBuilding CXX object CMakeFiles/rm_decision_interfaces__rosidl_typesupport_fastrtps_cpp.dir/rosidl_typesupport_fastrtps_cpp/rm_decision_interfaces/msg/detail/dds_fastrtps/cv_decision__type_support.cpp.o[0m
[4.478s] [ 58%] [32mBuilding CXX object CMakeFiles/rm_decision_interfaces__rosidl_typesupport_fastrtps_c.dir/rosidl_typesupport_fastrtps_c/rm_decision_interfaces/msg/detail/cv_decision__type_support_c.cpp.o[0m
[4.520s] [ 61%] [32m[1mLinking CXX shared library librm_decision_interfaces__rosidl_typesupport_c.so[0m
[4.898s] [ 61%] Built target rm_decision_interfaces__rosidl_typesupport_c
[6.019s] [ 64%] [32m[1mLinking CXX shared library librm_decision_interfaces__rosidl_typesupport_fastrtps_c.so[0m
[6.226s] [ 66%] [32mBuilding C object CMakeFiles/rm_decision_interfaces__rosidl_typesupport_introspection_c.dir/rosidl_typesupport_introspection_c/rm_decision_interfaces/msg/detail/robot_control__type_support.c.o[0m
[6.271s] [ 69%] [32mBuilding C object CMakeFiles/rm_decision_interfaces__rosidl_typesupport_introspection_c.dir/rosidl_typesupport_introspection_c/rm_decision_interfaces/msg/detail/cv_decision__type_support.c.o[0m
[6.463s] [ 71%] [32m[1mLinking C shared library librm_decision_interfaces__rosidl_typesupport_introspection_c.so[0m
[6.559s] [ 74%] [32m[1mLinking CXX shared library librm_decision_interfaces__rosidl_typesupport_fastrtps_cpp.so[0m
[6.564s] [ 74%] Built target rm_decision_interfaces__rosidl_typesupport_fastrtps_c
[6.614s] [ 74%] Built target rm_decision_interfaces__rosidl_typesupport_introspection_c
[6.965s] [ 74%] Built target rm_decision_interfaces__rosidl_typesupport_fastrtps_cpp
[7.064s] [ 74%] Built target rm_decision_interfaces
[7.262s] [ 76%] Built target rm_decision_interfaces__py
[7.376s] [ 79%] [32mBuilding C object CMakeFiles/rm_decision_interfaces__rosidl_generator_py.dir/rosidl_generator_py/rm_decision_interfaces/msg/_robot_control_s.c.o[0m
[7.406s] [ 82%] [32mBuilding C object CMakeFiles/rm_decision_interfaces__rosidl_generator_py.dir/rosidl_generator_py/rm_decision_interfaces/msg/_cv_decision_s.c.o[0m
[7.935s] [ 84%] [32m[1mLinking C shared library rosidl_generator_py/rm_decision_interfaces/librm_decision_interfaces__rosidl_generator_py.so[0m
[8.153s] [ 84%] Built target rm_decision_interfaces__rosidl_generator_py
[8.292s] [ 87%] [32mBuilding C object CMakeFiles/rm_decision_interfaces__rosidl_typesupport_fastrtps_c__pyext.dir/rosidl_generator_py/rm_decision_interfaces/_rm_decision_interfaces_s.ep.rosidl_typesupport_fastrtps_c.c.o[0m
[8.336s] [ 89%] [32mBuilding C object CMakeFiles/rm_decision_interfaces__rosidl_typesupport_introspection_c__pyext.dir/rosidl_generator_py/rm_decision_interfaces/_rm_decision_interfaces_s.ep.rosidl_typesupport_introspection_c.c.o[0m
[8.341s] [ 92%] [32mBuilding C object CMakeFiles/rm_decision_interfaces__rosidl_typesupport_c__pyext.dir/rosidl_generator_py/rm_decision_interfaces/_rm_decision_interfaces_s.ep.rosidl_typesupport_c.c.o[0m
[8.521s] [ 94%] [32m[1mLinking C shared library rosidl_generator_py/rm_decision_interfaces/rm_decision_interfaces_s__rosidl_typesupport_introspection_c.cpython-310-x86_64-linux-gnu.so[0m
[8.621s] [ 97%] [32m[1mLinking C shared library rosidl_generator_py/rm_decision_interfaces/rm_decision_interfaces_s__rosidl_typesupport_c.cpython-310-x86_64-linux-gnu.so[0m
[8.728s] [ 97%] Built target rm_decision_interfaces__rosidl_typesupport_introspection_c__pyext
[8.838s] [100%] [32m[1mLinking C shared library rosidl_generator_py/rm_decision_interfaces/rm_decision_interfaces_s__rosidl_typesupport_fastrtps_c.cpython-310-x86_64-linux-gnu.so[0m
[8.848s] [100%] Built target rm_decision_interfaces__rosidl_typesupport_c__pyext
[9.020s] [100%] Built target rm_decision_interfaces__rosidl_typesupport_fastrtps_c__pyext
[9.095s] Invoked command in '/home/hero/Desktop/birdiebot_nav_ws/build/rm_decision_interfaces' returned '0': CMAKE_PREFIX_PATH=/opt/ros/humble /usr/bin/cmake --build /home/hero/Desktop/birdiebot_nav_ws/build/rm_decision_interfaces -- -j8 -l8
[10.202s] Invoking command in '/home/hero/Desktop/birdiebot_nav_ws/build/rm_decision_interfaces': CMAKE_PREFIX_PATH=/opt/ros/humble /usr/bin/cmake --install /home/hero/Desktop/birdiebot_nav_ws/build/rm_decision_interfaces
[10.222s] -- Install configuration: ""
[10.230s] -- Execute custom install script
[10.230s] -- Up-to-date symlink: /home/hero/Desktop/birdiebot_nav_ws/install/rm_decision_interfaces/share/ament_index/resource_index/rosidl_interfaces/rm_decision_interfaces
[10.231s] -- Up-to-date symlink: /home/hero/Desktop/birdiebot_nav_ws/install/rm_decision_interfaces/include/rm_decision_interfaces/rm_decision_interfaces/msg/cv_decision.h
[10.231s] -- Up-to-date symlink: /home/hero/Desktop/birdiebot_nav_ws/install/rm_decision_interfaces/include/rm_decision_interfaces/rm_decision_interfaces/msg/detail/cv_decision__functions.h
[10.231s] -- Up-to-date symlink: /home/hero/Desktop/birdiebot_nav_ws/install/rm_decision_interfaces/include/rm_decision_interfaces/rm_decision_interfaces/msg/detail/cv_decision__struct.h
[10.231s] -- Up-to-date symlink: /home/hero/Desktop/birdiebot_nav_ws/install/rm_decision_interfaces/include/rm_decision_interfaces/rm_decision_interfaces/msg/detail/cv_decision__type_support.h
[10.232s] -- Up-to-date symlink: /home/hero/Desktop/birdiebot_nav_ws/install/rm_decision_interfaces/include/rm_decision_interfaces/rm_decision_interfaces/msg/detail/robot_control__functions.h
[10.232s] -- Up-to-date symlink: /home/hero/Desktop/birdiebot_nav_ws/install/rm_decision_interfaces/include/rm_decision_interfaces/rm_decision_interfaces/msg/detail/robot_control__struct.h
[10.232s] -- Up-to-date symlink: /home/hero/Desktop/birdiebot_nav_ws/install/rm_decision_interfaces/include/rm_decision_interfaces/rm_decision_interfaces/msg/detail/robot_control__type_support.h
[10.232s] -- Up-to-date symlink: /home/hero/Desktop/birdiebot_nav_ws/install/rm_decision_interfaces/include/rm_decision_interfaces/rm_decision_interfaces/msg/robot_control.h
[10.232s] -- Up-to-date symlink: /home/hero/Desktop/birdiebot_nav_ws/install/rm_decision_interfaces/include/rm_decision_interfaces/rm_decision_interfaces/msg/rosidl_generator_c__visibility_control.h
[10.235s] -- Up-to-date symlink: /home/hero/Desktop/birdiebot_nav_ws/install/rm_decision_interfaces/share/rm_decision_interfaces/environment/library_path.sh
[10.236s] -- Up-to-date symlink: /home/hero/Desktop/birdiebot_nav_ws/install/rm_decision_interfaces/share/rm_decision_interfaces/environment/library_path.dsv
[10.236s] -- Up-to-date symlink: /home/hero/Desktop/birdiebot_nav_ws/install/rm_decision_interfaces/include/rm_decision_interfaces/rm_decision_interfaces/msg/detail/cv_decision__rosidl_typesupport_fastrtps_c.h
[10.236s] -- Up-to-date symlink: /home/hero/Desktop/birdiebot_nav_ws/install/rm_decision_interfaces/include/rm_decision_interfaces/rm_decision_interfaces/msg/detail/robot_control__rosidl_typesupport_fastrtps_c.h
[10.236s] -- Up-to-date symlink: /home/hero/Desktop/birdiebot_nav_ws/install/rm_decision_interfaces/include/rm_decision_interfaces/rm_decision_interfaces/msg/rosidl_typesupport_fastrtps_c__visibility_control.h
[10.237s] -- Up-to-date symlink: /home/hero/Desktop/birdiebot_nav_ws/install/rm_decision_interfaces/include/rm_decision_interfaces/rm_decision_interfaces/msg/detail/cv_decision__rosidl_typesupport_introspection_c.h
[10.237s] -- Up-to-date symlink: /home/hero/Desktop/birdiebot_nav_ws/install/rm_decision_interfaces/include/rm_decision_interfaces/rm_decision_interfaces/msg/detail/robot_control__rosidl_typesupport_introspection_c.h
[10.237s] -- Up-to-date symlink: /home/hero/Desktop/birdiebot_nav_ws/install/rm_decision_interfaces/include/rm_decision_interfaces/rm_decision_interfaces/msg/rosidl_typesupport_introspection_c__visibility_control.h
[10.237s] -- Up-to-date symlink: /home/hero/Desktop/birdiebot_nav_ws/install/rm_decision_interfaces/include/rm_decision_interfaces/rm_decision_interfaces/msg/cv_decision.hpp
[10.237s] -- Up-to-date symlink: /home/hero/Desktop/birdiebot_nav_ws/install/rm_decision_interfaces/include/rm_decision_interfaces/rm_decision_interfaces/msg/detail/cv_decision__builder.hpp
[10.237s] -- Up-to-date symlink: /home/hero/Desktop/birdiebot_nav_ws/install/rm_decision_interfaces/include/rm_decision_interfaces/rm_decision_interfaces/msg/detail/cv_decision__struct.hpp
[10.237s] -- Up-to-date symlink: /home/hero/Desktop/birdiebot_nav_ws/install/rm_decision_interfaces/include/rm_decision_interfaces/rm_decision_interfaces/msg/detail/cv_decision__traits.hpp
[10.237s] -- Up-to-date symlink: /home/hero/Desktop/birdiebot_nav_ws/install/rm_decision_interfaces/include/rm_decision_interfaces/rm_decision_interfaces/msg/detail/cv_decision__type_support.hpp
[10.237s] -- Up-to-date symlink: /home/hero/Desktop/birdiebot_nav_ws/install/rm_decision_interfaces/include/rm_decision_interfaces/rm_decision_interfaces/msg/detail/robot_control__builder.hpp
[10.237s] -- Up-to-date symlink: /home/hero/Desktop/birdiebot_nav_ws/install/rm_decision_interfaces/include/rm_decision_interfaces/rm_decision_interfaces/msg/detail/robot_control__struct.hpp
[10.237s] -- Up-to-date symlink: /home/hero/Desktop/birdiebot_nav_ws/install/rm_decision_interfaces/include/rm_decision_interfaces/rm_decision_interfaces/msg/detail/robot_control__traits.hpp
[10.237s] -- Up-to-date symlink: /home/hero/Desktop/birdiebot_nav_ws/install/rm_decision_interfaces/include/rm_decision_interfaces/rm_decision_interfaces/msg/detail/robot_control__type_support.hpp
[10.237s] -- Up-to-date symlink: /home/hero/Desktop/birdiebot_nav_ws/install/rm_decision_interfaces/include/rm_decision_interfaces/rm_decision_interfaces/msg/robot_control.hpp
[10.237s] -- Up-to-date symlink: /home/hero/Desktop/birdiebot_nav_ws/install/rm_decision_interfaces/include/rm_decision_interfaces/rm_decision_interfaces/msg/rosidl_generator_cpp__visibility_control.hpp
[10.237s] -- Up-to-date symlink: /home/hero/Desktop/birdiebot_nav_ws/install/rm_decision_interfaces/include/rm_decision_interfaces/rm_decision_interfaces/msg/detail/cv_decision__rosidl_typesupport_fastrtps_cpp.hpp
[10.237s] -- Up-to-date symlink: /home/hero/Desktop/birdiebot_nav_ws/install/rm_decision_interfaces/include/rm_decision_interfaces/rm_decision_interfaces/msg/detail/robot_control__rosidl_typesupport_fastrtps_cpp.hpp
[10.238s] -- Up-to-date symlink: /home/hero/Desktop/birdiebot_nav_ws/install/rm_decision_interfaces/include/rm_decision_interfaces/rm_decision_interfaces/msg/rosidl_typesupport_fastrtps_cpp__visibility_control.h
[10.238s] -- Up-to-date symlink: /home/hero/Desktop/birdiebot_nav_ws/install/rm_decision_interfaces/include/rm_decision_interfaces/rm_decision_interfaces/msg/detail/cv_decision__rosidl_typesupport_introspection_cpp.hpp
[10.238s] -- Up-to-date symlink: /home/hero/Desktop/birdiebot_nav_ws/install/rm_decision_interfaces/include/rm_decision_interfaces/rm_decision_interfaces/msg/detail/robot_control__rosidl_typesupport_introspection_cpp.hpp
[10.238s] -- Up-to-date symlink: /home/hero/Desktop/birdiebot_nav_ws/install/rm_decision_interfaces/share/rm_decision_interfaces/environment/pythonpath.sh
[10.238s] -- Up-to-date symlink: /home/hero/Desktop/birdiebot_nav_ws/install/rm_decision_interfaces/share/rm_decision_interfaces/environment/pythonpath.dsv
[10.238s] -- Up-to-date symlink: /home/hero/Desktop/birdiebot_nav_ws/install/rm_decision_interfaces/local/lib/python3.10/dist-packages/rm_decision_interfaces-0.0.0-py3.10.egg-info/PKG-INFO
[10.238s] -- Up-to-date symlink: /home/hero/Desktop/birdiebot_nav_ws/install/rm_decision_interfaces/local/lib/python3.10/dist-packages/rm_decision_interfaces-0.0.0-py3.10.egg-info/SOURCES.txt
[10.238s] -- Up-to-date symlink: /home/hero/Desktop/birdiebot_nav_ws/install/rm_decision_interfaces/local/lib/python3.10/dist-packages/rm_decision_interfaces-0.0.0-py3.10.egg-info/dependency_links.txt
[10.238s] -- Up-to-date symlink: /home/hero/Desktop/birdiebot_nav_ws/install/rm_decision_interfaces/local/lib/python3.10/dist-packages/rm_decision_interfaces-0.0.0-py3.10.egg-info/top_level.txt
[10.238s] -- Up-to-date symlink: /home/hero/Desktop/birdiebot_nav_ws/install/rm_decision_interfaces/local/lib/python3.10/dist-packages/rm_decision_interfaces/__init__.py
[10.238s] -- Up-to-date symlink: /home/hero/Desktop/birdiebot_nav_ws/install/rm_decision_interfaces/local/lib/python3.10/dist-packages/rm_decision_interfaces/_rm_decision_interfaces_s.ep.rosidl_typesupport_c.c
[10.247s] -- Up-to-date symlink: /home/hero/Desktop/birdiebot_nav_ws/install/rm_decision_interfaces/local/lib/python3.10/dist-packages/rm_decision_interfaces/_rm_decision_interfaces_s.ep.rosidl_typesupport_fastrtps_c.c
[10.247s] -- Up-to-date symlink: /home/hero/Desktop/birdiebot_nav_ws/install/rm_decision_interfaces/local/lib/python3.10/dist-packages/rm_decision_interfaces/_rm_decision_interfaces_s.ep.rosidl_typesupport_introspection_c.c
[10.247s] -- Up-to-date symlink: /home/hero/Desktop/birdiebot_nav_ws/install/rm_decision_interfaces/local/lib/python3.10/dist-packages/rm_decision_interfaces/librm_decision_interfaces__rosidl_generator_py.so
[10.247s] -- Up-to-date symlink: /home/hero/Desktop/birdiebot_nav_ws/install/rm_decision_interfaces/local/lib/python3.10/dist-packages/rm_decision_interfaces/msg/__init__.py
[10.247s] -- Up-to-date symlink: /home/hero/Desktop/birdiebot_nav_ws/install/rm_decision_interfaces/local/lib/python3.10/dist-packages/rm_decision_interfaces/msg/_cv_decision.py
[10.247s] -- Up-to-date symlink: /home/hero/Desktop/birdiebot_nav_ws/install/rm_decision_interfaces/local/lib/python3.10/dist-packages/rm_decision_interfaces/msg/_cv_decision_s.c
[10.247s] -- Up-to-date symlink: /home/hero/Desktop/birdiebot_nav_ws/install/rm_decision_interfaces/local/lib/python3.10/dist-packages/rm_decision_interfaces/msg/_robot_control.py
[10.247s] -- Up-to-date symlink: /home/hero/Desktop/birdiebot_nav_ws/install/rm_decision_interfaces/local/lib/python3.10/dist-packages/rm_decision_interfaces/msg/_robot_control_s.c
[10.247s] -- Up-to-date symlink: /home/hero/Desktop/birdiebot_nav_ws/install/rm_decision_interfaces/local/lib/python3.10/dist-packages/rm_decision_interfaces/rm_decision_interfaces_s__rosidl_typesupport_c.cpython-310-x86_64-linux-gnu.so
[10.247s] -- Up-to-date symlink: /home/hero/Desktop/birdiebot_nav_ws/install/rm_decision_interfaces/local/lib/python3.10/dist-packages/rm_decision_interfaces/rm_decision_interfaces_s__rosidl_typesupport_fastrtps_c.cpython-310-x86_64-linux-gnu.so
[10.247s] -- Up-to-date symlink: /home/hero/Desktop/birdiebot_nav_ws/install/rm_decision_interfaces/local/lib/python3.10/dist-packages/rm_decision_interfaces/rm_decision_interfaces_s__rosidl_typesupport_introspection_c.cpython-310-x86_64-linux-gnu.so
[10.247s] -- Up-to-date symlink: /home/hero/Desktop/birdiebot_nav_ws/install/rm_decision_interfaces/local/lib/python3.10/dist-packages/rm_decision_interfaces/rm_decision_interfaces_s__rosidl_typesupport_fastrtps_c.cpython-310-x86_64-linux-gnu.so
[10.247s] -- Up-to-date symlink: /home/hero/Desktop/birdiebot_nav_ws/install/rm_decision_interfaces/local/lib/python3.10/dist-packages/rm_decision_interfaces/rm_decision_interfaces_s__rosidl_typesupport_introspection_c.cpython-310-x86_64-linux-gnu.so
[10.247s] -- Up-to-date symlink: /home/hero/Desktop/birdiebot_nav_ws/install/rm_decision_interfaces/local/lib/python3.10/dist-packages/rm_decision_interfaces/rm_decision_interfaces_s__rosidl_typesupport_c.cpython-310-x86_64-linux-gnu.so
[10.247s] -- Up-to-date symlink: /home/hero/Desktop/birdiebot_nav_ws/install/rm_decision_interfaces/share/rm_decision_interfaces/msg/RobotControl.idl
[10.247s] -- Up-to-date symlink: /home/hero/Desktop/birdiebot_nav_ws/install/rm_decision_interfaces/share/rm_decision_interfaces/msg/CvDecision.idl
[10.247s] -- Up-to-date symlink: /home/hero/Desktop/birdiebot_nav_ws/install/rm_decision_interfaces/share/rm_decision_interfaces/msg/RobotControl.msg
[10.247s] -- Up-to-date symlink: /home/hero/Desktop/birdiebot_nav_ws/install/rm_decision_interfaces/share/rm_decision_interfaces/msg/CvDecision.msg
[10.248s] -- Up-to-date symlink: /home/hero/Desktop/birdiebot_nav_ws/install/rm_decision_interfaces/share/ament_index/resource_index/package_run_dependencies/rm_decision_interfaces
[10.248s] -- Up-to-date symlink: /home/hero/Desktop/birdiebot_nav_ws/install/rm_decision_interfaces/share/ament_index/resource_index/parent_prefix_path/rm_decision_interfaces
[10.248s] -- Up-to-date symlink: /home/hero/Desktop/birdiebot_nav_ws/install/rm_decision_interfaces/share/rm_decision_interfaces/environment/ament_prefix_path.sh
[10.248s] -- Up-to-date symlink: /home/hero/Desktop/birdiebot_nav_ws/install/rm_decision_interfaces/share/rm_decision_interfaces/environment/ament_prefix_path.dsv
[10.248s] -- Up-to-date symlink: /home/hero/Desktop/birdiebot_nav_ws/install/rm_decision_interfaces/share/rm_decision_interfaces/environment/path.sh
[10.248s] -- Up-to-date symlink: /home/hero/Desktop/birdiebot_nav_ws/install/rm_decision_interfaces/share/rm_decision_interfaces/environment/path.dsv
[10.248s] -- Up-to-date symlink: /home/hero/Desktop/birdiebot_nav_ws/install/rm_decision_interfaces/share/rm_decision_interfaces/local_setup.bash
[10.248s] -- Up-to-date symlink: /home/hero/Desktop/birdiebot_nav_ws/install/rm_decision_interfaces/share/rm_decision_interfaces/local_setup.sh
[10.248s] -- Up-to-date symlink: /home/hero/Desktop/birdiebot_nav_ws/install/rm_decision_interfaces/share/rm_decision_interfaces/local_setup.zsh
[10.248s] -- Up-to-date symlink: /home/hero/Desktop/birdiebot_nav_ws/install/rm_decision_interfaces/share/rm_decision_interfaces/local_setup.dsv
[10.248s] -- Symlinking: /home/hero/Desktop/birdiebot_nav_ws/install/rm_decision_interfaces/share/rm_decision_interfaces/package.dsv
[10.281s] -- Up-to-date symlink: /home/hero/Desktop/birdiebot_nav_ws/install/rm_decision_interfaces/share/ament_index/resource_index/packages/rm_decision_interfaces
[10.282s] -- Up-to-date symlink: /home/hero/Desktop/birdiebot_nav_ws/install/rm_decision_interfaces/share/rm_decision_interfaces/cmake/rosidl_cmake-extras.cmake
[10.282s] -- Up-to-date symlink: /home/hero/Desktop/birdiebot_nav_ws/install/rm_decision_interfaces/share/rm_decision_interfaces/cmake/ament_cmake_export_dependencies-extras.cmake
[10.282s] -- Up-to-date symlink: /home/hero/Desktop/birdiebot_nav_ws/install/rm_decision_interfaces/share/rm_decision_interfaces/cmake/ament_cmake_export_include_directories-extras.cmake
[10.282s] -- Up-to-date symlink: /home/hero/Desktop/birdiebot_nav_ws/install/rm_decision_interfaces/share/rm_decision_interfaces/cmake/ament_cmake_export_libraries-extras.cmake
[10.282s] -- Up-to-date symlink: /home/hero/Desktop/birdiebot_nav_ws/install/rm_decision_interfaces/share/rm_decision_interfaces/cmake/ament_cmake_export_targets-extras.cmake
[10.283s] -- Up-to-date symlink: /home/hero/Desktop/birdiebot_nav_ws/install/rm_decision_interfaces/share/rm_decision_interfaces/cmake/rosidl_cmake_export_typesupport_targets-extras.cmake
[10.283s] -- Up-to-date symlink: /home/hero/Desktop/birdiebot_nav_ws/install/rm_decision_interfaces/share/rm_decision_interfaces/cmake/rosidl_cmake_export_typesupport_libraries-extras.cmake
[10.283s] -- Up-to-date symlink: /home/hero/Desktop/birdiebot_nav_ws/install/rm_decision_interfaces/share/rm_decision_interfaces/cmake/rm_decision_interfacesConfig.cmake
[10.284s] -- Up-to-date symlink: /home/hero/Desktop/birdiebot_nav_ws/install/rm_decision_interfaces/share/rm_decision_interfaces/cmake/rm_decision_interfacesConfig-version.cmake
[10.284s] -- Up-to-date symlink: /home/hero/Desktop/birdiebot_nav_ws/install/rm_decision_interfaces/share/rm_decision_interfaces/package.xml
[10.284s] -- Installing: /home/hero/Desktop/birdiebot_nav_ws/install/rm_decision_interfaces/lib/librm_decision_interfaces__rosidl_generator_c.so
[10.285s] -- Set runtime path of "/home/hero/Desktop/birdiebot_nav_ws/install/rm_decision_interfaces/lib/librm_decision_interfaces__rosidl_generator_c.so" to ""
[10.286s] -- Installing: /home/hero/Desktop/birdiebot_nav_ws/install/rm_decision_interfaces/lib/librm_decision_interfaces__rosidl_typesupport_fastrtps_c.so
[10.286s] -- Set runtime path of "/home/hero/Desktop/birdiebot_nav_ws/install/rm_decision_interfaces/lib/librm_decision_interfaces__rosidl_typesupport_fastrtps_c.so" to ""
[10.286s] -- Installing: /home/hero/Desktop/birdiebot_nav_ws/install/rm_decision_interfaces/lib/librm_decision_interfaces__rosidl_typesupport_introspection_c.so
[10.287s] -- Set runtime path of "/home/hero/Desktop/birdiebot_nav_ws/install/rm_decision_interfaces/lib/librm_decision_interfaces__rosidl_typesupport_introspection_c.so" to ""
[10.287s] -- Installing: /home/hero/Desktop/birdiebot_nav_ws/install/rm_decision_interfaces/lib/librm_decision_interfaces__rosidl_typesupport_c.so
[10.287s] -- Set runtime path of "/home/hero/Desktop/birdiebot_nav_ws/install/rm_decision_interfaces/lib/librm_decision_interfaces__rosidl_typesupport_c.so" to ""
[10.288s] -- Installing: /home/hero/Desktop/birdiebot_nav_ws/install/rm_decision_interfaces/lib/librm_decision_interfaces__rosidl_typesupport_fastrtps_cpp.so
[10.288s] -- Set runtime path of "/home/hero/Desktop/birdiebot_nav_ws/install/rm_decision_interfaces/lib/librm_decision_interfaces__rosidl_typesupport_fastrtps_cpp.so" to ""
[10.288s] -- Installing: /home/hero/Desktop/birdiebot_nav_ws/install/rm_decision_interfaces/lib/librm_decision_interfaces__rosidl_typesupport_introspection_cpp.so
[10.289s] -- Set runtime path of "/home/hero/Desktop/birdiebot_nav_ws/install/rm_decision_interfaces/lib/librm_decision_interfaces__rosidl_typesupport_introspection_cpp.so" to ""
[10.289s] -- Installing: /home/hero/Desktop/birdiebot_nav_ws/install/rm_decision_interfaces/lib/librm_decision_interfaces__rosidl_typesupport_cpp.so
[10.289s] -- Set runtime path of "/home/hero/Desktop/birdiebot_nav_ws/install/rm_decision_interfaces/lib/librm_decision_interfaces__rosidl_typesupport_cpp.so" to ""
[10.355s] Listing '/home/hero/Desktop/birdiebot_nav_ws/install/rm_decision_interfaces/local/lib/python3.10/dist-packages/rm_decision_interfaces'...
[10.355s] Compiling '/home/hero/Desktop/birdiebot_nav_ws/install/rm_decision_interfaces/local/lib/python3.10/dist-packages/rm_decision_interfaces/__init__.py'...
[10.355s] Listing '/home/hero/Desktop/birdiebot_nav_ws/install/rm_decision_interfaces/local/lib/python3.10/dist-packages/rm_decision_interfaces/msg'...
[10.355s] Compiling '/home/hero/Desktop/birdiebot_nav_ws/install/rm_decision_interfaces/local/lib/python3.10/dist-packages/rm_decision_interfaces/msg/__init__.py'...
[10.355s] Compiling '/home/hero/Desktop/birdiebot_nav_ws/install/rm_decision_interfaces/local/lib/python3.10/dist-packages/rm_decision_interfaces/msg/_cv_decision.py'...
[10.356s] Compiling '/home/hero/Desktop/birdiebot_nav_ws/install/rm_decision_interfaces/local/lib/python3.10/dist-packages/rm_decision_interfaces/msg/_robot_control.py'...
[10.361s] -- Installing: /home/hero/Desktop/birdiebot_nav_ws/install/rm_decision_interfaces/lib/librm_decision_interfaces__rosidl_generator_py.so
[10.362s] -- Set runtime path of "/home/hero/Desktop/birdiebot_nav_ws/install/rm_decision_interfaces/lib/librm_decision_interfaces__rosidl_generator_py.so" to ""
[10.362s] -- Up-to-date: /home/hero/Desktop/birdiebot_nav_ws/install/rm_decision_interfaces/share/rm_decision_interfaces/cmake/export_rm_decision_interfaces__rosidl_generator_cExport.cmake
[10.362s] -- Up-to-date: /home/hero/Desktop/birdiebot_nav_ws/install/rm_decision_interfaces/share/rm_decision_interfaces/cmake/export_rm_decision_interfaces__rosidl_generator_cExport-noconfig.cmake
[10.363s] -- Up-to-date: /home/hero/Desktop/birdiebot_nav_ws/install/rm_decision_interfaces/share/rm_decision_interfaces/cmake/export_rm_decision_interfaces__rosidl_typesupport_fastrtps_cExport.cmake
[10.363s] -- Up-to-date: /home/hero/Desktop/birdiebot_nav_ws/install/rm_decision_interfaces/share/rm_decision_interfaces/cmake/export_rm_decision_interfaces__rosidl_typesupport_fastrtps_cExport-noconfig.cmake
[10.363s] -- Up-to-date: /home/hero/Desktop/birdiebot_nav_ws/install/rm_decision_interfaces/share/rm_decision_interfaces/cmake/rm_decision_interfaces__rosidl_typesupport_introspection_cExport.cmake
[10.363s] -- Up-to-date: /home/hero/Desktop/birdiebot_nav_ws/install/rm_decision_interfaces/share/rm_decision_interfaces/cmake/rm_decision_interfaces__rosidl_typesupport_introspection_cExport-noconfig.cmake
[10.364s] -- Up-to-date: /home/hero/Desktop/birdiebot_nav_ws/install/rm_decision_interfaces/share/rm_decision_interfaces/cmake/rm_decision_interfaces__rosidl_typesupport_cExport.cmake
[10.364s] -- Up-to-date: /home/hero/Desktop/birdiebot_nav_ws/install/rm_decision_interfaces/share/rm_decision_interfaces/cmake/rm_decision_interfaces__rosidl_typesupport_cExport-noconfig.cmake
[10.364s] -- Up-to-date: /home/hero/Desktop/birdiebot_nav_ws/install/rm_decision_interfaces/share/rm_decision_interfaces/cmake/export_rm_decision_interfaces__rosidl_generator_cppExport.cmake
[10.365s] -- Up-to-date: /home/hero/Desktop/birdiebot_nav_ws/install/rm_decision_interfaces/share/rm_decision_interfaces/cmake/export_rm_decision_interfaces__rosidl_typesupport_fastrtps_cppExport.cmake
[10.365s] -- Up-to-date: /home/hero/Desktop/birdiebot_nav_ws/install/rm_decision_interfaces/share/rm_decision_interfaces/cmake/export_rm_decision_interfaces__rosidl_typesupport_fastrtps_cppExport-noconfig.cmake
[10.365s] -- Up-to-date: /home/hero/Desktop/birdiebot_nav_ws/install/rm_decision_interfaces/share/rm_decision_interfaces/cmake/rm_decision_interfaces__rosidl_typesupport_introspection_cppExport.cmake
[10.365s] -- Up-to-date: /home/hero/Desktop/birdiebot_nav_ws/install/rm_decision_interfaces/share/rm_decision_interfaces/cmake/rm_decision_interfaces__rosidl_typesupport_introspection_cppExport-noconfig.cmake
[10.366s] -- Up-to-date: /home/hero/Desktop/birdiebot_nav_ws/install/rm_decision_interfaces/share/rm_decision_interfaces/cmake/rm_decision_interfaces__rosidl_typesupport_cppExport.cmake
[10.366s] -- Up-to-date: /home/hero/Desktop/birdiebot_nav_ws/install/rm_decision_interfaces/share/rm_decision_interfaces/cmake/rm_decision_interfaces__rosidl_typesupport_cppExport-noconfig.cmake
[10.366s] -- Up-to-date: /home/hero/Desktop/birdiebot_nav_ws/install/rm_decision_interfaces/share/rm_decision_interfaces/cmake/export_rm_decision_interfaces__rosidl_generator_pyExport.cmake
[10.366s] -- Up-to-date: /home/hero/Desktop/birdiebot_nav_ws/install/rm_decision_interfaces/share/rm_decision_interfaces/cmake/export_rm_decision_interfaces__rosidl_generator_pyExport-noconfig.cmake
[10.379s] Invoked command in '/home/hero/Desktop/birdiebot_nav_ws/build/rm_decision_interfaces' returned '0': CMAKE_PREFIX_PATH=/opt/ros/humble /usr/bin/cmake --install /home/hero/Desktop/birdiebot_nav_ws/build/rm_decision_interfaces
