[0.084s] Invoking command in '/home/hero/Desktop/birdiebot_nav_ws/build/pointcloud_to_laserscan': CMAKE_PREFIX_PATH=/opt/ros/humble /usr/bin/cmake /home/hero/Desktop/birdiebot_nav_ws/src/rm_slam/src/rm_perception/pointcloud_to_laserscan -DAMENT_CMAKE_SYMLINK_INSTALL=1 -DCMAKE_INSTALL_PREFIX=/home/hero/Desktop/birdiebot_nav_ws/install/pointcloud_to_laserscan
[0.399s] -- The C compiler identification is GNU 11.4.0
[0.399s] -- The CXX compiler identification is GNU 11.4.0
[0.399s] -- Detecting C compiler ABI info
[0.400s] -- Detecting C compiler ABI info - done
[0.400s] -- Check for working C compiler: /usr/bin/cc - skipped
[0.400s] -- Detecting C compile features
[0.400s] -- Detecting C compile features - done
[0.400s] -- Detecting CXX compiler ABI info
[0.453s] -- Detecting CXX compiler ABI info - done
[0.453s] -- Check for working CXX compiler: /usr/bin/c++ - skipped
[0.453s] -- Detecting CXX compile features
[0.453s] -- Detecting CXX compile features - done
[0.453s] -- Found ament_cmake_auto: 1.3.8 (/opt/ros/humble/share/ament_cmake_auto/cmake)
[0.613s] -- Found Python3: /usr/bin/python3 (found version "3.10.12") found components: Interpreter 
[0.694s] -- Override CMake install command with custom implementation using symlinks instead of copying resources
[0.832s] -- Found rosidl_generator_c: 3.1.5 (/opt/ros/humble/share/rosidl_generator_c/cmake)
[0.836s] -- Found rosidl_adapter: 3.1.5 (/opt/ros/humble/share/rosidl_adapter/cmake)
[0.844s] -- Found rosidl_generator_cpp: 3.1.5 (/opt/ros/humble/share/rosidl_generator_cpp/cmake)
[0.864s] -- Using all available rosidl_typesupport_c: rosidl_typesupport_fastrtps_c;rosidl_typesupport_introspection_c
[0.877s] -- Using all available rosidl_typesupport_cpp: rosidl_typesupport_fastrtps_cpp;rosidl_typesupport_introspection_cpp
[0.946s] -- Found rmw_implementation_cmake: 6.1.1 (/opt/ros/humble/share/rmw_implementation_cmake/cmake)
[0.949s] -- Found rmw_fastrtps_cpp: 6.2.6 (/opt/ros/humble/share/rmw_fastrtps_cpp/cmake)
[1.065s] -- Found OpenSSL: /usr/lib/x86_64-linux-gnu/libcrypto.so (found version "3.0.2")  
[1.094s] -- Found FastRTPS: /opt/ros/humble/include  
[1.139s] -- Using RMW implementation 'rmw_fastrtps_cpp' as default
[1.149s] -- Looking for pthread.h
[1.237s] -- Looking for pthread.h - found
[1.237s] -- Performing Test CMAKE_HAVE_LIBC_PTHREAD
[1.333s] -- Performing Test CMAKE_HAVE_LIBC_PTHREAD - Success
[1.334s] -- Found Threads: TRUE  
[2.040s] -- Found ament_lint_auto: 0.12.10 (/opt/ros/humble/share/ament_lint_auto/cmake)
[2.058s] -- Added test 'cppcheck' to perform static code analysis on C / C++ code
[2.058s] -- Configured cppcheck include dirs: /home/hero/Desktop/birdiebot_nav_ws/src/rm_slam/src/rm_perception/pointcloud_to_laserscan/include
[2.058s] -- Configured cppcheck exclude dirs and/or files: 
[2.059s] -- Added test 'cpplint' to check C / C++ code against the Google style
[2.059s] -- Configured cpplint exclude dirs and/or files: 
[2.060s] -- Added test 'flake8' to check Python code syntax and style conventions
[2.060s] -- Added test 'lint_cmake' to check CMake code style
[2.061s] -- Added test 'pep257' to check Python code against some of the docstring style conventions in PEP 257
[2.062s] -- Added test 'uncrustify' to check C / C++ code style
[2.062s] -- Configured uncrustify additional arguments: 
[2.062s] -- Added test 'xmllint' to check XML markup files
[2.065s] -- Configuring done
[2.094s] -- Generating done
[2.096s] -- Build files have been written to: /home/hero/Desktop/birdiebot_nav_ws/build/pointcloud_to_laserscan
[2.111s] Invoked command in '/home/hero/Desktop/birdiebot_nav_ws/build/pointcloud_to_laserscan' returned '0': CMAKE_PREFIX_PATH=/opt/ros/humble /usr/bin/cmake /home/hero/Desktop/birdiebot_nav_ws/src/rm_slam/src/rm_perception/pointcloud_to_laserscan -DAMENT_CMAKE_SYMLINK_INSTALL=1 -DCMAKE_INSTALL_PREFIX=/home/hero/Desktop/birdiebot_nav_ws/install/pointcloud_to_laserscan
[2.111s] Invoking command in '/home/hero/Desktop/birdiebot_nav_ws/build/pointcloud_to_laserscan': CMAKE_PREFIX_PATH=/opt/ros/humble /usr/bin/cmake --build /home/hero/Desktop/birdiebot_nav_ws/build/pointcloud_to_laserscan -- -j8 -l8
[2.349s] [ 10%] [32mBuilding CXX object CMakeFiles/laserscan_to_pointcloud.dir/src/laserscan_to_pointcloud_node.cpp.o[0m
[13.086s] [ 20%] [32m[1mLinking CXX shared library liblaserscan_to_pointcloud.so[0m
[13.259s] [ 20%] Built target laserscan_to_pointcloud
[13.279s] [ 30%] [32mBuilding CXX object CMakeFiles/pointcloud_to_laserscan_node.dir/rclcpp_components/node_main_pointcloud_to_laserscan_node.cpp.o[0m
[16.665s] [ 40%] [32m[1mLinking CXX executable pointcloud_to_laserscan_node[0m
[16.766s] [ 40%] Built target pointcloud_to_laserscan_node
[16.785s] [ 50%] [32mBuilding CXX object CMakeFiles/pointcloud_to_laserscan.dir/src/pointcloud_to_laserscan_node.cpp.o[0m
[32.677s] [ 60%] [32m[1mLinking CXX shared library libpointcloud_to_laserscan.so[0m
[32.894s] [ 60%] Built target pointcloud_to_laserscan
[32.915s] [ 70%] [32mBuilding CXX object CMakeFiles/laserscan_to_pointcloud_node.dir/rclcpp_components/node_main_laserscan_to_pointcloud_node.cpp.o[0m
[36.474s] [ 80%] [32m[1mLinking CXX executable laserscan_to_pointcloud_node[0m
[36.630s] [ 80%] Built target laserscan_to_pointcloud_node
[36.656s] [ 90%] [32mBuilding CXX object CMakeFiles/dummy_pointcloud_publisher.dir/src/dummy_pointcloud_publisher.cpp.o[0m
[42.191s] [100%] [32m[1mLinking CXX executable dummy_pointcloud_publisher[0m
[42.365s] [100%] Built target dummy_pointcloud_publisher
[42.384s] Invoked command in '/home/hero/Desktop/birdiebot_nav_ws/build/pointcloud_to_laserscan' returned '0': CMAKE_PREFIX_PATH=/opt/ros/humble /usr/bin/cmake --build /home/hero/Desktop/birdiebot_nav_ws/build/pointcloud_to_laserscan -- -j8 -l8
[42.653s] Invoking command in '/home/hero/Desktop/birdiebot_nav_ws/build/pointcloud_to_laserscan': CMAKE_PREFIX_PATH=/opt/ros/humble /usr/bin/cmake --install /home/hero/Desktop/birdiebot_nav_ws/build/pointcloud_to_laserscan
[44.237s] -- Install configuration: ""
[44.237s] -- Execute custom install script
[44.237s] -- Symlinking: /home/hero/Desktop/birdiebot_nav_ws/install/pointcloud_to_laserscan/lib/pointcloud_to_laserscan/laserscan_to_pointcloud_node
[44.237s] -- Symlinking: /home/hero/Desktop/birdiebot_nav_ws/install/pointcloud_to_laserscan/lib/pointcloud_to_laserscan/pointcloud_to_laserscan_node
[44.237s] -- Symlinking: /home/hero/Desktop/birdiebot_nav_ws/install/pointcloud_to_laserscan/include/pointcloud_to_laserscan/laserscan_to_pointcloud_node.hpp
[44.237s] -- Symlinking: /home/hero/Desktop/birdiebot_nav_ws/install/pointcloud_to_laserscan/include/pointcloud_to_laserscan/pointcloud_to_laserscan_node.hpp
[44.237s] -- Symlinking: /home/hero/Desktop/birdiebot_nav_ws/install/pointcloud_to_laserscan/include/pointcloud_to_laserscan/visibility_control.h
[44.237s] -- Symlinking: /home/hero/Desktop/birdiebot_nav_ws/install/pointcloud_to_laserscan/share/pointcloud_to_laserscan/environment/library_path.sh
[44.237s] -- Symlinking: /home/hero/Desktop/birdiebot_nav_ws/install/pointcloud_to_laserscan/share/pointcloud_to_laserscan/environment/library_path.dsv
[44.237s] -- Symlinking: /home/hero/Desktop/birdiebot_nav_ws/install/pointcloud_to_laserscan/lib/liblaserscan_to_pointcloud.so
[44.237s] -- Symlinking: /home/hero/Desktop/birdiebot_nav_ws/install/pointcloud_to_laserscan/lib/libpointcloud_to_laserscan.so
[44.237s] -- Symlinking: /home/hero/Desktop/birdiebot_nav_ws/install/pointcloud_to_laserscan/lib/pointcloud_to_laserscan/dummy_pointcloud_publisher
[44.237s] -- Symlinking: /home/hero/Desktop/birdiebot_nav_ws/install/pointcloud_to_laserscan/share/pointcloud_to_laserscan/launch/pointcloud_to_laserscan_launch.py
[44.237s] -- Symlinking: /home/hero/Desktop/birdiebot_nav_ws/install/pointcloud_to_laserscan/share/pointcloud_to_laserscan/launch/sample_laserscan_to_pointcloud_launch.py
[44.237s] -- Symlinking: /home/hero/Desktop/birdiebot_nav_ws/install/pointcloud_to_laserscan/share/pointcloud_to_laserscan/launch/sample_pointcloud_to_laserscan_launch.py
[44.237s] -- Symlinking: /home/hero/Desktop/birdiebot_nav_ws/install/pointcloud_to_laserscan/share/ament_index/resource_index/package_run_dependencies/pointcloud_to_laserscan
[44.237s] -- Symlinking: /home/hero/Desktop/birdiebot_nav_ws/install/pointcloud_to_laserscan/share/ament_index/resource_index/parent_prefix_path/pointcloud_to_laserscan
[44.238s] -- Symlinking: /home/hero/Desktop/birdiebot_nav_ws/install/pointcloud_to_laserscan/share/pointcloud_to_laserscan/environment/ament_prefix_path.sh
[44.238s] -- Symlinking: /home/hero/Desktop/birdiebot_nav_ws/install/pointcloud_to_laserscan/share/pointcloud_to_laserscan/environment/ament_prefix_path.dsv
[44.238s] -- Symlinking: /home/hero/Desktop/birdiebot_nav_ws/install/pointcloud_to_laserscan/share/pointcloud_to_laserscan/environment/path.sh
[44.238s] -- Symlinking: /home/hero/Desktop/birdiebot_nav_ws/install/pointcloud_to_laserscan/share/pointcloud_to_laserscan/environment/path.dsv
[44.238s] -- Symlinking: /home/hero/Desktop/birdiebot_nav_ws/install/pointcloud_to_laserscan/share/pointcloud_to_laserscan/local_setup.bash
[44.238s] -- Symlinking: /home/hero/Desktop/birdiebot_nav_ws/install/pointcloud_to_laserscan/share/pointcloud_to_laserscan/local_setup.sh
[44.238s] -- Symlinking: /home/hero/Desktop/birdiebot_nav_ws/install/pointcloud_to_laserscan/share/pointcloud_to_laserscan/local_setup.zsh
[44.238s] -- Symlinking: /home/hero/Desktop/birdiebot_nav_ws/install/pointcloud_to_laserscan/share/pointcloud_to_laserscan/local_setup.dsv
[44.238s] -- Symlinking: /home/hero/Desktop/birdiebot_nav_ws/install/pointcloud_to_laserscan/share/pointcloud_to_laserscan/package.dsv
[44.238s] -- Symlinking: /home/hero/Desktop/birdiebot_nav_ws/install/pointcloud_to_laserscan/share/ament_index/resource_index/packages/pointcloud_to_laserscan
[44.238s] -- Symlinking: /home/hero/Desktop/birdiebot_nav_ws/install/pointcloud_to_laserscan/share/ament_index/resource_index/rclcpp_components/pointcloud_to_laserscan
[44.238s] -- Symlinking: /home/hero/Desktop/birdiebot_nav_ws/install/pointcloud_to_laserscan/share/pointcloud_to_laserscan/cmake/ament_cmake_export_dependencies-extras.cmake
[44.238s] -- Symlinking: /home/hero/Desktop/birdiebot_nav_ws/install/pointcloud_to_laserscan/share/pointcloud_to_laserscan/cmake/ament_cmake_export_include_directories-extras.cmake
[44.238s] -- Symlinking: /home/hero/Desktop/birdiebot_nav_ws/install/pointcloud_to_laserscan/share/pointcloud_to_laserscan/cmake/ament_cmake_export_libraries-extras.cmake
[44.238s] -- Symlinking: /home/hero/Desktop/birdiebot_nav_ws/install/pointcloud_to_laserscan/share/pointcloud_to_laserscan/cmake/pointcloud_to_laserscanConfig.cmake
[44.238s] -- Symlinking: /home/hero/Desktop/birdiebot_nav_ws/install/pointcloud_to_laserscan/share/pointcloud_to_laserscan/cmake/pointcloud_to_laserscanConfig-version.cmake
[44.238s] -- Symlinking: /home/hero/Desktop/birdiebot_nav_ws/install/pointcloud_to_laserscan/share/pointcloud_to_laserscan/package.xml
[44.238s] Invoked command in '/home/hero/Desktop/birdiebot_nav_ws/build/pointcloud_to_laserscan' returned '0': CMAKE_PREFIX_PATH=/opt/ros/humble /usr/bin/cmake --install /home/hero/Desktop/birdiebot_nav_ws/build/pointcloud_to_laserscan
