[0.079s] Invoking command in '/home/hero/Desktop/birdiebot_nav_ws/build/pb_omni_pid_pursuit_controller': CMAKE_PREFIX_PATH=/opt/ros/humble /usr/bin/cmake --build /home/hero/Desktop/birdiebot_nav_ws/build/pb_omni_pid_pursuit_controller -- -j8 -l8
[1.615s] -- Found ament_cmake_auto: 1.3.12 (/opt/ros/humble/share/ament_cmake_auto/cmake)
[1.616s] -- Override CMake install command with custom implementation using symlinks instead of copying resources
[1.616s] -- Found rosidl_generator_c: 3.1.7 (/opt/ros/humble/share/rosidl_generator_c/cmake)
[1.616s] -- Found rosidl_adapter: 3.1.7 (/opt/ros/humble/share/rosidl_adapter/cmake)
[1.622s] -- Found rosidl_generator_cpp: 3.1.7 (/opt/ros/humble/share/rosidl_generator_cpp/cmake)
[1.622s] -- Using all available rosidl_typesupport_c: rosidl_typesupport_fastrtps_c;rosidl_typesupport_introspection_c
[1.622s] -- Using all available rosidl_typesupport_cpp: rosidl_typesupport_fastrtps_cpp;rosidl_typesupport_introspection_cpp
[1.623s] -- Found rmw_implementation_cmake: 6.1.2 (/opt/ros/humble/share/rmw_implementation_cmake/cmake)
[1.623s] -- Found rmw_fastrtps_cpp: 6.2.8 (/opt/ros/humble/share/rmw_fastrtps_cpp/cmake)
[1.623s] -- Using RMW implementation 'rmw_fastrtps_cpp' as default
[1.916s] -- Ensuring Eigen3 include directory is part of orocos-kdl CMake target
[2.375s] -- Found ament_lint_auto: 0.12.14 (/opt/ros/humble/share/ament_lint_auto/cmake)
[2.440s] [0mIn this package, headers install destination is set to `include` by ament_auto_package. It is recommended to install `include/pb_omni_pid_pursuit_controller` instead and will be the default behavior of ament_auto_package from ROS 2 Kilted Kaiju. On distributions before Kilted, ament_auto_package behaves the same way when you use USE_SCOPED_HEADER_INSTALL_DIR option.[0m
[2.453s] -- Added test 'copyright' to check source files copyright and LICENSE
[2.455s] -- Added test 'cppcheck' to perform static code analysis on C / C++ code
[2.456s] -- Configured cppcheck include dirs: /home/hero/Desktop/birdiebot_nav_ws/src/rm_slam/src/rm_navigation/pb_omni_pid_pursuit_controller/include
[2.457s] -- Configured cppcheck exclude dirs and/or files: 
[2.458s] -- Added test 'cpplint' to check C / C++ code against the Google style
[2.458s] -- Configured cpplint exclude dirs and/or files: 
[2.460s] -- Added test 'lint_cmake' to check CMake code style
[2.461s] -- Added test 'xmllint' to check XML markup files
[2.485s] -- Configuring done
[2.663s] -- Generating done
[2.672s] -- Build files have been written to: /home/hero/Desktop/birdiebot_nav_ws/build/pb_omni_pid_pursuit_controller
[2.867s] [35m[1mConsolidate compiler generated dependencies of target pb_omni_pid_pursuit_controller[0m
[3.060s] [ 33%] [32mBuilding CXX object CMakeFiles/pb_omni_pid_pursuit_controller.dir/src/omni_pid_pursuit_controller.cpp.o[0m
[3.060s] [ 66%] [32mBuilding CXX object CMakeFiles/pb_omni_pid_pursuit_controller.dir/src/pid.cpp.o[0m
[18.438s] [100%] [32m[1mLinking CXX shared library libpb_omni_pid_pursuit_controller.so[0m
[19.032s] [100%] Built target pb_omni_pid_pursuit_controller
[19.076s] Invoked command in '/home/hero/Desktop/birdiebot_nav_ws/build/pb_omni_pid_pursuit_controller' returned '0': CMAKE_PREFIX_PATH=/opt/ros/humble /usr/bin/cmake --build /home/hero/Desktop/birdiebot_nav_ws/build/pb_omni_pid_pursuit_controller -- -j8 -l8
[19.106s] Invoking command in '/home/hero/Desktop/birdiebot_nav_ws/build/pb_omni_pid_pursuit_controller': CMAKE_PREFIX_PATH=/opt/ros/humble /usr/bin/cmake --install /home/hero/Desktop/birdiebot_nav_ws/build/pb_omni_pid_pursuit_controller
[19.118s] -- Install configuration: ""
[19.118s] -- Execute custom install script
[19.118s] -- Up-to-date symlink: /home/hero/Desktop/birdiebot_nav_ws/install/pb_omni_pid_pursuit_controller/share/pb_omni_pid_pursuit_controller//pb_omni_pid_pursuit_controller.xml
[19.118s] -- Up-to-date symlink: /home/hero/Desktop/birdiebot_nav_ws/install/pb_omni_pid_pursuit_controller/include/pb_omni_pid_pursuit_controller/omni_pid_pursuit_controller.hpp
[19.118s] -- Up-to-date symlink: /home/hero/Desktop/birdiebot_nav_ws/install/pb_omni_pid_pursuit_controller/include/pb_omni_pid_pursuit_controller/pid.hpp
[19.118s] -- Up-to-date symlink: /home/hero/Desktop/birdiebot_nav_ws/install/pb_omni_pid_pursuit_controller/share/pb_omni_pid_pursuit_controller/environment/library_path.sh
[19.118s] -- Up-to-date symlink: /home/hero/Desktop/birdiebot_nav_ws/install/pb_omni_pid_pursuit_controller/share/pb_omni_pid_pursuit_controller/environment/library_path.dsv
[19.118s] -- Up-to-date symlink: /home/hero/Desktop/birdiebot_nav_ws/install/pb_omni_pid_pursuit_controller/lib/libpb_omni_pid_pursuit_controller.so
[19.118s] -- Up-to-date symlink: /home/hero/Desktop/birdiebot_nav_ws/install/pb_omni_pid_pursuit_controller/share/ament_index/resource_index/package_run_dependencies/pb_omni_pid_pursuit_controller
[19.118s] -- Up-to-date symlink: /home/hero/Desktop/birdiebot_nav_ws/install/pb_omni_pid_pursuit_controller/share/ament_index/resource_index/parent_prefix_path/pb_omni_pid_pursuit_controller
[19.118s] -- Up-to-date symlink: /home/hero/Desktop/birdiebot_nav_ws/install/pb_omni_pid_pursuit_controller/share/pb_omni_pid_pursuit_controller/environment/ament_prefix_path.sh
[19.118s] -- Up-to-date symlink: /home/hero/Desktop/birdiebot_nav_ws/install/pb_omni_pid_pursuit_controller/share/pb_omni_pid_pursuit_controller/environment/ament_prefix_path.dsv
[19.118s] -- Up-to-date symlink: /home/hero/Desktop/birdiebot_nav_ws/install/pb_omni_pid_pursuit_controller/share/pb_omni_pid_pursuit_controller/environment/path.sh
[19.118s] -- Up-to-date symlink: /home/hero/Desktop/birdiebot_nav_ws/install/pb_omni_pid_pursuit_controller/share/pb_omni_pid_pursuit_controller/environment/path.dsv
[19.119s] -- Up-to-date symlink: /home/hero/Desktop/birdiebot_nav_ws/install/pb_omni_pid_pursuit_controller/share/pb_omni_pid_pursuit_controller/local_setup.bash
[19.119s] -- Up-to-date symlink: /home/hero/Desktop/birdiebot_nav_ws/install/pb_omni_pid_pursuit_controller/share/pb_omni_pid_pursuit_controller/local_setup.sh
[19.119s] -- Up-to-date symlink: /home/hero/Desktop/birdiebot_nav_ws/install/pb_omni_pid_pursuit_controller/share/pb_omni_pid_pursuit_controller/local_setup.zsh
[19.119s] -- Up-to-date symlink: /home/hero/Desktop/birdiebot_nav_ws/install/pb_omni_pid_pursuit_controller/share/pb_omni_pid_pursuit_controller/local_setup.dsv
[19.119s] -- Symlinking: /home/hero/Desktop/birdiebot_nav_ws/install/pb_omni_pid_pursuit_controller/share/pb_omni_pid_pursuit_controller/package.dsv
[19.153s] -- Up-to-date symlink: /home/hero/Desktop/birdiebot_nav_ws/install/pb_omni_pid_pursuit_controller/share/ament_index/resource_index/packages/pb_omni_pid_pursuit_controller
[19.153s] -- Up-to-date symlink: /home/hero/Desktop/birdiebot_nav_ws/install/pb_omni_pid_pursuit_controller/share/ament_index/resource_index/nav2_core__pluginlib__plugin/pb_omni_pid_pursuit_controller
[19.153s] -- Up-to-date symlink: /home/hero/Desktop/birdiebot_nav_ws/install/pb_omni_pid_pursuit_controller/share/pb_omni_pid_pursuit_controller/cmake/ament_cmake_export_dependencies-extras.cmake
[19.153s] -- Up-to-date symlink: /home/hero/Desktop/birdiebot_nav_ws/install/pb_omni_pid_pursuit_controller/share/pb_omni_pid_pursuit_controller/cmake/ament_cmake_export_include_directories-extras.cmake
[19.153s] -- Up-to-date symlink: /home/hero/Desktop/birdiebot_nav_ws/install/pb_omni_pid_pursuit_controller/share/pb_omni_pid_pursuit_controller/cmake/ament_cmake_export_libraries-extras.cmake
[19.154s] -- Up-to-date symlink: /home/hero/Desktop/birdiebot_nav_ws/install/pb_omni_pid_pursuit_controller/share/pb_omni_pid_pursuit_controller/cmake/pb_omni_pid_pursuit_controllerConfig.cmake
[19.154s] -- Up-to-date symlink: /home/hero/Desktop/birdiebot_nav_ws/install/pb_omni_pid_pursuit_controller/share/pb_omni_pid_pursuit_controller/cmake/pb_omni_pid_pursuit_controllerConfig-version.cmake
[19.154s] -- Up-to-date symlink: /home/hero/Desktop/birdiebot_nav_ws/install/pb_omni_pid_pursuit_controller/share/pb_omni_pid_pursuit_controller/package.xml
[19.163s] Invoked command in '/home/hero/Desktop/birdiebot_nav_ws/build/pb_omni_pid_pursuit_controller' returned '0': CMAKE_PREFIX_PATH=/opt/ros/humble /usr/bin/cmake --install /home/hero/Desktop/birdiebot_nav_ws/build/pb_omni_pid_pursuit_controller
