[0.041s] Invoking command in '/home/hero/Desktop/birdiebot_nav_ws/build/fast_lio': AMENT_PREFIX_PATH=/home/hero/Desktop/birdiebot_nav_ws/install/livox_ros_driver2:${AMENT_PREFIX_PATH} CMAKE_PREFIX_PATH=/home/hero/Desktop/birdiebot_nav_ws/install/livox_ros_driver2:/opt/ros/humble LD_LIBRARY_PATH=/home/hero/Desktop/birdiebot_nav_ws/install/livox_ros_driver2/lib:/opt/intel/openvino_2023.3.0/runtime/lib/intel64:/opt/MVS/lib/64:/opt/MVS/lib/32:/opt/MVS/lib/64:/opt/MVS/lib/32:/opt/intel/openvino_2023.3.0/runtime/lib/intel64:/opt/MVS/lib/64:/opt/MVS/lib/32:/usr/lib/x86_64-linux-gnu/gazebo-11/plugins:/opt/ros/humble/opt/rviz_ogre_vendor/lib:/opt/ros/humble/lib/x86_64-linux-gnu:/opt/ros/humble/opt/openvdb_vendor/lib:/opt/ros/humble/lib:/opt/MVS/lib/64:/opt/MVS/lib/32:/opt/MVS/lib/64:/opt/MVS/lib/32:/opt/MVS/lib/64:/opt/MVS/lib/32 PYTHONPATH=/home/hero/Desktop/birdiebot_nav_ws/install/livox_ros_driver2/local/lib/python3.10/dist-packages:${PYTHONPATH} /usr/bin/cmake --build /home/hero/Desktop/birdiebot_nav_ws/build/fast_lio -- -j8 -l8
[0.140s] [  2%] Built target fast_lio__cpp
[0.166s] [  2%] Built target ament_cmake_python_symlink_fast_lio
[0.166s] [ 11%] Built target fast_lio__rosidl_generator_c
[0.204s] [ 20%] Built target fast_lio__rosidl_typesupport_cpp
[0.208s] [ 28%] Built target fast_lio__rosidl_typesupport_introspection_cpp
[0.209s] [ 37%] Built target fast_lio__rosidl_typesupport_fastrtps_cpp
[0.215s] [ 45%] Built target fast_lio__rosidl_typesupport_introspection_c
[0.216s] [ 54%] Built target fast_lio__rosidl_typesupport_c
[0.231s] [ 62%] Built target fast_lio__rosidl_typesupport_fastrtps_c
[0.254s] [ 62%] Built target fast_lio
[0.261s] [ 74%] Built target fastlio_mapping
[0.285s] [ 77%] Built target fast_lio__py
[0.324s] [ 82%] Built target fast_lio__rosidl_generator_py
[0.346s] [ 88%] Built target fast_lio__rosidl_typesupport_fastrtps_c__pyext
[0.361s] [ 94%] Built target fast_lio__rosidl_typesupport_introspection_c__pyext
[0.363s] [100%] Built target fast_lio__rosidl_typesupport_c__pyext
[0.470s] running egg_info
[0.472s] writing fast_lio.egg-info/PKG-INFO
[0.472s] writing dependency_links to fast_lio.egg-info/dependency_links.txt
[0.472s] writing top-level names to fast_lio.egg-info/top_level.txt
[0.474s] reading manifest file 'fast_lio.egg-info/SOURCES.txt'
[0.480s] writing manifest file 'fast_lio.egg-info/SOURCES.txt'
[0.515s] [100%] Built target ament_cmake_python_build_fast_lio_egg
[0.587s] Invoked command in '/home/hero/Desktop/birdiebot_nav_ws/build/fast_lio' returned '0': AMENT_PREFIX_PATH=/home/hero/Desktop/birdiebot_nav_ws/install/livox_ros_driver2:${AMENT_PREFIX_PATH} CMAKE_PREFIX_PATH=/home/hero/Desktop/birdiebot_nav_ws/install/livox_ros_driver2:/opt/ros/humble LD_LIBRARY_PATH=/home/hero/Desktop/birdiebot_nav_ws/install/livox_ros_driver2/lib:/opt/intel/openvino_2023.3.0/runtime/lib/intel64:/opt/MVS/lib/64:/opt/MVS/lib/32:/opt/MVS/lib/64:/opt/MVS/lib/32:/opt/intel/openvino_2023.3.0/runtime/lib/intel64:/opt/MVS/lib/64:/opt/MVS/lib/32:/usr/lib/x86_64-linux-gnu/gazebo-11/plugins:/opt/ros/humble/opt/rviz_ogre_vendor/lib:/opt/ros/humble/lib/x86_64-linux-gnu:/opt/ros/humble/opt/openvdb_vendor/lib:/opt/ros/humble/lib:/opt/MVS/lib/64:/opt/MVS/lib/32:/opt/MVS/lib/64:/opt/MVS/lib/32:/opt/MVS/lib/64:/opt/MVS/lib/32 PYTHONPATH=/home/hero/Desktop/birdiebot_nav_ws/install/livox_ros_driver2/local/lib/python3.10/dist-packages:${PYTHONPATH} /usr/bin/cmake --build /home/hero/Desktop/birdiebot_nav_ws/build/fast_lio -- -j8 -l8
[0.694s] Invoking command in '/home/hero/Desktop/birdiebot_nav_ws/build/fast_lio': AMENT_PREFIX_PATH=/home/hero/Desktop/birdiebot_nav_ws/install/livox_ros_driver2:${AMENT_PREFIX_PATH} CMAKE_PREFIX_PATH=/home/hero/Desktop/birdiebot_nav_ws/install/livox_ros_driver2:/opt/ros/humble LD_LIBRARY_PATH=/home/hero/Desktop/birdiebot_nav_ws/install/livox_ros_driver2/lib:/opt/intel/openvino_2023.3.0/runtime/lib/intel64:/opt/MVS/lib/64:/opt/MVS/lib/32:/opt/MVS/lib/64:/opt/MVS/lib/32:/opt/intel/openvino_2023.3.0/runtime/lib/intel64:/opt/MVS/lib/64:/opt/MVS/lib/32:/usr/lib/x86_64-linux-gnu/gazebo-11/plugins:/opt/ros/humble/opt/rviz_ogre_vendor/lib:/opt/ros/humble/lib/x86_64-linux-gnu:/opt/ros/humble/opt/openvdb_vendor/lib:/opt/ros/humble/lib:/opt/MVS/lib/64:/opt/MVS/lib/32:/opt/MVS/lib/64:/opt/MVS/lib/32:/opt/MVS/lib/64:/opt/MVS/lib/32 PYTHONPATH=/home/hero/Desktop/birdiebot_nav_ws/install/livox_ros_driver2/local/lib/python3.10/dist-packages:${PYTHONPATH} /usr/bin/cmake --install /home/hero/Desktop/birdiebot_nav_ws/build/fast_lio
[0.702s] -- Install configuration: "Release"
[0.703s] -- Execute custom install script
[0.703s] -- Up-to-date symlink: /home/hero/Desktop/birdiebot_nav_ws/install/fast_lio/share/ament_index/resource_index/rosidl_interfaces/fast_lio
[0.703s] -- Up-to-date symlink: /home/hero/Desktop/birdiebot_nav_ws/install/fast_lio/include/fast_lio/fast_lio/msg/detail/pose6_d__functions.h
[0.703s] -- Up-to-date symlink: /home/hero/Desktop/birdiebot_nav_ws/install/fast_lio/include/fast_lio/fast_lio/msg/detail/pose6_d__struct.h
[0.703s] -- Up-to-date symlink: /home/hero/Desktop/birdiebot_nav_ws/install/fast_lio/include/fast_lio/fast_lio/msg/detail/pose6_d__type_support.h
[0.703s] -- Up-to-date symlink: /home/hero/Desktop/birdiebot_nav_ws/install/fast_lio/include/fast_lio/fast_lio/msg/pose6_d.h
[0.703s] -- Up-to-date symlink: /home/hero/Desktop/birdiebot_nav_ws/install/fast_lio/include/fast_lio/fast_lio/msg/rosidl_generator_c__visibility_control.h
[0.703s] -- Up-to-date symlink: /home/hero/Desktop/birdiebot_nav_ws/install/fast_lio/share/fast_lio/environment/library_path.sh
[0.704s] -- Up-to-date symlink: /home/hero/Desktop/birdiebot_nav_ws/install/fast_lio/share/fast_lio/environment/library_path.dsv
[0.704s] -- Up-to-date symlink: /home/hero/Desktop/birdiebot_nav_ws/install/fast_lio/include/fast_lio/fast_lio/msg/detail/pose6_d__rosidl_typesupport_fastrtps_c.h
[0.704s] -- Up-to-date symlink: /home/hero/Desktop/birdiebot_nav_ws/install/fast_lio/include/fast_lio/fast_lio/msg/rosidl_typesupport_fastrtps_c__visibility_control.h
[0.704s] -- Up-to-date symlink: /home/hero/Desktop/birdiebot_nav_ws/install/fast_lio/include/fast_lio/fast_lio/msg/detail/pose6_d__builder.hpp
[0.704s] -- Up-to-date symlink: /home/hero/Desktop/birdiebot_nav_ws/install/fast_lio/include/fast_lio/fast_lio/msg/detail/pose6_d__struct.hpp
[0.704s] -- Up-to-date symlink: /home/hero/Desktop/birdiebot_nav_ws/install/fast_lio/include/fast_lio/fast_lio/msg/detail/pose6_d__traits.hpp
[0.704s] -- Up-to-date symlink: /home/hero/Desktop/birdiebot_nav_ws/install/fast_lio/include/fast_lio/fast_lio/msg/detail/pose6_d__type_support.hpp
[0.704s] -- Up-to-date symlink: /home/hero/Desktop/birdiebot_nav_ws/install/fast_lio/include/fast_lio/fast_lio/msg/pose6_d.hpp
[0.704s] -- Up-to-date symlink: /home/hero/Desktop/birdiebot_nav_ws/install/fast_lio/include/fast_lio/fast_lio/msg/rosidl_generator_cpp__visibility_control.hpp
[0.705s] -- Up-to-date symlink: /home/hero/Desktop/birdiebot_nav_ws/install/fast_lio/include/fast_lio/fast_lio/msg/detail/pose6_d__rosidl_typesupport_fastrtps_cpp.hpp
[0.705s] -- Up-to-date symlink: /home/hero/Desktop/birdiebot_nav_ws/install/fast_lio/include/fast_lio/fast_lio/msg/rosidl_typesupport_fastrtps_cpp__visibility_control.h
[0.705s] -- Up-to-date symlink: /home/hero/Desktop/birdiebot_nav_ws/install/fast_lio/include/fast_lio/fast_lio/msg/detail/pose6_d__rosidl_typesupport_introspection_c.h
[0.705s] -- Up-to-date symlink: /home/hero/Desktop/birdiebot_nav_ws/install/fast_lio/include/fast_lio/fast_lio/msg/rosidl_typesupport_introspection_c__visibility_control.h
[0.705s] -- Up-to-date symlink: /home/hero/Desktop/birdiebot_nav_ws/install/fast_lio/include/fast_lio/fast_lio/msg/detail/pose6_d__rosidl_typesupport_introspection_cpp.hpp
[0.705s] -- Up-to-date symlink: /home/hero/Desktop/birdiebot_nav_ws/install/fast_lio/share/fast_lio/environment/pythonpath.sh
[0.705s] -- Up-to-date symlink: /home/hero/Desktop/birdiebot_nav_ws/install/fast_lio/share/fast_lio/environment/pythonpath.dsv
[0.706s] -- Up-to-date symlink: /home/hero/Desktop/birdiebot_nav_ws/install/fast_lio/local/lib/python3.10/dist-packages/fast_lio-0.0.0-py3.10.egg-info/PKG-INFO
[0.706s] -- Up-to-date symlink: /home/hero/Desktop/birdiebot_nav_ws/install/fast_lio/local/lib/python3.10/dist-packages/fast_lio-0.0.0-py3.10.egg-info/SOURCES.txt
[0.706s] -- Up-to-date symlink: /home/hero/Desktop/birdiebot_nav_ws/install/fast_lio/local/lib/python3.10/dist-packages/fast_lio-0.0.0-py3.10.egg-info/dependency_links.txt
[0.706s] -- Up-to-date symlink: /home/hero/Desktop/birdiebot_nav_ws/install/fast_lio/local/lib/python3.10/dist-packages/fast_lio-0.0.0-py3.10.egg-info/top_level.txt
[0.706s] -- Up-to-date symlink: /home/hero/Desktop/birdiebot_nav_ws/install/fast_lio/local/lib/python3.10/dist-packages/fast_lio/__init__.py
[0.706s] -- Up-to-date symlink: /home/hero/Desktop/birdiebot_nav_ws/install/fast_lio/local/lib/python3.10/dist-packages/fast_lio/_fast_lio_s.ep.rosidl_typesupport_c.c
[0.706s] -- Up-to-date symlink: /home/hero/Desktop/birdiebot_nav_ws/install/fast_lio/local/lib/python3.10/dist-packages/fast_lio/_fast_lio_s.ep.rosidl_typesupport_fastrtps_c.c
[0.706s] -- Up-to-date symlink: /home/hero/Desktop/birdiebot_nav_ws/install/fast_lio/local/lib/python3.10/dist-packages/fast_lio/_fast_lio_s.ep.rosidl_typesupport_introspection_c.c
[0.706s] -- Up-to-date symlink: /home/hero/Desktop/birdiebot_nav_ws/install/fast_lio/local/lib/python3.10/dist-packages/fast_lio/fast_lio_s__rosidl_typesupport_c.cpython-310-x86_64-linux-gnu.so
[0.707s] -- Up-to-date symlink: /home/hero/Desktop/birdiebot_nav_ws/install/fast_lio/local/lib/python3.10/dist-packages/fast_lio/fast_lio_s__rosidl_typesupport_fastrtps_c.cpython-310-x86_64-linux-gnu.so
[0.707s] -- Up-to-date symlink: /home/hero/Desktop/birdiebot_nav_ws/install/fast_lio/local/lib/python3.10/dist-packages/fast_lio/fast_lio_s__rosidl_typesupport_introspection_c.cpython-310-x86_64-linux-gnu.so
[0.707s] -- Up-to-date symlink: /home/hero/Desktop/birdiebot_nav_ws/install/fast_lio/local/lib/python3.10/dist-packages/fast_lio/libfast_lio__rosidl_generator_py.so
[0.707s] -- Up-to-date symlink: /home/hero/Desktop/birdiebot_nav_ws/install/fast_lio/local/lib/python3.10/dist-packages/fast_lio/msg/__init__.py
[0.707s] -- Up-to-date symlink: /home/hero/Desktop/birdiebot_nav_ws/install/fast_lio/local/lib/python3.10/dist-packages/fast_lio/msg/_pose6_d.py
[0.707s] -- Up-to-date symlink: /home/hero/Desktop/birdiebot_nav_ws/install/fast_lio/local/lib/python3.10/dist-packages/fast_lio/msg/_pose6_d_s.c
[0.707s] -- Up-to-date symlink: /home/hero/Desktop/birdiebot_nav_ws/install/fast_lio/local/lib/python3.10/dist-packages/fast_lio/fast_lio_s__rosidl_typesupport_fastrtps_c.cpython-310-x86_64-linux-gnu.so
[0.710s] -- Up-to-date symlink: /home/hero/Desktop/birdiebot_nav_ws/install/fast_lio/local/lib/python3.10/dist-packages/fast_lio/fast_lio_s__rosidl_typesupport_introspection_c.cpython-310-x86_64-linux-gnu.so
[0.710s] -- Up-to-date symlink: /home/hero/Desktop/birdiebot_nav_ws/install/fast_lio/local/lib/python3.10/dist-packages/fast_lio/fast_lio_s__rosidl_typesupport_c.cpython-310-x86_64-linux-gnu.so
[0.711s] -- Up-to-date symlink: /home/hero/Desktop/birdiebot_nav_ws/install/fast_lio/share/fast_lio/msg/Pose6D.idl
[0.711s] -- Up-to-date symlink: /home/hero/Desktop/birdiebot_nav_ws/install/fast_lio/share/fast_lio/msg/Pose6D.msg
[0.711s] -- Up-to-date symlink: /home/hero/Desktop/birdiebot_nav_ws/install/fast_lio/lib/fast_lio/fastlio_mapping
[0.712s] -- Up-to-date symlink: /home/hero/Desktop/birdiebot_nav_ws/install/fast_lio/share/fast_lio/config/avia.yaml
[0.712s] -- Up-to-date symlink: /home/hero/Desktop/birdiebot_nav_ws/install/fast_lio/share/fast_lio/config/horizon.yaml
[0.712s] -- Up-to-date symlink: /home/hero/Desktop/birdiebot_nav_ws/install/fast_lio/share/fast_lio/config/mid360.yaml
[0.712s] -- Up-to-date symlink: /home/hero/Desktop/birdiebot_nav_ws/install/fast_lio/share/fast_lio/config/ouster64.yaml
[0.712s] -- Up-to-date symlink: /home/hero/Desktop/birdiebot_nav_ws/install/fast_lio/share/fast_lio/config/velodyne.yaml
[0.712s] -- Up-to-date symlink: /home/hero/Desktop/birdiebot_nav_ws/install/fast_lio/share/fast_lio/launch/gdb_debug_example.launch
[0.712s] -- Up-to-date symlink: /home/hero/Desktop/birdiebot_nav_ws/install/fast_lio/share/fast_lio/launch/mapping.launch.py
[0.712s] -- Up-to-date symlink: /home/hero/Desktop/birdiebot_nav_ws/install/fast_lio/share/fast_lio/rviz/fastlio.rviz
[0.712s] -- Up-to-date symlink: /home/hero/Desktop/birdiebot_nav_ws/install/fast_lio/share/ament_index/resource_index/package_run_dependencies/fast_lio
[0.712s] -- Up-to-date symlink: /home/hero/Desktop/birdiebot_nav_ws/install/fast_lio/share/ament_index/resource_index/parent_prefix_path/fast_lio
[0.712s] -- Up-to-date symlink: /home/hero/Desktop/birdiebot_nav_ws/install/fast_lio/share/fast_lio/environment/ament_prefix_path.sh
[0.712s] -- Up-to-date symlink: /home/hero/Desktop/birdiebot_nav_ws/install/fast_lio/share/fast_lio/environment/ament_prefix_path.dsv
[0.712s] -- Up-to-date symlink: /home/hero/Desktop/birdiebot_nav_ws/install/fast_lio/share/fast_lio/environment/path.sh
[0.712s] -- Up-to-date symlink: /home/hero/Desktop/birdiebot_nav_ws/install/fast_lio/share/fast_lio/environment/path.dsv
[0.712s] -- Up-to-date symlink: /home/hero/Desktop/birdiebot_nav_ws/install/fast_lio/share/fast_lio/local_setup.bash
[0.712s] -- Up-to-date symlink: /home/hero/Desktop/birdiebot_nav_ws/install/fast_lio/share/fast_lio/local_setup.sh
[0.712s] -- Up-to-date symlink: /home/hero/Desktop/birdiebot_nav_ws/install/fast_lio/share/fast_lio/local_setup.zsh
[0.712s] -- Up-to-date symlink: /home/hero/Desktop/birdiebot_nav_ws/install/fast_lio/share/fast_lio/local_setup.dsv
[0.712s] -- Symlinking: /home/hero/Desktop/birdiebot_nav_ws/install/fast_lio/share/fast_lio/package.dsv
[0.720s] -- Up-to-date symlink: /home/hero/Desktop/birdiebot_nav_ws/install/fast_lio/share/ament_index/resource_index/packages/fast_lio
[0.721s] -- Up-to-date symlink: /home/hero/Desktop/birdiebot_nav_ws/install/fast_lio/share/fast_lio/cmake/rosidl_cmake-extras.cmake
[0.721s] -- Up-to-date symlink: /home/hero/Desktop/birdiebot_nav_ws/install/fast_lio/share/fast_lio/cmake/ament_cmake_export_include_directories-extras.cmake
[0.721s] -- Up-to-date symlink: /home/hero/Desktop/birdiebot_nav_ws/install/fast_lio/share/fast_lio/cmake/ament_cmake_export_libraries-extras.cmake
[0.721s] -- Up-to-date symlink: /home/hero/Desktop/birdiebot_nav_ws/install/fast_lio/share/fast_lio/cmake/ament_cmake_export_targets-extras.cmake
[0.721s] -- Up-to-date symlink: /home/hero/Desktop/birdiebot_nav_ws/install/fast_lio/share/fast_lio/cmake/rosidl_cmake_export_typesupport_targets-extras.cmake
[0.721s] -- Up-to-date symlink: /home/hero/Desktop/birdiebot_nav_ws/install/fast_lio/share/fast_lio/cmake/ament_cmake_export_dependencies-extras.cmake
[0.721s] -- Up-to-date symlink: /home/hero/Desktop/birdiebot_nav_ws/install/fast_lio/share/fast_lio/cmake/rosidl_cmake_export_typesupport_libraries-extras.cmake
[0.721s] -- Up-to-date symlink: /home/hero/Desktop/birdiebot_nav_ws/install/fast_lio/share/fast_lio/cmake/fast_lioConfig.cmake
[0.721s] -- Up-to-date symlink: /home/hero/Desktop/birdiebot_nav_ws/install/fast_lio/share/fast_lio/cmake/fast_lioConfig-version.cmake
[0.721s] -- Up-to-date symlink: /home/hero/Desktop/birdiebot_nav_ws/install/fast_lio/share/fast_lio/package.xml
[0.722s] -- Up-to-date: /home/hero/Desktop/birdiebot_nav_ws/install/fast_lio/lib/libfast_lio__rosidl_generator_c.so
[0.722s] -- Up-to-date: /home/hero/Desktop/birdiebot_nav_ws/install/fast_lio/lib/libfast_lio__rosidl_typesupport_fastrtps_c.so
[0.723s] -- Up-to-date: /home/hero/Desktop/birdiebot_nav_ws/install/fast_lio/lib/libfast_lio__rosidl_typesupport_fastrtps_cpp.so
[0.723s] -- Up-to-date: /home/hero/Desktop/birdiebot_nav_ws/install/fast_lio/lib/libfast_lio__rosidl_typesupport_introspection_c.so
[0.723s] -- Up-to-date: /home/hero/Desktop/birdiebot_nav_ws/install/fast_lio/lib/libfast_lio__rosidl_typesupport_c.so
[0.725s] -- Up-to-date: /home/hero/Desktop/birdiebot_nav_ws/install/fast_lio/lib/libfast_lio__rosidl_typesupport_introspection_cpp.so
[0.726s] -- Up-to-date: /home/hero/Desktop/birdiebot_nav_ws/install/fast_lio/lib/libfast_lio__rosidl_typesupport_cpp.so
[0.748s] Listing '/home/hero/Desktop/birdiebot_nav_ws/install/fast_lio/local/lib/python3.10/dist-packages/fast_lio'...
[0.748s] Listing '/home/hero/Desktop/birdiebot_nav_ws/install/fast_lio/local/lib/python3.10/dist-packages/fast_lio/msg'...
[0.752s] -- Up-to-date: /home/hero/Desktop/birdiebot_nav_ws/install/fast_lio/lib/libfast_lio__rosidl_generator_py.so
[0.752s] -- Up-to-date: /home/hero/Desktop/birdiebot_nav_ws/install/fast_lio/share/fast_lio/cmake/export_fast_lio__rosidl_generator_cExport.cmake
[0.752s] -- Up-to-date: /home/hero/Desktop/birdiebot_nav_ws/install/fast_lio/share/fast_lio/cmake/export_fast_lio__rosidl_generator_cExport-release.cmake
[0.752s] -- Up-to-date: /home/hero/Desktop/birdiebot_nav_ws/install/fast_lio/share/fast_lio/cmake/export_fast_lio__rosidl_typesupport_fastrtps_cExport.cmake
[0.752s] -- Up-to-date: /home/hero/Desktop/birdiebot_nav_ws/install/fast_lio/share/fast_lio/cmake/export_fast_lio__rosidl_typesupport_fastrtps_cExport-release.cmake
[0.753s] -- Up-to-date: /home/hero/Desktop/birdiebot_nav_ws/install/fast_lio/share/fast_lio/cmake/export_fast_lio__rosidl_generator_cppExport.cmake
[0.753s] -- Up-to-date: /home/hero/Desktop/birdiebot_nav_ws/install/fast_lio/share/fast_lio/cmake/export_fast_lio__rosidl_typesupport_fastrtps_cppExport.cmake
[0.753s] -- Up-to-date: /home/hero/Desktop/birdiebot_nav_ws/install/fast_lio/share/fast_lio/cmake/export_fast_lio__rosidl_typesupport_fastrtps_cppExport-release.cmake
[0.753s] -- Up-to-date: /home/hero/Desktop/birdiebot_nav_ws/install/fast_lio/share/fast_lio/cmake/fast_lio__rosidl_typesupport_introspection_cExport.cmake
[0.753s] -- Up-to-date: /home/hero/Desktop/birdiebot_nav_ws/install/fast_lio/share/fast_lio/cmake/fast_lio__rosidl_typesupport_introspection_cExport-release.cmake
[0.753s] -- Up-to-date: /home/hero/Desktop/birdiebot_nav_ws/install/fast_lio/share/fast_lio/cmake/fast_lio__rosidl_typesupport_cExport.cmake
[0.754s] -- Up-to-date: /home/hero/Desktop/birdiebot_nav_ws/install/fast_lio/share/fast_lio/cmake/fast_lio__rosidl_typesupport_cExport-release.cmake
[0.754s] -- Up-to-date: /home/hero/Desktop/birdiebot_nav_ws/install/fast_lio/share/fast_lio/cmake/fast_lio__rosidl_typesupport_introspection_cppExport.cmake
[0.754s] -- Up-to-date: /home/hero/Desktop/birdiebot_nav_ws/install/fast_lio/share/fast_lio/cmake/fast_lio__rosidl_typesupport_introspection_cppExport-release.cmake
[0.754s] -- Up-to-date: /home/hero/Desktop/birdiebot_nav_ws/install/fast_lio/share/fast_lio/cmake/fast_lio__rosidl_typesupport_cppExport.cmake
[0.754s] -- Up-to-date: /home/hero/Desktop/birdiebot_nav_ws/install/fast_lio/share/fast_lio/cmake/fast_lio__rosidl_typesupport_cppExport-release.cmake
[0.754s] -- Up-to-date: /home/hero/Desktop/birdiebot_nav_ws/install/fast_lio/share/fast_lio/cmake/export_fast_lio__rosidl_generator_pyExport.cmake
[0.754s] -- Up-to-date: /home/hero/Desktop/birdiebot_nav_ws/install/fast_lio/share/fast_lio/cmake/export_fast_lio__rosidl_generator_pyExport-release.cmake
[0.757s] Invoked command in '/home/hero/Desktop/birdiebot_nav_ws/build/fast_lio' returned '0': AMENT_PREFIX_PATH=/home/hero/Desktop/birdiebot_nav_ws/install/livox_ros_driver2:${AMENT_PREFIX_PATH} CMAKE_PREFIX_PATH=/home/hero/Desktop/birdiebot_nav_ws/install/livox_ros_driver2:/opt/ros/humble LD_LIBRARY_PATH=/home/hero/Desktop/birdiebot_nav_ws/install/livox_ros_driver2/lib:/opt/intel/openvino_2023.3.0/runtime/lib/intel64:/opt/MVS/lib/64:/opt/MVS/lib/32:/opt/MVS/lib/64:/opt/MVS/lib/32:/opt/intel/openvino_2023.3.0/runtime/lib/intel64:/opt/MVS/lib/64:/opt/MVS/lib/32:/usr/lib/x86_64-linux-gnu/gazebo-11/plugins:/opt/ros/humble/opt/rviz_ogre_vendor/lib:/opt/ros/humble/lib/x86_64-linux-gnu:/opt/ros/humble/opt/openvdb_vendor/lib:/opt/ros/humble/lib:/opt/MVS/lib/64:/opt/MVS/lib/32:/opt/MVS/lib/64:/opt/MVS/lib/32:/opt/MVS/lib/64:/opt/MVS/lib/32 PYTHONPATH=/home/hero/Desktop/birdiebot_nav_ws/install/livox_ros_driver2/local/lib/python3.10/dist-packages:${PYTHONPATH} /usr/bin/cmake --install /home/hero/Desktop/birdiebot_nav_ws/build/fast_lio
