[0.024s] Invoking command in '/home/hero/Desktop/birdiebot_nav_ws/build/costmap_converter_msgs': CMAKE_PREFIX_PATH=/opt/ros/humble /usr/bin/cmake --build /home/hero/Desktop/birdiebot_nav_ws/build/costmap_converter_msgs -- -j8 -l8
[4.681s] -- Found ament_cmake: 1.3.12 (/opt/ros/humble/share/ament_cmake/cmake)
[4.681s] -- Override CMake install command with custom implementation using symlinks instead of copying resources
[4.681s] -- Found builtin_interfaces: 1.2.2 (/opt/ros/humble/share/builtin_interfaces/cmake)
[4.681s] -- Found rosidl_generator_c: 3.1.7 (/opt/ros/humble/share/rosidl_generator_c/cmake)
[4.681s] -- Found rosidl_adapter: 3.1.7 (/opt/ros/humble/share/rosidl_adapter/cmake)
[4.681s] -- Found rosidl_generator_cpp: 3.1.7 (/opt/ros/humble/share/rosidl_generator_cpp/cmake)
[4.681s] -- Using all available rosidl_typesupport_c: rosidl_typesupport_fastrtps_c;rosidl_typesupport_introspection_c
[4.681s] -- Using all available rosidl_typesupport_cpp: rosidl_typesupport_fastrtps_cpp;rosidl_typesupport_introspection_cpp
[4.681s] -- Found geometry_msgs: 4.9.0 (/opt/ros/humble/share/geometry_msgs/cmake)
[4.681s] -- Found rosidl_default_generators: 1.2.0 (/opt/ros/humble/share/rosidl_default_generators/cmake)
[4.681s] -- Found ament_cmake_ros: 0.10.0 (/opt/ros/humble/share/ament_cmake_ros/cmake)
[4.681s] -- Using all available rosidl_typesupport_c: rosidl_typesupport_fastrtps_c;rosidl_typesupport_introspection_c
[4.681s] -- Using all available rosidl_typesupport_cpp: rosidl_typesupport_fastrtps_cpp;rosidl_typesupport_introspection_cpp
[4.681s] -- Found python_cmake_module: 0.10.0 (/opt/ros/humble/share/python_cmake_module/cmake)
[4.682s] -- Using PYTHON_EXECUTABLE: /usr/bin/python3
[4.682s] -- Using PYTHON_INCLUDE_DIRS: /usr/include/python3.10
[4.682s] -- Using PYTHON_LIBRARIES: /usr/lib/x86_64-linux-gnu/libpython3.10.so
[4.682s] -- Configuring done
[4.682s] -- Generating done
[4.682s] -- Build files have been written to: /home/hero/Desktop/birdiebot_nav_ws/build/costmap_converter_msgs
[4.682s] [  2%] [34m[1mGenerating C++ code for ROS interfaces[0m
[4.682s] [35m[1mConsolidate compiler generated dependencies of target costmap_converter_msgs__rosidl_generator_c[0m
[4.682s] [ 12%] Built target costmap_converter_msgs__rosidl_generator_c
[4.682s] [ 12%] Built target ament_cmake_python_symlink_costmap_converter_msgs
[4.682s] [35m[1mConsolidate compiler generated dependencies of target costmap_converter_msgs__rosidl_typesupport_fastrtps_c[0m
[4.682s] [35m[1mConsolidate compiler generated dependencies of target costmap_converter_msgs__rosidl_typesupport_introspection_c[0m
[4.682s] [35m[1mConsolidate compiler generated dependencies of target costmap_converter_msgs__rosidl_typesupport_c[0m
[4.682s] [ 23%] Built target costmap_converter_msgs__rosidl_typesupport_fastrtps_c
[4.682s] [ 33%] Built target costmap_converter_msgs__rosidl_typesupport_introspection_c
[4.682s] [ 43%] Built target costmap_converter_msgs__rosidl_typesupport_c
[4.682s] running egg_info
[4.683s] writing costmap_converter_msgs.egg-info/PKG-INFO
[4.683s] writing dependency_links to costmap_converter_msgs.egg-info/dependency_links.txt
[4.683s] writing top-level names to costmap_converter_msgs.egg-info/top_level.txt
[4.683s] reading manifest file 'costmap_converter_msgs.egg-info/SOURCES.txt'
[4.683s] writing manifest file 'costmap_converter_msgs.egg-info/SOURCES.txt'
[4.683s] [ 43%] Built target costmap_converter_msgs__cpp
[4.683s] [35m[1mConsolidate compiler generated dependencies of target costmap_converter_msgs__rosidl_typesupport_cpp[0m
[4.683s] [35m[1mConsolidate compiler generated dependencies of target costmap_converter_msgs__rosidl_typesupport_introspection_cpp[0m
[4.683s] [35m[1mConsolidate compiler generated dependencies of target costmap_converter_msgs__rosidl_typesupport_fastrtps_cpp[0m
[4.683s] [ 43%] Built target ament_cmake_python_build_costmap_converter_msgs_egg
[4.683s] [ 46%] [32mBuilding CXX object CMakeFiles/costmap_converter_msgs__rosidl_typesupport_cpp.dir/rosidl_typesupport_cpp/costmap_converter_msgs/msg/obstacle_array_msg__type_support.cpp.o[0m
[4.683s] [ 48%] [32mBuilding CXX object CMakeFiles/costmap_converter_msgs__rosidl_typesupport_cpp.dir/rosidl_typesupport_cpp/costmap_converter_msgs/msg/obstacle_msg__type_support.cpp.o[0m
[4.683s] [ 51%] [32mBuilding CXX object CMakeFiles/costmap_converter_msgs__rosidl_typesupport_introspection_cpp.dir/rosidl_typesupport_introspection_cpp/costmap_converter_msgs/msg/detail/obstacle_msg__type_support.cpp.o[0m
[4.683s] [ 53%] [32mBuilding CXX object CMakeFiles/costmap_converter_msgs__rosidl_typesupport_introspection_cpp.dir/rosidl_typesupport_introspection_cpp/costmap_converter_msgs/msg/detail/obstacle_array_msg__type_support.cpp.o[0m
[4.683s] [ 56%] [32mBuilding CXX object CMakeFiles/costmap_converter_msgs__rosidl_typesupport_fastrtps_cpp.dir/rosidl_typesupport_fastrtps_cpp/costmap_converter_msgs/msg/detail/dds_fastrtps/obstacle_array_msg__type_support.cpp.o[0m
[4.683s] [ 58%] [32mBuilding CXX object CMakeFiles/costmap_converter_msgs__rosidl_typesupport_fastrtps_cpp.dir/rosidl_typesupport_fastrtps_cpp/costmap_converter_msgs/msg/detail/dds_fastrtps/obstacle_msg__type_support.cpp.o[0m
[4.683s] [ 61%] [32m[1mLinking CXX shared library libcostmap_converter_msgs__rosidl_typesupport_cpp.so[0m
[4.683s] [ 64%] Built target costmap_converter_msgs__rosidl_typesupport_cpp
[4.683s] [ 66%] [32m[1mLinking CXX shared library libcostmap_converter_msgs__rosidl_typesupport_introspection_cpp.so[0m
[4.683s] [ 69%] [32m[1mLinking CXX shared library libcostmap_converter_msgs__rosidl_typesupport_fastrtps_cpp.so[0m
[4.739s] [ 71%] Built target costmap_converter_msgs__rosidl_typesupport_fastrtps_cpp
[4.765s] [ 74%] Built target costmap_converter_msgs__rosidl_typesupport_introspection_cpp
[4.964s] [ 74%] Built target costmap_converter_msgs
[5.097s] [ 76%] Built target costmap_converter_msgs__py
[5.166s] [35m[1mConsolidate compiler generated dependencies of target costmap_converter_msgs__rosidl_generator_py[0m
[5.256s] [ 84%] Built target costmap_converter_msgs__rosidl_generator_py
[5.356s] [35m[1mConsolidate compiler generated dependencies of target costmap_converter_msgs__rosidl_typesupport_fastrtps_c__pyext[0m
[5.358s] [35m[1mConsolidate compiler generated dependencies of target costmap_converter_msgs__rosidl_typesupport_introspection_c__pyext[0m
[5.403s] [ 89%] Built target costmap_converter_msgs__rosidl_typesupport_fastrtps_c__pyext
[5.404s] [35m[1mConsolidate compiler generated dependencies of target costmap_converter_msgs__rosidl_typesupport_c__pyext[0m
[5.436s] [ 94%] Built target costmap_converter_msgs__rosidl_typesupport_introspection_c__pyext
[5.488s] [100%] Built target costmap_converter_msgs__rosidl_typesupport_c__pyext
[5.564s] Invoked command in '/home/hero/Desktop/birdiebot_nav_ws/build/costmap_converter_msgs' returned '0': CMAKE_PREFIX_PATH=/opt/ros/humble /usr/bin/cmake --build /home/hero/Desktop/birdiebot_nav_ws/build/costmap_converter_msgs -- -j8 -l8
[7.175s] Invoking command in '/home/hero/Desktop/birdiebot_nav_ws/build/costmap_converter_msgs': CMAKE_PREFIX_PATH=/opt/ros/humble /usr/bin/cmake --install /home/hero/Desktop/birdiebot_nav_ws/build/costmap_converter_msgs
[7.208s] -- Install configuration: ""
[7.224s] -- Execute custom install script
[7.224s] -- Up-to-date symlink: /home/hero/Desktop/birdiebot_nav_ws/install/costmap_converter_msgs/share/ament_index/resource_index/rosidl_interfaces/costmap_converter_msgs
[7.233s] -- Up-to-date symlink: /home/hero/Desktop/birdiebot_nav_ws/install/costmap_converter_msgs/include/costmap_converter_msgs/costmap_converter_msgs/msg/detail/obstacle_array_msg__functions.h
[7.233s] -- Up-to-date symlink: /home/hero/Desktop/birdiebot_nav_ws/install/costmap_converter_msgs/include/costmap_converter_msgs/costmap_converter_msgs/msg/detail/obstacle_array_msg__struct.h
[7.233s] -- Up-to-date symlink: /home/hero/Desktop/birdiebot_nav_ws/install/costmap_converter_msgs/include/costmap_converter_msgs/costmap_converter_msgs/msg/detail/obstacle_array_msg__type_support.h
[7.233s] -- Up-to-date symlink: /home/hero/Desktop/birdiebot_nav_ws/install/costmap_converter_msgs/include/costmap_converter_msgs/costmap_converter_msgs/msg/detail/obstacle_msg__functions.h
[7.233s] -- Up-to-date symlink: /home/hero/Desktop/birdiebot_nav_ws/install/costmap_converter_msgs/include/costmap_converter_msgs/costmap_converter_msgs/msg/detail/obstacle_msg__struct.h
[7.234s] -- Up-to-date symlink: /home/hero/Desktop/birdiebot_nav_ws/install/costmap_converter_msgs/include/costmap_converter_msgs/costmap_converter_msgs/msg/detail/obstacle_msg__type_support.h
[7.234s] -- Up-to-date symlink: /home/hero/Desktop/birdiebot_nav_ws/install/costmap_converter_msgs/include/costmap_converter_msgs/costmap_converter_msgs/msg/obstacle_array_msg.h
[7.234s] -- Up-to-date symlink: /home/hero/Desktop/birdiebot_nav_ws/install/costmap_converter_msgs/include/costmap_converter_msgs/costmap_converter_msgs/msg/obstacle_msg.h
[7.234s] -- Up-to-date symlink: /home/hero/Desktop/birdiebot_nav_ws/install/costmap_converter_msgs/include/costmap_converter_msgs/costmap_converter_msgs/msg/rosidl_generator_c__visibility_control.h
[7.234s] -- Up-to-date symlink: /home/hero/Desktop/birdiebot_nav_ws/install/costmap_converter_msgs/share/costmap_converter_msgs/environment/library_path.sh
[7.234s] -- Up-to-date symlink: /home/hero/Desktop/birdiebot_nav_ws/install/costmap_converter_msgs/share/costmap_converter_msgs/environment/library_path.dsv
[7.241s] -- Up-to-date symlink: /home/hero/Desktop/birdiebot_nav_ws/install/costmap_converter_msgs/include/costmap_converter_msgs/costmap_converter_msgs/msg/detail/obstacle_array_msg__rosidl_typesupport_fastrtps_c.h
[7.246s] -- Up-to-date symlink: /home/hero/Desktop/birdiebot_nav_ws/install/costmap_converter_msgs/include/costmap_converter_msgs/costmap_converter_msgs/msg/detail/obstacle_msg__rosidl_typesupport_fastrtps_c.h
[7.250s] -- Up-to-date symlink: /home/hero/Desktop/birdiebot_nav_ws/install/costmap_converter_msgs/include/costmap_converter_msgs/costmap_converter_msgs/msg/rosidl_typesupport_fastrtps_c__visibility_control.h
[7.250s] -- Up-to-date symlink: /home/hero/Desktop/birdiebot_nav_ws/install/costmap_converter_msgs/include/costmap_converter_msgs/costmap_converter_msgs/msg/detail/obstacle_array_msg__builder.hpp
[7.250s] -- Up-to-date symlink: /home/hero/Desktop/birdiebot_nav_ws/install/costmap_converter_msgs/include/costmap_converter_msgs/costmap_converter_msgs/msg/detail/obstacle_array_msg__struct.hpp
[7.250s] -- Up-to-date symlink: /home/hero/Desktop/birdiebot_nav_ws/install/costmap_converter_msgs/include/costmap_converter_msgs/costmap_converter_msgs/msg/detail/obstacle_array_msg__traits.hpp
[7.251s] -- Symlinking: /home/hero/Desktop/birdiebot_nav_ws/install/costmap_converter_msgs/include/costmap_converter_msgs/costmap_converter_msgs/msg/detail/obstacle_array_msg__type_support.hpp
[7.292s] -- Up-to-date symlink: /home/hero/Desktop/birdiebot_nav_ws/install/costmap_converter_msgs/include/costmap_converter_msgs/costmap_converter_msgs/msg/detail/obstacle_msg__builder.hpp
[7.293s] -- Up-to-date symlink: /home/hero/Desktop/birdiebot_nav_ws/install/costmap_converter_msgs/include/costmap_converter_msgs/costmap_converter_msgs/msg/detail/obstacle_msg__struct.hpp
[7.293s] -- Up-to-date symlink: /home/hero/Desktop/birdiebot_nav_ws/install/costmap_converter_msgs/include/costmap_converter_msgs/costmap_converter_msgs/msg/detail/obstacle_msg__traits.hpp
[7.293s] -- Symlinking: /home/hero/Desktop/birdiebot_nav_ws/install/costmap_converter_msgs/include/costmap_converter_msgs/costmap_converter_msgs/msg/detail/obstacle_msg__type_support.hpp
[7.337s] -- Up-to-date symlink: /home/hero/Desktop/birdiebot_nav_ws/install/costmap_converter_msgs/include/costmap_converter_msgs/costmap_converter_msgs/msg/obstacle_array_msg.hpp
[7.337s] -- Up-to-date symlink: /home/hero/Desktop/birdiebot_nav_ws/install/costmap_converter_msgs/include/costmap_converter_msgs/costmap_converter_msgs/msg/obstacle_msg.hpp
[7.338s] -- Symlinking: /home/hero/Desktop/birdiebot_nav_ws/install/costmap_converter_msgs/include/costmap_converter_msgs/costmap_converter_msgs/msg/rosidl_generator_cpp__visibility_control.hpp
[7.380s] -- Up-to-date symlink: /home/hero/Desktop/birdiebot_nav_ws/install/costmap_converter_msgs/include/costmap_converter_msgs/costmap_converter_msgs/msg/detail/obstacle_array_msg__rosidl_typesupport_fastrtps_cpp.hpp
[7.380s] -- Up-to-date symlink: /home/hero/Desktop/birdiebot_nav_ws/install/costmap_converter_msgs/include/costmap_converter_msgs/costmap_converter_msgs/msg/detail/obstacle_msg__rosidl_typesupport_fastrtps_cpp.hpp
[7.380s] -- Up-to-date symlink: /home/hero/Desktop/birdiebot_nav_ws/install/costmap_converter_msgs/include/costmap_converter_msgs/costmap_converter_msgs/msg/rosidl_typesupport_fastrtps_cpp__visibility_control.h
[7.380s] -- Up-to-date symlink: /home/hero/Desktop/birdiebot_nav_ws/install/costmap_converter_msgs/include/costmap_converter_msgs/costmap_converter_msgs/msg/detail/obstacle_array_msg__rosidl_typesupport_introspection_c.h
[7.380s] -- Up-to-date symlink: /home/hero/Desktop/birdiebot_nav_ws/install/costmap_converter_msgs/include/costmap_converter_msgs/costmap_converter_msgs/msg/detail/obstacle_msg__rosidl_typesupport_introspection_c.h
[7.380s] -- Up-to-date symlink: /home/hero/Desktop/birdiebot_nav_ws/install/costmap_converter_msgs/include/costmap_converter_msgs/costmap_converter_msgs/msg/rosidl_typesupport_introspection_c__visibility_control.h
[7.380s] -- Up-to-date symlink: /home/hero/Desktop/birdiebot_nav_ws/install/costmap_converter_msgs/include/costmap_converter_msgs/costmap_converter_msgs/msg/detail/obstacle_array_msg__rosidl_typesupport_introspection_cpp.hpp
[7.380s] -- Up-to-date symlink: /home/hero/Desktop/birdiebot_nav_ws/install/costmap_converter_msgs/include/costmap_converter_msgs/costmap_converter_msgs/msg/detail/obstacle_msg__rosidl_typesupport_introspection_cpp.hpp
[7.380s] -- Up-to-date symlink: /home/hero/Desktop/birdiebot_nav_ws/install/costmap_converter_msgs/share/costmap_converter_msgs/environment/pythonpath.sh
[7.380s] -- Up-to-date symlink: /home/hero/Desktop/birdiebot_nav_ws/install/costmap_converter_msgs/share/costmap_converter_msgs/environment/pythonpath.dsv
[7.380s] -- Up-to-date symlink: /home/hero/Desktop/birdiebot_nav_ws/install/costmap_converter_msgs/local/lib/python3.10/dist-packages/costmap_converter_msgs-0.1.2-py3.10.egg-info/PKG-INFO
[7.381s] -- Up-to-date symlink: /home/hero/Desktop/birdiebot_nav_ws/install/costmap_converter_msgs/local/lib/python3.10/dist-packages/costmap_converter_msgs-0.1.2-py3.10.egg-info/SOURCES.txt
[7.381s] -- Up-to-date symlink: /home/hero/Desktop/birdiebot_nav_ws/install/costmap_converter_msgs/local/lib/python3.10/dist-packages/costmap_converter_msgs-0.1.2-py3.10.egg-info/dependency_links.txt
[7.381s] -- Up-to-date symlink: /home/hero/Desktop/birdiebot_nav_ws/install/costmap_converter_msgs/local/lib/python3.10/dist-packages/costmap_converter_msgs-0.1.2-py3.10.egg-info/top_level.txt
[7.381s] -- Up-to-date symlink: /home/hero/Desktop/birdiebot_nav_ws/install/costmap_converter_msgs/local/lib/python3.10/dist-packages/costmap_converter_msgs/__init__.py
[7.381s] -- Up-to-date symlink: /home/hero/Desktop/birdiebot_nav_ws/install/costmap_converter_msgs/local/lib/python3.10/dist-packages/costmap_converter_msgs/_costmap_converter_msgs_s.ep.rosidl_typesupport_c.c
[7.381s] -- Up-to-date symlink: /home/hero/Desktop/birdiebot_nav_ws/install/costmap_converter_msgs/local/lib/python3.10/dist-packages/costmap_converter_msgs/_costmap_converter_msgs_s.ep.rosidl_typesupport_fastrtps_c.c
[7.381s] -- Up-to-date symlink: /home/hero/Desktop/birdiebot_nav_ws/install/costmap_converter_msgs/local/lib/python3.10/dist-packages/costmap_converter_msgs/_costmap_converter_msgs_s.ep.rosidl_typesupport_introspection_c.c
[7.381s] -- Up-to-date symlink: /home/hero/Desktop/birdiebot_nav_ws/install/costmap_converter_msgs/local/lib/python3.10/dist-packages/costmap_converter_msgs/costmap_converter_msgs_s__rosidl_typesupport_c.cpython-310-x86_64-linux-gnu.so
[7.381s] -- Up-to-date symlink: /home/hero/Desktop/birdiebot_nav_ws/install/costmap_converter_msgs/local/lib/python3.10/dist-packages/costmap_converter_msgs/costmap_converter_msgs_s__rosidl_typesupport_fastrtps_c.cpython-310-x86_64-linux-gnu.so
[7.381s] -- Up-to-date symlink: /home/hero/Desktop/birdiebot_nav_ws/install/costmap_converter_msgs/local/lib/python3.10/dist-packages/costmap_converter_msgs/costmap_converter_msgs_s__rosidl_typesupport_introspection_c.cpython-310-x86_64-linux-gnu.so
[7.381s] -- Up-to-date symlink: /home/hero/Desktop/birdiebot_nav_ws/install/costmap_converter_msgs/local/lib/python3.10/dist-packages/costmap_converter_msgs/libcostmap_converter_msgs__rosidl_generator_py.so
[7.381s] -- Up-to-date symlink: /home/hero/Desktop/birdiebot_nav_ws/install/costmap_converter_msgs/local/lib/python3.10/dist-packages/costmap_converter_msgs/msg/__init__.py
[7.381s] -- Up-to-date symlink: /home/hero/Desktop/birdiebot_nav_ws/install/costmap_converter_msgs/local/lib/python3.10/dist-packages/costmap_converter_msgs/msg/_obstacle_array_msg.py
[7.381s] -- Up-to-date symlink: /home/hero/Desktop/birdiebot_nav_ws/install/costmap_converter_msgs/local/lib/python3.10/dist-packages/costmap_converter_msgs/msg/_obstacle_array_msg_s.c
[7.381s] -- Up-to-date symlink: /home/hero/Desktop/birdiebot_nav_ws/install/costmap_converter_msgs/local/lib/python3.10/dist-packages/costmap_converter_msgs/msg/_obstacle_msg.py
[7.381s] -- Up-to-date symlink: /home/hero/Desktop/birdiebot_nav_ws/install/costmap_converter_msgs/local/lib/python3.10/dist-packages/costmap_converter_msgs/msg/_obstacle_msg_s.c
[7.381s] -- Up-to-date symlink: /home/hero/Desktop/birdiebot_nav_ws/install/costmap_converter_msgs/local/lib/python3.10/dist-packages/costmap_converter_msgs/costmap_converter_msgs_s__rosidl_typesupport_fastrtps_c.cpython-310-x86_64-linux-gnu.so
[7.381s] -- Up-to-date symlink: /home/hero/Desktop/birdiebot_nav_ws/install/costmap_converter_msgs/local/lib/python3.10/dist-packages/costmap_converter_msgs/costmap_converter_msgs_s__rosidl_typesupport_introspection_c.cpython-310-x86_64-linux-gnu.so
[7.381s] -- Up-to-date symlink: /home/hero/Desktop/birdiebot_nav_ws/install/costmap_converter_msgs/local/lib/python3.10/dist-packages/costmap_converter_msgs/costmap_converter_msgs_s__rosidl_typesupport_c.cpython-310-x86_64-linux-gnu.so
[7.382s] -- Up-to-date symlink: /home/hero/Desktop/birdiebot_nav_ws/install/costmap_converter_msgs/share/costmap_converter_msgs/msg/ObstacleMsg.idl
[7.382s] -- Up-to-date symlink: /home/hero/Desktop/birdiebot_nav_ws/install/costmap_converter_msgs/share/costmap_converter_msgs/msg/ObstacleArrayMsg.idl
[7.382s] -- Up-to-date symlink: /home/hero/Desktop/birdiebot_nav_ws/install/costmap_converter_msgs/share/costmap_converter_msgs/msg/ObstacleMsg.msg
[7.386s] -- Up-to-date symlink: /home/hero/Desktop/birdiebot_nav_ws/install/costmap_converter_msgs/share/costmap_converter_msgs/msg/ObstacleArrayMsg.msg
[7.386s] -- Up-to-date symlink: /home/hero/Desktop/birdiebot_nav_ws/install/costmap_converter_msgs/share/ament_index/resource_index/package_run_dependencies/costmap_converter_msgs
[7.386s] -- Up-to-date symlink: /home/hero/Desktop/birdiebot_nav_ws/install/costmap_converter_msgs/share/ament_index/resource_index/parent_prefix_path/costmap_converter_msgs
[7.386s] -- Up-to-date symlink: /home/hero/Desktop/birdiebot_nav_ws/install/costmap_converter_msgs/share/costmap_converter_msgs/environment/ament_prefix_path.sh
[7.386s] -- Up-to-date symlink: /home/hero/Desktop/birdiebot_nav_ws/install/costmap_converter_msgs/share/costmap_converter_msgs/environment/ament_prefix_path.dsv
[7.386s] -- Up-to-date symlink: /home/hero/Desktop/birdiebot_nav_ws/install/costmap_converter_msgs/share/costmap_converter_msgs/environment/path.sh
[7.386s] -- Up-to-date symlink: /home/hero/Desktop/birdiebot_nav_ws/install/costmap_converter_msgs/share/costmap_converter_msgs/environment/path.dsv
[7.386s] -- Up-to-date symlink: /home/hero/Desktop/birdiebot_nav_ws/install/costmap_converter_msgs/share/costmap_converter_msgs/local_setup.bash
[7.386s] -- Up-to-date symlink: /home/hero/Desktop/birdiebot_nav_ws/install/costmap_converter_msgs/share/costmap_converter_msgs/local_setup.sh
[7.386s] -- Up-to-date symlink: /home/hero/Desktop/birdiebot_nav_ws/install/costmap_converter_msgs/share/costmap_converter_msgs/local_setup.zsh
[7.386s] -- Up-to-date symlink: /home/hero/Desktop/birdiebot_nav_ws/install/costmap_converter_msgs/share/costmap_converter_msgs/local_setup.dsv
[7.386s] -- Symlinking: /home/hero/Desktop/birdiebot_nav_ws/install/costmap_converter_msgs/share/costmap_converter_msgs/package.dsv
[7.399s] -- Up-to-date symlink: /home/hero/Desktop/birdiebot_nav_ws/install/costmap_converter_msgs/share/ament_index/resource_index/packages/costmap_converter_msgs
[7.399s] -- Up-to-date symlink: /home/hero/Desktop/birdiebot_nav_ws/install/costmap_converter_msgs/share/costmap_converter_msgs/cmake/rosidl_cmake-extras.cmake
[7.399s] -- Up-to-date symlink: /home/hero/Desktop/birdiebot_nav_ws/install/costmap_converter_msgs/share/costmap_converter_msgs/cmake/ament_cmake_export_dependencies-extras.cmake
[7.400s] -- Up-to-date symlink: /home/hero/Desktop/birdiebot_nav_ws/install/costmap_converter_msgs/share/costmap_converter_msgs/cmake/ament_cmake_export_include_directories-extras.cmake
[7.400s] -- Up-to-date symlink: /home/hero/Desktop/birdiebot_nav_ws/install/costmap_converter_msgs/share/costmap_converter_msgs/cmake/ament_cmake_export_libraries-extras.cmake
[7.400s] -- Up-to-date symlink: /home/hero/Desktop/birdiebot_nav_ws/install/costmap_converter_msgs/share/costmap_converter_msgs/cmake/ament_cmake_export_targets-extras.cmake
[7.400s] -- Up-to-date symlink: /home/hero/Desktop/birdiebot_nav_ws/install/costmap_converter_msgs/share/costmap_converter_msgs/cmake/rosidl_cmake_export_typesupport_targets-extras.cmake
[7.401s] -- Up-to-date symlink: /home/hero/Desktop/birdiebot_nav_ws/install/costmap_converter_msgs/share/costmap_converter_msgs/cmake/rosidl_cmake_export_typesupport_libraries-extras.cmake
[7.401s] -- Up-to-date symlink: /home/hero/Desktop/birdiebot_nav_ws/install/costmap_converter_msgs/share/costmap_converter_msgs/cmake/costmap_converter_msgsConfig.cmake
[7.401s] -- Up-to-date symlink: /home/hero/Desktop/birdiebot_nav_ws/install/costmap_converter_msgs/share/costmap_converter_msgs/cmake/costmap_converter_msgsConfig-version.cmake
[7.401s] -- Up-to-date symlink: /home/hero/Desktop/birdiebot_nav_ws/install/costmap_converter_msgs/share/costmap_converter_msgs/package.xml
[7.402s] -- Up-to-date: /home/hero/Desktop/birdiebot_nav_ws/install/costmap_converter_msgs/lib/libcostmap_converter_msgs__rosidl_generator_c.so
[7.402s] -- Up-to-date: /home/hero/Desktop/birdiebot_nav_ws/install/costmap_converter_msgs/lib/libcostmap_converter_msgs__rosidl_typesupport_fastrtps_c.so
[7.402s] -- Installing: /home/hero/Desktop/birdiebot_nav_ws/install/costmap_converter_msgs/lib/libcostmap_converter_msgs__rosidl_typesupport_fastrtps_cpp.so
[7.403s] -- Set runtime path of "/home/hero/Desktop/birdiebot_nav_ws/install/costmap_converter_msgs/lib/libcostmap_converter_msgs__rosidl_typesupport_fastrtps_cpp.so" to ""
[7.403s] -- Up-to-date: /home/hero/Desktop/birdiebot_nav_ws/install/costmap_converter_msgs/lib/libcostmap_converter_msgs__rosidl_typesupport_introspection_c.so
[7.403s] -- Up-to-date: /home/hero/Desktop/birdiebot_nav_ws/install/costmap_converter_msgs/lib/libcostmap_converter_msgs__rosidl_typesupport_c.so
[7.404s] -- Installing: /home/hero/Desktop/birdiebot_nav_ws/install/costmap_converter_msgs/lib/libcostmap_converter_msgs__rosidl_typesupport_introspection_cpp.so
[7.404s] -- Set runtime path of "/home/hero/Desktop/birdiebot_nav_ws/install/costmap_converter_msgs/lib/libcostmap_converter_msgs__rosidl_typesupport_introspection_cpp.so" to ""
[7.404s] -- Installing: /home/hero/Desktop/birdiebot_nav_ws/install/costmap_converter_msgs/lib/libcostmap_converter_msgs__rosidl_typesupport_cpp.so
[7.405s] -- Set runtime path of "/home/hero/Desktop/birdiebot_nav_ws/install/costmap_converter_msgs/lib/libcostmap_converter_msgs__rosidl_typesupport_cpp.so" to ""
[7.459s] Listing '/home/hero/Desktop/birdiebot_nav_ws/install/costmap_converter_msgs/local/lib/python3.10/dist-packages/costmap_converter_msgs'...
[7.459s] Compiling '/home/hero/Desktop/birdiebot_nav_ws/install/costmap_converter_msgs/local/lib/python3.10/dist-packages/costmap_converter_msgs/__init__.py'...
[7.459s] Listing '/home/hero/Desktop/birdiebot_nav_ws/install/costmap_converter_msgs/local/lib/python3.10/dist-packages/costmap_converter_msgs/msg'...
[7.470s] -- Up-to-date: /home/hero/Desktop/birdiebot_nav_ws/install/costmap_converter_msgs/lib/libcostmap_converter_msgs__rosidl_generator_py.so
[7.470s] -- Up-to-date: /home/hero/Desktop/birdiebot_nav_ws/install/costmap_converter_msgs/share/costmap_converter_msgs/cmake/export_costmap_converter_msgs__rosidl_generator_cExport.cmake
[7.470s] -- Up-to-date: /home/hero/Desktop/birdiebot_nav_ws/install/costmap_converter_msgs/share/costmap_converter_msgs/cmake/export_costmap_converter_msgs__rosidl_generator_cExport-noconfig.cmake
[7.470s] -- Up-to-date: /home/hero/Desktop/birdiebot_nav_ws/install/costmap_converter_msgs/share/costmap_converter_msgs/cmake/export_costmap_converter_msgs__rosidl_typesupport_fastrtps_cExport.cmake
[7.471s] -- Up-to-date: /home/hero/Desktop/birdiebot_nav_ws/install/costmap_converter_msgs/share/costmap_converter_msgs/cmake/export_costmap_converter_msgs__rosidl_typesupport_fastrtps_cExport-noconfig.cmake
[7.471s] -- Up-to-date: /home/hero/Desktop/birdiebot_nav_ws/install/costmap_converter_msgs/share/costmap_converter_msgs/cmake/export_costmap_converter_msgs__rosidl_generator_cppExport.cmake
[7.471s] -- Up-to-date: /home/hero/Desktop/birdiebot_nav_ws/install/costmap_converter_msgs/share/costmap_converter_msgs/cmake/export_costmap_converter_msgs__rosidl_typesupport_fastrtps_cppExport.cmake
[7.471s] -- Up-to-date: /home/hero/Desktop/birdiebot_nav_ws/install/costmap_converter_msgs/share/costmap_converter_msgs/cmake/export_costmap_converter_msgs__rosidl_typesupport_fastrtps_cppExport-noconfig.cmake
[7.471s] -- Up-to-date: /home/hero/Desktop/birdiebot_nav_ws/install/costmap_converter_msgs/share/costmap_converter_msgs/cmake/costmap_converter_msgs__rosidl_typesupport_introspection_cExport.cmake
[7.471s] -- Up-to-date: /home/hero/Desktop/birdiebot_nav_ws/install/costmap_converter_msgs/share/costmap_converter_msgs/cmake/costmap_converter_msgs__rosidl_typesupport_introspection_cExport-noconfig.cmake
[7.471s] -- Up-to-date: /home/hero/Desktop/birdiebot_nav_ws/install/costmap_converter_msgs/share/costmap_converter_msgs/cmake/costmap_converter_msgs__rosidl_typesupport_cExport.cmake
[7.471s] -- Up-to-date: /home/hero/Desktop/birdiebot_nav_ws/install/costmap_converter_msgs/share/costmap_converter_msgs/cmake/costmap_converter_msgs__rosidl_typesupport_cExport-noconfig.cmake
[7.471s] -- Up-to-date: /home/hero/Desktop/birdiebot_nav_ws/install/costmap_converter_msgs/share/costmap_converter_msgs/cmake/costmap_converter_msgs__rosidl_typesupport_introspection_cppExport.cmake
[7.471s] -- Up-to-date: /home/hero/Desktop/birdiebot_nav_ws/install/costmap_converter_msgs/share/costmap_converter_msgs/cmake/costmap_converter_msgs__rosidl_typesupport_introspection_cppExport-noconfig.cmake
[7.471s] -- Up-to-date: /home/hero/Desktop/birdiebot_nav_ws/install/costmap_converter_msgs/share/costmap_converter_msgs/cmake/costmap_converter_msgs__rosidl_typesupport_cppExport.cmake
[7.471s] -- Up-to-date: /home/hero/Desktop/birdiebot_nav_ws/install/costmap_converter_msgs/share/costmap_converter_msgs/cmake/costmap_converter_msgs__rosidl_typesupport_cppExport-noconfig.cmake
[7.471s] -- Up-to-date: /home/hero/Desktop/birdiebot_nav_ws/install/costmap_converter_msgs/share/costmap_converter_msgs/cmake/export_costmap_converter_msgs__rosidl_generator_pyExport.cmake
[7.471s] -- Up-to-date: /home/hero/Desktop/birdiebot_nav_ws/install/costmap_converter_msgs/share/costmap_converter_msgs/cmake/export_costmap_converter_msgs__rosidl_generator_pyExport-noconfig.cmake
[7.495s] Invoked command in '/home/hero/Desktop/birdiebot_nav_ws/build/costmap_converter_msgs' returned '0': CMAKE_PREFIX_PATH=/opt/ros/humble /usr/bin/cmake --install /home/hero/Desktop/birdiebot_nav_ws/build/costmap_converter_msgs
