[0.210s] Invoking command in '/home/hero/Desktop/birdiebot_nav_ws/build/terrain_analysis': CMAKE_PREFIX_PATH=/opt/ros/humble /usr/bin/cmake --build /home/hero/Desktop/birdiebot_nav_ws/build/terrain_analysis -- -j8 -l8
[0.262s] [100%] Built target terrainAnalysis
[0.327s] Invoked command in '/home/hero/Desktop/birdiebot_nav_ws/build/terrain_analysis' returned '0': CMAKE_PREFIX_PATH=/opt/ros/humble /usr/bin/cmake --build /home/hero/Desktop/birdiebot_nav_ws/build/terrain_analysis -- -j8 -l8
[0.462s] Invoking command in '/home/hero/Desktop/birdiebot_nav_ws/build/terrain_analysis': CMAKE_PREFIX_PATH=/opt/ros/humble /usr/bin/cmake --install /home/hero/Desktop/birdiebot_nav_ws/build/terrain_analysis
[0.469s] -- Install configuration: ""
[0.469s] -- Execute custom install script
[0.476s] -- Up-to-date symlink: /home/hero/Desktop/birdiebot_nav_ws/install/terrain_analysis/lib/terrain_analysis/terrainAnalysis
[0.477s] -- Up-to-date symlink: /home/hero/Desktop/birdiebot_nav_ws/install/terrain_analysis/share/terrain_analysis/launch/terrain_analysis.launch
[0.477s] -- Up-to-date symlink: /home/hero/Desktop/birdiebot_nav_ws/install/terrain_analysis/share/ament_index/resource_index/package_run_dependencies/terrain_analysis
[0.478s] -- Up-to-date symlink: /home/hero/Desktop/birdiebot_nav_ws/install/terrain_analysis/share/ament_index/resource_index/parent_prefix_path/terrain_analysis
[0.478s] -- Up-to-date symlink: /home/hero/Desktop/birdiebot_nav_ws/install/terrain_analysis/share/terrain_analysis/environment/ament_prefix_path.sh
[0.479s] -- Up-to-date symlink: /home/hero/Desktop/birdiebot_nav_ws/install/terrain_analysis/share/terrain_analysis/environment/ament_prefix_path.dsv
[0.479s] -- Up-to-date symlink: /home/hero/Desktop/birdiebot_nav_ws/install/terrain_analysis/share/terrain_analysis/environment/path.sh
[0.479s] -- Up-to-date symlink: /home/hero/Desktop/birdiebot_nav_ws/install/terrain_analysis/share/terrain_analysis/environment/path.dsv
[0.479s] -- Up-to-date symlink: /home/hero/Desktop/birdiebot_nav_ws/install/terrain_analysis/share/terrain_analysis/local_setup.bash
[0.479s] -- Up-to-date symlink: /home/hero/Desktop/birdiebot_nav_ws/install/terrain_analysis/share/terrain_analysis/local_setup.sh
[0.480s] -- Up-to-date symlink: /home/hero/Desktop/birdiebot_nav_ws/install/terrain_analysis/share/terrain_analysis/local_setup.zsh
[0.480s] -- Up-to-date symlink: /home/hero/Desktop/birdiebot_nav_ws/install/terrain_analysis/share/terrain_analysis/local_setup.dsv
[0.480s] -- Symlinking: /home/hero/Desktop/birdiebot_nav_ws/install/terrain_analysis/share/terrain_analysis/package.dsv
[0.481s] -- Up-to-date symlink: /home/hero/Desktop/birdiebot_nav_ws/install/terrain_analysis/share/ament_index/resource_index/packages/terrain_analysis
[0.481s] -- Up-to-date symlink: /home/hero/Desktop/birdiebot_nav_ws/install/terrain_analysis/share/terrain_analysis/cmake/terrain_analysisConfig.cmake
[0.481s] -- Up-to-date symlink: /home/hero/Desktop/birdiebot_nav_ws/install/terrain_analysis/share/terrain_analysis/cmake/terrain_analysisConfig-version.cmake
[0.481s] -- Up-to-date symlink: /home/hero/Desktop/birdiebot_nav_ws/install/terrain_analysis/share/terrain_analysis/package.xml
[0.709s] Invoked command in '/home/hero/Desktop/birdiebot_nav_ws/build/terrain_analysis' returned '0': CMAKE_PREFIX_PATH=/opt/ros/humble /usr/bin/cmake --install /home/hero/Desktop/birdiebot_nav_ws/build/terrain_analysis
