[0.039s] Invoking command in '/home/hero/Desktop/birdiebot_nav_ws/build/armor_detector': AMENT_PREFIX_PATH=/home/hero/Desktop/birdiebot_nav_ws/install/auto_aim_interfaces:${AMENT_PREFIX_PATH} CMAKE_PREFIX_PATH=/home/hero/Desktop/birdiebot_nav_ws/install/auto_aim_interfaces:/opt/ros/humble LD_LIBRARY_PATH=/home/hero/Desktop/birdiebot_nav_ws/install/auto_aim_interfaces/lib:/opt/intel/openvino_2023.3.0/runtime/lib/intel64:/opt/MVS/lib/64:/opt/MVS/lib/32:/opt/MVS/lib/64:/opt/MVS/lib/32:/opt/intel/openvino_2023.3.0/runtime/lib/intel64:/opt/MVS/lib/64:/opt/MVS/lib/32:/usr/lib/x86_64-linux-gnu/gazebo-11/plugins:/opt/ros/humble/opt/rviz_ogre_vendor/lib:/opt/ros/humble/lib/x86_64-linux-gnu:/opt/ros/humble/opt/openvdb_vendor/lib:/opt/ros/humble/lib:/opt/MVS/lib/64:/opt/MVS/lib/32:/opt/MVS/lib/64:/opt/MVS/lib/32:/opt/MVS/lib/64:/opt/MVS/lib/32 PYTHONPATH=/home/hero/Desktop/birdiebot_nav_ws/install/auto_aim_interfaces/local/lib/python3.10/dist-packages:${PYTHONPATH} /usr/bin/cmake --build /home/hero/Desktop/birdiebot_nav_ws/build/armor_detector -- -j8 -l8
[0.082s] [ 13%] Built target gtest
[0.082s] [ 26%] Built target gtest_main
[0.091s] [ 40%] Built target armor_detector_node
[0.092s] [ 73%] Built target armor_detector
[0.118s] [100%] Built target test_number_cls
[0.119s] [100%] Built target test_node_startup
[0.159s] Invoked command in '/home/hero/Desktop/birdiebot_nav_ws/build/armor_detector' returned '0': AMENT_PREFIX_PATH=/home/hero/Desktop/birdiebot_nav_ws/install/auto_aim_interfaces:${AMENT_PREFIX_PATH} CMAKE_PREFIX_PATH=/home/hero/Desktop/birdiebot_nav_ws/install/auto_aim_interfaces:/opt/ros/humble LD_LIBRARY_PATH=/home/hero/Desktop/birdiebot_nav_ws/install/auto_aim_interfaces/lib:/opt/intel/openvino_2023.3.0/runtime/lib/intel64:/opt/MVS/lib/64:/opt/MVS/lib/32:/opt/MVS/lib/64:/opt/MVS/lib/32:/opt/intel/openvino_2023.3.0/runtime/lib/intel64:/opt/MVS/lib/64:/opt/MVS/lib/32:/usr/lib/x86_64-linux-gnu/gazebo-11/plugins:/opt/ros/humble/opt/rviz_ogre_vendor/lib:/opt/ros/humble/lib/x86_64-linux-gnu:/opt/ros/humble/opt/openvdb_vendor/lib:/opt/ros/humble/lib:/opt/MVS/lib/64:/opt/MVS/lib/32:/opt/MVS/lib/64:/opt/MVS/lib/32:/opt/MVS/lib/64:/opt/MVS/lib/32 PYTHONPATH=/home/hero/Desktop/birdiebot_nav_ws/install/auto_aim_interfaces/local/lib/python3.10/dist-packages:${PYTHONPATH} /usr/bin/cmake --build /home/hero/Desktop/birdiebot_nav_ws/build/armor_detector -- -j8 -l8
[0.286s] Invoking command in '/home/hero/Desktop/birdiebot_nav_ws/build/armor_detector': AMENT_PREFIX_PATH=/home/hero/Desktop/birdiebot_nav_ws/install/auto_aim_interfaces:${AMENT_PREFIX_PATH} CMAKE_PREFIX_PATH=/home/hero/Desktop/birdiebot_nav_ws/install/auto_aim_interfaces:/opt/ros/humble LD_LIBRARY_PATH=/home/hero/Desktop/birdiebot_nav_ws/install/auto_aim_interfaces/lib:/opt/intel/openvino_2023.3.0/runtime/lib/intel64:/opt/MVS/lib/64:/opt/MVS/lib/32:/opt/MVS/lib/64:/opt/MVS/lib/32:/opt/intel/openvino_2023.3.0/runtime/lib/intel64:/opt/MVS/lib/64:/opt/MVS/lib/32:/usr/lib/x86_64-linux-gnu/gazebo-11/plugins:/opt/ros/humble/opt/rviz_ogre_vendor/lib:/opt/ros/humble/lib/x86_64-linux-gnu:/opt/ros/humble/opt/openvdb_vendor/lib:/opt/ros/humble/lib:/opt/MVS/lib/64:/opt/MVS/lib/32:/opt/MVS/lib/64:/opt/MVS/lib/32:/opt/MVS/lib/64:/opt/MVS/lib/32 PYTHONPATH=/home/hero/Desktop/birdiebot_nav_ws/install/auto_aim_interfaces/local/lib/python3.10/dist-packages:${PYTHONPATH} /usr/bin/cmake --install /home/hero/Desktop/birdiebot_nav_ws/build/armor_detector
[0.307s] -- Install configuration: ""
[0.307s] -- Execute custom install script
[0.310s] -- Up-to-date symlink: /home/hero/Desktop/birdiebot_nav_ws/install/armor_detector/lib/armor_detector/armor_detector_node
[0.311s] -- Up-to-date symlink: /home/hero/Desktop/birdiebot_nav_ws/install/armor_detector/include/armor_detector/armor.hpp
[0.311s] -- Up-to-date symlink: /home/hero/Desktop/birdiebot_nav_ws/install/armor_detector/include/armor_detector/detector.hpp
[0.311s] -- Up-to-date symlink: /home/hero/Desktop/birdiebot_nav_ws/install/armor_detector/include/armor_detector/detector_node.hpp
[0.311s] -- Up-to-date symlink: /home/hero/Desktop/birdiebot_nav_ws/install/armor_detector/include/armor_detector/number_classifier.hpp
[0.311s] -- Up-to-date symlink: /home/hero/Desktop/birdiebot_nav_ws/install/armor_detector/include/armor_detector/pnp_solver.hpp
[0.311s] -- Up-to-date symlink: /home/hero/Desktop/birdiebot_nav_ws/install/armor_detector/share/armor_detector/environment/library_path.sh
[0.311s] -- Up-to-date symlink: /home/hero/Desktop/birdiebot_nav_ws/install/armor_detector/share/armor_detector/environment/library_path.dsv
[0.311s] -- Up-to-date symlink: /home/hero/Desktop/birdiebot_nav_ws/install/armor_detector/lib/libarmor_detector.so
[0.311s] -- Up-to-date symlink: /home/hero/Desktop/birdiebot_nav_ws/install/armor_detector/share/armor_detector/model/label.txt
[0.311s] -- Up-to-date symlink: /home/hero/Desktop/birdiebot_nav_ws/install/armor_detector/share/armor_detector/model/mlp.onnx
[0.311s] -- Up-to-date symlink: /home/hero/Desktop/birdiebot_nav_ws/install/armor_detector/share/ament_index/resource_index/package_run_dependencies/armor_detector
[0.311s] -- Up-to-date symlink: /home/hero/Desktop/birdiebot_nav_ws/install/armor_detector/share/ament_index/resource_index/parent_prefix_path/armor_detector
[0.311s] -- Up-to-date symlink: /home/hero/Desktop/birdiebot_nav_ws/install/armor_detector/share/armor_detector/environment/ament_prefix_path.sh
[0.311s] -- Up-to-date symlink: /home/hero/Desktop/birdiebot_nav_ws/install/armor_detector/share/armor_detector/environment/ament_prefix_path.dsv
[0.311s] -- Up-to-date symlink: /home/hero/Desktop/birdiebot_nav_ws/install/armor_detector/share/armor_detector/environment/path.sh
[0.311s] -- Up-to-date symlink: /home/hero/Desktop/birdiebot_nav_ws/install/armor_detector/share/armor_detector/environment/path.dsv
[0.311s] -- Up-to-date symlink: /home/hero/Desktop/birdiebot_nav_ws/install/armor_detector/share/armor_detector/local_setup.bash
[0.311s] -- Up-to-date symlink: /home/hero/Desktop/birdiebot_nav_ws/install/armor_detector/share/armor_detector/local_setup.sh
[0.312s] -- Up-to-date symlink: /home/hero/Desktop/birdiebot_nav_ws/install/armor_detector/share/armor_detector/local_setup.zsh
[0.312s] -- Up-to-date symlink: /home/hero/Desktop/birdiebot_nav_ws/install/armor_detector/share/armor_detector/local_setup.dsv
[0.312s] -- Symlinking: /home/hero/Desktop/birdiebot_nav_ws/install/armor_detector/share/armor_detector/package.dsv
[0.328s] -- Up-to-date symlink: /home/hero/Desktop/birdiebot_nav_ws/install/armor_detector/share/ament_index/resource_index/packages/armor_detector
[0.328s] -- Up-to-date symlink: /home/hero/Desktop/birdiebot_nav_ws/install/armor_detector/share/ament_index/resource_index/rclcpp_components/armor_detector
[0.328s] -- Up-to-date symlink: /home/hero/Desktop/birdiebot_nav_ws/install/armor_detector/share/armor_detector/cmake/ament_cmake_export_dependencies-extras.cmake
[0.328s] -- Up-to-date symlink: /home/hero/Desktop/birdiebot_nav_ws/install/armor_detector/share/armor_detector/cmake/ament_cmake_export_include_directories-extras.cmake
[0.329s] -- Up-to-date symlink: /home/hero/Desktop/birdiebot_nav_ws/install/armor_detector/share/armor_detector/cmake/ament_cmake_export_libraries-extras.cmake
[0.329s] -- Up-to-date symlink: /home/hero/Desktop/birdiebot_nav_ws/install/armor_detector/share/armor_detector/cmake/armor_detectorConfig.cmake
[0.329s] -- Up-to-date symlink: /home/hero/Desktop/birdiebot_nav_ws/install/armor_detector/share/armor_detector/cmake/armor_detectorConfig-version.cmake
[0.329s] -- Up-to-date symlink: /home/hero/Desktop/birdiebot_nav_ws/install/armor_detector/share/armor_detector/package.xml
[0.343s] Invoked command in '/home/hero/Desktop/birdiebot_nav_ws/build/armor_detector' returned '0': AMENT_PREFIX_PATH=/home/hero/Desktop/birdiebot_nav_ws/install/auto_aim_interfaces:${AMENT_PREFIX_PATH} CMAKE_PREFIX_PATH=/home/hero/Desktop/birdiebot_nav_ws/install/auto_aim_interfaces:/opt/ros/humble LD_LIBRARY_PATH=/home/hero/Desktop/birdiebot_nav_ws/install/auto_aim_interfaces/lib:/opt/intel/openvino_2023.3.0/runtime/lib/intel64:/opt/MVS/lib/64:/opt/MVS/lib/32:/opt/MVS/lib/64:/opt/MVS/lib/32:/opt/intel/openvino_2023.3.0/runtime/lib/intel64:/opt/MVS/lib/64:/opt/MVS/lib/32:/usr/lib/x86_64-linux-gnu/gazebo-11/plugins:/opt/ros/humble/opt/rviz_ogre_vendor/lib:/opt/ros/humble/lib/x86_64-linux-gnu:/opt/ros/humble/opt/openvdb_vendor/lib:/opt/ros/humble/lib:/opt/MVS/lib/64:/opt/MVS/lib/32:/opt/MVS/lib/64:/opt/MVS/lib/32:/opt/MVS/lib/64:/opt/MVS/lib/32 PYTHONPATH=/home/hero/Desktop/birdiebot_nav_ws/install/auto_aim_interfaces/local/lib/python3.10/dist-packages:${PYTHONPATH} /usr/bin/cmake --install /home/hero/Desktop/birdiebot_nav_ws/build/armor_detector
