[0.079s] Invoking command in '/home/hero/Desktop/birdiebot_nav_ws/build/rm_serial_driver': AMENT_PREFIX_PATH=/home/hero/Desktop/birdiebot_nav_ws/install/rm_decision_interfaces:/home/hero/Desktop/birdiebot_nav_ws/install/navigation_interfaces:/home/hero/Desktop/birdiebot_nav_ws/install/auto_aim_interfaces:${AMENT_PREFIX_PATH} CMAKE_PREFIX_PATH=/home/hero/Desktop/birdiebot_nav_ws/install/rm_decision_interfaces:/home/hero/Desktop/birdiebot_nav_ws/install/navigation_interfaces:/home/hero/Desktop/birdiebot_nav_ws/install/auto_aim_interfaces:/opt/ros/humble LD_LIBRARY_PATH=/home/hero/Desktop/birdiebot_nav_ws/install/rm_decision_interfaces/lib:/home/hero/Desktop/birdiebot_nav_ws/install/navigation_interfaces/lib:/home/hero/Desktop/birdiebot_nav_ws/install/auto_aim_interfaces/lib:/opt/intel/openvino_2023.3.0/runtime/lib/intel64:/opt/MVS/lib/64:/opt/MVS/lib/32:/opt/intel/openvino_2023.3.0/runtime/lib/intel64:/opt/MVS/lib/64:/opt/MVS/lib/32:/usr/lib/x86_64-linux-gnu/gazebo-11/plugins:/opt/ros/humble/opt/rviz_ogre_vendor/lib:/opt/ros/humble/lib/x86_64-linux-gnu:/opt/ros/humble/opt/openvdb_vendor/lib:/opt/ros/humble/lib:/opt/MVS/lib/64:/opt/MVS/lib/32:/opt/MVS/lib/64:/opt/MVS/lib/32 PYTHONPATH=/home/hero/Desktop/birdiebot_nav_ws/install/rm_decision_interfaces/local/lib/python3.10/dist-packages:/home/hero/Desktop/birdiebot_nav_ws/install/navigation_interfaces/local/lib/python3.10/dist-packages:/home/hero/Desktop/birdiebot_nav_ws/install/auto_aim_interfaces/local/lib/python3.10/dist-packages:${PYTHONPATH} /usr/bin/cmake --build /home/hero/Desktop/birdiebot_nav_ws/build/rm_serial_driver -- -j8 -l8
[28.424s] -- Found ament_cmake_auto: 1.3.12 (/opt/ros/humble/share/ament_cmake_auto/cmake)
[28.425s] -- Override CMake install command with custom implementation using symlinks instead of copying resources
[28.425s] -- Found rosidl_generator_c: 3.1.7 (/opt/ros/humble/share/rosidl_generator_c/cmake)
[28.427s] -- Found rosidl_adapter: 3.1.7 (/opt/ros/humble/share/rosidl_adapter/cmake)
[28.427s] -- Found rosidl_generator_cpp: 3.1.7 (/opt/ros/humble/share/rosidl_generator_cpp/cmake)
[28.427s] -- Using all available rosidl_typesupport_c: rosidl_typesupport_fastrtps_c;rosidl_typesupport_introspection_c
[28.428s] -- Using all available rosidl_typesupport_cpp: rosidl_typesupport_fastrtps_cpp;rosidl_typesupport_introspection_cpp
[28.428s] -- Found rmw_implementation_cmake: 6.1.2 (/opt/ros/humble/share/rmw_implementation_cmake/cmake)
[28.428s] -- Found rmw_fastrtps_cpp: 6.2.8 (/opt/ros/humble/share/rmw_fastrtps_cpp/cmake)
[28.428s] -- Using RMW implementation 'rmw_fastrtps_cpp' as default
[28.428s] -- Found asio_cmake_module: 1.2.0 (/opt/ros/humble/share/asio_cmake_module/cmake)
[28.428s] -- Found ASIO: /usr/include  
[28.428s] -- Found eigen3_cmake_module: 0.1.1 (/opt/ros/humble/share/eigen3_cmake_module/cmake)
[28.429s] -- Ensuring Eigen3 include directory is part of orocos-kdl CMake target
[28.429s] -- Found ament_lint_auto: 0.12.14 (/opt/ros/humble/share/ament_lint_auto/cmake)
[28.429s] -- Added test 'cppcheck' to perform static code analysis on C / C++ code
[28.429s] -- Configured cppcheck include dirs: /home/hero/Desktop/birdiebot_nav_ws/src/rm_serial_driver/include
[28.429s] -- Configured cppcheck exclude dirs and/or files: 
[28.429s] -- Added test 'cpplint' to check C / C++ code against the Google style
[28.429s] -- Configured cpplint exclude dirs and/or files: 
[28.429s] -- Added test 'flake8' to check Python code syntax and style conventions
[28.429s] -- Added test 'lint_cmake' to check CMake code style
[28.429s] -- Added test 'pep257' to check Python code against some of the docstring style conventions in PEP 257
[28.429s] -- Added test 'xmllint' to check XML markup files
[28.429s] -- Configuring done
[28.429s] -- Generating done
[28.429s] -- Build files have been written to: /home/hero/Desktop/birdiebot_nav_ws/build/rm_serial_driver
[28.429s] [35m[1mConsolidate compiler generated dependencies of target rm_serial_driver[0m
[28.429s] [ 20%] [32mBuilding CXX object CMakeFiles/rm_serial_driver.dir/src/rm_serial_driver.cpp.o[0m
[28.429s] [ 40%] [32m[1mLinking CXX shared library librm_serial_driver.so[0m
[28.429s] [ 60%] Built target rm_serial_driver
[28.429s] [35m[1mConsolidate compiler generated dependencies of target rm_serial_driver_node[0m
[28.430s] [ 80%] [32mBuilding CXX object CMakeFiles/rm_serial_driver_node.dir/rclcpp_components/node_main_rm_serial_driver_node.cpp.o[0m
[28.430s] [0mIn this package, headers install destination is set to `include` by ament_auto_package. It is recommended to install `include/rm_serial_driver` instead and will be the default behavior of ament_auto_package from ROS 2 Kilted Kaiju. On distributions before Kilted, ament_auto_package behaves the same way when you use USE_SCOPED_HEADER_INSTALL_DIR option.[0m
[29.381s] [100%] [32m[1mLinking CXX executable rm_serial_driver_node[0m
[29.542s] [100%] Built target rm_serial_driver_node
[29.567s] Invoked command in '/home/hero/Desktop/birdiebot_nav_ws/build/rm_serial_driver' returned '0': AMENT_PREFIX_PATH=/home/hero/Desktop/birdiebot_nav_ws/install/rm_decision_interfaces:/home/hero/Desktop/birdiebot_nav_ws/install/navigation_interfaces:/home/hero/Desktop/birdiebot_nav_ws/install/auto_aim_interfaces:${AMENT_PREFIX_PATH} CMAKE_PREFIX_PATH=/home/hero/Desktop/birdiebot_nav_ws/install/rm_decision_interfaces:/home/hero/Desktop/birdiebot_nav_ws/install/navigation_interfaces:/home/hero/Desktop/birdiebot_nav_ws/install/auto_aim_interfaces:/opt/ros/humble LD_LIBRARY_PATH=/home/hero/Desktop/birdiebot_nav_ws/install/rm_decision_interfaces/lib:/home/hero/Desktop/birdiebot_nav_ws/install/navigation_interfaces/lib:/home/hero/Desktop/birdiebot_nav_ws/install/auto_aim_interfaces/lib:/opt/intel/openvino_2023.3.0/runtime/lib/intel64:/opt/MVS/lib/64:/opt/MVS/lib/32:/opt/intel/openvino_2023.3.0/runtime/lib/intel64:/opt/MVS/lib/64:/opt/MVS/lib/32:/usr/lib/x86_64-linux-gnu/gazebo-11/plugins:/opt/ros/humble/opt/rviz_ogre_vendor/lib:/opt/ros/humble/lib/x86_64-linux-gnu:/opt/ros/humble/opt/openvdb_vendor/lib:/opt/ros/humble/lib:/opt/MVS/lib/64:/opt/MVS/lib/32:/opt/MVS/lib/64:/opt/MVS/lib/32 PYTHONPATH=/home/hero/Desktop/birdiebot_nav_ws/install/rm_decision_interfaces/local/lib/python3.10/dist-packages:/home/hero/Desktop/birdiebot_nav_ws/install/navigation_interfaces/local/lib/python3.10/dist-packages:/home/hero/Desktop/birdiebot_nav_ws/install/auto_aim_interfaces/local/lib/python3.10/dist-packages:${PYTHONPATH} /usr/bin/cmake --build /home/hero/Desktop/birdiebot_nav_ws/build/rm_serial_driver -- -j8 -l8
[29.633s] Invoking command in '/home/hero/Desktop/birdiebot_nav_ws/build/rm_serial_driver': AMENT_PREFIX_PATH=/home/hero/Desktop/birdiebot_nav_ws/install/rm_decision_interfaces:/home/hero/Desktop/birdiebot_nav_ws/install/navigation_interfaces:/home/hero/Desktop/birdiebot_nav_ws/install/auto_aim_interfaces:${AMENT_PREFIX_PATH} CMAKE_PREFIX_PATH=/home/hero/Desktop/birdiebot_nav_ws/install/rm_decision_interfaces:/home/hero/Desktop/birdiebot_nav_ws/install/navigation_interfaces:/home/hero/Desktop/birdiebot_nav_ws/install/auto_aim_interfaces:/opt/ros/humble LD_LIBRARY_PATH=/home/hero/Desktop/birdiebot_nav_ws/install/rm_decision_interfaces/lib:/home/hero/Desktop/birdiebot_nav_ws/install/navigation_interfaces/lib:/home/hero/Desktop/birdiebot_nav_ws/install/auto_aim_interfaces/lib:/opt/intel/openvino_2023.3.0/runtime/lib/intel64:/opt/MVS/lib/64:/opt/MVS/lib/32:/opt/intel/openvino_2023.3.0/runtime/lib/intel64:/opt/MVS/lib/64:/opt/MVS/lib/32:/usr/lib/x86_64-linux-gnu/gazebo-11/plugins:/opt/ros/humble/opt/rviz_ogre_vendor/lib:/opt/ros/humble/lib/x86_64-linux-gnu:/opt/ros/humble/opt/openvdb_vendor/lib:/opt/ros/humble/lib:/opt/MVS/lib/64:/opt/MVS/lib/32:/opt/MVS/lib/64:/opt/MVS/lib/32 PYTHONPATH=/home/hero/Desktop/birdiebot_nav_ws/install/rm_decision_interfaces/local/lib/python3.10/dist-packages:/home/hero/Desktop/birdiebot_nav_ws/install/navigation_interfaces/local/lib/python3.10/dist-packages:/home/hero/Desktop/birdiebot_nav_ws/install/auto_aim_interfaces/local/lib/python3.10/dist-packages:${PYTHONPATH} /usr/bin/cmake --install /home/hero/Desktop/birdiebot_nav_ws/build/rm_serial_driver
[29.646s] -- Install configuration: "Debug"
[29.647s] -- Execute custom install script
[29.654s] -- Up-to-date symlink: /home/hero/Desktop/birdiebot_nav_ws/install/rm_serial_driver/lib/rm_serial_driver/rm_serial_driver_node
[29.666s] -- Up-to-date symlink: /home/hero/Desktop/birdiebot_nav_ws/install/rm_serial_driver/include/host-protocol/.vscode/c_cpp_properties.json
[29.666s] -- Up-to-date symlink: /home/hero/Desktop/birdiebot_nav_ws/install/rm_serial_driver/include/host-protocol/.vscode/settings.json
[29.667s] -- Up-to-date symlink: /home/hero/Desktop/birdiebot_nav_ws/install/rm_serial_driver/include/host-protocol/README.md
[29.667s] -- Up-to-date symlink: /home/hero/Desktop/birdiebot_nav_ws/install/rm_serial_driver/include/host-protocol/protocol.h
[29.668s] -- Up-to-date symlink: /home/hero/Desktop/birdiebot_nav_ws/install/rm_serial_driver/include/rm_serial_driver/crc.hpp
[29.668s] -- Up-to-date symlink: /home/hero/Desktop/birdiebot_nav_ws/install/rm_serial_driver/include/rm_serial_driver/packet.hpp
[29.668s] -- Up-to-date symlink: /home/hero/Desktop/birdiebot_nav_ws/install/rm_serial_driver/include/rm_serial_driver/rm_serial_driver.hpp
[29.669s] -- Up-to-date symlink: /home/hero/Desktop/birdiebot_nav_ws/install/rm_serial_driver/share/rm_serial_driver/environment/library_path.sh
[29.669s] -- Up-to-date symlink: /home/hero/Desktop/birdiebot_nav_ws/install/rm_serial_driver/share/rm_serial_driver/environment/library_path.dsv
[29.670s] -- Up-to-date symlink: /home/hero/Desktop/birdiebot_nav_ws/install/rm_serial_driver/lib/librm_serial_driver.so
[29.670s] -- Up-to-date symlink: /home/hero/Desktop/birdiebot_nav_ws/install/rm_serial_driver/share/rm_serial_driver/config/serial_driver.yaml
[29.670s] -- Up-to-date symlink: /home/hero/Desktop/birdiebot_nav_ws/install/rm_serial_driver/share/rm_serial_driver/launch/__pycache__/serial_driver.launch.cpython-310.pyc
[29.671s] -- Up-to-date symlink: /home/hero/Desktop/birdiebot_nav_ws/install/rm_serial_driver/share/rm_serial_driver/launch/serial_driver.launch.py
[29.671s] -- Up-to-date symlink: /home/hero/Desktop/birdiebot_nav_ws/install/rm_serial_driver/share/ament_index/resource_index/package_run_dependencies/rm_serial_driver
[29.671s] -- Up-to-date symlink: /home/hero/Desktop/birdiebot_nav_ws/install/rm_serial_driver/share/ament_index/resource_index/parent_prefix_path/rm_serial_driver
[29.672s] -- Up-to-date symlink: /home/hero/Desktop/birdiebot_nav_ws/install/rm_serial_driver/share/rm_serial_driver/environment/ament_prefix_path.sh
[29.672s] -- Up-to-date symlink: /home/hero/Desktop/birdiebot_nav_ws/install/rm_serial_driver/share/rm_serial_driver/environment/ament_prefix_path.dsv
[29.672s] -- Up-to-date symlink: /home/hero/Desktop/birdiebot_nav_ws/install/rm_serial_driver/share/rm_serial_driver/environment/path.sh
[29.672s] -- Up-to-date symlink: /home/hero/Desktop/birdiebot_nav_ws/install/rm_serial_driver/share/rm_serial_driver/environment/path.dsv
[29.672s] -- Up-to-date symlink: /home/hero/Desktop/birdiebot_nav_ws/install/rm_serial_driver/share/rm_serial_driver/local_setup.bash
[29.672s] -- Up-to-date symlink: /home/hero/Desktop/birdiebot_nav_ws/install/rm_serial_driver/share/rm_serial_driver/local_setup.sh
[29.672s] -- Up-to-date symlink: /home/hero/Desktop/birdiebot_nav_ws/install/rm_serial_driver/share/rm_serial_driver/local_setup.zsh
[29.672s] -- Up-to-date symlink: /home/hero/Desktop/birdiebot_nav_ws/install/rm_serial_driver/share/rm_serial_driver/local_setup.dsv
[29.672s] -- Symlinking: /home/hero/Desktop/birdiebot_nav_ws/install/rm_serial_driver/share/rm_serial_driver/package.dsv
[29.685s] -- Up-to-date symlink: /home/hero/Desktop/birdiebot_nav_ws/install/rm_serial_driver/share/ament_index/resource_index/packages/rm_serial_driver
[29.685s] -- Up-to-date symlink: /home/hero/Desktop/birdiebot_nav_ws/install/rm_serial_driver/share/ament_index/resource_index/rclcpp_components/rm_serial_driver
[29.685s] -- Up-to-date symlink: /home/hero/Desktop/birdiebot_nav_ws/install/rm_serial_driver/share/rm_serial_driver/cmake/ament_cmake_export_dependencies-extras.cmake
[29.685s] -- Up-to-date symlink: /home/hero/Desktop/birdiebot_nav_ws/install/rm_serial_driver/share/rm_serial_driver/cmake/ament_cmake_export_include_directories-extras.cmake
[29.685s] -- Up-to-date symlink: /home/hero/Desktop/birdiebot_nav_ws/install/rm_serial_driver/share/rm_serial_driver/cmake/ament_cmake_export_libraries-extras.cmake
[29.689s] -- Up-to-date symlink: /home/hero/Desktop/birdiebot_nav_ws/install/rm_serial_driver/share/rm_serial_driver/cmake/rm_serial_driverConfig.cmake
[29.690s] -- Up-to-date symlink: /home/hero/Desktop/birdiebot_nav_ws/install/rm_serial_driver/share/rm_serial_driver/cmake/rm_serial_driverConfig-version.cmake
[29.690s] -- Up-to-date symlink: /home/hero/Desktop/birdiebot_nav_ws/install/rm_serial_driver/share/rm_serial_driver/package.xml
[29.735s] Invoked command in '/home/hero/Desktop/birdiebot_nav_ws/build/rm_serial_driver' returned '0': AMENT_PREFIX_PATH=/home/hero/Desktop/birdiebot_nav_ws/install/rm_decision_interfaces:/home/hero/Desktop/birdiebot_nav_ws/install/navigation_interfaces:/home/hero/Desktop/birdiebot_nav_ws/install/auto_aim_interfaces:${AMENT_PREFIX_PATH} CMAKE_PREFIX_PATH=/home/hero/Desktop/birdiebot_nav_ws/install/rm_decision_interfaces:/home/hero/Desktop/birdiebot_nav_ws/install/navigation_interfaces:/home/hero/Desktop/birdiebot_nav_ws/install/auto_aim_interfaces:/opt/ros/humble LD_LIBRARY_PATH=/home/hero/Desktop/birdiebot_nav_ws/install/rm_decision_interfaces/lib:/home/hero/Desktop/birdiebot_nav_ws/install/navigation_interfaces/lib:/home/hero/Desktop/birdiebot_nav_ws/install/auto_aim_interfaces/lib:/opt/intel/openvino_2023.3.0/runtime/lib/intel64:/opt/MVS/lib/64:/opt/MVS/lib/32:/opt/intel/openvino_2023.3.0/runtime/lib/intel64:/opt/MVS/lib/64:/opt/MVS/lib/32:/usr/lib/x86_64-linux-gnu/gazebo-11/plugins:/opt/ros/humble/opt/rviz_ogre_vendor/lib:/opt/ros/humble/lib/x86_64-linux-gnu:/opt/ros/humble/opt/openvdb_vendor/lib:/opt/ros/humble/lib:/opt/MVS/lib/64:/opt/MVS/lib/32:/opt/MVS/lib/64:/opt/MVS/lib/32 PYTHONPATH=/home/hero/Desktop/birdiebot_nav_ws/install/rm_decision_interfaces/local/lib/python3.10/dist-packages:/home/hero/Desktop/birdiebot_nav_ws/install/navigation_interfaces/local/lib/python3.10/dist-packages:/home/hero/Desktop/birdiebot_nav_ws/install/auto_aim_interfaces/local/lib/python3.10/dist-packages:${PYTHONPATH} /usr/bin/cmake --install /home/hero/Desktop/birdiebot_nav_ws/build/rm_serial_driver
