[0.039s] Invoking command in '/home/hero/Desktop/birdiebot_nav_ws/build/linefit_ground_segmentation': CMAKE_PREFIX_PATH=/opt/ros/humble /usr/bin/cmake --build /home/hero/Desktop/birdiebot_nav_ws/build/linefit_ground_segmentation -- -j8 -l8
[5.432s] -- Found ament_cmake_auto: 1.3.12 (/opt/ros/humble/share/ament_cmake_auto/cmake)
[5.432s] -- Override CMake install command with custom implementation using symlinks instead of copying resources
[5.432s] -- Found rosidl_generator_c: 3.1.7 (/opt/ros/humble/share/rosidl_generator_c/cmake)
[5.432s] -- Found rosidl_adapter: 3.1.7 (/opt/ros/humble/share/rosidl_adapter/cmake)
[5.432s] -- Found rosidl_generator_cpp: 3.1.7 (/opt/ros/humble/share/rosidl_generator_cpp/cmake)
[5.432s] -- Using all available rosidl_typesupport_c: rosidl_typesupport_fastrtps_c;rosidl_typesupport_introspection_c
[5.432s] -- Using all available rosidl_typesupport_cpp: rosidl_typesupport_fastrtps_cpp;rosidl_typesupport_introspection_cpp
[5.432s] -- Found rmw_implementation_cmake: 6.1.2 (/opt/ros/humble/share/rmw_implementation_cmake/cmake)
[5.432s] -- Found rmw_fastrtps_cpp: 6.2.8 (/opt/ros/humble/share/rmw_fastrtps_cpp/cmake)
[5.432s] -- Using RMW implementation 'rmw_fastrtps_cpp' as default
[5.432s] -- Eigen found (include: /usr/include/eigen3, version: 3.4.0)
[5.432s] -- FLANN found (include: /usr/include, lib: /usr/lib/x86_64-linux-gnu/libflann_cpp.so)
[5.433s] -- OpenNI found (version: 1.5.4.0, include: /usr/include/ni, lib: /usr/lib/libOpenNI.so;libusb::libusb)
[5.433s] -- OpenNI2 found (version: 2.2.0.33, include: /usr/include/openni2, lib: /usr/lib/x86_64-linux-gnu/libOpenNI2.so;libusb::libusb)
[5.433s] -- Eigen found (include: /usr/include/eigen3, version: 3.4.0)
[5.433s] -- OpenNI found (version: 1.5.4.0, include: /usr/include/ni, lib: /usr/lib/libOpenNI.so;libusb::libusb)
[5.433s] -- OpenNI2 found (version: 2.2.0.33, include: /usr/include/openni2, lib: /usr/lib/x86_64-linux-gnu/libOpenNI2.so;libusb::libusb)
[5.433s] -- Found Qhull version 8.0.2
[5.433s] -- OpenNI found (version: 1.5.4.0, include: /usr/include/ni, lib: /usr/lib/libOpenNI.so;libusb::libusb)
[5.433s] -- Found eigen3_cmake_module: 0.1.1 (/opt/ros/humble/share/eigen3_cmake_module/cmake)
[5.433s] -- Ensuring Eigen3 include directory is part of orocos-kdl CMake target
[5.433s] -- Configuring done
[5.433s] -- Generating done
[5.433s] -- Build files have been written to: /home/hero/Desktop/birdiebot_nav_ws/build/linefit_ground_segmentation
[5.433s] [35m[1mConsolidate compiler generated dependencies of target linefit_ground_segmentation[0m
[5.433s] [ 20%] [32mBuilding CXX object CMakeFiles/linefit_ground_segmentation.dir/src/bin.cc.o[0m
[5.433s] [ 40%] [32mBuilding CXX object CMakeFiles/linefit_ground_segmentation.dir/src/ground_segmentation.cc.o[0m
[5.433s] [ 60%] [32mBuilding CXX object CMakeFiles/linefit_ground_segmentation.dir/src/segment.cc.o[0m
[5.433s] [ 80%] [32mBuilding CXX object CMakeFiles/linefit_ground_segmentation.dir/src/viewer.cc.o[0m
[5.434s] [0mIn this package, headers install destination is set to `include` by ament_auto_package. It is recommended to install `include/linefit_ground_segmentation` instead and will be the default behavior of ament_auto_package from ROS 2 Kilted Kaiju. On distributions before Kilted, ament_auto_package behaves the same way when you use USE_SCOPED_HEADER_INSTALL_DIR option.[0m
[18.755s] [100%] [32m[1mLinking CXX shared library liblinefit_ground_segmentation.so[0m
[19.834s] [100%] Built target linefit_ground_segmentation
[19.873s] Invoked command in '/home/hero/Desktop/birdiebot_nav_ws/build/linefit_ground_segmentation' returned '0': CMAKE_PREFIX_PATH=/opt/ros/humble /usr/bin/cmake --build /home/hero/Desktop/birdiebot_nav_ws/build/linefit_ground_segmentation -- -j8 -l8
[20.405s] Invoking command in '/home/hero/Desktop/birdiebot_nav_ws/build/linefit_ground_segmentation': CMAKE_PREFIX_PATH=/opt/ros/humble /usr/bin/cmake --install /home/hero/Desktop/birdiebot_nav_ws/build/linefit_ground_segmentation
[28.555s] -- Install configuration: ""
[28.556s] -- Execute custom install script
[28.558s] -- Up-to-date symlink: /home/hero/Desktop/birdiebot_nav_ws/install/linefit_ground_segmentation/include/ground_segmentation/bin.h
[28.558s] -- Up-to-date symlink: /home/hero/Desktop/birdiebot_nav_ws/install/linefit_ground_segmentation/include/ground_segmentation/ground_segmentation.h
[28.558s] -- Up-to-date symlink: /home/hero/Desktop/birdiebot_nav_ws/install/linefit_ground_segmentation/include/ground_segmentation/segment.h
[28.559s] -- Up-to-date symlink: /home/hero/Desktop/birdiebot_nav_ws/install/linefit_ground_segmentation/include/ground_segmentation/typedefs.h
[28.559s] -- Up-to-date symlink: /home/hero/Desktop/birdiebot_nav_ws/install/linefit_ground_segmentation/include/ground_segmentation/viewer.h
[28.559s] -- Up-to-date symlink: /home/hero/Desktop/birdiebot_nav_ws/install/linefit_ground_segmentation/share/linefit_ground_segmentation/environment/library_path.sh
[28.559s] -- Up-to-date symlink: /home/hero/Desktop/birdiebot_nav_ws/install/linefit_ground_segmentation/share/linefit_ground_segmentation/environment/library_path.dsv
[28.559s] -- Up-to-date symlink: /home/hero/Desktop/birdiebot_nav_ws/install/linefit_ground_segmentation/lib/liblinefit_ground_segmentation.so
[28.559s] -- Up-to-date symlink: /home/hero/Desktop/birdiebot_nav_ws/install/linefit_ground_segmentation/share/ament_index/resource_index/package_run_dependencies/linefit_ground_segmentation
[28.559s] -- Up-to-date symlink: /home/hero/Desktop/birdiebot_nav_ws/install/linefit_ground_segmentation/share/ament_index/resource_index/parent_prefix_path/linefit_ground_segmentation
[28.559s] -- Up-to-date symlink: /home/hero/Desktop/birdiebot_nav_ws/install/linefit_ground_segmentation/share/linefit_ground_segmentation/environment/ament_prefix_path.sh
[28.559s] -- Up-to-date symlink: /home/hero/Desktop/birdiebot_nav_ws/install/linefit_ground_segmentation/share/linefit_ground_segmentation/environment/ament_prefix_path.dsv
[28.559s] -- Up-to-date symlink: /home/hero/Desktop/birdiebot_nav_ws/install/linefit_ground_segmentation/share/linefit_ground_segmentation/environment/path.sh
[28.559s] -- Up-to-date symlink: /home/hero/Desktop/birdiebot_nav_ws/install/linefit_ground_segmentation/share/linefit_ground_segmentation/environment/path.dsv
[28.559s] -- Up-to-date symlink: /home/hero/Desktop/birdiebot_nav_ws/install/linefit_ground_segmentation/share/linefit_ground_segmentation/local_setup.bash
[28.559s] -- Up-to-date symlink: /home/hero/Desktop/birdiebot_nav_ws/install/linefit_ground_segmentation/share/linefit_ground_segmentation/local_setup.sh
[28.559s] -- Up-to-date symlink: /home/hero/Desktop/birdiebot_nav_ws/install/linefit_ground_segmentation/share/linefit_ground_segmentation/local_setup.zsh
[28.559s] -- Up-to-date symlink: /home/hero/Desktop/birdiebot_nav_ws/install/linefit_ground_segmentation/share/linefit_ground_segmentation/local_setup.dsv
[28.559s] -- Symlinking: /home/hero/Desktop/birdiebot_nav_ws/install/linefit_ground_segmentation/share/linefit_ground_segmentation/package.dsv
[28.559s] -- Up-to-date symlink: /home/hero/Desktop/birdiebot_nav_ws/install/linefit_ground_segmentation/share/ament_index/resource_index/packages/linefit_ground_segmentation
[28.559s] -- Up-to-date symlink: /home/hero/Desktop/birdiebot_nav_ws/install/linefit_ground_segmentation/share/linefit_ground_segmentation/cmake/ament_cmake_export_dependencies-extras.cmake
[28.559s] -- Up-to-date symlink: /home/hero/Desktop/birdiebot_nav_ws/install/linefit_ground_segmentation/share/linefit_ground_segmentation/cmake/ament_cmake_export_include_directories-extras.cmake
[28.560s] -- Up-to-date symlink: /home/hero/Desktop/birdiebot_nav_ws/install/linefit_ground_segmentation/share/linefit_ground_segmentation/cmake/ament_cmake_export_libraries-extras.cmake
[28.560s] -- Up-to-date symlink: /home/hero/Desktop/birdiebot_nav_ws/install/linefit_ground_segmentation/share/linefit_ground_segmentation/cmake/linefit_ground_segmentationConfig.cmake
[28.560s] -- Up-to-date symlink: /home/hero/Desktop/birdiebot_nav_ws/install/linefit_ground_segmentation/share/linefit_ground_segmentation/cmake/linefit_ground_segmentationConfig-version.cmake
[28.560s] -- Up-to-date symlink: /home/hero/Desktop/birdiebot_nav_ws/install/linefit_ground_segmentation/share/linefit_ground_segmentation/package.xml
[28.561s] Invoked command in '/home/hero/Desktop/birdiebot_nav_ws/build/linefit_ground_segmentation' returned '0': CMAKE_PREFIX_PATH=/opt/ros/humble /usr/bin/cmake --install /home/hero/Desktop/birdiebot_nav_ws/build/linefit_ground_segmentation
