[0.086s] Invoking command in '/home/hero/Desktop/birdiebot_nav_ws/build/rm_auto_aim': AMENT_PREFIX_PATH=/home/hero/Desktop/birdiebot_nav_ws/install/armor_tracker:/home/hero/Desktop/birdiebot_nav_ws/install/armor_detector:/home/hero/Desktop/birdiebot_nav_ws/install/auto_aim_interfaces:${AMENT_PREFIX_PATH} CMAKE_PREFIX_PATH=/home/hero/Desktop/birdiebot_nav_ws/install/armor_tracker:/home/hero/Desktop/birdiebot_nav_ws/install/armor_detector:/home/hero/Desktop/birdiebot_nav_ws/install/auto_aim_interfaces:/opt/ros/humble LD_LIBRARY_PATH=/home/hero/Desktop/birdiebot_nav_ws/install/armor_tracker/lib:/home/hero/Desktop/birdiebot_nav_ws/install/armor_detector/lib:/home/hero/Desktop/birdiebot_nav_ws/install/auto_aim_interfaces/lib:/opt/intel/openvino_2023.3.0/runtime/lib/intel64:/opt/MVS/lib/64:/opt/MVS/lib/32:/usr/lib/x86_64-linux-gnu/gazebo-11/plugins:/opt/ros/humble/opt/rviz_ogre_vendor/lib:/opt/ros/humble/lib/x86_64-linux-gnu:/opt/ros/humble/lib:/opt/MVS/lib/64:/opt/MVS/lib/32:/opt/MVS/lib/64:/opt/MVS/lib/32 PYTHONPATH=/home/hero/Desktop/birdiebot_nav_ws/install/auto_aim_interfaces/local/lib/python3.10/dist-packages:${PYTHONPATH} /usr/bin/cmake /home/hero/Desktop/birdiebot_nav_ws/src/rm_auto_aim/rm_auto_aim -DAMENT_CMAKE_SYMLINK_INSTALL=1 -DCMAKE_INSTALL_PREFIX=/home/hero/Desktop/birdiebot_nav_ws/install/rm_auto_aim
[16.734s] -- The C compiler identification is GNU 11.4.0
[16.734s] -- The CXX compiler identification is GNU 11.4.0
[16.735s] -- Detecting C compiler ABI info
[16.735s] -- Detecting C compiler ABI info - done
[16.735s] -- Check for working C compiler: /usr/bin/cc - skipped
[16.736s] -- Detecting C compile features
[16.736s] -- Detecting C compile features - done
[16.736s] -- Detecting CXX compiler ABI info
[16.736s] -- Detecting CXX compiler ABI info - done
[16.736s] -- Check for working CXX compiler: /usr/bin/c++ - skipped
[16.736s] -- Detecting CXX compile features
[16.736s] -- Detecting CXX compile features - done
[16.736s] -- Found ament_cmake_auto: 1.3.8 (/opt/ros/humble/share/ament_cmake_auto/cmake)
[16.736s] -- Found Python3: /usr/bin/python3 (found version "3.10.12") found components: Interpreter 
[16.736s] -- Override CMake install command with custom implementation using symlinks instead of copying resources
[16.736s] -- Found ament_lint_auto: 0.12.10 (/opt/ros/humble/share/ament_lint_auto/cmake)
[16.736s] -- Added test 'lint_cmake' to check CMake code style
[16.736s] -- Added test 'xmllint' to check XML markup files
[16.736s] -- Configuring done
[16.736s] -- Generating done
[16.736s] -- Build files have been written to: /home/hero/Desktop/birdiebot_nav_ws/build/rm_auto_aim
[16.798s] Invoked command in '/home/hero/Desktop/birdiebot_nav_ws/build/rm_auto_aim' returned '0': AMENT_PREFIX_PATH=/home/hero/Desktop/birdiebot_nav_ws/install/armor_tracker:/home/hero/Desktop/birdiebot_nav_ws/install/armor_detector:/home/hero/Desktop/birdiebot_nav_ws/install/auto_aim_interfaces:${AMENT_PREFIX_PATH} CMAKE_PREFIX_PATH=/home/hero/Desktop/birdiebot_nav_ws/install/armor_tracker:/home/hero/Desktop/birdiebot_nav_ws/install/armor_detector:/home/hero/Desktop/birdiebot_nav_ws/install/auto_aim_interfaces:/opt/ros/humble LD_LIBRARY_PATH=/home/hero/Desktop/birdiebot_nav_ws/install/armor_tracker/lib:/home/hero/Desktop/birdiebot_nav_ws/install/armor_detector/lib:/home/hero/Desktop/birdiebot_nav_ws/install/auto_aim_interfaces/lib:/opt/intel/openvino_2023.3.0/runtime/lib/intel64:/opt/MVS/lib/64:/opt/MVS/lib/32:/usr/lib/x86_64-linux-gnu/gazebo-11/plugins:/opt/ros/humble/opt/rviz_ogre_vendor/lib:/opt/ros/humble/lib/x86_64-linux-gnu:/opt/ros/humble/lib:/opt/MVS/lib/64:/opt/MVS/lib/32:/opt/MVS/lib/64:/opt/MVS/lib/32 PYTHONPATH=/home/hero/Desktop/birdiebot_nav_ws/install/auto_aim_interfaces/local/lib/python3.10/dist-packages:${PYTHONPATH} /usr/bin/cmake /home/hero/Desktop/birdiebot_nav_ws/src/rm_auto_aim/rm_auto_aim -DAMENT_CMAKE_SYMLINK_INSTALL=1 -DCMAKE_INSTALL_PREFIX=/home/hero/Desktop/birdiebot_nav_ws/install/rm_auto_aim
[16.799s] Invoking command in '/home/hero/Desktop/birdiebot_nav_ws/build/rm_auto_aim': AMENT_PREFIX_PATH=/home/hero/Desktop/birdiebot_nav_ws/install/armor_tracker:/home/hero/Desktop/birdiebot_nav_ws/install/armor_detector:/home/hero/Desktop/birdiebot_nav_ws/install/auto_aim_interfaces:${AMENT_PREFIX_PATH} CMAKE_PREFIX_PATH=/home/hero/Desktop/birdiebot_nav_ws/install/armor_tracker:/home/hero/Desktop/birdiebot_nav_ws/install/armor_detector:/home/hero/Desktop/birdiebot_nav_ws/install/auto_aim_interfaces:/opt/ros/humble LD_LIBRARY_PATH=/home/hero/Desktop/birdiebot_nav_ws/install/armor_tracker/lib:/home/hero/Desktop/birdiebot_nav_ws/install/armor_detector/lib:/home/hero/Desktop/birdiebot_nav_ws/install/auto_aim_interfaces/lib:/opt/intel/openvino_2023.3.0/runtime/lib/intel64:/opt/MVS/lib/64:/opt/MVS/lib/32:/usr/lib/x86_64-linux-gnu/gazebo-11/plugins:/opt/ros/humble/opt/rviz_ogre_vendor/lib:/opt/ros/humble/lib/x86_64-linux-gnu:/opt/ros/humble/lib:/opt/MVS/lib/64:/opt/MVS/lib/32:/opt/MVS/lib/64:/opt/MVS/lib/32 PYTHONPATH=/home/hero/Desktop/birdiebot_nav_ws/install/auto_aim_interfaces/local/lib/python3.10/dist-packages:${PYTHONPATH} /usr/bin/cmake --build /home/hero/Desktop/birdiebot_nav_ws/build/rm_auto_aim -- -j8 -l8
[16.913s] Invoked command in '/home/hero/Desktop/birdiebot_nav_ws/build/rm_auto_aim' returned '0': AMENT_PREFIX_PATH=/home/hero/Desktop/birdiebot_nav_ws/install/armor_tracker:/home/hero/Desktop/birdiebot_nav_ws/install/armor_detector:/home/hero/Desktop/birdiebot_nav_ws/install/auto_aim_interfaces:${AMENT_PREFIX_PATH} CMAKE_PREFIX_PATH=/home/hero/Desktop/birdiebot_nav_ws/install/armor_tracker:/home/hero/Desktop/birdiebot_nav_ws/install/armor_detector:/home/hero/Desktop/birdiebot_nav_ws/install/auto_aim_interfaces:/opt/ros/humble LD_LIBRARY_PATH=/home/hero/Desktop/birdiebot_nav_ws/install/armor_tracker/lib:/home/hero/Desktop/birdiebot_nav_ws/install/armor_detector/lib:/home/hero/Desktop/birdiebot_nav_ws/install/auto_aim_interfaces/lib:/opt/intel/openvino_2023.3.0/runtime/lib/intel64:/opt/MVS/lib/64:/opt/MVS/lib/32:/usr/lib/x86_64-linux-gnu/gazebo-11/plugins:/opt/ros/humble/opt/rviz_ogre_vendor/lib:/opt/ros/humble/lib/x86_64-linux-gnu:/opt/ros/humble/lib:/opt/MVS/lib/64:/opt/MVS/lib/32:/opt/MVS/lib/64:/opt/MVS/lib/32 PYTHONPATH=/home/hero/Desktop/birdiebot_nav_ws/install/auto_aim_interfaces/local/lib/python3.10/dist-packages:${PYTHONPATH} /usr/bin/cmake --build /home/hero/Desktop/birdiebot_nav_ws/build/rm_auto_aim -- -j8 -l8
[16.941s] Invoking command in '/home/hero/Desktop/birdiebot_nav_ws/build/rm_auto_aim': AMENT_PREFIX_PATH=/home/hero/Desktop/birdiebot_nav_ws/install/armor_tracker:/home/hero/Desktop/birdiebot_nav_ws/install/armor_detector:/home/hero/Desktop/birdiebot_nav_ws/install/auto_aim_interfaces:${AMENT_PREFIX_PATH} CMAKE_PREFIX_PATH=/home/hero/Desktop/birdiebot_nav_ws/install/armor_tracker:/home/hero/Desktop/birdiebot_nav_ws/install/armor_detector:/home/hero/Desktop/birdiebot_nav_ws/install/auto_aim_interfaces:/opt/ros/humble LD_LIBRARY_PATH=/home/hero/Desktop/birdiebot_nav_ws/install/armor_tracker/lib:/home/hero/Desktop/birdiebot_nav_ws/install/armor_detector/lib:/home/hero/Desktop/birdiebot_nav_ws/install/auto_aim_interfaces/lib:/opt/intel/openvino_2023.3.0/runtime/lib/intel64:/opt/MVS/lib/64:/opt/MVS/lib/32:/usr/lib/x86_64-linux-gnu/gazebo-11/plugins:/opt/ros/humble/opt/rviz_ogre_vendor/lib:/opt/ros/humble/lib/x86_64-linux-gnu:/opt/ros/humble/lib:/opt/MVS/lib/64:/opt/MVS/lib/32:/opt/MVS/lib/64:/opt/MVS/lib/32 PYTHONPATH=/home/hero/Desktop/birdiebot_nav_ws/install/auto_aim_interfaces/local/lib/python3.10/dist-packages:${PYTHONPATH} /usr/bin/cmake --install /home/hero/Desktop/birdiebot_nav_ws/build/rm_auto_aim
[17.123s] -- Install configuration: ""
[17.123s] -- Execute custom install script
[17.123s] -- Symlinking: /home/hero/Desktop/birdiebot_nav_ws/install/rm_auto_aim/share/ament_index/resource_index/package_run_dependencies/rm_auto_aim
[17.123s] -- Symlinking: /home/hero/Desktop/birdiebot_nav_ws/install/rm_auto_aim/share/ament_index/resource_index/parent_prefix_path/rm_auto_aim
[17.123s] -- Symlinking: /home/hero/Desktop/birdiebot_nav_ws/install/rm_auto_aim/share/rm_auto_aim/environment/ament_prefix_path.sh
[17.123s] -- Symlinking: /home/hero/Desktop/birdiebot_nav_ws/install/rm_auto_aim/share/rm_auto_aim/environment/ament_prefix_path.dsv
[17.123s] -- Symlinking: /home/hero/Desktop/birdiebot_nav_ws/install/rm_auto_aim/share/rm_auto_aim/environment/path.sh
[17.123s] -- Symlinking: /home/hero/Desktop/birdiebot_nav_ws/install/rm_auto_aim/share/rm_auto_aim/environment/path.dsv
[17.123s] -- Symlinking: /home/hero/Desktop/birdiebot_nav_ws/install/rm_auto_aim/share/rm_auto_aim/local_setup.bash
[17.124s] -- Symlinking: /home/hero/Desktop/birdiebot_nav_ws/install/rm_auto_aim/share/rm_auto_aim/local_setup.sh
[17.124s] -- Symlinking: /home/hero/Desktop/birdiebot_nav_ws/install/rm_auto_aim/share/rm_auto_aim/local_setup.zsh
[17.124s] -- Symlinking: /home/hero/Desktop/birdiebot_nav_ws/install/rm_auto_aim/share/rm_auto_aim/local_setup.dsv
[17.124s] -- Symlinking: /home/hero/Desktop/birdiebot_nav_ws/install/rm_auto_aim/share/rm_auto_aim/package.dsv
[17.124s] -- Symlinking: /home/hero/Desktop/birdiebot_nav_ws/install/rm_auto_aim/share/ament_index/resource_index/packages/rm_auto_aim
[17.124s] -- Symlinking: /home/hero/Desktop/birdiebot_nav_ws/install/rm_auto_aim/share/rm_auto_aim/cmake/rm_auto_aimConfig.cmake
[17.124s] -- Symlinking: /home/hero/Desktop/birdiebot_nav_ws/install/rm_auto_aim/share/rm_auto_aim/cmake/rm_auto_aimConfig-version.cmake
[17.124s] -- Symlinking: /home/hero/Desktop/birdiebot_nav_ws/install/rm_auto_aim/share/rm_auto_aim/package.xml
[17.191s] Invoked command in '/home/hero/Desktop/birdiebot_nav_ws/build/rm_auto_aim' returned '0': AMENT_PREFIX_PATH=/home/hero/Desktop/birdiebot_nav_ws/install/armor_tracker:/home/hero/Desktop/birdiebot_nav_ws/install/armor_detector:/home/hero/Desktop/birdiebot_nav_ws/install/auto_aim_interfaces:${AMENT_PREFIX_PATH} CMAKE_PREFIX_PATH=/home/hero/Desktop/birdiebot_nav_ws/install/armor_tracker:/home/hero/Desktop/birdiebot_nav_ws/install/armor_detector:/home/hero/Desktop/birdiebot_nav_ws/install/auto_aim_interfaces:/opt/ros/humble LD_LIBRARY_PATH=/home/hero/Desktop/birdiebot_nav_ws/install/armor_tracker/lib:/home/hero/Desktop/birdiebot_nav_ws/install/armor_detector/lib:/home/hero/Desktop/birdiebot_nav_ws/install/auto_aim_interfaces/lib:/opt/intel/openvino_2023.3.0/runtime/lib/intel64:/opt/MVS/lib/64:/opt/MVS/lib/32:/usr/lib/x86_64-linux-gnu/gazebo-11/plugins:/opt/ros/humble/opt/rviz_ogre_vendor/lib:/opt/ros/humble/lib/x86_64-linux-gnu:/opt/ros/humble/lib:/opt/MVS/lib/64:/opt/MVS/lib/32:/opt/MVS/lib/64:/opt/MVS/lib/32 PYTHONPATH=/home/hero/Desktop/birdiebot_nav_ws/install/auto_aim_interfaces/local/lib/python3.10/dist-packages:${PYTHONPATH} /usr/bin/cmake --install /home/hero/Desktop/birdiebot_nav_ws/build/rm_auto_aim
