[0.112s] Invoking command in '/home/hero/Desktop/birdiebot_nav_ws/build/terrain_analysis': CMAKE_PREFIX_PATH=/opt/ros/humble /usr/bin/cmake /home/hero/Desktop/birdiebot_nav_ws/src/rm_slam/src/rm_perception/terrain_analysis -DAMENT_CMAKE_SYMLINK_INSTALL=1 -DCMAKE_INSTALL_PREFIX=/home/hero/Desktop/birdiebot_nav_ws/install/terrain_analysis
[0.428s] -- The C compiler identification is GNU 11.4.0
[0.428s] -- The CXX compiler identification is GNU 11.4.0
[0.428s] -- Detecting C compiler ABI info
[0.429s] -- Detecting C compiler ABI info - done
[0.429s] -- Check for working C compiler: /usr/bin/cc - skipped
[0.429s] -- Detecting C compile features
[0.429s] -- Detecting C compile features - done
[0.429s] -- Detecting CXX compiler ABI info
[0.429s] -- Detecting CXX compiler ABI info - done
[0.429s] -- Check for working CXX compiler: /usr/bin/c++ - skipped
[0.429s] -- Detecting CXX compile features
[0.429s] -- Detecting CXX compile features - done
[0.429s] -- Found ament_cmake: 1.3.8 (/opt/ros/humble/share/ament_cmake/cmake)
[0.591s] -- Found Python3: /usr/bin/python3 (found version "3.10.12") found components: Interpreter 
[0.655s] -- Override CMake install command with custom implementation using symlinks instead of copying resources
[0.681s] -- Found rclcpp: 16.0.14 (/opt/ros/humble/share/rclcpp/cmake)
[0.724s] -- Found rosidl_generator_c: 3.1.5 (/opt/ros/humble/share/rosidl_generator_c/cmake)
[0.729s] -- Found rosidl_adapter: 3.1.5 (/opt/ros/humble/share/rosidl_adapter/cmake)
[0.738s] -- Found rosidl_generator_cpp: 3.1.5 (/opt/ros/humble/share/rosidl_generator_cpp/cmake)
[0.752s] -- Using all available rosidl_typesupport_c: rosidl_typesupport_fastrtps_c;rosidl_typesupport_introspection_c
[0.772s] -- Using all available rosidl_typesupport_cpp: rosidl_typesupport_fastrtps_cpp;rosidl_typesupport_introspection_cpp
[0.829s] -- Found rmw_implementation_cmake: 6.1.1 (/opt/ros/humble/share/rmw_implementation_cmake/cmake)
[0.831s] -- Found rmw_fastrtps_cpp: 6.2.6 (/opt/ros/humble/share/rmw_fastrtps_cpp/cmake)
[0.908s] -- Found OpenSSL: /usr/lib/x86_64-linux-gnu/libcrypto.so (found version "3.0.2")  
[0.938s] -- Found FastRTPS: /opt/ros/humble/include  
[0.984s] -- Using RMW implementation 'rmw_fastrtps_cpp' as default
[0.992s] -- Looking for pthread.h
[1.053s] -- Looking for pthread.h - found
[1.053s] -- Performing Test CMAKE_HAVE_LIBC_PTHREAD
[1.116s] -- Performing Test CMAKE_HAVE_LIBC_PTHREAD - Success
[1.117s] -- Found Threads: TRUE  
[1.238s] -- Found nav_msgs: 4.2.3 (/opt/ros/humble/share/nav_msgs/cmake)
[1.316s] -- Found sensor_msgs: 4.2.3 (/opt/ros/humble/share/sensor_msgs/cmake)
[1.370s] -- Found tf2_ros: 0.25.16 (/opt/ros/humble/share/tf2_ros/cmake)
[1.588s] -- Found tf2_geometry_msgs: 0.25.16 (/opt/ros/humble/share/tf2_geometry_msgs/cmake)
[1.597s] -- Found eigen3_cmake_module: 0.1.1 (/opt/ros/humble/share/eigen3_cmake_module/cmake)
[1.598s] -- Found Eigen3: TRUE (found version "3.4.0") 
[1.598s] -- Ensuring Eigen3 include directory is part of orocos-kdl CMake target
[1.604s] -- Found pcl_conversions: 2.4.0 (/opt/ros/humble/share/pcl_conversions/cmake)
[1.681s] -- Found pcl_ros: 2.4.0 (/opt/ros/humble/share/pcl_ros/cmake)
[1.764s] -- Checking for module 'eigen3'
[1.773s] --   Found eigen3, version 3.4.0
[1.797s] -- Found Eigen: /usr/include/eigen3 (Required is at least version "3.1") 
[1.797s] -- Eigen found (include: /usr/include/eigen3, version: 3.4.0)
[1.831s] -- Checking for module 'flann'
[1.841s] --   Found flann, version 1.9.1
[1.870s] -- Found FLANN: /usr/lib/x86_64-linux-gnu/libflann_cpp.so  
[1.870s] -- FLANN found (include: /usr/include, lib: /usr/lib/x86_64-linux-gnu/libflann_cpp.so)
[2.553s] -- Checking for module 'libusb-1.0'
[2.562s] --   Found libusb-1.0, version 1.0.25
[2.582s] -- Found libusb: /usr/lib/x86_64-linux-gnu/libusb-1.0.so  
[2.583s] -- OpenNI found (version: 1.5.4.0, include: /usr/include/ni, lib: /usr/lib/libOpenNI.so;libusb::libusb)
[2.624s] -- OpenNI2 found (version: 2.2.0.33, include: /usr/include/openni2, lib: /usr/lib/x86_64-linux-gnu/libOpenNI2.so;libusb::libusb)
[2.768s] -- Eigen found (include: /usr/include/eigen3, version: 3.4.0)
[2.774s] -- OpenNI found (version: 1.5.4.0, include: /usr/include/ni, lib: /usr/lib/libOpenNI.so;libusb::libusb)
[2.780s] -- OpenNI2 found (version: 2.2.0.33, include: /usr/include/openni2, lib: /usr/lib/x86_64-linux-gnu/libOpenNI2.so;libusb::libusb)
[2.919s] -- Found Qhull version 8.0.2
[3.062s] -- OpenNI found (version: 1.5.4.0, include: /usr/include/ni, lib: /usr/lib/libOpenNI.so;libusb::libusb)
[3.199s] -- Found PCL_COMMON: /usr/lib/x86_64-linux-gnu/libpcl_common.so  
[3.200s] -- Found PCL_KDTREE: /usr/lib/x86_64-linux-gnu/libpcl_kdtree.so  
[3.201s] -- Found PCL_OCTREE: /usr/lib/x86_64-linux-gnu/libpcl_octree.so  
[3.202s] -- Found PCL_SEARCH: /usr/lib/x86_64-linux-gnu/libpcl_search.so  
[3.203s] -- Found PCL_SAMPLE_CONSENSUS: /usr/lib/x86_64-linux-gnu/libpcl_sample_consensus.so  
[3.204s] -- Found PCL_FILTERS: /usr/lib/x86_64-linux-gnu/libpcl_filters.so  
[3.205s] -- Found PCL_2D: /usr/include/pcl-1.12  
[3.205s] -- Found PCL_GEOMETRY: /usr/include/pcl-1.12  
[3.206s] -- Found PCL_IO: /usr/lib/x86_64-linux-gnu/libpcl_io.so  
[3.207s] -- Found PCL_FEATURES: /usr/lib/x86_64-linux-gnu/libpcl_features.so  
[3.209s] -- Found PCL_ML: /usr/lib/x86_64-linux-gnu/libpcl_ml.so  
[3.210s] -- Found PCL_SEGMENTATION: /usr/lib/x86_64-linux-gnu/libpcl_segmentation.so  
[3.211s] -- Found PCL_VISUALIZATION: /usr/lib/x86_64-linux-gnu/libpcl_visualization.so  
[3.212s] -- Found PCL_SURFACE: /usr/lib/x86_64-linux-gnu/libpcl_surface.so  
[3.213s] -- Found PCL_REGISTRATION: /usr/lib/x86_64-linux-gnu/libpcl_registration.so  
[3.214s] -- Found PCL_KEYPOINTS: /usr/lib/x86_64-linux-gnu/libpcl_keypoints.so  
[3.216s] -- Found PCL_TRACKING: /usr/lib/x86_64-linux-gnu/libpcl_tracking.so  
[3.217s] -- Found PCL_RECOGNITION: /usr/lib/x86_64-linux-gnu/libpcl_recognition.so  
[3.218s] -- Found PCL_STEREO: /usr/lib/x86_64-linux-gnu/libpcl_stereo.so  
[3.219s] -- Found PCL_APPS: /usr/lib/x86_64-linux-gnu/libpcl_apps.so  
[3.220s] -- Found PCL_IN_HAND_SCANNER: /usr/include/pcl-1.12  
[3.220s] -- Found PCL_MODELER: /usr/include/pcl-1.12  
[3.221s] -- Found PCL_POINT_CLOUD_EDITOR: /usr/include/pcl-1.12  
[3.222s] -- Found PCL_OUTOFCORE: /usr/lib/x86_64-linux-gnu/libpcl_outofcore.so  
[3.223s] -- Found PCL_PEOPLE: /usr/lib/x86_64-linux-gnu/libpcl_people.so  
[3.296s] -- Found ament_lint_auto: 0.12.10 (/opt/ros/humble/share/ament_lint_auto/cmake)
[3.376s] -- Added test 'copyright' to check source files copyright and LICENSE
[3.377s] -- Added test 'cppcheck' to perform static code analysis on C / C++ code
[3.377s] -- Configured cppcheck include dirs: 
[3.378s] -- Configured cppcheck exclude dirs and/or files: 
[3.378s] -- Added test 'cpplint' to check C / C++ code against the Google style
[3.378s] -- Configured cpplint exclude dirs and/or files: 
[3.379s] -- Added test 'lint_cmake' to check CMake code style
[3.380s] -- Added test 'uncrustify' to check C / C++ code style
[3.380s] -- Configured uncrustify additional arguments: 
[3.380s] -- Added test 'xmllint' to check XML markup files
[3.381s] -- Configuring done
[3.412s] -- Generating done
[3.414s] -- Build files have been written to: /home/hero/Desktop/birdiebot_nav_ws/build/terrain_analysis
[3.438s] Invoked command in '/home/hero/Desktop/birdiebot_nav_ws/build/terrain_analysis' returned '0': CMAKE_PREFIX_PATH=/opt/ros/humble /usr/bin/cmake /home/hero/Desktop/birdiebot_nav_ws/src/rm_slam/src/rm_perception/terrain_analysis -DAMENT_CMAKE_SYMLINK_INSTALL=1 -DCMAKE_INSTALL_PREFIX=/home/hero/Desktop/birdiebot_nav_ws/install/terrain_analysis
[3.439s] Invoking command in '/home/hero/Desktop/birdiebot_nav_ws/build/terrain_analysis': CMAKE_PREFIX_PATH=/opt/ros/humble /usr/bin/cmake --build /home/hero/Desktop/birdiebot_nav_ws/build/terrain_analysis -- -j8 -l8
[3.508s] [ 50%] [32mBuilding CXX object CMakeFiles/terrainAnalysis.dir/src/terrainAnalysis.cpp.o[0m
[20.879s] [100%] [32m[1mLinking CXX executable terrainAnalysis[0m
[23.248s] [100%] Built target terrainAnalysis
[23.264s] Invoked command in '/home/hero/Desktop/birdiebot_nav_ws/build/terrain_analysis' returned '0': CMAKE_PREFIX_PATH=/opt/ros/humble /usr/bin/cmake --build /home/hero/Desktop/birdiebot_nav_ws/build/terrain_analysis -- -j8 -l8
[23.334s] Invoking command in '/home/hero/Desktop/birdiebot_nav_ws/build/terrain_analysis': CMAKE_PREFIX_PATH=/opt/ros/humble /usr/bin/cmake --install /home/hero/Desktop/birdiebot_nav_ws/build/terrain_analysis
[23.342s] -- Install configuration: ""
[23.342s] -- Execute custom install script
[23.343s] -- Symlinking: /home/hero/Desktop/birdiebot_nav_ws/install/terrain_analysis/lib/terrain_analysis/terrainAnalysis
[23.352s] -- Symlinking: /home/hero/Desktop/birdiebot_nav_ws/install/terrain_analysis/share/terrain_analysis/launch/terrain_analysis.launch
[23.362s] -- Symlinking: /home/hero/Desktop/birdiebot_nav_ws/install/terrain_analysis/share/ament_index/resource_index/package_run_dependencies/terrain_analysis
[23.371s] -- Symlinking: /home/hero/Desktop/birdiebot_nav_ws/install/terrain_analysis/share/ament_index/resource_index/parent_prefix_path/terrain_analysis
[23.380s] -- Symlinking: /home/hero/Desktop/birdiebot_nav_ws/install/terrain_analysis/share/terrain_analysis/environment/ament_prefix_path.sh
[23.389s] -- Symlinking: /home/hero/Desktop/birdiebot_nav_ws/install/terrain_analysis/share/terrain_analysis/environment/ament_prefix_path.dsv
[23.397s] -- Symlinking: /home/hero/Desktop/birdiebot_nav_ws/install/terrain_analysis/share/terrain_analysis/environment/path.sh
[23.405s] -- Symlinking: /home/hero/Desktop/birdiebot_nav_ws/install/terrain_analysis/share/terrain_analysis/environment/path.dsv
[23.413s] -- Symlinking: /home/hero/Desktop/birdiebot_nav_ws/install/terrain_analysis/share/terrain_analysis/local_setup.bash
[23.421s] -- Symlinking: /home/hero/Desktop/birdiebot_nav_ws/install/terrain_analysis/share/terrain_analysis/local_setup.sh
[23.429s] -- Symlinking: /home/hero/Desktop/birdiebot_nav_ws/install/terrain_analysis/share/terrain_analysis/local_setup.zsh
[23.440s] -- Symlinking: /home/hero/Desktop/birdiebot_nav_ws/install/terrain_analysis/share/terrain_analysis/local_setup.dsv
[23.445s] -- Symlinking: /home/hero/Desktop/birdiebot_nav_ws/install/terrain_analysis/share/terrain_analysis/package.dsv
[23.454s] -- Symlinking: /home/hero/Desktop/birdiebot_nav_ws/install/terrain_analysis/share/ament_index/resource_index/packages/terrain_analysis
[23.463s] -- Symlinking: /home/hero/Desktop/birdiebot_nav_ws/install/terrain_analysis/share/terrain_analysis/cmake/terrain_analysisConfig.cmake
[23.471s] -- Symlinking: /home/hero/Desktop/birdiebot_nav_ws/install/terrain_analysis/share/terrain_analysis/cmake/terrain_analysisConfig-version.cmake
[23.481s] -- Symlinking: /home/hero/Desktop/birdiebot_nav_ws/install/terrain_analysis/share/terrain_analysis/package.xml
[23.556s] Invoked command in '/home/hero/Desktop/birdiebot_nav_ws/build/terrain_analysis' returned '0': CMAKE_PREFIX_PATH=/opt/ros/humble /usr/bin/cmake --install /home/hero/Desktop/birdiebot_nav_ws/build/terrain_analysis
