[0.128s] Invoking command in '/home/hero/Desktop/birdiebot_nav_ws/build/pb_omni_pid_pursuit_controller': CMAKE_PREFIX_PATH=/opt/ros/humble /usr/bin/cmake /home/hero/Desktop/birdiebot_nav_ws/src/rm_slam/src/rm_navigation/pb_omni_pid_pursuit_controller -DAMENT_CMAKE_SYMLINK_INSTALL=1 -DCMAKE_INSTALL_PREFIX=/home/hero/Desktop/birdiebot_nav_ws/install/pb_omni_pid_pursuit_controller
[2.239s] -- The C compiler identification is GNU 11.4.0
[2.239s] -- The CXX compiler identification is GNU 11.4.0
[2.239s] -- Detecting C compiler ABI info
[2.239s] -- Detecting C compiler ABI info - done
[2.239s] -- Check for working C compiler: /usr/bin/cc - skipped
[2.239s] -- Detecting C compile features
[2.239s] -- Detecting C compile features - done
[2.239s] -- Detecting CXX compiler ABI info
[2.239s] -- Detecting CXX compiler ABI info - done
[2.239s] -- Check for working CXX compiler: /usr/bin/c++ - skipped
[2.239s] -- Detecting CXX compile features
[2.239s] -- Detecting CXX compile features - done
[2.239s] -- Found ament_cmake_auto: 1.3.8 (/opt/ros/humble/share/ament_cmake_auto/cmake)
[2.239s] -- Found Python3: /usr/bin/python3 (found version "3.10.12") found components: Interpreter 
[2.240s] -- Override CMake install command with custom implementation using symlinks instead of copying resources
[2.318s] -- Found rosidl_generator_c: 3.1.5 (/opt/ros/humble/share/rosidl_generator_c/cmake)
[2.365s] -- Found rosidl_adapter: 3.1.5 (/opt/ros/humble/share/rosidl_adapter/cmake)
[2.399s] -- Found rosidl_generator_cpp: 3.1.5 (/opt/ros/humble/share/rosidl_generator_cpp/cmake)
[2.453s] -- Using all available rosidl_typesupport_c: rosidl_typesupport_fastrtps_c;rosidl_typesupport_introspection_c
[2.532s] -- Using all available rosidl_typesupport_cpp: rosidl_typesupport_fastrtps_cpp;rosidl_typesupport_introspection_cpp
[2.783s] -- Found rmw_implementation_cmake: 6.1.1 (/opt/ros/humble/share/rmw_implementation_cmake/cmake)
[2.811s] -- Found rmw_fastrtps_cpp: 6.2.6 (/opt/ros/humble/share/rmw_fastrtps_cpp/cmake)
[3.469s] -- Found OpenSSL: /usr/lib/x86_64-linux-gnu/libcrypto.so (found version "3.0.2")  
[3.519s] -- Found FastRTPS: /opt/ros/humble/include  
[3.692s] -- Using RMW implementation 'rmw_fastrtps_cpp' as default
[3.724s] -- Looking for pthread.h
[4.047s] -- Looking for pthread.h - found
[4.047s] -- Performing Test CMAKE_HAVE_LIBC_PTHREAD
[4.432s] -- Performing Test CMAKE_HAVE_LIBC_PTHREAD - Success
[4.433s] -- Found Threads: TRUE  
[8.001s] -- Found Eigen3: TRUE (found version "3.4.0") 
[8.002s] -- Ensuring Eigen3 include directory is part of orocos-kdl CMake target
[11.712s] -- Found ament_lint_auto: 0.12.10 (/opt/ros/humble/share/ament_lint_auto/cmake)
[11.752s] -- Added test 'copyright' to check source files copyright and LICENSE
[11.755s] -- Added test 'cppcheck' to perform static code analysis on C / C++ code
[11.755s] -- Configured cppcheck include dirs: /home/hero/Desktop/birdiebot_nav_ws/src/rm_slam/src/rm_navigation/pb_omni_pid_pursuit_controller/include
[11.755s] -- Configured cppcheck exclude dirs and/or files: 
[11.756s] -- Added test 'cpplint' to check C / C++ code against the Google style
[11.757s] -- Configured cpplint exclude dirs and/or files: 
[11.757s] -- Added test 'lint_cmake' to check CMake code style
[11.758s] -- Added test 'xmllint' to check XML markup files
[11.761s] -- Configuring done
[11.809s] -- Generating done
[11.811s] -- Build files have been written to: /home/hero/Desktop/birdiebot_nav_ws/build/pb_omni_pid_pursuit_controller
[11.825s] Invoked command in '/home/hero/Desktop/birdiebot_nav_ws/build/pb_omni_pid_pursuit_controller' returned '0': CMAKE_PREFIX_PATH=/opt/ros/humble /usr/bin/cmake /home/hero/Desktop/birdiebot_nav_ws/src/rm_slam/src/rm_navigation/pb_omni_pid_pursuit_controller -DAMENT_CMAKE_SYMLINK_INSTALL=1 -DCMAKE_INSTALL_PREFIX=/home/hero/Desktop/birdiebot_nav_ws/install/pb_omni_pid_pursuit_controller
[11.825s] Invoking command in '/home/hero/Desktop/birdiebot_nav_ws/build/pb_omni_pid_pursuit_controller': CMAKE_PREFIX_PATH=/opt/ros/humble /usr/bin/cmake --build /home/hero/Desktop/birdiebot_nav_ws/build/pb_omni_pid_pursuit_controller -- -j8 -l8
[12.702s] [ 33%] [32mBuilding CXX object CMakeFiles/pb_omni_pid_pursuit_controller.dir/src/pid.cpp.o[0m
[12.702s] [ 66%] [32mBuilding CXX object CMakeFiles/pb_omni_pid_pursuit_controller.dir/src/omni_pid_pursuit_controller.cpp.o[0m
[20.083s] [100%] [32m[1mLinking CXX shared library libpb_omni_pid_pursuit_controller.so[0m
[20.560s] [100%] Built target pb_omni_pid_pursuit_controller
[20.572s] Invoked command in '/home/hero/Desktop/birdiebot_nav_ws/build/pb_omni_pid_pursuit_controller' returned '0': CMAKE_PREFIX_PATH=/opt/ros/humble /usr/bin/cmake --build /home/hero/Desktop/birdiebot_nav_ws/build/pb_omni_pid_pursuit_controller -- -j8 -l8
[20.605s] Invoking command in '/home/hero/Desktop/birdiebot_nav_ws/build/pb_omni_pid_pursuit_controller': CMAKE_PREFIX_PATH=/opt/ros/humble /usr/bin/cmake --install /home/hero/Desktop/birdiebot_nav_ws/build/pb_omni_pid_pursuit_controller
[22.584s] -- Install configuration: ""
[22.584s] -- Execute custom install script
[22.584s] -- Symlinking: /home/hero/Desktop/birdiebot_nav_ws/install/pb_omni_pid_pursuit_controller/share/pb_omni_pid_pursuit_controller//pb_omni_pid_pursuit_controller.xml
[22.584s] -- Symlinking: /home/hero/Desktop/birdiebot_nav_ws/install/pb_omni_pid_pursuit_controller/include/pb_omni_pid_pursuit_controller/omni_pid_pursuit_controller.hpp
[22.584s] -- Symlinking: /home/hero/Desktop/birdiebot_nav_ws/install/pb_omni_pid_pursuit_controller/include/pb_omni_pid_pursuit_controller/pid.hpp
[22.584s] -- Symlinking: /home/hero/Desktop/birdiebot_nav_ws/install/pb_omni_pid_pursuit_controller/share/pb_omni_pid_pursuit_controller/environment/library_path.sh
[22.584s] -- Symlinking: /home/hero/Desktop/birdiebot_nav_ws/install/pb_omni_pid_pursuit_controller/share/pb_omni_pid_pursuit_controller/environment/library_path.dsv
[22.585s] -- Symlinking: /home/hero/Desktop/birdiebot_nav_ws/install/pb_omni_pid_pursuit_controller/lib/libpb_omni_pid_pursuit_controller.so
[22.585s] -- Symlinking: /home/hero/Desktop/birdiebot_nav_ws/install/pb_omni_pid_pursuit_controller/share/ament_index/resource_index/package_run_dependencies/pb_omni_pid_pursuit_controller
[22.585s] -- Symlinking: /home/hero/Desktop/birdiebot_nav_ws/install/pb_omni_pid_pursuit_controller/share/ament_index/resource_index/parent_prefix_path/pb_omni_pid_pursuit_controller
[22.586s] -- Symlinking: /home/hero/Desktop/birdiebot_nav_ws/install/pb_omni_pid_pursuit_controller/share/pb_omni_pid_pursuit_controller/environment/ament_prefix_path.sh
[22.586s] -- Symlinking: /home/hero/Desktop/birdiebot_nav_ws/install/pb_omni_pid_pursuit_controller/share/pb_omni_pid_pursuit_controller/environment/ament_prefix_path.dsv
[22.586s] -- Symlinking: /home/hero/Desktop/birdiebot_nav_ws/install/pb_omni_pid_pursuit_controller/share/pb_omni_pid_pursuit_controller/environment/path.sh
[22.586s] -- Symlinking: /home/hero/Desktop/birdiebot_nav_ws/install/pb_omni_pid_pursuit_controller/share/pb_omni_pid_pursuit_controller/environment/path.dsv
[22.586s] -- Symlinking: /home/hero/Desktop/birdiebot_nav_ws/install/pb_omni_pid_pursuit_controller/share/pb_omni_pid_pursuit_controller/local_setup.bash
[22.586s] -- Symlinking: /home/hero/Desktop/birdiebot_nav_ws/install/pb_omni_pid_pursuit_controller/share/pb_omni_pid_pursuit_controller/local_setup.sh
[22.586s] -- Symlinking: /home/hero/Desktop/birdiebot_nav_ws/install/pb_omni_pid_pursuit_controller/share/pb_omni_pid_pursuit_controller/local_setup.zsh
[22.586s] -- Symlinking: /home/hero/Desktop/birdiebot_nav_ws/install/pb_omni_pid_pursuit_controller/share/pb_omni_pid_pursuit_controller/local_setup.dsv
[22.586s] -- Symlinking: /home/hero/Desktop/birdiebot_nav_ws/install/pb_omni_pid_pursuit_controller/share/pb_omni_pid_pursuit_controller/package.dsv
[22.586s] -- Symlinking: /home/hero/Desktop/birdiebot_nav_ws/install/pb_omni_pid_pursuit_controller/share/ament_index/resource_index/packages/pb_omni_pid_pursuit_controller
[22.586s] -- Symlinking: /home/hero/Desktop/birdiebot_nav_ws/install/pb_omni_pid_pursuit_controller/share/ament_index/resource_index/nav2_core__pluginlib__plugin/pb_omni_pid_pursuit_controller
[22.586s] -- Symlinking: /home/hero/Desktop/birdiebot_nav_ws/install/pb_omni_pid_pursuit_controller/share/pb_omni_pid_pursuit_controller/cmake/ament_cmake_export_dependencies-extras.cmake
[22.586s] -- Symlinking: /home/hero/Desktop/birdiebot_nav_ws/install/pb_omni_pid_pursuit_controller/share/pb_omni_pid_pursuit_controller/cmake/ament_cmake_export_include_directories-extras.cmake
[22.586s] -- Symlinking: /home/hero/Desktop/birdiebot_nav_ws/install/pb_omni_pid_pursuit_controller/share/pb_omni_pid_pursuit_controller/cmake/ament_cmake_export_libraries-extras.cmake
[22.586s] -- Symlinking: /home/hero/Desktop/birdiebot_nav_ws/install/pb_omni_pid_pursuit_controller/share/pb_omni_pid_pursuit_controller/cmake/pb_omni_pid_pursuit_controllerConfig.cmake
[22.587s] -- Symlinking: /home/hero/Desktop/birdiebot_nav_ws/install/pb_omni_pid_pursuit_controller/share/pb_omni_pid_pursuit_controller/cmake/pb_omni_pid_pursuit_controllerConfig-version.cmake
[22.587s] -- Symlinking: /home/hero/Desktop/birdiebot_nav_ws/install/pb_omni_pid_pursuit_controller/share/pb_omni_pid_pursuit_controller/package.xml
[22.590s] Invoked command in '/home/hero/Desktop/birdiebot_nav_ws/build/pb_omni_pid_pursuit_controller' returned '0': CMAKE_PREFIX_PATH=/opt/ros/humble /usr/bin/cmake --install /home/hero/Desktop/birdiebot_nav_ws/build/pb_omni_pid_pursuit_controller
