[0.019s] Invoking command in '/home/hero/Desktop/birdiebot_nav_ws/build/terrain_analysis': CMAKE_PREFIX_PATH=/opt/ros/humble /usr/bin/cmake --build /home/hero/Desktop/birdiebot_nav_ws/build/terrain_analysis -- -j8 -l8
[0.084s] [35m[1mConsolidate compiler generated dependencies of target terrainAnalysis[0m
[0.121s] [100%] Built target terrainAnalysis
[0.176s] Invoked command in '/home/hero/Desktop/birdiebot_nav_ws/build/terrain_analysis' returned '0': CMAKE_PREFIX_PATH=/opt/ros/humble /usr/bin/cmake --build /home/hero/Desktop/birdiebot_nav_ws/build/terrain_analysis -- -j8 -l8
[0.237s] Invoking command in '/home/hero/Desktop/birdiebot_nav_ws/build/terrain_analysis': CMAKE_PREFIX_PATH=/opt/ros/humble /usr/bin/cmake --install /home/hero/Desktop/birdiebot_nav_ws/build/terrain_analysis
[0.245s] -- Install configuration: ""
[0.246s] -- Execute custom install script
[0.247s] -- Up-to-date symlink: /home/hero/Desktop/birdiebot_nav_ws/install/terrain_analysis/lib/terrain_analysis/terrainAnalysis
[0.247s] -- Up-to-date symlink: /home/hero/Desktop/birdiebot_nav_ws/install/terrain_analysis/share/terrain_analysis/launch/terrain_analysis.launch
[0.249s] -- Up-to-date symlink: /home/hero/Desktop/birdiebot_nav_ws/install/terrain_analysis/share/ament_index/resource_index/package_run_dependencies/terrain_analysis
[0.249s] -- Up-to-date symlink: /home/hero/Desktop/birdiebot_nav_ws/install/terrain_analysis/share/ament_index/resource_index/parent_prefix_path/terrain_analysis
[0.249s] -- Up-to-date symlink: /home/hero/Desktop/birdiebot_nav_ws/install/terrain_analysis/share/terrain_analysis/environment/ament_prefix_path.sh
[0.249s] -- Up-to-date symlink: /home/hero/Desktop/birdiebot_nav_ws/install/terrain_analysis/share/terrain_analysis/environment/ament_prefix_path.dsv
[0.249s] -- Up-to-date symlink: /home/hero/Desktop/birdiebot_nav_ws/install/terrain_analysis/share/terrain_analysis/environment/path.sh
[0.249s] -- Up-to-date symlink: /home/hero/Desktop/birdiebot_nav_ws/install/terrain_analysis/share/terrain_analysis/environment/path.dsv
[0.249s] -- Up-to-date symlink: /home/hero/Desktop/birdiebot_nav_ws/install/terrain_analysis/share/terrain_analysis/local_setup.bash
[0.249s] -- Up-to-date symlink: /home/hero/Desktop/birdiebot_nav_ws/install/terrain_analysis/share/terrain_analysis/local_setup.sh
[0.249s] -- Up-to-date symlink: /home/hero/Desktop/birdiebot_nav_ws/install/terrain_analysis/share/terrain_analysis/local_setup.zsh
[0.249s] -- Up-to-date symlink: /home/hero/Desktop/birdiebot_nav_ws/install/terrain_analysis/share/terrain_analysis/local_setup.dsv
[0.249s] -- Symlinking: /home/hero/Desktop/birdiebot_nav_ws/install/terrain_analysis/share/terrain_analysis/package.dsv
[0.258s] -- Up-to-date symlink: /home/hero/Desktop/birdiebot_nav_ws/install/terrain_analysis/share/ament_index/resource_index/packages/terrain_analysis
[0.258s] -- Up-to-date symlink: /home/hero/Desktop/birdiebot_nav_ws/install/terrain_analysis/share/terrain_analysis/cmake/terrain_analysisConfig.cmake
[0.258s] -- Up-to-date symlink: /home/hero/Desktop/birdiebot_nav_ws/install/terrain_analysis/share/terrain_analysis/cmake/terrain_analysisConfig-version.cmake
[0.259s] -- Up-to-date symlink: /home/hero/Desktop/birdiebot_nav_ws/install/terrain_analysis/share/terrain_analysis/package.xml
[0.304s] Invoked command in '/home/hero/Desktop/birdiebot_nav_ws/build/terrain_analysis' returned '0': CMAKE_PREFIX_PATH=/opt/ros/humble /usr/bin/cmake --install /home/hero/Desktop/birdiebot_nav_ws/build/terrain_analysis
