[0.078s] Invoking command in '/home/hero/Desktop/birdiebot_nav_ws/build/ros2_livox_simulation': AMENT_PREFIX_PATH=/home/hero/Desktop/birdiebot_nav_ws/install/livox_ros_driver2:${AMENT_PREFIX_PATH} CMAKE_PREFIX_PATH=/home/hero/Desktop/birdiebot_nav_ws/install/livox_ros_driver2:/opt/ros/humble LD_LIBRARY_PATH=/home/hero/Desktop/birdiebot_nav_ws/install/livox_ros_driver2/lib:/opt/intel/openvino_2023.3.0/runtime/lib/intel64:/opt/MVS/lib/64:/opt/MVS/lib/32:/usr/lib/x86_64-linux-gnu/gazebo-11/plugins:/opt/ros/humble/opt/rviz_ogre_vendor/lib:/opt/ros/humble/lib/x86_64-linux-gnu:/opt/ros/humble/lib:/opt/MVS/lib/64:/opt/MVS/lib/32:/opt/MVS/lib/64:/opt/MVS/lib/32 PYTHONPATH=/home/hero/Desktop/birdiebot_nav_ws/install/livox_ros_driver2/local/lib/python3.10/dist-packages:${PYTHONPATH} /usr/bin/cmake /home/hero/Desktop/birdiebot_nav_ws/src/rm_slam/src/rm_simulation/livox_laser_simulation_RO2 -DAMENT_CMAKE_SYMLINK_INSTALL=1 -DCMAKE_INSTALL_PREFIX=/home/hero/Desktop/birdiebot_nav_ws/install/ros2_livox_simulation
[4.786s] -- The C compiler identification is GNU 11.4.0
[4.786s] -- The CXX compiler identification is GNU 11.4.0
[4.786s] -- Detecting C compiler ABI info
[4.786s] -- Detecting C compiler ABI info - done
[4.786s] -- Check for working C compiler: /usr/bin/cc - skipped
[4.786s] -- Detecting C compile features
[4.786s] -- Detecting C compile features - done
[4.786s] -- Detecting CXX compiler ABI info
[4.786s] -- Detecting CXX compiler ABI info - done
[4.786s] -- Check for working CXX compiler: /usr/bin/c++ - skipped
[4.786s] -- Detecting CXX compile features
[4.786s] -- Detecting CXX compile features - done
[4.786s] -- Found ament_cmake_auto: 1.3.8 (/opt/ros/humble/share/ament_cmake_auto/cmake)
[4.787s] -- Found Python3: /usr/bin/python3 (found version "3.10.12") found components: Interpreter 
[4.787s] -- Override CMake install command with custom implementation using symlinks instead of copying resources
[4.787s] -- Found rclcpp: 16.0.14 (/opt/ros/humble/share/rclcpp/cmake)
[4.787s] -- Found rosidl_generator_c: 3.1.5 (/opt/ros/humble/share/rosidl_generator_c/cmake)
[4.787s] -- Found rosidl_adapter: 3.1.5 (/opt/ros/humble/share/rosidl_adapter/cmake)
[4.787s] -- Found rosidl_generator_cpp: 3.1.5 (/opt/ros/humble/share/rosidl_generator_cpp/cmake)
[4.787s] -- Using all available rosidl_typesupport_c: rosidl_typesupport_fastrtps_c;rosidl_typesupport_introspection_c
[4.787s] -- Using all available rosidl_typesupport_cpp: rosidl_typesupport_fastrtps_cpp;rosidl_typesupport_introspection_cpp
[4.787s] -- Found rmw_implementation_cmake: 6.1.1 (/opt/ros/humble/share/rmw_implementation_cmake/cmake)
[4.787s] -- Found rmw_fastrtps_cpp: 6.2.6 (/opt/ros/humble/share/rmw_fastrtps_cpp/cmake)
[4.787s] -- Found OpenSSL: /usr/lib/x86_64-linux-gnu/libcrypto.so (found version "3.0.2")  
[4.787s] -- Found FastRTPS: /opt/ros/humble/include  
[4.787s] -- Using RMW implementation 'rmw_fastrtps_cpp' as default
[4.787s] -- Looking for pthread.h
[4.787s] -- Looking for pthread.h - found
[4.787s] -- Performing Test CMAKE_HAVE_LIBC_PTHREAD
[4.787s] -- Performing Test CMAKE_HAVE_LIBC_PTHREAD - Success
[4.787s] -- Found Threads: TRUE  
[4.787s] -- Found gazebo_dev: 3.7.0 (/opt/ros/humble/share/gazebo_dev/cmake)
[4.787s] -- Found PkgConfig: /usr/bin/pkg-config (found version "1.8.0") 
[4.787s] -- Checking for module 'bullet>=2.82'
[4.788s] --   Found bullet, version 3.05
[4.788s] -- Found fcl: /usr/include (found suitable version "0.7.0", minimum required is "0.5.0") 
[4.788s] -- Found assimp: /usr/include (found version "5.2.0") 
[4.788s] -- Found DART: /usr/include (Required is at least version "6.6") found components: dart 
[4.788s] -- Found Boost: /usr/lib/x86_64-linux-gnu/cmake/Boost-1.74.0/BoostConfig.cmake (found suitable version "1.74.0", minimum required is "1.40.0") found components: thread system filesystem program_options regex iostreams date_time 
[4.788s] -- Found Protobuf: /usr/lib/x86_64-linux-gnu/libprotobuf.so (found version "3.12.4") 
[4.788s] -- Looking for ignition-math6 -- found version 6.15.1
[4.788s] -- Searching for dependencies of ignition-math6
[4.788s] -- Looking for OGRE...
[4.788s] -- OGRE_PREFIX_WATCH changed.
[4.788s] -- Checking for module 'OGRE'
[4.788s] --   Found OGRE, version 1.9.0
[4.788s] -- Found Ogre Ghadamon (1.9.0)
[4.788s] -- Found OGRE: optimized;/usr/lib/x86_64-linux-gnu/libOgreMain.so;debug;/usr/lib/x86_64-linux-gnu/libOgreMain.so
[4.788s] -- Looking for OGRE_Paging...
[4.788s] -- Found OGRE_Paging: optimized;/usr/lib/x86_64-linux-gnu/libOgrePaging.so;debug;/usr/lib/x86_64-linux-gnu/libOgrePaging.so
[4.788s] -- Looking for OGRE_Terrain...
[4.788s] -- Found OGRE_Terrain: optimized;/usr/lib/x86_64-linux-gnu/libOgreTerrain.so;debug;/usr/lib/x86_64-linux-gnu/libOgreTerrain.so
[4.788s] -- Looking for OGRE_Property...
[4.788s] -- Found OGRE_Property: optimized;/usr/lib/x86_64-linux-gnu/libOgreProperty.so;debug;/usr/lib/x86_64-linux-gnu/libOgreProperty.so
[4.788s] -- Looking for OGRE_RTShaderSystem...
[4.788s] -- Found OGRE_RTShaderSystem: optimized;/usr/lib/x86_64-linux-gnu/libOgreRTShaderSystem.so;debug;/usr/lib/x86_64-linux-gnu/libOgreRTShaderSystem.so
[4.789s] -- Looking for OGRE_Volume...
[4.789s] -- Found OGRE_Volume: optimized;/usr/lib/x86_64-linux-gnu/libOgreVolume.so;debug;/usr/lib/x86_64-linux-gnu/libOgreVolume.so
[4.789s] -- Looking for OGRE_Overlay...
[4.789s] -- Found OGRE_Overlay: optimized;/usr/lib/x86_64-linux-gnu/libOgreOverlay.so;debug;/usr/lib/x86_64-linux-gnu/libOgreOverlay.so
[4.789s] -- Looking for ignition-math6 -- found version 6.15.1
[4.789s] -- Looking for ignition-transport8 -- found version 8.2.1
[4.789s] -- Searching for dependencies of ignition-transport8
[4.789s] -- Found Protobuf: /usr/lib/x86_64-linux-gnu/libprotobuf.so (found suitable version "3.12.4", minimum required is "3") 
[4.789s] -- Config-file not installed for ZeroMQ -- checking for pkg-config
[4.789s] -- Checking for module 'libzmq >= 4'
[4.789s] --   Found libzmq , version 4.3.4
[4.789s] -- Found ZeroMQ: TRUE (Required is at least version "4") 
[4.789s] -- Checking for module 'uuid'
[4.789s] --   Found uuid, version 2.37.2
[4.789s] -- Found UUID: TRUE  
[4.789s] -- Looking for ignition-msgs5 -- found version 5.8.1
[4.789s] -- Searching for dependencies of ignition-msgs5
[4.789s] -- Looking for ignition-math6 -- found version 6.15.1
[4.789s] -- Checking for module 'tinyxml2'
[4.789s] --   Found tinyxml2, version 9.0.0
[4.789s] -- Looking for ignition-msgs5 -- found version 5.8.1
[4.789s] -- Looking for ignition-common3 -- found version 3.14.0
[4.790s] -- Searching for dependencies of ignition-common3
[4.790s] -- Looking for dlfcn.h - found
[4.790s] -- Looking for libdl - found
[4.790s] -- Found DL: TRUE  
[4.790s] -- Found tinyobjloader: /usr/lib/x86_64-linux-gnu/cmake/tinyobjloader/tinyobjloader-config.cmake (found version "2.0.0") 
[4.790s] -- Searching for <ignition-common3> component [graphics]
[4.790s] -- Looking for ignition-common3-graphics -- found version 3.14.0
[4.790s] -- Searching for dependencies of ignition-common3-graphics
[4.790s] -- Looking for ignition-math6 -- found version 6.15.1
[4.790s] -- Looking for ignition-fuel_tools4 -- found version 4.4.0
[4.790s] -- Searching for dependencies of ignition-fuel_tools4
[4.790s] -- Found CURL: /usr/lib/x86_64-linux-gnu/libcurl.so (found version "7.81.0")  
[4.791s] -- Checking for module 'jsoncpp'
[4.791s] --   Found jsoncpp, version 1.9.5
[4.791s] -- Found JSONCPP: TRUE  
[4.791s] -- Checking for module 'libzip'
[4.791s] --   Found libzip, version 1.7.3
[4.791s] -- Found ZIP: TRUE  
[4.791s] -- Looking for ignition-common3 -- found version 3.14.0
[4.791s] -- Looking for ignition-math6 -- found version 6.15.1
[4.791s] -- Looking for ignition-msgs5 -- found version 5.8.1
[4.791s] -- Gazebo version: 11.10
[4.791s] -- Checking for module 'tbb'
[4.791s] --   Found tbb, version 2021.5.0
[4.791s] -- Found gazebo_ros: 3.7.0 (/opt/ros/humble/share/gazebo_ros/cmake)
[4.791s] -- Found sensor_msgs: 4.2.3 (/opt/ros/humble/share/sensor_msgs/cmake)
[4.792s] -- Found tf2_ros: 0.25.16 (/opt/ros/humble/share/tf2_ros/cmake)
[4.792s] -- Found livox_ros_driver2: 1.0.0 (/home/hero/Desktop/birdiebot_nav_ws/install/livox_ros_driver2/share/livox_ros_driver2/cmake)
[4.792s] -- Found Boost: /usr/lib/x86_64-linux-gnu/cmake/Boost-1.74.0/BoostConfig.cmake (found version "1.74.0") found components: chrono 
[4.792s] -- Configuring done
[4.792s] -- Generating done
[4.792s] -- Build files have been written to: /home/hero/Desktop/birdiebot_nav_ws/build/ros2_livox_simulation
[4.844s] Invoked command in '/home/hero/Desktop/birdiebot_nav_ws/build/ros2_livox_simulation' returned '0': AMENT_PREFIX_PATH=/home/hero/Desktop/birdiebot_nav_ws/install/livox_ros_driver2:${AMENT_PREFIX_PATH} CMAKE_PREFIX_PATH=/home/hero/Desktop/birdiebot_nav_ws/install/livox_ros_driver2:/opt/ros/humble LD_LIBRARY_PATH=/home/hero/Desktop/birdiebot_nav_ws/install/livox_ros_driver2/lib:/opt/intel/openvino_2023.3.0/runtime/lib/intel64:/opt/MVS/lib/64:/opt/MVS/lib/32:/usr/lib/x86_64-linux-gnu/gazebo-11/plugins:/opt/ros/humble/opt/rviz_ogre_vendor/lib:/opt/ros/humble/lib/x86_64-linux-gnu:/opt/ros/humble/lib:/opt/MVS/lib/64:/opt/MVS/lib/32:/opt/MVS/lib/64:/opt/MVS/lib/32 PYTHONPATH=/home/hero/Desktop/birdiebot_nav_ws/install/livox_ros_driver2/local/lib/python3.10/dist-packages:${PYTHONPATH} /usr/bin/cmake /home/hero/Desktop/birdiebot_nav_ws/src/rm_slam/src/rm_simulation/livox_laser_simulation_RO2 -DAMENT_CMAKE_SYMLINK_INSTALL=1 -DCMAKE_INSTALL_PREFIX=/home/hero/Desktop/birdiebot_nav_ws/install/ros2_livox_simulation
[4.845s] Invoking command in '/home/hero/Desktop/birdiebot_nav_ws/build/ros2_livox_simulation': AMENT_PREFIX_PATH=/home/hero/Desktop/birdiebot_nav_ws/install/livox_ros_driver2:${AMENT_PREFIX_PATH} CMAKE_PREFIX_PATH=/home/hero/Desktop/birdiebot_nav_ws/install/livox_ros_driver2:/opt/ros/humble LD_LIBRARY_PATH=/home/hero/Desktop/birdiebot_nav_ws/install/livox_ros_driver2/lib:/opt/intel/openvino_2023.3.0/runtime/lib/intel64:/opt/MVS/lib/64:/opt/MVS/lib/32:/usr/lib/x86_64-linux-gnu/gazebo-11/plugins:/opt/ros/humble/opt/rviz_ogre_vendor/lib:/opt/ros/humble/lib/x86_64-linux-gnu:/opt/ros/humble/lib:/opt/MVS/lib/64:/opt/MVS/lib/32:/opt/MVS/lib/64:/opt/MVS/lib/32 PYTHONPATH=/home/hero/Desktop/birdiebot_nav_ws/install/livox_ros_driver2/local/lib/python3.10/dist-packages:${PYTHONPATH} /usr/bin/cmake --build /home/hero/Desktop/birdiebot_nav_ws/build/ros2_livox_simulation -- -j8 -l8
[4.907s] [ 33%] [32mBuilding CXX object CMakeFiles/ros2_livox.dir/src/livox_points_plugin.cpp.o[0m
[17.121s] [ 66%] [32mBuilding CXX object CMakeFiles/ros2_livox.dir/src/livox_ode_multiray_shape.cpp.o[0m
[23.718s] [100%] [32m[1mLinking CXX shared library libros2_livox.so[0m
[24.718s] [100%] Built target ros2_livox
[24.729s] Invoked command in '/home/hero/Desktop/birdiebot_nav_ws/build/ros2_livox_simulation' returned '0': AMENT_PREFIX_PATH=/home/hero/Desktop/birdiebot_nav_ws/install/livox_ros_driver2:${AMENT_PREFIX_PATH} CMAKE_PREFIX_PATH=/home/hero/Desktop/birdiebot_nav_ws/install/livox_ros_driver2:/opt/ros/humble LD_LIBRARY_PATH=/home/hero/Desktop/birdiebot_nav_ws/install/livox_ros_driver2/lib:/opt/intel/openvino_2023.3.0/runtime/lib/intel64:/opt/MVS/lib/64:/opt/MVS/lib/32:/usr/lib/x86_64-linux-gnu/gazebo-11/plugins:/opt/ros/humble/opt/rviz_ogre_vendor/lib:/opt/ros/humble/lib/x86_64-linux-gnu:/opt/ros/humble/lib:/opt/MVS/lib/64:/opt/MVS/lib/32:/opt/MVS/lib/64:/opt/MVS/lib/32 PYTHONPATH=/home/hero/Desktop/birdiebot_nav_ws/install/livox_ros_driver2/local/lib/python3.10/dist-packages:${PYTHONPATH} /usr/bin/cmake --build /home/hero/Desktop/birdiebot_nav_ws/build/ros2_livox_simulation -- -j8 -l8
[24.758s] Invoking command in '/home/hero/Desktop/birdiebot_nav_ws/build/ros2_livox_simulation': AMENT_PREFIX_PATH=/home/hero/Desktop/birdiebot_nav_ws/install/livox_ros_driver2:${AMENT_PREFIX_PATH} CMAKE_PREFIX_PATH=/home/hero/Desktop/birdiebot_nav_ws/install/livox_ros_driver2:/opt/ros/humble LD_LIBRARY_PATH=/home/hero/Desktop/birdiebot_nav_ws/install/livox_ros_driver2/lib:/opt/intel/openvino_2023.3.0/runtime/lib/intel64:/opt/MVS/lib/64:/opt/MVS/lib/32:/usr/lib/x86_64-linux-gnu/gazebo-11/plugins:/opt/ros/humble/opt/rviz_ogre_vendor/lib:/opt/ros/humble/lib/x86_64-linux-gnu:/opt/ros/humble/lib:/opt/MVS/lib/64:/opt/MVS/lib/32:/opt/MVS/lib/64:/opt/MVS/lib/32 PYTHONPATH=/home/hero/Desktop/birdiebot_nav_ws/install/livox_ros_driver2/local/lib/python3.10/dist-packages:${PYTHONPATH} /usr/bin/cmake --install /home/hero/Desktop/birdiebot_nav_ws/build/ros2_livox_simulation
[24.764s] -- Install configuration: ""
[24.764s] -- Execute custom install script
[24.764s] -- Symlinking: /home/hero/Desktop/birdiebot_nav_ws/install/ros2_livox_simulation/include/ros2_livox/csv_reader.hpp
[24.773s] -- Symlinking: /home/hero/Desktop/birdiebot_nav_ws/install/ros2_livox_simulation/include/ros2_livox/livox_ode_multiray_shape.h
[24.782s] -- Symlinking: /home/hero/Desktop/birdiebot_nav_ws/install/ros2_livox_simulation/include/ros2_livox/livox_points_plugin.h
[24.790s] -- Symlinking: /home/hero/Desktop/birdiebot_nav_ws/install/ros2_livox_simulation/share/ros2_livox_simulation/environment/library_path.sh
[24.801s] -- Symlinking: /home/hero/Desktop/birdiebot_nav_ws/install/ros2_livox_simulation/share/ros2_livox_simulation/environment/library_path.dsv
[24.807s] -- Symlinking: /home/hero/Desktop/birdiebot_nav_ws/install/ros2_livox_simulation/lib/libros2_livox.so
[24.814s] -- Symlinking: /home/hero/Desktop/birdiebot_nav_ws/install/ros2_livox_simulation/share/ros2_livox_simulation/scan_mode/mid360.csv
[24.822s] -- Symlinking: /home/hero/Desktop/birdiebot_nav_ws/install/ros2_livox_simulation/share/ros2_livox_simulation/urdf/mid360.xacro
[24.830s] -- Symlinking: /home/hero/Desktop/birdiebot_nav_ws/install/ros2_livox_simulation/share/ament_index/resource_index/package_run_dependencies/ros2_livox_simulation
[24.837s] -- Symlinking: /home/hero/Desktop/birdiebot_nav_ws/install/ros2_livox_simulation/share/ament_index/resource_index/parent_prefix_path/ros2_livox_simulation
[24.844s] -- Symlinking: /home/hero/Desktop/birdiebot_nav_ws/install/ros2_livox_simulation/share/ros2_livox_simulation/environment/ament_prefix_path.sh
[24.851s] -- Symlinking: /home/hero/Desktop/birdiebot_nav_ws/install/ros2_livox_simulation/share/ros2_livox_simulation/environment/ament_prefix_path.dsv
[24.861s] -- Symlinking: /home/hero/Desktop/birdiebot_nav_ws/install/ros2_livox_simulation/share/ros2_livox_simulation/environment/path.sh
[24.869s] -- Symlinking: /home/hero/Desktop/birdiebot_nav_ws/install/ros2_livox_simulation/share/ros2_livox_simulation/environment/path.dsv
[24.877s] -- Symlinking: /home/hero/Desktop/birdiebot_nav_ws/install/ros2_livox_simulation/share/ros2_livox_simulation/local_setup.bash
[24.886s] -- Symlinking: /home/hero/Desktop/birdiebot_nav_ws/install/ros2_livox_simulation/share/ros2_livox_simulation/local_setup.sh
[24.894s] -- Symlinking: /home/hero/Desktop/birdiebot_nav_ws/install/ros2_livox_simulation/share/ros2_livox_simulation/local_setup.zsh
[24.901s] -- Symlinking: /home/hero/Desktop/birdiebot_nav_ws/install/ros2_livox_simulation/share/ros2_livox_simulation/local_setup.dsv
[24.910s] -- Symlinking: /home/hero/Desktop/birdiebot_nav_ws/install/ros2_livox_simulation/share/ros2_livox_simulation/package.dsv
[24.917s] -- Symlinking: /home/hero/Desktop/birdiebot_nav_ws/install/ros2_livox_simulation/share/ament_index/resource_index/packages/ros2_livox_simulation
[24.926s] -- Symlinking: /home/hero/Desktop/birdiebot_nav_ws/install/ros2_livox_simulation/share/ros2_livox_simulation/cmake/ament_cmake_export_dependencies-extras.cmake
[24.934s] -- Symlinking: /home/hero/Desktop/birdiebot_nav_ws/install/ros2_livox_simulation/share/ros2_livox_simulation/cmake/ament_cmake_export_include_directories-extras.cmake
[24.943s] -- Symlinking: /home/hero/Desktop/birdiebot_nav_ws/install/ros2_livox_simulation/share/ros2_livox_simulation/cmake/ament_cmake_export_libraries-extras.cmake
[24.952s] -- Symlinking: /home/hero/Desktop/birdiebot_nav_ws/install/ros2_livox_simulation/share/ros2_livox_simulation/cmake/ros2_livox_simulationConfig.cmake
[24.960s] -- Symlinking: /home/hero/Desktop/birdiebot_nav_ws/install/ros2_livox_simulation/share/ros2_livox_simulation/cmake/ros2_livox_simulationConfig-version.cmake
[24.969s] -- Symlinking: /home/hero/Desktop/birdiebot_nav_ws/install/ros2_livox_simulation/share/ros2_livox_simulation/package.xml
[24.980s] Invoked command in '/home/hero/Desktop/birdiebot_nav_ws/build/ros2_livox_simulation' returned '0': AMENT_PREFIX_PATH=/home/hero/Desktop/birdiebot_nav_ws/install/livox_ros_driver2:${AMENT_PREFIX_PATH} CMAKE_PREFIX_PATH=/home/hero/Desktop/birdiebot_nav_ws/install/livox_ros_driver2:/opt/ros/humble LD_LIBRARY_PATH=/home/hero/Desktop/birdiebot_nav_ws/install/livox_ros_driver2/lib:/opt/intel/openvino_2023.3.0/runtime/lib/intel64:/opt/MVS/lib/64:/opt/MVS/lib/32:/usr/lib/x86_64-linux-gnu/gazebo-11/plugins:/opt/ros/humble/opt/rviz_ogre_vendor/lib:/opt/ros/humble/lib/x86_64-linux-gnu:/opt/ros/humble/lib:/opt/MVS/lib/64:/opt/MVS/lib/32:/opt/MVS/lib/64:/opt/MVS/lib/32 PYTHONPATH=/home/hero/Desktop/birdiebot_nav_ws/install/livox_ros_driver2/local/lib/python3.10/dist-packages:${PYTHONPATH} /usr/bin/cmake --install /home/hero/Desktop/birdiebot_nav_ws/build/ros2_livox_simulation
