[0.059s] Invoking command in '/home/hero/Desktop/birdiebot_nav_ws/build/icp_registration': AMENT_PREFIX_PATH=/home/hero/Desktop/birdiebot_nav_ws/install/livox_ros_driver2:${AMENT_PREFIX_PATH} CMAKE_PREFIX_PATH=/home/hero/Desktop/birdiebot_nav_ws/install/livox_ros_driver2:/opt/ros/humble LD_LIBRARY_PATH=/home/hero/Desktop/birdiebot_nav_ws/install/livox_ros_driver2/lib:/opt/intel/openvino_2023.3.0/runtime/lib/intel64:/opt/MVS/lib/64:/opt/MVS/lib/32:/opt/intel/openvino_2023.3.0/runtime/lib/intel64:/opt/MVS/lib/64:/opt/MVS/lib/32:/usr/lib/x86_64-linux-gnu/gazebo-11/plugins:/opt/ros/humble/opt/rviz_ogre_vendor/lib:/opt/ros/humble/lib/x86_64-linux-gnu:/opt/ros/humble/opt/openvdb_vendor/lib:/opt/ros/humble/lib:/opt/MVS/lib/64:/opt/MVS/lib/32:/opt/MVS/lib/64:/opt/MVS/lib/32 PYTHONPATH=/home/hero/Desktop/birdiebot_nav_ws/install/livox_ros_driver2/local/lib/python3.10/dist-packages:${PYTHONPATH} /usr/bin/cmake --build /home/hero/Desktop/birdiebot_nav_ws/build/icp_registration -- -j8 -l8
[0.115s] -- Found ament_cmake_auto: 1.3.12 (/opt/ros/humble/share/ament_cmake_auto/cmake)
[0.298s] -- Override CMake install command with custom implementation using symlinks instead of copying resources
[0.386s] -- Eigen found (include: /usr/include/eigen3, version: 3.4.0)
[0.464s] -- FLANN found (include: /usr/include, lib: /usr/lib/x86_64-linux-gnu/libflann_cpp.so)
[0.948s] -- OpenNI found (version: 1.5.4.0, include: /usr/include/ni, lib: /usr/lib/libOpenNI.so;libusb::libusb)
[0.957s] -- OpenNI2 found (version: 2.2.0.33, include: /usr/include/openni2, lib: /usr/lib/x86_64-linux-gnu/libOpenNI2.so;libusb::libusb)
[1.193s] -- Eigen found (include: /usr/include/eigen3, version: 3.4.0)
[1.198s] -- OpenNI found (version: 1.5.4.0, include: /usr/include/ni, lib: /usr/lib/libOpenNI.so;libusb::libusb)
[1.209s] -- OpenNI2 found (version: 2.2.0.33, include: /usr/include/openni2, lib: /usr/lib/x86_64-linux-gnu/libOpenNI2.so;libusb::libusb)
[1.391s] -- Found Qhull version 8.0.2
[1.545s] -- OpenNI found (version: 1.5.4.0, include: /usr/include/ni, lib: /usr/lib/libOpenNI.so;libusb::libusb)
[1.799s] -- Found rosidl_generator_c: 3.1.7 (/opt/ros/humble/share/rosidl_generator_c/cmake)
[1.801s] -- Found rosidl_adapter: 3.1.7 (/opt/ros/humble/share/rosidl_adapter/cmake)
[1.820s] -- Found rosidl_generator_cpp: 3.1.7 (/opt/ros/humble/share/rosidl_generator_cpp/cmake)
[1.820s] -- Using all available rosidl_typesupport_c: rosidl_typesupport_fastrtps_c;rosidl_typesupport_introspection_c
[1.841s] -- Using all available rosidl_typesupport_cpp: rosidl_typesupport_fastrtps_cpp;rosidl_typesupport_introspection_cpp
[1.868s] -- Found rmw_implementation_cmake: 6.1.2 (/opt/ros/humble/share/rmw_implementation_cmake/cmake)
[1.869s] -- Found rmw_fastrtps_cpp: 6.2.8 (/opt/ros/humble/share/rmw_fastrtps_cpp/cmake)
[1.986s] -- Using RMW implementation 'rmw_fastrtps_cpp' as default
[2.186s] -- Found eigen3_cmake_module: 0.1.1 (/opt/ros/humble/share/eigen3_cmake_module/cmake)
[2.187s] -- Ensuring Eigen3 include directory is part of orocos-kdl CMake target
[2.251s] -- Found ament_lint_auto: 0.12.14 (/opt/ros/humble/share/ament_lint_auto/cmake)
[2.257s] [0mIn this package, headers install destination is set to `include` by ament_auto_package. It is recommended to install `include/icp_registration` instead and will be the default behavior of ament_auto_package from ROS 2 Kilted Kaiju. On distributions before Kilted, ament_auto_package behaves the same way when you use USE_SCOPED_HEADER_INSTALL_DIR option.[0m
[2.270s] -- Added test 'cppcheck' to perform static code analysis on C / C++ code
[2.270s] -- Configured cppcheck include dirs: /home/hero/Desktop/birdiebot_nav_ws/src/rm_slam/src/rm_localization/icp_registration/include
[2.270s] -- Configured cppcheck exclude dirs and/or files: 
[2.271s] -- Added test 'flake8' to check Python code syntax and style conventions
[2.272s] -- Added test 'lint_cmake' to check CMake code style
[2.273s] -- Added test 'pep257' to check Python code against some of the docstring style conventions in PEP 257
[2.274s] -- Added test 'uncrustify' to check C / C++ code style
[2.274s] -- Configured uncrustify additional arguments: 
[2.275s] -- Added test 'xmllint' to check XML markup files
[2.284s] -- Configuring done
[2.340s] -- Generating done
[2.342s] -- Build files have been written to: /home/hero/Desktop/birdiebot_nav_ws/build/icp_registration
[2.407s] [35m[1mConsolidate compiler generated dependencies of target icp_registration[0m
[2.482s] [ 25%] [32mBuilding CXX object CMakeFiles/icp_registration.dir/src/icp_registration.cpp.o[0m
[42.136s] [ 50%] [32m[1mLinking CXX shared library libicp_registration.so[0m
[45.795s] [ 50%] Built target icp_registration
[45.824s] [35m[1mConsolidate compiler generated dependencies of target icp_registration_node[0m
[45.852s] [ 75%] [32mBuilding CXX object CMakeFiles/icp_registration_node.dir/rclcpp_components/node_main_icp_registration_node.cpp.o[0m
[48.952s] [100%] [32m[1mLinking CXX executable icp_registration_node[0m
[49.059s] [100%] Built target icp_registration_node
[49.079s] Invoked command in '/home/hero/Desktop/birdiebot_nav_ws/build/icp_registration' returned '0': AMENT_PREFIX_PATH=/home/hero/Desktop/birdiebot_nav_ws/install/livox_ros_driver2:${AMENT_PREFIX_PATH} CMAKE_PREFIX_PATH=/home/hero/Desktop/birdiebot_nav_ws/install/livox_ros_driver2:/opt/ros/humble LD_LIBRARY_PATH=/home/hero/Desktop/birdiebot_nav_ws/install/livox_ros_driver2/lib:/opt/intel/openvino_2023.3.0/runtime/lib/intel64:/opt/MVS/lib/64:/opt/MVS/lib/32:/opt/intel/openvino_2023.3.0/runtime/lib/intel64:/opt/MVS/lib/64:/opt/MVS/lib/32:/usr/lib/x86_64-linux-gnu/gazebo-11/plugins:/opt/ros/humble/opt/rviz_ogre_vendor/lib:/opt/ros/humble/lib/x86_64-linux-gnu:/opt/ros/humble/opt/openvdb_vendor/lib:/opt/ros/humble/lib:/opt/MVS/lib/64:/opt/MVS/lib/32:/opt/MVS/lib/64:/opt/MVS/lib/32 PYTHONPATH=/home/hero/Desktop/birdiebot_nav_ws/install/livox_ros_driver2/local/lib/python3.10/dist-packages:${PYTHONPATH} /usr/bin/cmake --build /home/hero/Desktop/birdiebot_nav_ws/build/icp_registration -- -j8 -l8
[49.128s] Invoking command in '/home/hero/Desktop/birdiebot_nav_ws/build/icp_registration': AMENT_PREFIX_PATH=/home/hero/Desktop/birdiebot_nav_ws/install/livox_ros_driver2:${AMENT_PREFIX_PATH} CMAKE_PREFIX_PATH=/home/hero/Desktop/birdiebot_nav_ws/install/livox_ros_driver2:/opt/ros/humble LD_LIBRARY_PATH=/home/hero/Desktop/birdiebot_nav_ws/install/livox_ros_driver2/lib:/opt/intel/openvino_2023.3.0/runtime/lib/intel64:/opt/MVS/lib/64:/opt/MVS/lib/32:/opt/intel/openvino_2023.3.0/runtime/lib/intel64:/opt/MVS/lib/64:/opt/MVS/lib/32:/usr/lib/x86_64-linux-gnu/gazebo-11/plugins:/opt/ros/humble/opt/rviz_ogre_vendor/lib:/opt/ros/humble/lib/x86_64-linux-gnu:/opt/ros/humble/opt/openvdb_vendor/lib:/opt/ros/humble/lib:/opt/MVS/lib/64:/opt/MVS/lib/32:/opt/MVS/lib/64:/opt/MVS/lib/32 PYTHONPATH=/home/hero/Desktop/birdiebot_nav_ws/install/livox_ros_driver2/local/lib/python3.10/dist-packages:${PYTHONPATH} /usr/bin/cmake --install /home/hero/Desktop/birdiebot_nav_ws/build/icp_registration
[49.141s] -- Install configuration: ""
[49.142s] -- Execute custom install script
[49.142s] -- Up-to-date symlink: /home/hero/Desktop/birdiebot_nav_ws/install/icp_registration/lib/icp_registration/icp_registration_node
[49.142s] -- Up-to-date symlink: /home/hero/Desktop/birdiebot_nav_ws/install/icp_registration/include/icp_registration/icp_registration.hpp
[49.143s] -- Up-to-date symlink: /home/hero/Desktop/birdiebot_nav_ws/install/icp_registration/share/icp_registration/environment/library_path.sh
[49.143s] -- Up-to-date symlink: /home/hero/Desktop/birdiebot_nav_ws/install/icp_registration/share/icp_registration/environment/library_path.dsv
[49.143s] -- Up-to-date symlink: /home/hero/Desktop/birdiebot_nav_ws/install/icp_registration/lib/libicp_registration.so
[49.143s] -- Up-to-date symlink: /home/hero/Desktop/birdiebot_nav_ws/install/icp_registration/share/icp_registration/launch/icp.launch.py
[49.143s] -- Up-to-date symlink: /home/hero/Desktop/birdiebot_nav_ws/install/icp_registration/share/icp_registration/config/icp.yaml
[49.143s] -- Up-to-date symlink: /home/hero/Desktop/birdiebot_nav_ws/install/icp_registration/share/ament_index/resource_index/package_run_dependencies/icp_registration
[49.143s] -- Up-to-date symlink: /home/hero/Desktop/birdiebot_nav_ws/install/icp_registration/share/ament_index/resource_index/parent_prefix_path/icp_registration
[49.145s] -- Up-to-date symlink: /home/hero/Desktop/birdiebot_nav_ws/install/icp_registration/share/icp_registration/environment/ament_prefix_path.sh
[49.145s] -- Up-to-date symlink: /home/hero/Desktop/birdiebot_nav_ws/install/icp_registration/share/icp_registration/environment/ament_prefix_path.dsv
[49.147s] -- Up-to-date symlink: /home/hero/Desktop/birdiebot_nav_ws/install/icp_registration/share/icp_registration/environment/path.sh
[49.147s] -- Up-to-date symlink: /home/hero/Desktop/birdiebot_nav_ws/install/icp_registration/share/icp_registration/environment/path.dsv
[49.147s] -- Up-to-date symlink: /home/hero/Desktop/birdiebot_nav_ws/install/icp_registration/share/icp_registration/local_setup.bash
[49.147s] -- Up-to-date symlink: /home/hero/Desktop/birdiebot_nav_ws/install/icp_registration/share/icp_registration/local_setup.sh
[49.148s] -- Up-to-date symlink: /home/hero/Desktop/birdiebot_nav_ws/install/icp_registration/share/icp_registration/local_setup.zsh
[49.160s] -- Up-to-date symlink: /home/hero/Desktop/birdiebot_nav_ws/install/icp_registration/share/icp_registration/local_setup.dsv
[49.160s] -- Symlinking: /home/hero/Desktop/birdiebot_nav_ws/install/icp_registration/share/icp_registration/package.dsv
[49.165s] -- Up-to-date symlink: /home/hero/Desktop/birdiebot_nav_ws/install/icp_registration/share/ament_index/resource_index/packages/icp_registration
[49.166s] -- Up-to-date symlink: /home/hero/Desktop/birdiebot_nav_ws/install/icp_registration/share/ament_index/resource_index/rclcpp_components/icp_registration
[49.166s] -- Up-to-date symlink: /home/hero/Desktop/birdiebot_nav_ws/install/icp_registration/share/icp_registration/cmake/ament_cmake_export_dependencies-extras.cmake
[49.167s] -- Up-to-date symlink: /home/hero/Desktop/birdiebot_nav_ws/install/icp_registration/share/icp_registration/cmake/ament_cmake_export_include_directories-extras.cmake
[49.167s] -- Up-to-date symlink: /home/hero/Desktop/birdiebot_nav_ws/install/icp_registration/share/icp_registration/cmake/ament_cmake_export_libraries-extras.cmake
[49.168s] -- Up-to-date symlink: /home/hero/Desktop/birdiebot_nav_ws/install/icp_registration/share/icp_registration/cmake/icp_registrationConfig.cmake
[49.168s] -- Up-to-date symlink: /home/hero/Desktop/birdiebot_nav_ws/install/icp_registration/share/icp_registration/cmake/icp_registrationConfig-version.cmake
[49.169s] -- Up-to-date symlink: /home/hero/Desktop/birdiebot_nav_ws/install/icp_registration/share/icp_registration/package.xml
[49.174s] Invoked command in '/home/hero/Desktop/birdiebot_nav_ws/build/icp_registration' returned '0': AMENT_PREFIX_PATH=/home/hero/Desktop/birdiebot_nav_ws/install/livox_ros_driver2:${AMENT_PREFIX_PATH} CMAKE_PREFIX_PATH=/home/hero/Desktop/birdiebot_nav_ws/install/livox_ros_driver2:/opt/ros/humble LD_LIBRARY_PATH=/home/hero/Desktop/birdiebot_nav_ws/install/livox_ros_driver2/lib:/opt/intel/openvino_2023.3.0/runtime/lib/intel64:/opt/MVS/lib/64:/opt/MVS/lib/32:/opt/intel/openvino_2023.3.0/runtime/lib/intel64:/opt/MVS/lib/64:/opt/MVS/lib/32:/usr/lib/x86_64-linux-gnu/gazebo-11/plugins:/opt/ros/humble/opt/rviz_ogre_vendor/lib:/opt/ros/humble/lib/x86_64-linux-gnu:/opt/ros/humble/opt/openvdb_vendor/lib:/opt/ros/humble/lib:/opt/MVS/lib/64:/opt/MVS/lib/32:/opt/MVS/lib/64:/opt/MVS/lib/32 PYTHONPATH=/home/hero/Desktop/birdiebot_nav_ws/install/livox_ros_driver2/local/lib/python3.10/dist-packages:${PYTHONPATH} /usr/bin/cmake --install /home/hero/Desktop/birdiebot_nav_ws/build/icp_registration
