[0.227s] Invoking command in '/home/hero/Desktop/birdiebot_nav_ws/build/dip_angle': CMAKE_PREFIX_PATH=/opt/ros/humble /usr/bin/cmake /home/hero/Desktop/birdiebot_nav_ws/src/rm_slam/src/rm_perception/dip_angle -DAMENT_CMAKE_SYMLINK_INSTALL=1 -DCMAKE_INSTALL_PREFIX=/home/hero/Desktop/birdiebot_nav_ws/install/dip_angle
[0.353s] -- The C compiler identification is GNU 11.4.0
[0.404s] -- The CXX compiler identification is GNU 11.4.0
[0.419s] -- Detecting C compiler ABI info
[0.571s] -- Detecting C compiler ABI info - done
[0.576s] -- Check for working C compiler: /usr/bin/cc - skipped
[0.577s] -- Detecting C compile features
[0.577s] -- Detecting C compile features - done
[0.580s] -- Detecting CXX compiler ABI info
[0.876s] -- Detecting CXX compiler ABI info - done
[0.881s] -- Check for working CXX compiler: /usr/bin/c++ - skipped
[0.881s] -- Detecting CXX compile features
[0.882s] -- Detecting CXX compile features - done
[0.884s] -- Found ament_cmake_auto: 1.3.8 (/opt/ros/humble/share/ament_cmake_auto/cmake)
[1.364s] -- Found Python3: /usr/bin/python3 (found version "3.10.12") found components: Interpreter 
[1.445s] -- Override CMake install command with custom implementation using symlinks instead of copying resources
[1.622s] -- Found rosidl_generator_c: 3.1.5 (/opt/ros/humble/share/rosidl_generator_c/cmake)
[1.633s] -- Found rosidl_adapter: 3.1.5 (/opt/ros/humble/share/rosidl_adapter/cmake)
[1.654s] -- Found rosidl_generator_cpp: 3.1.5 (/opt/ros/humble/share/rosidl_generator_cpp/cmake)
[1.692s] -- Using all available rosidl_typesupport_c: rosidl_typesupport_fastrtps_c;rosidl_typesupport_introspection_c
[1.762s] -- Using all available rosidl_typesupport_cpp: rosidl_typesupport_fastrtps_cpp;rosidl_typesupport_introspection_cpp
[2.183s] -- Found rmw_implementation_cmake: 6.1.1 (/opt/ros/humble/share/rmw_implementation_cmake/cmake)
[2.186s] -- Found rmw_fastrtps_cpp: 6.2.6 (/opt/ros/humble/share/rmw_fastrtps_cpp/cmake)
[2.512s] -- Found OpenSSL: /usr/lib/x86_64-linux-gnu/libcrypto.so (found version "3.0.2")  
[2.569s] -- Found FastRTPS: /opt/ros/humble/include  
[2.626s] -- Using RMW implementation 'rmw_fastrtps_cpp' as default
[2.651s] -- Looking for pthread.h
[2.999s] -- Looking for pthread.h - found
[2.999s] -- Performing Test CMAKE_HAVE_LIBC_PTHREAD
[3.190s] -- Performing Test CMAKE_HAVE_LIBC_PTHREAD - Success
[3.191s] -- Found Threads: TRUE  
[3.361s] -- Found ament_lint_auto: 0.12.10 (/opt/ros/humble/share/ament_lint_auto/cmake)
[3.395s] -- Added test 'cppcheck' to perform static code analysis on C / C++ code
[3.395s] -- Configured cppcheck include dirs: 
[3.396s] -- Configured cppcheck exclude dirs and/or files: 
[3.396s] -- Added test 'lint_cmake' to check CMake code style
[3.398s] -- Added test 'uncrustify' to check C / C++ code style
[3.399s] -- Configured uncrustify additional arguments: 
[3.399s] -- Added test 'xmllint' to check XML markup files
[3.401s] -- Configuring done
[3.412s] -- Generating done
[3.412s] -- Build files have been written to: /home/hero/Desktop/birdiebot_nav_ws/build/dip_angle
[3.424s] Invoked command in '/home/hero/Desktop/birdiebot_nav_ws/build/dip_angle' returned '0': CMAKE_PREFIX_PATH=/opt/ros/humble /usr/bin/cmake /home/hero/Desktop/birdiebot_nav_ws/src/rm_slam/src/rm_perception/dip_angle -DAMENT_CMAKE_SYMLINK_INSTALL=1 -DCMAKE_INSTALL_PREFIX=/home/hero/Desktop/birdiebot_nav_ws/install/dip_angle
[3.424s] Invoking command in '/home/hero/Desktop/birdiebot_nav_ws/build/dip_angle': CMAKE_PREFIX_PATH=/opt/ros/humble /usr/bin/cmake --build /home/hero/Desktop/birdiebot_nav_ws/build/dip_angle -- -j8 -l8
[3.582s] [ 50%] [32mBuilding CXX object CMakeFiles/dip_angle.dir/src/dip_angle.cpp.o[0m
[18.014s] [100%] [32m[1mLinking CXX executable dip_angle[0m
[18.629s] [100%] Built target dip_angle
[18.648s] Invoked command in '/home/hero/Desktop/birdiebot_nav_ws/build/dip_angle' returned '0': CMAKE_PREFIX_PATH=/opt/ros/humble /usr/bin/cmake --build /home/hero/Desktop/birdiebot_nav_ws/build/dip_angle -- -j8 -l8
[18.914s] Invoking command in '/home/hero/Desktop/birdiebot_nav_ws/build/dip_angle': CMAKE_PREFIX_PATH=/opt/ros/humble /usr/bin/cmake --install /home/hero/Desktop/birdiebot_nav_ws/build/dip_angle
[20.417s] -- Install configuration: ""
[20.417s] -- Execute custom install script
[20.418s] -- Symlinking: /home/hero/Desktop/birdiebot_nav_ws/install/dip_angle/lib/dip_angle/dip_angle
[20.418s] -- Symlinking: /home/hero/Desktop/birdiebot_nav_ws/install/dip_angle/share/ament_index/resource_index/package_run_dependencies/dip_angle
[20.418s] -- Symlinking: /home/hero/Desktop/birdiebot_nav_ws/install/dip_angle/share/ament_index/resource_index/parent_prefix_path/dip_angle
[20.418s] -- Symlinking: /home/hero/Desktop/birdiebot_nav_ws/install/dip_angle/share/dip_angle/environment/ament_prefix_path.sh
[20.418s] -- Symlinking: /home/hero/Desktop/birdiebot_nav_ws/install/dip_angle/share/dip_angle/environment/ament_prefix_path.dsv
[20.418s] -- Symlinking: /home/hero/Desktop/birdiebot_nav_ws/install/dip_angle/share/dip_angle/environment/path.sh
[20.418s] -- Symlinking: /home/hero/Desktop/birdiebot_nav_ws/install/dip_angle/share/dip_angle/environment/path.dsv
[20.418s] -- Symlinking: /home/hero/Desktop/birdiebot_nav_ws/install/dip_angle/share/dip_angle/local_setup.bash
[20.418s] -- Symlinking: /home/hero/Desktop/birdiebot_nav_ws/install/dip_angle/share/dip_angle/local_setup.sh
[20.418s] -- Symlinking: /home/hero/Desktop/birdiebot_nav_ws/install/dip_angle/share/dip_angle/local_setup.zsh
[20.418s] -- Symlinking: /home/hero/Desktop/birdiebot_nav_ws/install/dip_angle/share/dip_angle/local_setup.dsv
[20.418s] -- Symlinking: /home/hero/Desktop/birdiebot_nav_ws/install/dip_angle/share/dip_angle/package.dsv
[20.418s] -- Symlinking: /home/hero/Desktop/birdiebot_nav_ws/install/dip_angle/share/ament_index/resource_index/packages/dip_angle
[20.418s] -- Symlinking: /home/hero/Desktop/birdiebot_nav_ws/install/dip_angle/share/dip_angle/cmake/ament_cmake_export_dependencies-extras.cmake
[20.418s] -- Symlinking: /home/hero/Desktop/birdiebot_nav_ws/install/dip_angle/share/dip_angle/cmake/dip_angleConfig.cmake
[20.418s] -- Symlinking: /home/hero/Desktop/birdiebot_nav_ws/install/dip_angle/share/dip_angle/cmake/dip_angleConfig-version.cmake
[20.418s] -- Symlinking: /home/hero/Desktop/birdiebot_nav_ws/install/dip_angle/share/dip_angle/package.xml
[20.521s] Invoked command in '/home/hero/Desktop/birdiebot_nav_ws/build/dip_angle' returned '0': CMAKE_PREFIX_PATH=/opt/ros/humble /usr/bin/cmake --install /home/hero/Desktop/birdiebot_nav_ws/build/dip_angle
