[0.177s] Invoking command in '/home/hero/Desktop/birdiebot_nav_ws/build/navigation_data_processer': AMENT_PREFIX_PATH=/home/hero/Desktop/birdiebot_nav_ws/install/navigation_interfaces:${AMENT_PREFIX_PATH} CMAKE_PREFIX_PATH=/home/hero/Desktop/birdiebot_nav_ws/install/navigation_interfaces:/opt/ros/humble LD_LIBRARY_PATH=/home/hero/Desktop/birdiebot_nav_ws/install/navigation_interfaces/lib:/opt/intel/openvino_2023.3.0/runtime/lib/intel64:/opt/MVS/lib/64:/opt/MVS/lib/32:/usr/lib/x86_64-linux-gnu/gazebo-11/plugins:/opt/ros/humble/opt/rviz_ogre_vendor/lib:/opt/ros/humble/lib/x86_64-linux-gnu:/opt/ros/humble/lib:/opt/MVS/lib/64:/opt/MVS/lib/32:/opt/MVS/lib/64:/opt/MVS/lib/32 PYTHONPATH=/home/hero/Desktop/birdiebot_nav_ws/install/navigation_interfaces/local/lib/python3.10/dist-packages:${PYTHONPATH} /usr/bin/cmake /home/hero/Desktop/birdiebot_nav_ws/src/rm_slam/src/rm_navigation/navigation_data_processer -DAMENT_CMAKE_SYMLINK_INSTALL=1 -DCMAKE_INSTALL_PREFIX=/home/hero/Desktop/birdiebot_nav_ws/install/navigation_data_processer
[1.289s] -- The C compiler identification is GNU 11.4.0
[1.289s] -- The CXX compiler identification is GNU 11.4.0
[1.289s] -- Detecting C compiler ABI info
[1.289s] -- Detecting C compiler ABI info - done
[1.289s] -- Check for working C compiler: /usr/bin/cc - skipped
[1.289s] -- Detecting C compile features
[1.290s] -- Detecting C compile features - done
[1.290s] -- Detecting CXX compiler ABI info
[1.290s] -- Detecting CXX compiler ABI info - done
[1.290s] -- Check for working CXX compiler: /usr/bin/c++ - skipped
[1.290s] -- Detecting CXX compile features
[1.290s] -- Detecting CXX compile features - done
[1.290s] -- Found ament_cmake_auto: 1.3.8 (/opt/ros/humble/share/ament_cmake_auto/cmake)
[1.290s] -- Found Python3: /usr/bin/python3 (found version "3.10.12") found components: Interpreter 
[1.290s] -- Override CMake install command with custom implementation using symlinks instead of copying resources
[1.290s] -- Found navigation_interfaces: 0.0.0 (/home/hero/Desktop/birdiebot_nav_ws/install/navigation_interfaces/share/navigation_interfaces/cmake)
[1.290s] -- Found rosidl_generator_c: 3.1.5 (/opt/ros/humble/share/rosidl_generator_c/cmake)
[1.290s] -- Found rosidl_adapter: 3.1.5 (/opt/ros/humble/share/rosidl_adapter/cmake)
[1.290s] -- Found rosidl_generator_cpp: 3.1.5 (/opt/ros/humble/share/rosidl_generator_cpp/cmake)
[1.290s] -- Using all available rosidl_typesupport_c: rosidl_typesupport_fastrtps_c;rosidl_typesupport_introspection_c
[1.290s] -- Using all available rosidl_typesupport_cpp: rosidl_typesupport_fastrtps_cpp;rosidl_typesupport_introspection_cpp
[1.290s] -- Found rmw_implementation_cmake: 6.1.1 (/opt/ros/humble/share/rmw_implementation_cmake/cmake)
[1.290s] -- Found rmw_fastrtps_cpp: 6.2.6 (/opt/ros/humble/share/rmw_fastrtps_cpp/cmake)
[1.414s] -- Found OpenSSL: /usr/lib/x86_64-linux-gnu/libcrypto.so (found version "3.0.2")  
[1.441s] -- Found FastRTPS: /opt/ros/humble/include  
[1.489s] -- Using RMW implementation 'rmw_fastrtps_cpp' as default
[1.499s] -- Looking for pthread.h
[1.575s] -- Looking for pthread.h - found
[1.576s] -- Performing Test CMAKE_HAVE_LIBC_PTHREAD
[1.647s] -- Performing Test CMAKE_HAVE_LIBC_PTHREAD - Success
[1.648s] -- Found Threads: TRUE  
[1.797s] -- Found ament_lint_auto: 0.12.10 (/opt/ros/humble/share/ament_lint_auto/cmake)
[1.815s] -- Added test 'cppcheck' to perform static code analysis on C / C++ code
[1.815s] -- Configured cppcheck include dirs: 
[1.815s] -- Configured cppcheck exclude dirs and/or files: 
[1.815s] -- Added test 'lint_cmake' to check CMake code style
[1.816s] -- Added test 'uncrustify' to check C / C++ code style
[1.816s] -- Configured uncrustify additional arguments: 
[1.817s] -- Added test 'xmllint' to check XML markup files
[1.818s] -- Configuring done
[1.827s] -- Generating done
[1.829s] -- Build files have been written to: /home/hero/Desktop/birdiebot_nav_ws/build/navigation_data_processer
[1.841s] Invoked command in '/home/hero/Desktop/birdiebot_nav_ws/build/navigation_data_processer' returned '0': AMENT_PREFIX_PATH=/home/hero/Desktop/birdiebot_nav_ws/install/navigation_interfaces:${AMENT_PREFIX_PATH} CMAKE_PREFIX_PATH=/home/hero/Desktop/birdiebot_nav_ws/install/navigation_interfaces:/opt/ros/humble LD_LIBRARY_PATH=/home/hero/Desktop/birdiebot_nav_ws/install/navigation_interfaces/lib:/opt/intel/openvino_2023.3.0/runtime/lib/intel64:/opt/MVS/lib/64:/opt/MVS/lib/32:/usr/lib/x86_64-linux-gnu/gazebo-11/plugins:/opt/ros/humble/opt/rviz_ogre_vendor/lib:/opt/ros/humble/lib/x86_64-linux-gnu:/opt/ros/humble/lib:/opt/MVS/lib/64:/opt/MVS/lib/32:/opt/MVS/lib/64:/opt/MVS/lib/32 PYTHONPATH=/home/hero/Desktop/birdiebot_nav_ws/install/navigation_interfaces/local/lib/python3.10/dist-packages:${PYTHONPATH} /usr/bin/cmake /home/hero/Desktop/birdiebot_nav_ws/src/rm_slam/src/rm_navigation/navigation_data_processer -DAMENT_CMAKE_SYMLINK_INSTALL=1 -DCMAKE_INSTALL_PREFIX=/home/hero/Desktop/birdiebot_nav_ws/install/navigation_data_processer
[1.842s] Invoking command in '/home/hero/Desktop/birdiebot_nav_ws/build/navigation_data_processer': AMENT_PREFIX_PATH=/home/hero/Desktop/birdiebot_nav_ws/install/navigation_interfaces:${AMENT_PREFIX_PATH} CMAKE_PREFIX_PATH=/home/hero/Desktop/birdiebot_nav_ws/install/navigation_interfaces:/opt/ros/humble LD_LIBRARY_PATH=/home/hero/Desktop/birdiebot_nav_ws/install/navigation_interfaces/lib:/opt/intel/openvino_2023.3.0/runtime/lib/intel64:/opt/MVS/lib/64:/opt/MVS/lib/32:/usr/lib/x86_64-linux-gnu/gazebo-11/plugins:/opt/ros/humble/opt/rviz_ogre_vendor/lib:/opt/ros/humble/lib/x86_64-linux-gnu:/opt/ros/humble/lib:/opt/MVS/lib/64:/opt/MVS/lib/32:/opt/MVS/lib/64:/opt/MVS/lib/32 PYTHONPATH=/home/hero/Desktop/birdiebot_nav_ws/install/navigation_interfaces/local/lib/python3.10/dist-packages:${PYTHONPATH} /usr/bin/cmake --build /home/hero/Desktop/birdiebot_nav_ws/build/navigation_data_processer -- -j8 -l8
[4.860s] [ 50%] [32mBuilding CXX object CMakeFiles/navigation_data_processer.dir/src/navigation_data_processer.cpp.o[0m
[13.319s] [100%] [32m[1mLinking CXX executable navigation_data_processer[0m
[13.726s] [100%] Built target navigation_data_processer
[13.734s] Invoked command in '/home/hero/Desktop/birdiebot_nav_ws/build/navigation_data_processer' returned '0': AMENT_PREFIX_PATH=/home/hero/Desktop/birdiebot_nav_ws/install/navigation_interfaces:${AMENT_PREFIX_PATH} CMAKE_PREFIX_PATH=/home/hero/Desktop/birdiebot_nav_ws/install/navigation_interfaces:/opt/ros/humble LD_LIBRARY_PATH=/home/hero/Desktop/birdiebot_nav_ws/install/navigation_interfaces/lib:/opt/intel/openvino_2023.3.0/runtime/lib/intel64:/opt/MVS/lib/64:/opt/MVS/lib/32:/usr/lib/x86_64-linux-gnu/gazebo-11/plugins:/opt/ros/humble/opt/rviz_ogre_vendor/lib:/opt/ros/humble/lib/x86_64-linux-gnu:/opt/ros/humble/lib:/opt/MVS/lib/64:/opt/MVS/lib/32:/opt/MVS/lib/64:/opt/MVS/lib/32 PYTHONPATH=/home/hero/Desktop/birdiebot_nav_ws/install/navigation_interfaces/local/lib/python3.10/dist-packages:${PYTHONPATH} /usr/bin/cmake --build /home/hero/Desktop/birdiebot_nav_ws/build/navigation_data_processer -- -j8 -l8
[13.751s] Invoking command in '/home/hero/Desktop/birdiebot_nav_ws/build/navigation_data_processer': AMENT_PREFIX_PATH=/home/hero/Desktop/birdiebot_nav_ws/install/navigation_interfaces:${AMENT_PREFIX_PATH} CMAKE_PREFIX_PATH=/home/hero/Desktop/birdiebot_nav_ws/install/navigation_interfaces:/opt/ros/humble LD_LIBRARY_PATH=/home/hero/Desktop/birdiebot_nav_ws/install/navigation_interfaces/lib:/opt/intel/openvino_2023.3.0/runtime/lib/intel64:/opt/MVS/lib/64:/opt/MVS/lib/32:/usr/lib/x86_64-linux-gnu/gazebo-11/plugins:/opt/ros/humble/opt/rviz_ogre_vendor/lib:/opt/ros/humble/lib/x86_64-linux-gnu:/opt/ros/humble/lib:/opt/MVS/lib/64:/opt/MVS/lib/32:/opt/MVS/lib/64:/opt/MVS/lib/32 PYTHONPATH=/home/hero/Desktop/birdiebot_nav_ws/install/navigation_interfaces/local/lib/python3.10/dist-packages:${PYTHONPATH} /usr/bin/cmake --install /home/hero/Desktop/birdiebot_nav_ws/build/navigation_data_processer
[24.427s] -- Install configuration: ""
[24.427s] -- Execute custom install script
[24.427s] -- Symlinking: /home/hero/Desktop/birdiebot_nav_ws/install/navigation_data_processer/lib/navigation_data_processer/navigation_data_processer
[24.428s] -- Symlinking: /home/hero/Desktop/birdiebot_nav_ws/install/navigation_data_processer/share/ament_index/resource_index/package_run_dependencies/navigation_data_processer
[24.428s] -- Symlinking: /home/hero/Desktop/birdiebot_nav_ws/install/navigation_data_processer/share/ament_index/resource_index/parent_prefix_path/navigation_data_processer
[24.428s] -- Symlinking: /home/hero/Desktop/birdiebot_nav_ws/install/navigation_data_processer/share/navigation_data_processer/environment/ament_prefix_path.sh
[24.428s] -- Symlinking: /home/hero/Desktop/birdiebot_nav_ws/install/navigation_data_processer/share/navigation_data_processer/environment/ament_prefix_path.dsv
[24.428s] -- Symlinking: /home/hero/Desktop/birdiebot_nav_ws/install/navigation_data_processer/share/navigation_data_processer/environment/path.sh
[24.428s] -- Symlinking: /home/hero/Desktop/birdiebot_nav_ws/install/navigation_data_processer/share/navigation_data_processer/environment/path.dsv
[24.428s] -- Symlinking: /home/hero/Desktop/birdiebot_nav_ws/install/navigation_data_processer/share/navigation_data_processer/local_setup.bash
[24.428s] -- Symlinking: /home/hero/Desktop/birdiebot_nav_ws/install/navigation_data_processer/share/navigation_data_processer/local_setup.sh
[24.428s] -- Symlinking: /home/hero/Desktop/birdiebot_nav_ws/install/navigation_data_processer/share/navigation_data_processer/local_setup.zsh
[24.428s] -- Symlinking: /home/hero/Desktop/birdiebot_nav_ws/install/navigation_data_processer/share/navigation_data_processer/local_setup.dsv
[24.428s] -- Symlinking: /home/hero/Desktop/birdiebot_nav_ws/install/navigation_data_processer/share/navigation_data_processer/package.dsv
[24.428s] -- Symlinking: /home/hero/Desktop/birdiebot_nav_ws/install/navigation_data_processer/share/ament_index/resource_index/packages/navigation_data_processer
[24.428s] -- Symlinking: /home/hero/Desktop/birdiebot_nav_ws/install/navigation_data_processer/share/navigation_data_processer/cmake/ament_cmake_export_dependencies-extras.cmake
[24.428s] -- Symlinking: /home/hero/Desktop/birdiebot_nav_ws/install/navigation_data_processer/share/navigation_data_processer/cmake/navigation_data_processerConfig.cmake
[24.428s] -- Symlinking: /home/hero/Desktop/birdiebot_nav_ws/install/navigation_data_processer/share/navigation_data_processer/cmake/navigation_data_processerConfig-version.cmake
[24.428s] -- Symlinking: /home/hero/Desktop/birdiebot_nav_ws/install/navigation_data_processer/share/navigation_data_processer/package.xml
[24.439s] Invoked command in '/home/hero/Desktop/birdiebot_nav_ws/build/navigation_data_processer' returned '0': AMENT_PREFIX_PATH=/home/hero/Desktop/birdiebot_nav_ws/install/navigation_interfaces:${AMENT_PREFIX_PATH} CMAKE_PREFIX_PATH=/home/hero/Desktop/birdiebot_nav_ws/install/navigation_interfaces:/opt/ros/humble LD_LIBRARY_PATH=/home/hero/Desktop/birdiebot_nav_ws/install/navigation_interfaces/lib:/opt/intel/openvino_2023.3.0/runtime/lib/intel64:/opt/MVS/lib/64:/opt/MVS/lib/32:/usr/lib/x86_64-linux-gnu/gazebo-11/plugins:/opt/ros/humble/opt/rviz_ogre_vendor/lib:/opt/ros/humble/lib/x86_64-linux-gnu:/opt/ros/humble/lib:/opt/MVS/lib/64:/opt/MVS/lib/32:/opt/MVS/lib/64:/opt/MVS/lib/32 PYTHONPATH=/home/hero/Desktop/birdiebot_nav_ws/install/navigation_interfaces/local/lib/python3.10/dist-packages:${PYTHONPATH} /usr/bin/cmake --install /home/hero/Desktop/birdiebot_nav_ws/build/navigation_data_processer
