-- Found ament_cmake: 1.3.12 (/opt/ros/humble/share/ament_cmake/cmake)
-- Override CMake install command with custom implementation using symlinks instead of copying resources
-- Found nav2_common: 1.1.18 (/opt/ros/humble/share/nav2_common/cmake)
-- Found rclcpp: 16.0.14 (/opt/ros/humble/share/rclcpp/cmake)
-- Found rosidl_generator_c: 3.1.7 (/opt/ros/humble/share/rosidl_generator_c/cmake)
-- Found rosidl_adapter: 3.1.7 (/opt/ros/humble/share/rosidl_adapter/cmake)
-- Found rosidl_generator_cpp: 3.1.7 (/opt/ros/humble/share/rosidl_generator_cpp/cmake)
-- Using all available rosidl_typesupport_c: rosidl_typesupport_fastrtps_c;rosidl_typesupport_introspection_c
-- Using all available rosidl_typesupport_cpp: rosidl_typesupport_fastrtps_cpp;rosidl_typesupport_introspection_cpp
-- Found rmw_implementation_cmake: 6.1.2 (/opt/ros/humble/share/rmw_implementation_cmake/cmake)
-- Found rmw_fastrtps_cpp: 6.2.8 (/opt/ros/humble/share/rmw_fastrtps_cpp/cmake)
-- Using RMW implementation 'rmw_fastrtps_cpp' as default
-- Found rclcpp_action: 16.0.14 (/opt/ros/humble/share/rclcpp_action/cmake)
-- Found rclcpp_lifecycle: 16.0.14 (/opt/ros/humble/share/rclcpp_lifecycle/cmake)
-- Found rclcpp_components: 16.0.14 (/opt/ros/humble/share/rclcpp_components/cmake)
-- Found nav2_behavior_tree: 1.1.18 (/opt/ros/humble/share/nav2_behavior_tree/cmake)
-- Found eigen3_cmake_module: 0.1.1 (/opt/ros/humble/share/eigen3_cmake_module/cmake)
-- Ensuring Eigen3 include directory is part of orocos-kdl CMake target
-- Found nav2_costmap_2d: 1.1.18 (/opt/ros/humble/share/nav2_costmap_2d/cmake)
-- Found nav2_core: 1.1.18 (/opt/ros/humble/share/nav2_core/cmake)
-- Found nav2_behaviors: 1.1.18 (/opt/ros/humble/share/nav2_behaviors/cmake)
-- Configuring done
-- Generating done
-- Build files have been written to: /home/hero/Desktop/birdiebot_nav_ws/build/potential_escape
[35m[1mConsolidate compiler generated dependencies of target nav2_escape_behavior[0m
[ 50%] [32mBuilding CXX object CMakeFiles/nav2_escape_behavior.dir/src/potential_escape.cpp.o[0m
[100%] [32m[1mLinking CXX shared library libnav2_escape_behavior.so[0m
[100%] Built target nav2_escape_behavior
-- Install configuration: "Release"
-- Execute custom install script
-- Up-to-date symlink: /home/hero/Desktop/birdiebot_nav_ws/install/potential_escape/share/potential_escape//behavior_plugin.xml
-- Up-to-date symlink: /home/hero/Desktop/birdiebot_nav_ws/install/potential_escape/lib/libnav2_escape_behavior.so
-- Up-to-date symlink: /home/hero/Desktop/birdiebot_nav_ws/install/potential_escape/lib/libnav2_escape_behavior.so
-- Up-to-date symlink: /home/hero/Desktop/birdiebot_nav_ws/install/potential_escape/include//potential_escape/potential_escape.hpp
-- Up-to-date symlink: /home/hero/Desktop/birdiebot_nav_ws/install/potential_escape/share/potential_escape/behavior_plugin.xml
-- Up-to-date symlink: /home/hero/Desktop/birdiebot_nav_ws/install/potential_escape/share/potential_escape/environment/library_path.sh
-- Up-to-date symlink: /home/hero/Desktop/birdiebot_nav_ws/install/potential_escape/share/potential_escape/environment/library_path.dsv
-- Up-to-date symlink: /home/hero/Desktop/birdiebot_nav_ws/install/potential_escape/share/ament_index/resource_index/package_run_dependencies/potential_escape
-- Up-to-date symlink: /home/hero/Desktop/birdiebot_nav_ws/install/potential_escape/share/ament_index/resource_index/parent_prefix_path/potential_escape
-- Up-to-date symlink: /home/hero/Desktop/birdiebot_nav_ws/install/potential_escape/share/potential_escape/environment/ament_prefix_path.sh
-- Up-to-date symlink: /home/hero/Desktop/birdiebot_nav_ws/install/potential_escape/share/potential_escape/environment/ament_prefix_path.dsv
-- Up-to-date symlink: /home/hero/Desktop/birdiebot_nav_ws/install/potential_escape/share/potential_escape/environment/path.sh
-- Up-to-date symlink: /home/hero/Desktop/birdiebot_nav_ws/install/potential_escape/share/potential_escape/environment/path.dsv
-- Up-to-date symlink: /home/hero/Desktop/birdiebot_nav_ws/install/potential_escape/share/potential_escape/local_setup.bash
-- Up-to-date symlink: /home/hero/Desktop/birdiebot_nav_ws/install/potential_escape/share/potential_escape/local_setup.sh
-- Up-to-date symlink: /home/hero/Desktop/birdiebot_nav_ws/install/potential_escape/share/potential_escape/local_setup.zsh
-- Up-to-date symlink: /home/hero/Desktop/birdiebot_nav_ws/install/potential_escape/share/potential_escape/local_setup.dsv
-- Symlinking: /home/hero/Desktop/birdiebot_nav_ws/install/potential_escape/share/potential_escape/package.dsv
-- Up-to-date symlink: /home/hero/Desktop/birdiebot_nav_ws/install/potential_escape/share/ament_index/resource_index/packages/potential_escape
-- Up-to-date symlink: /home/hero/Desktop/birdiebot_nav_ws/install/potential_escape/share/ament_index/resource_index/nav2_core__pluginlib__plugin/potential_escape
-- Up-to-date symlink: /home/hero/Desktop/birdiebot_nav_ws/install/potential_escape/share/ament_index/resource_index/rclcpp_components/potential_escape
-- Up-to-date symlink: /home/hero/Desktop/birdiebot_nav_ws/install/potential_escape/share/potential_escape/cmake/ament_cmake_export_include_directories-extras.cmake
-- Up-to-date symlink: /home/hero/Desktop/birdiebot_nav_ws/install/potential_escape/share/potential_escape/cmake/ament_cmake_export_libraries-extras.cmake
-- Up-to-date symlink: /home/hero/Desktop/birdiebot_nav_ws/install/potential_escape/share/potential_escape/cmake/ament_cmake_export_dependencies-extras.cmake
-- Up-to-date symlink: /home/hero/Desktop/birdiebot_nav_ws/install/potential_escape/share/potential_escape/cmake/potential_escapeConfig.cmake
-- Up-to-date symlink: /home/hero/Desktop/birdiebot_nav_ws/install/potential_escape/share/potential_escape/cmake/potential_escapeConfig-version.cmake
-- Up-to-date symlink: /home/hero/Desktop/birdiebot_nav_ws/install/potential_escape/share/potential_escape/package.xml
