[0.033s] Invoking command in '/home/hero/Desktop/birdiebot_nav_ws/build/potential_escape': CMAKE_PREFIX_PATH=/opt/ros/humble /usr/bin/cmake --build /home/hero/Desktop/birdiebot_nav_ws/build/potential_escape -- -j8 -l8
[0.106s] -- Found ament_cmake: 1.3.12 (/opt/ros/humble/share/ament_cmake/cmake)
[0.399s] -- Override CMake install command with custom implementation using symlinks instead of copying resources
[0.445s] -- Found nav2_common: 1.1.18 (/opt/ros/humble/share/nav2_common/cmake)
[0.445s] -- Found rclcpp: 16.0.14 (/opt/ros/humble/share/rclcpp/cmake)
[0.479s] -- Found rosidl_generator_c: 3.1.7 (/opt/ros/humble/share/rosidl_generator_c/cmake)
[0.481s] -- Found rosidl_adapter: 3.1.7 (/opt/ros/humble/share/rosidl_adapter/cmake)
[0.487s] -- Found rosidl_generator_cpp: 3.1.7 (/opt/ros/humble/share/rosidl_generator_cpp/cmake)
[0.497s] -- Using all available rosidl_typesupport_c: rosidl_typesupport_fastrtps_c;rosidl_typesupport_introspection_c
[0.512s] -- Using all available rosidl_typesupport_cpp: rosidl_typesupport_fastrtps_cpp;rosidl_typesupport_introspection_cpp
[0.572s] -- Found rmw_implementation_cmake: 6.1.2 (/opt/ros/humble/share/rmw_implementation_cmake/cmake)
[0.573s] -- Found rmw_fastrtps_cpp: 6.2.8 (/opt/ros/humble/share/rmw_fastrtps_cpp/cmake)
[0.760s] -- Using RMW implementation 'rmw_fastrtps_cpp' as default
[0.846s] -- Found rclcpp_action: 16.0.14 (/opt/ros/humble/share/rclcpp_action/cmake)
[0.925s] -- Found rclcpp_lifecycle: 16.0.14 (/opt/ros/humble/share/rclcpp_lifecycle/cmake)
[0.954s] -- Found rclcpp_components: 16.0.14 (/opt/ros/humble/share/rclcpp_components/cmake)
[0.987s] -- Found nav2_behavior_tree: 1.1.18 (/opt/ros/humble/share/nav2_behavior_tree/cmake)
[1.278s] -- Found eigen3_cmake_module: 0.1.1 (/opt/ros/humble/share/eigen3_cmake_module/cmake)
[1.278s] -- Ensuring Eigen3 include directory is part of orocos-kdl CMake target
[1.354s] -- Found nav2_costmap_2d: 1.1.18 (/opt/ros/humble/share/nav2_costmap_2d/cmake)
[1.472s] -- Found nav2_core: 1.1.18 (/opt/ros/humble/share/nav2_core/cmake)
[1.490s] -- Found nav2_behaviors: 1.1.18 (/opt/ros/humble/share/nav2_behaviors/cmake)
[2.396s] -- Configuring done
[2.558s] -- Generating done
[2.559s] -- Build files have been written to: /home/hero/Desktop/birdiebot_nav_ws/build/potential_escape
[2.679s] [35m[1mConsolidate compiler generated dependencies of target nav2_escape_behavior[0m
[2.774s] [ 50%] [32mBuilding CXX object CMakeFiles/nav2_escape_behavior.dir/src/potential_escape.cpp.o[0m
[16.027s] [100%] [32m[1mLinking CXX shared library libnav2_escape_behavior.so[0m
[16.456s] [100%] Built target nav2_escape_behavior
[16.484s] Invoked command in '/home/hero/Desktop/birdiebot_nav_ws/build/potential_escape' returned '0': CMAKE_PREFIX_PATH=/opt/ros/humble /usr/bin/cmake --build /home/hero/Desktop/birdiebot_nav_ws/build/potential_escape -- -j8 -l8
[16.605s] Invoking command in '/home/hero/Desktop/birdiebot_nav_ws/build/potential_escape': CMAKE_PREFIX_PATH=/opt/ros/humble /usr/bin/cmake --install /home/hero/Desktop/birdiebot_nav_ws/build/potential_escape
[18.545s] -- Install configuration: "Release"
[18.545s] -- Execute custom install script
[18.546s] -- Up-to-date symlink: /home/hero/Desktop/birdiebot_nav_ws/install/potential_escape/share/potential_escape//behavior_plugin.xml
[18.546s] -- Up-to-date symlink: /home/hero/Desktop/birdiebot_nav_ws/install/potential_escape/lib/libnav2_escape_behavior.so
[18.546s] -- Up-to-date symlink: /home/hero/Desktop/birdiebot_nav_ws/install/potential_escape/lib/libnav2_escape_behavior.so
[18.547s] -- Up-to-date symlink: /home/hero/Desktop/birdiebot_nav_ws/install/potential_escape/include//potential_escape/potential_escape.hpp
[18.547s] -- Up-to-date symlink: /home/hero/Desktop/birdiebot_nav_ws/install/potential_escape/share/potential_escape/behavior_plugin.xml
[18.547s] -- Up-to-date symlink: /home/hero/Desktop/birdiebot_nav_ws/install/potential_escape/share/potential_escape/environment/library_path.sh
[18.548s] -- Up-to-date symlink: /home/hero/Desktop/birdiebot_nav_ws/install/potential_escape/share/potential_escape/environment/library_path.dsv
[18.548s] -- Up-to-date symlink: /home/hero/Desktop/birdiebot_nav_ws/install/potential_escape/share/ament_index/resource_index/package_run_dependencies/potential_escape
[18.548s] -- Up-to-date symlink: /home/hero/Desktop/birdiebot_nav_ws/install/potential_escape/share/ament_index/resource_index/parent_prefix_path/potential_escape
[18.548s] -- Up-to-date symlink: /home/hero/Desktop/birdiebot_nav_ws/install/potential_escape/share/potential_escape/environment/ament_prefix_path.sh
[18.549s] -- Up-to-date symlink: /home/hero/Desktop/birdiebot_nav_ws/install/potential_escape/share/potential_escape/environment/ament_prefix_path.dsv
[18.549s] -- Up-to-date symlink: /home/hero/Desktop/birdiebot_nav_ws/install/potential_escape/share/potential_escape/environment/path.sh
[18.549s] -- Up-to-date symlink: /home/hero/Desktop/birdiebot_nav_ws/install/potential_escape/share/potential_escape/environment/path.dsv
[18.550s] -- Up-to-date symlink: /home/hero/Desktop/birdiebot_nav_ws/install/potential_escape/share/potential_escape/local_setup.bash
[18.550s] -- Up-to-date symlink: /home/hero/Desktop/birdiebot_nav_ws/install/potential_escape/share/potential_escape/local_setup.sh
[18.550s] -- Up-to-date symlink: /home/hero/Desktop/birdiebot_nav_ws/install/potential_escape/share/potential_escape/local_setup.zsh
[18.551s] -- Up-to-date symlink: /home/hero/Desktop/birdiebot_nav_ws/install/potential_escape/share/potential_escape/local_setup.dsv
[18.551s] -- Symlinking: /home/hero/Desktop/birdiebot_nav_ws/install/potential_escape/share/potential_escape/package.dsv
[18.551s] -- Up-to-date symlink: /home/hero/Desktop/birdiebot_nav_ws/install/potential_escape/share/ament_index/resource_index/packages/potential_escape
[18.552s] -- Up-to-date symlink: /home/hero/Desktop/birdiebot_nav_ws/install/potential_escape/share/ament_index/resource_index/nav2_core__pluginlib__plugin/potential_escape
[18.552s] -- Up-to-date symlink: /home/hero/Desktop/birdiebot_nav_ws/install/potential_escape/share/ament_index/resource_index/rclcpp_components/potential_escape
[18.552s] -- Up-to-date symlink: /home/hero/Desktop/birdiebot_nav_ws/install/potential_escape/share/potential_escape/cmake/ament_cmake_export_include_directories-extras.cmake
[18.553s] -- Up-to-date symlink: /home/hero/Desktop/birdiebot_nav_ws/install/potential_escape/share/potential_escape/cmake/ament_cmake_export_libraries-extras.cmake
[18.553s] -- Up-to-date symlink: /home/hero/Desktop/birdiebot_nav_ws/install/potential_escape/share/potential_escape/cmake/ament_cmake_export_dependencies-extras.cmake
[18.553s] -- Up-to-date symlink: /home/hero/Desktop/birdiebot_nav_ws/install/potential_escape/share/potential_escape/cmake/potential_escapeConfig.cmake
[18.554s] -- Up-to-date symlink: /home/hero/Desktop/birdiebot_nav_ws/install/potential_escape/share/potential_escape/cmake/potential_escapeConfig-version.cmake
[18.554s] -- Up-to-date symlink: /home/hero/Desktop/birdiebot_nav_ws/install/potential_escape/share/potential_escape/package.xml
[18.585s] Invoked command in '/home/hero/Desktop/birdiebot_nav_ws/build/potential_escape' returned '0': CMAKE_PREFIX_PATH=/opt/ros/humble /usr/bin/cmake --install /home/hero/Desktop/birdiebot_nav_ws/build/potential_escape
