[0.238s] Invoking command in '/home/hero/Desktop/birdiebot_nav_ws/build/fake_baselink': CMAKE_PREFIX_PATH=/opt/ros/humble /usr/bin/cmake /home/hero/Desktop/birdiebot_nav_ws/src/rm_slam/src/rm_navigation/fake_baselink -DAMENT_CMAKE_SYMLINK_INSTALL=1 -DCMAKE_INSTALL_PREFIX=/home/hero/Desktop/birdiebot_nav_ws/install/fake_baselink
[0.399s] -- The C compiler identification is GNU 11.4.0
[0.531s] -- The CXX compiler identification is GNU 11.4.0
[0.546s] -- Detecting C compiler ABI info
[0.874s] -- Detecting C compiler ABI info - done
[0.875s] -- Check for working C compiler: /usr/bin/cc - skipped
[0.875s] -- Detecting C compile features
[0.875s] -- Detecting C compile features - done
[0.877s] -- Detecting CXX compiler ABI info
[1.162s] -- Detecting CXX compiler ABI info - done
[1.162s] -- Check for working CXX compiler: /usr/bin/c++ - skipped
[1.162s] -- Detecting CXX compile features
[1.163s] -- Detecting CXX compile features - done
[1.165s] -- Found ament_cmake_auto: 1.3.8 (/opt/ros/humble/share/ament_cmake_auto/cmake)
[1.587s] -- Found Python3: /usr/bin/python3 (found version "3.10.12") found components: Interpreter 
[1.686s] -- Override CMake install command with custom implementation using symlinks instead of copying resources
[1.863s] -- Found rosidl_generator_c: 3.1.5 (/opt/ros/humble/share/rosidl_generator_c/cmake)
[1.867s] -- Found rosidl_adapter: 3.1.5 (/opt/ros/humble/share/rosidl_adapter/cmake)
[1.885s] -- Found rosidl_generator_cpp: 3.1.5 (/opt/ros/humble/share/rosidl_generator_cpp/cmake)
[1.890s] -- Using all available rosidl_typesupport_c: rosidl_typesupport_fastrtps_c;rosidl_typesupport_introspection_c
[1.927s] -- Using all available rosidl_typesupport_cpp: rosidl_typesupport_fastrtps_cpp;rosidl_typesupport_introspection_cpp
[2.018s] -- Found rmw_implementation_cmake: 6.1.1 (/opt/ros/humble/share/rmw_implementation_cmake/cmake)
[2.018s] -- Found rmw_fastrtps_cpp: 6.2.6 (/opt/ros/humble/share/rmw_fastrtps_cpp/cmake)
[2.359s] -- Found OpenSSL: /usr/lib/x86_64-linux-gnu/libcrypto.so (found version "3.0.2")  
[2.401s] -- Found FastRTPS: /opt/ros/humble/include  
[2.490s] -- Using RMW implementation 'rmw_fastrtps_cpp' as default
[2.510s] -- Looking for pthread.h
[2.718s] -- Looking for pthread.h - found
[2.718s] -- Performing Test CMAKE_HAVE_LIBC_PTHREAD
[3.018s] -- Performing Test CMAKE_HAVE_LIBC_PTHREAD - Success
[3.018s] -- Found Threads: TRUE  
[5.235s] -- Found eigen3_cmake_module: 0.1.1 (/opt/ros/humble/share/eigen3_cmake_module/cmake)
[5.236s] -- Found Eigen3: TRUE (found version "3.4.0") 
[5.236s] -- Ensuring Eigen3 include directory is part of orocos-kdl CMake target
[5.281s] -- Found ament_lint_auto: 0.12.10 (/opt/ros/humble/share/ament_lint_auto/cmake)
[5.342s] -- Added test 'cppcheck' to perform static code analysis on C / C++ code
[5.342s] -- Configured cppcheck include dirs: 
[5.342s] -- Configured cppcheck exclude dirs and/or files: 
[5.343s] -- Added test 'flake8' to check Python code syntax and style conventions
[5.344s] -- Added test 'lint_cmake' to check CMake code style
[5.344s] -- Added test 'pep257' to check Python code against some of the docstring style conventions in PEP 257
[5.354s] -- Added test 'uncrustify' to check C / C++ code style
[5.354s] -- Configured uncrustify additional arguments: 
[5.358s] -- Added test 'xmllint' to check XML markup files
[5.360s] -- Configuring done
[5.410s] -- Generating done
[5.413s] -- Build files have been written to: /home/hero/Desktop/birdiebot_nav_ws/build/fake_baselink
[5.443s] Invoked command in '/home/hero/Desktop/birdiebot_nav_ws/build/fake_baselink' returned '0': CMAKE_PREFIX_PATH=/opt/ros/humble /usr/bin/cmake /home/hero/Desktop/birdiebot_nav_ws/src/rm_slam/src/rm_navigation/fake_baselink -DAMENT_CMAKE_SYMLINK_INSTALL=1 -DCMAKE_INSTALL_PREFIX=/home/hero/Desktop/birdiebot_nav_ws/install/fake_baselink
[5.444s] Invoking command in '/home/hero/Desktop/birdiebot_nav_ws/build/fake_baselink': CMAKE_PREFIX_PATH=/opt/ros/humble /usr/bin/cmake --build /home/hero/Desktop/birdiebot_nav_ws/build/fake_baselink -- -j8 -l8
[7.527s] [ 25%] [32mBuilding CXX object CMakeFiles/fake_baselink.dir/src/fake_baselink.cpp.o[0m
[7.527s] [ 50%] [32mBuilding CXX object CMakeFiles/fake_baselink_node.dir/rclcpp_components/node_main_fake_baselink_node.cpp.o[0m
[12.398s] [ 75%] [32m[1mLinking CXX executable fake_baselink_node[0m
[12.712s] [ 75%] Built target fake_baselink_node
[19.088s] [100%] [32m[1mLinking CXX shared library libfake_baselink.so[0m
[19.732s] [100%] Built target fake_baselink
[19.835s] Invoked command in '/home/hero/Desktop/birdiebot_nav_ws/build/fake_baselink' returned '0': CMAKE_PREFIX_PATH=/opt/ros/humble /usr/bin/cmake --build /home/hero/Desktop/birdiebot_nav_ws/build/fake_baselink -- -j8 -l8
[19.913s] Invoking command in '/home/hero/Desktop/birdiebot_nav_ws/build/fake_baselink': CMAKE_PREFIX_PATH=/opt/ros/humble /usr/bin/cmake --install /home/hero/Desktop/birdiebot_nav_ws/build/fake_baselink
[20.634s] -- Install configuration: ""
[20.634s] -- Execute custom install script
[20.635s] -- Symlinking: /home/hero/Desktop/birdiebot_nav_ws/install/fake_baselink/lib/fake_baselink/fake_baselink_node
[20.635s] -- Symlinking: /home/hero/Desktop/birdiebot_nav_ws/install/fake_baselink/share/fake_baselink/environment/library_path.sh
[20.635s] -- Symlinking: /home/hero/Desktop/birdiebot_nav_ws/install/fake_baselink/share/fake_baselink/environment/library_path.dsv
[20.635s] -- Symlinking: /home/hero/Desktop/birdiebot_nav_ws/install/fake_baselink/lib/libfake_baselink.so
[20.635s] -- Symlinking: /home/hero/Desktop/birdiebot_nav_ws/install/fake_baselink/share/fake_baselink/launch/fake_baselink.launch.py
[20.636s] -- Symlinking: /home/hero/Desktop/birdiebot_nav_ws/install/fake_baselink/share/ament_index/resource_index/package_run_dependencies/fake_baselink
[20.636s] -- Symlinking: /home/hero/Desktop/birdiebot_nav_ws/install/fake_baselink/share/ament_index/resource_index/parent_prefix_path/fake_baselink
[20.636s] -- Symlinking: /home/hero/Desktop/birdiebot_nav_ws/install/fake_baselink/share/fake_baselink/environment/ament_prefix_path.sh
[20.636s] -- Symlinking: /home/hero/Desktop/birdiebot_nav_ws/install/fake_baselink/share/fake_baselink/environment/ament_prefix_path.dsv
[20.636s] -- Symlinking: /home/hero/Desktop/birdiebot_nav_ws/install/fake_baselink/share/fake_baselink/environment/path.sh
[20.636s] -- Symlinking: /home/hero/Desktop/birdiebot_nav_ws/install/fake_baselink/share/fake_baselink/environment/path.dsv
[20.636s] -- Symlinking: /home/hero/Desktop/birdiebot_nav_ws/install/fake_baselink/share/fake_baselink/local_setup.bash
[20.636s] -- Symlinking: /home/hero/Desktop/birdiebot_nav_ws/install/fake_baselink/share/fake_baselink/local_setup.sh
[20.636s] -- Symlinking: /home/hero/Desktop/birdiebot_nav_ws/install/fake_baselink/share/fake_baselink/local_setup.zsh
[20.636s] -- Symlinking: /home/hero/Desktop/birdiebot_nav_ws/install/fake_baselink/share/fake_baselink/local_setup.dsv
[20.636s] -- Symlinking: /home/hero/Desktop/birdiebot_nav_ws/install/fake_baselink/share/fake_baselink/package.dsv
[20.636s] -- Symlinking: /home/hero/Desktop/birdiebot_nav_ws/install/fake_baselink/share/ament_index/resource_index/packages/fake_baselink
[20.637s] -- Symlinking: /home/hero/Desktop/birdiebot_nav_ws/install/fake_baselink/share/ament_index/resource_index/rclcpp_components/fake_baselink
[20.637s] -- Symlinking: /home/hero/Desktop/birdiebot_nav_ws/install/fake_baselink/share/fake_baselink/cmake/ament_cmake_export_dependencies-extras.cmake
[20.637s] -- Symlinking: /home/hero/Desktop/birdiebot_nav_ws/install/fake_baselink/share/fake_baselink/cmake/ament_cmake_export_libraries-extras.cmake
[20.637s] -- Symlinking: /home/hero/Desktop/birdiebot_nav_ws/install/fake_baselink/share/fake_baselink/cmake/fake_baselinkConfig.cmake
[20.637s] -- Symlinking: /home/hero/Desktop/birdiebot_nav_ws/install/fake_baselink/share/fake_baselink/cmake/fake_baselinkConfig-version.cmake
[20.637s] -- Symlinking: /home/hero/Desktop/birdiebot_nav_ws/install/fake_baselink/share/fake_baselink/package.xml
[20.637s] Invoked command in '/home/hero/Desktop/birdiebot_nav_ws/build/fake_baselink' returned '0': CMAKE_PREFIX_PATH=/opt/ros/humble /usr/bin/cmake --install /home/hero/Desktop/birdiebot_nav_ws/build/fake_baselink
