[0.032s] Invoking command in '/home/hero/Desktop/birdiebot_nav_ws/build/linefit_ground_segmentation': CMAKE_PREFIX_PATH=/opt/ros/humble /usr/bin/cmake --build /home/hero/Desktop/birdiebot_nav_ws/build/linefit_ground_segmentation -- -j8 -l8
[6.769s] [ 20%] [32m[1mLinking CXX shared library liblinefit_ground_segmentation.so[0m
[6.769s] [100%] Built target linefit_ground_segmentation
[6.787s] Invoked command in '/home/hero/Desktop/birdiebot_nav_ws/build/linefit_ground_segmentation' returned '0': CMAKE_PREFIX_PATH=/opt/ros/humble /usr/bin/cmake --build /home/hero/Desktop/birdiebot_nav_ws/build/linefit_ground_segmentation -- -j8 -l8
[7.250s] Invoking command in '/home/hero/Desktop/birdiebot_nav_ws/build/linefit_ground_segmentation': CMAKE_PREFIX_PATH=/opt/ros/humble /usr/bin/cmake --install /home/hero/Desktop/birdiebot_nav_ws/build/linefit_ground_segmentation
[7.528s] -- Install configuration: ""
[7.528s] -- Execute custom install script
[7.528s] -- Up-to-date symlink: /home/hero/Desktop/birdiebot_nav_ws/install/linefit_ground_segmentation/include/ground_segmentation/bin.h
[7.528s] -- Up-to-date symlink: /home/hero/Desktop/birdiebot_nav_ws/install/linefit_ground_segmentation/include/ground_segmentation/ground_segmentation.h
[7.528s] -- Up-to-date symlink: /home/hero/Desktop/birdiebot_nav_ws/install/linefit_ground_segmentation/include/ground_segmentation/segment.h
[7.528s] -- Up-to-date symlink: /home/hero/Desktop/birdiebot_nav_ws/install/linefit_ground_segmentation/include/ground_segmentation/typedefs.h
[7.528s] -- Up-to-date symlink: /home/hero/Desktop/birdiebot_nav_ws/install/linefit_ground_segmentation/include/ground_segmentation/viewer.h
[7.528s] -- Up-to-date symlink: /home/hero/Desktop/birdiebot_nav_ws/install/linefit_ground_segmentation/share/linefit_ground_segmentation/environment/library_path.sh
[7.528s] -- Up-to-date symlink: /home/hero/Desktop/birdiebot_nav_ws/install/linefit_ground_segmentation/share/linefit_ground_segmentation/environment/library_path.dsv
[7.528s] -- Up-to-date symlink: /home/hero/Desktop/birdiebot_nav_ws/install/linefit_ground_segmentation/lib/liblinefit_ground_segmentation.so
[7.528s] -- Up-to-date symlink: /home/hero/Desktop/birdiebot_nav_ws/install/linefit_ground_segmentation/share/ament_index/resource_index/package_run_dependencies/linefit_ground_segmentation
[7.528s] -- Up-to-date symlink: /home/hero/Desktop/birdiebot_nav_ws/install/linefit_ground_segmentation/share/ament_index/resource_index/parent_prefix_path/linefit_ground_segmentation
[7.528s] -- Up-to-date symlink: /home/hero/Desktop/birdiebot_nav_ws/install/linefit_ground_segmentation/share/linefit_ground_segmentation/environment/ament_prefix_path.sh
[7.528s] -- Up-to-date symlink: /home/hero/Desktop/birdiebot_nav_ws/install/linefit_ground_segmentation/share/linefit_ground_segmentation/environment/ament_prefix_path.dsv
[7.529s] -- Up-to-date symlink: /home/hero/Desktop/birdiebot_nav_ws/install/linefit_ground_segmentation/share/linefit_ground_segmentation/environment/path.sh
[7.529s] -- Up-to-date symlink: /home/hero/Desktop/birdiebot_nav_ws/install/linefit_ground_segmentation/share/linefit_ground_segmentation/environment/path.dsv
[7.529s] -- Up-to-date symlink: /home/hero/Desktop/birdiebot_nav_ws/install/linefit_ground_segmentation/share/linefit_ground_segmentation/local_setup.bash
[7.529s] -- Up-to-date symlink: /home/hero/Desktop/birdiebot_nav_ws/install/linefit_ground_segmentation/share/linefit_ground_segmentation/local_setup.sh
[7.529s] -- Up-to-date symlink: /home/hero/Desktop/birdiebot_nav_ws/install/linefit_ground_segmentation/share/linefit_ground_segmentation/local_setup.zsh
[7.529s] -- Up-to-date symlink: /home/hero/Desktop/birdiebot_nav_ws/install/linefit_ground_segmentation/share/linefit_ground_segmentation/local_setup.dsv
[7.529s] -- Symlinking: /home/hero/Desktop/birdiebot_nav_ws/install/linefit_ground_segmentation/share/linefit_ground_segmentation/package.dsv
[7.529s] -- Up-to-date symlink: /home/hero/Desktop/birdiebot_nav_ws/install/linefit_ground_segmentation/share/ament_index/resource_index/packages/linefit_ground_segmentation
[7.529s] -- Up-to-date symlink: /home/hero/Desktop/birdiebot_nav_ws/install/linefit_ground_segmentation/share/linefit_ground_segmentation/cmake/ament_cmake_export_dependencies-extras.cmake
[7.529s] -- Up-to-date symlink: /home/hero/Desktop/birdiebot_nav_ws/install/linefit_ground_segmentation/share/linefit_ground_segmentation/cmake/ament_cmake_export_include_directories-extras.cmake
[7.529s] -- Up-to-date symlink: /home/hero/Desktop/birdiebot_nav_ws/install/linefit_ground_segmentation/share/linefit_ground_segmentation/cmake/ament_cmake_export_libraries-extras.cmake
[7.529s] -- Up-to-date symlink: /home/hero/Desktop/birdiebot_nav_ws/install/linefit_ground_segmentation/share/linefit_ground_segmentation/cmake/linefit_ground_segmentationConfig.cmake
[7.529s] -- Up-to-date symlink: /home/hero/Desktop/birdiebot_nav_ws/install/linefit_ground_segmentation/share/linefit_ground_segmentation/cmake/linefit_ground_segmentationConfig-version.cmake
[7.529s] -- Up-to-date symlink: /home/hero/Desktop/birdiebot_nav_ws/install/linefit_ground_segmentation/share/linefit_ground_segmentation/package.xml
[7.540s] Invoked command in '/home/hero/Desktop/birdiebot_nav_ws/build/linefit_ground_segmentation' returned '0': CMAKE_PREFIX_PATH=/opt/ros/humble /usr/bin/cmake --install /home/hero/Desktop/birdiebot_nav_ws/build/linefit_ground_segmentation
