[0.063s] Invoking command in '/home/hero/Desktop/birdiebot_nav_ws/build/armor_tracker': AMENT_PREFIX_PATH=/home/hero/Desktop/birdiebot_nav_ws/install/auto_aim_interfaces:${AMENT_PREFIX_PATH} CMAKE_PREFIX_PATH=/home/hero/Desktop/birdiebot_nav_ws/install/auto_aim_interfaces:/opt/ros/humble LD_LIBRARY_PATH=/home/hero/Desktop/birdiebot_nav_ws/install/auto_aim_interfaces/lib:/opt/intel/openvino_2023.3.0/runtime/lib/intel64:/opt/MVS/lib/64:/opt/MVS/lib/32:/opt/MVS/lib/64:/opt/MVS/lib/32:/opt/intel/openvino_2023.3.0/runtime/lib/intel64:/opt/MVS/lib/64:/opt/MVS/lib/32:/usr/lib/x86_64-linux-gnu/gazebo-11/plugins:/opt/ros/humble/opt/rviz_ogre_vendor/lib:/opt/ros/humble/lib/x86_64-linux-gnu:/opt/ros/humble/opt/openvdb_vendor/lib:/opt/ros/humble/lib:/opt/MVS/lib/64:/opt/MVS/lib/32:/opt/MVS/lib/64:/opt/MVS/lib/32:/opt/MVS/lib/64:/opt/MVS/lib/32 PYTHONPATH=/home/hero/Desktop/birdiebot_nav_ws/install/auto_aim_interfaces/local/lib/python3.10/dist-packages:${PYTHONPATH} /usr/bin/cmake --build /home/hero/Desktop/birdiebot_nav_ws/build/armor_tracker -- -j8 -l8
[0.124s] [35m[1mConsolidate compiler generated dependencies of target armor_tracker[0m
[0.176s] [ 66%] Built target armor_tracker
[0.184s] [100%] Built target armor_tracker_node
[0.224s] Invoked command in '/home/hero/Desktop/birdiebot_nav_ws/build/armor_tracker' returned '0': AMENT_PREFIX_PATH=/home/hero/Desktop/birdiebot_nav_ws/install/auto_aim_interfaces:${AMENT_PREFIX_PATH} CMAKE_PREFIX_PATH=/home/hero/Desktop/birdiebot_nav_ws/install/auto_aim_interfaces:/opt/ros/humble LD_LIBRARY_PATH=/home/hero/Desktop/birdiebot_nav_ws/install/auto_aim_interfaces/lib:/opt/intel/openvino_2023.3.0/runtime/lib/intel64:/opt/MVS/lib/64:/opt/MVS/lib/32:/opt/MVS/lib/64:/opt/MVS/lib/32:/opt/intel/openvino_2023.3.0/runtime/lib/intel64:/opt/MVS/lib/64:/opt/MVS/lib/32:/usr/lib/x86_64-linux-gnu/gazebo-11/plugins:/opt/ros/humble/opt/rviz_ogre_vendor/lib:/opt/ros/humble/lib/x86_64-linux-gnu:/opt/ros/humble/opt/openvdb_vendor/lib:/opt/ros/humble/lib:/opt/MVS/lib/64:/opt/MVS/lib/32:/opt/MVS/lib/64:/opt/MVS/lib/32:/opt/MVS/lib/64:/opt/MVS/lib/32 PYTHONPATH=/home/hero/Desktop/birdiebot_nav_ws/install/auto_aim_interfaces/local/lib/python3.10/dist-packages:${PYTHONPATH} /usr/bin/cmake --build /home/hero/Desktop/birdiebot_nav_ws/build/armor_tracker -- -j8 -l8
[0.369s] Invoking command in '/home/hero/Desktop/birdiebot_nav_ws/build/armor_tracker': AMENT_PREFIX_PATH=/home/hero/Desktop/birdiebot_nav_ws/install/auto_aim_interfaces:${AMENT_PREFIX_PATH} CMAKE_PREFIX_PATH=/home/hero/Desktop/birdiebot_nav_ws/install/auto_aim_interfaces:/opt/ros/humble LD_LIBRARY_PATH=/home/hero/Desktop/birdiebot_nav_ws/install/auto_aim_interfaces/lib:/opt/intel/openvino_2023.3.0/runtime/lib/intel64:/opt/MVS/lib/64:/opt/MVS/lib/32:/opt/MVS/lib/64:/opt/MVS/lib/32:/opt/intel/openvino_2023.3.0/runtime/lib/intel64:/opt/MVS/lib/64:/opt/MVS/lib/32:/usr/lib/x86_64-linux-gnu/gazebo-11/plugins:/opt/ros/humble/opt/rviz_ogre_vendor/lib:/opt/ros/humble/lib/x86_64-linux-gnu:/opt/ros/humble/opt/openvdb_vendor/lib:/opt/ros/humble/lib:/opt/MVS/lib/64:/opt/MVS/lib/32:/opt/MVS/lib/64:/opt/MVS/lib/32:/opt/MVS/lib/64:/opt/MVS/lib/32 PYTHONPATH=/home/hero/Desktop/birdiebot_nav_ws/install/auto_aim_interfaces/local/lib/python3.10/dist-packages:${PYTHONPATH} /usr/bin/cmake --install /home/hero/Desktop/birdiebot_nav_ws/build/armor_tracker
[0.378s] -- Install configuration: ""
[0.378s] -- Execute custom install script
[0.378s] -- Up-to-date symlink: /home/hero/Desktop/birdiebot_nav_ws/install/armor_tracker/lib/armor_tracker/armor_tracker_node
[0.378s] -- Up-to-date symlink: /home/hero/Desktop/birdiebot_nav_ws/install/armor_tracker/include/armor_tracker/extended_kalman_filter.hpp
[0.378s] -- Up-to-date symlink: /home/hero/Desktop/birdiebot_nav_ws/install/armor_tracker/include/armor_tracker/tracker.hpp
[0.378s] -- Up-to-date symlink: /home/hero/Desktop/birdiebot_nav_ws/install/armor_tracker/include/armor_tracker/tracker_node.hpp
[0.378s] -- Up-to-date symlink: /home/hero/Desktop/birdiebot_nav_ws/install/armor_tracker/share/armor_tracker/environment/library_path.sh
[0.378s] -- Up-to-date symlink: /home/hero/Desktop/birdiebot_nav_ws/install/armor_tracker/share/armor_tracker/environment/library_path.dsv
[0.378s] -- Up-to-date symlink: /home/hero/Desktop/birdiebot_nav_ws/install/armor_tracker/lib/libarmor_tracker.so
[0.378s] -- Up-to-date symlink: /home/hero/Desktop/birdiebot_nav_ws/install/armor_tracker/share/ament_index/resource_index/package_run_dependencies/armor_tracker
[0.378s] -- Up-to-date symlink: /home/hero/Desktop/birdiebot_nav_ws/install/armor_tracker/share/ament_index/resource_index/parent_prefix_path/armor_tracker
[0.379s] -- Up-to-date symlink: /home/hero/Desktop/birdiebot_nav_ws/install/armor_tracker/share/armor_tracker/environment/ament_prefix_path.sh
[0.379s] -- Up-to-date symlink: /home/hero/Desktop/birdiebot_nav_ws/install/armor_tracker/share/armor_tracker/environment/ament_prefix_path.dsv
[0.379s] -- Up-to-date symlink: /home/hero/Desktop/birdiebot_nav_ws/install/armor_tracker/share/armor_tracker/environment/path.sh
[0.379s] -- Up-to-date symlink: /home/hero/Desktop/birdiebot_nav_ws/install/armor_tracker/share/armor_tracker/environment/path.dsv
[0.379s] -- Up-to-date symlink: /home/hero/Desktop/birdiebot_nav_ws/install/armor_tracker/share/armor_tracker/local_setup.bash
[0.379s] -- Up-to-date symlink: /home/hero/Desktop/birdiebot_nav_ws/install/armor_tracker/share/armor_tracker/local_setup.sh
[0.390s] -- Up-to-date symlink: /home/hero/Desktop/birdiebot_nav_ws/install/armor_tracker/share/armor_tracker/local_setup.zsh
[0.390s] -- Up-to-date symlink: /home/hero/Desktop/birdiebot_nav_ws/install/armor_tracker/share/armor_tracker/local_setup.dsv
[0.390s] -- Symlinking: /home/hero/Desktop/birdiebot_nav_ws/install/armor_tracker/share/armor_tracker/package.dsv
[0.407s] -- Up-to-date symlink: /home/hero/Desktop/birdiebot_nav_ws/install/armor_tracker/share/ament_index/resource_index/packages/armor_tracker
[0.407s] -- Up-to-date symlink: /home/hero/Desktop/birdiebot_nav_ws/install/armor_tracker/share/ament_index/resource_index/rclcpp_components/armor_tracker
[0.407s] -- Up-to-date symlink: /home/hero/Desktop/birdiebot_nav_ws/install/armor_tracker/share/armor_tracker/cmake/ament_cmake_export_dependencies-extras.cmake
[0.407s] -- Up-to-date symlink: /home/hero/Desktop/birdiebot_nav_ws/install/armor_tracker/share/armor_tracker/cmake/ament_cmake_export_include_directories-extras.cmake
[0.407s] -- Up-to-date symlink: /home/hero/Desktop/birdiebot_nav_ws/install/armor_tracker/share/armor_tracker/cmake/ament_cmake_export_libraries-extras.cmake
[0.407s] -- Up-to-date symlink: /home/hero/Desktop/birdiebot_nav_ws/install/armor_tracker/share/armor_tracker/cmake/armor_trackerConfig.cmake
[0.407s] -- Up-to-date symlink: /home/hero/Desktop/birdiebot_nav_ws/install/armor_tracker/share/armor_tracker/cmake/armor_trackerConfig-version.cmake
[0.407s] -- Up-to-date symlink: /home/hero/Desktop/birdiebot_nav_ws/install/armor_tracker/share/armor_tracker/package.xml
[0.407s] Invoked command in '/home/hero/Desktop/birdiebot_nav_ws/build/armor_tracker' returned '0': AMENT_PREFIX_PATH=/home/hero/Desktop/birdiebot_nav_ws/install/auto_aim_interfaces:${AMENT_PREFIX_PATH} CMAKE_PREFIX_PATH=/home/hero/Desktop/birdiebot_nav_ws/install/auto_aim_interfaces:/opt/ros/humble LD_LIBRARY_PATH=/home/hero/Desktop/birdiebot_nav_ws/install/auto_aim_interfaces/lib:/opt/intel/openvino_2023.3.0/runtime/lib/intel64:/opt/MVS/lib/64:/opt/MVS/lib/32:/opt/MVS/lib/64:/opt/MVS/lib/32:/opt/intel/openvino_2023.3.0/runtime/lib/intel64:/opt/MVS/lib/64:/opt/MVS/lib/32:/usr/lib/x86_64-linux-gnu/gazebo-11/plugins:/opt/ros/humble/opt/rviz_ogre_vendor/lib:/opt/ros/humble/lib/x86_64-linux-gnu:/opt/ros/humble/opt/openvdb_vendor/lib:/opt/ros/humble/lib:/opt/MVS/lib/64:/opt/MVS/lib/32:/opt/MVS/lib/64:/opt/MVS/lib/32:/opt/MVS/lib/64:/opt/MVS/lib/32 PYTHONPATH=/home/hero/Desktop/birdiebot_nav_ws/install/auto_aim_interfaces/local/lib/python3.10/dist-packages:${PYTHONPATH} /usr/bin/cmake --install /home/hero/Desktop/birdiebot_nav_ws/build/armor_tracker
