[0.132s] Invoking command in '/home/hero/Desktop/birdiebot_nav_ws/build/armor_detector': AMENT_PREFIX_PATH=/home/hero/Desktop/birdiebot_nav_ws/install/auto_aim_interfaces:${AMENT_PREFIX_PATH} CMAKE_PREFIX_PATH=/home/hero/Desktop/birdiebot_nav_ws/install/auto_aim_interfaces:/opt/ros/humble LD_LIBRARY_PATH=/home/hero/Desktop/birdiebot_nav_ws/install/auto_aim_interfaces/lib:/opt/intel/openvino_2023.3.0/runtime/lib/intel64:/opt/MVS/lib/64:/opt/MVS/lib/32:/opt/intel/openvino_2023.3.0/runtime/lib/intel64:/opt/MVS/lib/64:/opt/MVS/lib/32:/usr/lib/x86_64-linux-gnu/gazebo-11/plugins:/opt/ros/humble/opt/rviz_ogre_vendor/lib:/opt/ros/humble/lib/x86_64-linux-gnu:/opt/ros/humble/lib:/opt/MVS/lib/64:/opt/MVS/lib/32:/opt/MVS/lib/64:/opt/MVS/lib/32 PYTHONPATH=/home/hero/Desktop/birdiebot_nav_ws/install/auto_aim_interfaces/local/lib/python3.10/dist-packages:${PYTHONPATH} /usr/bin/cmake --build /home/hero/Desktop/birdiebot_nav_ws/build/armor_detector -- -j8 -l8
[0.175s] [35m[1mConsolidate compiler generated dependencies of target gtest[0m
[0.176s] [35m[1mConsolidate compiler generated dependencies of target armor_detector[0m
[0.176s] [35m[1mConsolidate compiler generated dependencies of target armor_detector_node[0m
[0.176s] [35m[1mConsolidate compiler generated dependencies of target gtest_main[0m
[0.188s] [ 26%] Built target gtest
[0.188s] [ 26%] Built target gtest_main
[0.189s] [ 40%] Built target armor_detector_node
[0.195s] [ 73%] Built target armor_detector
[0.206s] [35m[1mConsolidate compiler generated dependencies of target test_number_cls[0m
[0.206s] [35m[1mConsolidate compiler generated dependencies of target test_node_startup[0m
[0.218s] [ 86%] Built target test_number_cls
[0.225s] [100%] Built target test_node_startup
[0.241s] Invoked command in '/home/hero/Desktop/birdiebot_nav_ws/build/armor_detector' returned '0': AMENT_PREFIX_PATH=/home/hero/Desktop/birdiebot_nav_ws/install/auto_aim_interfaces:${AMENT_PREFIX_PATH} CMAKE_PREFIX_PATH=/home/hero/Desktop/birdiebot_nav_ws/install/auto_aim_interfaces:/opt/ros/humble LD_LIBRARY_PATH=/home/hero/Desktop/birdiebot_nav_ws/install/auto_aim_interfaces/lib:/opt/intel/openvino_2023.3.0/runtime/lib/intel64:/opt/MVS/lib/64:/opt/MVS/lib/32:/opt/intel/openvino_2023.3.0/runtime/lib/intel64:/opt/MVS/lib/64:/opt/MVS/lib/32:/usr/lib/x86_64-linux-gnu/gazebo-11/plugins:/opt/ros/humble/opt/rviz_ogre_vendor/lib:/opt/ros/humble/lib/x86_64-linux-gnu:/opt/ros/humble/lib:/opt/MVS/lib/64:/opt/MVS/lib/32:/opt/MVS/lib/64:/opt/MVS/lib/32 PYTHONPATH=/home/hero/Desktop/birdiebot_nav_ws/install/auto_aim_interfaces/local/lib/python3.10/dist-packages:${PYTHONPATH} /usr/bin/cmake --build /home/hero/Desktop/birdiebot_nav_ws/build/armor_detector -- -j8 -l8
[0.381s] Invoking command in '/home/hero/Desktop/birdiebot_nav_ws/build/armor_detector': AMENT_PREFIX_PATH=/home/hero/Desktop/birdiebot_nav_ws/install/auto_aim_interfaces:${AMENT_PREFIX_PATH} CMAKE_PREFIX_PATH=/home/hero/Desktop/birdiebot_nav_ws/install/auto_aim_interfaces:/opt/ros/humble LD_LIBRARY_PATH=/home/hero/Desktop/birdiebot_nav_ws/install/auto_aim_interfaces/lib:/opt/intel/openvino_2023.3.0/runtime/lib/intel64:/opt/MVS/lib/64:/opt/MVS/lib/32:/opt/intel/openvino_2023.3.0/runtime/lib/intel64:/opt/MVS/lib/64:/opt/MVS/lib/32:/usr/lib/x86_64-linux-gnu/gazebo-11/plugins:/opt/ros/humble/opt/rviz_ogre_vendor/lib:/opt/ros/humble/lib/x86_64-linux-gnu:/opt/ros/humble/lib:/opt/MVS/lib/64:/opt/MVS/lib/32:/opt/MVS/lib/64:/opt/MVS/lib/32 PYTHONPATH=/home/hero/Desktop/birdiebot_nav_ws/install/auto_aim_interfaces/local/lib/python3.10/dist-packages:${PYTHONPATH} /usr/bin/cmake --install /home/hero/Desktop/birdiebot_nav_ws/build/armor_detector
[0.467s] -- Install configuration: ""
[0.467s] -- Execute custom install script
[0.467s] -- Up-to-date symlink: /home/hero/Desktop/birdiebot_nav_ws/install/armor_detector/lib/armor_detector/armor_detector_node
[0.467s] -- Up-to-date symlink: /home/hero/Desktop/birdiebot_nav_ws/install/armor_detector/include/armor_detector/armor.hpp
[0.467s] -- Up-to-date symlink: /home/hero/Desktop/birdiebot_nav_ws/install/armor_detector/include/armor_detector/detector.hpp
[0.467s] -- Up-to-date symlink: /home/hero/Desktop/birdiebot_nav_ws/install/armor_detector/include/armor_detector/detector_node.hpp
[0.467s] -- Up-to-date symlink: /home/hero/Desktop/birdiebot_nav_ws/install/armor_detector/include/armor_detector/number_classifier.hpp
[0.467s] -- Up-to-date symlink: /home/hero/Desktop/birdiebot_nav_ws/install/armor_detector/include/armor_detector/pnp_solver.hpp
[0.467s] -- Up-to-date symlink: /home/hero/Desktop/birdiebot_nav_ws/install/armor_detector/share/armor_detector/environment/library_path.sh
[0.467s] -- Up-to-date symlink: /home/hero/Desktop/birdiebot_nav_ws/install/armor_detector/share/armor_detector/environment/library_path.dsv
[0.467s] -- Up-to-date symlink: /home/hero/Desktop/birdiebot_nav_ws/install/armor_detector/lib/libarmor_detector.so
[0.467s] -- Up-to-date symlink: /home/hero/Desktop/birdiebot_nav_ws/install/armor_detector/share/armor_detector/model/label.txt
[0.468s] -- Up-to-date symlink: /home/hero/Desktop/birdiebot_nav_ws/install/armor_detector/share/armor_detector/model/mlp.onnx
[0.468s] -- Up-to-date symlink: /home/hero/Desktop/birdiebot_nav_ws/install/armor_detector/share/ament_index/resource_index/package_run_dependencies/armor_detector
[0.468s] -- Up-to-date symlink: /home/hero/Desktop/birdiebot_nav_ws/install/armor_detector/share/ament_index/resource_index/parent_prefix_path/armor_detector
[0.468s] -- Up-to-date symlink: /home/hero/Desktop/birdiebot_nav_ws/install/armor_detector/share/armor_detector/environment/ament_prefix_path.sh
[0.468s] -- Up-to-date symlink: /home/hero/Desktop/birdiebot_nav_ws/install/armor_detector/share/armor_detector/environment/ament_prefix_path.dsv
[0.468s] -- Up-to-date symlink: /home/hero/Desktop/birdiebot_nav_ws/install/armor_detector/share/armor_detector/environment/path.sh
[0.468s] -- Up-to-date symlink: /home/hero/Desktop/birdiebot_nav_ws/install/armor_detector/share/armor_detector/environment/path.dsv
[0.468s] -- Up-to-date symlink: /home/hero/Desktop/birdiebot_nav_ws/install/armor_detector/share/armor_detector/local_setup.bash
[0.468s] -- Up-to-date symlink: /home/hero/Desktop/birdiebot_nav_ws/install/armor_detector/share/armor_detector/local_setup.sh
[0.468s] -- Up-to-date symlink: /home/hero/Desktop/birdiebot_nav_ws/install/armor_detector/share/armor_detector/local_setup.zsh
[0.468s] -- Up-to-date symlink: /home/hero/Desktop/birdiebot_nav_ws/install/armor_detector/share/armor_detector/local_setup.dsv
[0.468s] -- Symlinking: /home/hero/Desktop/birdiebot_nav_ws/install/armor_detector/share/armor_detector/package.dsv
[0.468s] -- Up-to-date symlink: /home/hero/Desktop/birdiebot_nav_ws/install/armor_detector/share/ament_index/resource_index/packages/armor_detector
[0.468s] -- Up-to-date symlink: /home/hero/Desktop/birdiebot_nav_ws/install/armor_detector/share/ament_index/resource_index/rclcpp_components/armor_detector
[0.468s] -- Up-to-date symlink: /home/hero/Desktop/birdiebot_nav_ws/install/armor_detector/share/armor_detector/cmake/ament_cmake_export_dependencies-extras.cmake
[0.468s] -- Up-to-date symlink: /home/hero/Desktop/birdiebot_nav_ws/install/armor_detector/share/armor_detector/cmake/ament_cmake_export_include_directories-extras.cmake
[0.468s] -- Up-to-date symlink: /home/hero/Desktop/birdiebot_nav_ws/install/armor_detector/share/armor_detector/cmake/ament_cmake_export_libraries-extras.cmake
[0.468s] -- Up-to-date symlink: /home/hero/Desktop/birdiebot_nav_ws/install/armor_detector/share/armor_detector/cmake/armor_detectorConfig.cmake
[0.468s] -- Up-to-date symlink: /home/hero/Desktop/birdiebot_nav_ws/install/armor_detector/share/armor_detector/cmake/armor_detectorConfig-version.cmake
[0.468s] -- Up-to-date symlink: /home/hero/Desktop/birdiebot_nav_ws/install/armor_detector/share/armor_detector/package.xml
[0.550s] Invoked command in '/home/hero/Desktop/birdiebot_nav_ws/build/armor_detector' returned '0': AMENT_PREFIX_PATH=/home/hero/Desktop/birdiebot_nav_ws/install/auto_aim_interfaces:${AMENT_PREFIX_PATH} CMAKE_PREFIX_PATH=/home/hero/Desktop/birdiebot_nav_ws/install/auto_aim_interfaces:/opt/ros/humble LD_LIBRARY_PATH=/home/hero/Desktop/birdiebot_nav_ws/install/auto_aim_interfaces/lib:/opt/intel/openvino_2023.3.0/runtime/lib/intel64:/opt/MVS/lib/64:/opt/MVS/lib/32:/opt/intel/openvino_2023.3.0/runtime/lib/intel64:/opt/MVS/lib/64:/opt/MVS/lib/32:/usr/lib/x86_64-linux-gnu/gazebo-11/plugins:/opt/ros/humble/opt/rviz_ogre_vendor/lib:/opt/ros/humble/lib/x86_64-linux-gnu:/opt/ros/humble/lib:/opt/MVS/lib/64:/opt/MVS/lib/32:/opt/MVS/lib/64:/opt/MVS/lib/32 PYTHONPATH=/home/hero/Desktop/birdiebot_nav_ws/install/auto_aim_interfaces/local/lib/python3.10/dist-packages:${PYTHONPATH} /usr/bin/cmake --install /home/hero/Desktop/birdiebot_nav_ws/build/armor_detector
