[0.041s] Invoking command in '/home/hero/Desktop/birdiebot_nav_ws/build/terrain_analysis_ext': CMAKE_PREFIX_PATH=/opt/ros/humble /usr/bin/cmake --build /home/hero/Desktop/birdiebot_nav_ws/build/terrain_analysis_ext -- -j8 -l8
[3.799s] -- Found ament_cmake: 1.3.12 (/opt/ros/humble/share/ament_cmake/cmake)
[3.799s] -- Override CMake install command with custom implementation using symlinks instead of copying resources
[3.799s] -- Found rclcpp: 16.0.14 (/opt/ros/humble/share/rclcpp/cmake)
[3.799s] -- Found rosidl_generator_c: 3.1.7 (/opt/ros/humble/share/rosidl_generator_c/cmake)
[3.799s] -- Found rosidl_adapter: 3.1.7 (/opt/ros/humble/share/rosidl_adapter/cmake)
[3.799s] -- Found rosidl_generator_cpp: 3.1.7 (/opt/ros/humble/share/rosidl_generator_cpp/cmake)
[3.799s] -- Using all available rosidl_typesupport_c: rosidl_typesupport_fastrtps_c;rosidl_typesupport_introspection_c
[3.799s] -- Using all available rosidl_typesupport_cpp: rosidl_typesupport_fastrtps_cpp;rosidl_typesupport_introspection_cpp
[3.799s] -- Found rmw_implementation_cmake: 6.1.2 (/opt/ros/humble/share/rmw_implementation_cmake/cmake)
[3.800s] -- Found rmw_fastrtps_cpp: 6.2.8 (/opt/ros/humble/share/rmw_fastrtps_cpp/cmake)
[3.800s] -- Using RMW implementation 'rmw_fastrtps_cpp' as default
[3.800s] -- Found nav_msgs: 4.9.0 (/opt/ros/humble/share/nav_msgs/cmake)
[3.800s] -- Found sensor_msgs: 4.9.0 (/opt/ros/humble/share/sensor_msgs/cmake)
[3.800s] -- Found tf2_ros: 0.25.16 (/opt/ros/humble/share/tf2_ros/cmake)
[3.800s] -- Found tf2_geometry_msgs: 0.25.16 (/opt/ros/humble/share/tf2_geometry_msgs/cmake)
[3.800s] -- Found eigen3_cmake_module: 0.1.1 (/opt/ros/humble/share/eigen3_cmake_module/cmake)
[3.804s] -- Ensuring Eigen3 include directory is part of orocos-kdl CMake target
[3.804s] -- Found pcl_conversions: 2.4.5 (/opt/ros/humble/share/pcl_conversions/cmake)
[3.804s] -- Eigen found (include: /usr/include/eigen3, version: 3.4.0)
[3.804s] -- FLANN found (include: /usr/include, lib: /usr/lib/x86_64-linux-gnu/libflann_cpp.so)
[3.804s] -- OpenNI found (version: 1.5.4.0, include: /usr/include/ni, lib: /usr/lib/libOpenNI.so;libusb::libusb)
[3.804s] -- OpenNI2 found (version: 2.2.0.33, include: /usr/include/openni2, lib: /usr/lib/x86_64-linux-gnu/libOpenNI2.so;libusb::libusb)
[3.804s] -- Eigen found (include: /usr/include/eigen3, version: 3.4.0)
[3.804s] -- OpenNI found (version: 1.5.4.0, include: /usr/include/ni, lib: /usr/lib/libOpenNI.so;libusb::libusb)
[3.804s] -- OpenNI2 found (version: 2.2.0.33, include: /usr/include/openni2, lib: /usr/lib/x86_64-linux-gnu/libOpenNI2.so;libusb::libusb)
[3.804s] -- Found Qhull version 8.0.2
[3.804s] -- OpenNI found (version: 1.5.4.0, include: /usr/include/ni, lib: /usr/lib/libOpenNI.so;libusb::libusb)
[3.804s] -- Found pcl_ros: 2.4.5 (/opt/ros/humble/share/pcl_ros/cmake)
[3.804s] -- Found ament_lint_auto: 0.12.14 (/opt/ros/humble/share/ament_lint_auto/cmake)
[3.805s] -- Added test 'copyright' to check source files copyright and LICENSE
[3.805s] -- Added test 'cppcheck' to perform static code analysis on C / C++ code
[3.805s] -- Configured cppcheck include dirs: 
[3.805s] -- Configured cppcheck exclude dirs and/or files: 
[3.805s] -- Added test 'cpplint' to check C / C++ code against the Google style
[3.805s] -- Configured cpplint exclude dirs and/or files: 
[3.805s] -- Added test 'lint_cmake' to check CMake code style
[3.805s] -- Added test 'uncrustify' to check C / C++ code style
[3.805s] -- Configured uncrustify additional arguments: 
[3.805s] -- Added test 'xmllint' to check XML markup files
[3.805s] -- Configuring done
[3.805s] -- Generating done
[3.805s] -- Build files have been written to: /home/hero/Desktop/birdiebot_nav_ws/build/terrain_analysis_ext
[3.805s] [35m[1mConsolidate compiler generated dependencies of target terrainAnalysisExt[0m
[3.805s] [ 50%] [32mBuilding CXX object CMakeFiles/terrainAnalysisExt.dir/src/terrainAnalysisExt.cpp.o[0m
[25.731s] [100%] [32m[1mLinking CXX executable terrainAnalysisExt[0m
[28.351s] [100%] Built target terrainAnalysisExt
[28.383s] Invoked command in '/home/hero/Desktop/birdiebot_nav_ws/build/terrain_analysis_ext' returned '0': CMAKE_PREFIX_PATH=/opt/ros/humble /usr/bin/cmake --build /home/hero/Desktop/birdiebot_nav_ws/build/terrain_analysis_ext -- -j8 -l8
[28.534s] Invoking command in '/home/hero/Desktop/birdiebot_nav_ws/build/terrain_analysis_ext': CMAKE_PREFIX_PATH=/opt/ros/humble /usr/bin/cmake --install /home/hero/Desktop/birdiebot_nav_ws/build/terrain_analysis_ext
[37.450s] -- Install configuration: ""
[37.450s] -- Execute custom install script
[37.450s] -- Up-to-date symlink: /home/hero/Desktop/birdiebot_nav_ws/install/terrain_analysis_ext/lib/terrain_analysis_ext/terrainAnalysisExt
[37.450s] -- Up-to-date symlink: /home/hero/Desktop/birdiebot_nav_ws/install/terrain_analysis_ext/share/terrain_analysis_ext/launch/terrain_analysis_ext.launch
[37.450s] -- Up-to-date symlink: /home/hero/Desktop/birdiebot_nav_ws/install/terrain_analysis_ext/share/ament_index/resource_index/package_run_dependencies/terrain_analysis_ext
[37.450s] -- Up-to-date symlink: /home/hero/Desktop/birdiebot_nav_ws/install/terrain_analysis_ext/share/ament_index/resource_index/parent_prefix_path/terrain_analysis_ext
[37.450s] -- Up-to-date symlink: /home/hero/Desktop/birdiebot_nav_ws/install/terrain_analysis_ext/share/terrain_analysis_ext/environment/ament_prefix_path.sh
[37.450s] -- Up-to-date symlink: /home/hero/Desktop/birdiebot_nav_ws/install/terrain_analysis_ext/share/terrain_analysis_ext/environment/ament_prefix_path.dsv
[37.450s] -- Up-to-date symlink: /home/hero/Desktop/birdiebot_nav_ws/install/terrain_analysis_ext/share/terrain_analysis_ext/environment/path.sh
[37.450s] -- Up-to-date symlink: /home/hero/Desktop/birdiebot_nav_ws/install/terrain_analysis_ext/share/terrain_analysis_ext/environment/path.dsv
[37.450s] -- Up-to-date symlink: /home/hero/Desktop/birdiebot_nav_ws/install/terrain_analysis_ext/share/terrain_analysis_ext/local_setup.bash
[37.450s] -- Up-to-date symlink: /home/hero/Desktop/birdiebot_nav_ws/install/terrain_analysis_ext/share/terrain_analysis_ext/local_setup.sh
[37.450s] -- Up-to-date symlink: /home/hero/Desktop/birdiebot_nav_ws/install/terrain_analysis_ext/share/terrain_analysis_ext/local_setup.zsh
[37.450s] -- Up-to-date symlink: /home/hero/Desktop/birdiebot_nav_ws/install/terrain_analysis_ext/share/terrain_analysis_ext/local_setup.dsv
[37.450s] -- Symlinking: /home/hero/Desktop/birdiebot_nav_ws/install/terrain_analysis_ext/share/terrain_analysis_ext/package.dsv
[37.450s] -- Up-to-date symlink: /home/hero/Desktop/birdiebot_nav_ws/install/terrain_analysis_ext/share/ament_index/resource_index/packages/terrain_analysis_ext
[37.450s] -- Up-to-date symlink: /home/hero/Desktop/birdiebot_nav_ws/install/terrain_analysis_ext/share/terrain_analysis_ext/cmake/terrain_analysis_extConfig.cmake
[37.451s] -- Up-to-date symlink: /home/hero/Desktop/birdiebot_nav_ws/install/terrain_analysis_ext/share/terrain_analysis_ext/cmake/terrain_analysis_extConfig-version.cmake
[37.451s] -- Up-to-date symlink: /home/hero/Desktop/birdiebot_nav_ws/install/terrain_analysis_ext/share/terrain_analysis_ext/package.xml
[37.464s] Invoked command in '/home/hero/Desktop/birdiebot_nav_ws/build/terrain_analysis_ext' returned '0': CMAKE_PREFIX_PATH=/opt/ros/humble /usr/bin/cmake --install /home/hero/Desktop/birdiebot_nav_ws/build/terrain_analysis_ext
