[0.045s] Invoking command in '/home/hero/Desktop/birdiebot_nav_ws/build/icp_registration': AMENT_PREFIX_PATH=/home/hero/Desktop/birdiebot_nav_ws/install/livox_ros_driver2:${AMENT_PREFIX_PATH} CMAKE_PREFIX_PATH=/home/hero/Desktop/birdiebot_nav_ws/install/livox_ros_driver2:/opt/ros/humble LD_LIBRARY_PATH=/home/hero/Desktop/birdiebot_nav_ws/install/livox_ros_driver2/lib:/opt/intel/openvino_2023.3.0/runtime/lib/intel64:/opt/MVS/lib/64:/opt/MVS/lib/32:/opt/MVS/lib/64:/opt/MVS/lib/32:/opt/intel/openvino_2023.3.0/runtime/lib/intel64:/opt/MVS/lib/64:/opt/MVS/lib/32:/usr/lib/x86_64-linux-gnu/gazebo-11/plugins:/opt/ros/humble/opt/rviz_ogre_vendor/lib:/opt/ros/humble/lib/x86_64-linux-gnu:/opt/ros/humble/opt/openvdb_vendor/lib:/opt/ros/humble/lib:/opt/MVS/lib/64:/opt/MVS/lib/32:/opt/MVS/lib/64:/opt/MVS/lib/32:/opt/MVS/lib/64:/opt/MVS/lib/32 PYTHONPATH=/home/hero/Desktop/birdiebot_nav_ws/install/livox_ros_driver2/local/lib/python3.10/dist-packages:${PYTHONPATH} /usr/bin/cmake --build /home/hero/Desktop/birdiebot_nav_ws/build/icp_registration -- -j8 -l8
[0.103s] [35m[1mConsolidate compiler generated dependencies of target icp_registration_node[0m
[0.128s] [35m[1mConsolidate compiler generated dependencies of target icp_registration[0m
[0.143s] [ 50%] Built target icp_registration_node
[0.154s] [100%] Built target icp_registration
[0.218s] Invoked command in '/home/hero/Desktop/birdiebot_nav_ws/build/icp_registration' returned '0': AMENT_PREFIX_PATH=/home/hero/Desktop/birdiebot_nav_ws/install/livox_ros_driver2:${AMENT_PREFIX_PATH} CMAKE_PREFIX_PATH=/home/hero/Desktop/birdiebot_nav_ws/install/livox_ros_driver2:/opt/ros/humble LD_LIBRARY_PATH=/home/hero/Desktop/birdiebot_nav_ws/install/livox_ros_driver2/lib:/opt/intel/openvino_2023.3.0/runtime/lib/intel64:/opt/MVS/lib/64:/opt/MVS/lib/32:/opt/MVS/lib/64:/opt/MVS/lib/32:/opt/intel/openvino_2023.3.0/runtime/lib/intel64:/opt/MVS/lib/64:/opt/MVS/lib/32:/usr/lib/x86_64-linux-gnu/gazebo-11/plugins:/opt/ros/humble/opt/rviz_ogre_vendor/lib:/opt/ros/humble/lib/x86_64-linux-gnu:/opt/ros/humble/opt/openvdb_vendor/lib:/opt/ros/humble/lib:/opt/MVS/lib/64:/opt/MVS/lib/32:/opt/MVS/lib/64:/opt/MVS/lib/32:/opt/MVS/lib/64:/opt/MVS/lib/32 PYTHONPATH=/home/hero/Desktop/birdiebot_nav_ws/install/livox_ros_driver2/local/lib/python3.10/dist-packages:${PYTHONPATH} /usr/bin/cmake --build /home/hero/Desktop/birdiebot_nav_ws/build/icp_registration -- -j8 -l8
[0.345s] Invoking command in '/home/hero/Desktop/birdiebot_nav_ws/build/icp_registration': AMENT_PREFIX_PATH=/home/hero/Desktop/birdiebot_nav_ws/install/livox_ros_driver2:${AMENT_PREFIX_PATH} CMAKE_PREFIX_PATH=/home/hero/Desktop/birdiebot_nav_ws/install/livox_ros_driver2:/opt/ros/humble LD_LIBRARY_PATH=/home/hero/Desktop/birdiebot_nav_ws/install/livox_ros_driver2/lib:/opt/intel/openvino_2023.3.0/runtime/lib/intel64:/opt/MVS/lib/64:/opt/MVS/lib/32:/opt/MVS/lib/64:/opt/MVS/lib/32:/opt/intel/openvino_2023.3.0/runtime/lib/intel64:/opt/MVS/lib/64:/opt/MVS/lib/32:/usr/lib/x86_64-linux-gnu/gazebo-11/plugins:/opt/ros/humble/opt/rviz_ogre_vendor/lib:/opt/ros/humble/lib/x86_64-linux-gnu:/opt/ros/humble/opt/openvdb_vendor/lib:/opt/ros/humble/lib:/opt/MVS/lib/64:/opt/MVS/lib/32:/opt/MVS/lib/64:/opt/MVS/lib/32:/opt/MVS/lib/64:/opt/MVS/lib/32 PYTHONPATH=/home/hero/Desktop/birdiebot_nav_ws/install/livox_ros_driver2/local/lib/python3.10/dist-packages:${PYTHONPATH} /usr/bin/cmake --install /home/hero/Desktop/birdiebot_nav_ws/build/icp_registration
[0.362s] -- Install configuration: ""
[0.362s] -- Execute custom install script
[0.362s] -- Up-to-date symlink: /home/hero/Desktop/birdiebot_nav_ws/install/icp_registration/lib/icp_registration/icp_registration_node
[0.362s] -- Up-to-date symlink: /home/hero/Desktop/birdiebot_nav_ws/install/icp_registration/include/icp_registration/icp_registration.hpp
[0.362s] -- Up-to-date symlink: /home/hero/Desktop/birdiebot_nav_ws/install/icp_registration/share/icp_registration/environment/library_path.sh
[0.362s] -- Up-to-date symlink: /home/hero/Desktop/birdiebot_nav_ws/install/icp_registration/share/icp_registration/environment/library_path.dsv
[0.362s] -- Up-to-date symlink: /home/hero/Desktop/birdiebot_nav_ws/install/icp_registration/lib/libicp_registration.so
[0.362s] -- Up-to-date symlink: /home/hero/Desktop/birdiebot_nav_ws/install/icp_registration/share/icp_registration/launch/icp.launch.py
[0.362s] -- Up-to-date symlink: /home/hero/Desktop/birdiebot_nav_ws/install/icp_registration/share/icp_registration/config/icp.yaml
[0.362s] -- Up-to-date symlink: /home/hero/Desktop/birdiebot_nav_ws/install/icp_registration/share/ament_index/resource_index/package_run_dependencies/icp_registration
[0.362s] -- Up-to-date symlink: /home/hero/Desktop/birdiebot_nav_ws/install/icp_registration/share/ament_index/resource_index/parent_prefix_path/icp_registration
[0.362s] -- Up-to-date symlink: /home/hero/Desktop/birdiebot_nav_ws/install/icp_registration/share/icp_registration/environment/ament_prefix_path.sh
[0.363s] -- Up-to-date symlink: /home/hero/Desktop/birdiebot_nav_ws/install/icp_registration/share/icp_registration/environment/ament_prefix_path.dsv
[0.363s] -- Up-to-date symlink: /home/hero/Desktop/birdiebot_nav_ws/install/icp_registration/share/icp_registration/environment/path.sh
[0.363s] -- Up-to-date symlink: /home/hero/Desktop/birdiebot_nav_ws/install/icp_registration/share/icp_registration/environment/path.dsv
[0.363s] -- Up-to-date symlink: /home/hero/Desktop/birdiebot_nav_ws/install/icp_registration/share/icp_registration/local_setup.bash
[0.363s] -- Up-to-date symlink: /home/hero/Desktop/birdiebot_nav_ws/install/icp_registration/share/icp_registration/local_setup.sh
[0.363s] -- Up-to-date symlink: /home/hero/Desktop/birdiebot_nav_ws/install/icp_registration/share/icp_registration/local_setup.zsh
[0.363s] -- Up-to-date symlink: /home/hero/Desktop/birdiebot_nav_ws/install/icp_registration/share/icp_registration/local_setup.dsv
[0.363s] -- Symlinking: /home/hero/Desktop/birdiebot_nav_ws/install/icp_registration/share/icp_registration/package.dsv
[0.367s] -- Up-to-date symlink: /home/hero/Desktop/birdiebot_nav_ws/install/icp_registration/share/ament_index/resource_index/packages/icp_registration
[0.368s] -- Up-to-date symlink: /home/hero/Desktop/birdiebot_nav_ws/install/icp_registration/share/ament_index/resource_index/rclcpp_components/icp_registration
[0.368s] -- Up-to-date symlink: /home/hero/Desktop/birdiebot_nav_ws/install/icp_registration/share/icp_registration/cmake/ament_cmake_export_dependencies-extras.cmake
[0.368s] -- Up-to-date symlink: /home/hero/Desktop/birdiebot_nav_ws/install/icp_registration/share/icp_registration/cmake/ament_cmake_export_include_directories-extras.cmake
[0.368s] -- Up-to-date symlink: /home/hero/Desktop/birdiebot_nav_ws/install/icp_registration/share/icp_registration/cmake/ament_cmake_export_libraries-extras.cmake
[0.368s] -- Up-to-date symlink: /home/hero/Desktop/birdiebot_nav_ws/install/icp_registration/share/icp_registration/cmake/icp_registrationConfig.cmake
[0.368s] -- Up-to-date symlink: /home/hero/Desktop/birdiebot_nav_ws/install/icp_registration/share/icp_registration/cmake/icp_registrationConfig-version.cmake
[0.368s] -- Up-to-date symlink: /home/hero/Desktop/birdiebot_nav_ws/install/icp_registration/share/icp_registration/package.xml
[0.401s] Invoked command in '/home/hero/Desktop/birdiebot_nav_ws/build/icp_registration' returned '0': AMENT_PREFIX_PATH=/home/hero/Desktop/birdiebot_nav_ws/install/livox_ros_driver2:${AMENT_PREFIX_PATH} CMAKE_PREFIX_PATH=/home/hero/Desktop/birdiebot_nav_ws/install/livox_ros_driver2:/opt/ros/humble LD_LIBRARY_PATH=/home/hero/Desktop/birdiebot_nav_ws/install/livox_ros_driver2/lib:/opt/intel/openvino_2023.3.0/runtime/lib/intel64:/opt/MVS/lib/64:/opt/MVS/lib/32:/opt/MVS/lib/64:/opt/MVS/lib/32:/opt/intel/openvino_2023.3.0/runtime/lib/intel64:/opt/MVS/lib/64:/opt/MVS/lib/32:/usr/lib/x86_64-linux-gnu/gazebo-11/plugins:/opt/ros/humble/opt/rviz_ogre_vendor/lib:/opt/ros/humble/lib/x86_64-linux-gnu:/opt/ros/humble/opt/openvdb_vendor/lib:/opt/ros/humble/lib:/opt/MVS/lib/64:/opt/MVS/lib/32:/opt/MVS/lib/64:/opt/MVS/lib/32:/opt/MVS/lib/64:/opt/MVS/lib/32 PYTHONPATH=/home/hero/Desktop/birdiebot_nav_ws/install/livox_ros_driver2/local/lib/python3.10/dist-packages:${PYTHONPATH} /usr/bin/cmake --install /home/hero/Desktop/birdiebot_nav_ws/build/icp_registration
