[0.064s] Invoking command in '/home/hero/Desktop/birdiebot_nav_ws/build/icp_registration': AMENT_PREFIX_PATH=/home/hero/Desktop/birdiebot_nav_ws/install/livox_ros_driver2:${AMENT_PREFIX_PATH} CMAKE_PREFIX_PATH=/home/hero/Desktop/birdiebot_nav_ws/install/livox_ros_driver2:/opt/ros/humble LD_LIBRARY_PATH=/home/hero/Desktop/birdiebot_nav_ws/install/livox_ros_driver2/lib:/opt/intel/openvino_2023.3.0/runtime/lib/intel64:/opt/MVS/lib/64:/opt/MVS/lib/32:/usr/lib/x86_64-linux-gnu/gazebo-11/plugins:/opt/ros/humble/opt/rviz_ogre_vendor/lib:/opt/ros/humble/lib/x86_64-linux-gnu:/opt/ros/humble/lib:/opt/MVS/lib/64:/opt/MVS/lib/32:/opt/MVS/lib/64:/opt/MVS/lib/32 PYTHONPATH=/home/hero/Desktop/birdiebot_nav_ws/install/livox_ros_driver2/local/lib/python3.10/dist-packages:${PYTHONPATH} /usr/bin/cmake /home/hero/Desktop/birdiebot_nav_ws/src/rm_slam/src/rm_localization/icp_registration -DAMENT_CMAKE_SYMLINK_INSTALL=1 -DCMAKE_INSTALL_PREFIX=/home/hero/Desktop/birdiebot_nav_ws/install/icp_registration
[2.654s] -- The C compiler identification is GNU 11.4.0
[2.654s] -- The CXX compiler identification is GNU 11.4.0
[2.654s] -- Detecting C compiler ABI info
[2.654s] -- Detecting C compiler ABI info - done
[2.654s] -- Check for working C compiler: /usr/bin/cc - skipped
[2.654s] -- Detecting C compile features
[2.654s] -- Detecting C compile features - done
[2.654s] -- Detecting CXX compiler ABI info
[2.654s] -- Detecting CXX compiler ABI info - done
[2.654s] -- Check for working CXX compiler: /usr/bin/c++ - skipped
[2.655s] -- Detecting CXX compile features
[2.655s] -- Detecting CXX compile features - done
[2.655s] -- Found ament_cmake_auto: 1.3.8 (/opt/ros/humble/share/ament_cmake_auto/cmake)
[2.655s] -- Found Python3: /usr/bin/python3 (found version "3.10.12") found components: Interpreter 
[2.655s] -- Override CMake install command with custom implementation using symlinks instead of copying resources
[2.655s] -- Checking for module 'eigen3'
[2.655s] --   Found eigen3, version 3.4.0
[2.655s] -- Found Eigen: /usr/include/eigen3 (Required is at least version "3.1") 
[2.655s] -- Eigen found (include: /usr/include/eigen3, version: 3.4.0)
[2.655s] -- Checking for module 'flann'
[2.655s] --   Found flann, version 1.9.1
[2.655s] -- Found FLANN: /usr/lib/x86_64-linux-gnu/libflann_cpp.so  
[2.655s] -- FLANN found (include: /usr/include, lib: /usr/lib/x86_64-linux-gnu/libflann_cpp.so)
[2.655s] -- Checking for module 'libusb-1.0'
[2.655s] --   Found libusb-1.0, version 1.0.25
[2.655s] -- Found libusb: /usr/lib/x86_64-linux-gnu/libusb-1.0.so  
[2.655s] -- OpenNI found (version: 1.5.4.0, include: /usr/include/ni, lib: /usr/lib/libOpenNI.so;libusb::libusb)
[2.655s] -- OpenNI2 found (version: 2.2.0.33, include: /usr/include/openni2, lib: /usr/lib/x86_64-linux-gnu/libOpenNI2.so;libusb::libusb)
[2.656s] -- Eigen found (include: /usr/include/eigen3, version: 3.4.0)
[2.656s] -- OpenNI found (version: 1.5.4.0, include: /usr/include/ni, lib: /usr/lib/libOpenNI.so;libusb::libusb)
[2.656s] -- OpenNI2 found (version: 2.2.0.33, include: /usr/include/openni2, lib: /usr/lib/x86_64-linux-gnu/libOpenNI2.so;libusb::libusb)
[2.656s] -- Found Qhull version 8.0.2
[2.703s] -- OpenNI found (version: 1.5.4.0, include: /usr/include/ni, lib: /usr/lib/libOpenNI.so;libusb::libusb)
[2.838s] -- Found PCL_COMMON: /usr/lib/x86_64-linux-gnu/libpcl_common.so  
[2.839s] -- Found PCL_KDTREE: /usr/lib/x86_64-linux-gnu/libpcl_kdtree.so  
[2.839s] -- Found PCL_OCTREE: /usr/lib/x86_64-linux-gnu/libpcl_octree.so  
[2.841s] -- Found PCL_SEARCH: /usr/lib/x86_64-linux-gnu/libpcl_search.so  
[2.841s] -- Found PCL_SAMPLE_CONSENSUS: /usr/lib/x86_64-linux-gnu/libpcl_sample_consensus.so  
[2.842s] -- Found PCL_FILTERS: /usr/lib/x86_64-linux-gnu/libpcl_filters.so  
[2.842s] -- Found PCL_2D: /usr/include/pcl-1.12  
[2.843s] -- Found PCL_GEOMETRY: /usr/include/pcl-1.12  
[2.844s] -- Found PCL_IO: /usr/lib/x86_64-linux-gnu/libpcl_io.so  
[2.847s] -- Found PCL_FEATURES: /usr/lib/x86_64-linux-gnu/libpcl_features.so  
[2.847s] -- Found PCL_ML: /usr/lib/x86_64-linux-gnu/libpcl_ml.so  
[2.848s] -- Found PCL_SEGMENTATION: /usr/lib/x86_64-linux-gnu/libpcl_segmentation.so  
[2.849s] -- Found PCL_VISUALIZATION: /usr/lib/x86_64-linux-gnu/libpcl_visualization.so  
[2.850s] -- Found PCL_SURFACE: /usr/lib/x86_64-linux-gnu/libpcl_surface.so  
[2.852s] -- Found PCL_REGISTRATION: /usr/lib/x86_64-linux-gnu/libpcl_registration.so  
[2.853s] -- Found PCL_KEYPOINTS: /usr/lib/x86_64-linux-gnu/libpcl_keypoints.so  
[2.855s] -- Found PCL_TRACKING: /usr/lib/x86_64-linux-gnu/libpcl_tracking.so  
[2.855s] -- Found PCL_RECOGNITION: /usr/lib/x86_64-linux-gnu/libpcl_recognition.so  
[2.855s] -- Found PCL_STEREO: /usr/lib/x86_64-linux-gnu/libpcl_stereo.so  
[2.856s] -- Found PCL_APPS: /usr/lib/x86_64-linux-gnu/libpcl_apps.so  
[2.857s] -- Found PCL_IN_HAND_SCANNER: /usr/include/pcl-1.12  
[2.857s] -- Found PCL_MODELER: /usr/include/pcl-1.12  
[2.858s] -- Found PCL_POINT_CLOUD_EDITOR: /usr/include/pcl-1.12  
[2.860s] -- Found PCL_OUTOFCORE: /usr/lib/x86_64-linux-gnu/libpcl_outofcore.so  
[2.860s] -- Found PCL_PEOPLE: /usr/lib/x86_64-linux-gnu/libpcl_people.so  
[2.957s] -- Found rosidl_generator_c: 3.1.5 (/opt/ros/humble/share/rosidl_generator_c/cmake)
[2.961s] -- Found rosidl_adapter: 3.1.5 (/opt/ros/humble/share/rosidl_adapter/cmake)
[2.969s] -- Found rosidl_generator_cpp: 3.1.5 (/opt/ros/humble/share/rosidl_generator_cpp/cmake)
[2.979s] -- Using all available rosidl_typesupport_c: rosidl_typesupport_fastrtps_c;rosidl_typesupport_introspection_c
[2.998s] -- Using all available rosidl_typesupport_cpp: rosidl_typesupport_fastrtps_cpp;rosidl_typesupport_introspection_cpp
[3.072s] -- Found rmw_implementation_cmake: 6.1.1 (/opt/ros/humble/share/rmw_implementation_cmake/cmake)
[3.074s] -- Found rmw_fastrtps_cpp: 6.2.6 (/opt/ros/humble/share/rmw_fastrtps_cpp/cmake)
[3.173s] -- Found OpenSSL: /usr/lib/x86_64-linux-gnu/libcrypto.so (found version "3.0.2")  
[3.200s] -- Found FastRTPS: /opt/ros/humble/include  
[3.250s] -- Using RMW implementation 'rmw_fastrtps_cpp' as default
[3.262s] -- Found Threads: TRUE  
[4.043s] -- Found eigen3_cmake_module: 0.1.1 (/opt/ros/humble/share/eigen3_cmake_module/cmake)
[4.044s] -- Found Eigen3: TRUE (found version "3.4.0") 
[4.044s] -- Ensuring Eigen3 include directory is part of orocos-kdl CMake target
[4.315s] -- Found ament_lint_auto: 0.12.10 (/opt/ros/humble/share/ament_lint_auto/cmake)
[4.337s] -- Added test 'cppcheck' to perform static code analysis on C / C++ code
[4.338s] -- Configured cppcheck include dirs: /home/hero/Desktop/birdiebot_nav_ws/src/rm_slam/src/rm_localization/icp_registration/include
[4.338s] -- Configured cppcheck exclude dirs and/or files: 
[4.339s] -- Added test 'flake8' to check Python code syntax and style conventions
[4.339s] -- Added test 'lint_cmake' to check CMake code style
[4.340s] -- Added test 'pep257' to check Python code against some of the docstring style conventions in PEP 257
[4.341s] -- Added test 'uncrustify' to check C / C++ code style
[4.341s] -- Configured uncrustify additional arguments: 
[4.342s] -- Added test 'xmllint' to check XML markup files
[4.345s] -- Configuring done
[4.383s] -- Generating done
[4.387s] -- Build files have been written to: /home/hero/Desktop/birdiebot_nav_ws/build/icp_registration
[4.414s] Invoked command in '/home/hero/Desktop/birdiebot_nav_ws/build/icp_registration' returned '0': AMENT_PREFIX_PATH=/home/hero/Desktop/birdiebot_nav_ws/install/livox_ros_driver2:${AMENT_PREFIX_PATH} CMAKE_PREFIX_PATH=/home/hero/Desktop/birdiebot_nav_ws/install/livox_ros_driver2:/opt/ros/humble LD_LIBRARY_PATH=/home/hero/Desktop/birdiebot_nav_ws/install/livox_ros_driver2/lib:/opt/intel/openvino_2023.3.0/runtime/lib/intel64:/opt/MVS/lib/64:/opt/MVS/lib/32:/usr/lib/x86_64-linux-gnu/gazebo-11/plugins:/opt/ros/humble/opt/rviz_ogre_vendor/lib:/opt/ros/humble/lib/x86_64-linux-gnu:/opt/ros/humble/lib:/opt/MVS/lib/64:/opt/MVS/lib/32:/opt/MVS/lib/64:/opt/MVS/lib/32 PYTHONPATH=/home/hero/Desktop/birdiebot_nav_ws/install/livox_ros_driver2/local/lib/python3.10/dist-packages:${PYTHONPATH} /usr/bin/cmake /home/hero/Desktop/birdiebot_nav_ws/src/rm_slam/src/rm_localization/icp_registration -DAMENT_CMAKE_SYMLINK_INSTALL=1 -DCMAKE_INSTALL_PREFIX=/home/hero/Desktop/birdiebot_nav_ws/install/icp_registration
[4.416s] Invoking command in '/home/hero/Desktop/birdiebot_nav_ws/build/icp_registration': AMENT_PREFIX_PATH=/home/hero/Desktop/birdiebot_nav_ws/install/livox_ros_driver2:${AMENT_PREFIX_PATH} CMAKE_PREFIX_PATH=/home/hero/Desktop/birdiebot_nav_ws/install/livox_ros_driver2:/opt/ros/humble LD_LIBRARY_PATH=/home/hero/Desktop/birdiebot_nav_ws/install/livox_ros_driver2/lib:/opt/intel/openvino_2023.3.0/runtime/lib/intel64:/opt/MVS/lib/64:/opt/MVS/lib/32:/usr/lib/x86_64-linux-gnu/gazebo-11/plugins:/opt/ros/humble/opt/rviz_ogre_vendor/lib:/opt/ros/humble/lib/x86_64-linux-gnu:/opt/ros/humble/lib:/opt/MVS/lib/64:/opt/MVS/lib/32:/opt/MVS/lib/64:/opt/MVS/lib/32 PYTHONPATH=/home/hero/Desktop/birdiebot_nav_ws/install/livox_ros_driver2/local/lib/python3.10/dist-packages:${PYTHONPATH} /usr/bin/cmake --build /home/hero/Desktop/birdiebot_nav_ws/build/icp_registration -- -j8 -l8
[7.513s] [ 25%] [32mBuilding CXX object CMakeFiles/icp_registration.dir/src/icp_registration.cpp.o[0m
[34.323s] [ 50%] [32m[1mLinking CXX shared library libicp_registration.so[0m
[37.566s] [ 50%] Built target icp_registration
[37.585s] [ 75%] [32mBuilding CXX object CMakeFiles/icp_registration_node.dir/rclcpp_components/node_main_icp_registration_node.cpp.o[0m
[40.498s] [100%] [32m[1mLinking CXX executable icp_registration_node[0m
[40.620s] [100%] Built target icp_registration_node
[40.631s] Invoked command in '/home/hero/Desktop/birdiebot_nav_ws/build/icp_registration' returned '0': AMENT_PREFIX_PATH=/home/hero/Desktop/birdiebot_nav_ws/install/livox_ros_driver2:${AMENT_PREFIX_PATH} CMAKE_PREFIX_PATH=/home/hero/Desktop/birdiebot_nav_ws/install/livox_ros_driver2:/opt/ros/humble LD_LIBRARY_PATH=/home/hero/Desktop/birdiebot_nav_ws/install/livox_ros_driver2/lib:/opt/intel/openvino_2023.3.0/runtime/lib/intel64:/opt/MVS/lib/64:/opt/MVS/lib/32:/usr/lib/x86_64-linux-gnu/gazebo-11/plugins:/opt/ros/humble/opt/rviz_ogre_vendor/lib:/opt/ros/humble/lib/x86_64-linux-gnu:/opt/ros/humble/lib:/opt/MVS/lib/64:/opt/MVS/lib/32:/opt/MVS/lib/64:/opt/MVS/lib/32 PYTHONPATH=/home/hero/Desktop/birdiebot_nav_ws/install/livox_ros_driver2/local/lib/python3.10/dist-packages:${PYTHONPATH} /usr/bin/cmake --build /home/hero/Desktop/birdiebot_nav_ws/build/icp_registration -- -j8 -l8
[40.698s] Invoking command in '/home/hero/Desktop/birdiebot_nav_ws/build/icp_registration': AMENT_PREFIX_PATH=/home/hero/Desktop/birdiebot_nav_ws/install/livox_ros_driver2:${AMENT_PREFIX_PATH} CMAKE_PREFIX_PATH=/home/hero/Desktop/birdiebot_nav_ws/install/livox_ros_driver2:/opt/ros/humble LD_LIBRARY_PATH=/home/hero/Desktop/birdiebot_nav_ws/install/livox_ros_driver2/lib:/opt/intel/openvino_2023.3.0/runtime/lib/intel64:/opt/MVS/lib/64:/opt/MVS/lib/32:/usr/lib/x86_64-linux-gnu/gazebo-11/plugins:/opt/ros/humble/opt/rviz_ogre_vendor/lib:/opt/ros/humble/lib/x86_64-linux-gnu:/opt/ros/humble/lib:/opt/MVS/lib/64:/opt/MVS/lib/32:/opt/MVS/lib/64:/opt/MVS/lib/32 PYTHONPATH=/home/hero/Desktop/birdiebot_nav_ws/install/livox_ros_driver2/local/lib/python3.10/dist-packages:${PYTHONPATH} /usr/bin/cmake --install /home/hero/Desktop/birdiebot_nav_ws/build/icp_registration
[57.571s] -- Install configuration: ""
[57.571s] -- Execute custom install script
[57.572s] -- Symlinking: /home/hero/Desktop/birdiebot_nav_ws/install/icp_registration/lib/icp_registration/icp_registration_node
[57.572s] -- Symlinking: /home/hero/Desktop/birdiebot_nav_ws/install/icp_registration/include/icp_registration/icp_registration.hpp
[57.572s] -- Symlinking: /home/hero/Desktop/birdiebot_nav_ws/install/icp_registration/share/icp_registration/environment/library_path.sh
[57.572s] -- Symlinking: /home/hero/Desktop/birdiebot_nav_ws/install/icp_registration/share/icp_registration/environment/library_path.dsv
[57.572s] -- Symlinking: /home/hero/Desktop/birdiebot_nav_ws/install/icp_registration/lib/libicp_registration.so
[57.572s] -- Symlinking: /home/hero/Desktop/birdiebot_nav_ws/install/icp_registration/share/icp_registration/launch/icp.launch.py
[57.572s] -- Symlinking: /home/hero/Desktop/birdiebot_nav_ws/install/icp_registration/share/icp_registration/config/icp.yaml
[57.572s] -- Symlinking: /home/hero/Desktop/birdiebot_nav_ws/install/icp_registration/share/ament_index/resource_index/package_run_dependencies/icp_registration
[57.572s] -- Symlinking: /home/hero/Desktop/birdiebot_nav_ws/install/icp_registration/share/ament_index/resource_index/parent_prefix_path/icp_registration
[57.572s] -- Symlinking: /home/hero/Desktop/birdiebot_nav_ws/install/icp_registration/share/icp_registration/environment/ament_prefix_path.sh
[57.573s] -- Symlinking: /home/hero/Desktop/birdiebot_nav_ws/install/icp_registration/share/icp_registration/environment/ament_prefix_path.dsv
[57.573s] -- Symlinking: /home/hero/Desktop/birdiebot_nav_ws/install/icp_registration/share/icp_registration/environment/path.sh
[57.573s] -- Symlinking: /home/hero/Desktop/birdiebot_nav_ws/install/icp_registration/share/icp_registration/environment/path.dsv
[57.573s] -- Symlinking: /home/hero/Desktop/birdiebot_nav_ws/install/icp_registration/share/icp_registration/local_setup.bash
[57.573s] -- Symlinking: /home/hero/Desktop/birdiebot_nav_ws/install/icp_registration/share/icp_registration/local_setup.sh
[57.573s] -- Symlinking: /home/hero/Desktop/birdiebot_nav_ws/install/icp_registration/share/icp_registration/local_setup.zsh
[57.573s] -- Symlinking: /home/hero/Desktop/birdiebot_nav_ws/install/icp_registration/share/icp_registration/local_setup.dsv
[57.573s] -- Symlinking: /home/hero/Desktop/birdiebot_nav_ws/install/icp_registration/share/icp_registration/package.dsv
[57.573s] -- Symlinking: /home/hero/Desktop/birdiebot_nav_ws/install/icp_registration/share/ament_index/resource_index/packages/icp_registration
[57.573s] -- Symlinking: /home/hero/Desktop/birdiebot_nav_ws/install/icp_registration/share/ament_index/resource_index/rclcpp_components/icp_registration
[57.573s] -- Symlinking: /home/hero/Desktop/birdiebot_nav_ws/install/icp_registration/share/icp_registration/cmake/ament_cmake_export_dependencies-extras.cmake
[57.573s] -- Symlinking: /home/hero/Desktop/birdiebot_nav_ws/install/icp_registration/share/icp_registration/cmake/ament_cmake_export_include_directories-extras.cmake
[57.573s] -- Symlinking: /home/hero/Desktop/birdiebot_nav_ws/install/icp_registration/share/icp_registration/cmake/ament_cmake_export_libraries-extras.cmake
[57.573s] -- Symlinking: /home/hero/Desktop/birdiebot_nav_ws/install/icp_registration/share/icp_registration/cmake/icp_registrationConfig.cmake
[57.573s] -- Symlinking: /home/hero/Desktop/birdiebot_nav_ws/install/icp_registration/share/icp_registration/cmake/icp_registrationConfig-version.cmake
[57.573s] -- Symlinking: /home/hero/Desktop/birdiebot_nav_ws/install/icp_registration/share/icp_registration/package.xml
[57.576s] Invoked command in '/home/hero/Desktop/birdiebot_nav_ws/build/icp_registration' returned '0': AMENT_PREFIX_PATH=/home/hero/Desktop/birdiebot_nav_ws/install/livox_ros_driver2:${AMENT_PREFIX_PATH} CMAKE_PREFIX_PATH=/home/hero/Desktop/birdiebot_nav_ws/install/livox_ros_driver2:/opt/ros/humble LD_LIBRARY_PATH=/home/hero/Desktop/birdiebot_nav_ws/install/livox_ros_driver2/lib:/opt/intel/openvino_2023.3.0/runtime/lib/intel64:/opt/MVS/lib/64:/opt/MVS/lib/32:/usr/lib/x86_64-linux-gnu/gazebo-11/plugins:/opt/ros/humble/opt/rviz_ogre_vendor/lib:/opt/ros/humble/lib/x86_64-linux-gnu:/opt/ros/humble/lib:/opt/MVS/lib/64:/opt/MVS/lib/32:/opt/MVS/lib/64:/opt/MVS/lib/32 PYTHONPATH=/home/hero/Desktop/birdiebot_nav_ws/install/livox_ros_driver2/local/lib/python3.10/dist-packages:${PYTHONPATH} /usr/bin/cmake --install /home/hero/Desktop/birdiebot_nav_ws/build/icp_registration
