[0.068s] Invoking command in '/home/hero/Desktop/birdiebot_nav_ws/build/point_lio': AMENT_PREFIX_PATH=/home/hero/Desktop/birdiebot_nav_ws/install/livox_ros_driver2:${AMENT_PREFIX_PATH} CMAKE_PREFIX_PATH=/home/hero/Desktop/birdiebot_nav_ws/install/livox_ros_driver2:/opt/ros/humble LD_LIBRARY_PATH=/home/hero/Desktop/birdiebot_nav_ws/install/livox_ros_driver2/lib:/opt/intel/openvino_2023.3.0/runtime/lib/intel64:/opt/MVS/lib/64:/opt/MVS/lib/32:/usr/lib/x86_64-linux-gnu/gazebo-11/plugins:/opt/ros/humble/opt/rviz_ogre_vendor/lib:/opt/ros/humble/lib/x86_64-linux-gnu:/opt/ros/humble/lib:/opt/MVS/lib/64:/opt/MVS/lib/32:/opt/MVS/lib/64:/opt/MVS/lib/32 PYTHONPATH=/home/hero/Desktop/birdiebot_nav_ws/install/livox_ros_driver2/local/lib/python3.10/dist-packages:${PYTHONPATH} /usr/bin/cmake /home/hero/Desktop/birdiebot_nav_ws/src/rm_slam/src/rm_localization/point_lio -DAMENT_CMAKE_SYMLINK_INSTALL=1 -DCMAKE_INSTALL_PREFIX=/home/hero/Desktop/birdiebot_nav_ws/install/point_lio
[1.719s] -- The C compiler identification is GNU 11.4.0
[1.719s] -- The CXX compiler identification is GNU 11.4.0
[1.719s] -- Detecting C compiler ABI info
[1.719s] -- Detecting C compiler ABI info - done
[1.719s] -- Check for working C compiler: /usr/bin/cc - skipped
[1.719s] -- Detecting C compile features
[1.719s] -- Detecting C compile features - done
[1.719s] -- Detecting CXX compiler ABI info
[1.719s] -- Detecting CXX compiler ABI info - done
[1.719s] -- Check for working CXX compiler: /usr/bin/c++ - skipped
[1.719s] -- Detecting CXX compile features
[1.719s] -- Detecting CXX compile features - done
[1.719s] -- Found ament_cmake: 1.3.8 (/opt/ros/humble/share/ament_cmake/cmake)
[1.719s] -- Found Python3: /usr/bin/python3 (found version "3.10.12") found components: Interpreter 
[1.719s] -- Override CMake install command with custom implementation using symlinks instead of copying resources
[1.719s] -- Found rclcpp: 16.0.14 (/opt/ros/humble/share/rclcpp/cmake)
[1.719s] -- Found rosidl_generator_c: 3.1.5 (/opt/ros/humble/share/rosidl_generator_c/cmake)
[1.719s] -- Found rosidl_adapter: 3.1.5 (/opt/ros/humble/share/rosidl_adapter/cmake)
[1.719s] -- Found rosidl_generator_cpp: 3.1.5 (/opt/ros/humble/share/rosidl_generator_cpp/cmake)
[1.719s] -- Using all available rosidl_typesupport_c: rosidl_typesupport_fastrtps_c;rosidl_typesupport_introspection_c
[1.720s] -- Using all available rosidl_typesupport_cpp: rosidl_typesupport_fastrtps_cpp;rosidl_typesupport_introspection_cpp
[1.720s] -- Found rmw_implementation_cmake: 6.1.1 (/opt/ros/humble/share/rmw_implementation_cmake/cmake)
[1.720s] -- Found rmw_fastrtps_cpp: 6.2.6 (/opt/ros/humble/share/rmw_fastrtps_cpp/cmake)
[1.720s] -- Found OpenSSL: /usr/lib/x86_64-linux-gnu/libcrypto.so (found version "3.0.2")  
[1.720s] -- Found FastRTPS: /opt/ros/humble/include  
[1.720s] -- Using RMW implementation 'rmw_fastrtps_cpp' as default
[1.720s] -- Looking for pthread.h
[1.720s] -- Looking for pthread.h - found
[1.720s] -- Performing Test CMAKE_HAVE_LIBC_PTHREAD
[1.720s] -- Performing Test CMAKE_HAVE_LIBC_PTHREAD - Success
[1.720s] -- Found Threads: TRUE  
[1.720s] -- Found rclpy: 3.3.12 (/opt/ros/humble/share/rclpy/cmake)
[1.720s] -- Found geometry_msgs: 4.9.0 (/opt/ros/humble/share/geometry_msgs/cmake)
[1.720s] -- Found nav_msgs: 4.2.3 (/opt/ros/humble/share/nav_msgs/cmake)
[1.720s] -- Found sensor_msgs: 4.2.3 (/opt/ros/humble/share/sensor_msgs/cmake)
[1.720s] -- Found visualization_msgs: 4.2.3 (/opt/ros/humble/share/visualization_msgs/cmake)
[1.755s] -- Found pcl_ros: 2.4.0 (/opt/ros/humble/share/pcl_ros/cmake)
[2.041s] -- Found eigen3_cmake_module: 0.1.1 (/opt/ros/humble/share/eigen3_cmake_module/cmake)
[2.043s] -- Found Eigen3: TRUE (found version "3.4.0") 
[2.043s] -- Ensuring Eigen3 include directory is part of orocos-kdl CMake target
[2.435s] -- Checking for module 'eigen3'
[2.453s] --   Found eigen3, version 3.4.0
[2.519s] -- Found Eigen: /usr/include/eigen3 (Required is at least version "3.1") 
[2.519s] -- Eigen found (include: /usr/include/eigen3, version: 3.4.0)
[2.554s] -- Checking for module 'flann'
[2.583s] --   Found flann, version 1.9.1
[2.641s] -- Found FLANN: /usr/lib/x86_64-linux-gnu/libflann_cpp.so  
[2.641s] -- FLANN found (include: /usr/include, lib: /usr/lib/x86_64-linux-gnu/libflann_cpp.so)
[4.033s] -- Checking for module 'libusb-1.0'
[4.094s] --   Found libusb-1.0, version 1.0.25
[4.281s] -- Found libusb: /usr/lib/x86_64-linux-gnu/libusb-1.0.so  
[4.281s] -- OpenNI found (version: 1.5.4.0, include: /usr/include/ni, lib: /usr/lib/libOpenNI.so;libusb::libusb)
[4.390s] -- OpenNI2 found (version: 2.2.0.33, include: /usr/include/openni2, lib: /usr/lib/x86_64-linux-gnu/libOpenNI2.so;libusb::libusb)
[4.599s] -- Eigen found (include: /usr/include/eigen3, version: 3.4.0)
[4.614s] -- OpenNI found (version: 1.5.4.0, include: /usr/include/ni, lib: /usr/lib/libOpenNI.so;libusb::libusb)
[4.635s] -- OpenNI2 found (version: 2.2.0.33, include: /usr/include/openni2, lib: /usr/lib/x86_64-linux-gnu/libOpenNI2.so;libusb::libusb)
[4.863s] -- Found Qhull version 8.0.2
[5.113s] -- OpenNI found (version: 1.5.4.0, include: /usr/include/ni, lib: /usr/lib/libOpenNI.so;libusb::libusb)
[5.278s] -- Found PCL_COMMON: /usr/lib/x86_64-linux-gnu/libpcl_common.so  
[5.278s] -- Found PCL_KDTREE: /usr/lib/x86_64-linux-gnu/libpcl_kdtree.so  
[5.278s] -- Found PCL_OCTREE: /usr/lib/x86_64-linux-gnu/libpcl_octree.so  
[5.278s] -- Found PCL_SEARCH: /usr/lib/x86_64-linux-gnu/libpcl_search.so  
[5.278s] -- Found PCL_SAMPLE_CONSENSUS: /usr/lib/x86_64-linux-gnu/libpcl_sample_consensus.so  
[5.278s] -- Found PCL_FILTERS: /usr/lib/x86_64-linux-gnu/libpcl_filters.so  
[5.290s] -- Found PCL_2D: /usr/include/pcl-1.12  
[5.298s] -- Found PCL_GEOMETRY: /usr/include/pcl-1.12  
[5.298s] -- Found PCL_IO: /usr/lib/x86_64-linux-gnu/libpcl_io.so  
[5.298s] -- Found PCL_FEATURES: /usr/lib/x86_64-linux-gnu/libpcl_features.so  
[5.298s] -- Found PCL_ML: /usr/lib/x86_64-linux-gnu/libpcl_ml.so  
[5.298s] -- Found PCL_SEGMENTATION: /usr/lib/x86_64-linux-gnu/libpcl_segmentation.so  
[5.298s] -- Found PCL_VISUALIZATION: /usr/lib/x86_64-linux-gnu/libpcl_visualization.so  
[5.298s] -- Found PCL_SURFACE: /usr/lib/x86_64-linux-gnu/libpcl_surface.so  
[5.298s] -- Found PCL_REGISTRATION: /usr/lib/x86_64-linux-gnu/libpcl_registration.so  
[5.298s] -- Found PCL_KEYPOINTS: /usr/lib/x86_64-linux-gnu/libpcl_keypoints.so  
[5.298s] -- Found PCL_TRACKING: /usr/lib/x86_64-linux-gnu/libpcl_tracking.so  
[5.299s] -- Found PCL_RECOGNITION: /usr/lib/x86_64-linux-gnu/libpcl_recognition.so  
[5.299s] -- Found PCL_STEREO: /usr/lib/x86_64-linux-gnu/libpcl_stereo.so  
[5.299s] -- Found PCL_APPS: /usr/lib/x86_64-linux-gnu/libpcl_apps.so  
[5.299s] -- Found PCL_IN_HAND_SCANNER: /usr/include/pcl-1.12  
[5.299s] -- Found PCL_MODELER: /usr/include/pcl-1.12  
[5.299s] -- Found PCL_POINT_CLOUD_EDITOR: /usr/include/pcl-1.12  
[5.299s] -- Found PCL_OUTOFCORE: /usr/lib/x86_64-linux-gnu/libpcl_outofcore.so  
[5.299s] -- Found PCL_PEOPLE: /usr/lib/x86_64-linux-gnu/libpcl_people.so  
[5.314s] -- Found livox_ros_driver2: 1.0.0 (/home/hero/Desktop/birdiebot_nav_ws/install/livox_ros_driver2/share/livox_ros_driver2/cmake)
[5.925s] -- Found PythonLibs: /usr/lib/x86_64-linux-gnu/libpython3.10.so (found version "3.10.12") 
[6.058s] -- Configuring done
[6.090s] -- Generating done
[6.098s] -- Build files have been written to: /home/hero/Desktop/birdiebot_nav_ws/build/point_lio
[6.194s] Invoked command in '/home/hero/Desktop/birdiebot_nav_ws/build/point_lio' returned '0': AMENT_PREFIX_PATH=/home/hero/Desktop/birdiebot_nav_ws/install/livox_ros_driver2:${AMENT_PREFIX_PATH} CMAKE_PREFIX_PATH=/home/hero/Desktop/birdiebot_nav_ws/install/livox_ros_driver2:/opt/ros/humble LD_LIBRARY_PATH=/home/hero/Desktop/birdiebot_nav_ws/install/livox_ros_driver2/lib:/opt/intel/openvino_2023.3.0/runtime/lib/intel64:/opt/MVS/lib/64:/opt/MVS/lib/32:/usr/lib/x86_64-linux-gnu/gazebo-11/plugins:/opt/ros/humble/opt/rviz_ogre_vendor/lib:/opt/ros/humble/lib/x86_64-linux-gnu:/opt/ros/humble/lib:/opt/MVS/lib/64:/opt/MVS/lib/32:/opt/MVS/lib/64:/opt/MVS/lib/32 PYTHONPATH=/home/hero/Desktop/birdiebot_nav_ws/install/livox_ros_driver2/local/lib/python3.10/dist-packages:${PYTHONPATH} /usr/bin/cmake /home/hero/Desktop/birdiebot_nav_ws/src/rm_slam/src/rm_localization/point_lio -DAMENT_CMAKE_SYMLINK_INSTALL=1 -DCMAKE_INSTALL_PREFIX=/home/hero/Desktop/birdiebot_nav_ws/install/point_lio
[6.198s] Invoking command in '/home/hero/Desktop/birdiebot_nav_ws/build/point_lio': AMENT_PREFIX_PATH=/home/hero/Desktop/birdiebot_nav_ws/install/livox_ros_driver2:${AMENT_PREFIX_PATH} CMAKE_PREFIX_PATH=/home/hero/Desktop/birdiebot_nav_ws/install/livox_ros_driver2:/opt/ros/humble LD_LIBRARY_PATH=/home/hero/Desktop/birdiebot_nav_ws/install/livox_ros_driver2/lib:/opt/intel/openvino_2023.3.0/runtime/lib/intel64:/opt/MVS/lib/64:/opt/MVS/lib/32:/usr/lib/x86_64-linux-gnu/gazebo-11/plugins:/opt/ros/humble/opt/rviz_ogre_vendor/lib:/opt/ros/humble/lib/x86_64-linux-gnu:/opt/ros/humble/lib:/opt/MVS/lib/64:/opt/MVS/lib/32:/opt/MVS/lib/64:/opt/MVS/lib/32 PYTHONPATH=/home/hero/Desktop/birdiebot_nav_ws/install/livox_ros_driver2/local/lib/python3.10/dist-packages:${PYTHONPATH} /usr/bin/cmake --build /home/hero/Desktop/birdiebot_nav_ws/build/point_lio -- -j8 -l8
[13.616s] [ 14%] [32mBuilding CXX object CMakeFiles/pointlio_mapping.dir/src/laserMapping.cpp.o[0m
[61.090s] [ 42%] [32mBuilding CXX object CMakeFiles/pointlio_mapping.dir/src/Estimator.cpp.o[0m
[61.090s] [ 42%] [32mBuilding CXX object CMakeFiles/pointlio_mapping.dir/src/IMU_Processing.cpp.o[0m
[67.422s] [ 57%] [32mBuilding CXX object CMakeFiles/pointlio_mapping.dir/src/preprocess.cpp.o[0m
[67.423s] [ 71%] [32mBuilding CXX object CMakeFiles/pointlio_mapping.dir/src/parameters.cpp.o[0m
[73.123s] [ 85%] [32mBuilding CXX object CMakeFiles/pointlio_mapping.dir/src/li_initialization.cpp.o[0m
[81.616s] [100%] [32m[1mLinking CXX executable pointlio_mapping[0m
[82.160s] [100%] Built target pointlio_mapping
[82.167s] Invoked command in '/home/hero/Desktop/birdiebot_nav_ws/build/point_lio' returned '0': AMENT_PREFIX_PATH=/home/hero/Desktop/birdiebot_nav_ws/install/livox_ros_driver2:${AMENT_PREFIX_PATH} CMAKE_PREFIX_PATH=/home/hero/Desktop/birdiebot_nav_ws/install/livox_ros_driver2:/opt/ros/humble LD_LIBRARY_PATH=/home/hero/Desktop/birdiebot_nav_ws/install/livox_ros_driver2/lib:/opt/intel/openvino_2023.3.0/runtime/lib/intel64:/opt/MVS/lib/64:/opt/MVS/lib/32:/usr/lib/x86_64-linux-gnu/gazebo-11/plugins:/opt/ros/humble/opt/rviz_ogre_vendor/lib:/opt/ros/humble/lib/x86_64-linux-gnu:/opt/ros/humble/lib:/opt/MVS/lib/64:/opt/MVS/lib/32:/opt/MVS/lib/64:/opt/MVS/lib/32 PYTHONPATH=/home/hero/Desktop/birdiebot_nav_ws/install/livox_ros_driver2/local/lib/python3.10/dist-packages:${PYTHONPATH} /usr/bin/cmake --build /home/hero/Desktop/birdiebot_nav_ws/build/point_lio -- -j8 -l8
[82.189s] Invoking command in '/home/hero/Desktop/birdiebot_nav_ws/build/point_lio': AMENT_PREFIX_PATH=/home/hero/Desktop/birdiebot_nav_ws/install/livox_ros_driver2:${AMENT_PREFIX_PATH} CMAKE_PREFIX_PATH=/home/hero/Desktop/birdiebot_nav_ws/install/livox_ros_driver2:/opt/ros/humble LD_LIBRARY_PATH=/home/hero/Desktop/birdiebot_nav_ws/install/livox_ros_driver2/lib:/opt/intel/openvino_2023.3.0/runtime/lib/intel64:/opt/MVS/lib/64:/opt/MVS/lib/32:/usr/lib/x86_64-linux-gnu/gazebo-11/plugins:/opt/ros/humble/opt/rviz_ogre_vendor/lib:/opt/ros/humble/lib/x86_64-linux-gnu:/opt/ros/humble/lib:/opt/MVS/lib/64:/opt/MVS/lib/32:/opt/MVS/lib/64:/opt/MVS/lib/32 PYTHONPATH=/home/hero/Desktop/birdiebot_nav_ws/install/livox_ros_driver2/local/lib/python3.10/dist-packages:${PYTHONPATH} /usr/bin/cmake --install /home/hero/Desktop/birdiebot_nav_ws/build/point_lio
[82.193s] -- Install configuration: "Release"
[82.194s] -- Execute custom install script
[82.194s] -- Symlinking: /home/hero/Desktop/birdiebot_nav_ws/install/point_lio/lib/point_lio/pointlio_mapping
[82.200s] -- Symlinking: /home/hero/Desktop/birdiebot_nav_ws/install/point_lio/share/point_lio/config/avia.yaml
[82.205s] -- Symlinking: /home/hero/Desktop/birdiebot_nav_ws/install/point_lio/share/point_lio/config/horizon.yaml
[82.210s] -- Symlinking: /home/hero/Desktop/birdiebot_nav_ws/install/point_lio/share/point_lio/config/mid360.yaml
[82.216s] -- Symlinking: /home/hero/Desktop/birdiebot_nav_ws/install/point_lio/share/point_lio/config/ouster64.yaml
[82.221s] -- Symlinking: /home/hero/Desktop/birdiebot_nav_ws/install/point_lio/share/point_lio/config/velody16.yaml
[82.226s] -- Symlinking: /home/hero/Desktop/birdiebot_nav_ws/install/point_lio/share/point_lio/launch/gdb_debug_example.launch.py
[82.232s] -- Symlinking: /home/hero/Desktop/birdiebot_nav_ws/install/point_lio/share/point_lio/launch/mapping_avia.launch.py
[82.237s] -- Symlinking: /home/hero/Desktop/birdiebot_nav_ws/install/point_lio/share/point_lio/launch/mapping_horizon.launch.py
[82.242s] -- Symlinking: /home/hero/Desktop/birdiebot_nav_ws/install/point_lio/share/point_lio/launch/mapping_mid360.launch.py
[82.247s] -- Symlinking: /home/hero/Desktop/birdiebot_nav_ws/install/point_lio/share/point_lio/launch/mapping_ouster64.launch.py
[82.252s] -- Symlinking: /home/hero/Desktop/birdiebot_nav_ws/install/point_lio/share/point_lio/launch/mapping_velody16.launch.py
[82.257s] -- Symlinking: /home/hero/Desktop/birdiebot_nav_ws/install/point_lio/share/point_lio/rviz_cfg/.gitignore
[82.262s] -- Symlinking: /home/hero/Desktop/birdiebot_nav_ws/install/point_lio/share/point_lio/rviz_cfg/loam_livox.rviz
[82.268s] -- Symlinking: /home/hero/Desktop/birdiebot_nav_ws/install/point_lio/share/ament_index/resource_index/package_run_dependencies/point_lio
[82.273s] -- Symlinking: /home/hero/Desktop/birdiebot_nav_ws/install/point_lio/share/ament_index/resource_index/parent_prefix_path/point_lio
[82.278s] -- Symlinking: /home/hero/Desktop/birdiebot_nav_ws/install/point_lio/share/point_lio/environment/ament_prefix_path.sh
[82.284s] -- Symlinking: /home/hero/Desktop/birdiebot_nav_ws/install/point_lio/share/point_lio/environment/ament_prefix_path.dsv
[82.289s] -- Symlinking: /home/hero/Desktop/birdiebot_nav_ws/install/point_lio/share/point_lio/environment/path.sh
[82.294s] -- Symlinking: /home/hero/Desktop/birdiebot_nav_ws/install/point_lio/share/point_lio/environment/path.dsv
[82.300s] -- Symlinking: /home/hero/Desktop/birdiebot_nav_ws/install/point_lio/share/point_lio/local_setup.bash
[82.305s] -- Symlinking: /home/hero/Desktop/birdiebot_nav_ws/install/point_lio/share/point_lio/local_setup.sh
[82.311s] -- Symlinking: /home/hero/Desktop/birdiebot_nav_ws/install/point_lio/share/point_lio/local_setup.zsh
[82.316s] -- Symlinking: /home/hero/Desktop/birdiebot_nav_ws/install/point_lio/share/point_lio/local_setup.dsv
[82.321s] -- Symlinking: /home/hero/Desktop/birdiebot_nav_ws/install/point_lio/share/point_lio/package.dsv
[82.327s] -- Symlinking: /home/hero/Desktop/birdiebot_nav_ws/install/point_lio/share/ament_index/resource_index/packages/point_lio
[82.332s] -- Symlinking: /home/hero/Desktop/birdiebot_nav_ws/install/point_lio/share/point_lio/cmake/ament_cmake_export_dependencies-extras.cmake
[82.337s] -- Symlinking: /home/hero/Desktop/birdiebot_nav_ws/install/point_lio/share/point_lio/cmake/point_lioConfig.cmake
[82.342s] -- Symlinking: /home/hero/Desktop/birdiebot_nav_ws/install/point_lio/share/point_lio/cmake/point_lioConfig-version.cmake
[82.347s] -- Symlinking: /home/hero/Desktop/birdiebot_nav_ws/install/point_lio/share/point_lio/package.xml
[82.353s] Invoked command in '/home/hero/Desktop/birdiebot_nav_ws/build/point_lio' returned '0': AMENT_PREFIX_PATH=/home/hero/Desktop/birdiebot_nav_ws/install/livox_ros_driver2:${AMENT_PREFIX_PATH} CMAKE_PREFIX_PATH=/home/hero/Desktop/birdiebot_nav_ws/install/livox_ros_driver2:/opt/ros/humble LD_LIBRARY_PATH=/home/hero/Desktop/birdiebot_nav_ws/install/livox_ros_driver2/lib:/opt/intel/openvino_2023.3.0/runtime/lib/intel64:/opt/MVS/lib/64:/opt/MVS/lib/32:/usr/lib/x86_64-linux-gnu/gazebo-11/plugins:/opt/ros/humble/opt/rviz_ogre_vendor/lib:/opt/ros/humble/lib/x86_64-linux-gnu:/opt/ros/humble/lib:/opt/MVS/lib/64:/opt/MVS/lib/32:/opt/MVS/lib/64:/opt/MVS/lib/32 PYTHONPATH=/home/hero/Desktop/birdiebot_nav_ws/install/livox_ros_driver2/local/lib/python3.10/dist-packages:${PYTHONPATH} /usr/bin/cmake --install /home/hero/Desktop/birdiebot_nav_ws/build/point_lio
