[0.064s] Invoking command in '/home/hero/Desktop/birdiebot_nav_ws/build/btcpp_ros2_samples': AMENT_PREFIX_PATH=/home/hero/Desktop/birdiebot_nav_ws/install/btcpp_ros2_interfaces:/home/hero/Desktop/birdiebot_nav_ws/install/behaviortree_ros2:${AMENT_PREFIX_PATH} CMAKE_PREFIX_PATH=/home/hero/Desktop/birdiebot_nav_ws/install/btcpp_ros2_interfaces:/home/hero/Desktop/birdiebot_nav_ws/install/behaviortree_ros2:/opt/ros/humble LD_LIBRARY_PATH=/home/hero/Desktop/birdiebot_nav_ws/install/btcpp_ros2_interfaces/lib:/opt/intel/openvino_2023.3.0/runtime/lib/intel64:/opt/MVS/lib/64:/opt/MVS/lib/32:/usr/lib/x86_64-linux-gnu/gazebo-11/plugins:/opt/ros/humble/opt/rviz_ogre_vendor/lib:/opt/ros/humble/lib/x86_64-linux-gnu:/opt/ros/humble/lib:/opt/MVS/lib/64:/opt/MVS/lib/32:/opt/MVS/lib/64:/opt/MVS/lib/32 PYTHONPATH=/home/hero/Desktop/birdiebot_nav_ws/install/btcpp_ros2_interfaces/local/lib/python3.10/dist-packages:${PYTHONPATH} /usr/bin/cmake /home/hero/Desktop/birdiebot_nav_ws/src/rm_behavior_tree/BehaviorTree.ROS2/btcpp_ros2_samples -DAMENT_CMAKE_SYMLINK_INSTALL=1 -DCMAKE_INSTALL_PREFIX=/home/hero/Desktop/birdiebot_nav_ws/install/btcpp_ros2_samples
[0.556s] -- The C compiler identification is GNU 11.4.0
[0.557s] -- The CXX compiler identification is GNU 11.4.0
[0.557s] -- Detecting C compiler ABI info
[0.557s] -- Detecting C compiler ABI info - done
[0.557s] -- Check for working C compiler: /usr/bin/cc - skipped
[0.557s] -- Detecting C compile features
[0.557s] -- Detecting C compile features - done
[0.557s] -- Detecting CXX compiler ABI info
[0.557s] -- Detecting CXX compiler ABI info - done
[0.557s] -- Check for working CXX compiler: /usr/bin/c++ - skipped
[0.557s] -- Detecting CXX compile features
[0.557s] -- Detecting CXX compile features - done
[0.557s] -- Found ament_cmake: 1.3.8 (/opt/ros/humble/share/ament_cmake/cmake)
[0.557s] -- Found Python3: /usr/bin/python3 (found version "3.10.12") found components: Interpreter 
[0.557s] -- Override CMake install command with custom implementation using symlinks instead of copying resources
[0.570s] -- Found behaviortree_ros2: 0.2.0 (/home/hero/Desktop/birdiebot_nav_ws/install/behaviortree_ros2/share/behaviortree_ros2/cmake)
[0.615s] -- Found rosidl_generator_c: 3.1.5 (/opt/ros/humble/share/rosidl_generator_c/cmake)
[0.620s] -- Found rosidl_adapter: 3.1.5 (/opt/ros/humble/share/rosidl_adapter/cmake)
[0.629s] -- Found rosidl_generator_cpp: 3.1.5 (/opt/ros/humble/share/rosidl_generator_cpp/cmake)
[0.645s] -- Using all available rosidl_typesupport_c: rosidl_typesupport_fastrtps_c;rosidl_typesupport_introspection_c
[0.666s] -- Using all available rosidl_typesupport_cpp: rosidl_typesupport_fastrtps_cpp;rosidl_typesupport_introspection_cpp
[0.747s] -- Found rmw_implementation_cmake: 6.1.1 (/opt/ros/humble/share/rmw_implementation_cmake/cmake)
[0.751s] -- Found rmw_fastrtps_cpp: 6.2.6 (/opt/ros/humble/share/rmw_fastrtps_cpp/cmake)
[0.859s] -- Found OpenSSL: /usr/lib/x86_64-linux-gnu/libcrypto.so (found version "3.0.2")  
[0.886s] -- Found FastRTPS: /opt/ros/humble/include  
[0.937s] -- Using RMW implementation 'rmw_fastrtps_cpp' as default
[0.949s] -- Looking for pthread.h
[1.027s] -- Looking for pthread.h - found
[1.027s] -- Performing Test CMAKE_HAVE_LIBC_PTHREAD
[1.095s] -- Performing Test CMAKE_HAVE_LIBC_PTHREAD - Success
[1.096s] -- Found Threads: TRUE  
[1.378s] -- Found btcpp_ros2_interfaces: 0.2.0 (/home/hero/Desktop/birdiebot_nav_ws/install/btcpp_ros2_interfaces/share/btcpp_ros2_interfaces/cmake)
[1.619s] -- Configuring done
[1.675s] -- Generating done
[1.677s] -- Build files have been written to: /home/hero/Desktop/birdiebot_nav_ws/build/btcpp_ros2_samples
[1.690s] Invoked command in '/home/hero/Desktop/birdiebot_nav_ws/build/btcpp_ros2_samples' returned '0': AMENT_PREFIX_PATH=/home/hero/Desktop/birdiebot_nav_ws/install/btcpp_ros2_interfaces:/home/hero/Desktop/birdiebot_nav_ws/install/behaviortree_ros2:${AMENT_PREFIX_PATH} CMAKE_PREFIX_PATH=/home/hero/Desktop/birdiebot_nav_ws/install/btcpp_ros2_interfaces:/home/hero/Desktop/birdiebot_nav_ws/install/behaviortree_ros2:/opt/ros/humble LD_LIBRARY_PATH=/home/hero/Desktop/birdiebot_nav_ws/install/btcpp_ros2_interfaces/lib:/opt/intel/openvino_2023.3.0/runtime/lib/intel64:/opt/MVS/lib/64:/opt/MVS/lib/32:/usr/lib/x86_64-linux-gnu/gazebo-11/plugins:/opt/ros/humble/opt/rviz_ogre_vendor/lib:/opt/ros/humble/lib/x86_64-linux-gnu:/opt/ros/humble/lib:/opt/MVS/lib/64:/opt/MVS/lib/32:/opt/MVS/lib/64:/opt/MVS/lib/32 PYTHONPATH=/home/hero/Desktop/birdiebot_nav_ws/install/btcpp_ros2_interfaces/local/lib/python3.10/dist-packages:${PYTHONPATH} /usr/bin/cmake /home/hero/Desktop/birdiebot_nav_ws/src/rm_behavior_tree/BehaviorTree.ROS2/btcpp_ros2_samples -DAMENT_CMAKE_SYMLINK_INSTALL=1 -DCMAKE_INSTALL_PREFIX=/home/hero/Desktop/birdiebot_nav_ws/install/btcpp_ros2_samples
[1.690s] Invoking command in '/home/hero/Desktop/birdiebot_nav_ws/build/btcpp_ros2_samples': AMENT_PREFIX_PATH=/home/hero/Desktop/birdiebot_nav_ws/install/btcpp_ros2_interfaces:/home/hero/Desktop/birdiebot_nav_ws/install/behaviortree_ros2:${AMENT_PREFIX_PATH} CMAKE_PREFIX_PATH=/home/hero/Desktop/birdiebot_nav_ws/install/btcpp_ros2_interfaces:/home/hero/Desktop/birdiebot_nav_ws/install/behaviortree_ros2:/opt/ros/humble LD_LIBRARY_PATH=/home/hero/Desktop/birdiebot_nav_ws/install/btcpp_ros2_interfaces/lib:/opt/intel/openvino_2023.3.0/runtime/lib/intel64:/opt/MVS/lib/64:/opt/MVS/lib/32:/usr/lib/x86_64-linux-gnu/gazebo-11/plugins:/opt/ros/humble/opt/rviz_ogre_vendor/lib:/opt/ros/humble/lib/x86_64-linux-gnu:/opt/ros/humble/lib:/opt/MVS/lib/64:/opt/MVS/lib/32:/opt/MVS/lib/64:/opt/MVS/lib/32 PYTHONPATH=/home/hero/Desktop/birdiebot_nav_ws/install/btcpp_ros2_interfaces/local/lib/python3.10/dist-packages:${PYTHONPATH} /usr/bin/cmake --build /home/hero/Desktop/birdiebot_nav_ws/build/btcpp_ros2_samples -- -j8 -l8
[4.200s] [  9%] [32mBuilding CXX object CMakeFiles/sleep_client.dir/src/sleep_action.cpp.o[0m
[13.944s] [ 18%] [32mBuilding CXX object CMakeFiles/sleep_client.dir/src/sleep_client.cpp.o[0m
[19.971s] [ 27%] [32m[1mLinking CXX executable sleep_client[0m
[20.285s] [ 27%] Built target sleep_client
[20.306s] [ 36%] [32mBuilding CXX object CMakeFiles/subscriber_test.dir/src/subscriber_test.cpp.o[0m
[31.566s] [ 45%] [32m[1mLinking CXX executable subscriber_test[0m
[31.949s] [ 45%] Built target subscriber_test
[31.969s] [ 54%] [32mBuilding CXX object CMakeFiles/sleep_server.dir/src/sleep_server.cpp.o[0m
[36.847s] [ 63%] [32m[1mLinking CXX executable sleep_server[0m
[36.990s] [ 63%] Built target sleep_server
[37.004s] [ 72%] [32mBuilding CXX object CMakeFiles/sleep_plugin.dir/src/sleep_action.cpp.o[0m
[40.644s] [ 81%] [32m[1mLinking CXX shared library libsleep_plugin.so[0m
[40.783s] [ 81%] Built target sleep_plugin
[40.797s] [ 90%] [32mBuilding CXX object CMakeFiles/sleep_client_dyn.dir/src/sleep_client.cpp.o[0m
[44.353s] [100%] [32m[1mLinking CXX executable sleep_client_dyn[0m
[44.533s] [100%] Built target sleep_client_dyn
[44.550s] Invoked command in '/home/hero/Desktop/birdiebot_nav_ws/build/btcpp_ros2_samples' returned '0': AMENT_PREFIX_PATH=/home/hero/Desktop/birdiebot_nav_ws/install/btcpp_ros2_interfaces:/home/hero/Desktop/birdiebot_nav_ws/install/behaviortree_ros2:${AMENT_PREFIX_PATH} CMAKE_PREFIX_PATH=/home/hero/Desktop/birdiebot_nav_ws/install/btcpp_ros2_interfaces:/home/hero/Desktop/birdiebot_nav_ws/install/behaviortree_ros2:/opt/ros/humble LD_LIBRARY_PATH=/home/hero/Desktop/birdiebot_nav_ws/install/btcpp_ros2_interfaces/lib:/opt/intel/openvino_2023.3.0/runtime/lib/intel64:/opt/MVS/lib/64:/opt/MVS/lib/32:/usr/lib/x86_64-linux-gnu/gazebo-11/plugins:/opt/ros/humble/opt/rviz_ogre_vendor/lib:/opt/ros/humble/lib/x86_64-linux-gnu:/opt/ros/humble/lib:/opt/MVS/lib/64:/opt/MVS/lib/32:/opt/MVS/lib/64:/opt/MVS/lib/32 PYTHONPATH=/home/hero/Desktop/birdiebot_nav_ws/install/btcpp_ros2_interfaces/local/lib/python3.10/dist-packages:${PYTHONPATH} /usr/bin/cmake --build /home/hero/Desktop/birdiebot_nav_ws/build/btcpp_ros2_samples -- -j8 -l8
[44.603s] Invoking command in '/home/hero/Desktop/birdiebot_nav_ws/build/btcpp_ros2_samples': AMENT_PREFIX_PATH=/home/hero/Desktop/birdiebot_nav_ws/install/btcpp_ros2_interfaces:/home/hero/Desktop/birdiebot_nav_ws/install/behaviortree_ros2:${AMENT_PREFIX_PATH} CMAKE_PREFIX_PATH=/home/hero/Desktop/birdiebot_nav_ws/install/btcpp_ros2_interfaces:/home/hero/Desktop/birdiebot_nav_ws/install/behaviortree_ros2:/opt/ros/humble LD_LIBRARY_PATH=/home/hero/Desktop/birdiebot_nav_ws/install/btcpp_ros2_interfaces/lib:/opt/intel/openvino_2023.3.0/runtime/lib/intel64:/opt/MVS/lib/64:/opt/MVS/lib/32:/usr/lib/x86_64-linux-gnu/gazebo-11/plugins:/opt/ros/humble/opt/rviz_ogre_vendor/lib:/opt/ros/humble/lib/x86_64-linux-gnu:/opt/ros/humble/lib:/opt/MVS/lib/64:/opt/MVS/lib/32:/opt/MVS/lib/64:/opt/MVS/lib/32 PYTHONPATH=/home/hero/Desktop/birdiebot_nav_ws/install/btcpp_ros2_interfaces/local/lib/python3.10/dist-packages:${PYTHONPATH} /usr/bin/cmake --install /home/hero/Desktop/birdiebot_nav_ws/build/btcpp_ros2_samples
[52.699s] -- Install configuration: ""
[52.699s] -- Execute custom install script
[52.699s] -- Symlinking: /home/hero/Desktop/birdiebot_nav_ws/install/btcpp_ros2_samples/lib/btcpp_ros2_samples/sleep_client
[52.699s] -- Symlinking: /home/hero/Desktop/birdiebot_nav_ws/install/btcpp_ros2_samples/lib/btcpp_ros2_samples/sleep_client_dyn
[52.699s] -- Symlinking: /home/hero/Desktop/birdiebot_nav_ws/install/btcpp_ros2_samples/lib/btcpp_ros2_samples/sleep_server
[52.699s] -- Symlinking: /home/hero/Desktop/birdiebot_nav_ws/install/btcpp_ros2_samples/lib/btcpp_ros2_samples/libsleep_plugin.so
[52.699s] -- Symlinking: /home/hero/Desktop/birdiebot_nav_ws/install/btcpp_ros2_samples/lib/btcpp_ros2_samples/subscriber_test
[52.699s] -- Symlinking: /home/hero/Desktop/birdiebot_nav_ws/install/btcpp_ros2_samples/share/ament_index/resource_index/package_run_dependencies/btcpp_ros2_samples
[52.699s] -- Symlinking: /home/hero/Desktop/birdiebot_nav_ws/install/btcpp_ros2_samples/share/ament_index/resource_index/parent_prefix_path/btcpp_ros2_samples
[52.699s] -- Symlinking: /home/hero/Desktop/birdiebot_nav_ws/install/btcpp_ros2_samples/share/btcpp_ros2_samples/environment/ament_prefix_path.sh
[52.699s] -- Symlinking: /home/hero/Desktop/birdiebot_nav_ws/install/btcpp_ros2_samples/share/btcpp_ros2_samples/environment/ament_prefix_path.dsv
[52.699s] -- Symlinking: /home/hero/Desktop/birdiebot_nav_ws/install/btcpp_ros2_samples/share/btcpp_ros2_samples/environment/path.sh
[52.699s] -- Symlinking: /home/hero/Desktop/birdiebot_nav_ws/install/btcpp_ros2_samples/share/btcpp_ros2_samples/environment/path.dsv
[52.700s] -- Symlinking: /home/hero/Desktop/birdiebot_nav_ws/install/btcpp_ros2_samples/share/btcpp_ros2_samples/local_setup.bash
[52.700s] -- Symlinking: /home/hero/Desktop/birdiebot_nav_ws/install/btcpp_ros2_samples/share/btcpp_ros2_samples/local_setup.sh
[52.700s] -- Symlinking: /home/hero/Desktop/birdiebot_nav_ws/install/btcpp_ros2_samples/share/btcpp_ros2_samples/local_setup.zsh
[52.700s] -- Symlinking: /home/hero/Desktop/birdiebot_nav_ws/install/btcpp_ros2_samples/share/btcpp_ros2_samples/local_setup.dsv
[52.700s] -- Symlinking: /home/hero/Desktop/birdiebot_nav_ws/install/btcpp_ros2_samples/share/btcpp_ros2_samples/package.dsv
[52.700s] -- Symlinking: /home/hero/Desktop/birdiebot_nav_ws/install/btcpp_ros2_samples/share/ament_index/resource_index/packages/btcpp_ros2_samples
[52.700s] -- Symlinking: /home/hero/Desktop/birdiebot_nav_ws/install/btcpp_ros2_samples/share/btcpp_ros2_samples/cmake/ament_cmake_export_dependencies-extras.cmake
[52.700s] -- Symlinking: /home/hero/Desktop/birdiebot_nav_ws/install/btcpp_ros2_samples/share/btcpp_ros2_samples/cmake/btcpp_ros2_samplesConfig.cmake
[52.700s] -- Symlinking: /home/hero/Desktop/birdiebot_nav_ws/install/btcpp_ros2_samples/share/btcpp_ros2_samples/cmake/btcpp_ros2_samplesConfig-version.cmake
[52.700s] -- Symlinking: /home/hero/Desktop/birdiebot_nav_ws/install/btcpp_ros2_samples/share/btcpp_ros2_samples/package.xml
[52.723s] Invoked command in '/home/hero/Desktop/birdiebot_nav_ws/build/btcpp_ros2_samples' returned '0': AMENT_PREFIX_PATH=/home/hero/Desktop/birdiebot_nav_ws/install/btcpp_ros2_interfaces:/home/hero/Desktop/birdiebot_nav_ws/install/behaviortree_ros2:${AMENT_PREFIX_PATH} CMAKE_PREFIX_PATH=/home/hero/Desktop/birdiebot_nav_ws/install/btcpp_ros2_interfaces:/home/hero/Desktop/birdiebot_nav_ws/install/behaviortree_ros2:/opt/ros/humble LD_LIBRARY_PATH=/home/hero/Desktop/birdiebot_nav_ws/install/btcpp_ros2_interfaces/lib:/opt/intel/openvino_2023.3.0/runtime/lib/intel64:/opt/MVS/lib/64:/opt/MVS/lib/32:/usr/lib/x86_64-linux-gnu/gazebo-11/plugins:/opt/ros/humble/opt/rviz_ogre_vendor/lib:/opt/ros/humble/lib/x86_64-linux-gnu:/opt/ros/humble/lib:/opt/MVS/lib/64:/opt/MVS/lib/32:/opt/MVS/lib/64:/opt/MVS/lib/32 PYTHONPATH=/home/hero/Desktop/birdiebot_nav_ws/install/btcpp_ros2_interfaces/local/lib/python3.10/dist-packages:${PYTHONPATH} /usr/bin/cmake --install /home/hero/Desktop/birdiebot_nav_ws/build/btcpp_ros2_samples
