[0.047s] Invoking command in '/home/hero/Desktop/birdiebot_nav_ws/build/pointcloud_to_laserscan': CMAKE_PREFIX_PATH=/opt/ros/humble /usr/bin/cmake --build /home/hero/Desktop/birdiebot_nav_ws/build/pointcloud_to_laserscan -- -j8 -l8
[0.338s] [ 10%] [32m[1mLinking CXX executable laserscan_to_pointcloud_node[0m
[0.356s] [ 20%] [32m[1mLinking CXX executable pointcloud_to_laserscan_node[0m
[0.358s] [ 30%] [32m[1mLinking CXX shared library liblaserscan_to_pointcloud.so[0m
[0.557s] [ 40%] Built target laserscan_to_pointcloud_node
[0.623s] [ 50%] Built target pointcloud_to_laserscan_node
[0.899s] [ 60%] Built target laserscan_to_pointcloud
[1.018s] [ 70%] [32m[1mLinking CXX shared library libpointcloud_to_laserscan.so[0m
[1.387s] [ 80%] Built target pointcloud_to_laserscan
[1.529s] [ 90%] [32m[1mLinking CXX executable dummy_pointcloud_publisher[0m
[1.884s] [100%] Built target dummy_pointcloud_publisher
[1.923s] Invoked command in '/home/hero/Desktop/birdiebot_nav_ws/build/pointcloud_to_laserscan' returned '0': CMAKE_PREFIX_PATH=/opt/ros/humble /usr/bin/cmake --build /home/hero/Desktop/birdiebot_nav_ws/build/pointcloud_to_laserscan -- -j8 -l8
[2.157s] Invoking command in '/home/hero/Desktop/birdiebot_nav_ws/build/pointcloud_to_laserscan': CMAKE_PREFIX_PATH=/opt/ros/humble /usr/bin/cmake --install /home/hero/Desktop/birdiebot_nav_ws/build/pointcloud_to_laserscan
[2.168s] -- Install configuration: ""
[2.170s] -- Execute custom install script
[2.170s] -- Up-to-date symlink: /home/hero/Desktop/birdiebot_nav_ws/install/pointcloud_to_laserscan/lib/pointcloud_to_laserscan/laserscan_to_pointcloud_node
[2.180s] -- Up-to-date symlink: /home/hero/Desktop/birdiebot_nav_ws/install/pointcloud_to_laserscan/lib/pointcloud_to_laserscan/pointcloud_to_laserscan_node
[2.181s] -- Up-to-date symlink: /home/hero/Desktop/birdiebot_nav_ws/install/pointcloud_to_laserscan/include/pointcloud_to_laserscan/laserscan_to_pointcloud_node.hpp
[2.181s] -- Up-to-date symlink: /home/hero/Desktop/birdiebot_nav_ws/install/pointcloud_to_laserscan/include/pointcloud_to_laserscan/pointcloud_to_laserscan_node.hpp
[2.182s] -- Up-to-date symlink: /home/hero/Desktop/birdiebot_nav_ws/install/pointcloud_to_laserscan/include/pointcloud_to_laserscan/visibility_control.h
[2.182s] -- Up-to-date symlink: /home/hero/Desktop/birdiebot_nav_ws/install/pointcloud_to_laserscan/share/pointcloud_to_laserscan/environment/library_path.sh
[2.182s] -- Up-to-date symlink: /home/hero/Desktop/birdiebot_nav_ws/install/pointcloud_to_laserscan/share/pointcloud_to_laserscan/environment/library_path.dsv
[2.183s] -- Up-to-date symlink: /home/hero/Desktop/birdiebot_nav_ws/install/pointcloud_to_laserscan/lib/liblaserscan_to_pointcloud.so
[2.183s] -- Up-to-date symlink: /home/hero/Desktop/birdiebot_nav_ws/install/pointcloud_to_laserscan/lib/libpointcloud_to_laserscan.so
[2.184s] -- Up-to-date symlink: /home/hero/Desktop/birdiebot_nav_ws/install/pointcloud_to_laserscan/lib/pointcloud_to_laserscan/dummy_pointcloud_publisher
[2.184s] -- Up-to-date symlink: /home/hero/Desktop/birdiebot_nav_ws/install/pointcloud_to_laserscan/share/pointcloud_to_laserscan/launch/pointcloud_to_laserscan_launch.py
[2.185s] -- Up-to-date symlink: /home/hero/Desktop/birdiebot_nav_ws/install/pointcloud_to_laserscan/share/pointcloud_to_laserscan/launch/sample_laserscan_to_pointcloud_launch.py
[2.185s] -- Up-to-date symlink: /home/hero/Desktop/birdiebot_nav_ws/install/pointcloud_to_laserscan/share/pointcloud_to_laserscan/launch/sample_pointcloud_to_laserscan_launch.py
[2.185s] -- Up-to-date symlink: /home/hero/Desktop/birdiebot_nav_ws/install/pointcloud_to_laserscan/share/ament_index/resource_index/package_run_dependencies/pointcloud_to_laserscan
[2.186s] -- Up-to-date symlink: /home/hero/Desktop/birdiebot_nav_ws/install/pointcloud_to_laserscan/share/ament_index/resource_index/parent_prefix_path/pointcloud_to_laserscan
[2.186s] -- Up-to-date symlink: /home/hero/Desktop/birdiebot_nav_ws/install/pointcloud_to_laserscan/share/pointcloud_to_laserscan/environment/ament_prefix_path.sh
[2.187s] -- Up-to-date symlink: /home/hero/Desktop/birdiebot_nav_ws/install/pointcloud_to_laserscan/share/pointcloud_to_laserscan/environment/ament_prefix_path.dsv
[2.187s] -- Up-to-date symlink: /home/hero/Desktop/birdiebot_nav_ws/install/pointcloud_to_laserscan/share/pointcloud_to_laserscan/environment/path.sh
[2.187s] -- Up-to-date symlink: /home/hero/Desktop/birdiebot_nav_ws/install/pointcloud_to_laserscan/share/pointcloud_to_laserscan/environment/path.dsv
[2.188s] -- Up-to-date symlink: /home/hero/Desktop/birdiebot_nav_ws/install/pointcloud_to_laserscan/share/pointcloud_to_laserscan/local_setup.bash
[2.188s] -- Up-to-date symlink: /home/hero/Desktop/birdiebot_nav_ws/install/pointcloud_to_laserscan/share/pointcloud_to_laserscan/local_setup.sh
[2.189s] -- Up-to-date symlink: /home/hero/Desktop/birdiebot_nav_ws/install/pointcloud_to_laserscan/share/pointcloud_to_laserscan/local_setup.zsh
[2.189s] -- Up-to-date symlink: /home/hero/Desktop/birdiebot_nav_ws/install/pointcloud_to_laserscan/share/pointcloud_to_laserscan/local_setup.dsv
[2.189s] -- Symlinking: /home/hero/Desktop/birdiebot_nav_ws/install/pointcloud_to_laserscan/share/pointcloud_to_laserscan/package.dsv
[2.223s] -- Up-to-date symlink: /home/hero/Desktop/birdiebot_nav_ws/install/pointcloud_to_laserscan/share/ament_index/resource_index/packages/pointcloud_to_laserscan
[2.224s] -- Up-to-date symlink: /home/hero/Desktop/birdiebot_nav_ws/install/pointcloud_to_laserscan/share/ament_index/resource_index/rclcpp_components/pointcloud_to_laserscan
[2.224s] -- Up-to-date symlink: /home/hero/Desktop/birdiebot_nav_ws/install/pointcloud_to_laserscan/share/pointcloud_to_laserscan/cmake/ament_cmake_export_dependencies-extras.cmake
[2.224s] -- Up-to-date symlink: /home/hero/Desktop/birdiebot_nav_ws/install/pointcloud_to_laserscan/share/pointcloud_to_laserscan/cmake/ament_cmake_export_include_directories-extras.cmake
[2.224s] -- Up-to-date symlink: /home/hero/Desktop/birdiebot_nav_ws/install/pointcloud_to_laserscan/share/pointcloud_to_laserscan/cmake/ament_cmake_export_libraries-extras.cmake
[2.224s] -- Up-to-date symlink: /home/hero/Desktop/birdiebot_nav_ws/install/pointcloud_to_laserscan/share/pointcloud_to_laserscan/cmake/pointcloud_to_laserscanConfig.cmake
[2.224s] -- Up-to-date symlink: /home/hero/Desktop/birdiebot_nav_ws/install/pointcloud_to_laserscan/share/pointcloud_to_laserscan/cmake/pointcloud_to_laserscanConfig-version.cmake
[2.224s] -- Up-to-date symlink: /home/hero/Desktop/birdiebot_nav_ws/install/pointcloud_to_laserscan/share/pointcloud_to_laserscan/package.xml
[2.260s] Invoked command in '/home/hero/Desktop/birdiebot_nav_ws/build/pointcloud_to_laserscan' returned '0': CMAKE_PREFIX_PATH=/opt/ros/humble /usr/bin/cmake --install /home/hero/Desktop/birdiebot_nav_ws/build/pointcloud_to_laserscan
