[0.013s] Invoking command in '/home/hero/Desktop/birdiebot_nav_ws/build/terrain_analysis': CMAKE_PREFIX_PATH=/opt/ros/humble /usr/bin/cmake --build /home/hero/Desktop/birdiebot_nav_ws/build/terrain_analysis -- -j8 -l8
[0.352s] -- Found ament_cmake: 1.3.12 (/opt/ros/humble/share/ament_cmake/cmake)
[0.353s] -- Override CMake install command with custom implementation using symlinks instead of copying resources
[0.353s] -- Found rclcpp: 16.0.14 (/opt/ros/humble/share/rclcpp/cmake)
[0.353s] -- Found rosidl_generator_c: 3.1.7 (/opt/ros/humble/share/rosidl_generator_c/cmake)
[0.354s] -- Found rosidl_adapter: 3.1.7 (/opt/ros/humble/share/rosidl_adapter/cmake)
[0.354s] -- Found rosidl_generator_cpp: 3.1.7 (/opt/ros/humble/share/rosidl_generator_cpp/cmake)
[0.354s] -- Using all available rosidl_typesupport_c: rosidl_typesupport_fastrtps_c;rosidl_typesupport_introspection_c
[0.354s] -- Using all available rosidl_typesupport_cpp: rosidl_typesupport_fastrtps_cpp;rosidl_typesupport_introspection_cpp
[0.384s] -- Found rmw_implementation_cmake: 6.1.2 (/opt/ros/humble/share/rmw_implementation_cmake/cmake)
[0.384s] -- Found rmw_fastrtps_cpp: 6.2.8 (/opt/ros/humble/share/rmw_fastrtps_cpp/cmake)
[0.485s] -- Using RMW implementation 'rmw_fastrtps_cpp' as default
[0.536s] -- Found nav_msgs: 4.9.0 (/opt/ros/humble/share/nav_msgs/cmake)
[0.580s] -- Found sensor_msgs: 4.9.0 (/opt/ros/humble/share/sensor_msgs/cmake)
[0.597s] -- Found tf2_ros: 0.25.16 (/opt/ros/humble/share/tf2_ros/cmake)
[0.687s] -- Found tf2_geometry_msgs: 0.25.16 (/opt/ros/humble/share/tf2_geometry_msgs/cmake)
[0.687s] -- Found eigen3_cmake_module: 0.1.1 (/opt/ros/humble/share/eigen3_cmake_module/cmake)
[0.688s] -- Ensuring Eigen3 include directory is part of orocos-kdl CMake target
[0.690s] -- Found pcl_conversions: 2.4.5 (/opt/ros/humble/share/pcl_conversions/cmake)
[0.722s] -- Eigen found (include: /usr/include/eigen3, version: 3.4.0)
[0.761s] -- FLANN found (include: /usr/include, lib: /usr/lib/x86_64-linux-gnu/libflann_cpp.so)
[1.260s] -- OpenNI found (version: 1.5.4.0, include: /usr/include/ni, lib: /usr/lib/libOpenNI.so;libusb::libusb)
[1.265s] -- OpenNI2 found (version: 2.2.0.33, include: /usr/include/openni2, lib: /usr/lib/x86_64-linux-gnu/libOpenNI2.so;libusb::libusb)
[1.469s] -- Eigen found (include: /usr/include/eigen3, version: 3.4.0)
[1.476s] -- OpenNI found (version: 1.5.4.0, include: /usr/include/ni, lib: /usr/lib/libOpenNI.so;libusb::libusb)
[1.482s] -- OpenNI2 found (version: 2.2.0.33, include: /usr/include/openni2, lib: /usr/lib/x86_64-linux-gnu/libOpenNI2.so;libusb::libusb)
[1.702s] -- Found Qhull version 8.0.2
[1.852s] -- OpenNI found (version: 1.5.4.0, include: /usr/include/ni, lib: /usr/lib/libOpenNI.so;libusb::libusb)
[2.004s] -- Found pcl_ros: 2.4.5 (/opt/ros/humble/share/pcl_ros/cmake)
[2.024s] -- Found ament_lint_auto: 0.12.14 (/opt/ros/humble/share/ament_lint_auto/cmake)
[2.138s] -- Added test 'copyright' to check source files copyright and LICENSE
[2.139s] -- Added test 'cppcheck' to perform static code analysis on C / C++ code
[2.140s] -- Configured cppcheck include dirs: 
[2.140s] -- Configured cppcheck exclude dirs and/or files: 
[2.142s] -- Added test 'cpplint' to check C / C++ code against the Google style
[2.143s] -- Configured cpplint exclude dirs and/or files: 
[2.143s] -- Added test 'lint_cmake' to check CMake code style
[2.143s] -- Added test 'uncrustify' to check C / C++ code style
[2.144s] -- Configured uncrustify additional arguments: 
[2.144s] -- Added test 'xmllint' to check XML markup files
[2.173s] -- Configuring done
[2.262s] -- Generating done
[2.275s] -- Build files have been written to: /home/hero/Desktop/birdiebot_nav_ws/build/terrain_analysis
[2.339s] [35m[1mConsolidate compiler generated dependencies of target terrainAnalysis[0m
[2.392s] [ 50%] [32mBuilding CXX object CMakeFiles/terrainAnalysis.dir/src/terrainAnalysis.cpp.o[0m
[25.678s] [100%] [32m[1mLinking CXX executable terrainAnalysis[0m
[28.176s] [100%] Built target terrainAnalysis
[28.249s] Invoked command in '/home/hero/Desktop/birdiebot_nav_ws/build/terrain_analysis' returned '0': CMAKE_PREFIX_PATH=/opt/ros/humble /usr/bin/cmake --build /home/hero/Desktop/birdiebot_nav_ws/build/terrain_analysis -- -j8 -l8
[28.299s] Invoking command in '/home/hero/Desktop/birdiebot_nav_ws/build/terrain_analysis': CMAKE_PREFIX_PATH=/opt/ros/humble /usr/bin/cmake --install /home/hero/Desktop/birdiebot_nav_ws/build/terrain_analysis
[28.313s] -- Install configuration: ""
[28.313s] -- Execute custom install script
[28.313s] -- Up-to-date symlink: /home/hero/Desktop/birdiebot_nav_ws/install/terrain_analysis/lib/terrain_analysis/terrainAnalysis
[28.313s] -- Up-to-date symlink: /home/hero/Desktop/birdiebot_nav_ws/install/terrain_analysis/share/terrain_analysis/launch/terrain_analysis.launch
[28.314s] -- Up-to-date symlink: /home/hero/Desktop/birdiebot_nav_ws/install/terrain_analysis/share/ament_index/resource_index/package_run_dependencies/terrain_analysis
[28.314s] -- Up-to-date symlink: /home/hero/Desktop/birdiebot_nav_ws/install/terrain_analysis/share/ament_index/resource_index/parent_prefix_path/terrain_analysis
[28.314s] -- Up-to-date symlink: /home/hero/Desktop/birdiebot_nav_ws/install/terrain_analysis/share/terrain_analysis/environment/ament_prefix_path.sh
[28.314s] -- Up-to-date symlink: /home/hero/Desktop/birdiebot_nav_ws/install/terrain_analysis/share/terrain_analysis/environment/ament_prefix_path.dsv
[28.314s] -- Up-to-date symlink: /home/hero/Desktop/birdiebot_nav_ws/install/terrain_analysis/share/terrain_analysis/environment/path.sh
[28.314s] -- Up-to-date symlink: /home/hero/Desktop/birdiebot_nav_ws/install/terrain_analysis/share/terrain_analysis/environment/path.dsv
[28.314s] -- Up-to-date symlink: /home/hero/Desktop/birdiebot_nav_ws/install/terrain_analysis/share/terrain_analysis/local_setup.bash
[28.314s] -- Up-to-date symlink: /home/hero/Desktop/birdiebot_nav_ws/install/terrain_analysis/share/terrain_analysis/local_setup.sh
[28.315s] -- Up-to-date symlink: /home/hero/Desktop/birdiebot_nav_ws/install/terrain_analysis/share/terrain_analysis/local_setup.zsh
[28.315s] -- Up-to-date symlink: /home/hero/Desktop/birdiebot_nav_ws/install/terrain_analysis/share/terrain_analysis/local_setup.dsv
[28.315s] -- Symlinking: /home/hero/Desktop/birdiebot_nav_ws/install/terrain_analysis/share/terrain_analysis/package.dsv
[28.331s] -- Up-to-date symlink: /home/hero/Desktop/birdiebot_nav_ws/install/terrain_analysis/share/ament_index/resource_index/packages/terrain_analysis
[28.331s] -- Up-to-date symlink: /home/hero/Desktop/birdiebot_nav_ws/install/terrain_analysis/share/terrain_analysis/cmake/terrain_analysisConfig.cmake
[28.331s] -- Up-to-date symlink: /home/hero/Desktop/birdiebot_nav_ws/install/terrain_analysis/share/terrain_analysis/cmake/terrain_analysisConfig-version.cmake
[28.331s] -- Up-to-date symlink: /home/hero/Desktop/birdiebot_nav_ws/install/terrain_analysis/share/terrain_analysis/package.xml
[28.342s] Invoked command in '/home/hero/Desktop/birdiebot_nav_ws/build/terrain_analysis' returned '0': CMAKE_PREFIX_PATH=/opt/ros/humble /usr/bin/cmake --install /home/hero/Desktop/birdiebot_nav_ws/build/terrain_analysis
