[0.059s] Invoking command in '/home/hero/Desktop/birdiebot_nav_ws/build/rm_navigation': CMAKE_PREFIX_PATH=/opt/ros/humble /usr/bin/cmake /home/hero/Desktop/birdiebot_nav_ws/src/rm_slam/src/rm_navigation/rm_navigation -DAMENT_CMAKE_SYMLINK_INSTALL=1 -DCMAKE_INSTALL_PREFIX=/home/hero/Desktop/birdiebot_nav_ws/install/rm_navigation
[0.405s] -- The C compiler identification is GNU 11.4.0
[0.405s] -- The CXX compiler identification is GNU 11.4.0
[0.407s] -- Detecting C compiler ABI info
[0.408s] -- Detecting C compiler ABI info - done
[0.408s] -- Check for working C compiler: /usr/bin/cc - skipped
[0.408s] -- Detecting C compile features
[0.408s] -- Detecting C compile features - done
[0.409s] -- Detecting CXX compiler ABI info
[0.409s] -- Detecting CXX compiler ABI info - done
[0.409s] -- Check for working CXX compiler: /usr/bin/c++ - skipped
[0.409s] -- Detecting CXX compile features
[0.409s] -- Detecting CXX compile features - done
[0.409s] -- Found ament_cmake_auto: 1.3.8 (/opt/ros/humble/share/ament_cmake_auto/cmake)
[0.555s] -- Found Python3: /usr/bin/python3 (found version "3.10.12") found components: Interpreter 
[0.631s] -- Override CMake install command with custom implementation using symlinks instead of copying resources
[0.659s] -- Found ament_lint_auto: 0.12.10 (/opt/ros/humble/share/ament_lint_auto/cmake)
[0.765s] -- Added test 'flake8' to check Python code syntax and style conventions
[0.765s] -- Added test 'lint_cmake' to check CMake code style
[0.766s] -- Added test 'pep257' to check Python code against some of the docstring style conventions in PEP 257
[0.767s] -- Added test 'xmllint' to check XML markup files
[0.769s] -- Configuring done
[0.771s] -- Generating done
[0.772s] -- Build files have been written to: /home/hero/Desktop/birdiebot_nav_ws/build/rm_navigation
[0.779s] Invoked command in '/home/hero/Desktop/birdiebot_nav_ws/build/rm_navigation' returned '0': CMAKE_PREFIX_PATH=/opt/ros/humble /usr/bin/cmake /home/hero/Desktop/birdiebot_nav_ws/src/rm_slam/src/rm_navigation/rm_navigation -DAMENT_CMAKE_SYMLINK_INSTALL=1 -DCMAKE_INSTALL_PREFIX=/home/hero/Desktop/birdiebot_nav_ws/install/rm_navigation
[0.780s] Invoking command in '/home/hero/Desktop/birdiebot_nav_ws/build/rm_navigation': CMAKE_PREFIX_PATH=/opt/ros/humble /usr/bin/cmake --build /home/hero/Desktop/birdiebot_nav_ws/build/rm_navigation -- -j8 -l8
[3.787s] Invoked command in '/home/hero/Desktop/birdiebot_nav_ws/build/rm_navigation' returned '0': CMAKE_PREFIX_PATH=/opt/ros/humble /usr/bin/cmake --build /home/hero/Desktop/birdiebot_nav_ws/build/rm_navigation -- -j8 -l8
[3.856s] Invoking command in '/home/hero/Desktop/birdiebot_nav_ws/build/rm_navigation': CMAKE_PREFIX_PATH=/opt/ros/humble /usr/bin/cmake --install /home/hero/Desktop/birdiebot_nav_ws/build/rm_navigation
[4.512s] -- Install configuration: ""
[4.512s] -- Execute custom install script
[4.512s] -- Symlinking: /home/hero/Desktop/birdiebot_nav_ws/install/rm_navigation/share/rm_navigation/params/mapper_params_online_async.yaml
[4.512s] -- Symlinking: /home/hero/Desktop/birdiebot_nav_ws/install/rm_navigation/share/rm_navigation/params/nav2_params.yaml
[4.512s] -- Symlinking: /home/hero/Desktop/birdiebot_nav_ws/install/rm_navigation/share/rm_navigation/rviz/nav2.rviz
[4.513s] -- Symlinking: /home/hero/Desktop/birdiebot_nav_ws/install/rm_navigation/share/rm_navigation/launch/bringup_rm_navigation.py
[4.513s] -- Symlinking: /home/hero/Desktop/birdiebot_nav_ws/install/rm_navigation/share/rm_navigation/launch/localization_amcl_launch.py
[4.513s] -- Symlinking: /home/hero/Desktop/birdiebot_nav_ws/install/rm_navigation/share/rm_navigation/launch/map_server_launch.py
[4.513s] -- Symlinking: /home/hero/Desktop/birdiebot_nav_ws/install/rm_navigation/share/rm_navigation/launch/navigation_launch.py
[4.513s] -- Symlinking: /home/hero/Desktop/birdiebot_nav_ws/install/rm_navigation/share/rm_navigation/launch/rviz_launch.py
[4.513s] -- Symlinking: /home/hero/Desktop/birdiebot_nav_ws/install/rm_navigation/share/ament_index/resource_index/package_run_dependencies/rm_navigation
[4.513s] -- Symlinking: /home/hero/Desktop/birdiebot_nav_ws/install/rm_navigation/share/ament_index/resource_index/parent_prefix_path/rm_navigation
[4.513s] -- Symlinking: /home/hero/Desktop/birdiebot_nav_ws/install/rm_navigation/share/rm_navigation/environment/ament_prefix_path.sh
[4.513s] -- Symlinking: /home/hero/Desktop/birdiebot_nav_ws/install/rm_navigation/share/rm_navigation/environment/ament_prefix_path.dsv
[4.513s] -- Symlinking: /home/hero/Desktop/birdiebot_nav_ws/install/rm_navigation/share/rm_navigation/environment/path.sh
[4.513s] -- Symlinking: /home/hero/Desktop/birdiebot_nav_ws/install/rm_navigation/share/rm_navigation/environment/path.dsv
[4.513s] -- Symlinking: /home/hero/Desktop/birdiebot_nav_ws/install/rm_navigation/share/rm_navigation/local_setup.bash
[4.513s] -- Symlinking: /home/hero/Desktop/birdiebot_nav_ws/install/rm_navigation/share/rm_navigation/local_setup.sh
[4.513s] -- Symlinking: /home/hero/Desktop/birdiebot_nav_ws/install/rm_navigation/share/rm_navigation/local_setup.zsh
[4.513s] -- Symlinking: /home/hero/Desktop/birdiebot_nav_ws/install/rm_navigation/share/rm_navigation/local_setup.dsv
[4.513s] -- Symlinking: /home/hero/Desktop/birdiebot_nav_ws/install/rm_navigation/share/rm_navigation/package.dsv
[4.513s] -- Symlinking: /home/hero/Desktop/birdiebot_nav_ws/install/rm_navigation/share/ament_index/resource_index/packages/rm_navigation
[4.513s] -- Symlinking: /home/hero/Desktop/birdiebot_nav_ws/install/rm_navigation/share/rm_navigation/cmake/rm_navigationConfig.cmake
[4.513s] -- Symlinking: /home/hero/Desktop/birdiebot_nav_ws/install/rm_navigation/share/rm_navigation/cmake/rm_navigationConfig-version.cmake
[4.513s] -- Symlinking: /home/hero/Desktop/birdiebot_nav_ws/install/rm_navigation/share/rm_navigation/package.xml
[4.520s] Invoked command in '/home/hero/Desktop/birdiebot_nav_ws/build/rm_navigation' returned '0': CMAKE_PREFIX_PATH=/opt/ros/humble /usr/bin/cmake --install /home/hero/Desktop/birdiebot_nav_ws/build/rm_navigation
