[0.159s] Invoking command in '/home/hero/Desktop/birdiebot_nav_ws/build/fake_baselink': CMAKE_PREFIX_PATH=/opt/ros/humble /usr/bin/cmake --build /home/hero/Desktop/birdiebot_nav_ws/build/fake_baselink -- -j8 -l8
[0.522s] [ 25%] [32m[1mLinking CXX executable fake_baselink_node[0m
[0.557s] [ 75%] Built target fake_baselink
[0.938s] [100%] Built target fake_baselink_node
[0.985s] Invoked command in '/home/hero/Desktop/birdiebot_nav_ws/build/fake_baselink' returned '0': CMAKE_PREFIX_PATH=/opt/ros/humble /usr/bin/cmake --build /home/hero/Desktop/birdiebot_nav_ws/build/fake_baselink -- -j8 -l8
[1.347s] Invoking command in '/home/hero/Desktop/birdiebot_nav_ws/build/fake_baselink': CMAKE_PREFIX_PATH=/opt/ros/humble /usr/bin/cmake --install /home/hero/Desktop/birdiebot_nav_ws/build/fake_baselink
[1.363s] -- Install configuration: ""
[1.367s] -- Execute custom install script
[1.372s] -- Up-to-date symlink: /home/hero/Desktop/birdiebot_nav_ws/install/fake_baselink/lib/fake_baselink/fake_baselink_node
[1.381s] -- Up-to-date symlink: /home/hero/Desktop/birdiebot_nav_ws/install/fake_baselink/share/fake_baselink/environment/library_path.sh
[1.381s] -- Up-to-date symlink: /home/hero/Desktop/birdiebot_nav_ws/install/fake_baselink/share/fake_baselink/environment/library_path.dsv
[1.382s] -- Up-to-date symlink: /home/hero/Desktop/birdiebot_nav_ws/install/fake_baselink/lib/libfake_baselink.so
[1.384s] -- Up-to-date symlink: /home/hero/Desktop/birdiebot_nav_ws/install/fake_baselink/share/fake_baselink/launch/fake_baselink.launch.py
[1.384s] -- Up-to-date symlink: /home/hero/Desktop/birdiebot_nav_ws/install/fake_baselink/share/ament_index/resource_index/package_run_dependencies/fake_baselink
[1.384s] -- Up-to-date symlink: /home/hero/Desktop/birdiebot_nav_ws/install/fake_baselink/share/ament_index/resource_index/parent_prefix_path/fake_baselink
[1.384s] -- Up-to-date symlink: /home/hero/Desktop/birdiebot_nav_ws/install/fake_baselink/share/fake_baselink/environment/ament_prefix_path.sh
[1.384s] -- Up-to-date symlink: /home/hero/Desktop/birdiebot_nav_ws/install/fake_baselink/share/fake_baselink/environment/ament_prefix_path.dsv
[1.384s] -- Up-to-date symlink: /home/hero/Desktop/birdiebot_nav_ws/install/fake_baselink/share/fake_baselink/environment/path.sh
[1.386s] -- Up-to-date symlink: /home/hero/Desktop/birdiebot_nav_ws/install/fake_baselink/share/fake_baselink/environment/path.dsv
[1.386s] -- Up-to-date symlink: /home/hero/Desktop/birdiebot_nav_ws/install/fake_baselink/share/fake_baselink/local_setup.bash
[1.386s] -- Up-to-date symlink: /home/hero/Desktop/birdiebot_nav_ws/install/fake_baselink/share/fake_baselink/local_setup.sh
[1.386s] -- Up-to-date symlink: /home/hero/Desktop/birdiebot_nav_ws/install/fake_baselink/share/fake_baselink/local_setup.zsh
[1.386s] -- Up-to-date symlink: /home/hero/Desktop/birdiebot_nav_ws/install/fake_baselink/share/fake_baselink/local_setup.dsv
[1.386s] -- Symlinking: /home/hero/Desktop/birdiebot_nav_ws/install/fake_baselink/share/fake_baselink/package.dsv
[1.402s] -- Up-to-date symlink: /home/hero/Desktop/birdiebot_nav_ws/install/fake_baselink/share/ament_index/resource_index/packages/fake_baselink
[1.402s] -- Up-to-date symlink: /home/hero/Desktop/birdiebot_nav_ws/install/fake_baselink/share/ament_index/resource_index/rclcpp_components/fake_baselink
[1.402s] -- Up-to-date symlink: /home/hero/Desktop/birdiebot_nav_ws/install/fake_baselink/share/fake_baselink/cmake/ament_cmake_export_dependencies-extras.cmake
[1.402s] -- Up-to-date symlink: /home/hero/Desktop/birdiebot_nav_ws/install/fake_baselink/share/fake_baselink/cmake/ament_cmake_export_libraries-extras.cmake
[1.402s] -- Up-to-date symlink: /home/hero/Desktop/birdiebot_nav_ws/install/fake_baselink/share/fake_baselink/cmake/fake_baselinkConfig.cmake
[1.402s] -- Up-to-date symlink: /home/hero/Desktop/birdiebot_nav_ws/install/fake_baselink/share/fake_baselink/cmake/fake_baselinkConfig-version.cmake
[1.402s] -- Up-to-date symlink: /home/hero/Desktop/birdiebot_nav_ws/install/fake_baselink/share/fake_baselink/package.xml
[1.447s] Invoked command in '/home/hero/Desktop/birdiebot_nav_ws/build/fake_baselink' returned '0': CMAKE_PREFIX_PATH=/opt/ros/humble /usr/bin/cmake --install /home/hero/Desktop/birdiebot_nav_ws/build/fake_baselink
