[0.080s] Invoking command in '/home/hero/Desktop/birdiebot_nav_ws/build/rm_serial_driver': AMENT_PREFIX_PATH=/home/hero/Desktop/birdiebot_nav_ws/install/rm_decision_interfaces:/home/hero/Desktop/birdiebot_nav_ws/install/navigation_interfaces:/home/hero/Desktop/birdiebot_nav_ws/install/auto_aim_interfaces:${AMENT_PREFIX_PATH} CMAKE_PREFIX_PATH=/home/hero/Desktop/birdiebot_nav_ws/install/rm_decision_interfaces:/home/hero/Desktop/birdiebot_nav_ws/install/navigation_interfaces:/home/hero/Desktop/birdiebot_nav_ws/install/auto_aim_interfaces:/opt/ros/humble LD_LIBRARY_PATH=/home/hero/Desktop/birdiebot_nav_ws/install/rm_decision_interfaces/lib:/home/hero/Desktop/birdiebot_nav_ws/install/navigation_interfaces/lib:/home/hero/Desktop/birdiebot_nav_ws/install/auto_aim_interfaces/lib:/opt/intel/openvino_2023.3.0/runtime/lib/intel64:/opt/MVS/lib/64:/opt/MVS/lib/32:/opt/MVS/lib/64:/opt/MVS/lib/32:/opt/intel/openvino_2023.3.0/runtime/lib/intel64:/opt/MVS/lib/64:/opt/MVS/lib/32:/usr/lib/x86_64-linux-gnu/gazebo-11/plugins:/opt/ros/humble/opt/rviz_ogre_vendor/lib:/opt/ros/humble/lib/x86_64-linux-gnu:/opt/ros/humble/opt/openvdb_vendor/lib:/opt/ros/humble/lib:/opt/MVS/lib/64:/opt/MVS/lib/32:/opt/MVS/lib/64:/opt/MVS/lib/32:/opt/MVS/lib/64:/opt/MVS/lib/32 PYTHONPATH=/home/hero/Desktop/birdiebot_nav_ws/install/rm_decision_interfaces/local/lib/python3.10/dist-packages:/home/hero/Desktop/birdiebot_nav_ws/install/navigation_interfaces/local/lib/python3.10/dist-packages:/home/hero/Desktop/birdiebot_nav_ws/install/auto_aim_interfaces/local/lib/python3.10/dist-packages:${PYTHONPATH} /usr/bin/cmake --build /home/hero/Desktop/birdiebot_nav_ws/build/rm_serial_driver -- -j8 -l8
[0.181s] [ 20%] [32mBuilding CXX object CMakeFiles/rm_serial_driver.dir/src/rm_serial_driver.cpp.o[0m
[20.439s] [ 40%] [32mBuilding CXX object CMakeFiles/rm_serial_driver.dir/src/crc.cpp.o[0m
[20.534s] [ 60%] [32m[1mLinking CXX shared library librm_serial_driver.so[0m
[21.944s] [ 60%] Built target rm_serial_driver
[21.985s] [ 80%] [32m[1mLinking CXX executable rm_serial_driver_node[0m
[22.168s] [100%] Built target rm_serial_driver_node
[22.180s] Invoked command in '/home/hero/Desktop/birdiebot_nav_ws/build/rm_serial_driver' returned '0': AMENT_PREFIX_PATH=/home/hero/Desktop/birdiebot_nav_ws/install/rm_decision_interfaces:/home/hero/Desktop/birdiebot_nav_ws/install/navigation_interfaces:/home/hero/Desktop/birdiebot_nav_ws/install/auto_aim_interfaces:${AMENT_PREFIX_PATH} CMAKE_PREFIX_PATH=/home/hero/Desktop/birdiebot_nav_ws/install/rm_decision_interfaces:/home/hero/Desktop/birdiebot_nav_ws/install/navigation_interfaces:/home/hero/Desktop/birdiebot_nav_ws/install/auto_aim_interfaces:/opt/ros/humble LD_LIBRARY_PATH=/home/hero/Desktop/birdiebot_nav_ws/install/rm_decision_interfaces/lib:/home/hero/Desktop/birdiebot_nav_ws/install/navigation_interfaces/lib:/home/hero/Desktop/birdiebot_nav_ws/install/auto_aim_interfaces/lib:/opt/intel/openvino_2023.3.0/runtime/lib/intel64:/opt/MVS/lib/64:/opt/MVS/lib/32:/opt/MVS/lib/64:/opt/MVS/lib/32:/opt/intel/openvino_2023.3.0/runtime/lib/intel64:/opt/MVS/lib/64:/opt/MVS/lib/32:/usr/lib/x86_64-linux-gnu/gazebo-11/plugins:/opt/ros/humble/opt/rviz_ogre_vendor/lib:/opt/ros/humble/lib/x86_64-linux-gnu:/opt/ros/humble/opt/openvdb_vendor/lib:/opt/ros/humble/lib:/opt/MVS/lib/64:/opt/MVS/lib/32:/opt/MVS/lib/64:/opt/MVS/lib/32:/opt/MVS/lib/64:/opt/MVS/lib/32 PYTHONPATH=/home/hero/Desktop/birdiebot_nav_ws/install/rm_decision_interfaces/local/lib/python3.10/dist-packages:/home/hero/Desktop/birdiebot_nav_ws/install/navigation_interfaces/local/lib/python3.10/dist-packages:/home/hero/Desktop/birdiebot_nav_ws/install/auto_aim_interfaces/local/lib/python3.10/dist-packages:${PYTHONPATH} /usr/bin/cmake --build /home/hero/Desktop/birdiebot_nav_ws/build/rm_serial_driver -- -j8 -l8
[22.219s] Invoking command in '/home/hero/Desktop/birdiebot_nav_ws/build/rm_serial_driver': AMENT_PREFIX_PATH=/home/hero/Desktop/birdiebot_nav_ws/install/rm_decision_interfaces:/home/hero/Desktop/birdiebot_nav_ws/install/navigation_interfaces:/home/hero/Desktop/birdiebot_nav_ws/install/auto_aim_interfaces:${AMENT_PREFIX_PATH} CMAKE_PREFIX_PATH=/home/hero/Desktop/birdiebot_nav_ws/install/rm_decision_interfaces:/home/hero/Desktop/birdiebot_nav_ws/install/navigation_interfaces:/home/hero/Desktop/birdiebot_nav_ws/install/auto_aim_interfaces:/opt/ros/humble LD_LIBRARY_PATH=/home/hero/Desktop/birdiebot_nav_ws/install/rm_decision_interfaces/lib:/home/hero/Desktop/birdiebot_nav_ws/install/navigation_interfaces/lib:/home/hero/Desktop/birdiebot_nav_ws/install/auto_aim_interfaces/lib:/opt/intel/openvino_2023.3.0/runtime/lib/intel64:/opt/MVS/lib/64:/opt/MVS/lib/32:/opt/MVS/lib/64:/opt/MVS/lib/32:/opt/intel/openvino_2023.3.0/runtime/lib/intel64:/opt/MVS/lib/64:/opt/MVS/lib/32:/usr/lib/x86_64-linux-gnu/gazebo-11/plugins:/opt/ros/humble/opt/rviz_ogre_vendor/lib:/opt/ros/humble/lib/x86_64-linux-gnu:/opt/ros/humble/opt/openvdb_vendor/lib:/opt/ros/humble/lib:/opt/MVS/lib/64:/opt/MVS/lib/32:/opt/MVS/lib/64:/opt/MVS/lib/32:/opt/MVS/lib/64:/opt/MVS/lib/32 PYTHONPATH=/home/hero/Desktop/birdiebot_nav_ws/install/rm_decision_interfaces/local/lib/python3.10/dist-packages:/home/hero/Desktop/birdiebot_nav_ws/install/navigation_interfaces/local/lib/python3.10/dist-packages:/home/hero/Desktop/birdiebot_nav_ws/install/auto_aim_interfaces/local/lib/python3.10/dist-packages:${PYTHONPATH} /usr/bin/cmake --install /home/hero/Desktop/birdiebot_nav_ws/build/rm_serial_driver
[23.935s] -- Install configuration: "Debug"
[23.935s] -- Execute custom install script
[23.935s] -- Up-to-date symlink: /home/hero/Desktop/birdiebot_nav_ws/install/rm_serial_driver/lib/rm_serial_driver/rm_serial_driver_node
[23.935s] -- Up-to-date symlink: /home/hero/Desktop/birdiebot_nav_ws/install/rm_serial_driver/include/host-protocol/.vscode/c_cpp_properties.json
[23.935s] -- Up-to-date symlink: /home/hero/Desktop/birdiebot_nav_ws/install/rm_serial_driver/include/host-protocol/.vscode/settings.json
[23.935s] -- Up-to-date symlink: /home/hero/Desktop/birdiebot_nav_ws/install/rm_serial_driver/include/host-protocol/README.md
[23.935s] -- Up-to-date symlink: /home/hero/Desktop/birdiebot_nav_ws/install/rm_serial_driver/include/host-protocol/protocol.h
[23.935s] -- Up-to-date symlink: /home/hero/Desktop/birdiebot_nav_ws/install/rm_serial_driver/include/rm_serial_driver/crc.hpp
[23.935s] -- Up-to-date symlink: /home/hero/Desktop/birdiebot_nav_ws/install/rm_serial_driver/include/rm_serial_driver/packet.hpp
[23.935s] -- Up-to-date symlink: /home/hero/Desktop/birdiebot_nav_ws/install/rm_serial_driver/include/rm_serial_driver/rm_serial_driver.hpp
[23.935s] -- Up-to-date symlink: /home/hero/Desktop/birdiebot_nav_ws/install/rm_serial_driver/share/rm_serial_driver/environment/library_path.sh
[23.935s] -- Up-to-date symlink: /home/hero/Desktop/birdiebot_nav_ws/install/rm_serial_driver/share/rm_serial_driver/environment/library_path.dsv
[23.935s] -- Up-to-date symlink: /home/hero/Desktop/birdiebot_nav_ws/install/rm_serial_driver/lib/librm_serial_driver.so
[23.935s] -- Up-to-date symlink: /home/hero/Desktop/birdiebot_nav_ws/install/rm_serial_driver/share/rm_serial_driver/config/serial_driver.yaml
[23.935s] -- Up-to-date symlink: /home/hero/Desktop/birdiebot_nav_ws/install/rm_serial_driver/share/rm_serial_driver/launch/__pycache__/serial_driver.launch.cpython-310.pyc
[23.935s] -- Up-to-date symlink: /home/hero/Desktop/birdiebot_nav_ws/install/rm_serial_driver/share/rm_serial_driver/launch/serial_driver.launch.py
[23.935s] -- Up-to-date symlink: /home/hero/Desktop/birdiebot_nav_ws/install/rm_serial_driver/share/ament_index/resource_index/package_run_dependencies/rm_serial_driver
[23.936s] -- Up-to-date symlink: /home/hero/Desktop/birdiebot_nav_ws/install/rm_serial_driver/share/ament_index/resource_index/parent_prefix_path/rm_serial_driver
[23.936s] -- Up-to-date symlink: /home/hero/Desktop/birdiebot_nav_ws/install/rm_serial_driver/share/rm_serial_driver/environment/ament_prefix_path.sh
[23.936s] -- Up-to-date symlink: /home/hero/Desktop/birdiebot_nav_ws/install/rm_serial_driver/share/rm_serial_driver/environment/ament_prefix_path.dsv
[23.936s] -- Up-to-date symlink: /home/hero/Desktop/birdiebot_nav_ws/install/rm_serial_driver/share/rm_serial_driver/environment/path.sh
[23.936s] -- Up-to-date symlink: /home/hero/Desktop/birdiebot_nav_ws/install/rm_serial_driver/share/rm_serial_driver/environment/path.dsv
[23.936s] -- Up-to-date symlink: /home/hero/Desktop/birdiebot_nav_ws/install/rm_serial_driver/share/rm_serial_driver/local_setup.bash
[23.936s] -- Up-to-date symlink: /home/hero/Desktop/birdiebot_nav_ws/install/rm_serial_driver/share/rm_serial_driver/local_setup.sh
[23.936s] -- Up-to-date symlink: /home/hero/Desktop/birdiebot_nav_ws/install/rm_serial_driver/share/rm_serial_driver/local_setup.zsh
[23.936s] -- Up-to-date symlink: /home/hero/Desktop/birdiebot_nav_ws/install/rm_serial_driver/share/rm_serial_driver/local_setup.dsv
[23.936s] -- Symlinking: /home/hero/Desktop/birdiebot_nav_ws/install/rm_serial_driver/share/rm_serial_driver/package.dsv
[23.936s] -- Up-to-date symlink: /home/hero/Desktop/birdiebot_nav_ws/install/rm_serial_driver/share/ament_index/resource_index/packages/rm_serial_driver
[23.947s] -- Up-to-date symlink: /home/hero/Desktop/birdiebot_nav_ws/install/rm_serial_driver/share/ament_index/resource_index/rclcpp_components/rm_serial_driver
[23.947s] -- Up-to-date symlink: /home/hero/Desktop/birdiebot_nav_ws/install/rm_serial_driver/share/rm_serial_driver/cmake/ament_cmake_export_dependencies-extras.cmake
[23.947s] -- Up-to-date symlink: /home/hero/Desktop/birdiebot_nav_ws/install/rm_serial_driver/share/rm_serial_driver/cmake/ament_cmake_export_include_directories-extras.cmake
[23.947s] -- Up-to-date symlink: /home/hero/Desktop/birdiebot_nav_ws/install/rm_serial_driver/share/rm_serial_driver/cmake/ament_cmake_export_libraries-extras.cmake
[23.947s] -- Up-to-date symlink: /home/hero/Desktop/birdiebot_nav_ws/install/rm_serial_driver/share/rm_serial_driver/cmake/rm_serial_driverConfig.cmake
[23.947s] -- Up-to-date symlink: /home/hero/Desktop/birdiebot_nav_ws/install/rm_serial_driver/share/rm_serial_driver/cmake/rm_serial_driverConfig-version.cmake
[23.947s] -- Up-to-date symlink: /home/hero/Desktop/birdiebot_nav_ws/install/rm_serial_driver/share/rm_serial_driver/package.xml
[23.947s] Invoked command in '/home/hero/Desktop/birdiebot_nav_ws/build/rm_serial_driver' returned '0': AMENT_PREFIX_PATH=/home/hero/Desktop/birdiebot_nav_ws/install/rm_decision_interfaces:/home/hero/Desktop/birdiebot_nav_ws/install/navigation_interfaces:/home/hero/Desktop/birdiebot_nav_ws/install/auto_aim_interfaces:${AMENT_PREFIX_PATH} CMAKE_PREFIX_PATH=/home/hero/Desktop/birdiebot_nav_ws/install/rm_decision_interfaces:/home/hero/Desktop/birdiebot_nav_ws/install/navigation_interfaces:/home/hero/Desktop/birdiebot_nav_ws/install/auto_aim_interfaces:/opt/ros/humble LD_LIBRARY_PATH=/home/hero/Desktop/birdiebot_nav_ws/install/rm_decision_interfaces/lib:/home/hero/Desktop/birdiebot_nav_ws/install/navigation_interfaces/lib:/home/hero/Desktop/birdiebot_nav_ws/install/auto_aim_interfaces/lib:/opt/intel/openvino_2023.3.0/runtime/lib/intel64:/opt/MVS/lib/64:/opt/MVS/lib/32:/opt/MVS/lib/64:/opt/MVS/lib/32:/opt/intel/openvino_2023.3.0/runtime/lib/intel64:/opt/MVS/lib/64:/opt/MVS/lib/32:/usr/lib/x86_64-linux-gnu/gazebo-11/plugins:/opt/ros/humble/opt/rviz_ogre_vendor/lib:/opt/ros/humble/lib/x86_64-linux-gnu:/opt/ros/humble/opt/openvdb_vendor/lib:/opt/ros/humble/lib:/opt/MVS/lib/64:/opt/MVS/lib/32:/opt/MVS/lib/64:/opt/MVS/lib/32:/opt/MVS/lib/64:/opt/MVS/lib/32 PYTHONPATH=/home/hero/Desktop/birdiebot_nav_ws/install/rm_decision_interfaces/local/lib/python3.10/dist-packages:/home/hero/Desktop/birdiebot_nav_ws/install/navigation_interfaces/local/lib/python3.10/dist-packages:/home/hero/Desktop/birdiebot_nav_ws/install/auto_aim_interfaces/local/lib/python3.10/dist-packages:${PYTHONPATH} /usr/bin/cmake --install /home/hero/Desktop/birdiebot_nav_ws/build/rm_serial_driver
