[0.023s] Invoking command in '/home/hero/Desktop/birdiebot_nav_ws/build/navigation_interfaces': CMAKE_PREFIX_PATH=/opt/ros/humble /usr/bin/cmake --build /home/hero/Desktop/birdiebot_nav_ws/build/navigation_interfaces -- -j8 -l8
[0.104s] [ 12%] Built target navigation_interfaces__rosidl_generator_c
[0.106s] [ 12%] Built target navigation_interfaces__cpp
[0.137s] [ 12%] Built target ament_cmake_python_symlink_navigation_interfaces
[0.175s] [ 22%] Built target navigation_interfaces__rosidl_typesupport_fastrtps_c
[0.190s] [ 32%] Built target navigation_interfaces__rosidl_typesupport_c
[0.207s] [ 41%] Built target navigation_interfaces__rosidl_typesupport_introspection_cpp
[0.218s] [ 51%] Built target navigation_interfaces__rosidl_typesupport_introspection_c
[0.230s] [ 61%] Built target navigation_interfaces__rosidl_typesupport_fastrtps_cpp
[0.246s] [ 70%] Built target navigation_interfaces__rosidl_typesupport_cpp
[0.299s] [ 70%] Built target navigation_interfaces
[0.368s] [ 74%] Built target navigation_interfaces__py
[0.475s] [ 80%] Built target navigation_interfaces__rosidl_generator_py
[0.594s] [ 87%] Built target navigation_interfaces__rosidl_typesupport_introspection_c__pyext
[0.599s] [ 93%] Built target navigation_interfaces__rosidl_typesupport_fastrtps_c__pyext
[0.611s] running egg_info
[0.615s] writing navigation_interfaces.egg-info/PKG-INFO
[0.616s] writing dependency_links to navigation_interfaces.egg-info/dependency_links.txt
[0.616s] writing top-level names to navigation_interfaces.egg-info/top_level.txt
[0.623s] [100%] Built target navigation_interfaces__rosidl_typesupport_c__pyext
[0.623s] reading manifest file 'navigation_interfaces.egg-info/SOURCES.txt'
[0.624s] writing manifest file 'navigation_interfaces.egg-info/SOURCES.txt'
[0.678s] [100%] Built target ament_cmake_python_build_navigation_interfaces_egg
[0.700s] Invoked command in '/home/hero/Desktop/birdiebot_nav_ws/build/navigation_interfaces' returned '0': CMAKE_PREFIX_PATH=/opt/ros/humble /usr/bin/cmake --build /home/hero/Desktop/birdiebot_nav_ws/build/navigation_interfaces -- -j8 -l8
[0.770s] Invoking command in '/home/hero/Desktop/birdiebot_nav_ws/build/navigation_interfaces': CMAKE_PREFIX_PATH=/opt/ros/humble /usr/bin/cmake --install /home/hero/Desktop/birdiebot_nav_ws/build/navigation_interfaces
[0.776s] -- Install configuration: ""
[0.777s] -- Execute custom install script
[0.778s] -- Up-to-date symlink: /home/hero/Desktop/birdiebot_nav_ws/install/navigation_interfaces/share/ament_index/resource_index/rosidl_interfaces/navigation_interfaces
[0.779s] -- Up-to-date symlink: /home/hero/Desktop/birdiebot_nav_ws/install/navigation_interfaces/include/navigation_interfaces/navigation_interfaces/msg/detail/navigation__functions.h
[0.779s] -- Up-to-date symlink: /home/hero/Desktop/birdiebot_nav_ws/install/navigation_interfaces/include/navigation_interfaces/navigation_interfaces/msg/detail/navigation__struct.h
[0.779s] -- Up-to-date symlink: /home/hero/Desktop/birdiebot_nav_ws/install/navigation_interfaces/include/navigation_interfaces/navigation_interfaces/msg/detail/navigation__type_support.h
[0.779s] -- Up-to-date symlink: /home/hero/Desktop/birdiebot_nav_ws/install/navigation_interfaces/include/navigation_interfaces/navigation_interfaces/msg/navigation.h
[0.779s] -- Up-to-date symlink: /home/hero/Desktop/birdiebot_nav_ws/install/navigation_interfaces/include/navigation_interfaces/navigation_interfaces/msg/rosidl_generator_c__visibility_control.h
[0.779s] -- Up-to-date symlink: /home/hero/Desktop/birdiebot_nav_ws/install/navigation_interfaces/share/navigation_interfaces/environment/library_path.sh
[0.779s] -- Up-to-date symlink: /home/hero/Desktop/birdiebot_nav_ws/install/navigation_interfaces/share/navigation_interfaces/environment/library_path.dsv
[0.779s] -- Up-to-date symlink: /home/hero/Desktop/birdiebot_nav_ws/install/navigation_interfaces/include/navigation_interfaces/navigation_interfaces/msg/detail/navigation__rosidl_typesupport_fastrtps_c.h
[0.779s] -- Up-to-date symlink: /home/hero/Desktop/birdiebot_nav_ws/install/navigation_interfaces/include/navigation_interfaces/navigation_interfaces/msg/rosidl_typesupport_fastrtps_c__visibility_control.h
[0.782s] -- Up-to-date symlink: /home/hero/Desktop/birdiebot_nav_ws/install/navigation_interfaces/include/navigation_interfaces/navigation_interfaces/msg/detail/navigation__rosidl_typesupport_introspection_c.h
[0.784s] -- Up-to-date symlink: /home/hero/Desktop/birdiebot_nav_ws/install/navigation_interfaces/include/navigation_interfaces/navigation_interfaces/msg/rosidl_typesupport_introspection_c__visibility_control.h
[0.784s] -- Up-to-date symlink: /home/hero/Desktop/birdiebot_nav_ws/install/navigation_interfaces/include/navigation_interfaces/navigation_interfaces/msg/detail/navigation__builder.hpp
[0.784s] -- Up-to-date symlink: /home/hero/Desktop/birdiebot_nav_ws/install/navigation_interfaces/include/navigation_interfaces/navigation_interfaces/msg/detail/navigation__struct.hpp
[0.784s] -- Up-to-date symlink: /home/hero/Desktop/birdiebot_nav_ws/install/navigation_interfaces/include/navigation_interfaces/navigation_interfaces/msg/detail/navigation__traits.hpp
[0.784s] -- Up-to-date symlink: /home/hero/Desktop/birdiebot_nav_ws/install/navigation_interfaces/include/navigation_interfaces/navigation_interfaces/msg/detail/navigation__type_support.hpp
[0.784s] -- Up-to-date symlink: /home/hero/Desktop/birdiebot_nav_ws/install/navigation_interfaces/include/navigation_interfaces/navigation_interfaces/msg/navigation.hpp
[0.784s] -- Up-to-date symlink: /home/hero/Desktop/birdiebot_nav_ws/install/navigation_interfaces/include/navigation_interfaces/navigation_interfaces/msg/rosidl_generator_cpp__visibility_control.hpp
[0.785s] -- Up-to-date symlink: /home/hero/Desktop/birdiebot_nav_ws/install/navigation_interfaces/include/navigation_interfaces/navigation_interfaces/msg/detail/navigation__rosidl_typesupport_fastrtps_cpp.hpp
[0.785s] -- Up-to-date symlink: /home/hero/Desktop/birdiebot_nav_ws/install/navigation_interfaces/include/navigation_interfaces/navigation_interfaces/msg/rosidl_typesupport_fastrtps_cpp__visibility_control.h
[0.785s] -- Up-to-date symlink: /home/hero/Desktop/birdiebot_nav_ws/install/navigation_interfaces/include/navigation_interfaces/navigation_interfaces/msg/detail/navigation__rosidl_typesupport_introspection_cpp.hpp
[0.785s] -- Up-to-date symlink: /home/hero/Desktop/birdiebot_nav_ws/install/navigation_interfaces/share/navigation_interfaces/environment/pythonpath.sh
[0.785s] -- Up-to-date symlink: /home/hero/Desktop/birdiebot_nav_ws/install/navigation_interfaces/share/navigation_interfaces/environment/pythonpath.dsv
[0.785s] -- Up-to-date symlink: /home/hero/Desktop/birdiebot_nav_ws/install/navigation_interfaces/local/lib/python3.10/dist-packages/navigation_interfaces-0.0.0-py3.10.egg-info/PKG-INFO
[0.785s] -- Up-to-date symlink: /home/hero/Desktop/birdiebot_nav_ws/install/navigation_interfaces/local/lib/python3.10/dist-packages/navigation_interfaces-0.0.0-py3.10.egg-info/SOURCES.txt
[0.785s] -- Up-to-date symlink: /home/hero/Desktop/birdiebot_nav_ws/install/navigation_interfaces/local/lib/python3.10/dist-packages/navigation_interfaces-0.0.0-py3.10.egg-info/dependency_links.txt
[0.785s] -- Up-to-date symlink: /home/hero/Desktop/birdiebot_nav_ws/install/navigation_interfaces/local/lib/python3.10/dist-packages/navigation_interfaces-0.0.0-py3.10.egg-info/top_level.txt
[0.785s] -- Up-to-date symlink: /home/hero/Desktop/birdiebot_nav_ws/install/navigation_interfaces/local/lib/python3.10/dist-packages/navigation_interfaces/__init__.py
[0.785s] -- Up-to-date symlink: /home/hero/Desktop/birdiebot_nav_ws/install/navigation_interfaces/local/lib/python3.10/dist-packages/navigation_interfaces/_navigation_interfaces_s.ep.rosidl_typesupport_c.c
[0.785s] -- Up-to-date symlink: /home/hero/Desktop/birdiebot_nav_ws/install/navigation_interfaces/local/lib/python3.10/dist-packages/navigation_interfaces/_navigation_interfaces_s.ep.rosidl_typesupport_fastrtps_c.c
[0.785s] -- Up-to-date symlink: /home/hero/Desktop/birdiebot_nav_ws/install/navigation_interfaces/local/lib/python3.10/dist-packages/navigation_interfaces/_navigation_interfaces_s.ep.rosidl_typesupport_introspection_c.c
[0.785s] -- Up-to-date symlink: /home/hero/Desktop/birdiebot_nav_ws/install/navigation_interfaces/local/lib/python3.10/dist-packages/navigation_interfaces/libnavigation_interfaces__rosidl_generator_py.so
[0.785s] -- Up-to-date symlink: /home/hero/Desktop/birdiebot_nav_ws/install/navigation_interfaces/local/lib/python3.10/dist-packages/navigation_interfaces/msg/__init__.py
[0.785s] -- Up-to-date symlink: /home/hero/Desktop/birdiebot_nav_ws/install/navigation_interfaces/local/lib/python3.10/dist-packages/navigation_interfaces/msg/_navigation.py
[0.785s] -- Up-to-date symlink: /home/hero/Desktop/birdiebot_nav_ws/install/navigation_interfaces/local/lib/python3.10/dist-packages/navigation_interfaces/msg/_navigation_s.c
[0.785s] -- Up-to-date symlink: /home/hero/Desktop/birdiebot_nav_ws/install/navigation_interfaces/local/lib/python3.10/dist-packages/navigation_interfaces/navigation_interfaces_s__rosidl_typesupport_c.cpython-310-x86_64-linux-gnu.so
[0.785s] -- Up-to-date symlink: /home/hero/Desktop/birdiebot_nav_ws/install/navigation_interfaces/local/lib/python3.10/dist-packages/navigation_interfaces/navigation_interfaces_s__rosidl_typesupport_fastrtps_c.cpython-310-x86_64-linux-gnu.so
[0.785s] -- Up-to-date symlink: /home/hero/Desktop/birdiebot_nav_ws/install/navigation_interfaces/local/lib/python3.10/dist-packages/navigation_interfaces/navigation_interfaces_s__rosidl_typesupport_introspection_c.cpython-310-x86_64-linux-gnu.so
[0.786s] -- Up-to-date symlink: /home/hero/Desktop/birdiebot_nav_ws/install/navigation_interfaces/local/lib/python3.10/dist-packages/navigation_interfaces/navigation_interfaces_s__rosidl_typesupport_fastrtps_c.cpython-310-x86_64-linux-gnu.so
[0.786s] -- Up-to-date symlink: /home/hero/Desktop/birdiebot_nav_ws/install/navigation_interfaces/local/lib/python3.10/dist-packages/navigation_interfaces/navigation_interfaces_s__rosidl_typesupport_introspection_c.cpython-310-x86_64-linux-gnu.so
[0.786s] -- Up-to-date symlink: /home/hero/Desktop/birdiebot_nav_ws/install/navigation_interfaces/local/lib/python3.10/dist-packages/navigation_interfaces/navigation_interfaces_s__rosidl_typesupport_c.cpython-310-x86_64-linux-gnu.so
[0.786s] -- Up-to-date symlink: /home/hero/Desktop/birdiebot_nav_ws/install/navigation_interfaces/share/navigation_interfaces/msg/Navigation.idl
[0.786s] -- Up-to-date symlink: /home/hero/Desktop/birdiebot_nav_ws/install/navigation_interfaces/share/navigation_interfaces/msg/Navigation.msg
[0.786s] -- Up-to-date symlink: /home/hero/Desktop/birdiebot_nav_ws/install/navigation_interfaces/share/ament_index/resource_index/package_run_dependencies/navigation_interfaces
[0.787s] -- Up-to-date symlink: /home/hero/Desktop/birdiebot_nav_ws/install/navigation_interfaces/share/ament_index/resource_index/parent_prefix_path/navigation_interfaces
[0.787s] -- Up-to-date symlink: /home/hero/Desktop/birdiebot_nav_ws/install/navigation_interfaces/share/navigation_interfaces/environment/ament_prefix_path.sh
[0.787s] -- Up-to-date symlink: /home/hero/Desktop/birdiebot_nav_ws/install/navigation_interfaces/share/navigation_interfaces/environment/ament_prefix_path.dsv
[0.787s] -- Up-to-date symlink: /home/hero/Desktop/birdiebot_nav_ws/install/navigation_interfaces/share/navigation_interfaces/environment/path.sh
[0.787s] -- Up-to-date symlink: /home/hero/Desktop/birdiebot_nav_ws/install/navigation_interfaces/share/navigation_interfaces/environment/path.dsv
[0.787s] -- Up-to-date symlink: /home/hero/Desktop/birdiebot_nav_ws/install/navigation_interfaces/share/navigation_interfaces/local_setup.bash
[0.787s] -- Up-to-date symlink: /home/hero/Desktop/birdiebot_nav_ws/install/navigation_interfaces/share/navigation_interfaces/local_setup.sh
[0.787s] -- Up-to-date symlink: /home/hero/Desktop/birdiebot_nav_ws/install/navigation_interfaces/share/navigation_interfaces/local_setup.zsh
[0.787s] -- Up-to-date symlink: /home/hero/Desktop/birdiebot_nav_ws/install/navigation_interfaces/share/navigation_interfaces/local_setup.dsv
[0.787s] -- Symlinking: /home/hero/Desktop/birdiebot_nav_ws/install/navigation_interfaces/share/navigation_interfaces/package.dsv
[0.809s] -- Up-to-date symlink: /home/hero/Desktop/birdiebot_nav_ws/install/navigation_interfaces/share/ament_index/resource_index/packages/navigation_interfaces
[0.809s] -- Up-to-date symlink: /home/hero/Desktop/birdiebot_nav_ws/install/navigation_interfaces/share/navigation_interfaces/cmake/rosidl_cmake-extras.cmake
[0.810s] -- Up-to-date symlink: /home/hero/Desktop/birdiebot_nav_ws/install/navigation_interfaces/share/navigation_interfaces/cmake/ament_cmake_export_dependencies-extras.cmake
[0.810s] -- Up-to-date symlink: /home/hero/Desktop/birdiebot_nav_ws/install/navigation_interfaces/share/navigation_interfaces/cmake/ament_cmake_export_include_directories-extras.cmake
[0.810s] -- Up-to-date symlink: /home/hero/Desktop/birdiebot_nav_ws/install/navigation_interfaces/share/navigation_interfaces/cmake/ament_cmake_export_libraries-extras.cmake
[0.810s] -- Up-to-date symlink: /home/hero/Desktop/birdiebot_nav_ws/install/navigation_interfaces/share/navigation_interfaces/cmake/ament_cmake_export_targets-extras.cmake
[0.811s] -- Up-to-date symlink: /home/hero/Desktop/birdiebot_nav_ws/install/navigation_interfaces/share/navigation_interfaces/cmake/rosidl_cmake_export_typesupport_targets-extras.cmake
[0.811s] -- Up-to-date symlink: /home/hero/Desktop/birdiebot_nav_ws/install/navigation_interfaces/share/navigation_interfaces/cmake/rosidl_cmake_export_typesupport_libraries-extras.cmake
[0.811s] -- Up-to-date symlink: /home/hero/Desktop/birdiebot_nav_ws/install/navigation_interfaces/share/navigation_interfaces/cmake/navigation_interfacesConfig.cmake
[0.811s] -- Up-to-date symlink: /home/hero/Desktop/birdiebot_nav_ws/install/navigation_interfaces/share/navigation_interfaces/cmake/navigation_interfacesConfig-version.cmake
[0.812s] -- Up-to-date symlink: /home/hero/Desktop/birdiebot_nav_ws/install/navigation_interfaces/share/navigation_interfaces/package.xml
[0.812s] -- Up-to-date: /home/hero/Desktop/birdiebot_nav_ws/install/navigation_interfaces/lib/libnavigation_interfaces__rosidl_generator_c.so
[0.813s] -- Up-to-date: /home/hero/Desktop/birdiebot_nav_ws/install/navigation_interfaces/lib/libnavigation_interfaces__rosidl_typesupport_fastrtps_c.so
[0.813s] -- Up-to-date: /home/hero/Desktop/birdiebot_nav_ws/install/navigation_interfaces/lib/libnavigation_interfaces__rosidl_typesupport_introspection_c.so
[0.813s] -- Up-to-date: /home/hero/Desktop/birdiebot_nav_ws/install/navigation_interfaces/lib/libnavigation_interfaces__rosidl_typesupport_c.so
[0.814s] -- Up-to-date: /home/hero/Desktop/birdiebot_nav_ws/install/navigation_interfaces/lib/libnavigation_interfaces__rosidl_typesupport_fastrtps_cpp.so
[0.814s] -- Up-to-date: /home/hero/Desktop/birdiebot_nav_ws/install/navigation_interfaces/lib/libnavigation_interfaces__rosidl_typesupport_introspection_cpp.so
[0.814s] -- Up-to-date: /home/hero/Desktop/birdiebot_nav_ws/install/navigation_interfaces/lib/libnavigation_interfaces__rosidl_typesupport_cpp.so
[0.846s] Listing '/home/hero/Desktop/birdiebot_nav_ws/install/navigation_interfaces/local/lib/python3.10/dist-packages/navigation_interfaces'...
[0.846s] Listing '/home/hero/Desktop/birdiebot_nav_ws/install/navigation_interfaces/local/lib/python3.10/dist-packages/navigation_interfaces/msg'...
[0.853s] -- Up-to-date: /home/hero/Desktop/birdiebot_nav_ws/install/navigation_interfaces/lib/libnavigation_interfaces__rosidl_generator_py.so
[0.853s] -- Up-to-date: /home/hero/Desktop/birdiebot_nav_ws/install/navigation_interfaces/share/navigation_interfaces/cmake/export_navigation_interfaces__rosidl_generator_cExport.cmake
[0.853s] -- Up-to-date: /home/hero/Desktop/birdiebot_nav_ws/install/navigation_interfaces/share/navigation_interfaces/cmake/export_navigation_interfaces__rosidl_generator_cExport-noconfig.cmake
[0.853s] -- Up-to-date: /home/hero/Desktop/birdiebot_nav_ws/install/navigation_interfaces/share/navigation_interfaces/cmake/export_navigation_interfaces__rosidl_typesupport_fastrtps_cExport.cmake
[0.853s] -- Up-to-date: /home/hero/Desktop/birdiebot_nav_ws/install/navigation_interfaces/share/navigation_interfaces/cmake/export_navigation_interfaces__rosidl_typesupport_fastrtps_cExport-noconfig.cmake
[0.853s] -- Up-to-date: /home/hero/Desktop/birdiebot_nav_ws/install/navigation_interfaces/share/navigation_interfaces/cmake/navigation_interfaces__rosidl_typesupport_introspection_cExport.cmake
[0.853s] -- Up-to-date: /home/hero/Desktop/birdiebot_nav_ws/install/navigation_interfaces/share/navigation_interfaces/cmake/navigation_interfaces__rosidl_typesupport_introspection_cExport-noconfig.cmake
[0.853s] -- Up-to-date: /home/hero/Desktop/birdiebot_nav_ws/install/navigation_interfaces/share/navigation_interfaces/cmake/navigation_interfaces__rosidl_typesupport_cExport.cmake
[0.853s] -- Up-to-date: /home/hero/Desktop/birdiebot_nav_ws/install/navigation_interfaces/share/navigation_interfaces/cmake/navigation_interfaces__rosidl_typesupport_cExport-noconfig.cmake
[0.853s] -- Up-to-date: /home/hero/Desktop/birdiebot_nav_ws/install/navigation_interfaces/share/navigation_interfaces/cmake/export_navigation_interfaces__rosidl_generator_cppExport.cmake
[0.853s] -- Up-to-date: /home/hero/Desktop/birdiebot_nav_ws/install/navigation_interfaces/share/navigation_interfaces/cmake/export_navigation_interfaces__rosidl_typesupport_fastrtps_cppExport.cmake
[0.853s] -- Up-to-date: /home/hero/Desktop/birdiebot_nav_ws/install/navigation_interfaces/share/navigation_interfaces/cmake/export_navigation_interfaces__rosidl_typesupport_fastrtps_cppExport-noconfig.cmake
[0.853s] -- Up-to-date: /home/hero/Desktop/birdiebot_nav_ws/install/navigation_interfaces/share/navigation_interfaces/cmake/navigation_interfaces__rosidl_typesupport_introspection_cppExport.cmake
[0.853s] -- Up-to-date: /home/hero/Desktop/birdiebot_nav_ws/install/navigation_interfaces/share/navigation_interfaces/cmake/navigation_interfaces__rosidl_typesupport_introspection_cppExport-noconfig.cmake
[0.853s] -- Up-to-date: /home/hero/Desktop/birdiebot_nav_ws/install/navigation_interfaces/share/navigation_interfaces/cmake/navigation_interfaces__rosidl_typesupport_cppExport.cmake
[0.853s] -- Up-to-date: /home/hero/Desktop/birdiebot_nav_ws/install/navigation_interfaces/share/navigation_interfaces/cmake/navigation_interfaces__rosidl_typesupport_cppExport-noconfig.cmake
[0.854s] -- Up-to-date: /home/hero/Desktop/birdiebot_nav_ws/install/navigation_interfaces/share/navigation_interfaces/cmake/export_navigation_interfaces__rosidl_generator_pyExport.cmake
[0.856s] -- Up-to-date: /home/hero/Desktop/birdiebot_nav_ws/install/navigation_interfaces/share/navigation_interfaces/cmake/export_navigation_interfaces__rosidl_generator_pyExport-noconfig.cmake
[0.865s] Invoked command in '/home/hero/Desktop/birdiebot_nav_ws/build/navigation_interfaces' returned '0': CMAKE_PREFIX_PATH=/opt/ros/humble /usr/bin/cmake --install /home/hero/Desktop/birdiebot_nav_ws/build/navigation_interfaces
