[0.071s] Invoking command in '/home/hero/Desktop/birdiebot_nav_ws/build/icp_registration': AMENT_PREFIX_PATH=/home/hero/Desktop/birdiebot_nav_ws/install/livox_ros_driver2:${AMENT_PREFIX_PATH} CMAKE_PREFIX_PATH=/home/hero/Desktop/birdiebot_nav_ws/install/livox_ros_driver2:/opt/ros/humble LD_LIBRARY_PATH=/home/hero/Desktop/birdiebot_nav_ws/install/livox_ros_driver2/lib:/opt/intel/openvino_2023.3.0/runtime/lib/intel64:/opt/MVS/lib/64:/opt/MVS/lib/32:/opt/MVS/lib/64:/opt/MVS/lib/32:/opt/intel/openvino_2023.3.0/runtime/lib/intel64:/opt/MVS/lib/64:/opt/MVS/lib/32:/usr/lib/x86_64-linux-gnu/gazebo-11/plugins:/opt/ros/humble/opt/rviz_ogre_vendor/lib:/opt/ros/humble/lib/x86_64-linux-gnu:/opt/ros/humble/opt/openvdb_vendor/lib:/opt/ros/humble/lib:/opt/MVS/lib/64:/opt/MVS/lib/32:/opt/MVS/lib/64:/opt/MVS/lib/32:/opt/MVS/lib/64:/opt/MVS/lib/32 PYTHONPATH=/home/hero/Desktop/birdiebot_nav_ws/install/livox_ros_driver2/local/lib/python3.10/dist-packages:${PYTHONPATH} /usr/bin/cmake --build /home/hero/Desktop/birdiebot_nav_ws/build/icp_registration -- -j8 -l8
[10.446s] [ 25%] [32m[1mLinking CXX shared library libicp_registration.so[0m
[10.446s] [ 50%] Built target icp_registration
[10.446s] [ 75%] [32m[1mLinking CXX executable icp_registration_node[0m
[10.446s] [100%] Built target icp_registration_node
[10.457s] Invoked command in '/home/hero/Desktop/birdiebot_nav_ws/build/icp_registration' returned '0': AMENT_PREFIX_PATH=/home/hero/Desktop/birdiebot_nav_ws/install/livox_ros_driver2:${AMENT_PREFIX_PATH} CMAKE_PREFIX_PATH=/home/hero/Desktop/birdiebot_nav_ws/install/livox_ros_driver2:/opt/ros/humble LD_LIBRARY_PATH=/home/hero/Desktop/birdiebot_nav_ws/install/livox_ros_driver2/lib:/opt/intel/openvino_2023.3.0/runtime/lib/intel64:/opt/MVS/lib/64:/opt/MVS/lib/32:/opt/MVS/lib/64:/opt/MVS/lib/32:/opt/intel/openvino_2023.3.0/runtime/lib/intel64:/opt/MVS/lib/64:/opt/MVS/lib/32:/usr/lib/x86_64-linux-gnu/gazebo-11/plugins:/opt/ros/humble/opt/rviz_ogre_vendor/lib:/opt/ros/humble/lib/x86_64-linux-gnu:/opt/ros/humble/opt/openvdb_vendor/lib:/opt/ros/humble/lib:/opt/MVS/lib/64:/opt/MVS/lib/32:/opt/MVS/lib/64:/opt/MVS/lib/32:/opt/MVS/lib/64:/opt/MVS/lib/32 PYTHONPATH=/home/hero/Desktop/birdiebot_nav_ws/install/livox_ros_driver2/local/lib/python3.10/dist-packages:${PYTHONPATH} /usr/bin/cmake --build /home/hero/Desktop/birdiebot_nav_ws/build/icp_registration -- -j8 -l8
[10.491s] Invoking command in '/home/hero/Desktop/birdiebot_nav_ws/build/icp_registration': AMENT_PREFIX_PATH=/home/hero/Desktop/birdiebot_nav_ws/install/livox_ros_driver2:${AMENT_PREFIX_PATH} CMAKE_PREFIX_PATH=/home/hero/Desktop/birdiebot_nav_ws/install/livox_ros_driver2:/opt/ros/humble LD_LIBRARY_PATH=/home/hero/Desktop/birdiebot_nav_ws/install/livox_ros_driver2/lib:/opt/intel/openvino_2023.3.0/runtime/lib/intel64:/opt/MVS/lib/64:/opt/MVS/lib/32:/opt/MVS/lib/64:/opt/MVS/lib/32:/opt/intel/openvino_2023.3.0/runtime/lib/intel64:/opt/MVS/lib/64:/opt/MVS/lib/32:/usr/lib/x86_64-linux-gnu/gazebo-11/plugins:/opt/ros/humble/opt/rviz_ogre_vendor/lib:/opt/ros/humble/lib/x86_64-linux-gnu:/opt/ros/humble/opt/openvdb_vendor/lib:/opt/ros/humble/lib:/opt/MVS/lib/64:/opt/MVS/lib/32:/opt/MVS/lib/64:/opt/MVS/lib/32:/opt/MVS/lib/64:/opt/MVS/lib/32 PYTHONPATH=/home/hero/Desktop/birdiebot_nav_ws/install/livox_ros_driver2/local/lib/python3.10/dist-packages:${PYTHONPATH} /usr/bin/cmake --install /home/hero/Desktop/birdiebot_nav_ws/build/icp_registration
[10.501s] -- Install configuration: ""
[10.501s] -- Execute custom install script
[10.501s] -- Up-to-date symlink: /home/hero/Desktop/birdiebot_nav_ws/install/icp_registration/lib/icp_registration/icp_registration_node
[10.502s] -- Up-to-date symlink: /home/hero/Desktop/birdiebot_nav_ws/install/icp_registration/include/icp_registration/icp_registration.hpp
[10.502s] -- Up-to-date symlink: /home/hero/Desktop/birdiebot_nav_ws/install/icp_registration/share/icp_registration/environment/library_path.sh
[10.502s] -- Up-to-date symlink: /home/hero/Desktop/birdiebot_nav_ws/install/icp_registration/share/icp_registration/environment/library_path.dsv
[10.502s] -- Up-to-date symlink: /home/hero/Desktop/birdiebot_nav_ws/install/icp_registration/lib/libicp_registration.so
[10.503s] -- Up-to-date symlink: /home/hero/Desktop/birdiebot_nav_ws/install/icp_registration/share/icp_registration/launch/icp.launch.py
[10.503s] -- Up-to-date symlink: /home/hero/Desktop/birdiebot_nav_ws/install/icp_registration/share/icp_registration/config/icp.yaml
[10.503s] -- Up-to-date symlink: /home/hero/Desktop/birdiebot_nav_ws/install/icp_registration/share/ament_index/resource_index/package_run_dependencies/icp_registration
[10.503s] -- Up-to-date symlink: /home/hero/Desktop/birdiebot_nav_ws/install/icp_registration/share/ament_index/resource_index/parent_prefix_path/icp_registration
[10.504s] -- Up-to-date symlink: /home/hero/Desktop/birdiebot_nav_ws/install/icp_registration/share/icp_registration/environment/ament_prefix_path.sh
[10.504s] -- Up-to-date symlink: /home/hero/Desktop/birdiebot_nav_ws/install/icp_registration/share/icp_registration/environment/ament_prefix_path.dsv
[10.504s] -- Up-to-date symlink: /home/hero/Desktop/birdiebot_nav_ws/install/icp_registration/share/icp_registration/environment/path.sh
[10.504s] -- Up-to-date symlink: /home/hero/Desktop/birdiebot_nav_ws/install/icp_registration/share/icp_registration/environment/path.dsv
[10.504s] -- Up-to-date symlink: /home/hero/Desktop/birdiebot_nav_ws/install/icp_registration/share/icp_registration/local_setup.bash
[10.504s] -- Up-to-date symlink: /home/hero/Desktop/birdiebot_nav_ws/install/icp_registration/share/icp_registration/local_setup.sh
[10.504s] -- Up-to-date symlink: /home/hero/Desktop/birdiebot_nav_ws/install/icp_registration/share/icp_registration/local_setup.zsh
[10.504s] -- Up-to-date symlink: /home/hero/Desktop/birdiebot_nav_ws/install/icp_registration/share/icp_registration/local_setup.dsv
[10.505s] -- Symlinking: /home/hero/Desktop/birdiebot_nav_ws/install/icp_registration/share/icp_registration/package.dsv
[10.536s] -- Up-to-date symlink: /home/hero/Desktop/birdiebot_nav_ws/install/icp_registration/share/ament_index/resource_index/packages/icp_registration
[10.536s] -- Up-to-date symlink: /home/hero/Desktop/birdiebot_nav_ws/install/icp_registration/share/ament_index/resource_index/rclcpp_components/icp_registration
[10.537s] -- Up-to-date symlink: /home/hero/Desktop/birdiebot_nav_ws/install/icp_registration/share/icp_registration/cmake/ament_cmake_export_dependencies-extras.cmake
[10.537s] -- Up-to-date symlink: /home/hero/Desktop/birdiebot_nav_ws/install/icp_registration/share/icp_registration/cmake/ament_cmake_export_include_directories-extras.cmake
[10.538s] -- Up-to-date symlink: /home/hero/Desktop/birdiebot_nav_ws/install/icp_registration/share/icp_registration/cmake/ament_cmake_export_libraries-extras.cmake
[10.539s] -- Up-to-date symlink: /home/hero/Desktop/birdiebot_nav_ws/install/icp_registration/share/icp_registration/cmake/icp_registrationConfig.cmake
[10.539s] -- Up-to-date symlink: /home/hero/Desktop/birdiebot_nav_ws/install/icp_registration/share/icp_registration/cmake/icp_registrationConfig-version.cmake
[10.541s] -- Up-to-date symlink: /home/hero/Desktop/birdiebot_nav_ws/install/icp_registration/share/icp_registration/package.xml
[10.542s] Invoked command in '/home/hero/Desktop/birdiebot_nav_ws/build/icp_registration' returned '0': AMENT_PREFIX_PATH=/home/hero/Desktop/birdiebot_nav_ws/install/livox_ros_driver2:${AMENT_PREFIX_PATH} CMAKE_PREFIX_PATH=/home/hero/Desktop/birdiebot_nav_ws/install/livox_ros_driver2:/opt/ros/humble LD_LIBRARY_PATH=/home/hero/Desktop/birdiebot_nav_ws/install/livox_ros_driver2/lib:/opt/intel/openvino_2023.3.0/runtime/lib/intel64:/opt/MVS/lib/64:/opt/MVS/lib/32:/opt/MVS/lib/64:/opt/MVS/lib/32:/opt/intel/openvino_2023.3.0/runtime/lib/intel64:/opt/MVS/lib/64:/opt/MVS/lib/32:/usr/lib/x86_64-linux-gnu/gazebo-11/plugins:/opt/ros/humble/opt/rviz_ogre_vendor/lib:/opt/ros/humble/lib/x86_64-linux-gnu:/opt/ros/humble/opt/openvdb_vendor/lib:/opt/ros/humble/lib:/opt/MVS/lib/64:/opt/MVS/lib/32:/opt/MVS/lib/64:/opt/MVS/lib/32:/opt/MVS/lib/64:/opt/MVS/lib/32 PYTHONPATH=/home/hero/Desktop/birdiebot_nav_ws/install/livox_ros_driver2/local/lib/python3.10/dist-packages:${PYTHONPATH} /usr/bin/cmake --install /home/hero/Desktop/birdiebot_nav_ws/build/icp_registration
