-- Found ament_cmake_auto: 1.3.12 (/opt/ros/humble/share/ament_cmake_auto/cmake)
-- Override CMake install command with custom implementation using symlinks instead of copying resources
-- Found rosidl_generator_c: 3.1.7 (/opt/ros/humble/share/rosidl_generator_c/cmake)
-- Found rosidl_adapter: 3.1.7 (/opt/ros/humble/share/rosidl_adapter/cmake)
-- Found rosidl_generator_cpp: 3.1.7 (/opt/ros/humble/share/rosidl_generator_cpp/cmake)
-- Using all available rosidl_typesupport_c: rosidl_typesupport_fastrtps_c;rosidl_typesupport_introspection_c
-- Using all available rosidl_typesupport_cpp: rosidl_typesupport_fastrtps_cpp;rosidl_typesupport_introspection_cpp
-- Found rmw_implementation_cmake: 6.1.2 (/opt/ros/humble/share/rmw_implementation_cmake/cmake)
-- Found rmw_fastrtps_cpp: 6.2.8 (/opt/ros/humble/share/rmw_fastrtps_cpp/cmake)
-- Using RMW implementation 'rmw_fastrtps_cpp' as default
-- Found eigen3_cmake_module: 0.1.1 (/opt/ros/humble/share/eigen3_cmake_module/cmake)
-- Ensuring Eigen3 include directory is part of orocos-kdl CMake target
-- Found ament_lint_auto: 0.12.14 (/opt/ros/humble/share/ament_lint_auto/cmake)
-- Added test 'cppcheck' to perform static code analysis on C / C++ code
-- Configured cppcheck include dirs: /home/hero/Desktop/birdiebot_nav_ws/src/rm_slam/src/rm_navigation/potential_escape_nav_plugin/potential_escape_action/include
-- Configured cppcheck exclude dirs and/or files: 
-- Added test 'lint_cmake' to check CMake code style
-- Added test 'uncrustify' to check C / C++ code style
-- Configured uncrustify additional arguments: 
-- Added test 'xmllint' to check XML markup files
-- Configuring done
-- Generating done
-- Build files have been written to: /home/hero/Desktop/birdiebot_nav_ws/build/potential_escape_action
[35m[1mConsolidate compiler generated dependencies of target nav2_escape_action_bt_node[0m
[ 50%] [32mBuilding CXX object CMakeFiles/nav2_escape_action_bt_node.dir/src/potential_escape_action.cpp.o[0m
In file included from [01m[K/home/hero/Desktop/birdiebot_nav_ws/src/rm_slam/src/rm_navigation/potential_escape_nav_plugin/potential_escape_action/src/potential_escape_action.cpp:19[m[K:
[01m[K/opt/ros/humble/include/tf2_geometry_msgs/tf2_geometry_msgs/tf2_geometry_msgs.h:35:2:[m[K [01;35m[Kwarning: [m[K#warning This header is obsolete, please include tf2_geometry_msgs/tf2_geometry_msgs.hpp instead [[01;35m[K]8;;https://gcc.gnu.org/onlinedocs/gcc/Warning-Options.html#index-Wcpp-Wcpp]8;;[m[K]
   35 | #[01;35m[Kwarning[m[K This header is obsolete, please include tf2_geometry_msgs/tf2_geometry_msgs.hpp instead
      |  [01;35m[K^~~~~~~[m[K
[100%] [32m[1mLinking CXX shared library libnav2_escape_action_bt_node.so[0m
[100%] Built target nav2_escape_action_bt_node
-- Install configuration: ""
-- Execute custom install script
-- Up-to-date symlink: /home/hero/Desktop/birdiebot_nav_ws/install/potential_escape_action/lib/libnav2_escape_action_bt_node.so
-- Up-to-date symlink: /home/hero/Desktop/birdiebot_nav_ws/install/potential_escape_action/share/potential_escape_action/nav2_tree_nodes.xml
-- Up-to-date symlink: /home/hero/Desktop/birdiebot_nav_ws/install/potential_escape_action/include//potential_escape_action/potential_escape_action.hpp
-- Up-to-date symlink: /home/hero/Desktop/birdiebot_nav_ws/install/potential_escape_action/share/ament_index/resource_index/package_run_dependencies/potential_escape_action
-- Up-to-date symlink: /home/hero/Desktop/birdiebot_nav_ws/install/potential_escape_action/share/ament_index/resource_index/parent_prefix_path/potential_escape_action
-- Up-to-date symlink: /home/hero/Desktop/birdiebot_nav_ws/install/potential_escape_action/share/potential_escape_action/environment/ament_prefix_path.sh
-- Up-to-date symlink: /home/hero/Desktop/birdiebot_nav_ws/install/potential_escape_action/share/potential_escape_action/environment/ament_prefix_path.dsv
-- Up-to-date symlink: /home/hero/Desktop/birdiebot_nav_ws/install/potential_escape_action/share/potential_escape_action/environment/path.sh
-- Up-to-date symlink: /home/hero/Desktop/birdiebot_nav_ws/install/potential_escape_action/share/potential_escape_action/environment/path.dsv
-- Up-to-date symlink: /home/hero/Desktop/birdiebot_nav_ws/install/potential_escape_action/share/potential_escape_action/local_setup.bash
-- Up-to-date symlink: /home/hero/Desktop/birdiebot_nav_ws/install/potential_escape_action/share/potential_escape_action/local_setup.sh
-- Up-to-date symlink: /home/hero/Desktop/birdiebot_nav_ws/install/potential_escape_action/share/potential_escape_action/local_setup.zsh
-- Up-to-date symlink: /home/hero/Desktop/birdiebot_nav_ws/install/potential_escape_action/share/potential_escape_action/local_setup.dsv
-- Symlinking: /home/hero/Desktop/birdiebot_nav_ws/install/potential_escape_action/share/potential_escape_action/package.dsv
-- Up-to-date symlink: /home/hero/Desktop/birdiebot_nav_ws/install/potential_escape_action/share/ament_index/resource_index/packages/potential_escape_action
-- Up-to-date symlink: /home/hero/Desktop/birdiebot_nav_ws/install/potential_escape_action/share/potential_escape_action/cmake/ament_cmake_export_include_directories-extras.cmake
-- Up-to-date symlink: /home/hero/Desktop/birdiebot_nav_ws/install/potential_escape_action/share/potential_escape_action/cmake/potential_escape_actionConfig.cmake
-- Up-to-date symlink: /home/hero/Desktop/birdiebot_nav_ws/install/potential_escape_action/share/potential_escape_action/cmake/potential_escape_actionConfig-version.cmake
-- Up-to-date symlink: /home/hero/Desktop/birdiebot_nav_ws/install/potential_escape_action/share/potential_escape_action/package.xml
