[0.019s] Invoking command in '/home/hero/Desktop/birdiebot_nav_ws/build/potential_escape_action': CMAKE_PREFIX_PATH=/opt/ros/humble /usr/bin/cmake --build /home/hero/Desktop/birdiebot_nav_ws/build/potential_escape_action -- -j8 -l8
[0.078s] -- Found ament_cmake_auto: 1.3.12 (/opt/ros/humble/share/ament_cmake_auto/cmake)
[0.515s] -- Override CMake install command with custom implementation using symlinks instead of copying resources
[0.661s] -- Found rosidl_generator_c: 3.1.7 (/opt/ros/humble/share/rosidl_generator_c/cmake)
[0.664s] -- Found rosidl_adapter: 3.1.7 (/opt/ros/humble/share/rosidl_adapter/cmake)
[0.676s] -- Found rosidl_generator_cpp: 3.1.7 (/opt/ros/humble/share/rosidl_generator_cpp/cmake)
[0.689s] -- Using all available rosidl_typesupport_c: rosidl_typesupport_fastrtps_c;rosidl_typesupport_introspection_c
[0.703s] -- Using all available rosidl_typesupport_cpp: rosidl_typesupport_fastrtps_cpp;rosidl_typesupport_introspection_cpp
[0.888s] -- Found rmw_implementation_cmake: 6.1.2 (/opt/ros/humble/share/rmw_implementation_cmake/cmake)
[0.890s] -- Found rmw_fastrtps_cpp: 6.2.8 (/opt/ros/humble/share/rmw_fastrtps_cpp/cmake)
[1.006s] -- Using RMW implementation 'rmw_fastrtps_cpp' as default
[1.188s] -- Found eigen3_cmake_module: 0.1.1 (/opt/ros/humble/share/eigen3_cmake_module/cmake)
[1.189s] -- Ensuring Eigen3 include directory is part of orocos-kdl CMake target
[1.284s] -- Found ament_lint_auto: 0.12.14 (/opt/ros/humble/share/ament_lint_auto/cmake)
[1.329s] -- Added test 'cppcheck' to perform static code analysis on C / C++ code
[1.336s] -- Configured cppcheck include dirs: /home/hero/Desktop/birdiebot_nav_ws/src/rm_slam/src/rm_navigation/potential_escape_nav_plugin/potential_escape_action/include
[1.336s] -- Configured cppcheck exclude dirs and/or files: 
[1.337s] -- Added test 'lint_cmake' to check CMake code style
[1.338s] -- Added test 'uncrustify' to check C / C++ code style
[1.338s] -- Configured uncrustify additional arguments: 
[1.339s] -- Added test 'xmllint' to check XML markup files
[1.350s] -- Configuring done
[1.440s] -- Generating done
[1.448s] -- Build files have been written to: /home/hero/Desktop/birdiebot_nav_ws/build/potential_escape_action
[1.549s] [35m[1mConsolidate compiler generated dependencies of target nav2_escape_action_bt_node[0m
[1.631s] [ 50%] [32mBuilding CXX object CMakeFiles/nav2_escape_action_bt_node.dir/src/potential_escape_action.cpp.o[0m
[2.515s] In file included from [01m[K/home/hero/Desktop/birdiebot_nav_ws/src/rm_slam/src/rm_navigation/potential_escape_nav_plugin/potential_escape_action/src/potential_escape_action.cpp:19[m[K:
[2.515s] [01m[K/opt/ros/humble/include/tf2_geometry_msgs/tf2_geometry_msgs/tf2_geometry_msgs.h:35:2:[m[K [01;35m[Kwarning: [m[K#warning This header is obsolete, please include tf2_geometry_msgs/tf2_geometry_msgs.hpp instead [[01;35m[K]8;;https://gcc.gnu.org/onlinedocs/gcc/Warning-Options.html#index-Wcpp-Wcpp]8;;[m[K]
[2.515s]    35 | #[01;35m[Kwarning[m[K This header is obsolete, please include tf2_geometry_msgs/tf2_geometry_msgs.hpp instead
[2.515s]       |  [01;35m[K^~~~~~~[m[K
[16.697s] [100%] [32m[1mLinking CXX shared library libnav2_escape_action_bt_node.so[0m
[17.635s] [100%] Built target nav2_escape_action_bt_node
[17.678s] Invoked command in '/home/hero/Desktop/birdiebot_nav_ws/build/potential_escape_action' returned '0': CMAKE_PREFIX_PATH=/opt/ros/humble /usr/bin/cmake --build /home/hero/Desktop/birdiebot_nav_ws/build/potential_escape_action -- -j8 -l8
[17.742s] Invoking command in '/home/hero/Desktop/birdiebot_nav_ws/build/potential_escape_action': CMAKE_PREFIX_PATH=/opt/ros/humble /usr/bin/cmake --install /home/hero/Desktop/birdiebot_nav_ws/build/potential_escape_action
[17.742s] -- Install configuration: ""
[17.742s] -- Execute custom install script
[17.742s] -- Up-to-date symlink: /home/hero/Desktop/birdiebot_nav_ws/install/potential_escape_action/lib/libnav2_escape_action_bt_node.so
[17.742s] -- Up-to-date symlink: /home/hero/Desktop/birdiebot_nav_ws/install/potential_escape_action/share/potential_escape_action/nav2_tree_nodes.xml
[17.743s] -- Up-to-date symlink: /home/hero/Desktop/birdiebot_nav_ws/install/potential_escape_action/include//potential_escape_action/potential_escape_action.hpp
[17.743s] -- Up-to-date symlink: /home/hero/Desktop/birdiebot_nav_ws/install/potential_escape_action/share/ament_index/resource_index/package_run_dependencies/potential_escape_action
[17.743s] -- Up-to-date symlink: /home/hero/Desktop/birdiebot_nav_ws/install/potential_escape_action/share/ament_index/resource_index/parent_prefix_path/potential_escape_action
[17.743s] -- Up-to-date symlink: /home/hero/Desktop/birdiebot_nav_ws/install/potential_escape_action/share/potential_escape_action/environment/ament_prefix_path.sh
[17.743s] -- Up-to-date symlink: /home/hero/Desktop/birdiebot_nav_ws/install/potential_escape_action/share/potential_escape_action/environment/ament_prefix_path.dsv
[17.743s] -- Up-to-date symlink: /home/hero/Desktop/birdiebot_nav_ws/install/potential_escape_action/share/potential_escape_action/environment/path.sh
[17.743s] -- Up-to-date symlink: /home/hero/Desktop/birdiebot_nav_ws/install/potential_escape_action/share/potential_escape_action/environment/path.dsv
[17.747s] -- Up-to-date symlink: /home/hero/Desktop/birdiebot_nav_ws/install/potential_escape_action/share/potential_escape_action/local_setup.bash
[17.747s] -- Up-to-date symlink: /home/hero/Desktop/birdiebot_nav_ws/install/potential_escape_action/share/potential_escape_action/local_setup.sh
[17.747s] -- Up-to-date symlink: /home/hero/Desktop/birdiebot_nav_ws/install/potential_escape_action/share/potential_escape_action/local_setup.zsh
[17.747s] -- Up-to-date symlink: /home/hero/Desktop/birdiebot_nav_ws/install/potential_escape_action/share/potential_escape_action/local_setup.dsv
[17.747s] -- Symlinking: /home/hero/Desktop/birdiebot_nav_ws/install/potential_escape_action/share/potential_escape_action/package.dsv
[17.771s] -- Up-to-date symlink: /home/hero/Desktop/birdiebot_nav_ws/install/potential_escape_action/share/ament_index/resource_index/packages/potential_escape_action
[17.772s] -- Up-to-date symlink: /home/hero/Desktop/birdiebot_nav_ws/install/potential_escape_action/share/potential_escape_action/cmake/ament_cmake_export_include_directories-extras.cmake
[17.772s] -- Up-to-date symlink: /home/hero/Desktop/birdiebot_nav_ws/install/potential_escape_action/share/potential_escape_action/cmake/potential_escape_actionConfig.cmake
[17.772s] -- Up-to-date symlink: /home/hero/Desktop/birdiebot_nav_ws/install/potential_escape_action/share/potential_escape_action/cmake/potential_escape_actionConfig-version.cmake
[17.772s] -- Up-to-date symlink: /home/hero/Desktop/birdiebot_nav_ws/install/potential_escape_action/share/potential_escape_action/package.xml
[17.785s] Invoked command in '/home/hero/Desktop/birdiebot_nav_ws/build/potential_escape_action' returned '0': CMAKE_PREFIX_PATH=/opt/ros/humble /usr/bin/cmake --install /home/hero/Desktop/birdiebot_nav_ws/build/potential_escape_action
