[0.025s] Invoking command in '/home/hero/Desktop/birdiebot_nav_ws/build/rm_decision_interfaces': CMAKE_PREFIX_PATH=/opt/ros/humble /usr/bin/cmake --build /home/hero/Desktop/birdiebot_nav_ws/build/rm_decision_interfaces -- -j8 -l8
[0.142s] [  2%] Built target rm_decision_interfaces__cpp
[0.154s] [ 12%] Built target rm_decision_interfaces__rosidl_generator_c
[0.198s] [ 12%] Built target ament_cmake_python_symlink_rm_decision_interfaces
[0.238s] [ 23%] Built target rm_decision_interfaces__rosidl_typesupport_fastrtps_cpp
[0.248s] [ 33%] Built target rm_decision_interfaces__rosidl_typesupport_introspection_cpp
[0.257s] [ 43%] Built target rm_decision_interfaces__rosidl_typesupport_cpp
[0.332s] [ 53%] Built target rm_decision_interfaces__rosidl_typesupport_c
[0.335s] [ 64%] Built target rm_decision_interfaces__rosidl_typesupport_introspection_c
[0.350s] [ 74%] Built target rm_decision_interfaces__rosidl_typesupport_fastrtps_c
[0.453s] [ 74%] Built target rm_decision_interfaces
[0.542s] [ 76%] Built target rm_decision_interfaces__py
[0.623s] [ 84%] Built target rm_decision_interfaces__rosidl_generator_py
[0.682s] [ 89%] Built target rm_decision_interfaces__rosidl_typesupport_introspection_c__pyext
[0.695s] [ 94%] Built target rm_decision_interfaces__rosidl_typesupport_fastrtps_c__pyext
[0.696s] [100%] Built target rm_decision_interfaces__rosidl_typesupport_c__pyext
[0.776s] running egg_info
[0.779s] writing rm_decision_interfaces.egg-info/PKG-INFO
[0.779s] writing dependency_links to rm_decision_interfaces.egg-info/dependency_links.txt
[0.779s] writing top-level names to rm_decision_interfaces.egg-info/top_level.txt
[0.788s] reading manifest file 'rm_decision_interfaces.egg-info/SOURCES.txt'
[0.788s] writing manifest file 'rm_decision_interfaces.egg-info/SOURCES.txt'
[0.815s] [100%] Built target ament_cmake_python_build_rm_decision_interfaces_egg
[0.835s] Invoked command in '/home/hero/Desktop/birdiebot_nav_ws/build/rm_decision_interfaces' returned '0': CMAKE_PREFIX_PATH=/opt/ros/humble /usr/bin/cmake --build /home/hero/Desktop/birdiebot_nav_ws/build/rm_decision_interfaces -- -j8 -l8
[0.981s] Invoking command in '/home/hero/Desktop/birdiebot_nav_ws/build/rm_decision_interfaces': CMAKE_PREFIX_PATH=/opt/ros/humble /usr/bin/cmake --install /home/hero/Desktop/birdiebot_nav_ws/build/rm_decision_interfaces
[0.998s] -- Install configuration: ""
[0.998s] -- Execute custom install script
[0.998s] -- Up-to-date symlink: /home/hero/Desktop/birdiebot_nav_ws/install/rm_decision_interfaces/share/ament_index/resource_index/rosidl_interfaces/rm_decision_interfaces
[0.998s] -- Up-to-date symlink: /home/hero/Desktop/birdiebot_nav_ws/install/rm_decision_interfaces/include/rm_decision_interfaces/rm_decision_interfaces/msg/cv_decision.h
[0.998s] -- Up-to-date symlink: /home/hero/Desktop/birdiebot_nav_ws/install/rm_decision_interfaces/include/rm_decision_interfaces/rm_decision_interfaces/msg/detail/cv_decision__functions.h
[0.998s] -- Up-to-date symlink: /home/hero/Desktop/birdiebot_nav_ws/install/rm_decision_interfaces/include/rm_decision_interfaces/rm_decision_interfaces/msg/detail/cv_decision__struct.h
[0.998s] -- Up-to-date symlink: /home/hero/Desktop/birdiebot_nav_ws/install/rm_decision_interfaces/include/rm_decision_interfaces/rm_decision_interfaces/msg/detail/cv_decision__type_support.h
[0.998s] -- Up-to-date symlink: /home/hero/Desktop/birdiebot_nav_ws/install/rm_decision_interfaces/include/rm_decision_interfaces/rm_decision_interfaces/msg/detail/robot_control__functions.h
[0.998s] -- Up-to-date symlink: /home/hero/Desktop/birdiebot_nav_ws/install/rm_decision_interfaces/include/rm_decision_interfaces/rm_decision_interfaces/msg/detail/robot_control__struct.h
[0.998s] -- Up-to-date symlink: /home/hero/Desktop/birdiebot_nav_ws/install/rm_decision_interfaces/include/rm_decision_interfaces/rm_decision_interfaces/msg/detail/robot_control__type_support.h
[0.998s] -- Up-to-date symlink: /home/hero/Desktop/birdiebot_nav_ws/install/rm_decision_interfaces/include/rm_decision_interfaces/rm_decision_interfaces/msg/robot_control.h
[0.998s] -- Up-to-date symlink: /home/hero/Desktop/birdiebot_nav_ws/install/rm_decision_interfaces/include/rm_decision_interfaces/rm_decision_interfaces/msg/rosidl_generator_c__visibility_control.h
[0.998s] -- Up-to-date symlink: /home/hero/Desktop/birdiebot_nav_ws/install/rm_decision_interfaces/share/rm_decision_interfaces/environment/library_path.sh
[0.998s] -- Up-to-date symlink: /home/hero/Desktop/birdiebot_nav_ws/install/rm_decision_interfaces/share/rm_decision_interfaces/environment/library_path.dsv
[0.998s] -- Up-to-date symlink: /home/hero/Desktop/birdiebot_nav_ws/install/rm_decision_interfaces/include/rm_decision_interfaces/rm_decision_interfaces/msg/detail/cv_decision__rosidl_typesupport_fastrtps_c.h
[0.998s] -- Up-to-date symlink: /home/hero/Desktop/birdiebot_nav_ws/install/rm_decision_interfaces/include/rm_decision_interfaces/rm_decision_interfaces/msg/detail/robot_control__rosidl_typesupport_fastrtps_c.h
[0.999s] -- Up-to-date symlink: /home/hero/Desktop/birdiebot_nav_ws/install/rm_decision_interfaces/include/rm_decision_interfaces/rm_decision_interfaces/msg/rosidl_typesupport_fastrtps_c__visibility_control.h
[0.999s] -- Up-to-date symlink: /home/hero/Desktop/birdiebot_nav_ws/install/rm_decision_interfaces/include/rm_decision_interfaces/rm_decision_interfaces/msg/detail/cv_decision__rosidl_typesupport_introspection_c.h
[0.999s] -- Up-to-date symlink: /home/hero/Desktop/birdiebot_nav_ws/install/rm_decision_interfaces/include/rm_decision_interfaces/rm_decision_interfaces/msg/detail/robot_control__rosidl_typesupport_introspection_c.h
[0.999s] -- Up-to-date symlink: /home/hero/Desktop/birdiebot_nav_ws/install/rm_decision_interfaces/include/rm_decision_interfaces/rm_decision_interfaces/msg/rosidl_typesupport_introspection_c__visibility_control.h
[0.999s] -- Up-to-date symlink: /home/hero/Desktop/birdiebot_nav_ws/install/rm_decision_interfaces/include/rm_decision_interfaces/rm_decision_interfaces/msg/cv_decision.hpp
[0.999s] -- Up-to-date symlink: /home/hero/Desktop/birdiebot_nav_ws/install/rm_decision_interfaces/include/rm_decision_interfaces/rm_decision_interfaces/msg/detail/cv_decision__builder.hpp
[0.999s] -- Up-to-date symlink: /home/hero/Desktop/birdiebot_nav_ws/install/rm_decision_interfaces/include/rm_decision_interfaces/rm_decision_interfaces/msg/detail/cv_decision__struct.hpp
[0.999s] -- Up-to-date symlink: /home/hero/Desktop/birdiebot_nav_ws/install/rm_decision_interfaces/include/rm_decision_interfaces/rm_decision_interfaces/msg/detail/cv_decision__traits.hpp
[0.999s] -- Up-to-date symlink: /home/hero/Desktop/birdiebot_nav_ws/install/rm_decision_interfaces/include/rm_decision_interfaces/rm_decision_interfaces/msg/detail/cv_decision__type_support.hpp
[0.999s] -- Up-to-date symlink: /home/hero/Desktop/birdiebot_nav_ws/install/rm_decision_interfaces/include/rm_decision_interfaces/rm_decision_interfaces/msg/detail/robot_control__builder.hpp
[0.999s] -- Up-to-date symlink: /home/hero/Desktop/birdiebot_nav_ws/install/rm_decision_interfaces/include/rm_decision_interfaces/rm_decision_interfaces/msg/detail/robot_control__struct.hpp
[0.999s] -- Up-to-date symlink: /home/hero/Desktop/birdiebot_nav_ws/install/rm_decision_interfaces/include/rm_decision_interfaces/rm_decision_interfaces/msg/detail/robot_control__traits.hpp
[0.999s] -- Up-to-date symlink: /home/hero/Desktop/birdiebot_nav_ws/install/rm_decision_interfaces/include/rm_decision_interfaces/rm_decision_interfaces/msg/detail/robot_control__type_support.hpp
[0.999s] -- Up-to-date symlink: /home/hero/Desktop/birdiebot_nav_ws/install/rm_decision_interfaces/include/rm_decision_interfaces/rm_decision_interfaces/msg/robot_control.hpp
[0.999s] -- Up-to-date symlink: /home/hero/Desktop/birdiebot_nav_ws/install/rm_decision_interfaces/include/rm_decision_interfaces/rm_decision_interfaces/msg/rosidl_generator_cpp__visibility_control.hpp
[0.999s] -- Up-to-date symlink: /home/hero/Desktop/birdiebot_nav_ws/install/rm_decision_interfaces/include/rm_decision_interfaces/rm_decision_interfaces/msg/detail/cv_decision__rosidl_typesupport_fastrtps_cpp.hpp
[0.999s] -- Up-to-date symlink: /home/hero/Desktop/birdiebot_nav_ws/install/rm_decision_interfaces/include/rm_decision_interfaces/rm_decision_interfaces/msg/detail/robot_control__rosidl_typesupport_fastrtps_cpp.hpp
[0.999s] -- Up-to-date symlink: /home/hero/Desktop/birdiebot_nav_ws/install/rm_decision_interfaces/include/rm_decision_interfaces/rm_decision_interfaces/msg/rosidl_typesupport_fastrtps_cpp__visibility_control.h
[0.999s] -- Up-to-date symlink: /home/hero/Desktop/birdiebot_nav_ws/install/rm_decision_interfaces/include/rm_decision_interfaces/rm_decision_interfaces/msg/detail/cv_decision__rosidl_typesupport_introspection_cpp.hpp
[1.000s] -- Up-to-date symlink: /home/hero/Desktop/birdiebot_nav_ws/install/rm_decision_interfaces/include/rm_decision_interfaces/rm_decision_interfaces/msg/detail/robot_control__rosidl_typesupport_introspection_cpp.hpp
[1.000s] -- Up-to-date symlink: /home/hero/Desktop/birdiebot_nav_ws/install/rm_decision_interfaces/share/rm_decision_interfaces/environment/pythonpath.sh
[1.000s] -- Up-to-date symlink: /home/hero/Desktop/birdiebot_nav_ws/install/rm_decision_interfaces/share/rm_decision_interfaces/environment/pythonpath.dsv
[1.000s] -- Up-to-date symlink: /home/hero/Desktop/birdiebot_nav_ws/install/rm_decision_interfaces/local/lib/python3.10/dist-packages/rm_decision_interfaces-0.0.0-py3.10.egg-info/PKG-INFO
[1.000s] -- Up-to-date symlink: /home/hero/Desktop/birdiebot_nav_ws/install/rm_decision_interfaces/local/lib/python3.10/dist-packages/rm_decision_interfaces-0.0.0-py3.10.egg-info/SOURCES.txt
[1.000s] -- Up-to-date symlink: /home/hero/Desktop/birdiebot_nav_ws/install/rm_decision_interfaces/local/lib/python3.10/dist-packages/rm_decision_interfaces-0.0.0-py3.10.egg-info/dependency_links.txt
[1.000s] -- Up-to-date symlink: /home/hero/Desktop/birdiebot_nav_ws/install/rm_decision_interfaces/local/lib/python3.10/dist-packages/rm_decision_interfaces-0.0.0-py3.10.egg-info/top_level.txt
[1.000s] -- Up-to-date symlink: /home/hero/Desktop/birdiebot_nav_ws/install/rm_decision_interfaces/local/lib/python3.10/dist-packages/rm_decision_interfaces/__init__.py
[1.000s] -- Up-to-date symlink: /home/hero/Desktop/birdiebot_nav_ws/install/rm_decision_interfaces/local/lib/python3.10/dist-packages/rm_decision_interfaces/_rm_decision_interfaces_s.ep.rosidl_typesupport_c.c
[1.000s] -- Up-to-date symlink: /home/hero/Desktop/birdiebot_nav_ws/install/rm_decision_interfaces/local/lib/python3.10/dist-packages/rm_decision_interfaces/_rm_decision_interfaces_s.ep.rosidl_typesupport_fastrtps_c.c
[1.000s] -- Up-to-date symlink: /home/hero/Desktop/birdiebot_nav_ws/install/rm_decision_interfaces/local/lib/python3.10/dist-packages/rm_decision_interfaces/_rm_decision_interfaces_s.ep.rosidl_typesupport_introspection_c.c
[1.001s] -- Up-to-date symlink: /home/hero/Desktop/birdiebot_nav_ws/install/rm_decision_interfaces/local/lib/python3.10/dist-packages/rm_decision_interfaces/librm_decision_interfaces__rosidl_generator_py.so
[1.001s] -- Up-to-date symlink: /home/hero/Desktop/birdiebot_nav_ws/install/rm_decision_interfaces/local/lib/python3.10/dist-packages/rm_decision_interfaces/msg/__init__.py
[1.001s] -- Up-to-date symlink: /home/hero/Desktop/birdiebot_nav_ws/install/rm_decision_interfaces/local/lib/python3.10/dist-packages/rm_decision_interfaces/msg/_cv_decision.py
[1.001s] -- Up-to-date symlink: /home/hero/Desktop/birdiebot_nav_ws/install/rm_decision_interfaces/local/lib/python3.10/dist-packages/rm_decision_interfaces/msg/_cv_decision_s.c
[1.001s] -- Up-to-date symlink: /home/hero/Desktop/birdiebot_nav_ws/install/rm_decision_interfaces/local/lib/python3.10/dist-packages/rm_decision_interfaces/msg/_robot_control.py
[1.001s] -- Up-to-date symlink: /home/hero/Desktop/birdiebot_nav_ws/install/rm_decision_interfaces/local/lib/python3.10/dist-packages/rm_decision_interfaces/msg/_robot_control_s.c
[1.001s] -- Up-to-date symlink: /home/hero/Desktop/birdiebot_nav_ws/install/rm_decision_interfaces/local/lib/python3.10/dist-packages/rm_decision_interfaces/rm_decision_interfaces_s__rosidl_typesupport_c.cpython-310-x86_64-linux-gnu.so
[1.001s] -- Up-to-date symlink: /home/hero/Desktop/birdiebot_nav_ws/install/rm_decision_interfaces/local/lib/python3.10/dist-packages/rm_decision_interfaces/rm_decision_interfaces_s__rosidl_typesupport_fastrtps_c.cpython-310-x86_64-linux-gnu.so
[1.001s] -- Up-to-date symlink: /home/hero/Desktop/birdiebot_nav_ws/install/rm_decision_interfaces/local/lib/python3.10/dist-packages/rm_decision_interfaces/rm_decision_interfaces_s__rosidl_typesupport_introspection_c.cpython-310-x86_64-linux-gnu.so
[1.001s] -- Up-to-date symlink: /home/hero/Desktop/birdiebot_nav_ws/install/rm_decision_interfaces/local/lib/python3.10/dist-packages/rm_decision_interfaces/rm_decision_interfaces_s__rosidl_typesupport_fastrtps_c.cpython-310-x86_64-linux-gnu.so
[1.001s] -- Up-to-date symlink: /home/hero/Desktop/birdiebot_nav_ws/install/rm_decision_interfaces/local/lib/python3.10/dist-packages/rm_decision_interfaces/rm_decision_interfaces_s__rosidl_typesupport_introspection_c.cpython-310-x86_64-linux-gnu.so
[1.001s] -- Up-to-date symlink: /home/hero/Desktop/birdiebot_nav_ws/install/rm_decision_interfaces/local/lib/python3.10/dist-packages/rm_decision_interfaces/rm_decision_interfaces_s__rosidl_typesupport_c.cpython-310-x86_64-linux-gnu.so
[1.001s] -- Up-to-date symlink: /home/hero/Desktop/birdiebot_nav_ws/install/rm_decision_interfaces/share/rm_decision_interfaces/msg/RobotControl.idl
[1.001s] -- Up-to-date symlink: /home/hero/Desktop/birdiebot_nav_ws/install/rm_decision_interfaces/share/rm_decision_interfaces/msg/CvDecision.idl
[1.001s] -- Up-to-date symlink: /home/hero/Desktop/birdiebot_nav_ws/install/rm_decision_interfaces/share/rm_decision_interfaces/msg/RobotControl.msg
[1.001s] -- Up-to-date symlink: /home/hero/Desktop/birdiebot_nav_ws/install/rm_decision_interfaces/share/rm_decision_interfaces/msg/CvDecision.msg
[1.001s] -- Up-to-date symlink: /home/hero/Desktop/birdiebot_nav_ws/install/rm_decision_interfaces/share/ament_index/resource_index/package_run_dependencies/rm_decision_interfaces
[1.001s] -- Up-to-date symlink: /home/hero/Desktop/birdiebot_nav_ws/install/rm_decision_interfaces/share/ament_index/resource_index/parent_prefix_path/rm_decision_interfaces
[1.002s] -- Up-to-date symlink: /home/hero/Desktop/birdiebot_nav_ws/install/rm_decision_interfaces/share/rm_decision_interfaces/environment/ament_prefix_path.sh
[1.002s] -- Up-to-date symlink: /home/hero/Desktop/birdiebot_nav_ws/install/rm_decision_interfaces/share/rm_decision_interfaces/environment/ament_prefix_path.dsv
[1.002s] -- Up-to-date symlink: /home/hero/Desktop/birdiebot_nav_ws/install/rm_decision_interfaces/share/rm_decision_interfaces/environment/path.sh
[1.002s] -- Up-to-date symlink: /home/hero/Desktop/birdiebot_nav_ws/install/rm_decision_interfaces/share/rm_decision_interfaces/environment/path.dsv
[1.002s] -- Up-to-date symlink: /home/hero/Desktop/birdiebot_nav_ws/install/rm_decision_interfaces/share/rm_decision_interfaces/local_setup.bash
[1.002s] -- Up-to-date symlink: /home/hero/Desktop/birdiebot_nav_ws/install/rm_decision_interfaces/share/rm_decision_interfaces/local_setup.sh
[1.002s] -- Up-to-date symlink: /home/hero/Desktop/birdiebot_nav_ws/install/rm_decision_interfaces/share/rm_decision_interfaces/local_setup.zsh
[1.002s] -- Up-to-date symlink: /home/hero/Desktop/birdiebot_nav_ws/install/rm_decision_interfaces/share/rm_decision_interfaces/local_setup.dsv
[1.002s] -- Symlinking: /home/hero/Desktop/birdiebot_nav_ws/install/rm_decision_interfaces/share/rm_decision_interfaces/package.dsv
[1.020s] -- Up-to-date symlink: /home/hero/Desktop/birdiebot_nav_ws/install/rm_decision_interfaces/share/ament_index/resource_index/packages/rm_decision_interfaces
[1.021s] -- Up-to-date symlink: /home/hero/Desktop/birdiebot_nav_ws/install/rm_decision_interfaces/share/rm_decision_interfaces/cmake/rosidl_cmake-extras.cmake
[1.021s] -- Up-to-date symlink: /home/hero/Desktop/birdiebot_nav_ws/install/rm_decision_interfaces/share/rm_decision_interfaces/cmake/ament_cmake_export_dependencies-extras.cmake
[1.021s] -- Up-to-date symlink: /home/hero/Desktop/birdiebot_nav_ws/install/rm_decision_interfaces/share/rm_decision_interfaces/cmake/ament_cmake_export_include_directories-extras.cmake
[1.021s] -- Up-to-date symlink: /home/hero/Desktop/birdiebot_nav_ws/install/rm_decision_interfaces/share/rm_decision_interfaces/cmake/ament_cmake_export_libraries-extras.cmake
[1.021s] -- Up-to-date symlink: /home/hero/Desktop/birdiebot_nav_ws/install/rm_decision_interfaces/share/rm_decision_interfaces/cmake/ament_cmake_export_targets-extras.cmake
[1.021s] -- Up-to-date symlink: /home/hero/Desktop/birdiebot_nav_ws/install/rm_decision_interfaces/share/rm_decision_interfaces/cmake/rosidl_cmake_export_typesupport_targets-extras.cmake
[1.021s] -- Up-to-date symlink: /home/hero/Desktop/birdiebot_nav_ws/install/rm_decision_interfaces/share/rm_decision_interfaces/cmake/rosidl_cmake_export_typesupport_libraries-extras.cmake
[1.021s] -- Up-to-date symlink: /home/hero/Desktop/birdiebot_nav_ws/install/rm_decision_interfaces/share/rm_decision_interfaces/cmake/rm_decision_interfacesConfig.cmake
[1.021s] -- Up-to-date symlink: /home/hero/Desktop/birdiebot_nav_ws/install/rm_decision_interfaces/share/rm_decision_interfaces/cmake/rm_decision_interfacesConfig-version.cmake
[1.021s] -- Up-to-date symlink: /home/hero/Desktop/birdiebot_nav_ws/install/rm_decision_interfaces/share/rm_decision_interfaces/package.xml
[1.021s] -- Up-to-date: /home/hero/Desktop/birdiebot_nav_ws/install/rm_decision_interfaces/lib/librm_decision_interfaces__rosidl_generator_c.so
[1.021s] -- Up-to-date: /home/hero/Desktop/birdiebot_nav_ws/install/rm_decision_interfaces/lib/librm_decision_interfaces__rosidl_typesupport_fastrtps_c.so
[1.021s] -- Up-to-date: /home/hero/Desktop/birdiebot_nav_ws/install/rm_decision_interfaces/lib/librm_decision_interfaces__rosidl_typesupport_introspection_c.so
[1.021s] -- Up-to-date: /home/hero/Desktop/birdiebot_nav_ws/install/rm_decision_interfaces/lib/librm_decision_interfaces__rosidl_typesupport_c.so
[1.021s] -- Up-to-date: /home/hero/Desktop/birdiebot_nav_ws/install/rm_decision_interfaces/lib/librm_decision_interfaces__rosidl_typesupport_fastrtps_cpp.so
[1.021s] -- Up-to-date: /home/hero/Desktop/birdiebot_nav_ws/install/rm_decision_interfaces/lib/librm_decision_interfaces__rosidl_typesupport_introspection_cpp.so
[1.021s] -- Up-to-date: /home/hero/Desktop/birdiebot_nav_ws/install/rm_decision_interfaces/lib/librm_decision_interfaces__rosidl_typesupport_cpp.so
[1.044s] Listing '/home/hero/Desktop/birdiebot_nav_ws/install/rm_decision_interfaces/local/lib/python3.10/dist-packages/rm_decision_interfaces'...
[1.044s] Listing '/home/hero/Desktop/birdiebot_nav_ws/install/rm_decision_interfaces/local/lib/python3.10/dist-packages/rm_decision_interfaces/msg'...
[1.050s] -- Up-to-date: /home/hero/Desktop/birdiebot_nav_ws/install/rm_decision_interfaces/lib/librm_decision_interfaces__rosidl_generator_py.so
[1.050s] -- Up-to-date: /home/hero/Desktop/birdiebot_nav_ws/install/rm_decision_interfaces/share/rm_decision_interfaces/cmake/export_rm_decision_interfaces__rosidl_generator_cExport.cmake
[1.050s] -- Up-to-date: /home/hero/Desktop/birdiebot_nav_ws/install/rm_decision_interfaces/share/rm_decision_interfaces/cmake/export_rm_decision_interfaces__rosidl_generator_cExport-noconfig.cmake
[1.050s] -- Up-to-date: /home/hero/Desktop/birdiebot_nav_ws/install/rm_decision_interfaces/share/rm_decision_interfaces/cmake/export_rm_decision_interfaces__rosidl_typesupport_fastrtps_cExport.cmake
[1.051s] -- Up-to-date: /home/hero/Desktop/birdiebot_nav_ws/install/rm_decision_interfaces/share/rm_decision_interfaces/cmake/export_rm_decision_interfaces__rosidl_typesupport_fastrtps_cExport-noconfig.cmake
[1.051s] -- Up-to-date: /home/hero/Desktop/birdiebot_nav_ws/install/rm_decision_interfaces/share/rm_decision_interfaces/cmake/rm_decision_interfaces__rosidl_typesupport_introspection_cExport.cmake
[1.051s] -- Up-to-date: /home/hero/Desktop/birdiebot_nav_ws/install/rm_decision_interfaces/share/rm_decision_interfaces/cmake/rm_decision_interfaces__rosidl_typesupport_introspection_cExport-noconfig.cmake
[1.051s] -- Up-to-date: /home/hero/Desktop/birdiebot_nav_ws/install/rm_decision_interfaces/share/rm_decision_interfaces/cmake/rm_decision_interfaces__rosidl_typesupport_cExport.cmake
[1.051s] -- Up-to-date: /home/hero/Desktop/birdiebot_nav_ws/install/rm_decision_interfaces/share/rm_decision_interfaces/cmake/rm_decision_interfaces__rosidl_typesupport_cExport-noconfig.cmake
[1.051s] -- Up-to-date: /home/hero/Desktop/birdiebot_nav_ws/install/rm_decision_interfaces/share/rm_decision_interfaces/cmake/export_rm_decision_interfaces__rosidl_generator_cppExport.cmake
[1.051s] -- Up-to-date: /home/hero/Desktop/birdiebot_nav_ws/install/rm_decision_interfaces/share/rm_decision_interfaces/cmake/export_rm_decision_interfaces__rosidl_typesupport_fastrtps_cppExport.cmake
[1.051s] -- Up-to-date: /home/hero/Desktop/birdiebot_nav_ws/install/rm_decision_interfaces/share/rm_decision_interfaces/cmake/export_rm_decision_interfaces__rosidl_typesupport_fastrtps_cppExport-noconfig.cmake
[1.051s] -- Up-to-date: /home/hero/Desktop/birdiebot_nav_ws/install/rm_decision_interfaces/share/rm_decision_interfaces/cmake/rm_decision_interfaces__rosidl_typesupport_introspection_cppExport.cmake
[1.052s] -- Up-to-date: /home/hero/Desktop/birdiebot_nav_ws/install/rm_decision_interfaces/share/rm_decision_interfaces/cmake/rm_decision_interfaces__rosidl_typesupport_introspection_cppExport-noconfig.cmake
[1.052s] -- Up-to-date: /home/hero/Desktop/birdiebot_nav_ws/install/rm_decision_interfaces/share/rm_decision_interfaces/cmake/rm_decision_interfaces__rosidl_typesupport_cppExport.cmake
[1.052s] -- Up-to-date: /home/hero/Desktop/birdiebot_nav_ws/install/rm_decision_interfaces/share/rm_decision_interfaces/cmake/rm_decision_interfaces__rosidl_typesupport_cppExport-noconfig.cmake
[1.052s] -- Up-to-date: /home/hero/Desktop/birdiebot_nav_ws/install/rm_decision_interfaces/share/rm_decision_interfaces/cmake/export_rm_decision_interfaces__rosidl_generator_pyExport.cmake
[1.052s] -- Up-to-date: /home/hero/Desktop/birdiebot_nav_ws/install/rm_decision_interfaces/share/rm_decision_interfaces/cmake/export_rm_decision_interfaces__rosidl_generator_pyExport-noconfig.cmake
[1.082s] Invoked command in '/home/hero/Desktop/birdiebot_nav_ws/build/rm_decision_interfaces' returned '0': CMAKE_PREFIX_PATH=/opt/ros/humble /usr/bin/cmake --install /home/hero/Desktop/birdiebot_nav_ws/build/rm_decision_interfaces
