[0.024s] Invoking command in '/home/hero/Desktop/birdiebot_nav_ws/build/navigation_interfaces': CMAKE_PREFIX_PATH=/opt/ros/humble /usr/bin/cmake --build /home/hero/Desktop/birdiebot_nav_ws/build/navigation_interfaces -- -j8 -l8
[0.089s] [  3%] Built target navigation_interfaces__cpp
[0.149s] [  3%] Built target ament_cmake_python_symlink_navigation_interfaces
[0.158s] [ 12%] Built target navigation_interfaces__rosidl_generator_c
[0.172s] [ 22%] Built target navigation_interfaces__rosidl_typesupport_cpp
[0.191s] [ 32%] Built target navigation_interfaces__rosidl_typesupport_fastrtps_cpp
[0.202s] [ 41%] Built target navigation_interfaces__rosidl_typesupport_introspection_cpp
[0.257s] [ 51%] Built target navigation_interfaces__rosidl_typesupport_fastrtps_c
[0.264s] [ 61%] Built target navigation_interfaces__rosidl_typesupport_introspection_c
[0.265s] [ 70%] Built target navigation_interfaces__rosidl_typesupport_c
[0.386s] [ 70%] Built target navigation_interfaces
[0.422s] [ 74%] Built target navigation_interfaces__py
[0.471s] [ 80%] Built target navigation_interfaces__rosidl_generator_py
[0.549s] [ 87%] Built target navigation_interfaces__rosidl_typesupport_fastrtps_c__pyext
[0.559s] [ 93%] Built target navigation_interfaces__rosidl_typesupport_introspection_c__pyext
[0.572s] [100%] Built target navigation_interfaces__rosidl_typesupport_c__pyext
[0.602s] running egg_info
[0.603s] writing navigation_interfaces.egg-info/PKG-INFO
[0.604s] writing dependency_links to navigation_interfaces.egg-info/dependency_links.txt
[0.606s] writing top-level names to navigation_interfaces.egg-info/top_level.txt
[0.609s] reading manifest file 'navigation_interfaces.egg-info/SOURCES.txt'
[0.613s] writing manifest file 'navigation_interfaces.egg-info/SOURCES.txt'
[0.659s] [100%] Built target ament_cmake_python_build_navigation_interfaces_egg
[0.674s] Invoked command in '/home/hero/Desktop/birdiebot_nav_ws/build/navigation_interfaces' returned '0': CMAKE_PREFIX_PATH=/opt/ros/humble /usr/bin/cmake --build /home/hero/Desktop/birdiebot_nav_ws/build/navigation_interfaces -- -j8 -l8
[0.802s] Invoking command in '/home/hero/Desktop/birdiebot_nav_ws/build/navigation_interfaces': CMAKE_PREFIX_PATH=/opt/ros/humble /usr/bin/cmake --install /home/hero/Desktop/birdiebot_nav_ws/build/navigation_interfaces
[0.809s] -- Install configuration: ""
[0.809s] -- Execute custom install script
[0.810s] -- Up-to-date symlink: /home/hero/Desktop/birdiebot_nav_ws/install/navigation_interfaces/share/ament_index/resource_index/rosidl_interfaces/navigation_interfaces
[0.810s] -- Up-to-date symlink: /home/hero/Desktop/birdiebot_nav_ws/install/navigation_interfaces/include/navigation_interfaces/navigation_interfaces/msg/detail/navigation__functions.h
[0.813s] -- Up-to-date symlink: /home/hero/Desktop/birdiebot_nav_ws/install/navigation_interfaces/include/navigation_interfaces/navigation_interfaces/msg/detail/navigation__struct.h
[0.814s] -- Up-to-date symlink: /home/hero/Desktop/birdiebot_nav_ws/install/navigation_interfaces/include/navigation_interfaces/navigation_interfaces/msg/detail/navigation__type_support.h
[0.814s] -- Up-to-date symlink: /home/hero/Desktop/birdiebot_nav_ws/install/navigation_interfaces/include/navigation_interfaces/navigation_interfaces/msg/navigation.h
[0.814s] -- Up-to-date symlink: /home/hero/Desktop/birdiebot_nav_ws/install/navigation_interfaces/include/navigation_interfaces/navigation_interfaces/msg/rosidl_generator_c__visibility_control.h
[0.814s] -- Up-to-date symlink: /home/hero/Desktop/birdiebot_nav_ws/install/navigation_interfaces/share/navigation_interfaces/environment/library_path.sh
[0.814s] -- Up-to-date symlink: /home/hero/Desktop/birdiebot_nav_ws/install/navigation_interfaces/share/navigation_interfaces/environment/library_path.dsv
[0.814s] -- Up-to-date symlink: /home/hero/Desktop/birdiebot_nav_ws/install/navigation_interfaces/include/navigation_interfaces/navigation_interfaces/msg/detail/navigation__rosidl_typesupport_fastrtps_c.h
[0.814s] -- Up-to-date symlink: /home/hero/Desktop/birdiebot_nav_ws/install/navigation_interfaces/include/navigation_interfaces/navigation_interfaces/msg/rosidl_typesupport_fastrtps_c__visibility_control.h
[0.815s] -- Up-to-date symlink: /home/hero/Desktop/birdiebot_nav_ws/install/navigation_interfaces/include/navigation_interfaces/navigation_interfaces/msg/detail/navigation__rosidl_typesupport_introspection_c.h
[0.815s] -- Up-to-date symlink: /home/hero/Desktop/birdiebot_nav_ws/install/navigation_interfaces/include/navigation_interfaces/navigation_interfaces/msg/rosidl_typesupport_introspection_c__visibility_control.h
[0.816s] -- Up-to-date symlink: /home/hero/Desktop/birdiebot_nav_ws/install/navigation_interfaces/include/navigation_interfaces/navigation_interfaces/msg/detail/navigation__builder.hpp
[0.816s] -- Up-to-date symlink: /home/hero/Desktop/birdiebot_nav_ws/install/navigation_interfaces/include/navigation_interfaces/navigation_interfaces/msg/detail/navigation__struct.hpp
[0.817s] -- Up-to-date symlink: /home/hero/Desktop/birdiebot_nav_ws/install/navigation_interfaces/include/navigation_interfaces/navigation_interfaces/msg/detail/navigation__traits.hpp
[0.817s] -- Up-to-date symlink: /home/hero/Desktop/birdiebot_nav_ws/install/navigation_interfaces/include/navigation_interfaces/navigation_interfaces/msg/detail/navigation__type_support.hpp
[0.817s] -- Up-to-date symlink: /home/hero/Desktop/birdiebot_nav_ws/install/navigation_interfaces/include/navigation_interfaces/navigation_interfaces/msg/navigation.hpp
[0.817s] -- Up-to-date symlink: /home/hero/Desktop/birdiebot_nav_ws/install/navigation_interfaces/include/navigation_interfaces/navigation_interfaces/msg/rosidl_generator_cpp__visibility_control.hpp
[0.817s] -- Up-to-date symlink: /home/hero/Desktop/birdiebot_nav_ws/install/navigation_interfaces/include/navigation_interfaces/navigation_interfaces/msg/detail/navigation__rosidl_typesupport_fastrtps_cpp.hpp
[0.817s] -- Up-to-date symlink: /home/hero/Desktop/birdiebot_nav_ws/install/navigation_interfaces/include/navigation_interfaces/navigation_interfaces/msg/rosidl_typesupport_fastrtps_cpp__visibility_control.h
[0.817s] -- Up-to-date symlink: /home/hero/Desktop/birdiebot_nav_ws/install/navigation_interfaces/include/navigation_interfaces/navigation_interfaces/msg/detail/navigation__rosidl_typesupport_introspection_cpp.hpp
[0.817s] -- Up-to-date symlink: /home/hero/Desktop/birdiebot_nav_ws/install/navigation_interfaces/share/navigation_interfaces/environment/pythonpath.sh
[0.817s] -- Up-to-date symlink: /home/hero/Desktop/birdiebot_nav_ws/install/navigation_interfaces/share/navigation_interfaces/environment/pythonpath.dsv
[0.817s] -- Up-to-date symlink: /home/hero/Desktop/birdiebot_nav_ws/install/navigation_interfaces/local/lib/python3.10/dist-packages/navigation_interfaces-0.0.0-py3.10.egg-info/PKG-INFO
[0.817s] -- Up-to-date symlink: /home/hero/Desktop/birdiebot_nav_ws/install/navigation_interfaces/local/lib/python3.10/dist-packages/navigation_interfaces-0.0.0-py3.10.egg-info/SOURCES.txt
[0.817s] -- Up-to-date symlink: /home/hero/Desktop/birdiebot_nav_ws/install/navigation_interfaces/local/lib/python3.10/dist-packages/navigation_interfaces-0.0.0-py3.10.egg-info/dependency_links.txt
[0.817s] -- Up-to-date symlink: /home/hero/Desktop/birdiebot_nav_ws/install/navigation_interfaces/local/lib/python3.10/dist-packages/navigation_interfaces-0.0.0-py3.10.egg-info/top_level.txt
[0.818s] -- Up-to-date symlink: /home/hero/Desktop/birdiebot_nav_ws/install/navigation_interfaces/local/lib/python3.10/dist-packages/navigation_interfaces/__init__.py
[0.818s] -- Up-to-date symlink: /home/hero/Desktop/birdiebot_nav_ws/install/navigation_interfaces/local/lib/python3.10/dist-packages/navigation_interfaces/_navigation_interfaces_s.ep.rosidl_typesupport_c.c
[0.818s] -- Up-to-date symlink: /home/hero/Desktop/birdiebot_nav_ws/install/navigation_interfaces/local/lib/python3.10/dist-packages/navigation_interfaces/_navigation_interfaces_s.ep.rosidl_typesupport_fastrtps_c.c
[0.818s] -- Up-to-date symlink: /home/hero/Desktop/birdiebot_nav_ws/install/navigation_interfaces/local/lib/python3.10/dist-packages/navigation_interfaces/_navigation_interfaces_s.ep.rosidl_typesupport_introspection_c.c
[0.818s] -- Up-to-date symlink: /home/hero/Desktop/birdiebot_nav_ws/install/navigation_interfaces/local/lib/python3.10/dist-packages/navigation_interfaces/libnavigation_interfaces__rosidl_generator_py.so
[0.818s] -- Up-to-date symlink: /home/hero/Desktop/birdiebot_nav_ws/install/navigation_interfaces/local/lib/python3.10/dist-packages/navigation_interfaces/msg/__init__.py
[0.818s] -- Up-to-date symlink: /home/hero/Desktop/birdiebot_nav_ws/install/navigation_interfaces/local/lib/python3.10/dist-packages/navigation_interfaces/msg/_navigation.py
[0.818s] -- Up-to-date symlink: /home/hero/Desktop/birdiebot_nav_ws/install/navigation_interfaces/local/lib/python3.10/dist-packages/navigation_interfaces/msg/_navigation_s.c
[0.818s] -- Up-to-date symlink: /home/hero/Desktop/birdiebot_nav_ws/install/navigation_interfaces/local/lib/python3.10/dist-packages/navigation_interfaces/navigation_interfaces_s__rosidl_typesupport_c.cpython-310-x86_64-linux-gnu.so
[0.818s] -- Up-to-date symlink: /home/hero/Desktop/birdiebot_nav_ws/install/navigation_interfaces/local/lib/python3.10/dist-packages/navigation_interfaces/navigation_interfaces_s__rosidl_typesupport_fastrtps_c.cpython-310-x86_64-linux-gnu.so
[0.818s] -- Up-to-date symlink: /home/hero/Desktop/birdiebot_nav_ws/install/navigation_interfaces/local/lib/python3.10/dist-packages/navigation_interfaces/navigation_interfaces_s__rosidl_typesupport_introspection_c.cpython-310-x86_64-linux-gnu.so
[0.819s] -- Up-to-date symlink: /home/hero/Desktop/birdiebot_nav_ws/install/navigation_interfaces/local/lib/python3.10/dist-packages/navigation_interfaces/navigation_interfaces_s__rosidl_typesupport_fastrtps_c.cpython-310-x86_64-linux-gnu.so
[0.819s] -- Up-to-date symlink: /home/hero/Desktop/birdiebot_nav_ws/install/navigation_interfaces/local/lib/python3.10/dist-packages/navigation_interfaces/navigation_interfaces_s__rosidl_typesupport_introspection_c.cpython-310-x86_64-linux-gnu.so
[0.819s] -- Up-to-date symlink: /home/hero/Desktop/birdiebot_nav_ws/install/navigation_interfaces/local/lib/python3.10/dist-packages/navigation_interfaces/navigation_interfaces_s__rosidl_typesupport_c.cpython-310-x86_64-linux-gnu.so
[0.819s] -- Up-to-date symlink: /home/hero/Desktop/birdiebot_nav_ws/install/navigation_interfaces/share/navigation_interfaces/msg/Navigation.idl
[0.819s] -- Up-to-date symlink: /home/hero/Desktop/birdiebot_nav_ws/install/navigation_interfaces/share/navigation_interfaces/msg/Navigation.msg
[0.819s] -- Up-to-date symlink: /home/hero/Desktop/birdiebot_nav_ws/install/navigation_interfaces/share/ament_index/resource_index/package_run_dependencies/navigation_interfaces
[0.819s] -- Up-to-date symlink: /home/hero/Desktop/birdiebot_nav_ws/install/navigation_interfaces/share/ament_index/resource_index/parent_prefix_path/navigation_interfaces
[0.820s] -- Up-to-date symlink: /home/hero/Desktop/birdiebot_nav_ws/install/navigation_interfaces/share/navigation_interfaces/environment/ament_prefix_path.sh
[0.820s] -- Up-to-date symlink: /home/hero/Desktop/birdiebot_nav_ws/install/navigation_interfaces/share/navigation_interfaces/environment/ament_prefix_path.dsv
[0.820s] -- Up-to-date symlink: /home/hero/Desktop/birdiebot_nav_ws/install/navigation_interfaces/share/navigation_interfaces/environment/path.sh
[0.820s] -- Up-to-date symlink: /home/hero/Desktop/birdiebot_nav_ws/install/navigation_interfaces/share/navigation_interfaces/environment/path.dsv
[0.820s] -- Up-to-date symlink: /home/hero/Desktop/birdiebot_nav_ws/install/navigation_interfaces/share/navigation_interfaces/local_setup.bash
[0.820s] -- Up-to-date symlink: /home/hero/Desktop/birdiebot_nav_ws/install/navigation_interfaces/share/navigation_interfaces/local_setup.sh
[0.820s] -- Up-to-date symlink: /home/hero/Desktop/birdiebot_nav_ws/install/navigation_interfaces/share/navigation_interfaces/local_setup.zsh
[0.820s] -- Up-to-date symlink: /home/hero/Desktop/birdiebot_nav_ws/install/navigation_interfaces/share/navigation_interfaces/local_setup.dsv
[0.820s] -- Symlinking: /home/hero/Desktop/birdiebot_nav_ws/install/navigation_interfaces/share/navigation_interfaces/package.dsv
[0.833s] -- Up-to-date symlink: /home/hero/Desktop/birdiebot_nav_ws/install/navigation_interfaces/share/ament_index/resource_index/packages/navigation_interfaces
[0.833s] -- Up-to-date symlink: /home/hero/Desktop/birdiebot_nav_ws/install/navigation_interfaces/share/navigation_interfaces/cmake/rosidl_cmake-extras.cmake
[0.833s] -- Up-to-date symlink: /home/hero/Desktop/birdiebot_nav_ws/install/navigation_interfaces/share/navigation_interfaces/cmake/ament_cmake_export_dependencies-extras.cmake
[0.833s] -- Up-to-date symlink: /home/hero/Desktop/birdiebot_nav_ws/install/navigation_interfaces/share/navigation_interfaces/cmake/ament_cmake_export_include_directories-extras.cmake
[0.833s] -- Up-to-date symlink: /home/hero/Desktop/birdiebot_nav_ws/install/navigation_interfaces/share/navigation_interfaces/cmake/ament_cmake_export_libraries-extras.cmake
[0.833s] -- Up-to-date symlink: /home/hero/Desktop/birdiebot_nav_ws/install/navigation_interfaces/share/navigation_interfaces/cmake/ament_cmake_export_targets-extras.cmake
[0.833s] -- Up-to-date symlink: /home/hero/Desktop/birdiebot_nav_ws/install/navigation_interfaces/share/navigation_interfaces/cmake/rosidl_cmake_export_typesupport_targets-extras.cmake
[0.833s] -- Up-to-date symlink: /home/hero/Desktop/birdiebot_nav_ws/install/navigation_interfaces/share/navigation_interfaces/cmake/rosidl_cmake_export_typesupport_libraries-extras.cmake
[0.833s] -- Up-to-date symlink: /home/hero/Desktop/birdiebot_nav_ws/install/navigation_interfaces/share/navigation_interfaces/cmake/navigation_interfacesConfig.cmake
[0.833s] -- Up-to-date symlink: /home/hero/Desktop/birdiebot_nav_ws/install/navigation_interfaces/share/navigation_interfaces/cmake/navigation_interfacesConfig-version.cmake
[0.833s] -- Up-to-date symlink: /home/hero/Desktop/birdiebot_nav_ws/install/navigation_interfaces/share/navigation_interfaces/package.xml
[0.833s] -- Up-to-date: /home/hero/Desktop/birdiebot_nav_ws/install/navigation_interfaces/lib/libnavigation_interfaces__rosidl_generator_c.so
[0.834s] -- Up-to-date: /home/hero/Desktop/birdiebot_nav_ws/install/navigation_interfaces/lib/libnavigation_interfaces__rosidl_typesupport_fastrtps_c.so
[0.834s] -- Up-to-date: /home/hero/Desktop/birdiebot_nav_ws/install/navigation_interfaces/lib/libnavigation_interfaces__rosidl_typesupport_introspection_c.so
[0.834s] -- Up-to-date: /home/hero/Desktop/birdiebot_nav_ws/install/navigation_interfaces/lib/libnavigation_interfaces__rosidl_typesupport_c.so
[0.834s] -- Up-to-date: /home/hero/Desktop/birdiebot_nav_ws/install/navigation_interfaces/lib/libnavigation_interfaces__rosidl_typesupport_fastrtps_cpp.so
[0.834s] -- Up-to-date: /home/hero/Desktop/birdiebot_nav_ws/install/navigation_interfaces/lib/libnavigation_interfaces__rosidl_typesupport_introspection_cpp.so
[0.835s] -- Up-to-date: /home/hero/Desktop/birdiebot_nav_ws/install/navigation_interfaces/lib/libnavigation_interfaces__rosidl_typesupport_cpp.so
[0.879s] Listing '/home/hero/Desktop/birdiebot_nav_ws/install/navigation_interfaces/local/lib/python3.10/dist-packages/navigation_interfaces'...
[0.879s] Listing '/home/hero/Desktop/birdiebot_nav_ws/install/navigation_interfaces/local/lib/python3.10/dist-packages/navigation_interfaces/msg'...
[0.884s] -- Up-to-date: /home/hero/Desktop/birdiebot_nav_ws/install/navigation_interfaces/lib/libnavigation_interfaces__rosidl_generator_py.so
[0.884s] -- Up-to-date: /home/hero/Desktop/birdiebot_nav_ws/install/navigation_interfaces/share/navigation_interfaces/cmake/export_navigation_interfaces__rosidl_generator_cExport.cmake
[0.884s] -- Up-to-date: /home/hero/Desktop/birdiebot_nav_ws/install/navigation_interfaces/share/navigation_interfaces/cmake/export_navigation_interfaces__rosidl_generator_cExport-noconfig.cmake
[0.884s] -- Up-to-date: /home/hero/Desktop/birdiebot_nav_ws/install/navigation_interfaces/share/navigation_interfaces/cmake/export_navigation_interfaces__rosidl_typesupport_fastrtps_cExport.cmake
[0.884s] -- Up-to-date: /home/hero/Desktop/birdiebot_nav_ws/install/navigation_interfaces/share/navigation_interfaces/cmake/export_navigation_interfaces__rosidl_typesupport_fastrtps_cExport-noconfig.cmake
[0.884s] -- Up-to-date: /home/hero/Desktop/birdiebot_nav_ws/install/navigation_interfaces/share/navigation_interfaces/cmake/navigation_interfaces__rosidl_typesupport_introspection_cExport.cmake
[0.884s] -- Up-to-date: /home/hero/Desktop/birdiebot_nav_ws/install/navigation_interfaces/share/navigation_interfaces/cmake/navigation_interfaces__rosidl_typesupport_introspection_cExport-noconfig.cmake
[0.884s] -- Up-to-date: /home/hero/Desktop/birdiebot_nav_ws/install/navigation_interfaces/share/navigation_interfaces/cmake/navigation_interfaces__rosidl_typesupport_cExport.cmake
[0.884s] -- Up-to-date: /home/hero/Desktop/birdiebot_nav_ws/install/navigation_interfaces/share/navigation_interfaces/cmake/navigation_interfaces__rosidl_typesupport_cExport-noconfig.cmake
[0.884s] -- Up-to-date: /home/hero/Desktop/birdiebot_nav_ws/install/navigation_interfaces/share/navigation_interfaces/cmake/export_navigation_interfaces__rosidl_generator_cppExport.cmake
[0.884s] -- Up-to-date: /home/hero/Desktop/birdiebot_nav_ws/install/navigation_interfaces/share/navigation_interfaces/cmake/export_navigation_interfaces__rosidl_typesupport_fastrtps_cppExport.cmake
[0.885s] -- Up-to-date: /home/hero/Desktop/birdiebot_nav_ws/install/navigation_interfaces/share/navigation_interfaces/cmake/export_navigation_interfaces__rosidl_typesupport_fastrtps_cppExport-noconfig.cmake
[0.885s] -- Up-to-date: /home/hero/Desktop/birdiebot_nav_ws/install/navigation_interfaces/share/navigation_interfaces/cmake/navigation_interfaces__rosidl_typesupport_introspection_cppExport.cmake
[0.885s] -- Up-to-date: /home/hero/Desktop/birdiebot_nav_ws/install/navigation_interfaces/share/navigation_interfaces/cmake/navigation_interfaces__rosidl_typesupport_introspection_cppExport-noconfig.cmake
[0.885s] -- Up-to-date: /home/hero/Desktop/birdiebot_nav_ws/install/navigation_interfaces/share/navigation_interfaces/cmake/navigation_interfaces__rosidl_typesupport_cppExport.cmake
[0.885s] -- Up-to-date: /home/hero/Desktop/birdiebot_nav_ws/install/navigation_interfaces/share/navigation_interfaces/cmake/navigation_interfaces__rosidl_typesupport_cppExport-noconfig.cmake
[0.885s] -- Up-to-date: /home/hero/Desktop/birdiebot_nav_ws/install/navigation_interfaces/share/navigation_interfaces/cmake/export_navigation_interfaces__rosidl_generator_pyExport.cmake
[0.886s] -- Up-to-date: /home/hero/Desktop/birdiebot_nav_ws/install/navigation_interfaces/share/navigation_interfaces/cmake/export_navigation_interfaces__rosidl_generator_pyExport-noconfig.cmake
[0.909s] Invoked command in '/home/hero/Desktop/birdiebot_nav_ws/build/navigation_interfaces' returned '0': CMAKE_PREFIX_PATH=/opt/ros/humble /usr/bin/cmake --install /home/hero/Desktop/birdiebot_nav_ws/build/navigation_interfaces
