[0.178s] Invoking command in '/home/hero/Desktop/birdiebot_nav_ws/build/rm_behavior_tree': CMAKE_PREFIX_PATH=/home/hero/Desktop/birdiebot_nav_ws/install/rm_decision_interfaces:/home/hero/Desktop/birdiebot_nav_ws/install/behaviortree_ros2:/home/hero/Desktop/birdiebot_nav_ws/install/terrain_analysis_ext:/home/hero/Desktop/birdiebot_nav_ws/install/terrain_analysis:/home/hero/Desktop/birdiebot_nav_ws/install/ros2_livox_simulation:/home/hero/Desktop/birdiebot_nav_ws/install/rm_serial_driver:/home/hero/Desktop/birdiebot_nav_ws/install/rm_navigation:/home/hero/Desktop/birdiebot_nav_ws/install/rm_nav_bringup:/home/hero/Desktop/birdiebot_nav_ws/install/rm_gimbal_description:/home/hero/Desktop/birdiebot_nav_ws/install/rm_behavior_tree:/home/hero/Desktop/birdiebot_nav_ws/install/rm_auto_aim:/home/hero/Desktop/birdiebot_nav_ws/install/potential_escape_action:/home/hero/Desktop/birdiebot_nav_ws/install/potential_escape:/home/hero/Desktop/birdiebot_nav_ws/install/pointcloud_to_laserscan:/home/hero/Desktop/birdiebot_nav_ws/install/point_lio:/home/hero/Desktop/birdiebot_nav_ws/install/pb_rm_simulation:/home/hero/Desktop/birdiebot_nav_ws/install/pb_omni_pid_pursuit_controller:/home/hero/Desktop/birdiebot_nav_ws/install/navigation_data_processer:/home/hero/Desktop/birdiebot_nav_ws/install/navigation_interfaces:/home/hero/Desktop/birdiebot_nav_ws/install/icp_registration:/home/hero/Desktop/birdiebot_nav_ws/install/fast_lio:/home/hero/Desktop/birdiebot_nav_ws/install/livox_ros_driver2:/home/hero/Desktop/birdiebot_nav_ws/install/linefit_ground_segmentation_ros:/home/hero/Desktop/birdiebot_nav_ws/install/linefit_ground_segmentation:/home/hero/Desktop/birdiebot_nav_ws/install/imu_complementary_filter:/home/hero/Desktop/birdiebot_nav_ws/install/fake_vel_transform:/home/hero/Desktop/birdiebot_nav_ws/install/fake_baselink:/home/hero/Desktop/birdiebot_nav_ws/install/dip_angle:/home/hero/Desktop/birdiebot_nav_ws/install/costmap_converter:/home/hero/Desktop/birdiebot_nav_ws/install/costmap_converter_msgs:/home/hero/Desktop/birdiebot_nav_ws/install/btcpp_ros2_samples:/home/hero/Desktop/birdiebot_nav_ws/install/btcpp_ros2_interfaces:/home/hero/Desktop/birdiebot_nav_ws/install/armor_tracker:/home/hero/Desktop/birdiebot_nav_ws/install/armor_detector:/home/hero/Desktop/birdiebot_nav_ws/install/auto_aim_interfaces:/opt/ros/humble LD_LIBRARY_PATH=/home/hero/Desktop/birdiebot_nav_ws/install/rm_decision_interfaces/lib:/home/hero/Desktop/birdiebot_nav_ws/install/ros2_livox_simulation/lib:/home/hero/Desktop/birdiebot_nav_ws/install/rm_serial_driver/lib:/home/hero/Desktop/birdiebot_nav_ws/install/rm_behavior_tree/lib:/home/hero/Desktop/birdiebot_nav_ws/install/potential_escape_action/lib:/home/hero/Desktop/birdiebot_nav_ws/install/potential_escape/lib:/home/hero/Desktop/birdiebot_nav_ws/install/pointcloud_to_laserscan/lib:/home/hero/Desktop/birdiebot_nav_ws/install/pb_omni_pid_pursuit_controller/lib:/home/hero/Desktop/birdiebot_nav_ws/install/navigation_interfaces/lib:/home/hero/Desktop/birdiebot_nav_ws/install/icp_registration/lib:/home/hero/Desktop/birdiebot_nav_ws/install/fast_lio/lib:/home/hero/Desktop/birdiebot_nav_ws/install/livox_ros_driver2/lib:/home/hero/Desktop/birdiebot_nav_ws/install/linefit_ground_segmentation/lib:/home/hero/Desktop/birdiebot_nav_ws/install/imu_complementary_filter/lib:/home/hero/Desktop/birdiebot_nav_ws/install/fake_vel_transform/lib:/home/hero/Desktop/birdiebot_nav_ws/install/fake_baselink/lib:/home/hero/Desktop/birdiebot_nav_ws/install/costmap_converter/lib:/home/hero/Desktop/birdiebot_nav_ws/install/costmap_converter_msgs/lib:/home/hero/Desktop/birdiebot_nav_ws/install/btcpp_ros2_interfaces/lib:/home/hero/Desktop/birdiebot_nav_ws/install/armor_tracker/lib:/home/hero/Desktop/birdiebot_nav_ws/install/armor_detector/lib:/home/hero/Desktop/birdiebot_nav_ws/install/auto_aim_interfaces/lib:/opt/intel/openvino_2023.3.0/runtime/lib/intel64:/opt/MVS/lib/64:/opt/MVS/lib/32:/opt/intel/openvino_2023.3.0/runtime/lib/intel64:/opt/MVS/lib/64:/opt/MVS/lib/32:/usr/lib/x86_64-linux-gnu/gazebo-11/plugins:/opt/ros/humble/opt/rviz_ogre_vendor/lib:/opt/ros/humble/lib/x86_64-linux-gnu:/opt/ros/humble/lib:/opt/MVS/lib/64:/opt/MVS/lib/32:/opt/MVS/lib/64:/opt/MVS/lib/32 /usr/bin/cmake --build /home/hero/Desktop/birdiebot_nav_ws/build/rm_behavior_tree -- -j8 -l8
[0.247s] [  4%] Built target rate_controller
[0.249s] [  9%] Built target rm_behavior_tree
[0.274s] [ 13%] Built target decision_switch
[0.304s] [ 18%] Built target is_game_start
[0.330s] [ 22%] Built target is_status_ok
[0.356s] [ 27%] Built target is_bullet_ok
[0.374s] [ 31%] Built target is_outpost_ok
[0.399s] [ 36%] Built target is_enemy_outpost_ok
[0.427s] [ 40%] Built target is_time_triggered
[0.453s] [ 45%] Built target send_goal
[0.484s] [ 50%] Built target sub_all_robot_hp
[0.521s] [ 54%] Built target sub_robot_status
[0.552s] [ 59%] Built target sub_game_status
[0.577s] [ 63%] Built target sub_decision_num
[0.607s] [ 68%] Built target sub_cv_decision
[0.636s] [ 72%] Built target sub_decision_status
[0.661s] [ 77%] Built target get_current_location
[0.683s] [ 81%] Built target move_around
[0.714s] [ 86%] Built target print_message
[0.742s] [ 90%] Built target sleep_action
[0.769s] [ 95%] Built target simple_success
[0.797s] [100%] Built target is_center_triggered
[0.863s] Invoked command in '/home/hero/Desktop/birdiebot_nav_ws/build/rm_behavior_tree' returned '0': CMAKE_PREFIX_PATH=/home/hero/Desktop/birdiebot_nav_ws/install/rm_decision_interfaces:/home/hero/Desktop/birdiebot_nav_ws/install/behaviortree_ros2:/home/hero/Desktop/birdiebot_nav_ws/install/terrain_analysis_ext:/home/hero/Desktop/birdiebot_nav_ws/install/terrain_analysis:/home/hero/Desktop/birdiebot_nav_ws/install/ros2_livox_simulation:/home/hero/Desktop/birdiebot_nav_ws/install/rm_serial_driver:/home/hero/Desktop/birdiebot_nav_ws/install/rm_navigation:/home/hero/Desktop/birdiebot_nav_ws/install/rm_nav_bringup:/home/hero/Desktop/birdiebot_nav_ws/install/rm_gimbal_description:/home/hero/Desktop/birdiebot_nav_ws/install/rm_behavior_tree:/home/hero/Desktop/birdiebot_nav_ws/install/rm_auto_aim:/home/hero/Desktop/birdiebot_nav_ws/install/potential_escape_action:/home/hero/Desktop/birdiebot_nav_ws/install/potential_escape:/home/hero/Desktop/birdiebot_nav_ws/install/pointcloud_to_laserscan:/home/hero/Desktop/birdiebot_nav_ws/install/point_lio:/home/hero/Desktop/birdiebot_nav_ws/install/pb_rm_simulation:/home/hero/Desktop/birdiebot_nav_ws/install/pb_omni_pid_pursuit_controller:/home/hero/Desktop/birdiebot_nav_ws/install/navigation_data_processer:/home/hero/Desktop/birdiebot_nav_ws/install/navigation_interfaces:/home/hero/Desktop/birdiebot_nav_ws/install/icp_registration:/home/hero/Desktop/birdiebot_nav_ws/install/fast_lio:/home/hero/Desktop/birdiebot_nav_ws/install/livox_ros_driver2:/home/hero/Desktop/birdiebot_nav_ws/install/linefit_ground_segmentation_ros:/home/hero/Desktop/birdiebot_nav_ws/install/linefit_ground_segmentation:/home/hero/Desktop/birdiebot_nav_ws/install/imu_complementary_filter:/home/hero/Desktop/birdiebot_nav_ws/install/fake_vel_transform:/home/hero/Desktop/birdiebot_nav_ws/install/fake_baselink:/home/hero/Desktop/birdiebot_nav_ws/install/dip_angle:/home/hero/Desktop/birdiebot_nav_ws/install/costmap_converter:/home/hero/Desktop/birdiebot_nav_ws/install/costmap_converter_msgs:/home/hero/Desktop/birdiebot_nav_ws/install/btcpp_ros2_samples:/home/hero/Desktop/birdiebot_nav_ws/install/btcpp_ros2_interfaces:/home/hero/Desktop/birdiebot_nav_ws/install/armor_tracker:/home/hero/Desktop/birdiebot_nav_ws/install/armor_detector:/home/hero/Desktop/birdiebot_nav_ws/install/auto_aim_interfaces:/opt/ros/humble LD_LIBRARY_PATH=/home/hero/Desktop/birdiebot_nav_ws/install/rm_decision_interfaces/lib:/home/hero/Desktop/birdiebot_nav_ws/install/ros2_livox_simulation/lib:/home/hero/Desktop/birdiebot_nav_ws/install/rm_serial_driver/lib:/home/hero/Desktop/birdiebot_nav_ws/install/rm_behavior_tree/lib:/home/hero/Desktop/birdiebot_nav_ws/install/potential_escape_action/lib:/home/hero/Desktop/birdiebot_nav_ws/install/potential_escape/lib:/home/hero/Desktop/birdiebot_nav_ws/install/pointcloud_to_laserscan/lib:/home/hero/Desktop/birdiebot_nav_ws/install/pb_omni_pid_pursuit_controller/lib:/home/hero/Desktop/birdiebot_nav_ws/install/navigation_interfaces/lib:/home/hero/Desktop/birdiebot_nav_ws/install/icp_registration/lib:/home/hero/Desktop/birdiebot_nav_ws/install/fast_lio/lib:/home/hero/Desktop/birdiebot_nav_ws/install/livox_ros_driver2/lib:/home/hero/Desktop/birdiebot_nav_ws/install/linefit_ground_segmentation/lib:/home/hero/Desktop/birdiebot_nav_ws/install/imu_complementary_filter/lib:/home/hero/Desktop/birdiebot_nav_ws/install/fake_vel_transform/lib:/home/hero/Desktop/birdiebot_nav_ws/install/fake_baselink/lib:/home/hero/Desktop/birdiebot_nav_ws/install/costmap_converter/lib:/home/hero/Desktop/birdiebot_nav_ws/install/costmap_converter_msgs/lib:/home/hero/Desktop/birdiebot_nav_ws/install/btcpp_ros2_interfaces/lib:/home/hero/Desktop/birdiebot_nav_ws/install/armor_tracker/lib:/home/hero/Desktop/birdiebot_nav_ws/install/armor_detector/lib:/home/hero/Desktop/birdiebot_nav_ws/install/auto_aim_interfaces/lib:/opt/intel/openvino_2023.3.0/runtime/lib/intel64:/opt/MVS/lib/64:/opt/MVS/lib/32:/opt/intel/openvino_2023.3.0/runtime/lib/intel64:/opt/MVS/lib/64:/opt/MVS/lib/32:/usr/lib/x86_64-linux-gnu/gazebo-11/plugins:/opt/ros/humble/opt/rviz_ogre_vendor/lib:/opt/ros/humble/lib/x86_64-linux-gnu:/opt/ros/humble/lib:/opt/MVS/lib/64:/opt/MVS/lib/32:/opt/MVS/lib/64:/opt/MVS/lib/32 /usr/bin/cmake --build /home/hero/Desktop/birdiebot_nav_ws/build/rm_behavior_tree -- -j8 -l8
[0.963s] Invoking command in '/home/hero/Desktop/birdiebot_nav_ws/build/rm_behavior_tree': CMAKE_PREFIX_PATH=/home/hero/Desktop/birdiebot_nav_ws/install/rm_decision_interfaces:/home/hero/Desktop/birdiebot_nav_ws/install/behaviortree_ros2:/home/hero/Desktop/birdiebot_nav_ws/install/terrain_analysis_ext:/home/hero/Desktop/birdiebot_nav_ws/install/terrain_analysis:/home/hero/Desktop/birdiebot_nav_ws/install/ros2_livox_simulation:/home/hero/Desktop/birdiebot_nav_ws/install/rm_serial_driver:/home/hero/Desktop/birdiebot_nav_ws/install/rm_navigation:/home/hero/Desktop/birdiebot_nav_ws/install/rm_nav_bringup:/home/hero/Desktop/birdiebot_nav_ws/install/rm_gimbal_description:/home/hero/Desktop/birdiebot_nav_ws/install/rm_behavior_tree:/home/hero/Desktop/birdiebot_nav_ws/install/rm_auto_aim:/home/hero/Desktop/birdiebot_nav_ws/install/potential_escape_action:/home/hero/Desktop/birdiebot_nav_ws/install/potential_escape:/home/hero/Desktop/birdiebot_nav_ws/install/pointcloud_to_laserscan:/home/hero/Desktop/birdiebot_nav_ws/install/point_lio:/home/hero/Desktop/birdiebot_nav_ws/install/pb_rm_simulation:/home/hero/Desktop/birdiebot_nav_ws/install/pb_omni_pid_pursuit_controller:/home/hero/Desktop/birdiebot_nav_ws/install/navigation_data_processer:/home/hero/Desktop/birdiebot_nav_ws/install/navigation_interfaces:/home/hero/Desktop/birdiebot_nav_ws/install/icp_registration:/home/hero/Desktop/birdiebot_nav_ws/install/fast_lio:/home/hero/Desktop/birdiebot_nav_ws/install/livox_ros_driver2:/home/hero/Desktop/birdiebot_nav_ws/install/linefit_ground_segmentation_ros:/home/hero/Desktop/birdiebot_nav_ws/install/linefit_ground_segmentation:/home/hero/Desktop/birdiebot_nav_ws/install/imu_complementary_filter:/home/hero/Desktop/birdiebot_nav_ws/install/fake_vel_transform:/home/hero/Desktop/birdiebot_nav_ws/install/fake_baselink:/home/hero/Desktop/birdiebot_nav_ws/install/dip_angle:/home/hero/Desktop/birdiebot_nav_ws/install/costmap_converter:/home/hero/Desktop/birdiebot_nav_ws/install/costmap_converter_msgs:/home/hero/Desktop/birdiebot_nav_ws/install/btcpp_ros2_samples:/home/hero/Desktop/birdiebot_nav_ws/install/btcpp_ros2_interfaces:/home/hero/Desktop/birdiebot_nav_ws/install/armor_tracker:/home/hero/Desktop/birdiebot_nav_ws/install/armor_detector:/home/hero/Desktop/birdiebot_nav_ws/install/auto_aim_interfaces:/opt/ros/humble LD_LIBRARY_PATH=/home/hero/Desktop/birdiebot_nav_ws/install/rm_decision_interfaces/lib:/home/hero/Desktop/birdiebot_nav_ws/install/ros2_livox_simulation/lib:/home/hero/Desktop/birdiebot_nav_ws/install/rm_serial_driver/lib:/home/hero/Desktop/birdiebot_nav_ws/install/rm_behavior_tree/lib:/home/hero/Desktop/birdiebot_nav_ws/install/potential_escape_action/lib:/home/hero/Desktop/birdiebot_nav_ws/install/potential_escape/lib:/home/hero/Desktop/birdiebot_nav_ws/install/pointcloud_to_laserscan/lib:/home/hero/Desktop/birdiebot_nav_ws/install/pb_omni_pid_pursuit_controller/lib:/home/hero/Desktop/birdiebot_nav_ws/install/navigation_interfaces/lib:/home/hero/Desktop/birdiebot_nav_ws/install/icp_registration/lib:/home/hero/Desktop/birdiebot_nav_ws/install/fast_lio/lib:/home/hero/Desktop/birdiebot_nav_ws/install/livox_ros_driver2/lib:/home/hero/Desktop/birdiebot_nav_ws/install/linefit_ground_segmentation/lib:/home/hero/Desktop/birdiebot_nav_ws/install/imu_complementary_filter/lib:/home/hero/Desktop/birdiebot_nav_ws/install/fake_vel_transform/lib:/home/hero/Desktop/birdiebot_nav_ws/install/fake_baselink/lib:/home/hero/Desktop/birdiebot_nav_ws/install/costmap_converter/lib:/home/hero/Desktop/birdiebot_nav_ws/install/costmap_converter_msgs/lib:/home/hero/Desktop/birdiebot_nav_ws/install/btcpp_ros2_interfaces/lib:/home/hero/Desktop/birdiebot_nav_ws/install/armor_tracker/lib:/home/hero/Desktop/birdiebot_nav_ws/install/armor_detector/lib:/home/hero/Desktop/birdiebot_nav_ws/install/auto_aim_interfaces/lib:/opt/intel/openvino_2023.3.0/runtime/lib/intel64:/opt/MVS/lib/64:/opt/MVS/lib/32:/opt/intel/openvino_2023.3.0/runtime/lib/intel64:/opt/MVS/lib/64:/opt/MVS/lib/32:/usr/lib/x86_64-linux-gnu/gazebo-11/plugins:/opt/ros/humble/opt/rviz_ogre_vendor/lib:/opt/ros/humble/lib/x86_64-linux-gnu:/opt/ros/humble/lib:/opt/MVS/lib/64:/opt/MVS/lib/32:/opt/MVS/lib/64:/opt/MVS/lib/32 /usr/bin/cmake --install /home/hero/Desktop/birdiebot_nav_ws/build/rm_behavior_tree
[0.971s] -- Install configuration: ""
[0.971s] -- Execute custom install script
[0.976s] -- Up-to-date symlink: /home/hero/Desktop/birdiebot_nav_ws/install/rm_behavior_tree/include/rm_behavior_tree/bt_conversions.hpp
[0.976s] -- Up-to-date symlink: /home/hero/Desktop/birdiebot_nav_ws/install/rm_behavior_tree/include/rm_behavior_tree/plugins/action/calculate_attack_pose.hpp
[0.977s] -- Up-to-date symlink: /home/hero/Desktop/birdiebot_nav_ws/install/rm_behavior_tree/include/rm_behavior_tree/plugins/action/get_current_location.hpp
[0.977s] -- Up-to-date symlink: /home/hero/Desktop/birdiebot_nav_ws/install/rm_behavior_tree/include/rm_behavior_tree/plugins/action/move_around.hpp
[0.977s] -- Up-to-date symlink: /home/hero/Desktop/birdiebot_nav_ws/install/rm_behavior_tree/include/rm_behavior_tree/plugins/action/print_message.hpp
[0.977s] -- Up-to-date symlink: /home/hero/Desktop/birdiebot_nav_ws/install/rm_behavior_tree/include/rm_behavior_tree/plugins/action/send_goal.hpp
[0.977s] -- Up-to-date symlink: /home/hero/Desktop/birdiebot_nav_ws/install/rm_behavior_tree/include/rm_behavior_tree/plugins/action/simple_success.hpp
[0.977s] -- Up-to-date symlink: /home/hero/Desktop/birdiebot_nav_ws/install/rm_behavior_tree/include/rm_behavior_tree/plugins/action/sleep_action.hpp
[0.978s] -- Up-to-date symlink: /home/hero/Desktop/birdiebot_nav_ws/install/rm_behavior_tree/include/rm_behavior_tree/plugins/action/sub_all_robot_hp.hpp
[0.978s] -- Up-to-date symlink: /home/hero/Desktop/birdiebot_nav_ws/install/rm_behavior_tree/include/rm_behavior_tree/plugins/action/sub_cv_decision.hpp
[0.978s] -- Up-to-date symlink: /home/hero/Desktop/birdiebot_nav_ws/install/rm_behavior_tree/include/rm_behavior_tree/plugins/action/sub_decision_num.hpp
[0.978s] -- Up-to-date symlink: /home/hero/Desktop/birdiebot_nav_ws/install/rm_behavior_tree/include/rm_behavior_tree/plugins/action/sub_decision_status.hpp
[0.978s] -- Up-to-date symlink: /home/hero/Desktop/birdiebot_nav_ws/install/rm_behavior_tree/include/rm_behavior_tree/plugins/action/sub_game_status.hpp
[0.978s] -- Up-to-date symlink: /home/hero/Desktop/birdiebot_nav_ws/install/rm_behavior_tree/include/rm_behavior_tree/plugins/action/sub_robot_status.hpp
[0.978s] -- Up-to-date symlink: /home/hero/Desktop/birdiebot_nav_ws/install/rm_behavior_tree/include/rm_behavior_tree/plugins/condition/is_bullet_ok.hpp
[0.978s] -- Up-to-date symlink: /home/hero/Desktop/birdiebot_nav_ws/install/rm_behavior_tree/include/rm_behavior_tree/plugins/condition/is_center_triggered.hpp
[0.978s] -- Up-to-date symlink: /home/hero/Desktop/birdiebot_nav_ws/install/rm_behavior_tree/include/rm_behavior_tree/plugins/condition/is_enemy_outpost_ok.hpp
[0.979s] -- Up-to-date symlink: /home/hero/Desktop/birdiebot_nav_ws/install/rm_behavior_tree/include/rm_behavior_tree/plugins/condition/is_games_start.hpp
[0.979s] -- Up-to-date symlink: /home/hero/Desktop/birdiebot_nav_ws/install/rm_behavior_tree/include/rm_behavior_tree/plugins/condition/is_outpost_ok.hpp
[0.979s] -- Up-to-date symlink: /home/hero/Desktop/birdiebot_nav_ws/install/rm_behavior_tree/include/rm_behavior_tree/plugins/condition/is_status_ok.hpp
[0.979s] -- Up-to-date symlink: /home/hero/Desktop/birdiebot_nav_ws/install/rm_behavior_tree/include/rm_behavior_tree/plugins/condition/is_time_triggered.hpp
[0.979s] -- Up-to-date symlink: /home/hero/Desktop/birdiebot_nav_ws/install/rm_behavior_tree/include/rm_behavior_tree/plugins/control/decision_switch.hpp
[0.979s] -- Up-to-date symlink: /home/hero/Desktop/birdiebot_nav_ws/install/rm_behavior_tree/include/rm_behavior_tree/plugins/decorator/rate_controller.hpp
[0.979s] -- Up-to-date symlink: /home/hero/Desktop/birdiebot_nav_ws/install/rm_behavior_tree/include/rm_behavior_tree/rm_behavior_tree.h
[0.979s] -- Up-to-date symlink: /home/hero/Desktop/birdiebot_nav_ws/install/rm_behavior_tree/share/rm_behavior_tree/environment/library_path.sh
[0.979s] -- Up-to-date symlink: /home/hero/Desktop/birdiebot_nav_ws/install/rm_behavior_tree/share/rm_behavior_tree/environment/library_path.dsv
[0.979s] -- Up-to-date symlink: /home/hero/Desktop/birdiebot_nav_ws/install/rm_behavior_tree/lib/librate_controller.so
[0.979s] -- Up-to-date symlink: /home/hero/Desktop/birdiebot_nav_ws/install/rm_behavior_tree/lib/libdecision_switch.so
[0.979s] -- Up-to-date symlink: /home/hero/Desktop/birdiebot_nav_ws/install/rm_behavior_tree/lib/libis_game_start.so
[0.979s] -- Up-to-date symlink: /home/hero/Desktop/birdiebot_nav_ws/install/rm_behavior_tree/lib/libis_status_ok.so
[0.979s] -- Up-to-date symlink: /home/hero/Desktop/birdiebot_nav_ws/install/rm_behavior_tree/lib/libis_bullet_ok.so
[0.979s] -- Up-to-date symlink: /home/hero/Desktop/birdiebot_nav_ws/install/rm_behavior_tree/lib/libis_outpost_ok.so
[0.979s] -- Up-to-date symlink: /home/hero/Desktop/birdiebot_nav_ws/install/rm_behavior_tree/lib/libis_enemy_outpost_ok.so
[0.979s] -- Up-to-date symlink: /home/hero/Desktop/birdiebot_nav_ws/install/rm_behavior_tree/lib/libis_time_triggered.so
[0.979s] -- Up-to-date symlink: /home/hero/Desktop/birdiebot_nav_ws/install/rm_behavior_tree/lib/libsend_goal.so
[0.979s] -- Up-to-date symlink: /home/hero/Desktop/birdiebot_nav_ws/install/rm_behavior_tree/lib/libsub_all_robot_hp.so
[0.979s] -- Up-to-date symlink: /home/hero/Desktop/birdiebot_nav_ws/install/rm_behavior_tree/lib/libsub_robot_status.so
[0.979s] -- Up-to-date symlink: /home/hero/Desktop/birdiebot_nav_ws/install/rm_behavior_tree/lib/libsub_game_status.so
[0.979s] -- Up-to-date symlink: /home/hero/Desktop/birdiebot_nav_ws/install/rm_behavior_tree/lib/libsub_decision_num.so
[0.979s] -- Up-to-date symlink: /home/hero/Desktop/birdiebot_nav_ws/install/rm_behavior_tree/lib/libsub_cv_decision.so
[0.979s] -- Up-to-date symlink: /home/hero/Desktop/birdiebot_nav_ws/install/rm_behavior_tree/lib/libsub_decision_status.so
[0.979s] -- Up-to-date symlink: /home/hero/Desktop/birdiebot_nav_ws/install/rm_behavior_tree/lib/libget_current_location.so
[0.979s] -- Up-to-date symlink: /home/hero/Desktop/birdiebot_nav_ws/install/rm_behavior_tree/lib/libmove_around.so
[0.979s] -- Up-to-date symlink: /home/hero/Desktop/birdiebot_nav_ws/install/rm_behavior_tree/lib/libprint_message.so
[0.980s] -- Up-to-date symlink: /home/hero/Desktop/birdiebot_nav_ws/install/rm_behavior_tree/lib/libsleep_action.so
[0.980s] -- Up-to-date symlink: /home/hero/Desktop/birdiebot_nav_ws/install/rm_behavior_tree/lib/libsimple_success.so
[0.980s] -- Up-to-date symlink: /home/hero/Desktop/birdiebot_nav_ws/install/rm_behavior_tree/lib/libis_center_triggered.so
[0.980s] -- Up-to-date symlink: /home/hero/Desktop/birdiebot_nav_ws/install/rm_behavior_tree/lib/rm_behavior_tree/rm_behavior_tree
[0.980s] -- Up-to-date symlink: /home/hero/Desktop/birdiebot_nav_ws/install/rm_behavior_tree/share/ament_index/resource_index/package_run_dependencies/rm_behavior_tree
[0.980s] -- Up-to-date symlink: /home/hero/Desktop/birdiebot_nav_ws/install/rm_behavior_tree/share/ament_index/resource_index/parent_prefix_path/rm_behavior_tree
[0.980s] -- Up-to-date symlink: /home/hero/Desktop/birdiebot_nav_ws/install/rm_behavior_tree/share/rm_behavior_tree/environment/ament_prefix_path.sh
[0.981s] -- Up-to-date symlink: /home/hero/Desktop/birdiebot_nav_ws/install/rm_behavior_tree/share/rm_behavior_tree/environment/ament_prefix_path.dsv
[0.981s] -- Up-to-date symlink: /home/hero/Desktop/birdiebot_nav_ws/install/rm_behavior_tree/share/rm_behavior_tree/environment/path.sh
[0.981s] -- Up-to-date symlink: /home/hero/Desktop/birdiebot_nav_ws/install/rm_behavior_tree/share/rm_behavior_tree/environment/path.dsv
[0.981s] -- Up-to-date symlink: /home/hero/Desktop/birdiebot_nav_ws/install/rm_behavior_tree/share/rm_behavior_tree/local_setup.bash
[0.981s] -- Up-to-date symlink: /home/hero/Desktop/birdiebot_nav_ws/install/rm_behavior_tree/share/rm_behavior_tree/local_setup.sh
[0.981s] -- Up-to-date symlink: /home/hero/Desktop/birdiebot_nav_ws/install/rm_behavior_tree/share/rm_behavior_tree/local_setup.zsh
[0.982s] -- Up-to-date symlink: /home/hero/Desktop/birdiebot_nav_ws/install/rm_behavior_tree/share/rm_behavior_tree/local_setup.dsv
[0.982s] -- Symlinking: /home/hero/Desktop/birdiebot_nav_ws/install/rm_behavior_tree/share/rm_behavior_tree/package.dsv
[0.986s] -- Up-to-date symlink: /home/hero/Desktop/birdiebot_nav_ws/install/rm_behavior_tree/share/ament_index/resource_index/packages/rm_behavior_tree
[0.986s] -- Up-to-date symlink: /home/hero/Desktop/birdiebot_nav_ws/install/rm_behavior_tree/share/rm_behavior_tree/cmake/ament_cmake_export_dependencies-extras.cmake
[0.986s] -- Up-to-date symlink: /home/hero/Desktop/birdiebot_nav_ws/install/rm_behavior_tree/share/rm_behavior_tree/cmake/ament_cmake_export_include_directories-extras.cmake
[0.986s] -- Up-to-date symlink: /home/hero/Desktop/birdiebot_nav_ws/install/rm_behavior_tree/share/rm_behavior_tree/cmake/ament_cmake_export_libraries-extras.cmake
[0.986s] -- Up-to-date symlink: /home/hero/Desktop/birdiebot_nav_ws/install/rm_behavior_tree/share/rm_behavior_tree/cmake/rm_behavior_treeConfig.cmake
[0.986s] -- Up-to-date symlink: /home/hero/Desktop/birdiebot_nav_ws/install/rm_behavior_tree/share/rm_behavior_tree/cmake/rm_behavior_treeConfig-version.cmake
[0.986s] -- Up-to-date symlink: /home/hero/Desktop/birdiebot_nav_ws/install/rm_behavior_tree/share/rm_behavior_tree/package.xml
[1.041s] Invoked command in '/home/hero/Desktop/birdiebot_nav_ws/build/rm_behavior_tree' returned '0': CMAKE_PREFIX_PATH=/home/hero/Desktop/birdiebot_nav_ws/install/rm_decision_interfaces:/home/hero/Desktop/birdiebot_nav_ws/install/behaviortree_ros2:/home/hero/Desktop/birdiebot_nav_ws/install/terrain_analysis_ext:/home/hero/Desktop/birdiebot_nav_ws/install/terrain_analysis:/home/hero/Desktop/birdiebot_nav_ws/install/ros2_livox_simulation:/home/hero/Desktop/birdiebot_nav_ws/install/rm_serial_driver:/home/hero/Desktop/birdiebot_nav_ws/install/rm_navigation:/home/hero/Desktop/birdiebot_nav_ws/install/rm_nav_bringup:/home/hero/Desktop/birdiebot_nav_ws/install/rm_gimbal_description:/home/hero/Desktop/birdiebot_nav_ws/install/rm_behavior_tree:/home/hero/Desktop/birdiebot_nav_ws/install/rm_auto_aim:/home/hero/Desktop/birdiebot_nav_ws/install/potential_escape_action:/home/hero/Desktop/birdiebot_nav_ws/install/potential_escape:/home/hero/Desktop/birdiebot_nav_ws/install/pointcloud_to_laserscan:/home/hero/Desktop/birdiebot_nav_ws/install/point_lio:/home/hero/Desktop/birdiebot_nav_ws/install/pb_rm_simulation:/home/hero/Desktop/birdiebot_nav_ws/install/pb_omni_pid_pursuit_controller:/home/hero/Desktop/birdiebot_nav_ws/install/navigation_data_processer:/home/hero/Desktop/birdiebot_nav_ws/install/navigation_interfaces:/home/hero/Desktop/birdiebot_nav_ws/install/icp_registration:/home/hero/Desktop/birdiebot_nav_ws/install/fast_lio:/home/hero/Desktop/birdiebot_nav_ws/install/livox_ros_driver2:/home/hero/Desktop/birdiebot_nav_ws/install/linefit_ground_segmentation_ros:/home/hero/Desktop/birdiebot_nav_ws/install/linefit_ground_segmentation:/home/hero/Desktop/birdiebot_nav_ws/install/imu_complementary_filter:/home/hero/Desktop/birdiebot_nav_ws/install/fake_vel_transform:/home/hero/Desktop/birdiebot_nav_ws/install/fake_baselink:/home/hero/Desktop/birdiebot_nav_ws/install/dip_angle:/home/hero/Desktop/birdiebot_nav_ws/install/costmap_converter:/home/hero/Desktop/birdiebot_nav_ws/install/costmap_converter_msgs:/home/hero/Desktop/birdiebot_nav_ws/install/btcpp_ros2_samples:/home/hero/Desktop/birdiebot_nav_ws/install/btcpp_ros2_interfaces:/home/hero/Desktop/birdiebot_nav_ws/install/armor_tracker:/home/hero/Desktop/birdiebot_nav_ws/install/armor_detector:/home/hero/Desktop/birdiebot_nav_ws/install/auto_aim_interfaces:/opt/ros/humble LD_LIBRARY_PATH=/home/hero/Desktop/birdiebot_nav_ws/install/rm_decision_interfaces/lib:/home/hero/Desktop/birdiebot_nav_ws/install/ros2_livox_simulation/lib:/home/hero/Desktop/birdiebot_nav_ws/install/rm_serial_driver/lib:/home/hero/Desktop/birdiebot_nav_ws/install/rm_behavior_tree/lib:/home/hero/Desktop/birdiebot_nav_ws/install/potential_escape_action/lib:/home/hero/Desktop/birdiebot_nav_ws/install/potential_escape/lib:/home/hero/Desktop/birdiebot_nav_ws/install/pointcloud_to_laserscan/lib:/home/hero/Desktop/birdiebot_nav_ws/install/pb_omni_pid_pursuit_controller/lib:/home/hero/Desktop/birdiebot_nav_ws/install/navigation_interfaces/lib:/home/hero/Desktop/birdiebot_nav_ws/install/icp_registration/lib:/home/hero/Desktop/birdiebot_nav_ws/install/fast_lio/lib:/home/hero/Desktop/birdiebot_nav_ws/install/livox_ros_driver2/lib:/home/hero/Desktop/birdiebot_nav_ws/install/linefit_ground_segmentation/lib:/home/hero/Desktop/birdiebot_nav_ws/install/imu_complementary_filter/lib:/home/hero/Desktop/birdiebot_nav_ws/install/fake_vel_transform/lib:/home/hero/Desktop/birdiebot_nav_ws/install/fake_baselink/lib:/home/hero/Desktop/birdiebot_nav_ws/install/costmap_converter/lib:/home/hero/Desktop/birdiebot_nav_ws/install/costmap_converter_msgs/lib:/home/hero/Desktop/birdiebot_nav_ws/install/btcpp_ros2_interfaces/lib:/home/hero/Desktop/birdiebot_nav_ws/install/armor_tracker/lib:/home/hero/Desktop/birdiebot_nav_ws/install/armor_detector/lib:/home/hero/Desktop/birdiebot_nav_ws/install/auto_aim_interfaces/lib:/opt/intel/openvino_2023.3.0/runtime/lib/intel64:/opt/MVS/lib/64:/opt/MVS/lib/32:/opt/intel/openvino_2023.3.0/runtime/lib/intel64:/opt/MVS/lib/64:/opt/MVS/lib/32:/usr/lib/x86_64-linux-gnu/gazebo-11/plugins:/opt/ros/humble/opt/rviz_ogre_vendor/lib:/opt/ros/humble/lib/x86_64-linux-gnu:/opt/ros/humble/lib:/opt/MVS/lib/64:/opt/MVS/lib/32:/opt/MVS/lib/64:/opt/MVS/lib/32 /usr/bin/cmake --install /home/hero/Desktop/birdiebot_nav_ws/build/rm_behavior_tree
