[0.424s] Invoking command in '/home/hero/Desktop/birdiebot_nav_ws/build/fake_vel_transform': CMAKE_PREFIX_PATH=/opt/ros/humble /usr/bin/cmake /home/hero/Desktop/birdiebot_nav_ws/src/rm_slam/src/rm_navigation/fake_vel_transform -DAMENT_CMAKE_SYMLINK_INSTALL=1 -DCMAKE_INSTALL_PREFIX=/home/hero/Desktop/birdiebot_nav_ws/install/fake_vel_transform
[0.736s] -- The C compiler identification is GNU 11.4.0
[0.843s] -- The CXX compiler identification is GNU 11.4.0
[0.859s] -- Detecting C compiler ABI info
[0.989s] -- Detecting C compiler ABI info - done
[0.989s] -- Check for working C compiler: /usr/bin/cc - skipped
[0.989s] -- Detecting C compile features
[0.989s] -- Detecting C compile features - done
[0.999s] -- Detecting CXX compiler ABI info
[1.202s] -- Detecting CXX compiler ABI info - done
[1.210s] -- Check for working CXX compiler: /usr/bin/c++ - skipped
[1.210s] -- Detecting CXX compile features
[1.211s] -- Detecting CXX compile features - done
[1.213s] -- Found ament_cmake_auto: 1.3.8 (/opt/ros/humble/share/ament_cmake_auto/cmake)
[1.695s] -- Found Python3: /usr/bin/python3 (found version "3.10.12") found components: Interpreter 
[1.769s] -- Override CMake install command with custom implementation using symlinks instead of copying resources
[1.954s] -- Found rosidl_generator_c: 3.1.5 (/opt/ros/humble/share/rosidl_generator_c/cmake)
[1.960s] -- Found rosidl_adapter: 3.1.5 (/opt/ros/humble/share/rosidl_adapter/cmake)
[1.970s] -- Found rosidl_generator_cpp: 3.1.5 (/opt/ros/humble/share/rosidl_generator_cpp/cmake)
[1.985s] -- Using all available rosidl_typesupport_c: rosidl_typesupport_fastrtps_c;rosidl_typesupport_introspection_c
[2.009s] -- Using all available rosidl_typesupport_cpp: rosidl_typesupport_fastrtps_cpp;rosidl_typesupport_introspection_cpp
[2.083s] -- Found rmw_implementation_cmake: 6.1.1 (/opt/ros/humble/share/rmw_implementation_cmake/cmake)
[2.085s] -- Found rmw_fastrtps_cpp: 6.2.6 (/opt/ros/humble/share/rmw_fastrtps_cpp/cmake)
[2.490s] -- Found OpenSSL: /usr/lib/x86_64-linux-gnu/libcrypto.so (found version "3.0.2")  
[2.525s] -- Found FastRTPS: /opt/ros/humble/include  
[2.630s] -- Using RMW implementation 'rmw_fastrtps_cpp' as default
[2.655s] -- Looking for pthread.h
[2.972s] -- Looking for pthread.h - found
[2.972s] -- Performing Test CMAKE_HAVE_LIBC_PTHREAD
[3.394s] -- Performing Test CMAKE_HAVE_LIBC_PTHREAD - Success
[3.396s] -- Found Threads: TRUE  
[4.501s] -- Found eigen3_cmake_module: 0.1.1 (/opt/ros/humble/share/eigen3_cmake_module/cmake)
[4.502s] -- Found Eigen3: TRUE (found version "3.4.0") 
[4.502s] -- Ensuring Eigen3 include directory is part of orocos-kdl CMake target
[4.517s] -- Found ament_lint_auto: 0.12.10 (/opt/ros/humble/share/ament_lint_auto/cmake)
[4.550s] -- Added test 'cppcheck' to perform static code analysis on C / C++ code
[4.550s] -- Configured cppcheck include dirs: /home/hero/Desktop/birdiebot_nav_ws/src/rm_slam/src/rm_navigation/fake_vel_transform/include
[4.550s] -- Configured cppcheck exclude dirs and/or files: 
[4.551s] -- Added test 'cpplint' to check C / C++ code against the Google style
[4.551s] -- Configured cpplint exclude dirs and/or files: 
[4.551s] -- Added test 'flake8' to check Python code syntax and style conventions
[4.556s] -- Added test 'lint_cmake' to check CMake code style
[4.557s] -- Added test 'pep257' to check Python code against some of the docstring style conventions in PEP 257
[4.557s] -- Added test 'xmllint' to check XML markup files
[4.564s] -- Configuring done
[4.579s] -- Generating done
[4.581s] -- Build files have been written to: /home/hero/Desktop/birdiebot_nav_ws/build/fake_vel_transform
[4.616s] Invoked command in '/home/hero/Desktop/birdiebot_nav_ws/build/fake_vel_transform' returned '0': CMAKE_PREFIX_PATH=/opt/ros/humble /usr/bin/cmake /home/hero/Desktop/birdiebot_nav_ws/src/rm_slam/src/rm_navigation/fake_vel_transform -DAMENT_CMAKE_SYMLINK_INSTALL=1 -DCMAKE_INSTALL_PREFIX=/home/hero/Desktop/birdiebot_nav_ws/install/fake_vel_transform
[4.617s] Invoking command in '/home/hero/Desktop/birdiebot_nav_ws/build/fake_vel_transform': CMAKE_PREFIX_PATH=/opt/ros/humble /usr/bin/cmake --build /home/hero/Desktop/birdiebot_nav_ws/build/fake_vel_transform -- -j8 -l8
[8.778s] [ 25%] [32mBuilding CXX object CMakeFiles/fake_vel_transform.dir/src/fake_vel_transform.cpp.o[0m
[8.778s] [ 50%] [32mBuilding CXX object CMakeFiles/fake_vel_transform_node.dir/rclcpp_components/node_main_fake_vel_transform_node.cpp.o[0m
[11.021s] [ 75%] [32m[1mLinking CXX executable fake_vel_transform_node[0m
[11.280s] [ 75%] Built target fake_vel_transform_node
[19.817s] [100%] [32m[1mLinking CXX shared library libfake_vel_transform.so[0m
[20.480s] [100%] Built target fake_vel_transform
[20.489s] Invoked command in '/home/hero/Desktop/birdiebot_nav_ws/build/fake_vel_transform' returned '0': CMAKE_PREFIX_PATH=/opt/ros/humble /usr/bin/cmake --build /home/hero/Desktop/birdiebot_nav_ws/build/fake_vel_transform -- -j8 -l8
[20.511s] Invoking command in '/home/hero/Desktop/birdiebot_nav_ws/build/fake_vel_transform': CMAKE_PREFIX_PATH=/opt/ros/humble /usr/bin/cmake --install /home/hero/Desktop/birdiebot_nav_ws/build/fake_vel_transform
[21.096s] -- Install configuration: ""
[21.096s] -- Execute custom install script
[21.096s] -- Symlinking: /home/hero/Desktop/birdiebot_nav_ws/install/fake_vel_transform/lib/fake_vel_transform/fake_vel_transform_node
[21.096s] -- Symlinking: /home/hero/Desktop/birdiebot_nav_ws/install/fake_vel_transform/include/fake_vel_transform/fake_vel_transform.hpp
[21.096s] -- Symlinking: /home/hero/Desktop/birdiebot_nav_ws/install/fake_vel_transform/share/fake_vel_transform/environment/library_path.sh
[21.096s] -- Symlinking: /home/hero/Desktop/birdiebot_nav_ws/install/fake_vel_transform/share/fake_vel_transform/environment/library_path.dsv
[21.096s] -- Symlinking: /home/hero/Desktop/birdiebot_nav_ws/install/fake_vel_transform/lib/libfake_vel_transform.so
[21.096s] -- Symlinking: /home/hero/Desktop/birdiebot_nav_ws/install/fake_vel_transform/share/fake_vel_transform/launch/fake_vel_transform.launch.py
[21.096s] -- Symlinking: /home/hero/Desktop/birdiebot_nav_ws/install/fake_vel_transform/share/ament_index/resource_index/package_run_dependencies/fake_vel_transform
[21.096s] -- Symlinking: /home/hero/Desktop/birdiebot_nav_ws/install/fake_vel_transform/share/ament_index/resource_index/parent_prefix_path/fake_vel_transform
[21.096s] -- Symlinking: /home/hero/Desktop/birdiebot_nav_ws/install/fake_vel_transform/share/fake_vel_transform/environment/ament_prefix_path.sh
[21.096s] -- Symlinking: /home/hero/Desktop/birdiebot_nav_ws/install/fake_vel_transform/share/fake_vel_transform/environment/ament_prefix_path.dsv
[21.096s] -- Symlinking: /home/hero/Desktop/birdiebot_nav_ws/install/fake_vel_transform/share/fake_vel_transform/environment/path.sh
[21.096s] -- Symlinking: /home/hero/Desktop/birdiebot_nav_ws/install/fake_vel_transform/share/fake_vel_transform/environment/path.dsv
[21.096s] -- Symlinking: /home/hero/Desktop/birdiebot_nav_ws/install/fake_vel_transform/share/fake_vel_transform/local_setup.bash
[21.096s] -- Symlinking: /home/hero/Desktop/birdiebot_nav_ws/install/fake_vel_transform/share/fake_vel_transform/local_setup.sh
[21.097s] -- Symlinking: /home/hero/Desktop/birdiebot_nav_ws/install/fake_vel_transform/share/fake_vel_transform/local_setup.zsh
[21.097s] -- Symlinking: /home/hero/Desktop/birdiebot_nav_ws/install/fake_vel_transform/share/fake_vel_transform/local_setup.dsv
[21.097s] -- Symlinking: /home/hero/Desktop/birdiebot_nav_ws/install/fake_vel_transform/share/fake_vel_transform/package.dsv
[21.097s] -- Symlinking: /home/hero/Desktop/birdiebot_nav_ws/install/fake_vel_transform/share/ament_index/resource_index/packages/fake_vel_transform
[21.097s] -- Symlinking: /home/hero/Desktop/birdiebot_nav_ws/install/fake_vel_transform/share/ament_index/resource_index/rclcpp_components/fake_vel_transform
[21.097s] -- Symlinking: /home/hero/Desktop/birdiebot_nav_ws/install/fake_vel_transform/share/fake_vel_transform/cmake/ament_cmake_export_dependencies-extras.cmake
[21.097s] -- Symlinking: /home/hero/Desktop/birdiebot_nav_ws/install/fake_vel_transform/share/fake_vel_transform/cmake/ament_cmake_export_include_directories-extras.cmake
[21.097s] -- Symlinking: /home/hero/Desktop/birdiebot_nav_ws/install/fake_vel_transform/share/fake_vel_transform/cmake/ament_cmake_export_libraries-extras.cmake
[21.097s] -- Symlinking: /home/hero/Desktop/birdiebot_nav_ws/install/fake_vel_transform/share/fake_vel_transform/cmake/fake_vel_transformConfig.cmake
[21.097s] -- Symlinking: /home/hero/Desktop/birdiebot_nav_ws/install/fake_vel_transform/share/fake_vel_transform/cmake/fake_vel_transformConfig-version.cmake
[21.097s] -- Symlinking: /home/hero/Desktop/birdiebot_nav_ws/install/fake_vel_transform/share/fake_vel_transform/package.xml
[21.146s] Invoked command in '/home/hero/Desktop/birdiebot_nav_ws/build/fake_vel_transform' returned '0': CMAKE_PREFIX_PATH=/opt/ros/humble /usr/bin/cmake --install /home/hero/Desktop/birdiebot_nav_ws/build/fake_vel_transform
