[0.035s] Invoking command in '/home/hero/Desktop/birdiebot_nav_ws/build/rm_gimbal_description': CMAKE_PREFIX_PATH=/opt/ros/humble /usr/bin/cmake /home/hero/Desktop/birdiebot_nav_ws/src/rm_gimbal_description -DAMENT_CMAKE_SYMLINK_INSTALL=1 -DCMAKE_INSTALL_PREFIX=/home/hero/Desktop/birdiebot_nav_ws/install/rm_gimbal_description
[2.927s] -- The C compiler identification is GNU 11.4.0
[2.927s] -- The CXX compiler identification is GNU 11.4.0
[2.927s] -- Detecting C compiler ABI info
[2.928s] -- Detecting C compiler ABI info - done
[2.928s] -- Check for working C compiler: /usr/bin/cc - skipped
[2.928s] -- Detecting C compile features
[2.928s] -- Detecting C compile features - done
[2.928s] -- Detecting CXX compiler ABI info
[2.928s] -- Detecting CXX compiler ABI info - done
[2.928s] -- Check for working CXX compiler: /usr/bin/c++ - skipped
[2.928s] -- Detecting CXX compile features
[2.928s] -- Detecting CXX compile features - done
[2.928s] -- Found ament_cmake: 1.3.8 (/opt/ros/humble/share/ament_cmake/cmake)
[2.928s] -- Found Python3: /usr/bin/python3 (found version "3.10.12") found components: Interpreter 
[2.928s] -- Override CMake install command with custom implementation using symlinks instead of copying resources
[2.928s] -- Found ament_lint_auto: 0.12.10 (/opt/ros/humble/share/ament_lint_auto/cmake)
[2.928s] -- Added test 'lint_cmake' to check CMake code style
[2.928s] -- Added test 'xmllint' to check XML markup files
[2.928s] -- Configuring done
[2.928s] -- Generating done
[2.928s] -- Build files have been written to: /home/hero/Desktop/birdiebot_nav_ws/build/rm_gimbal_description
[2.934s] Invoked command in '/home/hero/Desktop/birdiebot_nav_ws/build/rm_gimbal_description' returned '0': CMAKE_PREFIX_PATH=/opt/ros/humble /usr/bin/cmake /home/hero/Desktop/birdiebot_nav_ws/src/rm_gimbal_description -DAMENT_CMAKE_SYMLINK_INSTALL=1 -DCMAKE_INSTALL_PREFIX=/home/hero/Desktop/birdiebot_nav_ws/install/rm_gimbal_description
[2.934s] Invoking command in '/home/hero/Desktop/birdiebot_nav_ws/build/rm_gimbal_description': CMAKE_PREFIX_PATH=/opt/ros/humble /usr/bin/cmake --build /home/hero/Desktop/birdiebot_nav_ws/build/rm_gimbal_description -- -j8 -l8
[8.982s] Invoked command in '/home/hero/Desktop/birdiebot_nav_ws/build/rm_gimbal_description' returned '0': CMAKE_PREFIX_PATH=/opt/ros/humble /usr/bin/cmake --build /home/hero/Desktop/birdiebot_nav_ws/build/rm_gimbal_description -- -j8 -l8
[9.000s] Invoking command in '/home/hero/Desktop/birdiebot_nav_ws/build/rm_gimbal_description': CMAKE_PREFIX_PATH=/opt/ros/humble /usr/bin/cmake --install /home/hero/Desktop/birdiebot_nav_ws/build/rm_gimbal_description
[11.180s] -- Install configuration: ""
[11.180s] -- Execute custom install script
[11.180s] -- Symlinking: /home/hero/Desktop/birdiebot_nav_ws/install/rm_gimbal_description/share/rm_gimbal_description/urdf/rm_gimbal.urdf.xacro
[11.180s] -- Symlinking: /home/hero/Desktop/birdiebot_nav_ws/install/rm_gimbal_description/share/ament_index/resource_index/package_run_dependencies/rm_gimbal_description
[11.181s] -- Symlinking: /home/hero/Desktop/birdiebot_nav_ws/install/rm_gimbal_description/share/ament_index/resource_index/parent_prefix_path/rm_gimbal_description
[11.181s] -- Symlinking: /home/hero/Desktop/birdiebot_nav_ws/install/rm_gimbal_description/share/rm_gimbal_description/environment/ament_prefix_path.sh
[11.181s] -- Symlinking: /home/hero/Desktop/birdiebot_nav_ws/install/rm_gimbal_description/share/rm_gimbal_description/environment/ament_prefix_path.dsv
[11.181s] -- Symlinking: /home/hero/Desktop/birdiebot_nav_ws/install/rm_gimbal_description/share/rm_gimbal_description/environment/path.sh
[11.181s] -- Symlinking: /home/hero/Desktop/birdiebot_nav_ws/install/rm_gimbal_description/share/rm_gimbal_description/environment/path.dsv
[11.181s] -- Symlinking: /home/hero/Desktop/birdiebot_nav_ws/install/rm_gimbal_description/share/rm_gimbal_description/local_setup.bash
[11.181s] -- Symlinking: /home/hero/Desktop/birdiebot_nav_ws/install/rm_gimbal_description/share/rm_gimbal_description/local_setup.sh
[11.181s] -- Symlinking: /home/hero/Desktop/birdiebot_nav_ws/install/rm_gimbal_description/share/rm_gimbal_description/local_setup.zsh
[11.181s] -- Symlinking: /home/hero/Desktop/birdiebot_nav_ws/install/rm_gimbal_description/share/rm_gimbal_description/local_setup.dsv
[11.181s] -- Symlinking: /home/hero/Desktop/birdiebot_nav_ws/install/rm_gimbal_description/share/rm_gimbal_description/package.dsv
[11.181s] -- Symlinking: /home/hero/Desktop/birdiebot_nav_ws/install/rm_gimbal_description/share/ament_index/resource_index/packages/rm_gimbal_description
[11.181s] -- Symlinking: /home/hero/Desktop/birdiebot_nav_ws/install/rm_gimbal_description/share/rm_gimbal_description/cmake/rm_gimbal_descriptionConfig.cmake
[11.181s] -- Symlinking: /home/hero/Desktop/birdiebot_nav_ws/install/rm_gimbal_description/share/rm_gimbal_description/cmake/rm_gimbal_descriptionConfig-version.cmake
[11.181s] -- Symlinking: /home/hero/Desktop/birdiebot_nav_ws/install/rm_gimbal_description/share/rm_gimbal_description/package.xml
[11.183s] Invoked command in '/home/hero/Desktop/birdiebot_nav_ws/build/rm_gimbal_description' returned '0': CMAKE_PREFIX_PATH=/opt/ros/humble /usr/bin/cmake --install /home/hero/Desktop/birdiebot_nav_ws/build/rm_gimbal_description
