[0.129s] Invoking command in '/home/hero/Desktop/birdiebot_nav_ws/build/potential_escape_action': CMAKE_PREFIX_PATH=/opt/ros/humble /usr/bin/cmake /home/hero/Desktop/birdiebot_nav_ws/src/rm_slam/src/rm_navigation/potential_escape_nav_plugin/potential_escape_action -DAMENT_CMAKE_SYMLINK_INSTALL=1 -DCMAKE_INSTALL_PREFIX=/home/hero/Desktop/birdiebot_nav_ws/install/potential_escape_action
[1.012s] -- The CXX compiler identification is GNU 11.4.0
[1.012s] -- Detecting CXX compiler ABI info
[1.012s] -- Detecting CXX compiler ABI info - done
[1.012s] -- Check for working CXX compiler: /usr/bin/c++ - skipped
[1.012s] -- Detecting CXX compile features
[1.013s] -- Detecting CXX compile features - done
[1.013s] -- Found ament_cmake_auto: 1.3.8 (/opt/ros/humble/share/ament_cmake_auto/cmake)
[1.013s] -- Found Python3: /usr/bin/python3 (found version "3.10.12") found components: Interpreter 
[1.013s] -- Override CMake install command with custom implementation using symlinks instead of copying resources
[1.013s] -- Found rosidl_generator_c: 3.1.5 (/opt/ros/humble/share/rosidl_generator_c/cmake)
[1.013s] -- Found rosidl_adapter: 3.1.5 (/opt/ros/humble/share/rosidl_adapter/cmake)
[1.013s] -- Found rosidl_generator_cpp: 3.1.5 (/opt/ros/humble/share/rosidl_generator_cpp/cmake)
[1.013s] -- Using all available rosidl_typesupport_c: rosidl_typesupport_fastrtps_c;rosidl_typesupport_introspection_c
[1.013s] -- Using all available rosidl_typesupport_cpp: rosidl_typesupport_fastrtps_cpp;rosidl_typesupport_introspection_cpp
[1.291s] -- Found rmw_implementation_cmake: 6.1.1 (/opt/ros/humble/share/rmw_implementation_cmake/cmake)
[1.293s] -- Found rmw_fastrtps_cpp: 6.2.6 (/opt/ros/humble/share/rmw_fastrtps_cpp/cmake)
[1.394s] -- Found OpenSSL: /usr/lib/x86_64-linux-gnu/libcrypto.so (found version "3.0.2")  
[1.422s] -- Found FastRTPS: /opt/ros/humble/include  
[1.468s] -- Using RMW implementation 'rmw_fastrtps_cpp' as default
[1.477s] -- Looking for C++ include pthread.h
[1.560s] -- Looking for C++ include pthread.h - found
[1.560s] -- Performing Test CMAKE_HAVE_LIBC_PTHREAD
[1.652s] -- Performing Test CMAKE_HAVE_LIBC_PTHREAD - Success
[1.653s] -- Found Threads: TRUE  
[2.059s] -- Found eigen3_cmake_module: 0.1.1 (/opt/ros/humble/share/eigen3_cmake_module/cmake)
[2.061s] -- Found Eigen3: TRUE (found version "3.4.0") 
[2.061s] -- Ensuring Eigen3 include directory is part of orocos-kdl CMake target
[2.374s] -- Found ament_lint_auto: 0.12.10 (/opt/ros/humble/share/ament_lint_auto/cmake)
[2.978s] -- Added test 'cppcheck' to perform static code analysis on C / C++ code
[2.978s] -- Configured cppcheck include dirs: /home/hero/Desktop/birdiebot_nav_ws/src/rm_slam/src/rm_navigation/potential_escape_nav_plugin/potential_escape_action/include
[2.978s] -- Configured cppcheck exclude dirs and/or files: 
[2.979s] -- Added test 'lint_cmake' to check CMake code style
[2.980s] -- Added test 'uncrustify' to check C / C++ code style
[2.980s] -- Configured uncrustify additional arguments: 
[2.980s] -- Added test 'xmllint' to check XML markup files
[2.982s] -- Configuring done
[3.012s] -- Generating done
[3.014s] -- Build files have been written to: /home/hero/Desktop/birdiebot_nav_ws/build/potential_escape_action
[3.029s] Invoked command in '/home/hero/Desktop/birdiebot_nav_ws/build/potential_escape_action' returned '0': CMAKE_PREFIX_PATH=/opt/ros/humble /usr/bin/cmake /home/hero/Desktop/birdiebot_nav_ws/src/rm_slam/src/rm_navigation/potential_escape_nav_plugin/potential_escape_action -DAMENT_CMAKE_SYMLINK_INSTALL=1 -DCMAKE_INSTALL_PREFIX=/home/hero/Desktop/birdiebot_nav_ws/install/potential_escape_action
[3.030s] Invoking command in '/home/hero/Desktop/birdiebot_nav_ws/build/potential_escape_action': CMAKE_PREFIX_PATH=/opt/ros/humble /usr/bin/cmake --build /home/hero/Desktop/birdiebot_nav_ws/build/potential_escape_action -- -j8 -l8
[3.101s] [ 50%] [32mBuilding CXX object CMakeFiles/nav2_escape_action_bt_node.dir/src/potential_escape_action.cpp.o[0m
[3.386s] In file included from [01m[K/home/hero/Desktop/birdiebot_nav_ws/src/rm_slam/src/rm_navigation/potential_escape_nav_plugin/potential_escape_action/src/potential_escape_action.cpp:19[m[K:
[3.386s] [01m[K/opt/ros/humble/include/tf2_geometry_msgs/tf2_geometry_msgs/tf2_geometry_msgs.h:35:2:[m[K [01;35m[Kwarning: [m[K#warning This header is obsolete, please include tf2_geometry_msgs/tf2_geometry_msgs.hpp instead [[01;35m[K]8;;https://gcc.gnu.org/onlinedocs/gcc/Warning-Options.html#index-Wcpp-Wcpp]8;;[m[K]
[3.386s]    35 | #[01;35m[Kwarning[m[K This header is obsolete, please include tf2_geometry_msgs/tf2_geometry_msgs.hpp instead
[3.386s]       |  [01;35m[K^~~~~~~[m[K
[11.492s] [100%] [32m[1mLinking CXX shared library libnav2_escape_action_bt_node.so[0m
[12.547s] [100%] Built target nav2_escape_action_bt_node
[12.557s] Invoked command in '/home/hero/Desktop/birdiebot_nav_ws/build/potential_escape_action' returned '0': CMAKE_PREFIX_PATH=/opt/ros/humble /usr/bin/cmake --build /home/hero/Desktop/birdiebot_nav_ws/build/potential_escape_action -- -j8 -l8
[12.580s] Invoking command in '/home/hero/Desktop/birdiebot_nav_ws/build/potential_escape_action': CMAKE_PREFIX_PATH=/opt/ros/humble /usr/bin/cmake --install /home/hero/Desktop/birdiebot_nav_ws/build/potential_escape_action
[15.184s] -- Install configuration: ""
[15.184s] -- Execute custom install script
[15.184s] -- Symlinking: /home/hero/Desktop/birdiebot_nav_ws/install/potential_escape_action/lib/libnav2_escape_action_bt_node.so
[15.184s] -- Symlinking: /home/hero/Desktop/birdiebot_nav_ws/install/potential_escape_action/share/potential_escape_action/nav2_tree_nodes.xml
[15.184s] -- Symlinking: /home/hero/Desktop/birdiebot_nav_ws/install/potential_escape_action/include//potential_escape_action/potential_escape_action.hpp
[15.184s] -- Symlinking: /home/hero/Desktop/birdiebot_nav_ws/install/potential_escape_action/share/ament_index/resource_index/package_run_dependencies/potential_escape_action
[15.184s] -- Symlinking: /home/hero/Desktop/birdiebot_nav_ws/install/potential_escape_action/share/ament_index/resource_index/parent_prefix_path/potential_escape_action
[15.184s] -- Symlinking: /home/hero/Desktop/birdiebot_nav_ws/install/potential_escape_action/share/potential_escape_action/environment/ament_prefix_path.sh
[15.184s] -- Symlinking: /home/hero/Desktop/birdiebot_nav_ws/install/potential_escape_action/share/potential_escape_action/environment/ament_prefix_path.dsv
[15.184s] -- Symlinking: /home/hero/Desktop/birdiebot_nav_ws/install/potential_escape_action/share/potential_escape_action/environment/path.sh
[15.184s] -- Symlinking: /home/hero/Desktop/birdiebot_nav_ws/install/potential_escape_action/share/potential_escape_action/environment/path.dsv
[15.184s] -- Symlinking: /home/hero/Desktop/birdiebot_nav_ws/install/potential_escape_action/share/potential_escape_action/local_setup.bash
[15.184s] -- Symlinking: /home/hero/Desktop/birdiebot_nav_ws/install/potential_escape_action/share/potential_escape_action/local_setup.sh
[15.184s] -- Symlinking: /home/hero/Desktop/birdiebot_nav_ws/install/potential_escape_action/share/potential_escape_action/local_setup.zsh
[15.184s] -- Symlinking: /home/hero/Desktop/birdiebot_nav_ws/install/potential_escape_action/share/potential_escape_action/local_setup.dsv
[15.184s] -- Symlinking: /home/hero/Desktop/birdiebot_nav_ws/install/potential_escape_action/share/potential_escape_action/package.dsv
[15.184s] -- Symlinking: /home/hero/Desktop/birdiebot_nav_ws/install/potential_escape_action/share/ament_index/resource_index/packages/potential_escape_action
[15.184s] -- Symlinking: /home/hero/Desktop/birdiebot_nav_ws/install/potential_escape_action/share/potential_escape_action/cmake/ament_cmake_export_include_directories-extras.cmake
[15.185s] -- Symlinking: /home/hero/Desktop/birdiebot_nav_ws/install/potential_escape_action/share/potential_escape_action/cmake/potential_escape_actionConfig.cmake
[15.185s] -- Symlinking: /home/hero/Desktop/birdiebot_nav_ws/install/potential_escape_action/share/potential_escape_action/cmake/potential_escape_actionConfig-version.cmake
[15.185s] -- Symlinking: /home/hero/Desktop/birdiebot_nav_ws/install/potential_escape_action/share/potential_escape_action/package.xml
[15.191s] Invoked command in '/home/hero/Desktop/birdiebot_nav_ws/build/potential_escape_action' returned '0': CMAKE_PREFIX_PATH=/opt/ros/humble /usr/bin/cmake --install /home/hero/Desktop/birdiebot_nav_ws/build/potential_escape_action
